[2021-01-02T00:00:00.578] [INFO] system - クリエイターズページ：https://only-five.jp/creators/2187
[2021-01-02T00:00:01.146] [INFO] system - 2021-01-02 00:10:00まで画面更新処理待機中...
[2021-01-02T00:10:00.149] [INFO] system - クリエイターズページ：https://only-five.jp/creators/2187
[2021-01-02T00:10:00.450] [INFO] system - 2021-01-02 00:20:00まで画面更新処理待機中...
[2021-01-02T00:20:00.453] [INFO] system - クリエイターズページ：https://only-five.jp/creators/2187
[2021-01-02T00:20:00.944] [INFO] system - 2021-01-02 00:30:00まで画面更新処理待機中...
[2021-01-02T00:30:00.946] [INFO] system - クリエイターズページ：https://only-five.jp/creators/2187
[2021-01-02T00:30:01.210] [INFO] system - 2021-01-02 00:40:00まで画面更新処理待機中...
[2021-01-02T00:40:00.216] [INFO] system - クリエイターズページ：https://only-five.jp/creators/2187
[2021-01-02T00:40:00.750] [INFO] system - 2021-01-02 00:50:00まで画面更新処理待機中...
[2021-01-02T00:50:00.753] [INFO] system - クリエイターズページ：https://only-five.jp/creators/2187
[2021-01-02T00:50:01.014] [INFO] system - 2021-01-02 01:00:00まで画面更新処理待機中...
[2021-01-02T01:00:00.026] [INFO] system - クリエイターズページ：https://only-five.jp/creators/2187
[2021-01-02T01:00:00.475] [INFO] system - 2021-01-02 01:10:00まで画面更新処理待機中...
[2021-01-02T01:10:00.477] [INFO] system - クリエイターズページ：https://only-five.jp/creators/2187
[2021-01-02T01:10:00.769] [INFO] system - 2021-01-02 01:20:00まで画面更新処理待機中...
[2021-01-02T01:14:15.312] [INFO] system - 2021-01-02 01:15:00までログイン処理待機中...
[2021-01-02T01:15:00.022] [INFO] system - ログイン処理想定時間到達
[2021-01-02T01:15:05.392] [INFO] system - ログインページに移動完了
[2021-01-02T01:15:06.423] [INFO] system - ログイン完了
[2021-01-02T01:15:06.423] [INFO] system - <成績時間カウント開始>
[2021-01-02T01:15:06.424] [INFO] system - クリエイターズページ：https://only-five.jp/creators/2187
[2021-01-02T01:15:06.643] [INFO] system - 2021-01-02 01:20:00まで画面更新処理待機中...
[2021-01-02T01:20:00.670] [INFO] system - クリエイターズページ：https://only-five.jp/creators/2187
[2021-01-02T01:20:00.920] [INFO] system - 2021-01-02 01:30:00まで画面更新処理待機中...
[2021-01-02T01:30:00.929] [INFO] system - クリエイターズページ：https://only-five.jp/creators/2187
[2021-01-02T01:30:01.186] [INFO] system - 2021-01-02 01:40:00まで画面更新処理待機中...
[2021-01-02T01:40:00.197] [INFO] system - クリエイターズページ：https://only-five.jp/creators/2187
[2021-01-02T01:40:00.766] [INFO] system - 2021-01-02 01:50:00まで画面更新処理待機中...
[2021-01-02T01:50:00.776] [INFO] system - クリエイターズページ：https://only-five.jp/creators/2187
[2021-01-02T01:50:01.050] [INFO] system - 2021-01-02 02:00:00まで画面更新処理待機中...
[2021-01-02T02:00:00.052] [INFO] system - クリエイターズページ：https://only-five.jp/creators/2187
[2021-01-02T02:00:00.814] [INFO] system - 2021-01-02 02:10:00まで画面更新処理待機中...
[2021-01-02T02:01:15.883] [INFO] system - 2021-01-02 07:00:00までログイン処理待機中...
[2021-01-02T07:00:00.081] [INFO] system - ログイン処理想定時間到達
[2021-01-02T07:00:05.391] [INFO] system - ログインページに移動完了
[2021-01-02T07:00:06.477] [INFO] system - ログイン完了
[2021-01-02T07:00:06.478] [INFO] system - <成績時間カウント開始>
[2021-01-02T07:00:06.478] [INFO] system - クリエイターズページ：https://only-five.jp/creators/2187
[2021-01-02T07:00:06.683] [INFO] system - 2021-01-02 07:10:00まで画面更新処理待機中...
[2021-01-02T07:10:00.710] [INFO] system - クリエイターズページ：https://only-five.jp/creators/2187
[2021-01-02T07:10:01.087] [INFO] system - 2021-01-02 07:20:00まで画面更新処理待機中...
[2021-01-02T07:20:00.108] [INFO] system - クリエイターズページ：https://only-five.jp/creators/2187
[2021-01-02T07:20:00.531] [INFO] system - 2021-01-02 07:30:00まで画面更新処理待機中...
[2021-01-02T07:30:00.536] [INFO] system - クリエイターズページ：https://only-five.jp/creators/2187
[2021-01-02T07:30:00.817] [INFO] system - 2021-01-02 07:40:00まで画面更新処理待機中...
[2021-01-02T07:40:00.827] [INFO] system - クリエイターズページ：https://only-five.jp/creators/2187
[2021-01-02T07:40:01.420] [INFO] system - 2021-01-02 07:50:00まで画面更新処理待機中...
[2021-01-02T07:50:00.427] [INFO] system - クリエイターズページ：https://only-five.jp/creators/2187
[2021-01-02T07:50:00.806] [INFO] system - 2021-01-02 08:00:00まで画面更新処理待機中...
[2021-01-02T08:00:00.821] [INFO] system - クリエイターズページ：https://only-five.jp/creators/2187
[2021-01-02T08:00:01.434] [INFO] system - 2021-01-02 08:10:00まで画面更新処理待機中...
[2021-01-02T08:10:00.438] [INFO] system - クリエイターズページ：https://only-five.jp/creators/2187
[2021-01-02T08:10:00.688] [INFO] system - 2021-01-02 08:20:00まで画面更新処理待機中...
[2021-01-02T08:20:00.704] [INFO] system - クリエイターズページ：https://only-five.jp/creators/2187
[2021-01-02T08:20:01.317] [INFO] system - 2021-01-02 08:30:00まで画面更新処理待機中...
[2021-01-02T08:30:00.331] [INFO] system - クリエイターズページ：https://only-five.jp/creators/2187
[2021-01-02T08:30:00.604] [INFO] system - 2021-01-02 08:40:00まで画面更新処理待機中...
[2021-01-02T08:40:00.606] [INFO] system - クリエイターズページ：https://only-five.jp/creators/2187
[2021-01-02T08:40:01.011] [INFO] system - 2021-01-02 08:50:00まで画面更新処理待機中...
[2021-01-02T08:50:00.021] [INFO] system - クリエイターズページ：https://only-five.jp/creators/2187
[2021-01-02T08:50:00.323] [INFO] system - 2021-01-02 09:00:00まで画面更新処理待機中...
[2021-01-02T09:00:00.335] [INFO] system - クリエイターズページ：https://only-five.jp/creators/2187
[2021-01-02T09:00:01.012] [INFO] system - 2021-01-02 09:10:00まで画面更新処理待機中...
[2021-01-02T09:10:00.025] [INFO] system - クリエイターズページ：https://only-five.jp/creators/2187
[2021-01-02T09:10:00.361] [INFO] system - 2021-01-02 09:20:00まで画面更新処理待機中...
[2021-01-02T09:20:00.363] [INFO] system - クリエイターズページ：https://only-five.jp/creators/2187
[2021-01-02T09:20:00.960] [INFO] system - 2021-01-02 09:30:00まで画面更新処理待機中...
[2021-01-02T09:30:00.974] [INFO] system - クリエイターズページ：https://only-five.jp/creators/2187
[2021-01-02T09:30:01.207] [INFO] system - 2021-01-02 09:40:00まで画面更新処理待機中...
[2021-01-02T09:40:00.222] [INFO] system - クリエイターズページ：https://only-five.jp/creators/2187
[2021-01-02T09:40:00.948] [INFO] system - 2021-01-02 09:50:00まで画面更新処理待機中...
[2021-01-02T09:50:00.959] [INFO] system - クリエイターズページ：https://only-five.jp/creators/2187
[2021-01-02T09:50:01.199] [INFO] system - 2021-01-02 10:00:00まで画面更新処理待機中...
[2021-01-02T10:00:00.209] [INFO] system - クリエイターズページ：https://only-five.jp/creators/2187
[2021-01-02T10:00:01.184] [INFO] system - 2021-01-02 10:10:00まで画面更新処理待機中...
[2021-01-02T10:10:00.186] [INFO] system - クリエイターズページ：https://only-five.jp/creators/2187
[2021-01-02T10:10:00.432] [INFO] system - 2021-01-02 10:20:00まで画面更新処理待機中...
[2021-01-02T12:45:00.911] [INFO] system - 2021-01-02 22:45:00までログイン処理待機中...
[2021-01-02T22:45:00.054] [INFO] system - ログイン処理想定時間到達
[2021-01-02T23:15:07.421] [INFO] system - 混線なし
[2021-01-02T23:15:07.422] [INFO] system - ログインページに移動完了
[2021-01-02T23:15:10.617] [INFO] system - 混線なし
[2021-01-02T23:15:13.184] [INFO] system - ログイン完了
[2021-01-02T23:15:13.185] [INFO] system - 2021-01-02 23:00にすでに到達
[2021-01-02T23:15:13.186] [INFO] system - 購入処理想定時間到達
[2021-01-02T23:15:13.186] [INFO] system - <成績時間カウント開始>
[2021-01-02T23:15:16.407] [INFO] system - 混線なし
[2021-01-02T23:15:16.409] [INFO] system - 購入状態確認(1回目に成功)
[2021-01-02T23:15:16.409] [INFO] system - 購入処理開始(確定前)
