[2020-12-23T07:43:33.070] [INFO] system - 【テスト：開始】
[2020-12-23T07:43:33.078] [INFO] system - 2020-12-22 22:45にすでに到達
[2020-12-23T07:43:33.086] [INFO] system - ログイン処理想定時間到達
[2020-12-24T00:55:42.508] [INFO] system - 2020-12-22 22:45にすでに到達
[2020-12-24T00:55:42.512] [INFO] system - ログイン処理想定時間到達
[2020-12-24T00:55:49.823] [INFO] system - 混線なし
[2020-12-24T00:55:49.824] [INFO] system - ログインページに移動完了
[2020-12-24T00:55:56.447] [INFO] system - 2020-12-22 22:45にすでに到達
[2020-12-24T00:55:56.451] [INFO] system - ログイン処理想定時間到達
[2020-12-24T00:56:00.635] [INFO] system - 混線なし
[2020-12-24T00:56:00.636] [INFO] system - ログインページに移動完了
[2020-12-24T00:56:03.302] [INFO] system - 混線なし
[2020-12-24T00:56:06.017] [INFO] system - ログイン完了
[2020-12-24T00:56:06.019] [INFO] system - 2020-12-22 23:00にすでに到達
[2020-12-24T00:56:06.023] [INFO] system - 購入処理想定時間到達
[2020-12-24T00:56:06.025] [INFO] system - <成績時間カウント開始>
[2020-12-24T00:56:08.708] [INFO] system - 混線なし
[2020-12-24T00:56:11.395] [INFO] system - 混線なし
[2020-12-24T00:56:14.702] [INFO] system - 混線なし
[2020-12-24T00:56:14.705] [ERROR] system - 購入ページ確認NG
[2020-12-24T00:56:14.715] [ERROR] system - Error
    at newBrowser (C:\sourse\scraping\puppeteer.js:181:13)
    at runMicrotasks (<anonymous>)
    at processTicksAndRejections (internal/process/task_queues.js:93:5)
    at async C:\sourse\scraping\puppeteer.js:69:5
[2020-12-24T00:56:14.721] [ERROR] system - ReferenceError: page is not defined
    at newBrowser (C:\sourse\scraping\puppeteer.js:225:5)
    at runMicrotasks (<anonymous>)
    at processTicksAndRejections (internal/process/task_queues.js:93:5)
    at async C:\sourse\scraping\puppeteer.js:69:5
[2020-12-24T00:56:43.542] [INFO] system - 2020-12-22 22:45にすでに到達
[2020-12-24T00:56:43.546] [INFO] system - ログイン処理想定時間到達
[2020-12-24T00:56:51.095] [INFO] system - 混線なし
[2020-12-24T00:56:51.097] [INFO] system - ログインページに移動完了
[2020-12-24T00:56:53.081] [INFO] system - 混線なし
[2020-12-24T00:56:55.442] [INFO] system - ログイン完了
[2020-12-24T00:56:55.444] [INFO] system - 2020-12-22 23:00にすでに到達
[2020-12-24T00:56:55.445] [INFO] system - 購入処理想定時間到達
[2020-12-24T00:56:55.452] [INFO] system - <成績時間カウント開始>
[2020-12-24T00:56:58.656] [INFO] system - 混線なし
[2020-12-24T00:57:01.107] [INFO] system - 混線なし
[2020-12-24T00:57:04.370] [INFO] system - 混線なし
[2020-12-24T00:57:04.373] [ERROR] system - 購入ページ確認NG
[2020-12-24T00:57:04.380] [ERROR] system - Error
    at newBrowser (C:\sourse\scraping\puppeteer.js:181:13)
    at runMicrotasks (<anonymous>)
    at processTicksAndRejections (internal/process/task_queues.js:93:5)
    at async C:\sourse\scraping\puppeteer.js:69:5
[2020-12-24T00:57:04.384] [ERROR] system - ReferenceError: page is not defined
    at newBrowser (C:\sourse\scraping\puppeteer.js:225:5)
    at runMicrotasks (<anonymous>)
    at processTicksAndRejections (internal/process/task_queues.js:93:5)
    at async C:\sourse\scraping\puppeteer.js:69:5
[2020-12-24T00:58:33.625] [INFO] system - 2020-12-24 00:45にすでに到達
[2020-12-24T00:58:33.629] [INFO] system - ログイン処理想定時間到達
[2020-12-24T00:58:38.497] [INFO] system - 混線なし
[2020-12-24T00:58:38.499] [INFO] system - ログインページに移動完了
[2020-12-24T00:58:41.403] [INFO] system - 混線なし
[2020-12-24T00:58:43.475] [INFO] system - ログイン完了
[2020-12-24T00:58:43.477] [INFO] system - 2020-12-24 01:00まで購入処理待機中...
[2020-12-24T01:00:00.002] [INFO] system - 購入処理想定時間到達
[2020-12-24T01:00:00.004] [INFO] system - <成績時間カウント開始>
[2020-12-24T01:00:02.770] [INFO] system - resultSelector ElementHandle {
  _disposed: false,
  _context: ExecutionContext {
    _client: CDPSession {
      eventsMap: [Map],
      emitter: [Object],
      _callbacks: Map(0) {},
      _connection: [Connection],
      _targetType: 'page',
      _sessionId: 'AA7DDD57932D0C073E49056E611BC3D1'
    },
    _world: DOMWorld {
      _documentPromise: [Promise],
      _contextPromise: [Promise],
      _contextResolveCallback: null,
      _detached: false,
      _waitTasks: Set(0) {},
      _boundFunctions: Map(0) {},
      _ctxBindings: Set(0) {},
      _settingUpBinding: null,
      _frameManager: [FrameManager],
      _frame: [Frame],
      _timeoutSettings: [TimeoutSettings]
    },
    _contextId: 76
  },
  _client: CDPSession {
    eventsMap: Map(29) {
      'Fetch.requestPaused' => [Array],
      'Fetch.authRequired' => [Array],
      'Network.requestWillBeSent' => [Array],
      'Network.requestServedFromCache' => [Array],
      'Network.responseReceived' => [Array],
      'Network.loadingFinished' => [Array],
      'Network.loadingFailed' => [Array],
      'Page.frameAttached' => [Array],
      'Page.frameNavigated' => [Array],
      'Page.navigatedWithinDocument' => [Array],
      'Page.frameDetached' => [Array],
      'Page.frameStoppedLoading' => [Array],
      'Runtime.executionContextCreated' => [Array],
      'Runtime.executionContextDestroyed' => [Array],
      'Runtime.executionContextsCleared' => [Array],
      'Page.lifecycleEvent' => [Array],
      'Target.attachedToTarget' => [Array],
      'Target.detachedFromTarget' => [Array],
      'Page.domContentEventFired' => [Array],
      'Page.loadEventFired' => [Array],
      'Runtime.consoleAPICalled' => [Array],
      'Runtime.bindingCalled' => [Array],
      'Page.javascriptDialogOpening' => [Array],
      'Runtime.exceptionThrown' => [Array],
      'Inspector.targetCrashed' => [Array],
      'Performance.metrics' => [Array],
      'Log.entryAdded' => [Array],
      'Page.fileChooserOpened' => [Array],
      Symbol(CDPSession.Disconnected) => []
    },
    emitter: {
      all: [Map],
      on: [Function: on],
      off: [Function: off],
      emit: [Function: emit]
    },
    _callbacks: Map(0) {},
    _connection: Connection {
      eventsMap: [Map],
      emitter: [Object],
      _lastId: 108,
      _sessions: [Map],
      _closed: false,
      _callbacks: Map(0) {},
      _url: 'ws://127.0.0.1:50648/devtools/browser/3092a1df-ccd3-4019-ba12-ae377bc8527a',
      _delay: 0,
      _transport: [NodeWebSocketTransport]
    },
    _targetType: 'page',
    _sessionId: 'AA7DDD57932D0C073E49056E611BC3D1'
  },
  _remoteObject: {
    type: 'object',
    subtype: 'node',
    className: 'HTMLSpanElement',
    description: 'span#remain_sec',
    objectId: '{"injectedScriptId":76,"id":2}'
  },
  _page: <ref *1> Page {
    eventsMap: Map(0) {},
    emitter: {
      all: Map(0) {},
      on: [Function: on],
      off: [Function: off],
      emit: [Function: emit]
    },
    _closed: false,
    _timeoutSettings: TimeoutSettings {
      _defaultTimeout: null,
      _defaultNavigationTimeout: 0
    },
    _pageBindings: Map(0) {},
    _javascriptEnabled: true,
    _workers: Map(0) {},
    _fileChooserInterceptors: Set(0) {},
    _client: CDPSession {
      eventsMap: [Map],
      emitter: [Object],
      _callbacks: Map(0) {},
      _connection: [Connection],
      _targetType: 'page',
      _sessionId: 'AA7DDD57932D0C073E49056E611BC3D1'
    },
    _target: Target {
      _targetInfo: [Object],
      _browserContext: [BrowserContext],
      _targetId: 'ACD859E1820C15F6FFC0A5139B665572',
      _sessionFactory: [Function (anonymous)],
      _ignoreHTTPSErrors: false,
      _defaultViewport: [Object],
      _pagePromise: [Promise],
      _workerPromise: null,
      _initializedCallback: [Function (anonymous)],
      _initializedPromise: [Promise],
      _closedCallback: [Function (anonymous)],
      _isClosedPromise: [Promise],
      _isInitialized: true
    },
    _keyboard: Keyboard {
      _modifiers: 0,
      _pressedKeys: Set(0) {},
      _client: [CDPSession]
    },
    _mouse: Mouse {
      _x: 510.5,
      _y: 515.5,
      _button: 'none',
      _client: [CDPSession],
      _keyboard: [Keyboard]
    },
    _touchscreen: Touchscreen { _client: [CDPSession], _keyboard: [Keyboard] },
    _accessibility: Accessibility { _client: [CDPSession] },
    _frameManager: FrameManager {
      eventsMap: [Map],
      emitter: [Object],
      _frames: [Map],
      _contextIdToContext: [Map],
      _isolatedWorlds: [Set],
      _client: [CDPSession],
      _page: [Circular *1],
      _networkManager: [NetworkManager],
      _timeoutSettings: [TimeoutSettings],
      _mainFrame: [Frame]
    },
    _emulationManager: EmulationManager {
      _emulatingMobile: false,
      _hasTouch: false,
      _client: [CDPSession]
    },
    _tracing: Tracing { _recording: false, _path: '', _client: [CDPSession] },
    _coverage: Coverage { _jsCoverage: [JSCoverage], _cssCoverage: [CSSCoverage] },
    _screenshotTaskQueue: ScreenshotTaskQueue { _chain: [Promise] },
    _viewport: { width: 800, height: 600 }
  },
  _frameManager: <ref *2> FrameManager {
    eventsMap: Map(5) {
      Symbol(FrameManager.FrameAttached) => [Array],
      Symbol(FrameManager.FrameDetached) => [Array],
      Symbol(FrameManager.FrameNavigated) => [Array],
      Symbol(FrameManager.LifecycleEvent) => [],
      Symbol(FrameManager.FrameNavigatedWithinDocument) => []
    },
    emitter: {
      all: [Map],
      on: [Function: on],
      off: [Function: off],
      emit: [Function: emit]
    },
    _frames: Map(2) {
      'ACD859E1820C15F6FFC0A5139B665572' => [Frame],
      '1E0382A480FC42A43810597ECA34F556' => [Frame]
    },
    _contextIdToContext: Map(4) {
      76 => [ExecutionContext],
      77 => [ExecutionContext],
      80 => [ExecutionContext],
      81 => [ExecutionContext]
    },
    _isolatedWorlds: Set(1) { '__puppeteer_utility_world__' },
    _client: CDPSession {
      eventsMap: [Map],
      emitter: [Object],
      _callbacks: Map(0) {},
      _connection: [Connection],
      _targetType: 'page',
      _sessionId: 'AA7DDD57932D0C073E49056E611BC3D1'
    },
    _page: <ref *1> Page {
      eventsMap: Map(0) {},
      emitter: [Object],
      _closed: false,
      _timeoutSettings: [TimeoutSettings],
      _pageBindings: Map(0) {},
      _javascriptEnabled: true,
      _workers: Map(0) {},
      _fileChooserInterceptors: Set(0) {},
      _client: [CDPSession],
      _target: [Target],
      _keyboard: [Keyboard],
      _mouse: [Mouse],
      _touchscreen: [Touchscreen],
      _accessibility: [Accessibility],
      _frameManager: [Circular *2],
      _emulationManager: [EmulationManager],
      _tracing: [Tracing],
      _coverage: [Coverage],
      _screenshotTaskQueue: [ScreenshotTaskQueue],
      _viewport: [Object]
    },
    _networkManager: NetworkManager {
      eventsMap: [Map],
      emitter: [Object],
      _requestIdToRequest: [Map],
      _requestIdToRequestWillBeSentEvent: Map(0) {},
      _extraHTTPHeaders: {},
      _offline: false,
      _credentials: null,
      _attemptedAuthentications: Set(0) {},
      _userRequestInterceptionEnabled: false,
      _protocolRequestInterceptionEnabled: false,
      _userCacheDisabled: false,
      _requestIdToInterceptionId: Map(0) {},
      _client: [CDPSession],
      _ignoreHTTPSErrors: false,
      _frameManager: [Circular *2]
    },
    _timeoutSettings: TimeoutSettings {
      _defaultTimeout: null,
      _defaultNavigationTimeout: 0
    },
    _mainFrame: Frame {
      _url: 'https://t.livepocket.jp/e/osaka1226',
      _detached: false,
      _loaderId: 'BE8310CC781BCDF510EECD23774FCD53',
      _lifecycleEvents: [Set],
      _frameManager: [Circular *2],
      _parentFrame: null,
      _id: 'ACD859E1820C15F6FFC0A5139B665572',
      _mainWorld: [DOMWorld],
      _secondaryWorld: [DOMWorld],
      _childFrames: [Set],
      _name: undefined
    }
  }
}
[2020-12-24T01:00:02.816] [INFO] system - 92秒待機開始...
[2020-12-24T01:01:38.401] [ERROR] system - ReferenceError: resultSelector is not defined
    at jamErrorTry (C:\sourse\scraping\puppeteer.js:122:7)
    at processTicksAndRejections (internal/process/task_queues.js:93:5)
    at async moveTargetPage (C:\sourse\scraping\puppeteer.js:278:7)
    at async newBrowser (C:\sourse\scraping\puppeteer.js:178:28)
    at async C:\sourse\scraping\puppeteer.js:69:5
[2020-12-24T01:01:38.644] [INFO] system - 購入状態確認(1回目に成功)
[2020-12-24T01:01:38.645] [INFO] system - 購入処理開始(確定前)
[2020-12-24T01:01:40.218] [INFO] system - 混線なし
[2020-12-24T01:01:40.218] [INFO] system - 購入処理確定開始(freeBuy:false)
[2020-12-24T01:01:40.219] [INFO] system - 購入処理開始(有料)
[2020-12-24T01:01:40.470] [INFO] system - 混線なし
[2020-12-24T01:01:45.245] [INFO] system - 購入処理完了(多分)
[2020-12-24T01:01:45.246] [INFO] system - <成績：105.241秒>
[2020-12-24T01:02:15.247] [INFO] system - 購入処理後、30秒経過
[2020-12-24T01:02:19.016] [INFO] system - send successful
[2020-12-24T07:06:16.085] [INFO] system - 2020-12-24 22:45までログイン処理待機中...
[2020-12-24T07:06:23.759] [INFO] system - 2020-12-24 23:15までログイン処理待機中...
[2020-12-24T07:07:11.894] [INFO] system - 2020-12-24 22:45までログイン処理待機中...
[2020-12-24T07:37:21.329] [INFO] system - 2020-12-24 22:45までログイン処理待機中...
[2020-12-24T07:48:47.181] [INFO] system - 2020-12-24 22:45までログイン処理待機中...
[2020-12-24T07:49:00.261] [INFO] system - 2020-12-24 23:15までログイン処理待機中...
[2020-12-24T22:20:33.801] [INFO] system - 2020-12-24 22:15にすでに到達
[2020-12-24T22:20:33.806] [INFO] system - ログイン処理想定時間到達
[2020-12-24T22:20:45.705] [INFO] system - 混線なし
[2020-12-24T22:20:45.706] [INFO] system - ログインページに移動完了
[2020-12-24T22:20:50.313] [INFO] system - 混線なし
[2020-12-24T22:20:52.580] [INFO] system - ログイン完了
[2020-12-24T22:20:52.582] [INFO] system - 2020-12-24 22:30まで購入処理待機中...
[2020-12-24T22:30:00.005] [INFO] system - 購入処理想定時間到達
[2020-12-24T22:30:00.007] [INFO] system - <成績時間カウント開始>
[2020-12-24T22:30:12.507] [INFO] system - 混線なし
[2020-12-24T22:30:12.510] [INFO] system - 購入状態確認(1回目に成功)
[2020-12-24T22:30:12.512] [INFO] system - 購入処理開始(確定前)
[2020-12-24T22:30:13.508] [INFO] system - 混線のため60秒待機開始...
[2020-12-24T22:31:17.657] [INFO] system - 混線解消(1回目に成功)
[2020-12-24T22:31:17.658] [INFO] system - 購入処理確定開始(freeBuy:false)
[2020-12-24T22:31:17.660] [INFO] system - 購入処理開始(有料)
[2020-12-24T22:31:17.683] [ERROR] system - Error: No node found for selector: .base-wrapper #other_payment_method_select_img
    at Object.exports.assert (C:\sourse\scraping\node_modules\puppeteer\lib\cjs\puppeteer\common\assert.js:26:15)
    at DOMWorld.click (C:\sourse\scraping\node_modules\puppeteer\lib\cjs\puppeteer\common\DOMWorld.js:277:21)
    at processTicksAndRejections (internal/process/task_queues.js:93:5)
    at async targetPayment (C:\sourse\scraping\puppeteer.js:383:7)
    at async targetPageBuy (C:\sourse\scraping\puppeteer.js:338:16)
    at async newBrowser (C:\sourse\scraping\puppeteer.js:186:22)
    at async C:\sourse\scraping\puppeteer.js:70:5
[2020-12-24T22:31:45.009] [INFO] system - 2020-12-24 22:15にすでに到達
[2020-12-24T22:31:45.013] [INFO] system - ログイン処理想定時間到達
[2020-12-24T22:31:53.565] [INFO] system - 混線なし
[2020-12-24T22:31:53.567] [INFO] system - ログインページに移動完了
[2020-12-24T22:32:03.507] [INFO] system - 混線なし
[2020-12-24T22:32:05.199] [INFO] system - ログイン完了
[2020-12-24T22:32:05.201] [INFO] system - 2020-12-24 22:30にすでに到達
[2020-12-24T22:32:05.204] [INFO] system - 購入処理想定時間到達
[2020-12-24T22:32:05.212] [INFO] system - <成績時間カウント開始>
[2020-12-24T22:32:09.631] [INFO] system - 混線なし
[2020-12-24T22:32:09.633] [INFO] system - 購入状態確認(1回目に成功)
[2020-12-24T22:32:09.634] [INFO] system - 購入処理開始(確定前)
[2020-12-24T22:32:10.827] [INFO] system - 混線のため60秒待機開始...
[2020-12-24T22:33:14.065] [INFO] system - 混線解消(1回目に成功)
[2020-12-24T22:33:14.065] [INFO] system - 購入処理確定開始(freeBuy:false)
[2020-12-24T22:33:14.066] [INFO] system - 購入処理開始(有料)
[2020-12-24T22:33:14.068] [ERROR] system - Error: No node found for selector: .base-wrapper #other_payment_method_select_img
    at Object.exports.assert (C:\sourse\scraping\node_modules\puppeteer\lib\cjs\puppeteer\common\assert.js:26:15)
    at DOMWorld.click (C:\sourse\scraping\node_modules\puppeteer\lib\cjs\puppeteer\common\DOMWorld.js:277:21)
    at processTicksAndRejections (internal/process/task_queues.js:93:5)
    at async targetPayment (C:\sourse\scraping\puppeteer.js:383:7)
    at async targetPageBuy (C:\sourse\scraping\puppeteer.js:338:16)
    at async newBrowser (C:\sourse\scraping\puppeteer.js:186:22)
    at async C:\sourse\scraping\puppeteer.js:70:5
[2020-12-24T22:33:25.677] [INFO] system - 2020-12-24 22:15にすでに到達
[2020-12-24T22:33:25.682] [INFO] system - ログイン処理想定時間到達
[2020-12-24T22:33:31.838] [INFO] system - 混線なし
[2020-12-24T22:33:31.840] [INFO] system - ログインページに移動完了
[2020-12-24T22:33:36.145] [INFO] system - 混線なし
[2020-12-24T22:33:37.851] [INFO] system - ログイン完了
[2020-12-24T22:33:37.853] [INFO] system - 2020-12-24 22:30にすでに到達
[2020-12-24T22:33:37.855] [INFO] system - 購入処理想定時間到達
[2020-12-24T22:33:37.864] [INFO] system - <成績時間カウント開始>
[2020-12-24T22:33:41.676] [INFO] system - 混線なし
[2020-12-24T22:33:41.679] [INFO] system - 購入状態確認(1回目に成功)
[2020-12-24T22:33:41.681] [INFO] system - 購入処理開始(確定前)
[2020-12-24T22:33:48.536] [INFO] system - 混線なし
[2020-12-24T22:33:48.537] [INFO] system - 購入処理確定開始(freeBuy:false)
[2020-12-24T22:33:48.538] [INFO] system - 購入処理開始(有料)
[2020-12-24T22:33:48.806] [INFO] system - 混線なし
[2020-12-24T22:33:54.675] [INFO] system - 購入処理完了(多分)
[2020-12-24T22:33:54.676] [INFO] system - <成績：16.811秒>
[2020-12-24T22:34:24.683] [INFO] system - 購入処理後、30秒経過
[2020-12-24T22:34:29.211] [INFO] system - send successful
[2020-12-24T22:41:22.406] [INFO] system - 2020-12-24 22:45までログイン処理待機中...
[2020-12-24T22:41:51.855] [INFO] system - 2020-12-24 23:15までログイン処理待機中...
[2020-12-24T22:45:00.010] [INFO] system - ログイン処理想定時間到達
[2020-12-24T22:45:18.213] [INFO] system - 混線なし
[2020-12-24T22:45:18.214] [INFO] system - ログインページに移動完了
[2020-12-24T22:45:23.540] [INFO] system - 混線なし
[2020-12-24T22:45:26.613] [INFO] system - ログイン完了
[2020-12-24T22:45:26.615] [INFO] system - 2020-12-24 23:00まで購入処理待機中...
[2020-12-24T22:48:49.824] [INFO] system - 2020-12-24 23:15までログイン処理待機中...
[2020-12-24T22:48:56.766] [INFO] system - 2020-12-24 22:45にすでに到達
[2020-12-24T22:48:56.770] [INFO] system - ログイン処理想定時間到達
[2020-12-24T22:49:04.818] [INFO] system - 混線なし
[2020-12-24T22:49:04.819] [INFO] system - ログインページに移動完了
[2020-12-24T22:49:09.612] [INFO] system - 混線なし
[2020-12-24T22:49:14.761] [INFO] system - ログイン完了
[2020-12-24T22:49:14.764] [INFO] system - 2020-12-24 23:00まで購入処理待機中...
[2020-12-24T22:57:42.766] [INFO] system - 2020-12-24 22:45にすでに到達
[2020-12-24T22:57:42.769] [INFO] system - ログイン処理想定時間到達
[2020-12-24T22:57:56.287] [INFO] system - 混線なし
[2020-12-24T22:57:56.288] [INFO] system - ログインページに移動完了
[2020-12-24T22:58:01.483] [INFO] system - 混線なし
[2020-12-24T22:58:04.945] [INFO] system - ログイン完了
[2020-12-24T22:58:04.948] [INFO] system - 2020-12-24 23:00まで購入処理待機中...
[2020-12-24T22:59:59.998] [INFO] system - 購入処理想定時間到達
[2020-12-24T22:59:59.999] [INFO] system - <成績時間カウント開始>
[2020-12-24T23:00:05.481] [INFO] system - 混線なし
[2020-12-24T23:00:05.484] [INFO] system - 購入状態確認(1回目に成功)
[2020-12-24T23:00:05.485] [INFO] system - 購入処理開始(確定前)
[2020-12-24T23:00:14.163] [INFO] system - 混線なし
[2020-12-24T23:00:14.164] [INFO] system - 購入処理確定開始(freeBuy:false)
[2020-12-24T23:00:14.164] [INFO] system - 購入処理開始(有料)
[2020-12-24T23:00:14.553] [INFO] system - 混線なし
[2020-12-24T23:00:50.364] [INFO] system - 購入処理完了(多分)
[2020-12-24T23:00:50.364] [INFO] system - <成績：50.364秒>
[2020-12-24T23:01:20.364] [INFO] system - 購入処理後、30秒経過
[2020-12-24T23:01:25.526] [INFO] system - send successful
[2020-12-24T23:03:25.132] [INFO] system - 2020-12-24 23:15までログイン処理待機中...
[2020-12-24T23:15:00.033] [INFO] system - ログイン処理想定時間到達
[2020-12-24T23:15:12.341] [INFO] system - 混線なし
[2020-12-24T23:15:12.342] [INFO] system - ログインページに移動完了
[2020-12-24T23:15:19.588] [INFO] system - 混線なし
[2020-12-24T23:15:23.434] [INFO] system - ログイン完了
[2020-12-24T23:15:23.437] [INFO] system - 2020-12-24 23:30まで購入処理待機中...
[2020-12-24T23:30:00.009] [INFO] system - 購入処理想定時間到達
[2020-12-24T23:30:00.010] [INFO] system - <成績時間カウント開始>
[2020-12-24T23:30:07.059] [INFO] system - 混線なし
[2020-12-24T23:30:07.063] [INFO] system - 購入状態確認(1回目に成功)
[2020-12-24T23:30:07.064] [INFO] system - 購入処理開始(確定前)
[2020-12-24T23:30:36.155] [INFO] system - 混線なし
[2020-12-24T23:30:36.155] [INFO] system - 購入処理確定開始(freeBuy:false)
[2020-12-24T23:30:36.156] [INFO] system - 購入処理開始(有料)
[2020-12-24T23:30:36.401] [INFO] system - 混線なし
[2020-12-24T23:30:57.334] [INFO] system - 購入処理完了(多分)
[2020-12-24T23:30:57.335] [INFO] system - <成績：57.322秒>
[2020-12-24T23:31:27.342] [INFO] system - 購入処理後、30秒経過
[2020-12-24T23:32:42.998] [ERROR] system - send failed
[2020-12-24T23:32:42.998] [ERROR] system - queryA ETIMEOUT smtp.gmail.com
