[2020-12-22T21:55:29.677] [INFO] system - 2020-12-22 22:45までログイン処理待機中...
[2020-12-22T22:45:00.022] [INFO] system - ログイン処理想定時間到達
[2020-12-22T22:45:08.100] [INFO] system - 混線なし
[2020-12-22T22:45:08.101] [INFO] system - ログインページに移動完了
[2020-12-22T22:45:11.242] [INFO] system - 混線なし
[2020-12-22T22:45:13.466] [INFO] system - ログイン完了
[2020-12-22T22:45:13.467] [INFO] system - 2020-12-22 23:00まで購入処理待機中...
[2020-12-22T23:00:00.011] [INFO] system - 購入処理想定時間到達
[2020-12-22T23:00:00.012] [INFO] system - <成績時間カウント開始>
[2020-12-22T23:00:08.628] [INFO] system - 混線なし
[2020-12-22T23:00:08.631] [INFO] system - 購入状態確認(1回目に成功)
[2020-12-22T23:00:08.633] [INFO] system - 購入処理開始(確定前)
[2020-12-22T23:00:13.574] [INFO] system - 混線なし
[2020-12-22T23:00:13.574] [INFO] system - 購入処理確定開始(freeBuy:false)
[2020-12-22T23:00:13.575] [INFO] system - 購入処理開始(有料)
[2020-12-22T23:00:13.825] [INFO] system - 混線なし
[2020-12-22T23:00:20.966] [INFO] system - 購入処理完了(多分)
[2020-12-22T23:00:20.967] [INFO] system - <成績：20.953秒>
[2020-12-22T23:00:50.980] [INFO] system - 購入処理後、30秒経過
[2020-12-22T23:00:57.129] [INFO] system - send successful
