Wait for LP (Successfully connected to server)
mail post start(lp)
mail post start(lp)
mail post start(lp)
lpkick start from this mail
[32m[2021-01-27T08:39:29.191] [INFO] system - [39mã€Linuxç‰ˆèµ·å‹•ã€‘
[32m[2021-01-27T08:39:29.192] [INFO] system - [39mã‚­ãƒƒã‚¯ï¼š{"---1---":"====== BasicSetting ======","mainUrl":"https://t.livepocket.jp/","loginUrl":"https://t.livepocket.jp/login?acroot=header-new_p_u_nl","mypageUrl":"https://t.livepocket.jp/my_top","autoLogin":false,"confUser":"sugachan.tectec@gmail.com","confPass":"6yjAWLhCxVT2","targetUrl":"https://t.livepocket.jp/e/nagoya_reny0202/","targetTicket":".table #ticket-334786","targetName":"é€šå¸¸ãƒã‚±ãƒƒãƒˆæ•´ç†ç•ªå·åˆ¸","targetNumber":"1","storeTypeId":"016","startTime":"2021-01-25 23:00","isBrowse":false,"isFree":false,"isCredit":false,"isTest":true,"isLanguage":"ja","---2---":"====== MailSetting(GmailOnly) ======","fromMail":"sugachan.tectec@gmail.com","fromMailPass":"sero3202","toMail":"trigger@applet.ifttt.com","toSysMail":"trigger@applet.ifttt.com","isWindows":null}
[32m[2021-01-27T08:39:29.192] [INFO] system - [39mã€ãƒ†ã‚¹ãƒˆã€‘
[32m[2021-01-27T08:39:29.201] [INFO] system - [39m2021-01-25 22:45:00ã«ã™ã§ã«åˆ°é”
[32m[2021-01-27T08:39:29.204] [INFO] system - [39mãƒ­ã‚°ã‚¤ãƒ³å‡¦ç†æƒ³å®šæ™‚é–“åˆ°é”
[32m[2021-01-27T08:39:29.746] [INFO] system - [39mãƒ­ã‚°ã‚¤ãƒ³ãƒšãƒ¼ã‚¸ã«ç§»å‹•å‰
[32m[2021-01-27T08:39:32.202] [INFO] system - [39msend successful
[32m[2021-01-27T08:39:33.138] [INFO] system - [39mæ··ç·šãªã—
[32m[2021-01-27T08:39:33.138] [INFO] system - [39mãƒ­ã‚°ã‚¤ãƒ³ãƒšãƒ¼ã‚¸ã«ç§»å‹•å®Œäº†
[32m[2021-01-27T08:39:35.888] [INFO] system - [39mæ··ç·šãªã—
[32m[2021-01-27T08:39:38.087] [INFO] system - [39mãƒ­ã‚°ã‚¤ãƒ³å®Œäº†
[32m[2021-01-27T08:39:38.340] [INFO] system - [39mã€Œé€šå¸¸ãƒã‚±ãƒƒãƒˆæ•´ç†ç•ªå·åˆ¸ã€ã®å­˜åœ¨ã‚’ç¢ºèª(.table #ticket-344483)
[32m[2021-01-27T08:39:38.362] [INFO] system - [39m2021-01-25 23:00ã«ã™ã§ã«åˆ°é”
[32m[2021-01-27T08:39:38.363] [INFO] system - [39mè³¼å…¥å‡¦ç†æƒ³å®šæ™‚é–“åˆ°é”
[32m[2021-01-27T08:39:38.363] [INFO] system - [39m<æˆç¸¾æ™‚é–“ã‚«ã‚¦ãƒ³ãƒˆé–‹å§‹>
[32m[2021-01-27T08:39:40.815] [INFO] system - [39mæ··ç·šãªã—
[32m[2021-01-27T08:39:40.816] [INFO] system - [39mè³¼å…¥çŠ¶æ…‹ç¢ºèª(1å›ç›®ã«æˆåŠŸ)
[32m[2021-01-27T08:39:40.816] [INFO] system - [39mè³¼å…¥å‡¦ç†é–‹å§‹(ç¢ºå®šå‰)
