[2021-06-25T00:00:00.598] [INFO] system - クリエイターズページ：https://only-five.jp/creators/2187
[2021-06-25T00:00:00.823] [INFO] system - 2021-06-25 00:05:00まで画面更新処理待機中...
[2021-06-25T00:05:00.823] [INFO] system - クリエイターズページ：https://only-five.jp/creators/2187
[2021-06-25T00:05:01.035] [INFO] system - 2021-06-25 00:10:00まで画面更新処理待機中...
[2021-06-25T00:10:00.039] [INFO] system - クリエイターズページ：https://only-five.jp/creators/2187
[2021-06-25T00:10:05.653] [INFO] system - 2021-06-25 00:15:00まで画面更新処理待機中...
[2021-06-25T00:15:00.660] [INFO] system - クリエイターズページ：https://only-five.jp/creators/2187
[2021-06-25T00:15:03.502] [INFO] system - 2021-06-25 00:20:00まで画面更新処理待機中...
[2021-06-25T00:20:00.510] [INFO] system - クリエイターズページ：https://only-five.jp/creators/2187
[2021-06-25T00:20:00.721] [INFO] system - 2021-06-25 00:25:00まで画面更新処理待機中...
[2021-06-25T00:25:00.728] [INFO] system - クリエイターズページ：https://only-five.jp/creators/2187
[2021-06-25T00:25:00.950] [INFO] system - 2021-06-25 00:30:00まで画面更新処理待機中...
[2021-06-25T00:30:00.957] [INFO] system - クリエイターズページ：https://only-five.jp/creators/2187
[2021-06-25T00:30:01.699] [INFO] system - 2021-06-25 00:30:00に到達したため終了します
[2021-06-25T00:30:01.700] [INFO] system - 強制終了
[2021-06-25T00:40:39.600] [INFO] system - 2021-06-24 23:30:00にすでに到達
[2021-06-25T00:40:39.604] [INFO] system - ログイン処理想定時間到達
[2021-06-25T00:40:41.868] [INFO] system - ログインページに移動完了
[2021-06-25T00:40:43.037] [INFO] system - ログイン完了
[2021-06-25T00:40:43.038] [INFO] system - <成績時間カウント開始>
[2021-06-25T00:40:43.039] [INFO] system - クリエイターズページ：https://only-five.jp/creators/2187
[2021-06-25T00:40:43.217] [INFO] system - 2021-06-25 00:30:00に到達したため終了します
[2021-06-25T00:40:43.218] [INFO] system - 強制終了
[2021-06-25T00:42:30.878] [INFO] system - 2021-06-25 00:30:00にすでに到達
[2021-06-25T00:42:30.882] [INFO] system - ログイン処理想定時間到達
[2021-06-25T00:42:32.863] [INFO] system - ログインページに移動完了
[2021-06-25T00:42:34.100] [INFO] system - ログイン完了
[2021-06-25T00:42:34.101] [INFO] system - <成績時間カウント開始>
[2021-06-25T00:42:34.101] [INFO] system - クリエイターズページ：https://only-five.jp/creators/2187
[2021-06-25T00:42:34.278] [INFO] system - 2021-06-25 00:45:00まで画面更新処理待機中...
[2021-06-25T00:45:00.283] [INFO] system - クリエイターズページ：https://only-five.jp/creators/2187
[2021-06-25T00:45:00.464] [INFO] system - 2021-06-25 00:50:00まで画面更新処理待機中...
[2021-06-25T00:50:00.468] [INFO] system - クリエイターズページ：https://only-five.jp/creators/2187
[2021-06-25T00:50:00.702] [INFO] system - 2021-06-25 00:55:00まで画面更新処理待機中...
[2021-06-25T00:55:00.714] [INFO] system - クリエイターズページ：https://only-five.jp/creators/2187
[2021-06-25T00:55:00.889] [INFO] system - 2021-06-25 01:00:00まで画面更新処理待機中...
[2021-06-25T01:00:00.896] [INFO] system - クリエイターズページ：https://only-five.jp/creators/2187
[2021-06-25T01:00:01.168] [INFO] system - 2021-06-25 01:05:00まで画面更新処理待機中...
[2021-06-25T01:05:00.182] [INFO] system - クリエイターズページ：https://only-five.jp/creators/2187
[2021-06-25T01:05:00.398] [INFO] system - 2021-06-25 01:10:00まで画面更新処理待機中...
[2021-06-25T01:10:00.403] [INFO] system - クリエイターズページ：https://only-five.jp/creators/2187
[2021-06-25T01:10:00.614] [INFO] system - 2021-06-25 01:15:00まで画面更新処理待機中...
[2021-06-25T01:15:00.623] [INFO] system - クリエイターズページ：https://only-five.jp/creators/2187
[2021-06-25T01:15:59.902] [INFO] system - 2021-06-25 01:20:00まで画面更新処理待機中...
[2021-06-25T01:20:00.912] [INFO] system - クリエイターズページ：https://only-five.jp/creators/2187
[2021-06-25T01:20:01.101] [INFO] system - 2021-06-25 01:25:00まで画面更新処理待機中...
[2021-06-25T01:25:00.105] [INFO] system - クリエイターズページ：https://only-five.jp/creators/2187
[2021-06-25T01:25:00.323] [INFO] system - 2021-06-25 01:30:00まで画面更新処理待機中...
[2021-06-25T01:30:00.330] [INFO] system - クリエイターズページ：https://only-five.jp/creators/2187
[2021-06-25T01:30:00.524] [INFO] system - 2021-06-25 01:30:00に到達したため終了します
[2021-06-25T01:30:00.524] [INFO] system - 強制終了
