[2021-03-27T20:12:55.728] [INFO] system - 2021-01-02 07:00:00にすでに到達
[2021-03-27T20:12:55.734] [INFO] system - ログイン処理想定時間到達
[2021-03-27T20:13:00.455] [INFO] system - ログインページに移動完了
[2021-03-27T20:13:01.600] [INFO] system - ログイン完了
[2021-03-27T20:13:01.601] [INFO] system - <成績時間カウント開始>
[2021-03-27T20:13:01.602] [INFO] system - クリエイターズページ：https://only-five.jp/creators/2188
[2021-03-27T20:13:01.834] [INFO] system - 2021-03-27 20:15:00まで画面更新処理待機中...
[2021-03-27T20:15:00.850] [INFO] system - クリエイターズページ：https://only-five.jp/creators/2188
[2021-03-27T20:15:01.056] [INFO] system - 2021-03-27 20:20:00まで画面更新処理待機中...
[2021-03-27T20:20:00.079] [INFO] system - クリエイターズページ：https://only-five.jp/creators/2188
[2021-03-27T20:20:00.302] [INFO] system - 2021-03-27 20:25:00まで画面更新処理待機中...
[2021-03-27T20:25:00.323] [INFO] system - クリエイターズページ：https://only-five.jp/creators/2188
[2021-03-27T20:25:00.591] [INFO] system - 2021-03-27 20:30:00まで画面更新処理待機中...
[2021-03-27T20:30:00.598] [INFO] system - クリエイターズページ：https://only-five.jp/creators/2188
[2021-03-27T20:30:00.966] [INFO] system - 2021-03-27 20:35:00まで画面更新処理待機中...
[2021-03-27T20:30:51.398] [INFO] system - 2021-01-02 07:00:00にすでに到達
[2021-03-27T20:30:51.402] [INFO] system - ログイン処理想定時間到達
[2021-03-27T20:30:56.247] [INFO] system - ログインページに移動完了
[2021-03-27T20:30:57.418] [INFO] system - ログイン完了
[2021-03-27T20:30:57.419] [INFO] system - <成績時間カウント開始>
[2021-03-27T20:30:57.419] [INFO] system - クリエイターズページ：https://only-five.jp/creators/2187
[2021-03-27T20:30:57.602] [INFO] system - 2021-03-27 20:35:00まで画面更新処理待機中...
[2021-03-27T20:33:05.309] [INFO] system - 2021-01-02 07:00:00にすでに到達
[2021-03-27T20:33:05.314] [INFO] system - ログイン処理想定時間到達
[2021-03-27T20:33:10.164] [INFO] system - ログインページに移動完了
[2021-03-27T20:33:11.311] [INFO] system - ログイン完了
[2021-03-27T20:33:11.312] [INFO] system - <成績時間カウント開始>
[2021-03-27T20:33:11.313] [INFO] system - クリエイターズページ：https://only-five.jp/creators/2187
[2021-03-27T20:33:11.508] [INFO] system - 2021-03-27 20:40:00まで画面更新処理待機中...
[2021-03-27T20:40:00.523] [INFO] system - クリエイターズページ：https://only-five.jp/creators/2187
[2021-03-27T20:40:00.755] [INFO] system - 2021-03-27 20:50:00まで画面更新処理待機中...
[2021-03-27T20:50:00.777] [INFO] system - クリエイターズページ：https://only-five.jp/creators/2187
[2021-03-27T20:50:01.088] [INFO] system - 2021-03-27 21:00:00まで画面更新処理待機中...
[2021-03-27T21:00:00.095] [INFO] system - クリエイターズページ：https://only-five.jp/creators/2187
[2021-03-27T21:00:00.309] [INFO] system - 2021-03-27 21:10:00まで画面更新処理待機中...
[2021-03-27T21:10:00.329] [INFO] system - クリエイターズページ：https://only-five.jp/creators/2187
[2021-03-27T21:10:00.668] [INFO] system - 2021-03-27 21:20:00まで画面更新処理待機中...
[2021-03-27T21:20:00.683] [INFO] system - クリエイターズページ：https://only-five.jp/creators/2187
[2021-03-27T21:20:00.942] [INFO] system - 2021-03-27 21:30:00まで画面更新処理待機中...
[2021-03-27T21:30:00.948] [INFO] system - クリエイターズページ：https://only-five.jp/creators/2187
[2021-03-27T21:30:01.317] [INFO] system - 2021-03-27 21:40:00まで画面更新処理待機中...
[2021-03-27T21:40:00.320] [INFO] system - クリエイターズページ：https://only-five.jp/creators/2187
[2021-03-27T21:40:00.517] [INFO] system - 2021-03-27 21:50:00まで画面更新処理待機中...
[2021-03-27T21:50:00.520] [INFO] system - クリエイターズページ：https://only-five.jp/creators/2187
[2021-03-27T21:50:00.857] [INFO] system - 2021-03-27 22:00:00まで画面更新処理待機中...
[2021-03-27T22:00:00.866] [INFO] system - クリエイターズページ：https://only-five.jp/creators/2187
[2021-03-27T22:00:01.114] [INFO] system - 2021-03-27 22:10:00まで画面更新処理待機中...
[2021-03-27T22:10:00.130] [INFO] system - クリエイターズページ：https://only-five.jp/creators/2187
[2021-03-27T22:10:00.434] [INFO] system - 2021-03-27 22:20:00まで画面更新処理待機中...
[2021-03-27T22:20:00.434] [INFO] system - クリエイターズページ：https://only-five.jp/creators/2187
[2021-03-27T22:20:00.688] [INFO] system - 2021-03-27 22:30:00まで画面更新処理待機中...
[2021-03-27T22:30:00.691] [INFO] system - クリエイターズページ：https://only-five.jp/creators/2187
[2021-03-27T22:30:00.999] [INFO] system - 2021-03-27 22:40:00まで画面更新処理待機中...
[2021-03-27T22:40:01.000] [INFO] system - クリエイターズページ：https://only-five.jp/creators/2187
[2021-03-27T22:40:01.276] [INFO] system - 2021-03-27 22:50:00まで画面更新処理待機中...
[2021-03-27T22:50:00.281] [INFO] system - クリエイターズページ：https://only-five.jp/creators/2187
[2021-03-27T22:50:17.197] [INFO] system - 2021-03-27 23:00:00まで画面更新処理待機中...
[2021-03-27T23:00:00.213] [INFO] system - クリエイターズページ：https://only-five.jp/creators/2187
[2021-03-27T23:00:30.840] [INFO] system - 2021-03-27 23:10:00まで画面更新処理待機中...
[2021-03-27T23:10:00.841] [INFO] system - クリエイターズページ：https://only-five.jp/creators/2187
[2021-03-27T23:10:01.200] [INFO] system - 2021-03-27 23:20:00まで画面更新処理待機中...
[2021-03-27T23:20:00.207] [INFO] system - クリエイターズページ：https://only-five.jp/creators/2187
[2021-03-27T23:20:00.460] [INFO] system - 2021-03-27 23:30:00まで画面更新処理待機中...
[2021-03-27T23:30:00.461] [INFO] system - クリエイターズページ：https://only-five.jp/creators/2187
[2021-03-27T23:30:00.823] [INFO] system - 2021-03-27 23:40:00まで画面更新処理待機中...
[2021-03-27T23:40:00.838] [INFO] system - クリエイターズページ：https://only-five.jp/creators/2187
[2021-03-27T23:40:01.082] [INFO] system - 2021-03-27 23:50:00まで画面更新処理待機中...
[2021-03-27T23:50:00.083] [INFO] system - クリエイターズページ：https://only-five.jp/creators/2187
[2021-03-27T23:50:00.560] [INFO] system - ターゲットページ：https://only-five.jp/posts/100443
[2021-03-27T23:50:01.053] [INFO] system - 購入状態確認(21回目に成功)
[2021-03-27T23:50:01.054] [INFO] system - 購入処理開始(確定前)
[2021-03-27T23:50:01.079] [INFO] system - 購入処理開始(有料)
[2021-03-27T23:50:11.820] [INFO] system - 購入処理完了(多分)
[2021-03-27T23:50:11.821] [INFO] system - <成績：11820.509秒>
[2021-03-27T23:50:41.822] [INFO] system - 購入処理後、30秒経過
