[2021-01-06T00:00:00.556] [INFO] system - クリエイターズページ：https://only-five.jp/creators/2187
[2021-01-06T00:00:00.827] [INFO] system - 2021-01-06 00:10:00まで画面更新処理待機中...
[2021-01-06T01:59:23.913] [INFO] system - 2021-01-02 07:00:00にすでに到達
[2021-01-06T01:59:23.917] [INFO] system - ログイン処理想定時間到達
[2021-01-06T01:59:29.036] [INFO] system - ログインページに移動完了
[2021-01-06T01:59:30.065] [INFO] system - ログイン完了
[2021-01-06T01:59:30.066] [INFO] system - <成績時間カウント開始>
[2021-01-06T01:59:30.066] [INFO] system - クリエイターズページ：https://only-five.jp/creators/2187
[2021-01-06T01:59:30.342] [INFO] system - 2021-01-06 02:00:00まで画面更新処理待機中...
[2021-01-06T02:00:00.355] [INFO] system - クリエイターズページ：https://only-five.jp/creators/2187
[2021-01-06T02:00:01.081] [INFO] system - 2021-01-06 02:05:00まで画面更新処理待機中...
[2021-01-06T02:05:00.084] [INFO] system - クリエイターズページ：https://only-five.jp/creators/2187
[2021-01-06T02:05:05.427] [INFO] system - 2021-01-06 02:10:00まで画面更新処理待機中...
[2021-01-06T02:10:00.439] [INFO] system - クリエイターズページ：https://only-five.jp/creators/2187
[2021-01-06T02:10:00.938] [INFO] system - 2021-01-06 02:15:00まで画面更新処理待機中...
[2021-01-06T02:15:00.950] [INFO] system - クリエイターズページ：https://only-five.jp/creators/2187
[2021-01-06T02:15:01.815] [INFO] system - 2021-01-06 02:20:00まで画面更新処理待機中...
[2021-01-06T02:20:00.815] [INFO] system - クリエイターズページ：https://only-five.jp/creators/2187
[2021-01-06T02:20:01.089] [INFO] system - 2021-01-06 02:25:00まで画面更新処理待機中...
[2021-01-06T02:25:00.091] [INFO] system - クリエイターズページ：https://only-five.jp/creators/2187
[2021-01-06T02:25:00.334] [INFO] system - 2021-01-06 02:30:00まで画面更新処理待機中...
[2021-01-06T02:30:00.335] [INFO] system - クリエイターズページ：https://only-five.jp/creators/2187
[2021-01-06T02:30:00.634] [INFO] system - 2021-01-06 02:35:00まで画面更新処理待機中...
[2021-01-06T18:23:17.155] [INFO] system - 2021-01-02 07:00:00にすでに到達
[2021-01-06T18:23:17.161] [INFO] system - ログイン処理想定時間到達
[2021-01-06T18:23:22.641] [INFO] system - ログインページに移動完了
[2021-01-06T18:23:23.691] [INFO] system - ログイン完了
[2021-01-06T18:23:23.692] [INFO] system - <成績時間カウント開始>
[2021-01-06T18:23:23.692] [INFO] system - クリエイターズページ：https://only-five.jp/creators/2187
[2021-01-06T18:23:24.733] [INFO] system - 2021-01-06 18:25:00まで画面更新処理待機中...
[2021-01-06T18:25:00.733] [INFO] system - クリエイターズページ：https://only-five.jp/creators/2187
[2021-01-06T18:25:01.193] [INFO] system - 2021-01-06 18:30:00まで画面更新処理待機中...
[2021-01-06T18:30:00.194] [INFO] system - クリエイターズページ：https://only-five.jp/creators/2187
[2021-01-06T18:30:00.674] [INFO] system - 2021-01-06 18:35:00まで画面更新処理待機中...
[2021-01-06T18:35:00.675] [INFO] system - クリエイターズページ：https://only-five.jp/creators/2187
[2021-01-06T18:35:00.995] [INFO] system - 2021-01-06 18:40:00まで画面更新処理待機中...
[2021-01-06T18:40:01.050] [INFO] system - クリエイターズページ：https://only-five.jp/creators/2187
[2021-01-06T18:40:01.458] [INFO] system - 2021-01-06 18:45:00まで画面更新処理待機中...
[2021-01-06T18:45:00.516] [INFO] system - クリエイターズページ：https://only-five.jp/creators/2187
[2021-01-06T18:45:00.814] [INFO] system - 2021-01-06 18:50:00まで画面更新処理待機中...
[2021-01-06T18:47:02.351] [INFO] system - 2021-01-02 07:00:00にすでに到達
[2021-01-06T18:47:02.353] [INFO] system - ログイン処理想定時間到達
[2021-01-06T18:47:06.985] [INFO] system - ログインページに移動完了
[2021-01-06T18:47:08.068] [INFO] system - ログイン完了
[2021-01-06T18:47:08.069] [INFO] system - <成績時間カウント開始>
[2021-01-06T18:47:08.070] [INFO] system - クリエイターズページ：https://only-five.jp/creators/2187
[2021-01-06T18:47:08.335] [INFO] system - 2021-01-06 18:50:00まで画面更新処理待機中...
[2021-01-06T23:10:07.421] [INFO] system - 2021-01-02 07:00:00にすでに到達
[2021-01-06T23:10:07.425] [INFO] system - ログイン処理想定時間到達
[2021-01-06T23:10:12.895] [INFO] system - ログインページに移動完了
[2021-01-06T23:10:14.051] [INFO] system - ログイン完了
[2021-01-06T23:10:14.051] [INFO] system - <成績時間カウント開始>
[2021-01-06T23:10:14.052] [INFO] system - クリエイターズページ：https://only-five.jp/creators/2187
[2021-01-06T23:10:14.312] [INFO] system - 2021-01-06 23:15:00まで画面更新処理待機中...
[2021-01-06T23:21:03.052] [INFO] system - クリエイターズページ：https://only-five.jp/creators/2187
[2021-01-06T23:21:03.985] [INFO] system - 2021-01-06 23:25:00まで画面更新処理待機中...
[2021-01-06T23:25:00.986] [INFO] system - クリエイターズページ：https://only-five.jp/creators/2187
[2021-01-06T23:25:01.345] [INFO] system - 2021-01-06 23:30:00まで画面更新処理待機中...
[2021-01-06T23:30:00.344] [INFO] system - クリエイターズページ：https://only-five.jp/creators/2187
[2021-01-06T23:30:00.962] [INFO] system - 2021-01-06 23:35:00まで画面更新処理待機中...
[2021-01-06T23:35:00.962] [INFO] system - クリエイターズページ：https://only-five.jp/creators/2187
[2021-01-06T23:35:01.315] [INFO] system - 2021-01-06 23:40:00まで画面更新処理待機中...
[2021-01-06T23:49:44.193] [INFO] system - クリエイターズページ：https://only-five.jp/creators/2187
[2021-01-06T23:49:44.896] [INFO] system - 2021-01-06 23:50:00まで画面更新処理待機中...
[2021-01-06T23:50:00.897] [INFO] system - クリエイターズページ：https://only-five.jp/creators/2187
[2021-01-06T23:50:01.266] [INFO] system - 2021-01-06 23:55:00まで画面更新処理待機中...
