[2021-03-08T22:20:00.895] [INFO] system - 2021-01-02 07:00:00にすでに到達
[2021-03-08T22:20:00.900] [INFO] system - ログイン処理想定時間到達
[2021-03-08T22:20:05.830] [INFO] system - ログインページに移動完了
[2021-03-08T22:20:07.543] [INFO] system - ログイン完了
[2021-03-08T22:20:07.543] [INFO] system - <成績時間カウント開始>
[2021-03-08T22:20:07.544] [INFO] system - クリエイターズページ：https://only-five.jp/creators/2187
[2021-03-08T22:20:07.723] [INFO] system - 2021-03-08 22:25:00まで画面更新処理待機中...
[2021-03-08T22:25:00.724] [INFO] system - クリエイターズページ：https://only-five.jp/creators/2187
[2021-03-08T22:25:00.925] [INFO] system - 2021-03-08 22:30:00まで画面更新処理待機中...
[2021-03-08T22:30:00.928] [INFO] system - クリエイターズページ：https://only-five.jp/creators/2187
[2021-03-08T22:30:01.143] [INFO] system - 2021-03-08 22:35:00まで画面更新処理待機中...
[2021-03-08T22:35:00.143] [INFO] system - クリエイターズページ：https://only-five.jp/creators/2187
[2021-03-08T22:35:00.352] [INFO] system - 2021-03-08 22:40:00まで画面更新処理待機中...
[2021-03-08T22:40:00.353] [INFO] system - クリエイターズページ：https://only-five.jp/creators/2187
[2021-03-08T22:40:00.768] [INFO] system - 2021-03-08 22:45:00まで画面更新処理待機中...
[2021-03-08T22:45:00.771] [INFO] system - クリエイターズページ：https://only-five.jp/creators/2187
[2021-03-08T22:45:01.041] [INFO] system - 2021-03-08 22:50:00まで画面更新処理待機中...
[2021-03-08T22:50:00.041] [INFO] system - クリエイターズページ：https://only-five.jp/creators/2187
[2021-03-08T22:50:00.250] [INFO] system - 2021-03-08 22:55:00まで画面更新処理待機中...
[2021-03-08T22:55:00.264] [INFO] system - クリエイターズページ：https://only-five.jp/creators/2187
[2021-03-08T22:55:00.692] [INFO] system - 2021-03-08 23:00:00まで画面更新処理待機中...
[2021-03-08T23:00:00.701] [INFO] system - クリエイターズページ：https://only-five.jp/creators/2187
[2021-03-08T23:00:00.934] [INFO] system - 2021-03-08 23:05:00まで画面更新処理待機中...
[2021-03-08T23:05:00.935] [INFO] system - クリエイターズページ：https://only-five.jp/creators/2187
[2021-03-08T23:05:01.839] [INFO] system - 2021-03-08 23:10:00まで画面更新処理待機中...
[2021-03-08T23:10:00.839] [INFO] system - クリエイターズページ：https://only-five.jp/creators/2187
[2021-03-08T23:10:01.247] [INFO] system - 2021-03-08 23:15:00まで画面更新処理待機中...
[2021-03-08T23:15:00.265] [INFO] system - クリエイターズページ：https://only-five.jp/creators/2187
[2021-03-08T23:15:00.522] [INFO] system - 2021-03-08 23:20:00まで画面更新処理待機中...
[2021-03-08T23:20:00.523] [INFO] system - クリエイターズページ：https://only-five.jp/creators/2187
[2021-03-08T23:20:00.812] [INFO] system - 2021-03-08 23:25:00まで画面更新処理待機中...
[2021-03-08T23:25:00.812] [INFO] system - クリエイターズページ：https://only-five.jp/creators/2187
[2021-03-08T23:25:01.062] [INFO] system - 2021-03-08 23:30:00まで画面更新処理待機中...
[2021-03-08T23:30:00.062] [INFO] system - クリエイターズページ：https://only-five.jp/creators/2187
[2021-03-08T23:30:00.460] [INFO] system - 2021-03-08 23:35:00まで画面更新処理待機中...
[2021-03-08T23:35:00.466] [INFO] system - クリエイターズページ：https://only-five.jp/creators/2187
[2021-03-08T23:35:00.683] [INFO] system - 2021-03-08 23:40:00まで画面更新処理待機中...
[2021-03-08T23:40:00.683] [INFO] system - クリエイターズページ：https://only-five.jp/creators/2187
[2021-03-08T23:40:00.916] [INFO] system - 2021-03-08 23:45:00まで画面更新処理待機中...
[2021-03-08T23:45:00.918] [INFO] system - クリエイターズページ：https://only-five.jp/creators/2187
[2021-03-08T23:45:01.248] [INFO] system - 2021-03-08 23:50:00まで画面更新処理待機中...
[2021-03-08T23:50:00.254] [INFO] system - クリエイターズページ：https://only-five.jp/creators/2187
[2021-03-08T23:50:00.472] [INFO] system - 2021-03-08 23:55:00まで画面更新処理待機中...
[2021-03-08T23:55:00.474] [INFO] system - クリエイターズページ：https://only-five.jp/creators/2187
[2021-03-08T23:55:00.716] [INFO] system - 2021-03-09 00:00:00まで画面更新処理待機中...
