[2021-03-09T00:00:00.735] [INFO] system - クリエイターズページ：https://only-five.jp/creators/2187
[2021-03-09T00:00:00.947] [INFO] system - 2021-03-09 00:05:00まで画面更新処理待機中...
[2021-03-09T00:05:00.949] [INFO] system - クリエイターズページ：https://only-five.jp/creators/2187
[2021-03-09T00:05:01.334] [INFO] system - 2021-03-09 00:10:00まで画面更新処理待機中...
[2021-03-09T00:10:00.334] [INFO] system - クリエイターズページ：https://only-five.jp/creators/2187
[2021-03-09T00:10:00.546] [INFO] system - 2021-03-09 00:15:00まで画面更新処理待機中...
[2021-03-09T00:15:00.551] [INFO] system - クリエイターズページ：https://only-five.jp/creators/2187
[2021-03-09T00:15:00.763] [INFO] system - 2021-03-09 00:20:00まで画面更新処理待機中...
[2021-03-09T00:20:00.774] [INFO] system - クリエイターズページ：https://only-five.jp/creators/2187
[2021-03-09T00:20:01.006] [INFO] system - 2021-03-09 00:25:00まで画面更新処理待機中...
[2021-03-09T00:25:00.006] [INFO] system - クリエイターズページ：https://only-five.jp/creators/2187
[2021-03-09T00:25:00.329] [INFO] system - 2021-03-09 00:30:00まで画面更新処理待機中...
[2021-03-09T00:30:00.334] [INFO] system - クリエイターズページ：https://only-five.jp/creators/2187
[2021-03-09T00:30:00.575] [INFO] system - 2021-03-09 00:35:00まで画面更新処理待機中...
[2021-03-09T00:35:00.576] [INFO] system - クリエイターズページ：https://only-five.jp/creators/2187
[2021-03-09T00:35:00.813] [INFO] system - 2021-03-09 00:40:00まで画面更新処理待機中...
[2021-03-09T00:40:00.815] [INFO] system - クリエイターズページ：https://only-five.jp/creators/2187
[2021-03-09T00:40:01.108] [INFO] system - 2021-03-09 00:45:00まで画面更新処理待機中...
[2021-03-09T00:45:00.118] [INFO] system - クリエイターズページ：https://only-five.jp/creators/2187
[2021-03-09T00:45:00.328] [INFO] system - 2021-03-09 00:50:00まで画面更新処理待機中...
[2021-03-09T23:49:43.656] [INFO] system - 2021-01-02 07:00:00にすでに到達
[2021-03-09T23:49:43.660] [INFO] system - ログイン処理想定時間到達
[2021-03-09T23:49:51.053] [INFO] system - ログインページに移動完了
[2021-03-09T23:49:52.100] [INFO] system - ログイン完了
[2021-03-09T23:49:52.100] [INFO] system - <成績時間カウント開始>
[2021-03-09T23:49:52.101] [INFO] system - クリエイターズページ：https://only-five.jp/creators/2187
[2021-03-09T23:49:52.281] [INFO] system - 2021-03-09 23:50:00まで画面更新処理待機中...
[2021-03-09T23:50:00.282] [INFO] system - クリエイターズページ：https://only-five.jp/creators/2187
[2021-03-09T23:50:00.548] [INFO] system - ターゲットページ：https://only-five.jp/posts/96582
[2021-03-09T23:50:00.799] [INFO] system - 購入状態確認(2回目に成功)
[2021-03-09T23:50:00.800] [INFO] system - 購入処理開始(確定前)
[2021-03-09T23:50:00.815] [INFO] system - 購入処理開始(有料)
[2021-03-09T23:50:12.600] [INFO] system - 購入処理完了(多分)
[2021-03-09T23:50:12.600] [INFO] system - <成績：20.499秒>
[2021-03-09T23:50:42.605] [INFO] system - 購入処理後、30秒経過
