[2021-01-23T00:45:18.111] [INFO] system - ログイン完了
[2021-01-23T00:45:18.112] [INFO] system - <成績時間カウント開始>
[2021-01-23T00:45:18.113] [INFO] system - クリエイターズページ：https://only-five.jp/creators/2187
[2021-01-23T00:45:18.350] [INFO] system - 2021-01-23 00:50:00まで画面更新処理待機中...
[2021-01-23T22:35:49.084] [INFO] system - 2021-01-02 07:00:00にすでに到達
[2021-01-23T22:35:49.090] [INFO] system - ログイン処理想定時間到達
[2021-01-23T22:35:54.489] [INFO] system - ログインページに移動完了
[2021-01-23T23:30:20.853] [INFO] system - ログイン完了
[2021-01-23T23:30:20.854] [INFO] system - <成績時間カウント開始>
[2021-01-23T23:30:20.855] [INFO] system - クリエイターズページ：https://only-five.jp/creators/2187
[2021-01-23T23:30:21.169] [INFO] system - 2021-01-23 23:35:00まで画面更新処理待機中...
[2021-01-23T23:35:00.182] [INFO] system - クリエイターズページ：https://only-five.jp/creators/2187
[2021-01-23T23:35:00.598] [INFO] system - 2021-01-23 23:40:00まで画面更新処理待機中...
[2021-01-23T23:40:00.605] [INFO] system - クリエイターズページ：https://only-five.jp/creators/2187
[2021-01-23T23:40:00.902] [INFO] system - 2021-01-23 23:45:00まで画面更新処理待機中...
[2021-01-23T23:45:00.904] [INFO] system - クリエイターズページ：https://only-five.jp/creators/2187
[2021-01-23T23:45:01.309] [INFO] system - 2021-01-23 23:50:00まで画面更新処理待機中...
[2021-01-23T23:50:00.319] [INFO] system - クリエイターズページ：https://only-five.jp/creators/2187
[2021-01-23T23:50:00.792] [INFO] system - ターゲットページ：https://only-five.jp/posts/85657
[2021-01-23T23:50:01.068] [INFO] system - 購入状態確認(5回目に成功)
[2021-01-23T23:50:01.085] [INFO] system - 購入処理開始(確定前)
[2021-01-23T23:50:01.133] [INFO] system - 購入処理開始(有料)
[2021-01-23T23:50:04.280] [INFO] system - send successful
[2021-01-23T23:50:12.404] [INFO] system - 購入処理完了(多分)
[2021-01-23T23:50:12.406] [INFO] system - <成績：1191.551秒>
