[2021-05-09T23:27:18.967] [INFO] system - 2021-05-06 23:30:00にすでに到達
[2021-05-09T23:27:18.972] [INFO] system - ログイン処理想定時間到達
[2021-05-09T23:27:21.385] [INFO] system - ログインページに移動完了
[2021-05-09T23:27:22.731] [INFO] system - ログイン完了
[2021-05-09T23:27:22.732] [INFO] system - <成績時間カウント開始>
[2021-05-09T23:27:22.734] [INFO] system - クリエイターズページ：https://only-five.jp/creators/2187
[2021-05-09T23:27:23.014] [INFO] system - 2021-05-07 01:00:00に到達したため終了します
[2021-05-09T23:27:23.028] [INFO] system - 強制終了
[2021-05-09T23:28:15.525] [INFO] system - 2021-05-08 23:20:00にすでに到達
[2021-05-09T23:28:15.530] [INFO] system - ログイン処理想定時間到達
[2021-05-09T23:28:17.788] [INFO] system - ログインページに移動完了
[2021-05-09T23:28:19.064] [INFO] system - ログイン完了
[2021-05-09T23:28:19.065] [INFO] system - <成績時間カウント開始>
[2021-05-09T23:28:19.066] [INFO] system - クリエイターズページ：https://only-five.jp/creators/2187
[2021-05-09T23:28:19.305] [INFO] system - 2021-05-09 00:30:00に到達したため終了します
[2021-05-09T23:28:19.307] [INFO] system - 強制終了
[2021-05-09T23:28:31.621] [INFO] system - 2021-05-09 23:20:00にすでに到達
[2021-05-09T23:28:31.626] [INFO] system - ログイン処理想定時間到達
[2021-05-09T23:28:33.525] [INFO] system - ログインページに移動完了
[2021-05-09T23:28:34.806] [INFO] system - ログイン完了
[2021-05-09T23:28:34.806] [INFO] system - <成績時間カウント開始>
[2021-05-09T23:28:34.808] [INFO] system - クリエイターズページ：https://only-five.jp/creators/2187
[2021-05-09T23:28:35.044] [INFO] system - 2021-05-09 23:30:00まで画面更新処理待機中...
[2021-05-09T23:30:00.045] [INFO] system - クリエイターズページ：https://only-five.jp/creators/2187
[2021-05-09T23:30:00.238] [INFO] system - 2021-05-09 23:35:00まで画面更新処理待機中...
[2021-05-09T23:35:00.237] [INFO] system - クリエイターズページ：https://only-five.jp/creators/2187
[2021-05-09T23:35:00.414] [INFO] system - 2021-05-09 23:40:00まで画面更新処理待機中...
[2021-05-09T23:40:00.414] [INFO] system - クリエイターズページ：https://only-five.jp/creators/2187
[2021-05-09T23:40:00.600] [INFO] system - 2021-05-09 23:45:00まで画面更新処理待機中...
[2021-05-09T23:45:00.600] [INFO] system - クリエイターズページ：https://only-five.jp/creators/2187
[2021-05-09T23:45:01.419] [INFO] system - 2021-05-09 23:50:00まで画面更新処理待機中...
[2021-05-09T23:50:00.418] [INFO] system - クリエイターズページ：https://only-five.jp/creators/2187
[2021-05-09T23:50:00.615] [INFO] system - 2021-05-09 23:55:00まで画面更新処理待機中...
