[2021-04-03T00:00:00.531] [INFO] system - クリエイターズページ：https://only-five.jp/creators/2188
[2021-04-03T00:00:01.313] [INFO] system - 2021-04-03 00:05:00まで画面更新処理待機中...
[2021-04-03T00:05:00.313] [INFO] system - クリエイターズページ：https://only-five.jp/creators/2188
[2021-04-03T00:05:00.712] [INFO] system - 2021-04-03 00:10:00まで画面更新処理待機中...
[2021-04-03T00:10:00.713] [INFO] system - クリエイターズページ：https://only-five.jp/creators/2188
[2021-04-03T00:10:01.073] [INFO] system - 2021-04-03 00:15:00まで画面更新処理待機中...
[2021-04-03T00:15:00.073] [INFO] system - クリエイターズページ：https://only-five.jp/creators/2188
[2021-04-03T00:15:00.294] [INFO] system - 2021-04-03 00:20:00まで画面更新処理待機中...
[2021-04-03T00:20:00.295] [INFO] system - クリエイターズページ：https://only-five.jp/creators/2188
[2021-04-03T00:20:00.521] [INFO] system - 2021-04-03 00:25:00まで画面更新処理待機中...
[2021-04-03T00:25:00.536] [INFO] system - クリエイターズページ：https://only-five.jp/creators/2188
[2021-04-03T00:25:00.763] [INFO] system - 2021-04-03 00:30:00まで画面更新処理待機中...
[2021-04-03T00:30:00.770] [INFO] system - クリエイターズページ：https://only-five.jp/creators/2188
[2021-04-03T00:30:01.267] [INFO] system - 2021-04-03 00:35:00まで画面更新処理待機中...
[2021-04-03T00:35:00.269] [INFO] system - クリエイターズページ：https://only-five.jp/creators/2188
[2021-04-03T00:35:00.503] [INFO] system - 2021-04-03 00:40:00まで画面更新処理待機中...
[2021-04-03T00:40:00.519] [INFO] system - クリエイターズページ：https://only-five.jp/creators/2188
[2021-04-03T00:40:00.738] [INFO] system - 2021-04-03 00:45:00まで画面更新処理待機中...
[2021-04-03T00:45:00.752] [INFO] system - クリエイターズページ：https://only-five.jp/creators/2188
[2021-04-03T00:45:00.969] [INFO] system - 2021-04-03 00:50:00まで画面更新処理待機中...
[2021-04-03T00:50:00.983] [INFO] system - クリエイターズページ：https://only-five.jp/creators/2188
[2021-04-03T00:50:01.366] [INFO] system - 2021-04-03 00:55:00まで画面更新処理待機中...
[2021-04-03T00:55:00.367] [INFO] system - クリエイターズページ：https://only-five.jp/creators/2188
[2021-04-03T00:55:00.573] [INFO] system - 2021-04-03 01:00:00まで画面更新処理待機中...
[2021-04-03T01:00:00.575] [INFO] system - クリエイターズページ：https://only-five.jp/creators/2188
[2021-04-03T01:00:00.834] [INFO] system - 2021-04-03 01:05:00まで画面更新処理待機中...
[2021-04-03T22:31:38.119] [INFO] system - 2021-01-02 07:00:00にすでに到達
[2021-04-03T22:31:38.124] [INFO] system - ログイン処理想定時間到達
[2021-04-03T22:31:43.044] [INFO] system - ログインページに移動完了
[2021-04-03T22:31:57.924] [INFO] system - ログイン完了
[2021-04-03T22:31:57.924] [INFO] system - <成績時間カウント開始>
[2021-04-03T22:31:57.926] [INFO] system - クリエイターズページ：https://only-five.jp/creators/2188
[2021-04-03T22:31:58.262] [INFO] system - 2021-04-03 22:35:00まで画面更新処理待機中...
[2021-04-03T22:35:00.271] [INFO] system - クリエイターズページ：https://only-five.jp/creators/2188
[2021-04-03T22:35:00.698] [INFO] system - 2021-04-03 22:40:00まで画面更新処理待機中...
[2021-04-03T22:40:00.700] [INFO] system - クリエイターズページ：https://only-five.jp/creators/2188
[2021-04-03T22:40:01.161] [INFO] system - 2021-04-03 22:45:00まで画面更新処理待機中...
[2021-04-03T22:45:00.164] [INFO] system - クリエイターズページ：https://only-five.jp/creators/2188
[2021-04-03T22:45:00.508] [INFO] system - 2021-04-03 22:50:00まで画面更新処理待機中...
[2021-04-03T22:50:00.509] [INFO] system - クリエイターズページ：https://only-five.jp/creators/2188
[2021-04-03T22:50:01.128] [INFO] system - 2021-04-03 22:55:00まで画面更新処理待機中...
[2021-04-03T22:55:00.130] [INFO] system - クリエイターズページ：https://only-five.jp/creators/2188
[2021-04-03T22:55:00.466] [INFO] system - 2021-04-03 23:00:00まで画面更新処理待機中...
[2021-04-03T23:00:00.482] [INFO] system - クリエイターズページ：https://only-five.jp/creators/2188
[2021-04-03T23:00:00.868] [INFO] system - 2021-04-03 23:05:00まで画面更新処理待機中...
[2021-04-03T23:05:00.872] [INFO] system - クリエイターズページ：https://only-five.jp/creators/2188
[2021-04-03T23:05:01.339] [INFO] system - 2021-04-03 23:10:00まで画面更新処理待機中...
[2021-04-03T23:10:00.342] [INFO] system - クリエイターズページ：https://only-five.jp/creators/2188
[2021-04-03T23:10:00.699] [INFO] system - 2021-04-03 23:15:00まで画面更新処理待機中...
[2021-04-03T23:15:00.699] [INFO] system - クリエイターズページ：https://only-five.jp/creators/2188
[2021-04-03T23:15:01.105] [INFO] system - 2021-04-03 23:20:00まで画面更新処理待機中...
[2021-04-03T23:20:00.117] [INFO] system - クリエイターズページ：https://only-five.jp/creators/2188
[2021-04-03T23:20:00.470] [INFO] system - 2021-04-03 23:25:00まで画面更新処理待機中...
[2021-04-03T23:25:00.469] [INFO] system - クリエイターズページ：https://only-five.jp/creators/2188
[2021-04-03T23:25:00.987] [INFO] system - 2021-04-03 23:30:00まで画面更新処理待機中...
[2021-04-03T23:30:00.989] [INFO] system - クリエイターズページ：https://only-five.jp/creators/2188
[2021-04-03T23:30:01.315] [INFO] system - 2021-04-03 23:35:00まで画面更新処理待機中...
[2021-04-03T23:35:00.319] [INFO] system - クリエイターズページ：https://only-five.jp/creators/2188
[2021-04-03T23:35:00.679] [INFO] system - 2021-04-03 23:40:00まで画面更新処理待機中...
[2021-04-03T23:40:00.688] [INFO] system - クリエイターズページ：https://only-five.jp/creators/2188
[2021-04-03T23:40:01.179] [INFO] system - 2021-04-03 23:45:00まで画面更新処理待機中...
[2021-04-03T23:45:00.186] [INFO] system - クリエイターズページ：https://only-five.jp/creators/2188
[2021-04-03T23:45:00.534] [INFO] system - 2021-04-03 23:50:00まで画面更新処理待機中...
[2021-04-03T23:50:00.536] [INFO] system - クリエイターズページ：https://only-five.jp/creators/2188
[2021-04-03T23:50:00.879] [INFO] system - 2021-04-03 23:55:00まで画面更新処理待機中...
[2021-04-03T23:55:00.894] [INFO] system - クリエイターズページ：https://only-five.jp/creators/2188
[2021-04-03T23:55:01.389] [INFO] system - 2021-04-04 00:00:00まで画面更新処理待機中...
