[2021-01-02T10:25:12.663] [INFO] system - 2021-01-02 07:00:00にすでに到達
[2021-01-02T10:25:12.669] [INFO] system - ログイン処理想定時間到達
[2021-01-02T10:25:17.398] [INFO] system - ログインページに移動完了
[2021-01-02T10:25:18.698] [INFO] system - ログイン完了
[2021-01-02T10:25:18.699] [INFO] system - <成績時間カウント開始>
[2021-01-02T10:25:18.700] [INFO] system - クリエイターズページ：https://only-five.jp/creators/2187
[2021-01-02T10:25:19.017] [INFO] system - 2021-01-02 10:30:00まで画面更新処理待機中...
[2021-01-02T10:30:24.683] [INFO] system - 2021-01-02 07:00:00にすでに到達
[2021-01-02T10:30:24.687] [INFO] system - ログイン処理想定時間到達
[2021-01-02T10:30:29.998] [INFO] system - ログインページに移動完了
[2021-01-02T10:30:31.217] [INFO] system - ログイン完了
[2021-01-02T10:30:31.217] [INFO] system - <成績時間カウント開始>
[2021-01-02T10:30:31.218] [INFO] system - クリエイターズページ：https://only-five.jp/creators/2187
[2021-01-02T10:30:31.507] [INFO] system - 2021-01-02 10:40:00まで画面更新処理待機中...
[2021-01-02T10:40:00.522] [INFO] system - クリエイターズページ：https://only-five.jp/creators/2187
[2021-01-02T10:40:00.983] [INFO] system - 2021-01-02 10:50:00まで画面更新処理待機中...
[2021-01-02T10:41:51.496] [INFO] system - 2021-01-02 07:00:00にすでに到達
[2021-01-02T10:41:51.502] [INFO] system - ログイン処理想定時間到達
[2021-01-02T10:50:42.157] [INFO] system - 2021-01-02 07:00:00にすでに到達
[2021-01-02T10:50:42.164] [INFO] system - ログイン処理想定時間到達
[2021-01-02T10:51:45.048] [INFO] system - 2021-01-02 07:00:00にすでに到達
[2021-01-02T10:51:45.055] [INFO] system - ログイン処理想定時間到達
[2021-01-02T10:51:49.632] [INFO] system - ログインページに移動完了
[2021-01-02T10:51:50.832] [INFO] system - ログイン完了
[2021-01-02T10:51:50.835] [INFO] system - <成績時間カウント開始>
[2021-01-02T10:51:50.859] [INFO] system - クリエイターズページ：https://only-five.jp/creators/2187
[2021-01-02T10:51:51.219] [INFO] system - 2021-01-02 11:00:00まで画面更新処理待機中...
[2021-01-02T10:52:10.803] [INFO] system - 2021-01-02 07:00:00にすでに到達
[2021-01-02T10:52:10.808] [INFO] system - ログイン処理想定時間到達
[2021-01-02T10:52:15.605] [INFO] system - ログインページに移動完了
[2021-01-02T10:52:16.849] [INFO] system - ログイン完了
[2021-01-02T10:52:16.851] [INFO] system - <成績時間カウント開始>
[2021-01-02T10:52:16.853] [INFO] system - クリエイターズページ：https://only-five.jp/creators/2187
[2021-01-02T10:52:17.214] [INFO] system - 2021-01-02 11:00:00まで画面更新処理待機中...
[2021-01-02T11:04:52.920] [INFO] system - 2021-01-02 07:00:00にすでに到達
[2021-01-02T11:04:52.924] [INFO] system - ログイン処理想定時間到達
[2021-01-02T11:04:58.309] [INFO] system - ログインページに移動完了
[2021-01-02T11:04:59.486] [INFO] system - ログイン完了
[2021-01-02T11:04:59.487] [INFO] system - <成績時間カウント開始>
[2021-01-02T11:04:59.489] [INFO] system - クリエイターズページ：https://only-five.jp/creators/2187
[2021-01-02T11:04:59.738] [INFO] system - 2021-01-02 11:10:00まで画面更新処理待機中...
[2021-01-02T11:10:00.758] [INFO] system - クリエイターズページ：https://only-five.jp/creators/2187
[2021-01-02T11:10:01.117] [INFO] system - 2021-01-02 11:20:00まで画面更新処理待機中...
[2021-01-02T12:09:38.290] [INFO] system - クリエイターズページ：https://only-five.jp/creators/2187
[2021-01-02T12:09:38.862] [INFO] system - 2021-01-02 12:10:00まで画面更新処理待機中...
[2021-01-02T12:10:00.861] [INFO] system - クリエイターズページ：https://only-five.jp/creators/2187
[2021-01-02T12:10:01.062] [INFO] system - 2021-01-02 12:20:00まで画面更新処理待機中...
[2021-01-02T12:20:00.064] [INFO] system - クリエイターズページ：https://only-five.jp/creators/2187
[2021-01-02T12:20:00.652] [INFO] system - 2021-01-02 12:30:00まで画面更新処理待機中...
[2021-01-02T12:30:00.653] [INFO] system - クリエイターズページ：https://only-five.jp/creators/2187
[2021-01-02T12:30:01.456] [INFO] system - 2021-01-02 12:40:00まで画面更新処理待機中...
[2021-01-02T12:40:00.457] [INFO] system - クリエイターズページ：https://only-five.jp/creators/2187
[2021-01-02T12:40:00.717] [INFO] system - 2021-01-02 12:50:00まで画面更新処理待機中...
[2021-01-02T12:50:00.717] [INFO] system - クリエイターズページ：https://only-five.jp/creators/2187
[2021-01-02T12:50:01.128] [INFO] system - 2021-01-02 13:00:00まで画面更新処理待機中...
[2021-01-02T13:00:00.130] [INFO] system - クリエイターズページ：https://only-five.jp/creators/2187
[2021-01-02T13:00:00.356] [INFO] system - 2021-01-02 13:10:00まで画面更新処理待機中...
[2021-01-02T13:10:00.357] [INFO] system - クリエイターズページ：https://only-five.jp/creators/2187
[2021-01-02T13:10:01.027] [INFO] system - 2021-01-02 13:20:00まで画面更新処理待機中...
[2021-01-02T13:20:00.028] [INFO] system - クリエイターズページ：https://only-five.jp/creators/2187
[2021-01-02T13:20:00.406] [INFO] system - ターゲットページ：https://only-five.jp/posts/80386
[2021-01-02T13:20:00.641] [INFO] system - 購入状態確認(11回目に成功)
[2021-01-02T13:20:00.646] [INFO] system - 購入処理開始(確定前)
[2021-01-02T13:20:03.468] [INFO] system - send successful
[2021-01-02T13:47:10.859] [INFO] system - 購入処理開始(有料)
[2021-01-02T14:00:22.599] [INFO] system - 2021-01-02 07:00:00にすでに到達
[2021-01-02T14:00:22.604] [INFO] system - ログイン処理想定時間到達
[2021-01-02T14:00:27.930] [INFO] system - ログインページに移動完了
[2021-01-02T14:00:29.078] [INFO] system - ログイン完了
[2021-01-02T14:00:29.078] [INFO] system - <成績時間カウント開始>
[2021-01-02T14:00:29.081] [INFO] system - クリエイターズページ：https://only-five.jp/creators/2187
[2021-01-02T14:00:29.339] [INFO] system - 2021-01-02 14:10:00まで画面更新処理待機中...
[2021-01-02T14:10:00.340] [INFO] system - クリエイターズページ：https://only-five.jp/creators/2187
[2021-01-02T14:10:00.745] [INFO] system - 2021-01-02 14:20:00まで画面更新処理待機中...
[2021-01-02T14:20:00.746] [INFO] system - クリエイターズページ：https://only-five.jp/creators/2187
[2021-01-02T14:20:01.306] [INFO] system - 2021-01-02 14:30:00まで画面更新処理待機中...
[2021-01-02T14:30:00.307] [INFO] system - クリエイターズページ：https://only-five.jp/creators/2187
[2021-01-02T18:41:11.174] [INFO] system - 2021-01-02 18:50:00まで画面更新処理待機中...
[2021-01-02T18:41:22.904] [INFO] system - 2021-01-02 07:00:00にすでに到達
[2021-01-02T18:41:22.908] [INFO] system - ログイン処理想定時間到達
[2021-01-02T18:41:27.997] [INFO] system - ログインページに移動完了
[2021-01-02T18:41:29.223] [INFO] system - ログイン完了
[2021-01-02T18:41:29.223] [INFO] system - <成績時間カウント開始>
[2021-01-02T18:41:29.224] [INFO] system - クリエイターズページ：https://only-five.jp/creators/2187
[2021-01-02T18:41:29.497] [INFO] system - 2021-01-02 18:50:00まで画面更新処理待機中...
[2021-01-02T18:50:00.510] [INFO] system - クリエイターズページ：https://only-five.jp/creators/2187
[2021-01-02T18:50:32.312] [INFO] system - 2021-01-02 19:00:00まで画面更新処理待機中...
[2021-01-02T18:53:06.120] [INFO] system - 【テスト：開始】
[2021-01-02T18:53:06.126] [INFO] system - 2021-01-02 07:00:00にすでに到達
[2021-01-02T18:53:06.128] [INFO] system - ログイン処理想定時間到達
[2021-01-02T18:53:11.470] [INFO] system - ログインページに移動完了
[2021-01-02T18:53:12.583] [INFO] system - ログイン完了
[2021-01-02T18:53:12.583] [INFO] system - <成績時間カウント開始>
[2021-01-02T18:53:12.584] [INFO] system - クリエイターズページ：https://only-five.jp/creators/2105
[2021-01-02T18:53:12.985] [INFO] system - ターゲットページ：https://only-five.jp/posts/80396
[2021-01-02T18:53:13.211] [INFO] system - 購入状態確認(1回目に成功)
[2021-01-02T18:53:13.224] [INFO] system - 購入処理開始(確定前)
[2021-01-02T18:53:13.254] [INFO] system - 購入処理開始(有料)
[2021-01-02T18:53:18.202] [INFO] system - send successful
[2021-01-02T18:53:18.859] [INFO] system - 【テスト:決済ロジック】
[2021-01-02T18:53:18.860] [INFO] system - <成績：6.277秒>
[2021-01-02T18:53:23.763] [INFO] system - send successful
[2021-01-02T18:54:56.127] [INFO] system - 2021-01-02 07:00:00にすでに到達
[2021-01-02T18:54:56.131] [INFO] system - ログイン処理想定時間到達
[2021-01-02T18:55:01.100] [INFO] system - ログインページに移動完了
[2021-01-02T18:55:02.289] [INFO] system - ログイン完了
[2021-01-02T18:55:02.290] [INFO] system - <成績時間カウント開始>
[2021-01-02T18:55:02.292] [INFO] system - クリエイターズページ：https://only-five.jp/creators/2187
[2021-01-02T18:55:02.652] [INFO] system - 2021-01-02 19:00:00まで画面更新処理待機中...
[2021-01-02T19:00:00.660] [INFO] system - クリエイターズページ：https://only-five.jp/creators/2187
[2021-01-02T19:00:00.918] [INFO] system - 2021-01-02 19:10:00まで画面更新処理待機中...
[2021-01-02T19:10:00.921] [INFO] system - クリエイターズページ：https://only-five.jp/creators/2187
[2021-01-02T19:10:01.930] [INFO] system - 2021-01-02 19:20:00まで画面更新処理待機中...
[2021-01-02T19:20:00.935] [INFO] system - クリエイターズページ：https://only-five.jp/creators/2187
[2021-01-02T19:20:01.156] [INFO] system - 2021-01-02 19:30:00まで画面更新処理待機中...
[2021-01-02T19:30:00.167] [INFO] system - クリエイターズページ：https://only-five.jp/creators/2187
[2021-01-02T19:30:00.885] [INFO] system - 2021-01-02 19:40:00まで画面更新処理待機中...
[2021-01-02T19:40:00.889] [INFO] system - クリエイターズページ：https://only-five.jp/creators/2187
[2021-01-02T19:40:01.095] [INFO] system - 2021-01-02 19:50:00まで画面更新処理待機中...
[2021-01-02T19:50:00.107] [INFO] system - クリエイターズページ：https://only-five.jp/creators/2187
[2021-01-02T19:50:01.024] [INFO] system - 2021-01-02 20:00:00まで画面更新処理待機中...
[2021-01-02T20:00:00.039] [INFO] system - クリエイターズページ：https://only-five.jp/creators/2187
[2021-01-02T20:00:00.766] [INFO] system - 2021-01-02 20:10:00まで画面更新処理待機中...
[2021-01-02T20:10:00.773] [INFO] system - クリエイターズページ：https://only-five.jp/creators/2187
[2021-01-02T20:10:01.308] [INFO] system - 2021-01-02 20:20:00まで画面更新処理待機中...
[2021-01-02T20:20:00.335] [INFO] system - クリエイターズページ：https://only-five.jp/creators/2187
[2021-01-02T20:20:00.560] [INFO] system - 2021-01-02 20:30:00まで画面更新処理待機中...
[2021-01-02T20:30:00.571] [INFO] system - クリエイターズページ：https://only-five.jp/creators/2187
[2021-01-02T20:30:01.231] [INFO] system - 2021-01-02 20:40:00まで画面更新処理待機中...
[2021-01-02T20:40:00.244] [INFO] system - クリエイターズページ：https://only-five.jp/creators/2187
[2021-01-02T20:40:00.774] [INFO] system - ターゲットページ：https://only-five.jp/posts/80456
[2021-01-02T20:40:01.081] [INFO] system - 購入状態確認(12回目に成功)
[2021-01-02T20:40:01.096] [INFO] system - 購入処理開始(確定前)
[2021-01-02T20:40:01.125] [INFO] system - 購入処理開始(有料)
[2021-01-02T20:40:06.779] [INFO] system - send successful
[2021-01-02T20:40:12.535] [INFO] system - 購入処理完了(多分)
[2021-01-02T20:40:12.535] [INFO] system - <成績：6310.243秒>
[2021-01-02T20:40:42.536] [INFO] system - 購入処理後、30秒経過
[2021-01-02T20:40:47.839] [INFO] system - send successful
