[2021-06-24T22:21:57.442] [INFO] system - 2021-06-11 23:30:00にすでに到達
[2021-06-24T22:21:57.446] [INFO] system - ログイン処理想定時間到達
[2021-06-24T22:21:59.612] [INFO] system - ログインページに移動完了
[2021-06-24T22:22:06.001] [INFO] system - ログイン完了
[2021-06-24T22:22:06.001] [INFO] system - <成績時間カウント開始>
[2021-06-24T22:22:06.002] [INFO] system - クリエイターズページ：https://only-five.jp/creators/2187
[2021-06-24T22:22:06.314] [INFO] system - 2021-06-12 00:30:00に到達したため終了します
[2021-06-24T22:22:06.315] [INFO] system - 強制終了
[2021-06-24T22:23:50.458] [INFO] system - 2021-06-24 23:30:00までログイン処理待機中...
[2021-06-24T23:29:59.982] [INFO] system - ログイン処理想定時間到達
[2021-06-24T23:30:02.205] [INFO] system - ログインページに移動完了
[2021-06-24T23:30:03.598] [INFO] system - ログイン完了
[2021-06-24T23:30:03.598] [INFO] system - <成績時間カウント開始>
[2021-06-24T23:30:03.599] [INFO] system - クリエイターズページ：https://only-five.jp/creators/2187
[2021-06-24T23:30:03.773] [INFO] system - 2021-06-24 23:35:00まで画面更新処理待機中...
[2021-06-24T23:35:00.777] [INFO] system - クリエイターズページ：https://only-five.jp/creators/2187
[2021-06-24T23:35:00.983] [INFO] system - 2021-06-24 23:40:00まで画面更新処理待機中...
[2021-06-24T23:40:00.996] [INFO] system - クリエイターズページ：https://only-five.jp/creators/2187
[2021-06-24T23:40:01.280] [INFO] system - 2021-06-24 23:45:00まで画面更新処理待機中...
[2021-06-24T23:45:00.292] [INFO] system - クリエイターズページ：https://only-five.jp/creators/2187
[2021-06-24T23:45:00.522] [INFO] system - 2021-06-24 23:50:00まで画面更新処理待機中...
[2021-06-24T23:50:00.531] [INFO] system - クリエイターズページ：https://only-five.jp/creators/2187
[2021-06-24T23:50:00.736] [INFO] system - 2021-06-24 23:55:00まで画面更新処理待機中...
[2021-06-24T23:54:50.740] [INFO] system - 2021-06-24 23:30:00にすでに到達
[2021-06-24T23:54:50.745] [INFO] system - ログイン処理想定時間到達
[2021-06-24T23:54:52.994] [INFO] system - ログインページに移動完了
[2021-06-24T23:54:54.274] [INFO] system - ログイン完了
[2021-06-24T23:54:54.274] [INFO] system - <成績時間カウント開始>
[2021-06-24T23:54:54.275] [INFO] system - クリエイターズページ：https://only-five.jp/creators/2187
[2021-06-24T23:54:54.445] [INFO] system - 2021-06-24 23:55:00まで画面更新処理待機中...
[2021-06-24T23:55:00.447] [INFO] system - クリエイターズページ：https://only-five.jp/creators/2187
[2021-06-24T23:55:00.596] [INFO] system - 2021-06-25 00:00:00まで画面更新処理待機中...
