[2021-05-02T00:01:18.741] [INFO] system - 2021-05-02 00:00:00にすでに到達
[2021-05-02T00:01:18.745] [INFO] system - ログイン処理想定時間到達
[2021-05-02T00:01:20.825] [INFO] system - ログインページに移動完了
[2021-05-02T00:01:22.408] [INFO] system - ログイン完了
[2021-05-02T00:01:22.409] [INFO] system - <成績時間カウント開始>
[2021-05-02T00:01:22.410] [INFO] system - クリエイターズページ：https://only-five.jp/creators/2191
[2021-05-02T00:01:22.749] [INFO] system - 2021-05-02 00:05:00まで画面更新処理待機中...
[2021-05-02T00:05:00.761] [INFO] system - クリエイターズページ：https://only-five.jp/creators/2191
[2021-05-02T00:05:01.070] [INFO] system - 2021-05-02 00:10:00まで画面更新処理待機中...
[2021-05-02T00:10:00.069] [INFO] system - クリエイターズページ：https://only-five.jp/creators/2191
[2021-05-02T00:10:00.499] [INFO] system - 2021-05-02 00:15:00まで画面更新処理待機中...
[2021-05-02T00:15:00.498] [INFO] system - クリエイターズページ：https://only-five.jp/creators/2191
[2021-05-02T00:15:00.766] [INFO] system - ターゲットページ：https://only-five.jp/posts/108216
[2021-05-02T00:15:01.095] [INFO] system - 購入状態確認(4回目に成功)
[2021-05-02T00:15:01.096] [INFO] system - 購入処理開始(確定前)
[2021-05-02T00:15:01.124] [INFO] system - 購入処理開始(有料)
[2021-05-02T00:15:20.129] [ERROR] system - Error: Protocol error (Runtime.callFunctionOn): Target closed.
    at C:\source\yt-scraping\node_modules\puppeteer\lib\cjs\puppeteer\common\Connection.js:208:63
    at new Promise (<anonymous>)
    at CDPSession.send (C:\source\yt-scraping\node_modules\puppeteer\lib\cjs\puppeteer\common\Connection.js:207:16)
    at ExecutionContext._evaluateInternal (C:\source\yt-scraping\node_modules\puppeteer\lib\cjs\puppeteer\common\ExecutionContext.js:200:50)
    at ExecutionContext.evaluateHandle (C:\source\yt-scraping\node_modules\puppeteer\lib\cjs\puppeteer\common\ExecutionContext.js:151:21)
    at WaitTask.rerun (C:\source\yt-scraping\node_modules\puppeteer\lib\cjs\puppeteer\common\DOMWorld.js:498:71)
    at runMicrotasks (<anonymous>)
    at processTicksAndRejections (internal/process/task_queues.js:93:5)
[2021-05-02T00:15:20.165] [ERROR] system - Error: Protocol error (Target.activateTarget): Session closed. Most likely the page has been closed.
    at CDPSession.send (C:\source\yt-scraping\node_modules\puppeteer\lib\cjs\puppeteer\common\Connection.js:195:35)
    at Page._screenshotTask (C:\source\yt-scraping\node_modules\puppeteer\lib\cjs\puppeteer\common\Page.js:1084:28)
    at C:\source\yt-scraping\node_modules\puppeteer\lib\cjs\puppeteer\common\Page.js:1081:62
    at runMicrotasks (<anonymous>)
    at processTicksAndRejections (internal/process/task_queues.js:93:5)
[2021-05-02T00:15:20.173] [ERROR] system - Error: Protocol error (Target.activateTarget): Session closed. Most likely the page has been closed.
    at CDPSession.send (C:\source\yt-scraping\node_modules\puppeteer\lib\cjs\puppeteer\common\Connection.js:195:35)
    at Page._screenshotTask (C:\source\yt-scraping\node_modules\puppeteer\lib\cjs\puppeteer\common\Page.js:1084:28)
    at C:\source\yt-scraping\node_modules\puppeteer\lib\cjs\puppeteer\common\Page.js:1081:62
    at runMicrotasks (<anonymous>)
    at processTicksAndRejections (internal/process/task_queues.js:93:5)
[2021-05-02T00:15:20.195] [ERROR] system - ReferenceError: page is not defined
    at newBrowser (C:\source\yt-scraping\func-ofkick\ofkickloop.js:254:5)
    at runMicrotasks (<anonymous>)
    at processTicksAndRejections (internal/process/task_queues.js:93:5)
    at async C:\source\yt-scraping\func-ofkick\ofkickloop.js:83:5
