[2021-02-04T23:06:39.572] [INFO] system - 2021-01-02 07:00:00にすでに到達
[2021-02-04T23:06:39.578] [INFO] system - ログイン処理想定時間到達
[2021-02-04T23:06:46.478] [INFO] system - ログインページに移動完了
[2021-02-04T23:06:50.239] [INFO] system - ログイン完了
[2021-02-04T23:06:50.240] [INFO] system - <成績時間カウント開始>
[2021-02-04T23:06:50.241] [INFO] system - クリエイターズページ：https://only-five.jp/creators/2187
[2021-02-04T23:06:53.771] [INFO] system - 2021-02-04 23:10:00まで画面更新処理待機中...
[2021-02-04T23:10:00.777] [INFO] system - クリエイターズページ：https://only-five.jp/creators/2187
[2021-02-04T23:10:01.039] [INFO] system - 2021-02-04 23:15:00まで画面更新処理待機中...
[2021-02-04T23:15:00.051] [INFO] system - クリエイターズページ：https://only-five.jp/creators/2187
[2021-02-04T23:15:00.357] [INFO] system - 2021-02-04 23:20:00まで画面更新処理待機中...
[2021-02-04T23:20:00.369] [INFO] system - クリエイターズページ：https://only-five.jp/creators/2187
[2021-02-04T23:20:00.744] [INFO] system - 2021-02-04 23:25:00まで画面更新処理待機中...
[2021-02-04T23:25:00.743] [INFO] system - クリエイターズページ：https://only-five.jp/creators/2187
[2021-02-04T23:25:01.075] [INFO] system - 2021-02-04 23:30:00まで画面更新処理待機中...
[2021-02-04T23:30:00.085] [INFO] system - クリエイターズページ：https://only-five.jp/creators/2187
[2021-02-04T23:30:00.373] [INFO] system - 2021-02-04 23:35:00まで画面更新処理待機中...
[2021-02-04T23:35:00.376] [INFO] system - クリエイターズページ：https://only-five.jp/creators/2187
[2021-02-04T23:35:01.010] [INFO] system - 2021-02-04 23:40:00まで画面更新処理待機中...
[2021-02-04T23:40:00.027] [INFO] system - クリエイターズページ：https://only-five.jp/creators/2187
[2021-02-04T23:40:00.843] [INFO] system - 2021-02-04 23:45:00まで画面更新処理待機中...
[2021-02-04T23:45:00.846] [INFO] system - クリエイターズページ：https://only-five.jp/creators/2187
[2021-02-04T23:45:01.151] [INFO] system - 2021-02-04 23:50:00まで画面更新処理待機中...
[2021-02-04T23:50:00.162] [INFO] system - クリエイターズページ：https://only-five.jp/creators/2187
[2021-02-04T23:50:00.487] [INFO] system - ターゲットページ：https://only-five.jp/posts/88987
[2021-02-04T23:50:00.839] [INFO] system - 購入状態確認(10回目に成功)
[2021-02-04T23:50:00.848] [INFO] system - 購入処理開始(確定前)
[2021-02-04T23:50:00.879] [INFO] system - 購入処理開始(有料)
[2021-02-04T23:50:05.338] [INFO] system - send successful
[2021-02-04T23:50:11.657] [INFO] system - 購入処理完了(多分)
[2021-02-04T23:50:11.658] [INFO] system - <成績：2601.416秒>
[2021-02-04T23:50:41.670] [INFO] system - 購入処理後、30秒経過
[2021-02-04T23:50:45.025] [INFO] system - send successful
