[2021-02-11T21:54:17.658] [INFO] system - 2021-01-02 07:00:00にすでに到達
[2021-02-11T21:54:17.663] [INFO] system - ログイン処理想定時間到達
[2021-02-11T21:54:22.431] [INFO] system - ログインページに移動完了
[2021-02-11T21:54:23.554] [INFO] system - ログイン完了
[2021-02-11T21:54:23.555] [INFO] system - <成績時間カウント開始>
[2021-02-11T21:54:23.555] [INFO] system - クリエイターズページ：https://only-five.jp/creators/2187
[2021-02-11T21:54:24.785] [INFO] system - 2021-02-11 21:55:00まで画面更新処理待機中...
[2021-02-11T21:55:00.785] [INFO] system - クリエイターズページ：https://only-five.jp/creators/2187
[2021-02-11T21:55:01.003] [INFO] system - 2021-02-11 22:00:00まで画面更新処理待機中...
[2021-02-11T22:00:00.002] [INFO] system - クリエイターズページ：https://only-five.jp/creators/2187
[2021-02-11T22:00:00.227] [INFO] system - 2021-02-11 22:05:00まで画面更新処理待機中...
[2021-02-11T22:05:00.228] [INFO] system - クリエイターズページ：https://only-five.jp/creators/2187
[2021-02-11T22:05:00.459] [INFO] system - 2021-02-11 22:10:00まで画面更新処理待機中...
[2021-02-11T22:10:00.460] [INFO] system - クリエイターズページ：https://only-five.jp/creators/2187
[2021-02-11T22:10:00.818] [INFO] system - 2021-02-11 22:15:00まで画面更新処理待機中...
[2021-02-11T22:15:00.818] [INFO] system - クリエイターズページ：https://only-five.jp/creators/2187
[2021-02-11T22:15:01.099] [INFO] system - 2021-02-11 22:20:00まで画面更新処理待機中...
[2021-02-11T22:20:00.100] [INFO] system - クリエイターズページ：https://only-five.jp/creators/2187
[2021-02-11T22:20:00.385] [INFO] system - 2021-02-11 22:25:00まで画面更新処理待機中...
[2021-02-11T22:25:00.385] [INFO] system - クリエイターズページ：https://only-five.jp/creators/2187
[2021-02-11T22:25:00.921] [INFO] system - 2021-02-11 22:30:00まで画面更新処理待機中...
[2021-02-11T22:30:00.922] [INFO] system - クリエイターズページ：https://only-five.jp/creators/2187
[2021-02-11T22:30:16.452] [INFO] system - 2021-02-11 22:35:00まで画面更新処理待機中...
[2021-02-11T22:35:00.453] [INFO] system - クリエイターズページ：https://only-five.jp/creators/2187
[2021-02-11T22:35:00.707] [INFO] system - 2021-02-11 22:40:00まで画面更新処理待機中...
[2021-02-11T22:40:00.707] [INFO] system - クリエイターズページ：https://only-five.jp/creators/2187
[2021-02-11T22:40:01.035] [INFO] system - 2021-02-11 22:45:00まで画面更新処理待機中...
[2021-02-11T22:45:00.036] [INFO] system - クリエイターズページ：https://only-five.jp/creators/2187
[2021-02-11T22:45:00.259] [INFO] system - 2021-02-11 22:50:00まで画面更新処理待機中...
[2021-02-11T22:50:00.260] [INFO] system - クリエイターズページ：https://only-five.jp/creators/2187
[2021-02-11T22:50:00.517] [INFO] system - 2021-02-11 22:55:00まで画面更新処理待機中...
[2021-02-11T22:55:00.520] [INFO] system - クリエイターズページ：https://only-five.jp/creators/2187
[2021-02-11T22:55:00.928] [INFO] system - 2021-02-11 23:00:00まで画面更新処理待機中...
[2021-02-11T23:00:00.929] [INFO] system - クリエイターズページ：https://only-five.jp/creators/2187
[2021-02-11T23:00:01.580] [INFO] system - 2021-02-11 23:05:00まで画面更新処理待機中...
[2021-02-11T23:05:00.580] [INFO] system - クリエイターズページ：https://only-five.jp/creators/2187
[2021-02-11T23:05:00.914] [INFO] system - 2021-02-11 23:10:00まで画面更新処理待機中...
[2021-02-11T23:10:00.914] [INFO] system - クリエイターズページ：https://only-five.jp/creators/2187
[2021-02-11T23:10:01.252] [INFO] system - 2021-02-11 23:15:00まで画面更新処理待機中...
[2021-02-11T23:15:00.254] [INFO] system - クリエイターズページ：https://only-five.jp/creators/2187
[2021-02-11T23:15:00.465] [INFO] system - 2021-02-11 23:20:00まで画面更新処理待機中...
[2021-02-11T23:20:00.467] [INFO] system - クリエイターズページ：https://only-five.jp/creators/2187
[2021-02-11T23:20:00.682] [INFO] system - 2021-02-11 23:25:00まで画面更新処理待機中...
[2021-02-11T23:25:00.682] [INFO] system - クリエイターズページ：https://only-five.jp/creators/2187
[2021-02-11T23:25:00.927] [INFO] system - 2021-02-11 23:30:00まで画面更新処理待機中...
[2021-02-11T23:30:00.926] [INFO] system - クリエイターズページ：https://only-five.jp/creators/2187
[2021-02-11T23:30:01.329] [INFO] system - 2021-02-11 23:35:00まで画面更新処理待機中...
[2021-02-11T23:35:00.330] [INFO] system - クリエイターズページ：https://only-five.jp/creators/2187
[2021-02-11T23:35:00.554] [INFO] system - 2021-02-11 23:40:00まで画面更新処理待機中...
[2021-02-11T23:40:00.555] [INFO] system - クリエイターズページ：https://only-five.jp/creators/2187
[2021-02-11T23:40:00.823] [INFO] system - 2021-02-11 23:45:00まで画面更新処理待機中...
[2021-02-11T23:45:00.823] [INFO] system - クリエイターズページ：https://only-five.jp/creators/2187
[2021-02-11T23:45:01.036] [INFO] system - 2021-02-11 23:50:00まで画面更新処理待機中...
[2021-02-11T23:50:00.036] [INFO] system - クリエイターズページ：https://only-five.jp/creators/2187
[2021-02-11T23:50:00.392] [INFO] system - ターゲットページ：https://only-five.jp/posts/90536
[2021-02-11T23:50:00.668] [INFO] system - 購入状態確認(25回目に成功)
[2021-02-11T23:50:00.676] [INFO] system - 購入処理開始(確定前)
[2021-02-11T23:50:00.714] [INFO] system - 購入処理開始(有料)
[2021-02-11T23:50:03.796] [INFO] system - send successful
[2021-02-11T23:50:11.390] [INFO] system - 購入処理完了(多分)
[2021-02-11T23:50:11.391] [INFO] system - <成績：6947.836秒>
[2021-02-11T23:50:41.391] [INFO] system - 購入処理後、30秒経過
[2021-02-11T23:50:45.621] [INFO] system - send successful
