[2021-01-28T23:29:38.707] [INFO] system - 2021-01-02 07:00:00にすでに到達
[2021-01-28T23:29:38.717] [INFO] system - ログイン処理想定時間到達
[2021-01-28T23:29:43.461] [INFO] system - ログインページに移動完了
[2021-01-28T23:29:44.612] [INFO] system - ログイン完了
[2021-01-28T23:29:44.612] [INFO] system - <成績時間カウント開始>
[2021-01-28T23:29:44.613] [INFO] system - クリエイターズページ：https://only-five.jp/creators/2187
[2021-01-28T23:29:45.052] [INFO] system - 2021-01-28 23:30:00まで画面更新処理待機中...
[2021-01-28T23:30:00.052] [INFO] system - クリエイターズページ：https://only-five.jp/creators/2187
[2021-01-28T23:30:00.280] [INFO] system - 2021-01-28 23:35:00まで画面更新処理待機中...
[2021-01-28T23:45:57.167] [INFO] system - クリエイターズページ：https://only-five.jp/creators/2187
[2021-01-28T23:46:08.053] [INFO] system - 2021-01-28 23:50:00まで画面更新処理待機中...
[2021-01-28T23:50:00.055] [INFO] system - クリエイターズページ：https://only-five.jp/creators/2187
[2021-01-28T23:50:00.463] [INFO] system - ターゲットページ：https://only-five.jp/posts/87110
[2021-01-28T23:50:00.777] [INFO] system - 購入状態確認(4回目に成功)
[2021-01-28T23:50:00.785] [INFO] system - 購入処理開始(確定前)
[2021-01-28T23:50:00.815] [INFO] system - 購入処理開始(有料)
[2021-01-28T23:50:04.428] [INFO] system - send successful
[2021-01-28T23:50:11.387] [INFO] system - 購入処理完了(多分)
[2021-01-28T23:50:11.388] [INFO] system - <成績：1226.775秒>
[2021-01-28T23:50:41.389] [INFO] system - 購入処理後、30秒経過
[2021-01-28T23:50:44.873] [INFO] system - send successful
