[2021-03-16T23:21:37.686] [INFO] system - 2021-01-02 07:00:00にすでに到達
[2021-03-16T23:21:37.694] [INFO] system - ログイン処理想定時間到達
[2021-03-16T23:21:42.586] [INFO] system - ログインページに移動完了
[2021-03-16T23:21:43.791] [INFO] system - ログイン完了
[2021-03-16T23:21:43.792] [INFO] system - <成績時間カウント開始>
[2021-03-16T23:21:43.793] [INFO] system - クリエイターズページ：https://only-five.jp/creators/2187
[2021-03-16T23:21:44.009] [INFO] system - 2021-03-16 23:25:00まで画面更新処理待機中...
[2021-03-16T23:25:00.012] [INFO] system - クリエイターズページ：https://only-five.jp/creators/2187
[2021-03-16T23:25:00.192] [INFO] system - 2021-03-16 23:30:00まで画面更新処理待機中...
[2021-03-16T23:30:00.203] [INFO] system - クリエイターズページ：https://only-five.jp/creators/2187
[2021-03-16T23:30:00.426] [INFO] system - 2021-03-16 23:35:00まで画面更新処理待機中...
[2021-03-16T23:35:00.424] [INFO] system - クリエイターズページ：https://only-five.jp/creators/2187
[2021-03-16T23:35:00.653] [INFO] system - 2021-03-16 23:40:00まで画面更新処理待機中...
[2021-03-16T23:40:00.655] [INFO] system - クリエイターズページ：https://only-five.jp/creators/2187
[2021-03-16T23:40:00.922] [INFO] system - 2021-03-16 23:45:00まで画面更新処理待機中...
[2021-03-16T23:45:00.923] [INFO] system - クリエイターズページ：https://only-five.jp/creators/2187
[2021-03-16T23:45:01.145] [INFO] system - 2021-03-16 23:50:00まで画面更新処理待機中...
[2021-03-16T23:50:00.145] [INFO] system - クリエイターズページ：https://only-five.jp/creators/2187
[2021-03-16T23:50:00.378] [INFO] system - ターゲットページ：https://only-five.jp/posts/98101
[2021-03-16T23:50:00.620] [INFO] system - 購入状態確認(7回目に成功)
[2021-03-16T23:50:00.621] [INFO] system - 購入処理開始(確定前)
[2021-03-16T23:50:00.641] [INFO] system - 購入処理開始(有料)
[2021-03-16T23:50:11.754] [INFO] system - 購入処理完了(多分)
[2021-03-16T23:50:11.755] [INFO] system - <成績：1707.963秒>
[2021-03-16T23:50:41.755] [INFO] system - 購入処理後、30秒経過
