[2021-02-14T23:28:08.544] [INFO] system - 2021-01-02 07:00:00にすでに到達
[2021-02-14T23:28:08.551] [INFO] system - ログイン処理想定時間到達
[2021-02-14T23:30:14.036] [ERROR] system - Error: Navigation failed because browser has disconnected!
    at C:\source\yt-scraping\node_modules\puppeteer\lib\cjs\puppeteer\common\LifecycleWatcher.js:51:147
    at C:\source\yt-scraping\node_modules\puppeteer\lib\cjs\vendor\mitt\src\index.js:51:62
    at Array.map (<anonymous>)
    at Object.emit (C:\source\yt-scraping\node_modules\puppeteer\lib\cjs\vendor\mitt\src\index.js:51:43)
    at CDPSession.emit (C:\source\yt-scraping\node_modules\puppeteer\lib\cjs\puppeteer\common\EventEmitter.js:72:22)
    at CDPSession._onClosed (C:\source\yt-scraping\node_modules\puppeteer\lib\cjs\puppeteer\common\Connection.js:247:14)
    at Connection._onMessage (C:\source\yt-scraping\node_modules\puppeteer\lib\cjs\puppeteer\common\Connection.js:94:25)
    at WebSocket.<anonymous> (C:\source\yt-scraping\node_modules\puppeteer\lib\cjs\puppeteer\node\NodeWebSocketTransport.js:13:32)
    at WebSocket.onMessage (C:\source\yt-scraping\node_modules\ws\lib\event-target.js:132:16)
    at WebSocket.emit (events.js:315:20)
[2021-02-14T23:30:14.044] [ERROR] system - ReferenceError: page is not defined
    at newBrowser (C:\source\yt-scraping\func-ofkick\ofkickloop.js:245:5)
    at processTicksAndRejections (internal/process/task_queues.js:93:5)
    at async C:\source\yt-scraping\func-ofkick\ofkickloop.js:80:5
[2021-02-14T23:30:18.044] [INFO] system - 2021-01-02 07:00:00にすでに到達
[2021-02-14T23:30:18.054] [INFO] system - ログイン処理想定時間到達
[2021-02-14T23:31:14.727] [ERROR] system - Error: Navigation failed because browser has disconnected!
    at C:\source\yt-scraping\node_modules\puppeteer\lib\cjs\puppeteer\common\LifecycleWatcher.js:51:147
    at C:\source\yt-scraping\node_modules\puppeteer\lib\cjs\vendor\mitt\src\index.js:51:62
    at Array.map (<anonymous>)
    at Object.emit (C:\source\yt-scraping\node_modules\puppeteer\lib\cjs\vendor\mitt\src\index.js:51:43)
    at CDPSession.emit (C:\source\yt-scraping\node_modules\puppeteer\lib\cjs\puppeteer\common\EventEmitter.js:72:22)
    at CDPSession._onClosed (C:\source\yt-scraping\node_modules\puppeteer\lib\cjs\puppeteer\common\Connection.js:247:14)
    at Connection._onMessage (C:\source\yt-scraping\node_modules\puppeteer\lib\cjs\puppeteer\common\Connection.js:94:25)
    at WebSocket.<anonymous> (C:\source\yt-scraping\node_modules\puppeteer\lib\cjs\puppeteer\node\NodeWebSocketTransport.js:13:32)
    at WebSocket.onMessage (C:\source\yt-scraping\node_modules\ws\lib\event-target.js:132:16)
    at WebSocket.emit (events.js:315:20)
[2021-02-14T23:31:14.734] [ERROR] system - ReferenceError: page is not defined
    at newBrowser (C:\source\yt-scraping\func-ofkick\ofkickloop.js:245:5)
    at processTicksAndRejections (internal/process/task_queues.js:93:5)
    at async C:\source\yt-scraping\func-ofkick\ofkickloop.js:80:5
[2021-02-14T23:34:57.910] [INFO] system - 2021-01-02 07:00:00にすでに到達
[2021-02-14T23:34:57.914] [INFO] system - ログイン処理想定時間到達
[2021-02-14T23:35:03.205] [INFO] system - ログインページに移動完了
[2021-02-14T23:35:04.221] [INFO] system - ログイン完了
[2021-02-14T23:35:04.222] [INFO] system - <成績時間カウント開始>
[2021-02-14T23:35:04.223] [INFO] system - クリエイターズページ：https://only-five.jp/creators/2187
[2021-02-14T23:35:34.419] [INFO] system - 2021-02-14 23:40:00まで画面更新処理待機中...
[2021-02-14T23:40:05.230] [INFO] system - クリエイターズページ：https://only-five.jp/creators/2187
[2021-02-14T23:40:06.573] [INFO] system - 2021-02-14 23:45:00まで画面更新処理待機中...
[2021-02-14T23:45:00.576] [INFO] system - クリエイターズページ：https://only-five.jp/creators/2187
[2021-02-14T23:45:30.979] [INFO] system - 2021-02-14 23:50:00まで画面更新処理待機中...
[2021-02-14T23:50:00.980] [INFO] system - クリエイターズページ：https://only-five.jp/creators/2187
[2021-02-14T23:50:01.305] [INFO] system - ターゲットページ：https://only-five.jp/posts/91375
[2021-02-14T23:50:01.562] [INFO] system - 購入状態確認(4回目に成功)
[2021-02-14T23:50:01.573] [INFO] system - 購入処理開始(確定前)
[2021-02-14T23:50:01.596] [INFO] system - 購入処理開始(有料)
[2021-02-14T23:50:04.953] [INFO] system - send successful
[2021-02-14T23:50:11.903] [INFO] system - 購入処理完了(多分)
[2021-02-14T23:50:11.904] [INFO] system - <成績：907.682秒>
