[2021-04-05T00:00:00.632] [INFO] system - クリエイターズページ：https://only-five.jp/creators/2188
[2021-04-05T00:00:00.877] [INFO] system - 2021-04-05 00:05:00まで画面更新処理待機中...
[2021-04-05T00:05:00.894] [INFO] system - クリエイターズページ：https://only-five.jp/creators/2188
[2021-04-05T00:05:01.447] [INFO] system - 2021-04-05 00:10:00まで画面更新処理待機中...
[2021-04-05T00:10:00.454] [INFO] system - クリエイターズページ：https://only-five.jp/creators/2188
[2021-04-05T00:10:00.832] [INFO] system - 2021-04-05 00:15:00まで画面更新処理待機中...
[2021-04-05T00:15:00.834] [INFO] system - クリエイターズページ：https://only-five.jp/creators/2188
[2021-04-05T00:15:01.115] [INFO] system - 2021-04-05 00:20:00まで画面更新処理待機中...
[2021-04-05T00:20:00.116] [INFO] system - クリエイターズページ：https://only-five.jp/creators/2188
[2021-04-05T00:20:00.381] [INFO] system - 2021-04-05 00:25:00まで画面更新処理待機中...
[2021-04-05T00:25:00.390] [INFO] system - クリエイターズページ：https://only-five.jp/creators/2188
[2021-04-05T00:25:00.927] [INFO] system - 2021-04-05 00:30:00まで画面更新処理待機中...
[2021-04-05T00:30:00.932] [INFO] system - クリエイターズページ：https://only-five.jp/creators/2188
[2021-04-05T00:30:01.204] [INFO] system - 2021-04-05 00:35:00まで画面更新処理待機中...
[2021-04-05T00:35:00.204] [INFO] system - クリエイターズページ：https://only-five.jp/creators/2188
[2021-04-05T00:35:00.478] [INFO] system - 2021-04-05 00:40:00まで画面更新処理待機中...
[2021-04-05T00:40:00.486] [INFO] system - クリエイターズページ：https://only-five.jp/creators/2188
[2021-04-05T00:40:01.093] [INFO] system - 2021-04-05 00:45:00まで画面更新処理待機中...
[2021-04-05T00:45:00.102] [INFO] system - クリエイターズページ：https://only-five.jp/creators/2188
[2021-04-05T00:45:00.580] [INFO] system - 2021-04-05 00:50:00まで画面更新処理待機中...
[2021-04-05T00:50:00.600] [INFO] system - クリエイターズページ：https://only-five.jp/creators/2188
[2021-04-05T00:50:00.856] [INFO] system - 2021-04-05 00:55:00まで画面更新処理待機中...
[2021-04-05T00:55:00.857] [INFO] system - クリエイターズページ：https://only-five.jp/creators/2188
[2021-04-05T00:55:01.293] [INFO] system - 2021-04-05 01:00:00まで画面更新処理待機中...
[2021-04-05T01:00:00.296] [INFO] system - クリエイターズページ：https://only-five.jp/creators/2188
[2021-04-05T01:00:00.563] [INFO] system - 2021-04-05 01:00:00に到達したため終了します
[2021-04-05T01:00:00.564] [INFO] system - 強制終了
[2021-04-05T23:20:36.782] [INFO] system - 2021-04-04 22:30:00にすでに到達
[2021-04-05T23:20:36.787] [INFO] system - ログイン処理想定時間到達
[2021-04-05T23:20:41.658] [INFO] system - ログインページに移動完了
[2021-04-05T23:20:42.711] [INFO] system - ログイン完了
[2021-04-05T23:20:42.711] [INFO] system - <成績時間カウント開始>
[2021-04-05T23:20:42.712] [INFO] system - クリエイターズページ：https://only-five.jp/creators/2188
[2021-04-05T23:20:42.926] [INFO] system - 2021-04-05 01:00:00に到達したため終了します
[2021-04-05T23:20:42.926] [INFO] system - 強制終了
[2021-04-05T23:21:02.772] [INFO] system - 2021-04-05 23:20:00にすでに到達
[2021-04-05T23:21:02.776] [INFO] system - ログイン処理想定時間到達
[2021-04-05T23:21:07.447] [INFO] system - ログインページに移動完了
[2021-04-05T23:21:08.635] [INFO] system - ログイン完了
[2021-04-05T23:21:08.636] [INFO] system - <成績時間カウント開始>
[2021-04-05T23:21:08.637] [INFO] system - クリエイターズページ：https://only-five.jp/creators/2188
[2021-04-05T23:21:08.911] [INFO] system - 2021-04-05 23:25:00まで画面更新処理待機中...
[2021-04-05T23:25:00.914] [INFO] system - クリエイターズページ：https://only-five.jp/creators/2188
[2021-04-05T23:25:01.118] [INFO] system - 2021-04-05 23:30:00まで画面更新処理待機中...
[2021-04-05T23:30:00.138] [INFO] system - クリエイターズページ：https://only-five.jp/creators/2188
[2021-04-05T23:30:00.400] [INFO] system - 2021-04-05 23:35:00まで画面更新処理待機中...
[2021-04-05T23:35:00.403] [INFO] system - クリエイターズページ：https://only-five.jp/creators/2188
[2021-04-05T23:35:00.680] [INFO] system - 2021-04-05 23:40:00まで画面更新処理待機中...
[2021-04-05T23:40:00.685] [INFO] system - クリエイターズページ：https://only-five.jp/creators/2188
[2021-04-05T23:40:01.043] [INFO] system - 2021-04-05 23:45:00まで画面更新処理待機中...
[2021-04-05T23:45:00.048] [INFO] system - クリエイターズページ：https://only-five.jp/creators/2188
[2021-04-05T23:45:00.313] [INFO] system - 2021-04-05 23:50:00まで画面更新処理待機中...
[2021-04-05T23:50:00.317] [INFO] system - クリエイターズページ：https://only-five.jp/creators/2188
[2021-04-05T23:50:00.653] [INFO] system - 2021-04-05 23:55:00まで画面更新処理待機中...
[2021-04-05T23:55:00.656] [INFO] system - クリエイターズページ：https://only-five.jp/creators/2188
[2021-04-05T23:55:00.932] [INFO] system - 2021-04-06 00:00:00まで画面更新処理待機中...
