[2021-04-06T00:00:00.933] [INFO] system - クリエイターズページ：https://only-five.jp/creators/2188
[2021-04-06T00:00:01.353] [INFO] system - 2021-04-06 00:05:00まで画面更新処理待機中...
[2021-04-06T00:05:00.357] [INFO] system - クリエイターズページ：https://only-five.jp/creators/2188
[2021-04-06T00:05:00.804] [INFO] system - 2021-04-06 00:10:00まで画面更新処理待機中...
[2021-04-06T00:10:00.806] [INFO] system - クリエイターズページ：https://only-five.jp/creators/2188
[2021-04-06T00:10:01.075] [INFO] system - 2021-04-06 00:15:00まで画面更新処理待機中...
[2021-04-06T00:15:00.087] [INFO] system - クリエイターズページ：https://only-five.jp/creators/2188
[2021-04-06T00:15:00.335] [INFO] system - 2021-04-06 00:20:00まで画面更新処理待機中...
[2021-04-06T00:20:00.336] [INFO] system - クリエイターズページ：https://only-five.jp/creators/2188
[2021-04-06T00:20:00.755] [INFO] system - 2021-04-06 00:25:00まで画面更新処理待機中...
[2021-04-06T00:25:00.758] [INFO] system - クリエイターズページ：https://only-five.jp/creators/2188
[2021-04-06T00:25:01.054] [INFO] system - 2021-04-06 00:30:00まで画面更新処理待機中...
[2021-04-06T00:30:00.055] [INFO] system - クリエイターズページ：https://only-five.jp/creators/2188
[2021-04-06T00:30:00.324] [INFO] system - 2021-04-06 00:35:00まで画面更新処理待機中...
[2021-04-06T00:35:00.325] [INFO] system - クリエイターズページ：https://only-five.jp/creators/2188
[2021-04-06T00:35:01.974] [INFO] system - 2021-04-06 00:40:00まで画面更新処理待機中...
[2021-04-06T00:40:00.975] [INFO] system - クリエイターズページ：https://only-five.jp/creators/2188
[2021-04-06T00:40:01.338] [INFO] system - 2021-04-06 00:45:00まで画面更新処理待機中...
[2021-04-06T00:45:00.339] [INFO] system - クリエイターズページ：https://only-five.jp/creators/2188
[2021-04-06T00:45:00.605] [INFO] system - 2021-04-06 00:50:00まで画面更新処理待機中...
[2021-04-06T00:50:00.606] [INFO] system - クリエイターズページ：https://only-five.jp/creators/2188
[2021-04-06T00:50:00.863] [INFO] system - 2021-04-06 00:55:00まで画面更新処理待機中...
[2021-04-06T00:55:00.864] [INFO] system - クリエイターズページ：https://only-five.jp/creators/2188
[2021-04-06T00:55:01.249] [INFO] system - 2021-04-06 01:00:00まで画面更新処理待機中...
[2021-04-06T01:00:00.253] [INFO] system - クリエイターズページ：https://only-five.jp/creators/2188
[2021-04-06T01:00:00.533] [INFO] system - 2021-04-06 01:00:00に到達したため終了します
[2021-04-06T01:00:00.533] [INFO] system - 強制終了
[2021-04-06T22:07:00.990] [INFO] system - 2021-04-05 23:20:00にすでに到達
[2021-04-06T22:07:00.994] [INFO] system - ログイン処理想定時間到達
[2021-04-06T22:07:05.929] [INFO] system - ログインページに移動完了
[2021-04-06T22:07:07.190] [INFO] system - ログイン完了
[2021-04-06T22:07:07.191] [INFO] system - <成績時間カウント開始>
[2021-04-06T22:07:07.193] [INFO] system - クリエイターズページ：https://only-five.jp/creators/2188
[2021-04-06T22:07:07.577] [INFO] system - 2021-04-06 01:00:00に到達したため終了します
[2021-04-06T22:07:07.579] [INFO] system - 強制終了
[2021-04-06T22:07:48.183] [INFO] system - 2021-04-06 22:05:00にすでに到達
[2021-04-06T22:07:48.188] [INFO] system - ログイン処理想定時間到達
[2021-04-06T22:07:52.873] [INFO] system - ログインページに移動完了
[2021-04-06T22:07:54.067] [INFO] system - ログイン完了
[2021-04-06T22:07:54.069] [INFO] system - <成績時間カウント開始>
[2021-04-06T22:07:54.070] [INFO] system - クリエイターズページ：https://only-five.jp/creators/2188
[2021-04-06T22:07:54.445] [INFO] system - 2021-04-06 22:10:00まで画面更新処理待機中...
[2021-04-06T22:10:00.448] [INFO] system - クリエイターズページ：https://only-five.jp/creators/2188
[2021-04-06T22:10:00.797] [INFO] system - 2021-04-06 22:15:00まで画面更新処理待機中...
[2021-04-06T22:15:00.798] [INFO] system - クリエイターズページ：https://only-five.jp/creators/2188
[2021-04-06T22:15:01.116] [INFO] system - 2021-04-06 22:20:00まで画面更新処理待機中...
[2021-04-06T22:20:00.117] [INFO] system - クリエイターズページ：https://only-five.jp/creators/2188
[2021-04-06T22:20:00.537] [INFO] system - 2021-04-06 22:25:00まで画面更新処理待機中...
[2021-04-06T22:25:00.540] [INFO] system - クリエイターズページ：https://only-five.jp/creators/2188
[2021-04-06T22:25:00.983] [INFO] system - 2021-04-06 22:30:00まで画面更新処理待機中...
[2021-04-06T22:30:00.985] [INFO] system - クリエイターズページ：https://only-five.jp/creators/2188
[2021-04-06T22:30:01.237] [INFO] system - ターゲットページ：https://only-five.jp/posts/102515
[2021-04-06T22:30:01.941] [INFO] system - 購入状態確認(6回目に成功)
[2021-04-06T22:30:01.942] [INFO] system - 購入処理開始(確定前)
[2021-04-06T22:30:01.976] [INFO] system - 購入処理開始(有料)
[2021-04-06T22:30:33.305] [ERROR] system - Error: Protocol error (Runtime.callFunctionOn): Target closed.
    at C:\source\yt-scraping\node_modules\puppeteer\lib\cjs\puppeteer\common\Connection.js:208:63
    at new Promise (<anonymous>)
    at CDPSession.send (C:\source\yt-scraping\node_modules\puppeteer\lib\cjs\puppeteer\common\Connection.js:207:16)
    at ExecutionContext._evaluateInternal (C:\source\yt-scraping\node_modules\puppeteer\lib\cjs\puppeteer\common\ExecutionContext.js:200:50)
    at ExecutionContext.evaluateHandle (C:\source\yt-scraping\node_modules\puppeteer\lib\cjs\puppeteer\common\ExecutionContext.js:151:21)
    at WaitTask.rerun (C:\source\yt-scraping\node_modules\puppeteer\lib\cjs\puppeteer\common\DOMWorld.js:498:71)
    at runMicrotasks (<anonymous>)
    at processTicksAndRejections (internal/process/task_queues.js:93:5)
[2021-04-06T22:30:33.350] [ERROR] system - Error: Protocol error (Target.activateTarget): Session closed. Most likely the page has been closed.
    at CDPSession.send (C:\source\yt-scraping\node_modules\puppeteer\lib\cjs\puppeteer\common\Connection.js:195:35)
    at Page._screenshotTask (C:\source\yt-scraping\node_modules\puppeteer\lib\cjs\puppeteer\common\Page.js:1084:28)
    at C:\source\yt-scraping\node_modules\puppeteer\lib\cjs\puppeteer\common\Page.js:1081:62
    at runMicrotasks (<anonymous>)
    at processTicksAndRejections (internal/process/task_queues.js:93:5)
[2021-04-06T22:30:33.353] [ERROR] system - Error: Protocol error (Target.activateTarget): Session closed. Most likely the page has been closed.
    at CDPSession.send (C:\source\yt-scraping\node_modules\puppeteer\lib\cjs\puppeteer\common\Connection.js:195:35)
    at Page._screenshotTask (C:\source\yt-scraping\node_modules\puppeteer\lib\cjs\puppeteer\common\Page.js:1084:28)
    at C:\source\yt-scraping\node_modules\puppeteer\lib\cjs\puppeteer\common\Page.js:1081:62
    at runMicrotasks (<anonymous>)
    at processTicksAndRejections (internal/process/task_queues.js:93:5)
[2021-04-06T22:30:33.355] [ERROR] system - ReferenceError: page is not defined
    at newBrowser (C:\source\yt-scraping\func-ofkick\ofkickloop.js:254:5)
    at runMicrotasks (<anonymous>)
    at processTicksAndRejections (internal/process/task_queues.js:93:5)
    at async C:\source\yt-scraping\func-ofkick\ofkickloop.js:83:5
