[2021-04-02T22:22:03.294] [INFO] system - 2021-01-02 07:00:00にすでに到達
[2021-04-02T22:22:03.299] [INFO] system - ログイン処理想定時間到達
[2021-04-02T22:22:08.305] [INFO] system - ログインページに移動完了
[2021-04-02T22:22:09.737] [INFO] system - ログイン完了
[2021-04-02T22:22:09.738] [INFO] system - <成績時間カウント開始>
[2021-04-02T22:22:09.738] [INFO] system - クリエイターズページ：https://only-five.jp/creators/2188
[2021-04-02T22:22:10.178] [INFO] system - 2021-04-02 22:25:00まで画面更新処理待機中...
[2021-04-02T22:25:00.201] [INFO] system - クリエイターズページ：https://only-five.jp/creators/2188
[2021-04-02T22:25:00.426] [INFO] system - 2021-04-02 22:30:00まで画面更新処理待機中...
[2021-04-02T22:30:00.427] [INFO] system - クリエイターズページ：https://only-five.jp/creators/2188
[2021-04-02T22:30:00.712] [INFO] system - 2021-04-02 22:35:00まで画面更新処理待機中...
[2021-04-02T22:35:00.712] [INFO] system - クリエイターズページ：https://only-five.jp/creators/2188
[2021-04-02T22:35:00.983] [INFO] system - 2021-04-02 22:40:00まで画面更新処理待機中...
[2021-04-02T22:40:00.990] [INFO] system - クリエイターズページ：https://only-five.jp/creators/2188
[2021-04-02T22:40:01.359] [INFO] system - 2021-04-02 22:45:00まで画面更新処理待機中...
[2021-04-02T22:45:00.359] [INFO] system - クリエイターズページ：https://only-five.jp/creators/2188
[2021-04-02T22:45:00.628] [INFO] system - 2021-04-02 22:50:00まで画面更新処理待機中...
[2021-04-02T22:50:00.631] [INFO] system - クリエイターズページ：https://only-five.jp/creators/2188
[2021-04-02T22:50:03.181] [INFO] system - 2021-04-02 22:55:00まで画面更新処理待機中...
[2021-04-02T22:55:00.182] [INFO] system - クリエイターズページ：https://only-five.jp/creators/2188
[2021-04-02T22:55:00.506] [INFO] system - 2021-04-02 23:00:00まで画面更新処理待機中...
[2021-04-02T23:00:00.520] [INFO] system - クリエイターズページ：https://only-five.jp/creators/2188
[2021-04-02T23:00:00.924] [INFO] system - 2021-04-02 23:05:00まで画面更新処理待機中...
[2021-04-02T23:05:00.924] [INFO] system - クリエイターズページ：https://only-five.jp/creators/2188
[2021-04-02T23:05:01.192] [INFO] system - 2021-04-02 23:10:00まで画面更新処理待機中...
[2021-04-02T23:10:00.193] [INFO] system - クリエイターズページ：https://only-five.jp/creators/2188
[2021-04-02T23:10:00.461] [INFO] system - 2021-04-02 23:15:00まで画面更新処理待機中...
[2021-04-02T23:15:00.477] [INFO] system - クリエイターズページ：https://only-five.jp/creators/2188
[2021-04-02T23:15:00.759] [INFO] system - 2021-04-02 23:20:00まで画面更新処理待機中...
[2021-04-02T23:20:00.762] [INFO] system - クリエイターズページ：https://only-five.jp/creators/2188
[2021-04-02T23:20:01.142] [INFO] system - 2021-04-02 23:25:00まで画面更新処理待機中...
[2021-04-02T23:25:00.143] [INFO] system - クリエイターズページ：https://only-five.jp/creators/2188
[2021-04-02T23:25:00.522] [INFO] system - 2021-04-02 23:30:00まで画面更新処理待機中...
[2021-04-02T23:30:00.524] [INFO] system - クリエイターズページ：https://only-five.jp/creators/2188
[2021-04-02T23:30:00.788] [INFO] system - 2021-04-02 23:35:00まで画面更新処理待機中...
[2021-04-02T23:35:00.789] [INFO] system - クリエイターズページ：https://only-five.jp/creators/2188
[2021-04-02T23:35:01.278] [INFO] system - 2021-04-02 23:40:00まで画面更新処理待機中...
[2021-04-02T23:40:00.278] [INFO] system - クリエイターズページ：https://only-five.jp/creators/2188
[2021-04-02T23:40:00.702] [INFO] system - 2021-04-02 23:45:00まで画面更新処理待機中...
[2021-04-02T23:45:00.705] [INFO] system - クリエイターズページ：https://only-five.jp/creators/2188
[2021-04-02T23:45:00.908] [INFO] system - 2021-04-02 23:50:00まで画面更新処理待機中...
[2021-04-02T23:50:00.911] [INFO] system - クリエイターズページ：https://only-five.jp/creators/2188
[2021-04-02T23:50:01.300] [INFO] system - 2021-04-02 23:55:00まで画面更新処理待機中...
[2021-04-02T23:55:00.300] [INFO] system - クリエイターズページ：https://only-five.jp/creators/2188
[2021-04-02T23:55:00.529] [INFO] system - 2021-04-03 00:00:00まで画面更新処理待機中...
