[2021-03-05T21:19:34.920] [INFO] system - 2021-01-02 07:00:00にすでに到達
[2021-03-05T21:19:34.927] [INFO] system - ログイン処理想定時間到達
[2021-03-05T21:19:40.121] [INFO] system - ログインページに移動完了
[2021-03-05T21:19:41.257] [INFO] system - ログイン完了
[2021-03-05T21:19:41.258] [INFO] system - <成績時間カウント開始>
[2021-03-05T21:19:41.259] [INFO] system - クリエイターズページ：https://only-five.jp/creators/2187
[2021-03-05T21:19:41.519] [INFO] system - 2021-03-05 21:20:00まで画面更新処理待機中...
[2021-03-05T21:20:00.519] [INFO] system - クリエイターズページ：https://only-five.jp/creators/2187
[2021-03-05T21:20:00.696] [INFO] system - 2021-03-05 21:25:00まで画面更新処理待機中...
[2021-03-05T21:23:30.904] [INFO] system - 2021-01-02 07:00:00にすでに到達
[2021-03-05T21:23:30.909] [INFO] system - ログイン処理想定時間到達
[2021-03-05T21:23:35.602] [INFO] system - ログインページに移動完了
[2021-03-05T21:23:36.722] [INFO] system - ログイン完了
[2021-03-05T21:23:36.723] [INFO] system - <成績時間カウント開始>
[2021-03-05T21:23:36.724] [INFO] system - クリエイターズページ：https://only-five.jp/creators/2187
[2021-03-05T21:23:40.033] [INFO] system - 2021-03-05 21:25:00まで画面更新処理待機中...
[2021-03-05T21:25:00.034] [INFO] system - クリエイターズページ：https://only-five.jp/creators/2187
[2021-03-05T21:25:00.183] [INFO] system - 2021-03-05 21:30:00まで画面更新処理待機中...
[2021-03-05T21:30:00.192] [INFO] system - クリエイターズページ：https://only-five.jp/creators/2187
[2021-03-05T21:30:00.417] [INFO] system - 2021-03-05 21:35:00まで画面更新処理待機中...
[2021-03-05T21:35:00.422] [INFO] system - クリエイターズページ：https://only-five.jp/creators/2187
[2021-03-05T21:35:00.650] [INFO] system - 2021-03-05 21:40:00まで画面更新処理待機中...
[2021-03-05T21:40:00.653] [INFO] system - クリエイターズページ：https://only-five.jp/creators/2187
[2021-03-05T21:40:00.980] [INFO] system - 2021-03-05 21:45:00まで画面更新処理待機中...
[2021-03-05T21:45:00.997] [INFO] system - クリエイターズページ：https://only-five.jp/creators/2187
[2021-03-05T21:45:12.243] [INFO] system - 2021-03-05 21:50:00まで画面更新処理待機中...
[2021-03-05T21:50:00.243] [INFO] system - クリエイターズページ：https://only-five.jp/creators/2187
[2021-03-05T21:50:12.201] [INFO] system - 2021-03-05 21:55:00まで画面更新処理待機中...
[2021-03-05T21:55:00.204] [INFO] system - クリエイターズページ：https://only-five.jp/creators/2187
[2021-03-05T21:55:00.429] [INFO] system - 2021-03-05 22:00:00まで画面更新処理待機中...
[2021-03-05T22:00:00.429] [INFO] system - クリエイターズページ：https://only-five.jp/creators/2187
[2021-03-05T22:00:00.640] [INFO] system - 2021-03-05 22:05:00まで画面更新処理待機中...
[2021-03-05T22:05:00.640] [INFO] system - クリエイターズページ：https://only-five.jp/creators/2187
[2021-03-05T22:05:00.825] [INFO] system - 2021-03-05 22:10:00まで画面更新処理待機中...
[2021-03-05T22:10:00.826] [INFO] system - クリエイターズページ：https://only-five.jp/creators/2187
[2021-03-05T22:10:02.526] [INFO] system - 2021-03-05 22:15:00まで画面更新処理待機中...
[2021-03-05T22:15:00.526] [INFO] system - クリエイターズページ：https://only-five.jp/creators/2187
[2021-03-05T22:15:00.751] [INFO] system - 2021-03-05 22:20:00まで画面更新処理待機中...
[2021-03-05T22:20:00.750] [INFO] system - クリエイターズページ：https://only-five.jp/creators/2187
[2021-03-05T22:20:00.987] [INFO] system - 2021-03-05 22:25:00まで画面更新処理待機中...
[2021-03-05T22:25:00.986] [INFO] system - クリエイターズページ：https://only-five.jp/creators/2187
[2021-03-05T22:25:01.230] [INFO] system - 2021-03-05 22:30:00まで画面更新処理待機中...
[2021-03-05T22:30:00.233] [INFO] system - クリエイターズページ：https://only-five.jp/creators/2187
[2021-03-05T22:30:00.495] [INFO] system - 2021-03-05 22:35:00まで画面更新処理待機中...
[2021-03-05T22:35:00.495] [INFO] system - クリエイターズページ：https://only-five.jp/creators/2187
[2021-03-05T22:35:00.703] [INFO] system - 2021-03-05 22:40:00まで画面更新処理待機中...
[2021-03-05T22:40:00.705] [INFO] system - クリエイターズページ：https://only-five.jp/creators/2187
[2021-03-05T22:40:00.901] [INFO] system - 2021-03-05 22:45:00まで画面更新処理待機中...
[2021-03-05T22:45:00.901] [INFO] system - クリエイターズページ：https://only-five.jp/creators/2187
[2021-03-05T22:45:01.182] [INFO] system - 2021-03-05 22:50:00まで画面更新処理待機中...
[2021-03-05T22:50:00.187] [INFO] system - クリエイターズページ：https://only-five.jp/creators/2187
[2021-03-05T22:50:00.425] [INFO] system - 2021-03-05 22:55:00まで画面更新処理待機中...
[2021-03-05T22:55:00.426] [INFO] system - クリエイターズページ：https://only-five.jp/creators/2187
[2021-03-05T22:55:00.655] [INFO] system - 2021-03-05 23:00:00まで画面更新処理待機中...
[2021-03-05T23:00:00.655] [INFO] system - クリエイターズページ：https://only-five.jp/creators/2187
[2021-03-05T23:00:00.848] [INFO] system - 2021-03-05 23:05:00まで画面更新処理待機中...
[2021-03-05T23:05:00.851] [INFO] system - クリエイターズページ：https://only-five.jp/creators/2187
[2021-03-05T23:05:01.151] [INFO] system - 2021-03-05 23:10:00まで画面更新処理待機中...
[2021-03-05T23:10:00.165] [INFO] system - クリエイターズページ：https://only-five.jp/creators/2187
[2021-03-05T23:10:00.397] [INFO] system - 2021-03-05 23:15:00まで画面更新処理待機中...
[2021-03-05T23:15:00.403] [INFO] system - クリエイターズページ：https://only-five.jp/creators/2187
[2021-03-05T23:15:00.589] [INFO] system - 2021-03-05 23:20:00まで画面更新処理待機中...
[2021-03-05T23:20:00.592] [INFO] system - クリエイターズページ：https://only-five.jp/creators/2187
[2021-03-05T23:20:00.939] [INFO] system - 2021-03-05 23:25:00まで画面更新処理待機中...
[2021-03-05T23:25:00.940] [INFO] system - クリエイターズページ：https://only-five.jp/creators/2187
[2021-03-05T23:25:01.230] [INFO] system - 2021-03-05 23:30:00まで画面更新処理待機中...
[2021-03-05T23:30:00.236] [INFO] system - クリエイターズページ：https://only-five.jp/creators/2187
[2021-03-05T23:30:00.451] [INFO] system - 2021-03-05 23:35:00まで画面更新処理待機中...
[2021-03-05T23:35:00.459] [INFO] system - クリエイターズページ：https://only-five.jp/creators/2187
[2021-03-05T23:35:00.662] [INFO] system - 2021-03-05 23:40:00まで画面更新処理待機中...
[2021-03-05T23:40:00.661] [INFO] system - クリエイターズページ：https://only-five.jp/creators/2187
[2021-03-05T23:40:00.833] [INFO] system - 2021-03-05 23:45:00まで画面更新処理待機中...
[2021-03-05T23:45:00.836] [INFO] system - クリエイターズページ：https://only-five.jp/creators/2187
[2021-03-05T23:45:01.128] [INFO] system - 2021-03-05 23:50:00まで画面更新処理待機中...
[2021-03-05T23:50:00.129] [INFO] system - クリエイターズページ：https://only-five.jp/creators/2187
[2021-03-05T23:50:00.346] [INFO] system - 2021-03-05 23:55:00まで画面更新処理待機中...
[2021-03-05T23:55:00.347] [INFO] system - クリエイターズページ：https://only-five.jp/creators/2187
[2021-03-05T23:55:00.557] [INFO] system - 2021-03-06 00:00:00まで画面更新処理待機中...
