[2021-02-24T23:13:48.583] [INFO] system - 2021-01-02 07:00:00にすでに到達
[2021-02-24T23:13:48.588] [INFO] system - ログイン処理想定時間到達
[2021-02-24T23:13:53.618] [INFO] system - ログインページに移動完了
[2021-02-24T23:13:56.627] [INFO] system - ログイン完了
[2021-02-24T23:13:56.628] [INFO] system - <成績時間カウント開始>
[2021-02-24T23:13:56.628] [INFO] system - クリエイターズページ：https://only-five.jp/creators/2187
[2021-02-24T23:13:56.846] [INFO] system - 2021-02-24 23:15:00まで画面更新処理待機中...
[2021-02-24T23:15:00.848] [INFO] system - クリエイターズページ：https://only-five.jp/creators/2187
[2021-02-24T23:15:01.059] [INFO] system - 2021-02-24 23:20:00まで画面更新処理待機中...
[2021-02-24T23:20:00.058] [INFO] system - クリエイターズページ：https://only-five.jp/creators/2187
[2021-02-24T23:20:00.305] [INFO] system - 2021-02-24 23:25:00まで画面更新処理待機中...
[2021-02-24T23:25:00.306] [INFO] system - クリエイターズページ：https://only-five.jp/creators/2187
[2021-02-24T23:25:00.574] [INFO] system - 2021-02-24 23:30:00まで画面更新処理待機中...
[2021-02-24T23:30:00.575] [INFO] system - クリエイターズページ：https://only-five.jp/creators/2187
[2021-02-24T23:30:00.945] [INFO] system - 2021-02-24 23:35:00まで画面更新処理待機中...
[2021-02-24T23:35:00.945] [INFO] system - クリエイターズページ：https://only-five.jp/creators/2187
[2021-02-24T23:35:01.288] [INFO] system - 2021-02-24 23:40:00まで画面更新処理待機中...
[2021-02-24T23:40:00.288] [INFO] system - クリエイターズページ：https://only-five.jp/creators/2187
[2021-02-24T23:40:00.520] [INFO] system - 2021-02-24 23:45:00まで画面更新処理待機中...
[2021-02-24T23:45:00.521] [INFO] system - クリエイターズページ：https://only-five.jp/creators/2187
[2021-02-24T23:45:00.731] [INFO] system - 2021-02-24 23:50:00まで画面更新処理待機中...
[2021-02-24T23:50:00.733] [INFO] system - クリエイターズページ：https://only-five.jp/creators/2187
[2021-02-24T23:50:01.051] [INFO] system - ターゲットページ：https://only-five.jp/posts/93619
[2021-02-24T23:50:01.285] [INFO] system - 購入状態確認(9回目に成功)
[2021-02-24T23:50:01.292] [INFO] system - 購入処理開始(確定前)
[2021-02-24T23:50:01.316] [INFO] system - 購入処理開始(有料)
[2021-02-24T23:50:04.721] [INFO] system - send successful
[2021-02-24T23:50:11.865] [INFO] system - 購入処理完了(多分)
[2021-02-24T23:50:11.865] [INFO] system - <成績：2175.237秒>
[2021-02-24T23:50:41.869] [INFO] system - 購入処理後、30秒経過
[2021-02-24T23:50:45.584] [INFO] system - send successful
