[2021-05-06T21:35:59.957] [INFO] system - 2021-05-06 21:40:00までログイン処理待機中...
[2021-05-06T21:40:00.010] [INFO] system - ログイン処理想定時間到達
[2021-05-06T21:40:02.404] [INFO] system - ログインページに移動完了
[2021-05-06T21:40:03.632] [INFO] system - ログイン完了
[2021-05-06T21:40:03.633] [INFO] system - <成績時間カウント開始>
[2021-05-06T21:40:03.634] [INFO] system - クリエイターズページ：https://only-five.jp/creators/2187
[2021-05-06T21:40:03.861] [INFO] system - 2021-05-06 21:45:00まで画面更新処理待機中...
[2021-05-06T21:42:44.928] [INFO] system - 2021-05-06 21:40:00にすでに到達
[2021-05-06T21:42:44.933] [INFO] system - ログイン処理想定時間到達
[2021-05-06T21:42:46.997] [INFO] system - ログインページに移動完了
[2021-05-06T21:42:48.388] [INFO] system - ログイン完了
[2021-05-06T21:42:48.390] [INFO] system - <成績時間カウント開始>
[2021-05-06T21:42:48.391] [INFO] system - クリエイターズページ：https://only-five.jp/creators/2187
[2021-05-06T21:42:48.637] [INFO] system - 2021-05-06 21:45:00まで画面更新処理待機中...
[2021-05-06T21:45:00.651] [INFO] system - クリエイターズページ：https://only-five.jp/creators/2187
[2021-05-06T21:45:00.866] [INFO] system - 2021-05-06 21:50:00まで画面更新処理待機中...
[2021-05-06T21:50:00.865] [INFO] system - クリエイターズページ：https://only-five.jp/creators/2187
[2021-05-06T21:50:01.153] [INFO] system - 2021-05-06 21:55:00まで画面更新処理待機中...
[2021-05-06T21:55:00.156] [INFO] system - クリエイターズページ：https://only-five.jp/creators/2187
[2021-05-06T21:55:00.475] [INFO] system - 2021-05-06 22:00:00まで画面更新処理待機中...
[2021-05-06T22:00:00.488] [INFO] system - クリエイターズページ：https://only-five.jp/creators/2187
[2021-05-06T22:00:00.770] [INFO] system - 2021-05-06 22:05:00まで画面更新処理待機中...
[2021-05-06T22:05:00.776] [INFO] system - クリエイターズページ：https://only-five.jp/creators/2187
[2021-05-06T22:05:01.013] [INFO] system - 2021-05-06 22:10:00まで画面更新処理待機中...
[2021-05-06T22:10:00.024] [INFO] system - クリエイターズページ：https://only-five.jp/creators/2187
[2021-05-06T22:10:00.319] [INFO] system - 2021-05-06 22:15:00まで画面更新処理待機中...
[2021-05-06T22:15:00.320] [INFO] system - クリエイターズページ：https://only-five.jp/creators/2187
[2021-05-06T22:15:00.663] [INFO] system - 2021-05-06 22:20:00まで画面更新処理待機中...
[2021-05-06T22:20:00.665] [INFO] system - クリエイターズページ：https://only-five.jp/creators/2187
[2021-05-06T22:20:01.060] [INFO] system - 2021-05-06 22:25:00まで画面更新処理待機中...
[2021-05-06T22:25:00.060] [INFO] system - クリエイターズページ：https://only-five.jp/creators/2187
[2021-05-06T22:25:00.399] [INFO] system - 2021-05-06 22:30:00まで画面更新処理待機中...
[2021-05-06T22:30:00.404] [INFO] system - クリエイターズページ：https://only-five.jp/creators/2187
[2021-05-06T22:30:00.723] [INFO] system - 2021-05-06 22:35:00まで画面更新処理待機中...
[2021-05-06T22:35:00.733] [INFO] system - クリエイターズページ：https://only-five.jp/creators/2187
[2021-05-06T22:35:01.018] [INFO] system - 2021-05-06 22:40:00まで画面更新処理待機中...
[2021-05-06T22:40:00.018] [INFO] system - クリエイターズページ：https://only-five.jp/creators/2187
[2021-05-06T22:40:00.423] [INFO] system - 2021-05-06 22:45:00まで画面更新処理待機中...
[2021-05-06T22:45:00.425] [INFO] system - クリエイターズページ：https://only-five.jp/creators/2187
[2021-05-06T22:45:00.759] [INFO] system - 2021-05-06 22:50:00まで画面更新処理待機中...
[2021-05-06T22:50:00.775] [INFO] system - クリエイターズページ：https://only-five.jp/creators/2187
[2021-05-06T22:50:01.080] [INFO] system - 2021-05-06 22:55:00まで画面更新処理待機中...
[2021-05-06T22:55:00.081] [INFO] system - クリエイターズページ：https://only-five.jp/creators/2187
[2021-05-06T22:55:00.347] [INFO] system - 2021-05-06 23:00:00まで画面更新処理待機中...
[2021-05-06T23:00:00.348] [INFO] system - クリエイターズページ：https://only-five.jp/creators/2187
[2021-05-06T23:00:00.696] [INFO] system - 2021-05-06 23:05:00まで画面更新処理待機中...
[2021-05-06T23:05:00.710] [INFO] system - クリエイターズページ：https://only-five.jp/creators/2187
[2021-05-06T23:05:00.971] [INFO] system - 2021-05-06 23:10:00まで画面更新処理待機中...
[2021-05-06T23:10:00.971] [INFO] system - クリエイターズページ：https://only-five.jp/creators/2187
[2021-05-06T23:10:01.230] [INFO] system - 2021-05-06 23:15:00まで画面更新処理待機中...
[2021-05-06T23:15:00.232] [INFO] system - クリエイターズページ：https://only-five.jp/creators/2187
[2021-05-06T23:15:00.587] [INFO] system - 2021-05-06 23:20:00まで画面更新処理待機中...
[2021-05-06T23:20:00.601] [INFO] system - クリエイターズページ：https://only-five.jp/creators/2187
[2021-05-06T23:20:00.864] [INFO] system - 2021-05-06 23:25:00まで画面更新処理待機中...
[2021-05-06T23:25:00.876] [INFO] system - クリエイターズページ：https://only-five.jp/creators/2187
[2021-05-06T23:25:01.131] [INFO] system - 2021-05-06 23:30:00まで画面更新処理待機中...
[2021-05-06T23:30:00.132] [INFO] system - クリエイターズページ：https://only-five.jp/creators/2187
[2021-05-06T23:30:00.457] [INFO] system - 2021-05-06 23:35:00まで画面更新処理待機中...
[2021-05-06T23:35:00.458] [INFO] system - クリエイターズページ：https://only-five.jp/creators/2187
[2021-05-06T23:35:00.684] [INFO] system - 2021-05-06 23:40:00まで画面更新処理待機中...
[2021-05-06T23:40:00.686] [INFO] system - クリエイターズページ：https://only-five.jp/creators/2187
[2021-05-06T23:40:01.042] [INFO] system - 2021-05-06 23:45:00まで画面更新処理待機中...
[2021-05-06T23:45:00.045] [INFO] system - クリエイターズページ：https://only-five.jp/creators/2187
[2021-05-06T23:45:00.461] [INFO] system - 2021-05-06 23:50:00まで画面更新処理待機中...
[2021-05-06T23:50:00.468] [INFO] system - クリエイターズページ：https://only-five.jp/creators/2187
[2021-05-06T23:50:00.738] [INFO] system - 2021-05-06 23:55:00まで画面更新処理待機中...
[2021-05-06T23:55:00.739] [INFO] system - クリエイターズページ：https://only-five.jp/creators/2187
[2021-05-06T23:55:00.965] [INFO] system - 2021-05-06 23:55:00に到達したため終了します
[2021-05-06T23:55:00.966] [INFO] system - 強制終了
[2021-05-06T23:56:22.969] [INFO] system - 2021-05-06 23:30:00にすでに到達
[2021-05-06T23:56:22.974] [INFO] system - ログイン処理想定時間到達
[2021-05-06T23:56:24.936] [INFO] system - ログインページに移動完了
[2021-05-06T23:56:55.165] [INFO] system - ログイン完了
[2021-05-06T23:56:55.165] [INFO] system - <成績時間カウント開始>
[2021-05-06T23:56:55.166] [INFO] system - クリエイターズページ：https://only-five.jp/creators/2187
[2021-05-06T23:56:55.401] [INFO] system - 2021-05-07 00:00:00まで画面更新処理待機中...
