[2021-07-17T07:55:03.779] [INFO] system - キック：{"isWindows":["Windows"],"---1---":"====== BasicSetting ======","mypageUrl":"https://t.livepocket.jp/my_top","autoLogin":false,"confUser":"chiaochiao.sonmi@gmail.com","confPass":"sero3202","targetUrl":"https://t.livepocket.jp/e/pannana0720/","targetName":"1部前売チケット整理番号券,2部前売チケット整理番号券","targetNumber":"1,1","storeTypeId":"002","loginTime":"2021-07-17 21:45","startTime":"2021-07-17 22:00","isBrowse":false,"isTest":false,"isJamCheck":true,"isCredit":false,"isMailSend":false,"notCheckOnly":true,"isClose":false,"isMobile":true,"dareSec":0,"isConnect":true,"isLogger":true,"advSec":-150,"isOrigin":true,"---2---":"====== MailSetting(GmailOnly) ======","fromMail":"sugachan.tectec@gmail.com","fromMailPass":"sero3202","toMail":"","toSysMail":"trigger@applet.ifttt.com"}
[2021-07-17T07:55:03.808] [INFO] system - 【本番】
[2021-07-17T07:55:03.819] [INFO] system - 2021-07-17 21:45:00までログイン処理待機中...
[2021-07-17T21:46:46.121] [INFO] system - キック：{"isWindows":["Windows"],"---1---":"====== BasicSetting ======","mypageUrl":"https://t.livepocket.jp/my_top","autoLogin":false,"confUser":"chiaochiao.sonmi@gmail.com","confPass":"sero3202","targetUrl":"https://t.livepocket.jp/e/pannana0720/","targetName":"1部前売チケット整理番号券,2部前売チケット整理番号券","targetNumber":"1,1","storeTypeId":"002","loginTime":"2021-07-17 21:45","startTime":"2021-07-17 22:00","isBrowse":true,"isTest":false,"isJamCheck":true,"isCredit":false,"isMailSend":false,"notCheckOnly":true,"isClose":false,"isMobile":true,"dareSec":0,"isConnect":true,"isLogger":true,"advSec":-150,"isOrigin":true,"---2---":"====== MailSetting(GmailOnly) ======","fromMail":"sugachan.tectec@gmail.com","fromMailPass":"sero3202","toMail":"","toSysMail":"trigger@applet.ifttt.com"}
[2021-07-17T21:46:46.123] [INFO] system - 【本番】
[2021-07-17T21:46:46.129] [INFO] system - 2021-07-17 21:45:00にすでに到達
[2021-07-17T21:46:46.139] [INFO] system - ログイン処理想定時間到達
[2021-07-17T21:46:46.961] [INFO] system - ブラウザ起動後準備完了
[2021-07-17T21:46:49.355] [INFO] system - ログインページに移動完了
[2021-07-17T21:46:49.371] [INFO] system - 混線なし
[2021-07-17T21:46:51.887] [INFO] system - ログイン完了
[2021-07-17T21:46:51.900] [INFO] system - 混線なし
[2021-07-17T21:46:51.951] [INFO] system - 「1部前売チケット整理番号券,2部前売チケット整理番号券」の存在を確認(.table #ticket-456415,.table #ticket-456416)
[2021-07-17T21:46:51.955] [INFO] system - 2021-07-17 21:59:59まで購入処理待機中...
[2021-07-17T21:53:46.829] [INFO] system - キック：{"isWindows":["Windows"],"---1---":"====== BasicSetting ======","mypageUrl":"https://t.livepocket.jp/my_top","autoLogin":false,"confUser":"chiaochiao.sonmi@gmail.com","confPass":"sero3202","targetUrl":"https://t.livepocket.jp/e/pannana0720/","targetName":"1部前売チケット整理番号券,2部前売チケット整理番号券","targetNumber":"1,1","storeTypeId":"002","loginTime":"2021-07-17 21:45","startTime":"2021-07-17 22:00","isBrowse":true,"isTest":false,"isJamCheck":true,"isCredit":false,"isMailSend":false,"notCheckOnly":true,"isClose":false,"isMobile":true,"dareSec":0,"isConnect":true,"isLogger":true,"advSec":-170,"isOrigin":true,"---2---":"====== MailSetting(GmailOnly) ======","fromMail":"sugachan.tectec@gmail.com","fromMailPass":"sero3202","toMail":"","toSysMail":"trigger@applet.ifttt.com"}
[2021-07-17T21:53:46.842] [INFO] system - 【本番】
[2021-07-17T21:53:46.847] [INFO] system - 2021-07-17 21:45:00にすでに到達
[2021-07-17T21:53:46.850] [INFO] system - ログイン処理想定時間到達
[2021-07-17T21:53:47.551] [INFO] system - ブラウザ起動後準備完了
[2021-07-17T21:53:49.091] [INFO] system - ログインページに移動完了
[2021-07-17T21:53:49.101] [INFO] system - 混線なし
[2021-07-17T21:53:51.537] [INFO] system - ログイン完了
[2021-07-17T21:53:51.550] [INFO] system - 混線なし
[2021-07-17T21:53:51.600] [INFO] system - 「1部前売チケット整理番号券,2部前売チケット整理番号券」の存在を確認(.table #ticket-456415,.table #ticket-456416)
[2021-07-17T21:53:51.603] [INFO] system - 2021-07-17 21:59:59まで購入処理待機中...
[2021-07-17T21:59:59.849] [INFO] system - 購入処理想定時間到達
[2021-07-17T21:59:59.850] [INFO] system - <成績時間カウント開始>
[2021-07-17T21:59:59.851] [INFO] system - 購入可能状態確認start(1回目)
[2021-07-17T22:00:05.770] [INFO] system - 購入可能状態確認end
[2021-07-17T22:00:05.771] [INFO] system - 枚数選択start(1回目)
[2021-07-17T22:00:05.855] [INFO] system - 2セット選択終了
[2021-07-17T22:00:22.954] [INFO] system - 枚数選択end(1回目)
[2021-07-17T22:00:22.968] [INFO] system - 決済処理ページ遷移済
[2021-07-17T22:00:22.976] [INFO] system - 決済処理start(1回目)
[2021-07-17T22:00:22.978] [INFO] system - 購入処理確定開始(freeBuy:false)
[2021-07-17T22:00:22.979] [INFO] system - 購入処理開始(有料)
[2021-07-17T22:00:23.212] [INFO] system - 規約に同意クリック
[2021-07-17T22:00:31.883] [INFO] system - 決済ボタンクリック
[2021-07-17T22:00:31.886] [INFO] system - (検証用)成功1
[2021-07-17T22:00:35.869] [INFO] system - (検証用)成功2
[2021-07-17T22:00:35.877] [INFO] system - (検証用)成功3
[2021-07-17T22:00:35.889] [INFO] system - 決済処理end
[2021-07-17T22:00:35.895] [INFO] system - <現在時刻：Sat Jul 17 2021 22:00:35 GMT+0900／成績：36.044秒>
[2021-07-17T22:00:35.896] [INFO] system - <成績：36.045秒>
