[2021-08-31T18:59:53.773] [INFO] system - キック：{"isWindows":["Windows"],"---1---":"====== BasicSetting ======","mypageUrl":"https://t.livepocket.jp/my_top","autoLogin":false,"confUser":"kisyan4444@gmail.com","confPass":"sero3202","testUser":"sugachan.tectec@gmail.com","testPass":"6yjAWLhCxVT2","targetUrl":"https://t.livepocket.jp/e/wakkuru202109/","targetName":"9/2(木)１部前売チケット整理番号券,9/9(木)１部前売チケット整理番号券,9/16(木)１部前売チケット整理番号券,9/30(木)1部前売チケット整理番号券","targetNumber":"2,2,2,2","storeTypeId":"002","loginTime":"2021-08-31 21:45","startTime":"2021-08-31 22:00","isBrowse":true,"isTest":false,"isJamCheck":true,"isCredit":false,"isMailSend":false,"notCheckOnly":false,"isClose":false,"isMobile":false,"dareSec":0,"isConnect":true,"isLogger":true,"advSec":-255,"isOrigin":true,"isOriginCancel":false,"jamTryCnt":10,"---2---":"====== MailSetting(GmailOnly) ======","fromMail":"sugachan.tectec@gmail.com","fromMailPass":"sero3202","toMail":"","toSysMail":"trigger@applet.ifttt.com"}
[2021-08-31T18:59:53.777] [INFO] system - 【本番】
[2021-08-31T18:59:54.595] [INFO] system - ブラウザ起動後準備完了
[2021-08-31T18:59:56.352] [INFO] system - ログインページに移動完了
[2021-08-31T18:59:58.085] [INFO] system - ログイン完了
[2021-08-31T18:59:58.112] [INFO] system - 混線なし
[2021-08-31T18:59:58.155] [INFO] system - 「9/2(木)１部前売チケット整理番号券,9/9(木)１部前売チケット整理番号券,9/16(木)１部前売チケット整理番号券,9/30(木)1部前売チケット整理番号券」の存在を確認(.table #ticket-495070,.table #ticket-495072,.table #ticket-495074,.table #ticket-495076)
[2021-08-31T19:00:00.618] [INFO] system - .table #ticket-495070ロック外し開始
[2021-08-31T19:00:00.620] [INFO] system - .table #ticket-495072ロック外し開始
[2021-08-31T19:00:00.621] [INFO] system - .table #ticket-495074ロック外し開始
[2021-08-31T19:00:00.640] [INFO] system - .table #ticket-495076ロック外し開始
[2021-08-31T19:00:00.651] [INFO] system - 4セット選択終了
[2021-08-31T19:00:00.657] [INFO] system - チェック完了／設定に問題ありません
[2021-08-31T19:00:55.860] [INFO] system - キック：{"isWindows":["Windows"],"---1---":"====== BasicSetting ======","mypageUrl":"https://t.livepocket.jp/my_top","autoLogin":false,"confUser":"kisyan4444@gmail.com","confPass":"sero3202","testUser":"sugachan.tectec@gmail.com","testPass":"6yjAWLhCxVT2","targetUrl":"https://t.livepocket.jp/e/wakkuru202109/","targetName":"9/2(木)１部前売チケット整理番号券,9/9(木)１部前売チケット整理番号券,9/16(木)１部前売チケット整理番号券,9/30(木)1部前売チケット整理番号券","targetNumber":"2,2,2,2","storeTypeId":"002","loginTime":"2021-08-31 21:45","startTime":"2021-08-31 22:00","isBrowse":true,"isTest":false,"isJamCheck":true,"isCredit":false,"isMailSend":false,"notCheckOnly":true,"isClose":false,"isMobile":false,"dareSec":0,"isConnect":true,"isLogger":true,"advSec":-255,"isOrigin":true,"isOriginCancel":false,"jamTryCnt":10,"---2---":"====== MailSetting(GmailOnly) ======","fromMail":"sugachan.tectec@gmail.com","fromMailPass":"sero3202","toMail":"","toSysMail":"trigger@applet.ifttt.com"}
[2021-08-31T19:00:55.876] [INFO] system - 【本番】
[2021-08-31T19:00:55.881] [INFO] system - 2021-08-31 21:45:00までログイン処理待機中...
[2021-08-31T21:45:00.014] [INFO] system - ログイン処理想定時間到達
[2021-08-31T21:45:00.682] [INFO] system - ブラウザ起動後準備完了
[2021-08-31T21:45:02.285] [INFO] system - ログインページに移動完了
[2021-08-31T21:45:04.121] [INFO] system - ログイン完了
[2021-08-31T21:45:04.147] [INFO] system - 混線なし
[2021-08-31T21:45:04.182] [INFO] system - 「9/2(木)１部前売チケット整理番号券,9/9(木)１部前売チケット整理番号券,9/16(木)１部前売チケット整理番号券,9/30(木)1部前売チケット整理番号券」の存在を確認(.table #ticket-495070,.table #ticket-495072,.table #ticket-495074,.table #ticket-495076)
[2021-08-31T21:45:07.180] [INFO] system - .table #ticket-495070ロック外し開始
[2021-08-31T21:45:07.181] [INFO] system - .table #ticket-495072ロック外し開始
[2021-08-31T21:45:07.182] [INFO] system - .table #ticket-495074ロック外し開始
[2021-08-31T21:45:07.197] [INFO] system - .table #ticket-495076ロック外し開始
[2021-08-31T21:45:07.210] [INFO] system - 4セット選択終了
[2021-08-31T21:45:07.211] [INFO] system - 2021-08-31 21:59:29までページバック待機中...
[2021-08-31T21:59:29.759] [INFO] system - 前ページへ移動
[2021-08-31T21:59:31.444] [INFO] system - 2021-08-31 21:59:59まで購入処理待機中...
[2021-08-31T21:59:59.761] [INFO] system - 購入処理想定時間到達
[2021-08-31T21:59:59.762] [INFO] system - <成績時間カウント開始>
[2021-08-31T21:59:59.763] [INFO] system - 購入可能状態確認start(1回目)
[2021-08-31T21:59:59.764] [INFO] system - 次ページへ移動
[2021-08-31T22:00:02.165] [INFO] system - 購入可能状態確認end
[2021-08-31T22:00:02.165] [INFO] system - 枚数選択start(1回目)
[2021-08-31T22:00:02.166] [INFO] system - 購入クリック処理1回目
[2021-08-31T22:00:02.188] [INFO] system - 購入クリック処理2回目
[2021-08-31T22:00:07.416] [ERROR] system - Error: Execution context was destroyed, most likely because of a navigation.
    at rewriteError (C:\source\yt-scraping\node_modules\puppeteer\lib\cjs\puppeteer\common\ExecutionContext.js:261:23)
    at runMicrotasks (<anonymous>)
    at processTicksAndRejections (internal/process/task_queues.js:93:5)
    at async ExecutionContext._evaluateInternal (C:\source\yt-scraping\node_modules\puppeteer\lib\cjs\puppeteer\common\ExecutionContext.js:215:61)
    at async ExecutionContext.evaluate (C:\source\yt-scraping\node_modules\puppeteer\lib\cjs\puppeteer\common\ExecutionContext.js:106:16)
    at async targetPageBuySelect (C:\source\yt-scraping\func-lpkick\lpkick.js:876:11)
    at async newBrowser (C:\source\yt-scraping\func-lpkick\lpkick.js:493:11)
    at async C:\source\yt-scraping\func-lpkick\lpkick.js:110:5
[2021-08-31T22:00:07.927] [INFO] system - 枚数選択end(1回目)
[2021-08-31T23:34:11.712] [ERROR] system - Error: Protocol error (Runtime.callFunctionOn): Target closed.
    at C:\source\yt-scraping\node_modules\puppeteer\lib\cjs\puppeteer\common\Connection.js:208:63
    at new Promise (<anonymous>)
    at CDPSession.send (C:\source\yt-scraping\node_modules\puppeteer\lib\cjs\puppeteer\common\Connection.js:207:16)
    at ExecutionContext._evaluateInternal (C:\source\yt-scraping\node_modules\puppeteer\lib\cjs\puppeteer\common\ExecutionContext.js:200:50)
    at ExecutionContext.evaluateHandle (C:\source\yt-scraping\node_modules\puppeteer\lib\cjs\puppeteer\common\ExecutionContext.js:151:21)
    at WaitTask.rerun (C:\source\yt-scraping\node_modules\puppeteer\lib\cjs\puppeteer\common\DOMWorld.js:498:71)
    at processTicksAndRejections (internal/process/task_queues.js:93:5)
[2021-08-31T23:34:11.718] [ERROR] system - ReferenceError: page is not defined
    at newBrowser (C:\source\yt-scraping\func-lpkick\lpkick.js:630:5)
    at processTicksAndRejections (internal/process/task_queues.js:93:5)
    at async C:\source\yt-scraping\func-lpkick\lpkick.js:110:5
