[2021-06-07T20:07:54.357] [INFO] system - 【Windows版起動】
[2021-06-07T20:07:54.362] [INFO] system - キック：{"---1---":"====== BasicSetting ======","mainUrl":"https://t.livepocket.jp/","loginUrl":"https://t.livepocket.jp/login?acroot=header-new_p_u_nl","mypageUrl":"https://t.livepocket.jp/my_top","autoLogin":false,"confUser":"kisyan3333@gmail.com","confPass":"6yjAWLhCxVT2","targetUrl":"https://t.livepocket.jp/e/shanirock0620/","targetTicket":null,"targetName":"１部通常無銭エリアチケット整理番号券,２部無銭エリアチケット整理番号券","targetNumber":"2,2","storeTypeId":"016","startTime":"2021-06-07 22:00","isBrowse":false,"isFree":false,"isCredit":false,"isTest":false,"isLanguage":"ja","isStage":false,"isJamCheck":true,"isMailSend":false,"---2---":"====== MailSetting(GmailOnly) ======","fromMail":"sugachan.tectec@gmail.com","fromMailPass":"sero3202","toMail":"","toSysMail":"trigger@applet.ifttt.com","isWindows":["Windows"],"loginTime":"2021-06-07 21:45","notCheckOnly":true,"isClose":false,"isMobile":true,"dareSec":0,"isConnect":true}
[2021-06-07T20:07:54.390] [INFO] system - 2021-06-07 21:45:00までログイン処理待機中...
[2021-06-07T21:38:48.303] [INFO] system - 【Windows版起動】
[2021-06-07T21:38:48.304] [INFO] system - キック：{"---1---":"====== BasicSetting ======","mainUrl":"https://t.livepocket.jp/","loginUrl":"https://t.livepocket.jp/login?acroot=header-new_p_u_nl","mypageUrl":"https://t.livepocket.jp/my_top","autoLogin":false,"confUser":"mika2mi0321@ezweb.ne.jp","confPass":"mika2mi3","targetUrl":"https://t.livepocket.jp/e/shanirock0620/","targetTicket":null,"targetName":"１部通常無銭エリアチケット整理番号券,２部無銭エリアチケット整理番号券","targetNumber":"2,2","storeTypeId":"002","startTime":"2021-06-07 22:00","isBrowse":false,"isFree":false,"isCredit":false,"isTest":false,"isLanguage":"ja","isStage":false,"isJamCheck":true,"isMailSend":false,"---2---":"====== MailSetting(GmailOnly) ======","fromMail":"sugachan.tectec@gmail.com","fromMailPass":"sero3202","toMail":"","toSysMail":"trigger@applet.ifttt.com","isWindows":["Windows"],"loginTime":"2021-06-07 21:45","notCheckOnly":true,"isClose":false,"isMobile":true,"dareSec":0,"isConnect":true}
[2021-06-07T21:38:48.324] [INFO] system - 2021-06-07 21:45:00までログイン処理待機中...
[2021-06-07T21:45:00.020] [INFO] system - ログイン処理想定時間到達
[2021-06-07T21:45:00.746] [INFO] system - ブラウザ起動後準備完了
[2021-06-07T21:45:02.137] [INFO] system - ログインページに移動完了
[2021-06-07T21:45:02.152] [INFO] system - 混線なし
[2021-06-07T21:45:04.320] [INFO] system - ログイン完了
[2021-06-07T21:45:04.331] [INFO] system - 混線なし
[2021-06-07T21:45:04.358] [INFO] system - 「１部通常無銭エリアチケット整理番号券,２部無銭エリアチケット整理番号券」の存在を確認(.table #ticket-427007,.table #ticket-427009)
[2021-06-07T21:45:04.362] [INFO] system - 2021-06-07 22:00:00まで購入処理待機中...
[2021-06-07T22:00:00.012] [INFO] system - 購入処理想定時間到達
[2021-06-07T22:00:00.013] [INFO] system - <成績時間カウント開始>
[2021-06-07T22:00:00.014] [INFO] system - 購入可能状態確認start(1回目)
[2021-06-07T22:00:08.908] [INFO] system - 購入可能状態確認end
[2021-06-07T22:00:08.909] [INFO] system - 枚数選択start(1回目)
[2021-06-07T22:00:08.910] [INFO] system - 枚数選択時に明示的に0秒待機
[2021-06-07T22:00:08.910] [INFO] system - 1枚目選択開始
[2021-06-07T22:00:08.977] [INFO] system - 1枚目選択終了
[2021-06-07T22:00:08.978] [INFO] system - 2枚目選択開始
[2021-06-07T22:00:09.013] [INFO] system - 2枚目選択終了
[2021-06-07T22:00:26.792] [INFO] system - 枚数選択end
[2021-06-07T22:00:26.792] [INFO] system - 決済処理start(1回目)
[2021-06-07T22:00:26.793] [INFO] system - 購入処理確定開始(freeBuy:true)
[2021-06-07T22:00:26.793] [INFO] system - 購入処理開始(無料)
[2021-06-07T22:00:26.807] [INFO] system - 規約に同意クリック
[2021-06-07T22:00:31.286] [INFO] system - (検証用)成功1
[2021-06-07T22:00:31.296] [INFO] system - (検証用)成功2
[2021-06-07T22:00:31.307] [INFO] system - (検証用)成功3
[2021-06-07T22:00:31.307] [INFO] system - 決済処理end
[2021-06-07T22:00:31.308] [INFO] system - <現在時刻：Mon Jun 07 2021 22:00:31 GMT+0900／成績：31.294秒>
[2021-06-07T22:00:31.309] [INFO] system - <成績：31.295秒>
