[2021-06-04T21:15:58.311] [INFO] system - 【Windows版起動】
[2021-06-04T21:15:58.538] [INFO] system - キック：{"---1---":"====== BasicSetting ======","mainUrl":"https://t.livepocket.jp/","loginUrl":"https://t.livepocket.jp/login?acroot=header-new_p_u_nl","mypageUrl":"https://t.livepocket.jp/my_top","autoLogin":false,"confUser":"chiaochiao.sonmi@gmail.com","confPass":"sero3202","targetUrl":"https://t.livepocket.jp/e/pannana0608/","targetTicket":null,"targetName":"1部前売チケット整理番号券,2部前売チケット整理番号券","targetNumber":"2,2","storeTypeId":"002","startTime":"2021-06-04 22:00","isBrowse":false,"isFree":false,"isCredit":false,"isTest":false,"isLanguage":"ja","isStage":false,"isJamCheck":true,"isMailSend":false,"---2---":"====== MailSetting(GmailOnly) ======","fromMail":"sugachan.tectec@gmail.com","fromMailPass":"sero3202","toMail":"","toSysMail":"trigger@applet.ifttt.com","isWindows":["Windows"],"loginTime":"2021-06-04 21:45","notCheckOnly":true,"isClose":false,"isMobile":true,"dareSec":0,"isConnect":true}
[2021-06-04T21:15:58.553] [INFO] system - 2021-06-04 21:45:00までログイン処理待機中...
[2021-06-04T21:45:00.083] [INFO] system - ログイン処理想定時間到達
[2021-06-04T21:45:00.900] [INFO] system - ブラウザ起動後準備完了
[2021-06-04T21:45:02.045] [INFO] system - ログインページに移動完了
[2021-06-04T21:45:02.058] [INFO] system - 混線なし
[2021-06-04T21:45:04.512] [INFO] system - ログイン完了
[2021-06-04T21:45:04.525] [INFO] system - 混線なし
[2021-06-04T21:45:04.551] [INFO] system - 「1部前売チケット整理番号券,2部前売チケット整理番号券」の存在を確認(.table #ticket-427906,.table #ticket-427907)
[2021-06-04T21:45:04.554] [INFO] system - 2021-06-04 22:00:00まで購入処理待機中...
[2021-06-04T22:00:00.011] [INFO] system - 購入処理想定時間到達
[2021-06-04T22:00:00.013] [INFO] system - <成績時間カウント開始>
[2021-06-04T22:00:00.015] [INFO] system - 購入可能状態確認start(1回目)
[2021-06-04T22:00:06.186] [INFO] system - 購入可能状態確認end
[2021-06-04T22:00:06.187] [INFO] system - 枚数選択start(1回目)
[2021-06-04T22:00:06.189] [INFO] system - 枚数選択時に明示的に0秒待機
[2021-06-04T22:00:06.200] [INFO] system - 1枚目選択開始
[2021-06-04T22:00:06.253] [INFO] system - 1枚目選択終了
[2021-06-04T22:00:06.253] [INFO] system - 2枚目選択開始
[2021-06-04T22:00:06.285] [INFO] system - 2枚目選択終了
[2021-06-04T22:00:24.530] [INFO] system - 枚数選択end
[2021-06-04T22:00:24.530] [INFO] system - 決済処理start(1回目)
[2021-06-04T22:00:24.531] [INFO] system - 購入処理確定開始(freeBuy:false)
[2021-06-04T22:00:24.531] [INFO] system - 購入処理開始(有料)
[2021-06-04T22:00:24.597] [INFO] system - 規約に同意クリック
[2021-06-04T22:00:40.656] [INFO] system - 決済ボタンクリック
[2021-06-04T22:00:40.661] [INFO] system - (検証用)成功1
[2021-06-04T22:00:45.305] [INFO] system - (検証用)成功2
[2021-06-04T22:00:45.309] [INFO] system - (検証用)成功3
[2021-06-04T22:00:45.317] [INFO] system - 決済処理end
[2021-06-04T22:00:45.319] [INFO] system - <現在時刻：Fri Jun 04 2021 22:00:45 GMT+0900／成績：45.304秒>
[2021-06-04T22:00:45.319] [INFO] system - <成績：45.304秒>
