[2021-04-09T19:38:25.747] [INFO] system - 【Windows版起動】
[2021-04-09T19:38:25.749] [INFO] system - キック：{"---1---":"====== BasicSetting ======","mainUrl":"https://t.livepocket.jp/","loginUrl":"https://t.livepocket.jp/login?acroot=header-new_p_u_nl","mypageUrl":"https://t.livepocket.jp/my_top","autoLogin":false,"confUser":"kisyan3333@gmail.com","confPass":"6yjAWLhCxVT2","targetUrl":"https://t.livepocket.jp/e/nagoya_reny0413/","targetTicket":null,"targetName":"前方チケット整理番号券","targetNumber":"1","storeTypeId":"016","startTime":"2021-04-09 22:00","isBrowse":true,"isFree":false,"isCredit":false,"isTest":false,"isLanguage":"ja","isStage":false,"isJamCheck":true,"isMailSend":false,"---2---":"====== MailSetting(GmailOnly) ======","fromMail":"sugachan.tectec@gmail.com","fromMailPass":"sero3202","toMail":"","toSysMail":"trigger@applet.ifttt.com","isWindows":["Windows"],"loginTime":"2021-04-09 21:45","notCheckOnly":true,"isClose":false}
[2021-04-09T19:38:25.770] [INFO] system - 2021-04-09 21:45:00までログイン処理待機中...
[2021-04-09T21:45:00.015] [INFO] system - ログイン処理想定時間到達
[2021-04-09T21:45:00.451] [INFO] system - ブラウザ起動後準備完了
[2021-04-09T21:45:05.268] [INFO] system - ログインページに移動完了
[2021-04-09T21:45:09.332] [INFO] system - ログイン完了
[2021-04-09T21:45:09.352] [INFO] system - 「前方チケット整理番号券」の存在を確認(.table #ticket-391617)
[2021-04-09T21:45:09.354] [INFO] system - 2021-04-09 22:00まで購入処理待機中...
[2021-04-09T22:00:00.003] [INFO] system - 購入処理想定時間到達
[2021-04-09T22:00:00.004] [INFO] system - <成績時間カウント開始>
[2021-04-09T22:00:00.005] [INFO] system - 購入可能状態確認start(1回目)
[2021-04-09T22:00:18.885] [INFO] system - 購入可能状態確認end
[2021-04-09T22:00:18.886] [INFO] system - 枚数選択start(1回目)
[2021-04-09T22:00:39.476] [INFO] system - 枚数選択start(2回目)
[2021-04-09T22:00:39.486] [INFO] system - 混線のため57秒待機開始...
[2021-04-09T22:01:43.437] [ERROR] system - Error: Execution context was destroyed, most likely because of a navigation.
    at rewriteError (C:\source\yt-scraping\node_modules\puppeteer\lib\cjs\puppeteer\common\ExecutionContext.js:261:23)
    at processTicksAndRejections (internal/process/task_queues.js:93:5)
    at async ExecutionContext._evaluateInternal (C:\source\yt-scraping\node_modules\puppeteer\lib\cjs\puppeteer\common\ExecutionContext.js:161:64)
    at async C:\source\yt-scraping\node_modules\puppeteer\lib\cjs\puppeteer\common\DOMWorld.js:102:30
    at async DOMWorld.$ (C:\source\yt-scraping\node_modules\puppeteer\lib\cjs\puppeteer\common\DOMWorld.js:94:26)
    at async jamErrorTry (C:\source\yt-scraping\func-lpkick\lpkick.js:138:33)
[2021-04-09T22:01:45.210] [INFO] system - 枚数選択end
[2021-04-09T22:01:45.211] [INFO] system - 決済処理start(1回目)
[2021-04-09T22:01:45.212] [INFO] system - 購入処理確定開始(freeBuy:false)
[2021-04-09T22:01:45.213] [INFO] system - 購入処理開始(有料)
[2021-04-09T22:01:45.412] [INFO] system - 規約に同意クリック
[2021-04-09T22:01:50.393] [ERROR] system - Error: Execution context was destroyed, most likely because of a navigation.
    at rewriteError (C:\source\yt-scraping\node_modules\puppeteer\lib\cjs\puppeteer\common\ExecutionContext.js:261:23)
    at runMicrotasks (<anonymous>)
    at processTicksAndRejections (internal/process/task_queues.js:93:5)
    at async ExecutionContext._evaluateInternal (C:\source\yt-scraping\node_modules\puppeteer\lib\cjs\puppeteer\common\ExecutionContext.js:161:64)
    at async C:\source\yt-scraping\node_modules\puppeteer\lib\cjs\puppeteer\common\DOMWorld.js:102:30
    at async DOMWorld.$ (C:\source\yt-scraping\node_modules\puppeteer\lib\cjs\puppeteer\common\DOMWorld.js:94:26)
    at async newBrowser (C:\source\yt-scraping\func-lpkick\lpkick.js:313:35)
    at async C:\source\yt-scraping\func-lpkick\lpkick.js:112:5
[2021-04-09T22:01:50.415] [ERROR] system - ReferenceError: page is not defined
    at newBrowser (C:\source\yt-scraping\func-lpkick\lpkick.js:393:5)
    at runMicrotasks (<anonymous>)
    at processTicksAndRejections (internal/process/task_queues.js:93:5)
    at async C:\source\yt-scraping\func-lpkick\lpkick.js:112:5
