[2021-01-06T07:25:44.503] [INFO] system - 【テスト：開始】
[2021-01-06T07:25:44.515] [INFO] system - 2021-01-02 22:45:00にすでに到達
[2021-01-06T07:25:44.518] [INFO] system - ログイン処理想定時間到達
[2021-01-06T07:25:50.337] [INFO] system - send successful
[2021-01-06T07:25:56.176] [INFO] system - 混線なし
[2021-01-06T07:25:56.177] [INFO] system - ログインページに移動完了
[2021-01-06T07:25:59.959] [ERROR] system - Error: Navigation failed because browser has disconnected!
    at C:\sourse\scraping\node_modules\puppeteer\lib\cjs\puppeteer\common\LifecycleWatcher.js:51:147
    at C:\sourse\scraping\node_modules\puppeteer\lib\cjs\vendor\mitt\src\index.js:51:62
    at Array.map (<anonymous>)
    at Object.emit (C:\sourse\scraping\node_modules\puppeteer\lib\cjs\vendor\mitt\src\index.js:51:43)
    at CDPSession.emit (C:\sourse\scraping\node_modules\puppeteer\lib\cjs\puppeteer\common\EventEmitter.js:72:22)
    at CDPSession._onClosed (C:\sourse\scraping\node_modules\puppeteer\lib\cjs\puppeteer\common\Connection.js:247:14)
    at Connection._onMessage (C:\sourse\scraping\node_modules\puppeteer\lib\cjs\puppeteer\common\Connection.js:94:25)
    at WebSocket.<anonymous> (C:\sourse\scraping\node_modules\puppeteer\lib\cjs\puppeteer\node\NodeWebSocketTransport.js:13:32)
    at WebSocket.onMessage (C:\sourse\scraping\node_modules\ws\lib\event-target.js:132:16)
    at WebSocket.emit (events.js:315:20)
[2021-01-06T07:25:59.992] [ERROR] system - Error: Protocol error (Target.activateTarget): Session closed. Most likely the page has been closed.
    at CDPSession.send (C:\sourse\scraping\node_modules\puppeteer\lib\cjs\puppeteer\common\Connection.js:195:35)
    at Page._screenshotTask (C:\sourse\scraping\node_modules\puppeteer\lib\cjs\puppeteer\common\Page.js:1084:28)
    at C:\sourse\scraping\node_modules\puppeteer\lib\cjs\puppeteer\common\Page.js:1081:62
    at runMicrotasks (<anonymous>)
    at processTicksAndRejections (internal/process/task_queues.js:93:5)
[2021-01-06T07:26:00.024] [ERROR] system - ReferenceError: page is not defined
    at newBrowser (C:\sourse\scraping\func-lpkick\lpkick.js:234:5)
    at runMicrotasks (<anonymous>)
    at processTicksAndRejections (internal/process/task_queues.js:93:5)
    at async C:\sourse\scraping\func-lpkick\lpkick.js:83:5
[2021-01-06T07:26:34.504] [INFO] system - 【テスト：開始】
[2021-01-06T07:26:34.513] [INFO] system - 2021-01-02 22:45:00にすでに到達
[2021-01-06T07:26:34.521] [INFO] system - ログイン処理想定時間到達
[2021-01-06T07:27:05.423] [INFO] system - 混線なし
[2021-01-06T07:27:05.424] [INFO] system - ログインページに移動完了
[2021-01-06T07:27:11.637] [INFO] system - 混線なし
[2021-01-06T07:27:14.601] [INFO] system - ログイン完了
[2021-01-06T07:27:14.630] [INFO] system - false
[2021-01-06T07:27:14.632] [INFO] system - 「前売チケット整理番号券」の存在を確認(.table #ticket-332618)
[2021-01-06T07:27:14.634] [INFO] system - 2021-01-02 23:00にすでに到達
[2021-01-06T07:27:14.637] [INFO] system - 購入処理想定時間到達
[2021-01-06T07:27:14.638] [INFO] system - <成績時間カウント開始>
[2021-01-06T07:27:15.398] [INFO] system - send successful
[2021-01-06T07:27:18.439] [INFO] system - 混線なし
[2021-01-06T07:27:18.443] [INFO] system - 購入状態確認(1回目に成功)
[2021-01-06T07:27:18.445] [INFO] system - 購入処理開始(確定前)
[2021-01-06T07:27:26.522] [INFO] system - 混線なし
[2021-01-06T07:27:26.523] [INFO] system - 購入処理確定開始(freeBuy:false)
[2021-01-06T07:27:26.523] [INFO] system - 購入処理開始(有料)
[2021-01-06T07:27:26.701] [INFO] system - 【テスト:決済ロジック】
[2021-01-06T07:27:26.702] [INFO] system - <成績：12.063秒>
[2021-01-06T07:27:31.787] [INFO] system - send successful
[2021-01-06T07:50:45.191] [INFO] system - 【テスト：開始】
[2021-01-06T07:50:45.205] [INFO] system - 2021-01-02 22:45:00にすでに到達
[2021-01-06T07:50:45.209] [INFO] system - ログイン処理想定時間到達
[2021-01-06T07:50:45.249] [ERROR] system - send failed
[2021-01-06T07:50:45.250] [ERROR] system - getaddrinfo ENOTFOUND smtp.gmail.com
[2021-01-06T07:50:45.888] [ERROR] system - Error: net::ERR_INTERNET_DISCONNECTED at https://t.livepocket.jp/e/ayaka_hapiba
    at navigate (C:\sourse\scraping\node_modules\puppeteer\lib\cjs\puppeteer\common\FrameManager.js:115:23)
    at processTicksAndRejections (internal/process/task_queues.js:93:5)
    at async FrameManager.navigateFrame (C:\sourse\scraping\node_modules\puppeteer\lib\cjs\puppeteer\common\FrameManager.js:90:21)
    at async Frame.goto (C:\sourse\scraping\node_modules\puppeteer\lib\cjs\puppeteer\common\FrameManager.js:417:16)
    at async Page.goto (C:\sourse\scraping\node_modules\puppeteer\lib\cjs\puppeteer\common\Page.js:784:16)
    at async newBrowser (C:\sourse\scraping\func-lpkick\lpkick.js:162:5)
    at async C:\sourse\scraping\func-lpkick\lpkick.js:83:5
[2021-01-06T07:50:45.899] [ERROR] system - ReferenceError: page is not defined
    at newBrowser (C:\sourse\scraping\func-lpkick\lpkick.js:234:5)
    at processTicksAndRejections (internal/process/task_queues.js:93:5)
    at async C:\sourse\scraping\func-lpkick\lpkick.js:83:5
[2021-01-06T07:51:00.981] [INFO] system - 【テスト：開始】
[2021-01-06T07:51:00.995] [INFO] system - 2021-01-02 22:45:00にすでに到達
[2021-01-06T07:51:00.999] [INFO] system - ログイン処理想定時間到達
[2021-01-06T07:51:13.889] [INFO] system - send successful
[2021-01-06T07:51:27.694] [INFO] system - 混線なし
[2021-01-06T07:51:27.696] [INFO] system - ログインページに移動完了
[2021-01-06T07:51:41.060] [INFO] system - 混線なし
[2021-01-06T07:51:47.729] [INFO] system - ログイン完了
[2021-01-06T07:51:47.845] [INFO] system - false
[2021-01-06T07:51:47.846] [INFO] system - 「前売チケット整理番号券」の存在を確認(.table #ticket-332618)
[2021-01-06T07:51:47.849] [INFO] system - 2021-01-02 23:00にすでに到達
[2021-01-06T07:51:47.852] [INFO] system - 購入処理想定時間到達
[2021-01-06T07:51:47.865] [INFO] system - <成績時間カウント開始>
[2021-01-06T07:51:54.529] [INFO] system - 混線なし
[2021-01-06T07:51:54.533] [INFO] system - 購入状態確認(1回目に成功)
[2021-01-06T07:51:54.535] [INFO] system - 購入処理開始(確定前)
[2021-01-06T07:52:04.987] [INFO] system - 混線なし
[2021-01-06T07:52:04.988] [INFO] system - 購入処理確定開始(freeBuy:false)
[2021-01-06T07:52:04.989] [INFO] system - 購入処理開始(有料)
[2021-01-06T07:52:05.192] [INFO] system - 【テスト:決済ロジック】
[2021-01-06T07:52:05.194] [INFO] system - <成績：17.327秒>
[2021-01-06T07:52:10.753] [INFO] system - send successful
[2021-01-06T07:57:20.174] [INFO] system - 【テスト：開始】
[2021-01-06T07:57:20.188] [INFO] system - 2021-01-02 22:45:00にすでに到達
[2021-01-06T07:57:20.190] [INFO] system - ログイン処理想定時間到達
[2021-01-06T07:57:22.998] [ERROR] system - Error: Navigation failed because browser has disconnected!
    at C:\sourse\scraping\node_modules\puppeteer\lib\cjs\puppeteer\common\LifecycleWatcher.js:51:147
    at C:\sourse\scraping\node_modules\puppeteer\lib\cjs\vendor\mitt\src\index.js:51:62
    at Array.map (<anonymous>)
    at Object.emit (C:\sourse\scraping\node_modules\puppeteer\lib\cjs\vendor\mitt\src\index.js:51:43)
    at CDPSession.emit (C:\sourse\scraping\node_modules\puppeteer\lib\cjs\puppeteer\common\EventEmitter.js:72:22)
    at CDPSession._onClosed (C:\sourse\scraping\node_modules\puppeteer\lib\cjs\puppeteer\common\Connection.js:247:14)
    at Connection._onMessage (C:\sourse\scraping\node_modules\puppeteer\lib\cjs\puppeteer\common\Connection.js:94:25)
    at WebSocket.<anonymous> (C:\sourse\scraping\node_modules\puppeteer\lib\cjs\puppeteer\node\NodeWebSocketTransport.js:13:32)
    at WebSocket.onMessage (C:\sourse\scraping\node_modules\ws\lib\event-target.js:132:16)
    at WebSocket.emit (events.js:315:20)
[2021-01-06T07:57:23.008] [ERROR] system - ReferenceError: page is not defined
    at newBrowser (C:\sourse\scraping\func-lpkick\lpkick.js:234:5)
    at processTicksAndRejections (internal/process/task_queues.js:93:5)
    at async C:\sourse\scraping\func-lpkick\lpkick.js:83:5
[2021-01-06T08:21:21.904] [INFO] system - 【テスト：開始】
[2021-01-06T08:21:21.923] [INFO] system - 2021-01-04 09:45:00にすでに到達
[2021-01-06T08:21:21.925] [INFO] system - ログイン処理想定時間到達
[2021-01-06T08:21:29.123] [INFO] system - send successful
[2021-01-06T08:21:48.028] [INFO] system - 混線なし
[2021-01-06T08:21:48.029] [INFO] system - ログインページに移動完了
[2021-01-06T08:21:59.614] [INFO] system - 混線なし
[2021-01-06T08:26:54.873] [ERROR] system - Error: Navigation failed because browser has disconnected!
    at C:\sourse\scraping\node_modules\puppeteer\lib\cjs\puppeteer\common\LifecycleWatcher.js:51:147
    at C:\sourse\scraping\node_modules\puppeteer\lib\cjs\vendor\mitt\src\index.js:51:62
    at Array.map (<anonymous>)
    at Object.emit (C:\sourse\scraping\node_modules\puppeteer\lib\cjs\vendor\mitt\src\index.js:51:43)
    at CDPSession.emit (C:\sourse\scraping\node_modules\puppeteer\lib\cjs\puppeteer\common\EventEmitter.js:72:22)
    at CDPSession._onClosed (C:\sourse\scraping\node_modules\puppeteer\lib\cjs\puppeteer\common\Connection.js:247:14)
    at Connection._onMessage (C:\sourse\scraping\node_modules\puppeteer\lib\cjs\puppeteer\common\Connection.js:94:25)
    at WebSocket.<anonymous> (C:\sourse\scraping\node_modules\puppeteer\lib\cjs\puppeteer\node\NodeWebSocketTransport.js:13:32)
    at WebSocket.onMessage (C:\sourse\scraping\node_modules\ws\lib\event-target.js:132:16)
    at WebSocket.emit (events.js:315:20)
[2021-01-06T08:26:54.880] [ERROR] system - Error: Protocol error (Target.activateTarget): Session closed. Most likely the page has been closed.
    at CDPSession.send (C:\sourse\scraping\node_modules\puppeteer\lib\cjs\puppeteer\common\Connection.js:195:35)
    at Page._screenshotTask (C:\sourse\scraping\node_modules\puppeteer\lib\cjs\puppeteer\common\Page.js:1084:28)
    at C:\sourse\scraping\node_modules\puppeteer\lib\cjs\puppeteer\common\Page.js:1081:62
    at runMicrotasks (<anonymous>)
    at processTicksAndRejections (internal/process/task_queues.js:93:5)
[2021-01-06T08:26:54.882] [ERROR] system - ReferenceError: page is not defined
    at newBrowser (C:\sourse\scraping\func-lpkick\lpkick.js:234:5)
    at runMicrotasks (<anonymous>)
    at processTicksAndRejections (internal/process/task_queues.js:93:5)
    at async C:\sourse\scraping\func-lpkick\lpkick.js:83:5
[2021-01-06T20:35:29.848] [INFO] system - 【テスト：開始】
[2021-01-06T20:35:29.858] [INFO] system - 2021-01-02 22:45:00にすでに到達
[2021-01-06T20:35:29.865] [INFO] system - ログイン処理想定時間到達
[2021-01-06T20:35:35.006] [INFO] system - send successful
[2021-01-06T20:35:45.112] [INFO] system - 混線なし
[2021-01-06T20:35:45.113] [INFO] system - ログインページに移動完了
[2021-01-06T20:35:57.178] [INFO] system - 混線なし
[2021-01-06T20:36:00.789] [INFO] system - ログイン完了
[2021-01-06T20:36:00.814] [INFO] system - false
[2021-01-06T20:36:00.815] [INFO] system - 「前売チケット整理番号券」の存在を確認(.table #ticket-332618)
[2021-01-06T20:36:00.816] [INFO] system - 2021-01-02 23:00にすでに到達
[2021-01-06T20:36:00.818] [INFO] system - 購入処理想定時間到達
[2021-01-06T20:36:00.819] [INFO] system - <成績時間カウント開始>
[2021-01-06T20:36:06.787] [INFO] system - 混線なし
[2021-01-06T20:36:06.789] [INFO] system - 購入状態確認(1回目に成功)
[2021-01-06T20:36:06.790] [INFO] system - 購入処理開始(確定前)
[2021-01-06T20:36:12.797] [INFO] system - 混線なし
[2021-01-06T20:36:12.798] [INFO] system - 購入処理確定開始(freeBuy:false)
[2021-01-06T20:36:12.798] [INFO] system - 購入処理開始(有料)
[2021-01-06T20:36:12.925] [INFO] system - 【テスト:決済ロジック】
[2021-01-06T20:36:12.926] [INFO] system - <成績：12.107秒>
[2021-01-06T20:36:17.970] [INFO] system - send successful
[2021-01-06T21:18:16.464] [INFO] system - 【テスト：開始】
[2021-01-06T21:18:16.473] [INFO] system - 2021-01-02 22:45:00にすでに到達
[2021-01-06T21:18:16.476] [INFO] system - ログイン処理想定時間到達
[2021-01-06T21:18:20.170] [INFO] system - send successful
[2021-01-06T21:18:24.775] [INFO] system - 混線なし
[2021-01-06T21:18:24.776] [INFO] system - ログインページに移動完了
[2021-01-06T21:18:28.097] [INFO] system - 混線なし
[2021-01-06T21:18:29.708] [INFO] system - ログイン完了
[2021-01-06T21:18:29.834] [INFO] system - false
[2021-01-06T21:18:29.835] [INFO] system - 「前売チケット整理番号券」の存在を確認(.table #ticket-332618)
[2021-01-06T21:18:29.836] [INFO] system - 2021-01-02 23:00にすでに到達
[2021-01-06T21:18:29.845] [INFO] system - 購入処理想定時間到達
[2021-01-06T21:18:29.845] [INFO] system - <成績時間カウント開始>
[2021-01-06T21:18:32.383] [INFO] system - 混線なし
[2021-01-06T21:18:32.385] [INFO] system - 購入状態確認(1回目に成功)
[2021-01-06T21:18:32.386] [INFO] system - 購入処理開始(確定前)
[2021-01-06T21:18:35.774] [INFO] system - 混線なし
[2021-01-06T21:18:35.774] [INFO] system - 購入処理確定開始(freeBuy:false)
[2021-01-06T21:18:35.775] [INFO] system - 購入処理開始(有料)
[2021-01-06T21:18:35.903] [INFO] system - 【テスト:決済ロジック】
[2021-01-06T21:18:35.903] [INFO] system - <成績：6.057秒>
[2021-01-06T21:18:39.136] [INFO] system - send successful
[2021-01-06T21:33:30.925] [INFO] system - 【テスト：開始】
[2021-01-06T21:33:30.936] [INFO] system - 2021-01-06 22:45:00までログイン処理待機中...
[2021-01-06T22:46:28.935] [INFO] system - 2021-01-06 22:45:00にすでに到達
[2021-01-06T22:46:28.937] [INFO] system - ログイン処理想定時間到達
[2021-01-06T22:46:33.600] [INFO] system - send successful
[2021-01-06T22:46:35.323] [INFO] system - 混線なし
[2021-01-06T22:46:35.325] [INFO] system - ログインページに移動完了
[2021-01-06T22:46:37.966] [INFO] system - 混線なし
[2021-01-06T22:46:39.701] [INFO] system - ログイン完了
[2021-01-06T22:46:39.702] [ERROR] system - 設定不備の可能性があります
[2021-01-06T22:46:39.702] [ERROR] system - Error
    at newBrowser (C:\sourse\scraping\func-lpkick\lpkick.js:179:13)
    at processTicksAndRejections (internal/process/task_queues.js:93:5)
    at async C:\sourse\scraping\func-lpkick\lpkick.js:83:5
[2021-01-06T22:46:39.717] [ERROR] system - ReferenceError: page is not defined
    at newBrowser (C:\sourse\scraping\func-lpkick\lpkick.js:235:5)
    at processTicksAndRejections (internal/process/task_queues.js:93:5)
    at async C:\sourse\scraping\func-lpkick\lpkick.js:83:5
[2021-01-06T22:48:02.313] [INFO] system - 2021-01-06 22:45:00にすでに到達
[2021-01-06T22:48:02.315] [INFO] system - ログイン処理想定時間到達
[2021-01-06T22:48:04.814] [INFO] system - send successful
[2021-01-06T22:48:06.734] [INFO] system - 混線なし
[2021-01-06T22:48:06.735] [INFO] system - ログインページに移動完了
[2021-01-06T22:48:09.502] [INFO] system - 混線なし
[2021-01-06T22:48:11.378] [INFO] system - ログイン完了
[2021-01-06T22:48:11.380] [ERROR] system - 設定不備の可能性があります
[2021-01-06T22:48:11.381] [ERROR] system - Error
    at newBrowser (C:\sourse\scraping\func-lpkick\lpkick.js:179:13)
    at processTicksAndRejections (internal/process/task_queues.js:93:5)
    at async C:\sourse\scraping\func-lpkick\lpkick.js:83:5
[2021-01-06T22:48:11.390] [ERROR] system - ReferenceError: page is not defined
    at newBrowser (C:\sourse\scraping\func-lpkick\lpkick.js:235:5)
    at processTicksAndRejections (internal/process/task_queues.js:93:5)
    at async C:\sourse\scraping\func-lpkick\lpkick.js:83:5
[2021-01-06T22:48:24.248] [INFO] system - 2021-01-06 22:45:00にすでに到達
[2021-01-06T22:48:24.251] [INFO] system - ログイン処理想定時間到達
[2021-01-06T22:48:26.774] [INFO] system - send successful
[2021-01-06T22:48:27.862] [INFO] system - 混線なし
[2021-01-06T22:48:27.863] [INFO] system - ログインページに移動完了
[2021-01-06T22:48:30.436] [INFO] system - 混線なし
[2021-01-06T22:48:32.105] [INFO] system - ログイン完了
[2021-01-06T22:48:32.105] [ERROR] system - 設定不備の可能性があります
[2021-01-06T22:48:32.106] [ERROR] system - Error
    at newBrowser (C:\sourse\scraping\func-lpkick\lpkick.js:179:13)
    at runMicrotasks (<anonymous>)
    at processTicksAndRejections (internal/process/task_queues.js:93:5)
    at async C:\sourse\scraping\func-lpkick\lpkick.js:83:5
[2021-01-06T22:48:32.110] [ERROR] system - ReferenceError: page is not defined
    at newBrowser (C:\sourse\scraping\func-lpkick\lpkick.js:235:5)
    at runMicrotasks (<anonymous>)
    at processTicksAndRejections (internal/process/task_queues.js:93:5)
    at async C:\sourse\scraping\func-lpkick\lpkick.js:83:5
[2021-01-06T22:50:41.612] [INFO] system - 2021-01-06 22:45:00にすでに到達
[2021-01-06T22:50:41.615] [INFO] system - ログイン処理想定時間到達
[2021-01-06T22:50:44.704] [INFO] system - send successful
[2021-01-06T22:50:45.795] [INFO] system - 混線なし
[2021-01-06T22:50:45.796] [INFO] system - ログインページに移動完了
[2021-01-06T22:50:52.666] [INFO] system - 2021-01-06 22:45:00にすでに到達
[2021-01-06T22:50:52.672] [INFO] system - ログイン処理想定時間到達
[2021-01-06T22:50:55.670] [INFO] system - send successful
[2021-01-06T22:50:56.585] [INFO] system - 混線なし
[2021-01-06T22:50:56.586] [INFO] system - ログインページに移動完了
[2021-01-06T22:50:59.646] [INFO] system - 混線なし
[2021-01-06T22:51:01.456] [INFO] system - ログイン完了
[2021-01-06T22:51:01.458] [INFO] system - 2021-01-06 23:00まで購入処理待機中...
[2021-01-06T22:57:08.112] [INFO] system - 2021-01-06 22:45:00にすでに到達
[2021-01-06T22:57:08.115] [INFO] system - ログイン処理想定時間到達
[2021-01-06T22:57:11.767] [INFO] system - send successful
[2021-01-06T22:57:14.182] [INFO] system - 混線なし
[2021-01-06T22:57:14.183] [INFO] system - ログインページに移動完了
[2021-01-06T22:57:18.012] [INFO] system - 混線なし
[2021-01-06T22:57:19.771] [INFO] system - ログイン完了
[2021-01-06T22:57:19.772] [ERROR] system - 設定不備の可能性があります
[2021-01-06T22:57:19.773] [ERROR] system - Error
    at newBrowser (C:\sourse\scraping\func-lpkick\lpkick.js:175:13)
    at processTicksAndRejections (internal/process/task_queues.js:93:5)
    at async C:\sourse\scraping\func-lpkick\lpkick.js:79:5
[2021-01-06T22:57:19.785] [ERROR] system - ReferenceError: page is not defined
    at newBrowser (C:\sourse\scraping\func-lpkick\lpkick.js:231:5)
    at processTicksAndRejections (internal/process/task_queues.js:93:5)
    at async C:\sourse\scraping\func-lpkick\lpkick.js:79:5
[2021-01-06T22:57:58.919] [INFO] system - 2021-01-06 22:45:00にすでに到達
[2021-01-06T22:57:58.923] [INFO] system - ログイン処理想定時間到達
[2021-01-06T22:58:02.200] [INFO] system - send successful
[2021-01-06T22:58:03.058] [INFO] system - 混線なし
[2021-01-06T22:58:03.059] [INFO] system - ログインページに移動完了
[2021-01-06T22:58:08.223] [INFO] system - 混線なし
[2021-01-06T22:58:10.862] [INFO] system - ログイン完了
[2021-01-06T22:58:10.880] [INFO] system - 1
[2021-01-06T22:58:10.890] [INFO] system - 2
[2021-01-06T22:58:10.898] [INFO] system - 3
[2021-01-06T22:58:10.899] [INFO] system - false
[2021-01-06T22:58:10.899] [INFO] system - 「前方チケット整理番号券」の存在を確認(.table #ticket-334786)
[2021-01-06T22:58:10.901] [INFO] system - 2021-01-06 23:00まで購入処理待機中...
