[2021-08-14T21:56:24.141] [INFO] system - キック：{"isWindows":["Windows"],"---1---":"====== BasicSetting ======","mypageUrl":"https://t.livepocket.jp/my_top","autoLogin":false,"confUser":"chiaochiao.sonmi@gmail.com","confPass":"sero3202","testUser":"kisyan3333@gmail.com","testPass":"6yjAWLhCxVT2","targetUrl":"https://t.livepocket.jp/e/fairysai2/","targetName":"整理番号券","targetNumber":"1","storeTypeId":"002","loginTime":"2021-08-14 22:15","startTime":"2021-08-14 22:30","isBrowse":true,"isTest":false,"isJamCheck":true,"isCredit":false,"isMailSend":false,"notCheckOnly":true,"isClose":false,"isMobile":false,"dareSec":0,"isConnect":true,"isLogger":true,"advSec":-180,"isOrigin":false,"isOriginCancel":false,"jamTryCnt":10,"---2---":"====== MailSetting(GmailOnly) ======","fromMail":"sugachan.tectec@gmail.com","fromMailPass":"sero3202","toMail":"","toSysMail":"trigger@applet.ifttt.com"}
[2021-08-14T21:56:24.178] [INFO] system - 【本番】
[2021-08-14T21:56:24.183] [INFO] system - 2021-08-14 22:15:00までログイン処理待機中...
[2021-08-14T21:56:56.201] [INFO] system - キック：{"isWindows":["Windows"],"---1---":"====== BasicSetting ======","mypageUrl":"https://t.livepocket.jp/my_top","autoLogin":false,"confUser":"kisyan3333@gmail.com","confPass":"6yjAWLhCxVT2","testUser":"kisyan3333@gmail.com","testPass":"6yjAWLhCxVT2","targetUrl":"https://t.livepocket.jp/e/fairysai2/","targetName":"整理番号券","targetNumber":"1","storeTypeId":"002","loginTime":"2021-08-14 22:15","startTime":"2021-08-14 22:30","isBrowse":true,"isTest":false,"isJamCheck":true,"isCredit":false,"isMailSend":false,"notCheckOnly":true,"isClose":false,"isMobile":false,"dareSec":0,"isConnect":true,"isLogger":true,"advSec":-180,"isOrigin":false,"isOriginCancel":false,"jamTryCnt":10,"---2---":"====== MailSetting(GmailOnly) ======","fromMail":"sugachan.tectec@gmail.com","fromMailPass":"sero3202","toMail":"","toSysMail":"trigger@applet.ifttt.com"}
[2021-08-14T21:56:56.218] [INFO] system - 【本番】
[2021-08-14T21:56:56.223] [INFO] system - 2021-08-14 22:15:00までログイン処理待機中...
[2021-08-14T22:15:00.036] [INFO] system - ログイン処理想定時間到達
[2021-08-14T22:15:00.769] [INFO] system - ブラウザ起動後準備完了
[2021-08-14T22:15:06.967] [INFO] system - ログインページに移動完了
[2021-08-14T22:15:09.056] [INFO] system - ログイン完了
[2021-08-14T22:15:09.079] [INFO] system - 混線なし
[2021-08-14T22:15:09.085] [INFO] system - 「整理番号券」の存在を確認(.table #ticket-473893)
[2021-08-14T22:15:09.086] [INFO] system - 2021-08-14 22:29:59まで購入処理待機中...
[2021-08-14T22:29:59.836] [INFO] system - 購入処理想定時間到達
[2021-08-14T22:29:59.838] [INFO] system - <成績時間カウント開始>
[2021-08-14T22:29:59.839] [INFO] system - 購入可能状態確認start(1回目)
[2021-08-14T22:30:06.071] [INFO] system - 混線のため110秒待機開始...
[2021-08-14T22:31:57.381] [INFO] system - 混線のため119秒待機開始...
[2021-08-14T22:33:57.406] [INFO] system - 混線のため92秒待機開始...
[2021-08-14T22:35:30.576] [INFO] system - 混線解消(3回目に成功)
[2021-08-14T22:35:30.577] [INFO] system - 購入可能状態確認start(2回目)
[2021-08-14T22:35:31.839] [ERROR] system - 購入可能状態確認NG
[2021-08-14T22:35:31.840] [ERROR] system - Error
    at newBrowser (C:\source\yt-scraping\func-lpkick\lpkick.js:477:19)
    at processTicksAndRejections (internal/process/task_queues.js:93:5)
    at async C:\source\yt-scraping\func-lpkick\lpkick.js:107:5
[2021-08-14T22:35:31.862] [ERROR] system - ReferenceError: page is not defined
    at newBrowser (C:\source\yt-scraping\func-lpkick\lpkick.js:627:5)
    at processTicksAndRejections (internal/process/task_queues.js:93:5)
    at async C:\source\yt-scraping\func-lpkick\lpkick.js:107:5
