[2021-05-22T17:23:15.022] [INFO] system - 【Windows版起動】
[2021-05-22T17:23:15.024] [INFO] system - キック：{"---1---":"====== BasicSetting ======","mainUrl":"https://t.livepocket.jp/","loginUrl":"https://t.livepocket.jp/login?acroot=header-new_p_u_nl","mypageUrl":"https://t.livepocket.jp/my_top","autoLogin":false,"confUser":"kisyan4444@gmail.com","confPass":"sero3202","targetUrl":"https://t.livepocket.jp/e/osaka0523/","targetTicket":null,"targetName":"１部優先入場チケット整理番号券","targetNumber":"1","storeTypeId":"002","startTime":"2021-05-21 22:00","isBrowse":true,"isFree":false,"isCredit":false,"isTest":true,"isLanguage":"ja","isStage":false,"isJamCheck":true,"isMailSend":false,"---2---":"====== MailSetting(GmailOnly) ======","fromMail":"sugachan.tectec@gmail.com","fromMailPass":"sero3202","toMail":"","toSysMail":"trigger@applet.ifttt.com","isWindows":["Windows"],"loginTime":"2021-05-21 21:45","notCheckOnly":true,"isClose":false,"isMobile":true,"dareSec":1}
[2021-05-22T17:23:15.027] [INFO] system - 【テスト】
[2021-05-22T17:23:15.033] [INFO] system - 2021-05-21 21:45:00にすでに到達
[2021-05-22T17:23:15.052] [INFO] system - ログイン処理想定時間到達
[2021-05-22T17:23:15.755] [INFO] system - ブラウザ起動後準備完了
[2021-05-22T17:23:18.749] [INFO] system - ログインページに移動完了
[2021-05-22T17:23:18.772] [INFO] system - 混線なし
[2021-05-22T17:23:24.583] [INFO] system - ログイン完了
[2021-05-22T17:23:24.601] [INFO] system - 混線なし
[2021-05-22T17:23:24.659] [INFO] system - 「１部優先入場チケット整理番号券」の存在を確認(.table #ticket-416777)
[2021-05-22T17:23:24.663] [INFO] system - 2021-05-21 22:00にすでに到達
[2021-05-22T17:23:24.669] [INFO] system - 購入処理想定時間到達
[2021-05-22T17:23:24.670] [INFO] system - <成績時間カウント開始>
[2021-05-22T17:23:24.671] [INFO] system - 購入可能状態確認start(1回目)
[2021-05-22T17:23:26.938] [INFO] system - 購入可能状態確認end
[2021-05-22T17:23:26.939] [INFO] system - 枚数選択start(1回目)
[2021-05-22T17:23:27.941] [INFO] system - 枚数選択時に明示的に1秒待機
[2021-05-22T17:23:27.942] [INFO] system - 1枚目選択開始
[2021-05-22T17:23:28.054] [INFO] system - 1枚目選択終了
[2021-05-22T17:23:33.175] [INFO] system - 枚数選択end
[2021-05-22T17:23:33.176] [INFO] system - 決済処理start(1回目)
[2021-05-22T17:23:33.177] [INFO] system - 購入処理確定開始(freeBuy:false)
[2021-05-22T17:23:33.179] [INFO] system - 購入処理開始(有料)
[2021-05-22T17:23:33.472] [INFO] system - 規約に同意クリック
[2021-05-22T17:23:33.474] [INFO] system - 【テスト:決済ロジック】
[2021-05-22T17:23:33.476] [INFO] system - テスト処理完了
[2021-05-22T17:23:33.499] [INFO] system - <現在時刻：Sat May 22 2021 17:23:33 GMT+0900／成績：8.828秒>
[2021-05-22T17:23:49.644] [INFO] system - 【Windows版起動】
[2021-05-22T17:23:49.645] [INFO] system - キック：{"---1---":"====== BasicSetting ======","mainUrl":"https://t.livepocket.jp/","loginUrl":"https://t.livepocket.jp/login?acroot=header-new_p_u_nl","mypageUrl":"https://t.livepocket.jp/my_top","autoLogin":false,"confUser":"kisyan4444@gmail.com","confPass":"sero3202","targetUrl":"https://t.livepocket.jp/e/osaka0523/","targetTicket":null,"targetName":"１部優先入場チケット整理番号券","targetNumber":"1","storeTypeId":"002","startTime":"2021-05-21 22:00","isBrowse":true,"isFree":false,"isCredit":false,"isTest":true,"isLanguage":"ja","isStage":false,"isJamCheck":true,"isMailSend":false,"---2---":"====== MailSetting(GmailOnly) ======","fromMail":"sugachan.tectec@gmail.com","fromMailPass":"sero3202","toMail":"","toSysMail":"trigger@applet.ifttt.com","isWindows":["Windows"],"loginTime":"2021-05-21 21:45","notCheckOnly":true,"isClose":false,"isMobile":false,"dareSec":1}
[2021-05-22T17:23:49.657] [INFO] system - 【テスト】
[2021-05-22T17:23:49.662] [INFO] system - 2021-05-21 21:45:00にすでに到達
[2021-05-22T17:23:49.665] [INFO] system - ログイン処理想定時間到達
[2021-05-22T17:23:50.189] [INFO] system - ブラウザ起動後準備完了
[2021-05-22T17:23:53.083] [INFO] system - ログインページに移動完了
[2021-05-22T17:24:00.316] [ERROR] system - Error: Navigation failed because browser has disconnected!
    at C:\source\yt-scraping\node_modules\puppeteer\lib\cjs\puppeteer\common\LifecycleWatcher.js:51:147
    at C:\source\yt-scraping\node_modules\puppeteer\lib\cjs\vendor\mitt\src\index.js:51:62
    at Array.map (<anonymous>)
    at Object.emit (C:\source\yt-scraping\node_modules\puppeteer\lib\cjs\vendor\mitt\src\index.js:51:43)
    at CDPSession.emit (C:\source\yt-scraping\node_modules\puppeteer\lib\cjs\puppeteer\common\EventEmitter.js:72:22)
    at CDPSession._onClosed (C:\source\yt-scraping\node_modules\puppeteer\lib\cjs\puppeteer\common\Connection.js:247:14)
    at Connection._onMessage (C:\source\yt-scraping\node_modules\puppeteer\lib\cjs\puppeteer\common\Connection.js:94:25)
    at WebSocket.<anonymous> (C:\source\yt-scraping\node_modules\puppeteer\lib\cjs\puppeteer\node\NodeWebSocketTransport.js:13:32)
    at WebSocket.onMessage (C:\source\yt-scraping\node_modules\ws\lib\event-target.js:132:16)
    at WebSocket.emit (events.js:315:20)
[2021-05-22T17:24:00.383] [ERROR] system - Error: Protocol error (Target.activateTarget): Session closed. Most likely the page has been closed.
    at CDPSession.send (C:\source\yt-scraping\node_modules\puppeteer\lib\cjs\puppeteer\common\Connection.js:195:35)
    at Page._screenshotTask (C:\source\yt-scraping\node_modules\puppeteer\lib\cjs\puppeteer\common\Page.js:1084:28)
    at C:\source\yt-scraping\node_modules\puppeteer\lib\cjs\puppeteer\common\Page.js:1081:62
    at processTicksAndRejections (internal/process/task_queues.js:93:5)
[2021-05-22T17:24:00.385] [ERROR] system - ReferenceError: page is not defined
    at newBrowser (C:\source\yt-scraping\func-lpkick\lpkick.js:465:5)
    at processTicksAndRejections (internal/process/task_queues.js:93:5)
    at async C:\source\yt-scraping\func-lpkick\lpkick.js:113:5
[2021-05-22T17:24:51.585] [INFO] system - 【Windows版起動】
[2021-05-22T17:24:51.586] [INFO] system - キック：{"---1---":"====== BasicSetting ======","mainUrl":"https://t.livepocket.jp/","loginUrl":"https://t.livepocket.jp/login?acroot=header-new_p_u_nl","mypageUrl":"https://t.livepocket.jp/my_top","autoLogin":false,"confUser":"kisyan4444@gmail.com","confPass":"sero3202","targetUrl":"https://t.livepocket.jp/e/osaka0523/","targetTicket":null,"targetName":"１部優先入場チケット整理番号券","targetNumber":"1","storeTypeId":"002","startTime":"2021-05-21 22:00","isBrowse":true,"isFree":false,"isCredit":false,"isTest":true,"isLanguage":"ja","isStage":false,"isJamCheck":true,"isMailSend":false,"---2---":"====== MailSetting(GmailOnly) ======","fromMail":"sugachan.tectec@gmail.com","fromMailPass":"sero3202","toMail":"","toSysMail":"trigger@applet.ifttt.com","isWindows":["Windows"],"loginTime":"2021-05-21 21:45","notCheckOnly":true,"isClose":false,"isMobile":false,"dareSec":1}
[2021-05-22T17:24:51.597] [INFO] system - 【テスト】
[2021-05-22T17:24:51.603] [INFO] system - 2021-05-21 21:45:00にすでに到達
[2021-05-22T17:24:51.613] [INFO] system - ログイン処理想定時間到達
[2021-05-22T17:24:52.094] [INFO] system - ブラウザ起動後準備完了
[2021-05-22T17:24:55.049] [INFO] system - ログインページに移動完了
[2021-05-22T17:24:59.775] [INFO] system - ログイン完了
[2021-05-22T17:24:59.906] [INFO] system - 混線なし
[2021-05-22T17:25:00.040] [INFO] system - 「１部優先入場チケット整理番号券」の存在を確認(.table #ticket-416777)
[2021-05-22T17:25:00.042] [INFO] system - 2021-05-21 22:00にすでに到達
[2021-05-22T17:25:00.045] [INFO] system - 購入処理想定時間到達
[2021-05-22T17:25:00.054] [INFO] system - <成績時間カウント開始>
[2021-05-22T17:25:00.055] [INFO] system - 購入可能状態確認start(1回目)
[2021-05-22T17:25:02.314] [INFO] system - 購入可能状態確認end
[2021-05-22T17:25:02.315] [INFO] system - 枚数選択start(1回目)
[2021-05-22T17:25:03.317] [INFO] system - 枚数選択時に明示的に1秒待機
[2021-05-22T17:25:03.319] [INFO] system - 1枚目選択開始
[2021-05-22T17:25:03.417] [INFO] system - 1枚目選択終了
[2021-05-22T17:25:10.291] [INFO] system - 枚数選択end
[2021-05-22T17:25:10.292] [INFO] system - 決済処理start(1回目)
[2021-05-22T17:25:10.293] [INFO] system - 購入処理確定開始(freeBuy:false)
[2021-05-22T17:25:10.294] [INFO] system - 購入処理開始(有料)
[2021-05-22T17:25:10.451] [INFO] system - 規約に同意クリック
[2021-05-22T17:25:10.452] [INFO] system - 【テスト:決済ロジック】
[2021-05-22T17:25:10.454] [INFO] system - テスト処理完了
[2021-05-22T17:25:10.458] [INFO] system - <現在時刻：Sat May 22 2021 17:25:10 GMT+0900／成績：10.403秒>
[2021-05-22T17:27:21.352] [INFO] system - 【Windows版起動】
[2021-05-22T17:27:21.353] [INFO] system - キック：{"---1---":"====== BasicSetting ======","mainUrl":"https://t.livepocket.jp/","loginUrl":"https://t.livepocket.jp/login?acroot=header-new_p_u_nl","mypageUrl":"https://t.livepocket.jp/my_top","autoLogin":false,"confUser":"kisyan4444@gmail.com","confPass":"sero3202","targetUrl":"https://t.livepocket.jp/e/osaka0523/","targetTicket":null,"targetName":"１部優先入場チケット整理番号券","targetNumber":"1","storeTypeId":"002","startTime":"2021-05-21 22:00","isBrowse":false,"isFree":false,"isCredit":false,"isTest":true,"isLanguage":"ja","isStage":false,"isJamCheck":true,"isMailSend":false,"---2---":"====== MailSetting(GmailOnly) ======","fromMail":"sugachan.tectec@gmail.com","fromMailPass":"sero3202","toMail":"","toSysMail":"trigger@applet.ifttt.com","isWindows":["Windows"],"loginTime":"2021-05-21 21:45","notCheckOnly":true,"isClose":false,"isMobile":true,"dareSec":1}
[2021-05-22T17:27:21.364] [INFO] system - 【テスト】
[2021-05-22T17:27:21.370] [INFO] system - 2021-05-21 21:45:00にすでに到達
[2021-05-22T17:27:21.373] [INFO] system - ログイン処理想定時間到達
[2021-05-22T17:27:21.651] [INFO] system - ブラウザ起動後準備完了
[2021-05-22T17:27:24.438] [INFO] system - ログインページに移動完了
[2021-05-22T17:27:24.453] [INFO] system - 混線なし
[2021-05-22T17:27:24.467] [ERROR] system - Error: Node is either not visible or not an HTMLElement
    at ElementHandle._clickablePoint (C:\source\yt-scraping\node_modules\puppeteer\lib\cjs\puppeteer\common\JSHandle.js:329:19)
    at processTicksAndRejections (internal/process/task_queues.js:93:5)
    at async ElementHandle.click (C:\source\yt-scraping\node_modules\puppeteer\lib\cjs\puppeteer\common\JSHandle.js:390:26)
    at async DOMWorld.click (C:\source\yt-scraping\node_modules\puppeteer\lib\cjs\puppeteer\common\DOMWorld.js:278:9)
    at async Promise.all (index 1)
    at async newLogin (C:\source\yt-scraping\func-lpkick\lpkick.js:478:7)
    at async newBrowser (C:\source\yt-scraping\func-lpkick\lpkick.js:285:22)
    at async C:\source\yt-scraping\func-lpkick\lpkick.js:114:5
[2021-05-22T17:27:24.928] [ERROR] system - ログインエラー
[2021-05-22T17:27:24.929] [ERROR] system - Error
    at newBrowser (C:\source\yt-scraping\func-lpkick\lpkick.js:288:13)
    at async C:\source\yt-scraping\func-lpkick\lpkick.js:114:5
[2021-05-22T17:27:24.930] [ERROR] system - ReferenceError: page is not defined
    at newBrowser (C:\source\yt-scraping\func-lpkick\lpkick.js:467:5)
    at async C:\source\yt-scraping\func-lpkick\lpkick.js:114:5
[2021-05-22T17:28:50.849] [INFO] system - 【Windows版起動】
[2021-05-22T17:28:50.850] [INFO] system - キック：{"---1---":"====== BasicSetting ======","mainUrl":"https://t.livepocket.jp/","loginUrl":"https://t.livepocket.jp/login?acroot=header-new_p_u_nl","mypageUrl":"https://t.livepocket.jp/my_top","autoLogin":false,"confUser":"kisyan4444@gmail.com","confPass":"sero3202","targetUrl":"https://t.livepocket.jp/e/osaka0523/","targetTicket":null,"targetName":"１部優先入場チケット整理番号券","targetNumber":"1","storeTypeId":"002","startTime":"2021-05-21 22:00","isBrowse":false,"isFree":false,"isCredit":false,"isTest":true,"isLanguage":"ja","isStage":false,"isJamCheck":true,"isMailSend":false,"---2---":"====== MailSetting(GmailOnly) ======","fromMail":"sugachan.tectec@gmail.com","fromMailPass":"sero3202","toMail":"","toSysMail":"trigger@applet.ifttt.com","isWindows":["Windows"],"loginTime":"2021-05-21 21:45","notCheckOnly":true,"isClose":false,"isMobile":true,"dareSec":1}
[2021-05-22T17:28:50.861] [INFO] system - 【テスト】
[2021-05-22T17:28:50.867] [INFO] system - 2021-05-21 21:45:00にすでに到達
[2021-05-22T17:28:50.876] [INFO] system - ログイン処理想定時間到達
[2021-05-22T17:28:51.159] [INFO] system - ブラウザ起動後準備完了
[2021-05-22T17:28:54.099] [INFO] system - ログインページに移動完了
[2021-05-22T17:28:54.118] [INFO] system - 混線なし
[2021-05-22T17:29:31.247] [INFO] system - 【Windows版起動】
[2021-05-22T17:29:31.248] [INFO] system - キック：{"---1---":"====== BasicSetting ======","mainUrl":"https://t.livepocket.jp/","loginUrl":"https://t.livepocket.jp/login?acroot=header-new_p_u_nl","mypageUrl":"https://t.livepocket.jp/my_top","autoLogin":false,"confUser":"kisyan4444@gmail.com","confPass":"sero3202","targetUrl":"https://t.livepocket.jp/e/osaka0523/","targetTicket":null,"targetName":"１部優先入場チケット整理番号券","targetNumber":"1","storeTypeId":"002","startTime":"2021-05-21 22:00","isBrowse":false,"isFree":false,"isCredit":false,"isTest":true,"isLanguage":"ja","isStage":false,"isJamCheck":true,"isMailSend":false,"---2---":"====== MailSetting(GmailOnly) ======","fromMail":"sugachan.tectec@gmail.com","fromMailPass":"sero3202","toMail":"","toSysMail":"trigger@applet.ifttt.com","isWindows":["Windows"],"loginTime":"2021-05-21 21:45","notCheckOnly":true,"isClose":false,"isMobile":true,"dareSec":1}
[2021-05-22T17:29:31.260] [INFO] system - 【テスト】
[2021-05-22T17:29:31.274] [INFO] system - 2021-05-21 21:45:00にすでに到達
[2021-05-22T17:29:31.277] [INFO] system - ログイン処理想定時間到達
[2021-05-22T17:29:31.581] [INFO] system - ブラウザ起動後準備完了
[2021-05-22T17:29:35.630] [INFO] system - ログインページに移動完了
[2021-05-22T17:29:35.649] [INFO] system - 混線なし
[2021-05-22T17:29:40.668] [INFO] system - ログイン完了
[2021-05-22T17:29:40.678] [INFO] system - 混線なし
[2021-05-22T17:29:40.728] [INFO] system - 「１部優先入場チケット整理番号券」の存在を確認(.table #ticket-416777)
[2021-05-22T17:29:40.730] [INFO] system - 2021-05-21 22:00にすでに到達
[2021-05-22T17:29:40.731] [INFO] system - 購入処理想定時間到達
[2021-05-22T17:29:40.732] [INFO] system - <成績時間カウント開始>
[2021-05-22T17:29:40.732] [INFO] system - 購入可能状態確認start(1回目)
[2021-05-22T17:29:43.139] [INFO] system - 購入可能状態確認end
[2021-05-22T17:29:43.139] [INFO] system - 枚数選択start(1回目)
[2021-05-22T17:29:44.143] [INFO] system - 枚数選択時に明示的に1秒待機
[2021-05-22T17:29:44.147] [INFO] system - 1枚目選択開始
[2021-05-22T17:29:44.217] [INFO] system - 1枚目選択終了
[2021-05-22T17:29:50.541] [INFO] system - 枚数選択end
[2021-05-22T17:29:50.541] [INFO] system - 決済処理start(1回目)
[2021-05-22T17:29:50.542] [INFO] system - 購入処理確定開始(freeBuy:false)
[2021-05-22T17:29:50.543] [INFO] system - 購入処理開始(有料)
[2021-05-22T17:29:50.679] [INFO] system - 規約に同意クリック
[2021-05-22T17:29:50.680] [INFO] system - 【テスト:決済ロジック】
[2021-05-22T17:29:50.681] [INFO] system - テスト処理完了
[2021-05-22T17:29:50.682] [INFO] system - <現在時刻：Sat May 22 2021 17:29:50 GMT+0900／成績：9.95秒>
[2021-05-22T17:30:00.896] [INFO] system - 【Windows版起動】
[2021-05-22T17:30:00.898] [INFO] system - キック：{"---1---":"====== BasicSetting ======","mainUrl":"https://t.livepocket.jp/","loginUrl":"https://t.livepocket.jp/login?acroot=header-new_p_u_nl","mypageUrl":"https://t.livepocket.jp/my_top","autoLogin":false,"confUser":"kisyan4444@gmail.com","confPass":"sero3202","targetUrl":"https://t.livepocket.jp/e/osaka0523/","targetTicket":null,"targetName":"１部優先入場チケット整理番号券","targetNumber":"1","storeTypeId":"002","startTime":"2021-05-21 22:00","isBrowse":false,"isFree":false,"isCredit":false,"isTest":true,"isLanguage":"ja","isStage":false,"isJamCheck":true,"isMailSend":false,"---2---":"====== MailSetting(GmailOnly) ======","fromMail":"sugachan.tectec@gmail.com","fromMailPass":"sero3202","toMail":"","toSysMail":"trigger@applet.ifttt.com","isWindows":["Windows"],"loginTime":"2021-05-21 21:45","notCheckOnly":true,"isClose":false,"isMobile":true,"dareSec":1}
[2021-05-22T17:30:00.913] [INFO] system - 【テスト】
[2021-05-22T17:30:00.918] [INFO] system - 2021-05-21 21:45:00にすでに到達
[2021-05-22T17:30:00.920] [INFO] system - ログイン処理想定時間到達
[2021-05-22T17:30:01.227] [INFO] system - ブラウザ起動後準備完了
[2021-05-22T17:30:04.034] [INFO] system - ログインページに移動完了
[2021-05-22T17:30:04.050] [INFO] system - 混線なし
[2021-05-22T17:30:09.314] [INFO] system - ログイン完了
[2021-05-22T17:30:09.331] [INFO] system - 混線なし
[2021-05-22T17:30:09.369] [INFO] system - 「１部優先入場チケット整理番号券」の存在を確認(.table #ticket-416777)
[2021-05-22T17:30:09.372] [INFO] system - 2021-05-21 22:00にすでに到達
[2021-05-22T17:30:09.374] [INFO] system - 購入処理想定時間到達
[2021-05-22T17:30:09.375] [INFO] system - <成績時間カウント開始>
[2021-05-22T17:30:09.375] [INFO] system - 購入可能状態確認start(1回目)
[2021-05-22T17:30:11.290] [INFO] system - 購入可能状態確認end
[2021-05-22T17:30:11.291] [INFO] system - 枚数選択start(1回目)
[2021-05-22T17:30:12.292] [INFO] system - 枚数選択時に明示的に1秒待機
[2021-05-22T17:30:12.294] [INFO] system - 1枚目選択開始
[2021-05-22T17:30:12.371] [INFO] system - 1枚目選択終了
[2021-05-22T17:30:18.792] [INFO] system - 枚数選択end
[2021-05-22T17:30:18.793] [INFO] system - 決済処理start(1回目)
[2021-05-22T17:30:18.794] [INFO] system - 購入処理確定開始(freeBuy:false)
[2021-05-22T17:30:18.807] [INFO] system - 購入処理開始(有料)
[2021-05-22T17:30:18.927] [INFO] system - 規約に同意クリック
[2021-05-22T17:30:18.927] [INFO] system - 【テスト:決済ロジック】
[2021-05-22T17:30:18.929] [INFO] system - テスト処理完了
[2021-05-22T17:30:18.942] [INFO] system - <現在時刻：Sat May 22 2021 17:30:18 GMT+0900／成績：9.566秒>
[2021-05-22T17:31:41.464] [INFO] system - 【Windows版起動】
[2021-05-22T17:31:41.466] [INFO] system - キック：{"---1---":"====== BasicSetting ======","mainUrl":"https://t.livepocket.jp/","loginUrl":"https://t.livepocket.jp/login?acroot=header-new_p_u_nl","mypageUrl":"https://t.livepocket.jp/my_top","autoLogin":false,"confUser":"kisyan4444@gmail.com","confPass":"sero3202","targetUrl":"https://t.livepocket.jp/e/osaka0523/","targetTicket":null,"targetName":"１部優先入場チケット整理番号券","targetNumber":"1","storeTypeId":"002","startTime":"2021-05-21 22:00","isBrowse":false,"isFree":false,"isCredit":false,"isTest":true,"isLanguage":"ja","isStage":false,"isJamCheck":true,"isMailSend":false,"---2---":"====== MailSetting(GmailOnly) ======","fromMail":"sugachan.tectec@gmail.com","fromMailPass":"sero3202","toMail":"","toSysMail":"trigger@applet.ifttt.com","isWindows":["Windows"],"loginTime":"2021-05-21 21:45","notCheckOnly":true,"isClose":false,"isMobile":true,"dareSec":1}
[2021-05-22T17:31:41.479] [INFO] system - 【テスト】
[2021-05-22T17:31:41.484] [INFO] system - 2021-05-21 21:45:00にすでに到達
[2021-05-22T17:31:41.488] [INFO] system - ログイン処理想定時間到達
[2021-05-22T17:31:41.780] [INFO] system - ブラウザ起動後準備完了
[2021-05-22T17:31:44.762] [INFO] system - ログインページに移動完了
[2021-05-22T17:31:44.784] [INFO] system - 混線なし
[2021-05-22T17:31:50.744] [INFO] system - ログイン完了
[2021-05-22T17:31:50.755] [INFO] system - 混線なし
[2021-05-22T17:31:50.783] [INFO] system - 「１部優先入場チケット整理番号券」の存在を確認(.table #ticket-416777)
[2021-05-22T17:31:50.784] [INFO] system - 2021-05-21 22:00にすでに到達
[2021-05-22T17:31:50.795] [INFO] system - 購入処理想定時間到達
[2021-05-22T17:31:50.796] [INFO] system - <成績時間カウント開始>
[2021-05-22T17:31:50.797] [INFO] system - 購入可能状態確認start(1回目)
[2021-05-22T17:31:53.062] [INFO] system - 購入可能状態確認end
[2021-05-22T17:31:53.063] [INFO] system - 枚数選択start(1回目)
[2021-05-22T17:31:54.065] [INFO] system - 枚数選択時に明示的に1秒待機
[2021-05-22T17:31:54.066] [INFO] system - 1枚目選択開始
[2021-05-22T17:31:54.146] [INFO] system - 1枚目選択終了
[2021-05-22T17:32:00.258] [INFO] system - 枚数選択end
[2021-05-22T17:32:00.259] [INFO] system - 決済処理start(1回目)
[2021-05-22T17:32:00.260] [INFO] system - 購入処理確定開始(freeBuy:false)
[2021-05-22T17:32:00.261] [INFO] system - 購入処理開始(有料)
[2021-05-22T17:32:00.402] [INFO] system - 規約に同意クリック
[2021-05-22T17:32:00.403] [INFO] system - 【テスト:決済ロジック】
[2021-05-22T17:32:00.404] [INFO] system - テスト処理完了
[2021-05-22T17:32:00.406] [INFO] system - <現在時刻：Sat May 22 2021 17:32:00 GMT+0900／成績：9.609秒>
[2021-05-22T17:32:55.403] [INFO] system - 【Windows版起動】
[2021-05-22T17:32:55.404] [INFO] system - キック：{"---1---":"====== BasicSetting ======","mainUrl":"https://t.livepocket.jp/","loginUrl":"https://t.livepocket.jp/login?acroot=header-new_p_u_nl","mypageUrl":"https://t.livepocket.jp/my_top","autoLogin":false,"confUser":"kisyan4444@gmail.com","confPass":"sero3202","targetUrl":"https://t.livepocket.jp/e/osaka0523/","targetTicket":null,"targetName":"１部優先入場チケット整理番号券","targetNumber":"1","storeTypeId":"002","startTime":"2021-05-21 22:00","isBrowse":false,"isFree":false,"isCredit":false,"isTest":true,"isLanguage":"ja","isStage":false,"isJamCheck":true,"isMailSend":false,"---2---":"====== MailSetting(GmailOnly) ======","fromMail":"sugachan.tectec@gmail.com","fromMailPass":"sero3202","toMail":"","toSysMail":"trigger@applet.ifttt.com","isWindows":["Windows"],"loginTime":"2021-05-21 21:45","notCheckOnly":true,"isClose":false,"isMobile":true,"dareSec":1}
[2021-05-22T17:32:55.420] [INFO] system - 【テスト】
[2021-05-22T17:32:55.425] [INFO] system - 2021-05-21 21:45:00にすでに到達
[2021-05-22T17:32:55.428] [INFO] system - ログイン処理想定時間到達
[2021-05-22T17:32:55.729] [INFO] system - ブラウザ起動後準備完了
[2021-05-22T17:32:59.212] [INFO] system - ログインページに移動完了
[2021-05-22T17:32:59.229] [INFO] system - 混線なし
[2021-05-22T17:33:04.529] [INFO] system - ログイン完了
[2021-05-22T17:33:04.545] [INFO] system - 混線なし
[2021-05-22T17:33:04.578] [INFO] system - 「１部優先入場チケット整理番号券」の存在を確認(.table #ticket-416777)
[2021-05-22T17:33:04.585] [INFO] system - 2021-05-21 22:00にすでに到達
[2021-05-22T17:33:04.586] [INFO] system - 購入処理想定時間到達
[2021-05-22T17:33:04.587] [INFO] system - <成績時間カウント開始>
[2021-05-22T17:33:04.587] [INFO] system - 購入可能状態確認start(1回目)
[2021-05-22T17:33:07.011] [INFO] system - 購入可能状態確認end
[2021-05-22T17:33:07.012] [INFO] system - 枚数選択start(1回目)
[2021-05-22T17:33:08.016] [INFO] system - 枚数選択時に明示的に1秒待機
[2021-05-22T17:33:08.021] [INFO] system - 1枚目選択開始
[2021-05-22T17:33:08.113] [INFO] system - 1枚目選択終了
[2021-05-22T17:33:14.595] [INFO] system - チェック
[2021-05-22T17:33:14.608] [INFO] system - 枚数選択end
[2021-05-22T17:33:14.611] [INFO] system - 決済処理start(1回目)
[2021-05-22T17:33:14.612] [INFO] system - 購入処理確定開始(freeBuy:false)
[2021-05-22T17:33:14.613] [INFO] system - 購入処理開始(有料)
[2021-05-22T17:33:14.733] [INFO] system - 規約に同意クリック
[2021-05-22T17:33:14.733] [INFO] system - 【テスト:決済ロジック】
[2021-05-22T17:33:14.735] [INFO] system - テスト処理完了
[2021-05-22T17:33:14.736] [INFO] system - <現在時刻：Sat May 22 2021 17:33:14 GMT+0900／成績：10.149秒>
[2021-05-22T17:35:06.924] [INFO] system - 【Windows版起動】
[2021-05-22T17:35:06.925] [INFO] system - キック：{"---1---":"====== BasicSetting ======","mainUrl":"https://t.livepocket.jp/","loginUrl":"https://t.livepocket.jp/login?acroot=header-new_p_u_nl","mypageUrl":"https://t.livepocket.jp/my_top","autoLogin":false,"confUser":"kisyan4444@gmail.com","confPass":"sero3202","targetUrl":"https://t.livepocket.jp/e/osaka0523/","targetTicket":null,"targetName":"１部優先入場チケット整理番号券","targetNumber":"1","storeTypeId":"002","startTime":"2021-05-21 22:00","isBrowse":true,"isFree":false,"isCredit":false,"isTest":true,"isLanguage":"ja","isStage":false,"isJamCheck":true,"isMailSend":false,"---2---":"====== MailSetting(GmailOnly) ======","fromMail":"sugachan.tectec@gmail.com","fromMailPass":"sero3202","toMail":"","toSysMail":"trigger@applet.ifttt.com","isWindows":["Windows"],"loginTime":"2021-05-21 21:45","notCheckOnly":true,"isClose":false,"isMobile":true,"dareSec":1}
[2021-05-22T17:35:06.928] [INFO] system - 【テスト】
[2021-05-22T17:35:06.933] [INFO] system - 2021-05-21 21:45:00にすでに到達
[2021-05-22T17:35:06.936] [INFO] system - ログイン処理想定時間到達
[2021-05-22T17:35:07.459] [INFO] system - ブラウザ起動後準備完了
[2021-05-22T17:35:11.056] [INFO] system - ログインページに移動完了
[2021-05-22T17:35:11.072] [INFO] system - 混線なし
[2021-05-22T17:35:16.685] [INFO] system - ログイン完了
[2021-05-22T17:35:16.702] [INFO] system - 混線なし
[2021-05-22T17:35:16.753] [INFO] system - 「１部優先入場チケット整理番号券」の存在を確認(.table #ticket-416777)
[2021-05-22T17:35:16.757] [INFO] system - 2021-05-21 22:00にすでに到達
[2021-05-22T17:35:16.759] [INFO] system - 購入処理想定時間到達
[2021-05-22T17:35:16.759] [INFO] system - <成績時間カウント開始>
[2021-05-22T17:35:16.760] [INFO] system - 購入可能状態確認start(1回目)
[2021-05-22T17:35:18.905] [INFO] system - 購入可能状態確認end
[2021-05-22T17:35:18.906] [INFO] system - 枚数選択start(1回目)
[2021-05-22T17:35:19.911] [INFO] system - 枚数選択時に明示的に1秒待機
[2021-05-22T17:35:19.913] [INFO] system - 1枚目選択開始
[2021-05-22T17:35:20.030] [INFO] system - 1枚目選択終了
[2021-05-22T17:35:26.397] [INFO] system - 枚数選択end
[2021-05-22T17:35:26.398] [INFO] system - 決済処理start(1回目)
[2021-05-22T17:35:26.399] [INFO] system - 購入処理確定開始(freeBuy:false)
[2021-05-22T17:35:26.400] [INFO] system - 購入処理開始(有料)
[2021-05-22T17:35:26.594] [INFO] system - 規約に同意クリック
[2021-05-22T17:35:26.595] [INFO] system - 【テスト:決済ロジック】
[2021-05-22T17:35:26.597] [INFO] system - テスト処理完了
[2021-05-22T17:35:26.600] [INFO] system - <現在時刻：Sat May 22 2021 17:35:26 GMT+0900／成績：9.84秒>
[2021-05-22T17:36:53.736] [INFO] system - 【Windows版起動】
[2021-05-22T17:36:53.738] [INFO] system - キック：{"---1---":"====== BasicSetting ======","mainUrl":"https://t.livepocket.jp/","loginUrl":"https://t.livepocket.jp/login?acroot=header-new_p_u_nl","mypageUrl":"https://t.livepocket.jp/my_top","autoLogin":false,"confUser":"kisyan4444@gmail.com","confPass":"sero3202","targetUrl":"https://t.livepocket.jp/e/osaka0523/","targetTicket":null,"targetName":"１部優先入場チケット整理番号券","targetNumber":"1","storeTypeId":"002","startTime":"2021-05-21 22:00","isBrowse":false,"isFree":false,"isCredit":false,"isTest":true,"isLanguage":"ja","isStage":false,"isJamCheck":true,"isMailSend":false,"---2---":"====== MailSetting(GmailOnly) ======","fromMail":"sugachan.tectec@gmail.com","fromMailPass":"sero3202","toMail":"","toSysMail":"trigger@applet.ifttt.com","isWindows":["Windows"],"loginTime":"2021-05-21 21:45","notCheckOnly":true,"isClose":false,"isMobile":true,"dareSec":1}
[2021-05-22T17:36:53.751] [INFO] system - 【テスト】
[2021-05-22T17:36:53.757] [INFO] system - 2021-05-21 21:45:00にすでに到達
[2021-05-22T17:36:53.761] [INFO] system - ログイン処理想定時間到達
[2021-05-22T17:36:54.054] [INFO] system - ブラウザ起動後準備完了
[2021-05-22T17:36:57.344] [INFO] system - ログインページに移動完了
[2021-05-22T17:36:57.362] [INFO] system - 混線なし
[2021-05-22T17:37:02.653] [INFO] system - ログイン完了
[2021-05-22T17:37:02.667] [INFO] system - 混線なし
[2021-05-22T17:37:02.700] [INFO] system - 「１部優先入場チケット整理番号券」の存在を確認(.table #ticket-416777)
[2021-05-22T17:37:02.702] [INFO] system - 2021-05-21 22:00にすでに到達
[2021-05-22T17:37:02.702] [INFO] system - 購入処理想定時間到達
[2021-05-22T17:37:02.703] [INFO] system - <成績時間カウント開始>
[2021-05-22T17:37:02.703] [INFO] system - 購入可能状態確認start(1回目)
[2021-05-22T17:37:04.954] [INFO] system - 購入可能状態確認end
[2021-05-22T17:37:04.955] [INFO] system - 枚数選択start(1回目)
[2021-05-22T17:37:05.956] [INFO] system - 枚数選択時に明示的に1秒待機
[2021-05-22T17:37:05.956] [INFO] system - 1枚目選択開始
[2021-05-22T17:37:06.059] [INFO] system - 1枚目選択終了
[2021-05-22T17:37:06.069] [ERROR] system - Error: Node is either not visible or not an HTMLElement
    at ElementHandle._clickablePoint (C:\source\yt-scraping\node_modules\puppeteer\lib\cjs\puppeteer\common\JSHandle.js:329:19)
    at runMicrotasks (<anonymous>)
    at processTicksAndRejections (internal/process/task_queues.js:93:5)
    at async ElementHandle.click (C:\source\yt-scraping\node_modules\puppeteer\lib\cjs\puppeteer\common\JSHandle.js:390:26)
    at async DOMWorld.click (C:\source\yt-scraping\node_modules\puppeteer\lib\cjs\puppeteer\common\DOMWorld.js:278:9)
    at async Promise.all (index 1)
    at async targetPageBuySelect (C:\source\yt-scraping\func-lpkick\lpkick.js:666:7)
    at async newBrowser (C:\source\yt-scraping\func-lpkick\lpkick.js:358:9)
    at async C:\source\yt-scraping\func-lpkick\lpkick.js:113:5
[2021-05-22T17:38:24.780] [INFO] system - 【Windows版起動】
[2021-05-22T17:38:24.781] [INFO] system - キック：{"---1---":"====== BasicSetting ======","mainUrl":"https://t.livepocket.jp/","loginUrl":"https://t.livepocket.jp/login?acroot=header-new_p_u_nl","mypageUrl":"https://t.livepocket.jp/my_top","autoLogin":false,"confUser":"kisyan4444@gmail.com","confPass":"sero3202","targetUrl":"https://t.livepocket.jp/e/osaka0523/","targetTicket":null,"targetName":"１部優先入場チケット整理番号券","targetNumber":"1","storeTypeId":"002","startTime":"2021-05-21 22:00","isBrowse":false,"isFree":false,"isCredit":false,"isTest":true,"isLanguage":"ja","isStage":false,"isJamCheck":true,"isMailSend":false,"---2---":"====== MailSetting(GmailOnly) ======","fromMail":"sugachan.tectec@gmail.com","fromMailPass":"sero3202","toMail":"","toSysMail":"trigger@applet.ifttt.com","isWindows":["Windows"],"loginTime":"2021-05-21 21:45","notCheckOnly":true,"isClose":false,"isMobile":true,"dareSec":0}
[2021-05-22T17:38:24.800] [INFO] system - 【テスト】
[2021-05-22T17:38:24.806] [INFO] system - 2021-05-21 21:45:00にすでに到達
[2021-05-22T17:38:24.809] [INFO] system - ログイン処理想定時間到達
[2021-05-22T17:38:25.114] [INFO] system - ブラウザ起動後準備完了
[2021-05-22T17:38:27.959] [INFO] system - ログインページに移動完了
[2021-05-22T17:38:27.971] [INFO] system - 混線なし
[2021-05-22T17:38:33.285] [INFO] system - ログイン完了
[2021-05-22T17:38:33.298] [INFO] system - 混線なし
[2021-05-22T17:38:33.333] [INFO] system - 「１部優先入場チケット整理番号券」の存在を確認(.table #ticket-416777)
[2021-05-22T17:38:33.337] [INFO] system - 2021-05-21 22:00にすでに到達
[2021-05-22T17:38:33.341] [INFO] system - 購入処理想定時間到達
[2021-05-22T17:38:33.350] [INFO] system - <成績時間カウント開始>
[2021-05-22T17:38:33.351] [INFO] system - 購入可能状態確認start(1回目)
[2021-05-22T17:38:35.629] [INFO] system - 購入可能状態確認end
[2021-05-22T17:38:35.630] [INFO] system - 枚数選択start(1回目)
[2021-05-22T17:38:35.633] [INFO] system - 枚数選択時に明示的に0秒待機
[2021-05-22T17:38:35.647] [INFO] system - 1枚目選択開始
[2021-05-22T17:38:35.729] [INFO] system - 1枚目選択終了
[2021-05-22T17:38:41.956] [INFO] system - 枚数選択end
[2021-05-22T17:38:41.956] [INFO] system - 決済処理start(1回目)
[2021-05-22T17:38:41.958] [INFO] system - 購入処理確定開始(freeBuy:false)
[2021-05-22T17:38:41.970] [INFO] system - 購入処理開始(有料)
[2021-05-22T17:38:42.102] [INFO] system - 規約に同意クリック
[2021-05-22T17:38:42.103] [INFO] system - 【テスト:決済ロジック】
[2021-05-22T17:38:42.105] [INFO] system - テスト処理完了
[2021-05-22T17:38:42.106] [INFO] system - <現在時刻：Sat May 22 2021 17:38:42 GMT+0900／成績：8.755秒>
