[2021-02-16T11:00:41.339] [INFO] system - 【Windows版起動】
[2021-02-16T11:00:41.340] [INFO] system - キック：{"---1---":"====== BasicSetting ======","mainUrl":"https://t.livepocket.jp/","loginUrl":"https://t.livepocket.jp/login?acroot=header-new_p_u_nl","mypageUrl":"https://t.livepocket.jp/my_top","autoLogin":false,"confUser":"kisyan3333@gmail.com","confPass":"6yjAWLhCxVT2","targetUrl":"https://t.livepocket.jp/e/jyapo_teruteru/","targetTicket":null,"targetName":"通常チケット整理番号券","targetNumber":"1","storeTypeId":"002","startTime":"2021-02-15 10:30","isBrowse":true,"isFree":false,"isCredit":false,"isTest":true,"isLanguage":"ja","isStage":false,"isJamCheck":true,"---2---":"====== MailSetting(GmailOnly) ======","fromMail":"sugachan.tectec@gmail.com","fromMailPass":"sero3202","toMail":"trigger@applet.ifttt.com","toSysMail":"trigger@applet.ifttt.com","isWindows":["Windows"],"notCheckOnly":true}
[2021-02-16T11:00:41.341] [INFO] system - 【テスト】
[2021-02-16T11:00:41.351] [INFO] system - 2021-02-15 10:15:00にすでに到達
[2021-02-16T11:00:41.353] [INFO] system - ログイン処理想定時間到達
[2021-02-16T11:00:41.835] [INFO] system - ブラウザ起動後準備完了
[2021-02-16T11:00:44.362] [INFO] system - send successful
[2021-02-16T11:00:46.159] [INFO] system - 混線なし
[2021-02-16T11:00:46.160] [INFO] system - ログインページに移動完了
[2021-02-16T11:00:48.066] [INFO] system - 混線なし
[2021-02-16T11:00:49.536] [INFO] system - ログイン完了
[2021-02-16T11:00:49.556] [INFO] system - 「通常チケット整理番号券」の存在を確認(.table #ticket-352897)
[2021-02-16T11:00:49.557] [INFO] system - 2021-02-15 10:30にすでに到達
[2021-02-16T11:00:49.559] [INFO] system - 購入処理想定時間到達
[2021-02-16T11:00:49.559] [INFO] system - <成績時間カウント開始>
[2021-02-16T11:00:51.620] [INFO] system - 混線なし
[2021-02-16T11:00:51.623] [INFO] system - 購入状態確認(1回目に成功)
[2021-02-16T11:00:51.634] [INFO] system - 購入処理開始(確定前)
[2021-02-16T11:00:54.740] [INFO] system - 混線なし
[2021-02-16T11:00:54.760] [INFO] system - 購入処理確定開始(freeBuy:true)
[2021-02-16T11:00:54.761] [INFO] system - 購入処理開始(無料)
[2021-02-16T11:00:54.905] [INFO] system - 混線なし
[2021-02-16T11:00:54.905] [INFO] system - <成績：5.346秒>
[2021-02-16T11:00:57.879] [INFO] system - send successful
