[2021-09-17T15:43:44.385] [INFO] system - キック：{"isWindows":["Windows"],"---1---":"====== BasicSetting ======","mypageUrl":"https://t.livepocket.jp/my_top","autoLogin":false,"confUser":"dabame8549@mi166.com","confPass":"6yjAWLhCxVT2","testUser":"sugachan.tectec@gmail.com","testPass":"6yjAWLhCxVT2","targetUrl":"https://t.livepocket.jp/e/osaka0919/","targetName":"２部優先入場チケット整理番号券","targetNumber":"2","storeTypeId":"002","loginTime":"2021-09-17 21:45","startTime":"2021-09-17 22:00","isBrowse":false,"isTest":false,"isJamCheck":true,"isCredit":false,"isMailSend":false,"notCheckOnly":true,"isClose":false,"isMobile":true,"dareSec":0,"isConnect":true,"isLogger":true,"advSec":-250,"isOrigin":true,"isOriginCancel":false,"jamTryCnt":10,"---2---":"====== MailSetting(GmailOnly) ======","fromMail":"sugachan.tectec@gmail.com","fromMailPass":"sero3202","toMail":"","toSysMail":"trigger@applet.ifttt.com"}
[2021-09-17T15:43:44.388] [INFO] system - 【本番】
[2021-09-17T15:43:44.392] [INFO] system - 2021-09-17 21:45:00までログイン処理待機中...
[2021-09-17T15:44:28.028] [INFO] system - キック：{"isWindows":["Windows"],"---1---":"====== BasicSetting ======","mypageUrl":"https://t.livepocket.jp/my_top","autoLogin":false,"confUser":"natipo5714@mom2kid.com","confPass":"6yjAWLhCxVT2","testUser":"sugachan.tectec@gmail.com","testPass":"6yjAWLhCxVT2","targetUrl":"https://t.livepocket.jp/e/osaka0919/","targetName":"３部優先入場チケット整理番号券","targetNumber":"2","storeTypeId":"002","loginTime":"2021-09-17 21:45","startTime":"2021-09-17 22:00","isBrowse":false,"isTest":false,"isJamCheck":true,"isCredit":false,"isMailSend":false,"notCheckOnly":true,"isClose":false,"isMobile":true,"dareSec":0,"isConnect":true,"isLogger":true,"advSec":-253,"isOrigin":true,"isOriginCancel":false,"jamTryCnt":10,"---2---":"====== MailSetting(GmailOnly) ======","fromMail":"sugachan.tectec@gmail.com","fromMailPass":"sero3202","toMail":"","toSysMail":"trigger@applet.ifttt.com"}
[2021-09-17T15:44:28.031] [INFO] system - 【本番】
[2021-09-17T15:44:28.035] [INFO] system - 2021-09-17 21:45:00までログイン処理待機中...
[2021-09-17T21:44:59.858] [INFO] system - ログイン処理想定時間到達
[2021-09-17T21:44:59.858] [INFO] system - ログイン処理想定時間到達
[2021-09-17T21:45:00.565] [INFO] system - ブラウザ起動後準備完了
[2021-09-17T21:45:00.624] [INFO] system - ブラウザ起動後準備完了
[2021-09-17T21:45:01.945] [INFO] system - ログインページに移動完了
[2021-09-17T21:45:01.977] [INFO] system - ログインページに移動完了
[2021-09-17T21:45:04.310] [INFO] system - ログイン完了
[2021-09-17T21:45:04.322] [INFO] system - 混線なし
[2021-09-17T21:45:04.351] [INFO] system - 「３部優先入場チケット整理番号券」の存在を確認(.table #ticket-507733)
[2021-09-17T21:45:04.375] [INFO] system - ログイン完了
[2021-09-17T21:45:04.387] [INFO] system - 混線なし
[2021-09-17T21:45:04.419] [INFO] system - 「２部優先入場チケット整理番号券」の存在を確認(.table #ticket-507731)
[2021-09-17T21:45:06.867] [INFO] system - .table #ticket-507733ロック外し開始
[2021-09-17T21:45:06.875] [INFO] system - 1セット選択終了
[2021-09-17T21:45:06.879] [INFO] system - 2021-09-17 21:59:29までページバック待機中...
[2021-09-17T21:45:06.890] [INFO] system - .table #ticket-507731ロック外し開始
[2021-09-17T21:45:06.900] [INFO] system - 1セット選択終了
[2021-09-17T21:45:06.903] [INFO] system - 2021-09-17 21:59:29までページバック待機中...
[2021-09-17T21:59:29.758] [INFO] system - 前ページへ移動
[2021-09-17T21:59:29.758] [INFO] system - 前ページへ移動
[2021-09-17T21:59:31.187] [INFO] system - 2021-09-17 21:59:59まで購入処理待機中...
[2021-09-17T21:59:31.221] [INFO] system - 2021-09-17 21:59:59まで購入処理待機中...
[2021-09-17T21:59:59.756] [INFO] system - 購入処理想定時間到達
[2021-09-17T21:59:59.755] [INFO] system - 購入処理想定時間到達
[2021-09-17T21:59:59.757] [INFO] system - <成績時間カウント開始>
[2021-09-17T21:59:59.757] [INFO] system - <成績時間カウント開始>
[2021-09-17T21:59:59.758] [INFO] system - 購入可能状態確認start(1回目)
[2021-09-17T21:59:59.759] [INFO] system - 購入可能状態確認start(1回目)
[2021-09-17T21:59:59.763] [INFO] system - 次ページへ移動
[2021-09-17T21:59:59.764] [INFO] system - 次ページへ移動
[2021-09-17T22:00:01.130] [ERROR] system - 購入可能状態確認NG
[2021-09-17T22:00:01.130] [ERROR] system - Error
    at newBrowser (C:\source\yt-scraping\func-lpkick\lpkick.js:483:19)
    at runMicrotasks (<anonymous>)
    at processTicksAndRejections (internal/process/task_queues.js:93:5)
    at async C:\source\yt-scraping\func-lpkick\lpkick.js:113:5
[2021-09-17T22:00:01.133] [ERROR] system - ReferenceError: page is not defined
    at newBrowser (C:\source\yt-scraping\func-lpkick\lpkick.js:633:5)
    at runMicrotasks (<anonymous>)
    at processTicksAndRejections (internal/process/task_queues.js:93:5)
    at async C:\source\yt-scraping\func-lpkick\lpkick.js:113:5
[2021-09-17T22:00:01.151] [ERROR] system - 購入可能状態確認NG
[2021-09-17T22:00:01.152] [ERROR] system - Error
    at newBrowser (C:\source\yt-scraping\func-lpkick\lpkick.js:483:19)
    at runMicrotasks (<anonymous>)
    at processTicksAndRejections (internal/process/task_queues.js:93:5)
    at async C:\source\yt-scraping\func-lpkick\lpkick.js:113:5
[2021-09-17T22:00:01.154] [ERROR] system - ReferenceError: page is not defined
    at newBrowser (C:\source\yt-scraping\func-lpkick\lpkick.js:633:5)
    at runMicrotasks (<anonymous>)
    at processTicksAndRejections (internal/process/task_queues.js:93:5)
    at async C:\source\yt-scraping\func-lpkick\lpkick.js:113:5
