[2021-03-31T09:57:23.901] [INFO] system - 【Windows版起動】
[2021-03-31T09:57:23.903] [INFO] system - キック：{"---1---":"====== BasicSetting ======","mainUrl":"https://t.livepocket.jp/","loginUrl":"https://t.livepocket.jp/login?acroot=header-new_p_u_nl","mypageUrl":"https://t.livepocket.jp/my_top","autoLogin":false,"confUser":"kisyan3333@gmail.com","confPass":"6yjAWLhCxVT2","targetUrl":"https://t.livepocket.jp/e/wakkuru0401/","targetTicket":null,"targetName":"１部前売チケット整理番号券","targetNumber":"1","storeTypeId":"002","startTime":"2021-03-30 23:30","isBrowse":true,"isFree":false,"isCredit":false,"isTest":true,"isLanguage":"ja","isStage":false,"isJamCheck":true,"isMailSend":false,"---2---":"====== MailSetting(GmailOnly) ======","fromMail":"sugachan.tectec@gmail.com","fromMailPass":"sero3202","toMail":"","toSysMail":"trigger@applet.ifttt.com","isWindows":["Windows"],"loginTime":"2021-03-30 23:15","notCheckOnly":true,"isClose":false}
[2021-03-31T09:57:23.919] [INFO] system - 【テスト】
[2021-03-31T09:57:23.924] [INFO] system - 2021-03-30 23:15:00にすでに到達
[2021-03-31T09:57:23.928] [INFO] system - ログイン処理想定時間到達
[2021-03-31T09:57:24.411] [INFO] system - ブラウザ起動後準備完了
[2021-03-31T09:57:29.006] [INFO] system - ログインページに移動完了
[2021-03-31T09:57:33.278] [INFO] system - ログイン完了
[2021-03-31T09:57:33.391] [INFO] system - 「１部前売チケット整理番号券」の存在を確認(.table #ticket-387002)
[2021-03-31T09:57:33.393] [INFO] system - 2021-03-30 23:29にすでに到達
[2021-03-31T09:57:33.394] [INFO] system - 購入処理想定時間到達
[2021-03-31T09:57:33.414] [INFO] system - <成績時間カウント開始>
[2021-03-31T09:57:33.414] [INFO] system - 購入可能状態確認start(1回目)
[2021-03-31T09:57:35.533] [INFO] system - !購入ページ存在確認!
[2021-03-31T09:57:35.535] [INFO] system - 購入可能状態確認end
[2021-03-31T09:57:35.536] [INFO] system - 枚数選択start(1回目)
[2021-03-31T09:57:38.757] [INFO] system - 枚数選択end
[2021-03-31T09:57:38.758] [INFO] system - 決済処理start(1回目)
[2021-03-31T09:57:38.758] [INFO] system - 購入処理確定開始(freeBuy:true)
[2021-03-31T09:57:38.759] [INFO] system - 購入処理開始(無料)
[2021-03-31T09:57:38.793] [INFO] system - 混線なし
[2021-03-31T09:57:38.824] [INFO] system - 規約に同意クリック
[2021-03-31T09:57:38.827] [INFO] system - テスト処理完了
[2021-03-31T09:58:13.918] [INFO] system - 【Windows版起動】
[2021-03-31T09:58:13.920] [INFO] system - キック：{"---1---":"====== BasicSetting ======","mainUrl":"https://t.livepocket.jp/","loginUrl":"https://t.livepocket.jp/login?acroot=header-new_p_u_nl","mypageUrl":"https://t.livepocket.jp/my_top","autoLogin":false,"confUser":"kisyan3333@gmail.com","confPass":"6yjAWLhCxVT2","targetUrl":"https://t.livepocket.jp/e/wakkuru0401/","targetTicket":null,"targetName":"１部前売チケット整理番号券","targetNumber":"1","storeTypeId":"002","startTime":"2021-03-30 23:30","isBrowse":true,"isFree":false,"isCredit":false,"isTest":true,"isLanguage":"ja","isStage":false,"isJamCheck":true,"isMailSend":false,"---2---":"====== MailSetting(GmailOnly) ======","fromMail":"sugachan.tectec@gmail.com","fromMailPass":"sero3202","toMail":"","toSysMail":"trigger@applet.ifttt.com","isWindows":["Windows"],"loginTime":"2021-03-30 23:15","notCheckOnly":true,"isClose":false}
[2021-03-31T09:58:13.923] [INFO] system - 【テスト】
[2021-03-31T09:58:13.926] [INFO] system - 2021-03-30 23:15:00にすでに到達
[2021-03-31T09:58:13.929] [INFO] system - ログイン処理想定時間到達
[2021-03-31T09:58:14.346] [INFO] system - ブラウザ起動後準備完了
[2021-03-31T09:58:18.969] [INFO] system - ログインページに移動完了
[2021-03-31T09:58:23.594] [INFO] system - ログイン完了
[2021-03-31T09:58:23.623] [INFO] system - 「１部前売チケット整理番号券」の存在を確認(.table #ticket-387002)
[2021-03-31T09:58:23.624] [INFO] system - 2021-03-30 23:29にすでに到達
[2021-03-31T09:58:23.626] [INFO] system - 購入処理想定時間到達
[2021-03-31T09:58:23.626] [INFO] system - <成績時間カウント開始>
[2021-03-31T09:58:23.627] [INFO] system - 購入可能状態確認start(1回目)
[2021-03-31T09:58:25.450] [INFO] system - !購入ページ存在確認!
[2021-03-31T09:58:25.451] [INFO] system - 購入可能状態確認end
[2021-03-31T09:58:25.451] [INFO] system - 枚数選択start(1回目)
[2021-03-31T09:58:31.105] [INFO] system - 枚数選択end
[2021-03-31T09:58:31.105] [INFO] system - 決済処理start(1回目)
[2021-03-31T09:58:31.106] [INFO] system - 購入処理確定開始(freeBuy:true)
[2021-03-31T09:58:31.106] [INFO] system - 購入処理開始(無料)
[2021-03-31T09:58:31.124] [INFO] system - 規約に同意クリック
[2021-03-31T09:58:31.132] [INFO] system - テスト処理完了
[2021-03-31T10:19:11.797] [INFO] system - 【Windows版起動】
[2021-03-31T10:19:11.799] [INFO] system - キック：{"---1---":"====== BasicSetting ======","mainUrl":"https://t.livepocket.jp/","loginUrl":"https://t.livepocket.jp/login?acroot=header-new_p_u_nl","mypageUrl":"https://t.livepocket.jp/my_top","autoLogin":false,"confUser":"kisyan3333@gmail.com","confPass":"6yjAWLhCxVT2","targetUrl":"https://t.livepocket.jp/e/wakkuru0401/","targetTicket":null,"targetName":"１部前売チケット整理番号券","targetNumber":"1","storeTypeId":"002","startTime":"2021-03-30 23:30","isBrowse":true,"isFree":false,"isCredit":false,"isTest":true,"isLanguage":"ja","isStage":false,"isJamCheck":true,"isMailSend":false,"---2---":"====== MailSetting(GmailOnly) ======","fromMail":"sugachan.tectec@gmail.com","fromMailPass":"sero3202","toMail":"","toSysMail":"trigger@applet.ifttt.com","isWindows":["Windows"],"loginTime":"2021-03-30 23:15","notCheckOnly":true,"isClose":false}
[2021-03-31T10:19:11.810] [INFO] system - 【テスト】
[2021-03-31T10:19:11.815] [INFO] system - 2021-03-30 23:15:00にすでに到達
[2021-03-31T10:19:11.818] [INFO] system - ログイン処理想定時間到達
[2021-03-31T10:19:12.258] [INFO] system - ブラウザ起動後準備完了
[2021-03-31T10:19:16.819] [INFO] system - ログインページに移動完了
[2021-03-31T10:19:20.889] [INFO] system - ログイン完了
[2021-03-31T10:19:20.930] [INFO] system - 「１部前売チケット整理番号券」の存在を確認(.table #ticket-387002)
[2021-03-31T10:19:20.931] [INFO] system - 2021-03-30 23:29にすでに到達
[2021-03-31T10:19:20.942] [INFO] system - 購入処理想定時間到達
[2021-03-31T10:19:20.943] [INFO] system - <成績時間カウント開始>
[2021-03-31T10:19:20.944] [INFO] system - 購入可能状態確認start(1回目)
[2021-03-31T10:19:23.068] [INFO] system - !購入ページ存在確認!
[2021-03-31T10:19:23.069] [INFO] system - 購入可能状態確認end
[2021-03-31T10:19:23.069] [INFO] system - 枚数選択start(1回目)
[2021-03-31T10:19:28.472] [INFO] system - 枚数選択end
[2021-03-31T10:19:28.472] [INFO] system - 決済処理start(1回目)
[2021-03-31T10:19:28.473] [INFO] system - 購入処理確定開始(freeBuy:true)
[2021-03-31T10:19:28.473] [INFO] system - 購入処理開始(無料)
[2021-03-31T10:19:28.477] [INFO] system - 混線なし
[2021-03-31T10:19:28.502] [INFO] system - 規約に同意クリック
[2021-03-31T10:19:28.511] [INFO] system - テスト処理完了
[2021-03-31T10:39:13.504] [INFO] system - 【Windows版起動】
[2021-03-31T10:39:13.506] [INFO] system - キック：{"---1---":"====== BasicSetting ======","mainUrl":"https://t.livepocket.jp/","loginUrl":"https://t.livepocket.jp/login?acroot=header-new_p_u_nl","mypageUrl":"https://t.livepocket.jp/my_top","autoLogin":false,"confUser":"kisyan3333@gmail.com","confPass":"6yjAWLhCxVT2","targetUrl":"https://t.livepocket.jp/e/wakkuru0401/","targetTicket":null,"targetName":"１部前売チケット整理番号券","targetNumber":"1","storeTypeId":"002","startTime":"2021-03-30 23:30","isBrowse":false,"isFree":false,"isCredit":false,"isTest":true,"isLanguage":"ja","isStage":false,"isJamCheck":true,"isMailSend":false,"---2---":"====== MailSetting(GmailOnly) ======","fromMail":"sugachan.tectec@gmail.com","fromMailPass":"sero3202","toMail":"","toSysMail":"trigger@applet.ifttt.com","isWindows":["Windows"],"loginTime":"2021-03-30 23:15","notCheckOnly":true,"isClose":false}
[2021-03-31T10:39:13.517] [INFO] system - 【テスト】
[2021-03-31T10:39:13.521] [INFO] system - 2021-03-30 23:15:00にすでに到達
[2021-03-31T10:39:13.523] [INFO] system - ログイン処理想定時間到達
[2021-03-31T10:39:13.793] [INFO] system - ブラウザ起動後準備完了
[2021-03-31T10:39:16.909] [INFO] system - ログインページに移動完了
[2021-03-31T10:39:21.015] [INFO] system - ログイン完了
[2021-03-31T10:39:21.026] [INFO] system - 「１部前売チケット整理番号券」の存在を確認(.table #ticket-387002)
[2021-03-31T10:39:21.028] [INFO] system - 2021-03-30 23:29にすでに到達
[2021-03-31T10:39:21.029] [INFO] system - 購入処理想定時間到達
[2021-03-31T10:39:21.029] [INFO] system - <成績時間カウント開始>
[2021-03-31T10:39:21.030] [INFO] system - 購入可能状態確認start(1回目)
[2021-03-31T10:39:23.296] [INFO] system - 購入可能状態確認end
[2021-03-31T10:39:23.296] [INFO] system - 枚数選択start(1回目)
[2021-03-31T10:39:28.517] [INFO] system - 枚数選択end
[2021-03-31T10:39:28.517] [INFO] system - 決済処理start(1回目)
[2021-03-31T10:39:28.518] [INFO] system - 購入処理確定開始(freeBuy:true)
[2021-03-31T10:39:28.518] [INFO] system - 購入処理開始(無料)
[2021-03-31T10:39:28.523] [INFO] system - 混線なし
[2021-03-31T10:39:28.541] [INFO] system - 規約に同意クリック
[2021-03-31T10:39:28.552] [INFO] system - 決済処理start(2回目)
[2021-03-31T10:39:28.557] [INFO] system - 購入処理確定開始(freeBuy:true)
[2021-03-31T10:39:28.557] [INFO] system - 購入処理開始(無料)
[2021-03-31T10:39:28.560] [INFO] system - 混線なし
[2021-03-31T10:39:28.572] [INFO] system - 規約に同意クリック
[2021-03-31T10:39:28.578] [INFO] system - 決済処理start(3回目)
[2021-03-31T10:39:28.578] [INFO] system - 購入処理確定開始(freeBuy:true)
[2021-03-31T10:39:28.578] [INFO] system - 購入処理開始(無料)
[2021-03-31T10:39:28.581] [INFO] system - 混線なし
[2021-03-31T10:39:28.605] [INFO] system - 規約に同意クリック
[2021-03-31T10:39:28.613] [INFO] system - 決済処理start(4回目)
[2021-03-31T10:39:28.613] [INFO] system - 購入処理確定開始(freeBuy:true)
[2021-03-31T10:39:28.613] [INFO] system - 購入処理開始(無料)
[2021-03-31T10:39:28.619] [INFO] system - 混線なし
[2021-03-31T10:39:28.639] [INFO] system - 規約に同意クリック
[2021-03-31T10:39:28.646] [INFO] system - 決済処理start(5回目)
[2021-03-31T10:39:28.647] [INFO] system - 購入処理確定開始(freeBuy:true)
[2021-03-31T10:39:28.647] [INFO] system - 購入処理開始(無料)
[2021-03-31T10:39:28.652] [INFO] system - 混線なし
[2021-03-31T10:39:28.670] [INFO] system - 規約に同意クリック
[2021-03-31T10:39:28.679] [INFO] system - 決済処理start(6回目)
[2021-03-31T10:39:28.679] [INFO] system - 購入処理確定開始(freeBuy:true)
[2021-03-31T10:39:28.679] [INFO] system - 購入処理開始(無料)
[2021-03-31T10:39:28.685] [INFO] system - 混線なし
[2021-03-31T10:39:28.704] [INFO] system - 規約に同意クリック
[2021-03-31T10:39:28.712] [INFO] system - 決済処理start(7回目)
[2021-03-31T10:39:28.713] [INFO] system - 購入処理確定開始(freeBuy:true)
[2021-03-31T10:39:28.713] [INFO] system - 購入処理開始(無料)
[2021-03-31T10:39:28.718] [INFO] system - 混線なし
[2021-03-31T10:39:28.738] [INFO] system - 規約に同意クリック
[2021-03-31T10:39:28.748] [INFO] system - 決済処理start(8回目)
[2021-03-31T10:39:28.749] [INFO] system - 購入処理確定開始(freeBuy:true)
[2021-03-31T10:39:28.756] [INFO] system - 購入処理開始(無料)
[2021-03-31T10:39:28.760] [INFO] system - 混線なし
[2021-03-31T10:39:28.771] [INFO] system - 規約に同意クリック
[2021-03-31T10:39:28.778] [INFO] system - 決済処理start(9回目)
[2021-03-31T10:39:28.778] [INFO] system - 購入処理確定開始(freeBuy:true)
[2021-03-31T10:39:28.778] [INFO] system - 購入処理開始(無料)
[2021-03-31T10:39:28.782] [INFO] system - 混線なし
[2021-03-31T10:39:28.805] [INFO] system - 規約に同意クリック
[2021-03-31T10:39:28.813] [INFO] system - 決済処理start(10回目)
[2021-03-31T10:39:28.813] [INFO] system - 購入処理確定開始(freeBuy:true)
[2021-03-31T10:39:28.813] [INFO] system - 購入処理開始(無料)
[2021-03-31T10:39:28.818] [INFO] system - 混線なし
[2021-03-31T10:39:28.837] [INFO] system - 規約に同意クリック
[2021-03-31T10:39:28.846] [INFO] system - 決済処理start(11回目)
[2021-03-31T10:39:28.847] [INFO] system - 購入処理確定開始(freeBuy:true)
[2021-03-31T10:39:28.847] [INFO] system - 購入処理開始(無料)
[2021-03-31T10:39:28.853] [INFO] system - 混線なし
[2021-03-31T10:39:28.870] [INFO] system - 規約に同意クリック
[2021-03-31T10:39:28.879] [INFO] system - 決済処理start(12回目)
[2021-03-31T10:39:28.879] [INFO] system - 購入処理確定開始(freeBuy:true)
[2021-03-31T10:39:28.880] [INFO] system - 購入処理開始(無料)
[2021-03-31T10:39:28.884] [INFO] system - 混線なし
[2021-03-31T10:39:28.904] [INFO] system - 規約に同意クリック
[2021-03-31T10:39:28.912] [INFO] system - 決済処理start(13回目)
[2021-03-31T10:39:28.912] [INFO] system - 購入処理確定開始(freeBuy:true)
[2021-03-31T10:39:28.912] [INFO] system - 購入処理開始(無料)
[2021-03-31T10:39:28.916] [INFO] system - 混線なし
[2021-03-31T10:39:28.938] [INFO] system - 規約に同意クリック
[2021-03-31T10:39:28.945] [INFO] system - 決済処理start(14回目)
[2021-03-31T10:39:28.946] [INFO] system - 購入処理確定開始(freeBuy:true)
[2021-03-31T10:39:28.946] [INFO] system - 購入処理開始(無料)
[2021-03-31T10:39:28.951] [INFO] system - 混線なし
[2021-03-31T10:39:28.971] [INFO] system - 規約に同意クリック
[2021-03-31T10:39:28.979] [INFO] system - 決済処理start(15回目)
[2021-03-31T10:39:28.979] [INFO] system - 購入処理確定開始(freeBuy:true)
[2021-03-31T10:39:28.980] [INFO] system - 購入処理開始(無料)
[2021-03-31T10:39:28.985] [INFO] system - 混線なし
[2021-03-31T10:39:29.003] [INFO] system - 規約に同意クリック
[2021-03-31T10:39:29.012] [INFO] system - 決済処理start(16回目)
[2021-03-31T10:39:29.013] [INFO] system - 購入処理確定開始(freeBuy:true)
[2021-03-31T10:39:29.013] [INFO] system - 購入処理開始(無料)
[2021-03-31T10:39:29.018] [INFO] system - 混線なし
[2021-03-31T10:39:29.038] [INFO] system - 規約に同意クリック
[2021-03-31T10:39:29.047] [INFO] system - 決済処理start(17回目)
[2021-03-31T10:39:29.047] [INFO] system - 購入処理確定開始(freeBuy:true)
[2021-03-31T10:39:29.048] [INFO] system - 購入処理開始(無料)
[2021-03-31T10:39:29.053] [INFO] system - 混線なし
[2021-03-31T10:39:29.070] [INFO] system - 規約に同意クリック
[2021-03-31T10:39:29.079] [INFO] system - 決済処理start(18回目)
[2021-03-31T10:39:29.079] [INFO] system - 購入処理確定開始(freeBuy:true)
[2021-03-31T10:39:29.079] [INFO] system - 購入処理開始(無料)
[2021-03-31T10:39:29.084] [INFO] system - 混線なし
[2021-03-31T10:39:29.104] [INFO] system - 規約に同意クリック
[2021-03-31T10:39:29.112] [INFO] system - 決済処理start(19回目)
[2021-03-31T10:39:29.112] [INFO] system - 購入処理確定開始(freeBuy:true)
[2021-03-31T10:39:29.112] [INFO] system - 購入処理開始(無料)
[2021-03-31T10:39:29.117] [INFO] system - 混線なし
[2021-03-31T10:39:29.137] [INFO] system - 規約に同意クリック
[2021-03-31T10:39:29.145] [INFO] system - 決済処理start(20回目)
[2021-03-31T10:39:29.146] [INFO] system - 購入処理確定開始(freeBuy:true)
[2021-03-31T10:39:29.146] [INFO] system - 購入処理開始(無料)
[2021-03-31T10:39:29.151] [INFO] system - 混線なし
[2021-03-31T10:39:29.171] [INFO] system - 規約に同意クリック
[2021-03-31T10:39:29.178] [INFO] system - 決済処理start(21回目)
[2021-03-31T10:39:29.179] [INFO] system - 購入処理確定開始(freeBuy:true)
[2021-03-31T10:39:29.179] [INFO] system - 購入処理開始(無料)
[2021-03-31T10:39:29.183] [INFO] system - 混線なし
[2021-03-31T10:39:29.203] [INFO] system - 規約に同意クリック
[2021-03-31T10:39:29.213] [INFO] system - 決済処理start(22回目)
[2021-03-31T10:39:29.213] [INFO] system - 購入処理確定開始(freeBuy:true)
[2021-03-31T10:39:29.213] [INFO] system - 購入処理開始(無料)
[2021-03-31T10:39:29.219] [INFO] system - 混線なし
[2021-03-31T10:39:29.238] [INFO] system - 規約に同意クリック
[2021-03-31T10:39:29.245] [INFO] system - 決済処理start(23回目)
[2021-03-31T10:39:29.246] [INFO] system - 購入処理確定開始(freeBuy:true)
[2021-03-31T10:39:29.246] [INFO] system - 購入処理開始(無料)
[2021-03-31T10:39:29.250] [INFO] system - 混線なし
[2021-03-31T10:39:29.272] [INFO] system - 規約に同意クリック
[2021-03-31T10:39:29.279] [INFO] system - 決済処理start(24回目)
[2021-03-31T10:39:29.280] [INFO] system - 購入処理確定開始(freeBuy:true)
[2021-03-31T10:39:29.280] [INFO] system - 購入処理開始(無料)
[2021-03-31T10:39:29.286] [INFO] system - 混線なし
[2021-03-31T10:39:29.305] [INFO] system - 規約に同意クリック
[2021-03-31T10:39:29.314] [INFO] system - 決済処理start(25回目)
[2021-03-31T10:39:29.314] [INFO] system - 購入処理確定開始(freeBuy:true)
[2021-03-31T10:39:29.314] [INFO] system - 購入処理開始(無料)
[2021-03-31T10:39:29.319] [INFO] system - 混線なし
[2021-03-31T10:39:29.338] [INFO] system - 規約に同意クリック
[2021-03-31T10:39:29.350] [INFO] system - 決済処理start(26回目)
[2021-03-31T10:39:29.356] [INFO] system - 購入処理確定開始(freeBuy:true)
[2021-03-31T10:39:29.356] [INFO] system - 購入処理開始(無料)
[2021-03-31T10:39:29.360] [INFO] system - 混線なし
[2021-03-31T10:39:29.371] [INFO] system - 規約に同意クリック
[2021-03-31T10:39:29.379] [INFO] system - 決済処理start(27回目)
[2021-03-31T10:39:29.380] [INFO] system - 購入処理確定開始(freeBuy:true)
[2021-03-31T10:39:29.380] [INFO] system - 購入処理開始(無料)
[2021-03-31T10:39:29.387] [INFO] system - 混線なし
[2021-03-31T10:39:29.405] [INFO] system - 規約に同意クリック
[2021-03-31T10:39:29.416] [INFO] system - 決済処理start(28回目)
[2021-03-31T10:39:29.417] [INFO] system - 購入処理確定開始(freeBuy:true)
[2021-03-31T10:39:29.424] [INFO] system - 購入処理開始(無料)
[2021-03-31T10:39:29.428] [INFO] system - 混線なし
[2021-03-31T10:39:29.438] [INFO] system - 規約に同意クリック
[2021-03-31T10:39:29.446] [INFO] system - 決済処理start(29回目)
[2021-03-31T10:39:29.446] [INFO] system - 購入処理確定開始(freeBuy:true)
[2021-03-31T10:39:29.447] [INFO] system - 購入処理開始(無料)
[2021-03-31T10:39:29.452] [INFO] system - 混線なし
[2021-03-31T10:39:29.470] [INFO] system - 規約に同意クリック
[2021-03-31T10:39:29.478] [INFO] system - 決済処理start(30回目)
[2021-03-31T10:39:29.479] [INFO] system - 購入処理確定開始(freeBuy:true)
[2021-03-31T10:39:29.479] [INFO] system - 購入処理開始(無料)
[2021-03-31T10:39:29.482] [INFO] system - 混線なし
[2021-03-31T10:39:29.504] [INFO] system - 規約に同意クリック
[2021-03-31T10:39:29.512] [INFO] system - 決済処理start(31回目)
[2021-03-31T10:39:29.512] [INFO] system - 購入処理確定開始(freeBuy:true)
[2021-03-31T10:39:29.513] [INFO] system - 購入処理開始(無料)
[2021-03-31T10:39:29.519] [INFO] system - 混線なし
[2021-03-31T10:39:29.537] [INFO] system - 規約に同意クリック
[2021-03-31T10:39:29.546] [INFO] system - 決済処理start(32回目)
[2021-03-31T10:39:29.547] [INFO] system - 購入処理確定開始(freeBuy:true)
[2021-03-31T10:39:29.547] [INFO] system - 購入処理開始(無料)
[2021-03-31T10:39:29.552] [INFO] system - 混線なし
[2021-03-31T10:39:29.588] [INFO] system - 規約に同意クリック
[2021-03-31T10:39:29.597] [INFO] system - 決済処理start(33回目)
[2021-03-31T10:39:29.597] [INFO] system - 購入処理確定開始(freeBuy:true)
[2021-03-31T10:39:29.598] [INFO] system - 購入処理開始(無料)
[2021-03-31T10:39:29.603] [INFO] system - 混線なし
[2021-03-31T10:39:29.622] [INFO] system - 規約に同意クリック
[2021-03-31T10:39:29.629] [INFO] system - 決済処理start(34回目)
[2021-03-31T10:39:29.629] [INFO] system - 購入処理確定開始(freeBuy:true)
[2021-03-31T10:39:29.630] [INFO] system - 購入処理開始(無料)
[2021-03-31T10:39:29.634] [INFO] system - 混線なし
[2021-03-31T10:39:29.656] [INFO] system - 規約に同意クリック
[2021-03-31T10:39:29.664] [INFO] system - 決済処理start(35回目)
[2021-03-31T10:39:29.665] [INFO] system - 購入処理確定開始(freeBuy:true)
[2021-03-31T10:39:29.665] [INFO] system - 購入処理開始(無料)
[2021-03-31T10:39:29.670] [INFO] system - 混線なし
[2021-03-31T10:39:29.688] [INFO] system - 規約に同意クリック
[2021-03-31T10:39:29.696] [INFO] system - 決済処理start(36回目)
[2021-03-31T10:39:29.697] [INFO] system - 購入処理確定開始(freeBuy:true)
[2021-03-31T10:39:29.697] [INFO] system - 購入処理開始(無料)
[2021-03-31T10:39:29.703] [INFO] system - 混線なし
[2021-03-31T10:39:29.721] [INFO] system - 規約に同意クリック
[2021-03-31T10:39:29.729] [INFO] system - 決済処理start(37回目)
[2021-03-31T10:39:29.730] [INFO] system - 購入処理確定開始(freeBuy:true)
[2021-03-31T10:39:29.730] [INFO] system - 購入処理開始(無料)
[2021-03-31T10:39:29.735] [INFO] system - 混線なし
[2021-03-31T10:39:29.755] [INFO] system - 規約に同意クリック
[2021-03-31T10:39:29.763] [INFO] system - 決済処理start(38回目)
[2021-03-31T10:39:29.763] [INFO] system - 購入処理確定開始(freeBuy:true)
[2021-03-31T10:39:29.763] [INFO] system - 購入処理開始(無料)
[2021-03-31T10:39:29.770] [INFO] system - 混線なし
[2021-03-31T10:39:29.788] [INFO] system - 規約に同意クリック
[2021-03-31T10:39:29.797] [INFO] system - 決済処理start(39回目)
[2021-03-31T10:39:29.797] [INFO] system - 購入処理確定開始(freeBuy:true)
[2021-03-31T10:39:29.797] [INFO] system - 購入処理開始(無料)
[2021-03-31T10:39:29.802] [INFO] system - 混線なし
[2021-03-31T10:39:29.820] [INFO] system - 規約に同意クリック
[2021-03-31T10:39:29.828] [INFO] system - 決済処理start(40回目)
[2021-03-31T10:39:29.829] [INFO] system - 購入処理確定開始(freeBuy:true)
[2021-03-31T10:39:29.829] [INFO] system - 購入処理開始(無料)
[2021-03-31T10:39:29.833] [INFO] system - 混線なし
[2021-03-31T10:39:29.854] [INFO] system - 規約に同意クリック
[2021-03-31T10:39:29.862] [INFO] system - 決済処理start(41回目)
[2021-03-31T10:39:29.862] [INFO] system - 購入処理確定開始(freeBuy:true)
[2021-03-31T10:39:29.862] [INFO] system - 購入処理開始(無料)
[2021-03-31T10:39:29.867] [INFO] system - 混線なし
[2021-03-31T10:39:29.887] [INFO] system - 規約に同意クリック
[2021-03-31T10:39:29.895] [INFO] system - 決済処理start(42回目)
[2021-03-31T10:39:29.895] [INFO] system - 購入処理確定開始(freeBuy:true)
[2021-03-31T10:39:29.896] [INFO] system - 購入処理開始(無料)
[2021-03-31T10:39:29.899] [INFO] system - 混線なし
[2021-03-31T10:39:29.920] [INFO] system - 規約に同意クリック
[2021-03-31T10:39:29.928] [INFO] system - 決済処理start(43回目)
[2021-03-31T10:39:29.929] [INFO] system - 購入処理確定開始(freeBuy:true)
[2021-03-31T10:39:29.929] [INFO] system - 購入処理開始(無料)
[2021-03-31T10:39:29.933] [INFO] system - 混線なし
[2021-03-31T10:39:29.954] [INFO] system - 規約に同意クリック
[2021-03-31T10:39:29.962] [INFO] system - 決済処理start(44回目)
[2021-03-31T10:39:29.962] [INFO] system - 購入処理確定開始(freeBuy:true)
[2021-03-31T10:39:29.963] [INFO] system - 購入処理開始(無料)
[2021-03-31T10:39:29.967] [INFO] system - 混線なし
[2021-03-31T10:39:29.988] [INFO] system - 規約に同意クリック
[2021-03-31T10:39:29.994] [INFO] system - 決済処理start(45回目)
[2021-03-31T10:39:29.995] [INFO] system - 購入処理確定開始(freeBuy:true)
[2021-03-31T10:39:29.995] [INFO] system - 購入処理開始(無料)
[2021-03-31T10:39:29.997] [INFO] system - 混線なし
[2021-03-31T10:39:30.022] [INFO] system - 規約に同意クリック
[2021-03-31T10:39:30.030] [INFO] system - 決済処理start(46回目)
[2021-03-31T10:39:30.030] [INFO] system - 購入処理確定開始(freeBuy:true)
[2021-03-31T10:39:30.030] [INFO] system - 購入処理開始(無料)
[2021-03-31T10:39:30.035] [INFO] system - 混線なし
[2021-03-31T10:39:30.055] [INFO] system - 規約に同意クリック
[2021-03-31T10:39:30.062] [INFO] system - 決済処理start(47回目)
[2021-03-31T10:39:30.063] [INFO] system - 購入処理確定開始(freeBuy:true)
[2021-03-31T10:39:30.063] [INFO] system - 購入処理開始(無料)
[2021-03-31T10:39:30.068] [INFO] system - 混線なし
[2021-03-31T10:39:30.088] [INFO] system - 規約に同意クリック
[2021-03-31T10:39:30.097] [INFO] system - 決済処理start(48回目)
[2021-03-31T10:39:30.097] [INFO] system - 購入処理確定開始(freeBuy:true)
[2021-03-31T10:39:30.098] [INFO] system - 購入処理開始(無料)
[2021-03-31T10:39:30.104] [INFO] system - 混線なし
[2021-03-31T10:39:30.121] [INFO] system - 規約に同意クリック
[2021-03-31T10:39:30.129] [INFO] system - 決済処理start(49回目)
[2021-03-31T10:39:30.129] [INFO] system - 購入処理確定開始(freeBuy:true)
[2021-03-31T10:39:30.129] [INFO] system - 購入処理開始(無料)
[2021-03-31T10:39:30.133] [INFO] system - 混線なし
[2021-03-31T10:39:30.155] [INFO] system - 規約に同意クリック
[2021-03-31T10:42:01.613] [INFO] system - 【Windows版起動】
[2021-03-31T10:42:01.615] [INFO] system - キック：{"---1---":"====== BasicSetting ======","mainUrl":"https://t.livepocket.jp/","loginUrl":"https://t.livepocket.jp/login?acroot=header-new_p_u_nl","mypageUrl":"https://t.livepocket.jp/my_top","autoLogin":false,"confUser":"kisyan3333@gmail.com","confPass":"6yjAWLhCxVT2","targetUrl":"https://t.livepocket.jp/e/wakkuru0401/","targetTicket":null,"targetName":"１部前売チケット整理番号券","targetNumber":"1","storeTypeId":"002","startTime":"2021-03-30 23:30","isBrowse":false,"isFree":false,"isCredit":false,"isTest":true,"isLanguage":"ja","isStage":false,"isJamCheck":true,"isMailSend":false,"---2---":"====== MailSetting(GmailOnly) ======","fromMail":"sugachan.tectec@gmail.com","fromMailPass":"sero3202","toMail":"","toSysMail":"trigger@applet.ifttt.com","isWindows":["Windows"],"loginTime":"2021-03-30 23:15","notCheckOnly":true,"isClose":false}
[2021-03-31T10:42:01.627] [INFO] system - 【テスト】
[2021-03-31T10:42:01.632] [INFO] system - 2021-03-30 23:15:00にすでに到達
[2021-03-31T10:42:01.635] [INFO] system - ログイン処理想定時間到達
[2021-03-31T10:42:01.916] [INFO] system - ブラウザ起動後準備完了
[2021-03-31T10:42:04.693] [INFO] system - ログインページに移動完了
[2021-03-31T10:42:08.534] [INFO] system - ログイン完了
[2021-03-31T10:42:08.555] [INFO] system - 「１部前売チケット整理番号券」の存在を確認(.table #ticket-387002)
[2021-03-31T10:42:08.557] [INFO] system - 2021-03-30 23:29にすでに到達
[2021-03-31T10:42:08.559] [INFO] system - 購入処理想定時間到達
[2021-03-31T10:42:08.559] [INFO] system - <成績時間カウント開始>
[2021-03-31T10:42:08.559] [INFO] system - 購入可能状態確認start(1回目)
[2021-03-31T10:42:10.722] [INFO] system - 購入可能状態確認end
[2021-03-31T10:42:10.723] [INFO] system - 枚数選択start(1回目)
[2021-03-31T10:42:16.002] [INFO] system - 枚数選択end
[2021-03-31T10:42:16.003] [INFO] system - 決済処理start(1回目)
[2021-03-31T10:42:16.004] [INFO] system - 購入処理確定開始(freeBuy:true)
[2021-03-31T10:42:16.004] [INFO] system - 購入処理開始(無料)
[2021-03-31T10:42:16.008] [INFO] system - 混線なし
[2021-03-31T10:42:16.027] [INFO] system - 規約に同意クリック
[2021-03-31T10:42:16.115] [INFO] system - テスト処理完了
[2021-03-31T10:45:31.244] [INFO] system - 【Windows版起動】
[2021-03-31T10:45:31.246] [INFO] system - キック：{"---1---":"====== BasicSetting ======","mainUrl":"https://t.livepocket.jp/","loginUrl":"https://t.livepocket.jp/login?acroot=header-new_p_u_nl","mypageUrl":"https://t.livepocket.jp/my_top","autoLogin":false,"confUser":"kisyan3333@gmail.com","confPass":"6yjAWLhCxVT2","targetUrl":"https://t.livepocket.jp/e/wakkuru0401/","targetTicket":null,"targetName":"１部前売チケット整理番号券","targetNumber":"1","storeTypeId":"002","startTime":"2021-03-30 23:30","isBrowse":false,"isFree":false,"isCredit":false,"isTest":true,"isLanguage":"ja","isStage":false,"isJamCheck":true,"isMailSend":false,"---2---":"====== MailSetting(GmailOnly) ======","fromMail":"sugachan.tectec@gmail.com","fromMailPass":"sero3202","toMail":"","toSysMail":"trigger@applet.ifttt.com","isWindows":["Windows"],"loginTime":"2021-03-30 23:15","notCheckOnly":true,"isClose":false}
[2021-03-31T10:45:31.258] [INFO] system - 【テスト】
[2021-03-31T10:45:31.263] [INFO] system - 2021-03-30 23:15:00にすでに到達
[2021-03-31T10:45:31.265] [INFO] system - ログイン処理想定時間到達
[2021-03-31T10:45:31.525] [INFO] system - ブラウザ起動後準備完了
[2021-03-31T10:45:34.439] [INFO] system - ログインページに移動完了
[2021-03-31T10:45:38.443] [INFO] system - ログイン完了
[2021-03-31T10:45:38.574] [INFO] system - 「１部前売チケット整理番号券」の存在を確認(.table #ticket-387002)
[2021-03-31T10:45:38.575] [INFO] system - 2021-03-30 23:29にすでに到達
[2021-03-31T10:45:38.576] [INFO] system - 購入処理想定時間到達
[2021-03-31T10:45:38.583] [INFO] system - <成績時間カウント開始>
[2021-03-31T10:45:38.584] [INFO] system - 購入可能状態確認start(1回目)
[2021-03-31T10:45:40.705] [INFO] system - 購入可能状態確認end
[2021-03-31T10:45:40.706] [INFO] system - 枚数選択start(1回目)
[2021-03-31T10:45:45.844] [INFO] system - 枚数選択end
[2021-03-31T10:45:45.844] [INFO] system - 決済処理start(1回目)
[2021-03-31T10:45:45.845] [INFO] system - 購入処理確定開始(freeBuy:true)
[2021-03-31T10:45:45.845] [INFO] system - 購入処理開始(無料)
[2021-03-31T10:45:45.850] [INFO] system - 混線なし
[2021-03-31T10:45:45.869] [INFO] system - 規約に同意クリック
[2021-03-31T10:45:45.880] [INFO] system - 決済処理start(2回目)
[2021-03-31T10:45:45.880] [INFO] system - 購入処理確定開始(freeBuy:true)
[2021-03-31T10:45:45.881] [INFO] system - 購入処理開始(無料)
[2021-03-31T10:45:45.886] [INFO] system - 混線なし
[2021-03-31T10:45:45.908] [INFO] system - 規約に同意クリック
[2021-03-31T10:45:45.919] [INFO] system - 決済処理start(3回目)
[2021-03-31T10:45:45.925] [INFO] system - 購入処理確定開始(freeBuy:true)
[2021-03-31T10:45:45.925] [INFO] system - 購入処理開始(無料)
[2021-03-31T10:45:45.929] [INFO] system - 混線なし
[2021-03-31T10:45:45.939] [INFO] system - 規約に同意クリック
[2021-03-31T10:45:45.947] [INFO] system - 決済処理start(4回目)
[2021-03-31T10:45:45.948] [INFO] system - 購入処理確定開始(freeBuy:true)
[2021-03-31T10:45:45.948] [INFO] system - 購入処理開始(無料)
[2021-03-31T10:45:45.953] [INFO] system - 混線なし
[2021-03-31T10:45:45.972] [INFO] system - 規約に同意クリック
[2021-03-31T10:45:45.980] [INFO] system - 決済処理start(5回目)
[2021-03-31T10:45:45.981] [INFO] system - 購入処理確定開始(freeBuy:true)
[2021-03-31T10:45:45.981] [INFO] system - 購入処理開始(無料)
[2021-03-31T10:45:45.986] [INFO] system - 混線なし
[2021-03-31T10:45:46.024] [INFO] system - 規約に同意クリック
[2021-03-31T10:45:46.031] [INFO] system - 決済処理start(6回目)
[2021-03-31T10:45:46.032] [INFO] system - 購入処理確定開始(freeBuy:true)
[2021-03-31T10:45:46.032] [INFO] system - 購入処理開始(無料)
[2021-03-31T10:45:46.037] [INFO] system - 混線なし
[2021-03-31T10:45:46.056] [INFO] system - 規約に同意クリック
[2021-03-31T10:45:46.064] [INFO] system - 決済処理start(7回目)
[2021-03-31T10:45:46.065] [INFO] system - 購入処理確定開始(freeBuy:true)
[2021-03-31T10:45:46.065] [INFO] system - 購入処理開始(無料)
[2021-03-31T10:45:46.071] [INFO] system - 混線なし
[2021-03-31T10:45:46.090] [INFO] system - 規約に同意クリック
[2021-03-31T10:45:46.099] [INFO] system - 決済処理start(8回目)
[2021-03-31T10:45:46.100] [INFO] system - 購入処理確定開始(freeBuy:true)
[2021-03-31T10:45:46.100] [INFO] system - 購入処理開始(無料)
[2021-03-31T10:45:46.112] [INFO] system - 混線なし
[2021-03-31T10:45:46.123] [INFO] system - 規約に同意クリック
[2021-03-31T10:45:46.130] [INFO] system - 決済処理start(9回目)
[2021-03-31T10:45:46.131] [INFO] system - 購入処理確定開始(freeBuy:true)
[2021-03-31T10:45:46.131] [INFO] system - 購入処理開始(無料)
[2021-03-31T10:45:46.137] [INFO] system - 混線なし
[2021-03-31T10:45:46.156] [INFO] system - 規約に同意クリック
[2021-03-31T10:45:46.164] [INFO] system - 決済処理start(10回目)
[2021-03-31T10:45:46.164] [INFO] system - 購入処理確定開始(freeBuy:true)
[2021-03-31T10:45:46.165] [INFO] system - 購入処理開始(無料)
[2021-03-31T10:45:46.170] [INFO] system - 混線なし
[2021-03-31T10:45:46.190] [INFO] system - 規約に同意クリック
[2021-03-31T10:45:46.194] [INFO] system - 決済処理start(11回目)
[2021-03-31T10:45:46.194] [INFO] system - 購入処理確定開始(freeBuy:true)
[2021-03-31T10:45:46.194] [INFO] system - 購入処理開始(無料)
[2021-03-31T10:45:46.196] [INFO] system - 混線なし
[2021-03-31T10:45:46.222] [INFO] system - 規約に同意クリック
[2021-03-31T10:45:46.227] [INFO] system - 決済処理start(12回目)
[2021-03-31T10:45:46.228] [INFO] system - 購入処理確定開始(freeBuy:true)
[2021-03-31T10:45:46.228] [INFO] system - 購入処理開始(無料)
[2021-03-31T10:45:46.231] [INFO] system - 混線なし
[2021-03-31T10:45:46.256] [INFO] system - 規約に同意クリック
[2021-03-31T10:45:46.260] [INFO] system - 決済処理start(13回目)
[2021-03-31T10:45:46.263] [INFO] system - 購入処理確定開始(freeBuy:true)
[2021-03-31T10:45:46.263] [INFO] system - 購入処理開始(無料)
[2021-03-31T10:45:46.266] [INFO] system - 混線なし
[2021-03-31T10:45:46.290] [INFO] system - 規約に同意クリック
[2021-03-31T10:45:46.295] [INFO] system - 決済処理start(14回目)
[2021-03-31T10:45:46.296] [INFO] system - 購入処理確定開始(freeBuy:true)
[2021-03-31T10:45:46.296] [INFO] system - 購入処理開始(無料)
[2021-03-31T10:45:46.298] [INFO] system - 混線なし
[2021-03-31T10:45:46.322] [INFO] system - 規約に同意クリック
[2021-03-31T10:45:46.329] [INFO] system - 決済処理start(15回目)
[2021-03-31T10:45:46.329] [INFO] system - 購入処理確定開始(freeBuy:true)
[2021-03-31T10:45:46.329] [INFO] system - 購入処理開始(無料)
[2021-03-31T10:45:46.332] [INFO] system - 混線なし
[2021-03-31T10:45:46.356] [INFO] system - 規約に同意クリック
[2021-03-31T10:45:46.361] [INFO] system - 決済処理start(16回目)
[2021-03-31T10:45:46.362] [INFO] system - 購入処理確定開始(freeBuy:true)
[2021-03-31T10:45:46.362] [INFO] system - 購入処理開始(無料)
[2021-03-31T10:45:46.364] [INFO] system - 混線なし
[2021-03-31T10:45:46.389] [INFO] system - 規約に同意クリック
[2021-03-31T10:45:46.393] [INFO] system - 決済処理start(17回目)
[2021-03-31T10:45:46.396] [INFO] system - 購入処理確定開始(freeBuy:true)
[2021-03-31T10:45:46.397] [INFO] system - 購入処理開始(無料)
[2021-03-31T10:45:46.401] [INFO] system - 混線なし
[2021-03-31T10:45:46.422] [INFO] system - 規約に同意クリック
[2021-03-31T10:45:46.427] [INFO] system - 決済処理start(18回目)
[2021-03-31T10:45:46.427] [INFO] system - 購入処理確定開始(freeBuy:true)
[2021-03-31T10:45:46.427] [INFO] system - 購入処理開始(無料)
[2021-03-31T10:45:46.430] [INFO] system - 混線なし
[2021-03-31T10:45:46.438] [INFO] system - 規約に同意クリック
[2021-03-31T10:45:46.442] [INFO] system - 決済処理start(19回目)
[2021-03-31T10:45:46.443] [INFO] system - 購入処理確定開始(freeBuy:true)
[2021-03-31T10:45:46.443] [INFO] system - 購入処理開始(無料)
[2021-03-31T10:45:46.445] [INFO] system - 混線なし
[2021-03-31T10:45:46.454] [INFO] system - 規約に同意クリック
[2021-03-31T10:45:46.459] [INFO] system - 決済処理start(20回目)
[2021-03-31T10:45:46.460] [INFO] system - 購入処理確定開始(freeBuy:true)
[2021-03-31T10:45:46.460] [INFO] system - 購入処理開始(無料)
[2021-03-31T10:45:46.464] [INFO] system - 混線なし
[2021-03-31T10:45:46.490] [INFO] system - 規約に同意クリック
[2021-03-31T10:45:46.494] [INFO] system - 決済処理start(21回目)
[2021-03-31T10:45:46.495] [INFO] system - 購入処理確定開始(freeBuy:true)
[2021-03-31T10:45:46.495] [INFO] system - 購入処理開始(無料)
[2021-03-31T10:45:46.497] [INFO] system - 混線なし
[2021-03-31T10:45:46.524] [INFO] system - 規約に同意クリック
[2021-03-31T10:45:46.528] [INFO] system - 決済処理start(22回目)
[2021-03-31T10:45:46.529] [INFO] system - 購入処理確定開始(freeBuy:true)
[2021-03-31T10:45:46.529] [INFO] system - 購入処理開始(無料)
[2021-03-31T10:45:46.531] [INFO] system - 混線なし
[2021-03-31T10:45:46.554] [INFO] system - 規約に同意クリック
[2021-03-31T10:45:46.559] [INFO] system - 決済処理start(23回目)
[2021-03-31T10:45:46.560] [INFO] system - 購入処理確定開始(freeBuy:true)
[2021-03-31T10:45:46.560] [INFO] system - 購入処理開始(無料)
[2021-03-31T10:45:46.562] [INFO] system - 混線なし
[2021-03-31T10:45:46.573] [INFO] system - 規約に同意クリック
[2021-03-31T10:45:46.577] [INFO] system - 決済処理start(24回目)
[2021-03-31T10:45:46.577] [INFO] system - 購入処理確定開始(freeBuy:true)
[2021-03-31T10:45:46.577] [INFO] system - 購入処理開始(無料)
[2021-03-31T10:45:46.580] [INFO] system - 混線なし
[2021-03-31T10:45:46.588] [INFO] system - 規約に同意クリック
[2021-03-31T10:45:46.593] [INFO] system - 決済処理start(25回目)
[2021-03-31T10:45:46.593] [INFO] system - 購入処理確定開始(freeBuy:true)
[2021-03-31T10:45:46.593] [INFO] system - 購入処理開始(無料)
[2021-03-31T10:45:46.596] [INFO] system - 混線なし
[2021-03-31T10:45:46.605] [INFO] system - 規約に同意クリック
[2021-03-31T10:45:46.609] [INFO] system - 決済処理start(26回目)
[2021-03-31T10:45:46.609] [INFO] system - 購入処理確定開始(freeBuy:true)
[2021-03-31T10:45:46.609] [INFO] system - 購入処理開始(無料)
[2021-03-31T10:45:46.612] [INFO] system - 混線なし
[2021-03-31T10:45:46.622] [INFO] system - 規約に同意クリック
[2021-03-31T10:45:46.626] [INFO] system - 決済処理start(27回目)
[2021-03-31T10:45:46.627] [INFO] system - 購入処理確定開始(freeBuy:true)
[2021-03-31T10:45:46.627] [INFO] system - 購入処理開始(無料)
[2021-03-31T10:45:46.629] [INFO] system - 混線なし
[2021-03-31T10:45:46.640] [INFO] system - 規約に同意クリック
[2021-03-31T10:45:46.644] [INFO] system - 決済処理start(28回目)
[2021-03-31T10:45:46.644] [INFO] system - 購入処理確定開始(freeBuy:true)
[2021-03-31T10:45:46.644] [INFO] system - 購入処理開始(無料)
[2021-03-31T10:45:46.647] [INFO] system - 混線なし
[2021-03-31T10:45:46.672] [INFO] system - 規約に同意クリック
[2021-03-31T10:45:46.676] [INFO] system - 決済処理start(29回目)
[2021-03-31T10:45:46.678] [INFO] system - 購入処理確定開始(freeBuy:true)
[2021-03-31T10:45:46.678] [INFO] system - 購入処理開始(無料)
[2021-03-31T10:45:46.681] [INFO] system - 混線なし
[2021-03-31T10:45:46.705] [INFO] system - 規約に同意クリック
[2021-03-31T10:45:46.710] [INFO] system - 決済処理start(30回目)
[2021-03-31T10:45:46.711] [INFO] system - 購入処理確定開始(freeBuy:true)
[2021-03-31T10:45:46.711] [INFO] system - 購入処理開始(無料)
[2021-03-31T10:45:46.713] [INFO] system - 混線なし
[2021-03-31T10:45:46.721] [INFO] system - 規約に同意クリック
[2021-03-31T10:45:46.725] [INFO] system - 決済処理start(31回目)
[2021-03-31T10:45:46.726] [INFO] system - 購入処理確定開始(freeBuy:true)
[2021-03-31T10:45:46.726] [INFO] system - 購入処理開始(無料)
[2021-03-31T10:45:46.728] [INFO] system - 混線なし
[2021-03-31T10:45:46.738] [INFO] system - 規約に同意クリック
[2021-03-31T10:45:46.743] [INFO] system - 決済処理start(32回目)
[2021-03-31T10:45:46.743] [INFO] system - 購入処理確定開始(freeBuy:true)
[2021-03-31T10:45:46.743] [INFO] system - 購入処理開始(無料)
[2021-03-31T10:45:46.746] [INFO] system - 混線なし
[2021-03-31T10:45:46.755] [INFO] system - 規約に同意クリック
[2021-03-31T10:45:46.759] [INFO] system - 決済処理start(33回目)
[2021-03-31T10:45:46.759] [INFO] system - 購入処理確定開始(freeBuy:true)
[2021-03-31T10:45:46.759] [INFO] system - 購入処理開始(無料)
[2021-03-31T10:45:46.761] [INFO] system - 混線なし
[2021-03-31T10:45:46.771] [INFO] system - 規約に同意クリック
[2021-03-31T10:45:46.777] [INFO] system - 決済処理start(34回目)
[2021-03-31T10:45:46.777] [INFO] system - 購入処理確定開始(freeBuy:true)
[2021-03-31T10:45:46.778] [INFO] system - 購入処理開始(無料)
[2021-03-31T10:45:46.782] [INFO] system - 混線なし
[2021-03-31T10:45:46.806] [INFO] system - 規約に同意クリック
[2021-03-31T10:45:46.811] [INFO] system - 決済処理start(35回目)
[2021-03-31T10:45:46.812] [INFO] system - 購入処理確定開始(freeBuy:true)
[2021-03-31T10:45:46.813] [INFO] system - 購入処理開始(無料)
[2021-03-31T10:45:46.815] [INFO] system - 混線なし
[2021-03-31T10:45:46.839] [INFO] system - 規約に同意クリック
[2021-03-31T10:45:46.845] [INFO] system - 決済処理start(36回目)
[2021-03-31T10:45:46.847] [INFO] system - 購入処理確定開始(freeBuy:true)
[2021-03-31T10:45:46.847] [INFO] system - 購入処理開始(無料)
[2021-03-31T10:45:46.853] [INFO] system - 混線なし
[2021-03-31T10:45:46.873] [INFO] system - 規約に同意クリック
[2021-03-31T10:45:46.877] [INFO] system - 決済処理start(37回目)
[2021-03-31T10:45:46.878] [INFO] system - 購入処理確定開始(freeBuy:true)
[2021-03-31T10:45:46.878] [INFO] system - 購入処理開始(無料)
[2021-03-31T10:45:46.880] [INFO] system - 混線なし
[2021-03-31T10:45:46.888] [INFO] system - 規約に同意クリック
[2021-03-31T10:45:46.892] [INFO] system - 決済処理start(38回目)
[2021-03-31T10:45:46.893] [INFO] system - 購入処理確定開始(freeBuy:true)
[2021-03-31T10:45:46.893] [INFO] system - 購入処理開始(無料)
[2021-03-31T10:45:46.895] [INFO] system - 混線なし
[2021-03-31T10:45:46.905] [INFO] system - 規約に同意クリック
[2021-03-31T10:45:46.909] [INFO] system - 決済処理start(39回目)
[2021-03-31T10:45:46.909] [INFO] system - 購入処理確定開始(freeBuy:true)
[2021-03-31T10:45:46.909] [INFO] system - 購入処理開始(無料)
[2021-03-31T10:45:46.912] [INFO] system - 混線なし
[2021-03-31T10:45:46.921] [INFO] system - 規約に同意クリック
[2021-03-31T10:45:46.925] [INFO] system - 決済処理start(40回目)
[2021-03-31T10:45:46.925] [INFO] system - 購入処理確定開始(freeBuy:true)
[2021-03-31T10:45:46.926] [INFO] system - 購入処理開始(無料)
[2021-03-31T10:45:46.928] [INFO] system - 混線なし
[2021-03-31T10:45:46.939] [INFO] system - 規約に同意クリック
[2021-03-31T10:45:46.943] [INFO] system - 決済処理start(41回目)
[2021-03-31T10:45:46.944] [INFO] system - 購入処理確定開始(freeBuy:true)
[2021-03-31T10:45:46.944] [INFO] system - 購入処理開始(無料)
[2021-03-31T10:45:46.946] [INFO] system - 混線なし
[2021-03-31T10:45:46.955] [INFO] system - 規約に同意クリック
[2021-03-31T10:45:46.959] [INFO] system - 決済処理start(42回目)
[2021-03-31T10:45:46.960] [INFO] system - 購入処理確定開始(freeBuy:true)
[2021-03-31T10:45:46.960] [INFO] system - 購入処理開始(無料)
[2021-03-31T10:45:46.962] [INFO] system - 混線なし
[2021-03-31T10:45:46.972] [INFO] system - 規約に同意クリック
[2021-03-31T10:45:46.976] [INFO] system - 決済処理start(43回目)
[2021-03-31T10:45:46.976] [INFO] system - 購入処理確定開始(freeBuy:true)
[2021-03-31T10:45:46.976] [INFO] system - 購入処理開始(無料)
[2021-03-31T10:45:46.978] [INFO] system - 混線なし
[2021-03-31T10:45:46.989] [INFO] system - 規約に同意クリック
[2021-03-31T10:45:46.992] [INFO] system - 決済処理start(44回目)
[2021-03-31T10:45:46.993] [INFO] system - 購入処理確定開始(freeBuy:true)
[2021-03-31T10:45:46.993] [INFO] system - 購入処理開始(無料)
[2021-03-31T10:45:46.995] [INFO] system - 混線なし
[2021-03-31T10:45:47.007] [INFO] system - 規約に同意クリック
[2021-03-31T10:45:47.011] [INFO] system - 決済処理start(45回目)
[2021-03-31T10:45:47.011] [INFO] system - 購入処理確定開始(freeBuy:true)
[2021-03-31T10:45:47.012] [INFO] system - 購入処理開始(無料)
[2021-03-31T10:45:47.014] [INFO] system - 混線なし
[2021-03-31T10:45:47.039] [INFO] system - 規約に同意クリック
[2021-03-31T10:45:47.043] [INFO] system - 決済処理start(46回目)
[2021-03-31T10:45:47.044] [INFO] system - 購入処理確定開始(freeBuy:true)
[2021-03-31T10:45:47.044] [INFO] system - 購入処理開始(無料)
[2021-03-31T10:45:47.047] [INFO] system - 混線なし
[2021-03-31T10:45:47.055] [INFO] system - 規約に同意クリック
[2021-03-31T10:45:47.059] [INFO] system - 決済処理start(47回目)
[2021-03-31T10:45:47.059] [INFO] system - 購入処理確定開始(freeBuy:true)
[2021-03-31T10:45:47.060] [INFO] system - 購入処理開始(無料)
[2021-03-31T10:45:47.062] [INFO] system - 混線なし
[2021-03-31T10:45:47.071] [INFO] system - 規約に同意クリック
[2021-03-31T10:45:47.076] [INFO] system - 決済処理start(48回目)
[2021-03-31T10:45:47.076] [INFO] system - 購入処理確定開始(freeBuy:true)
[2021-03-31T10:45:47.076] [INFO] system - 購入処理開始(無料)
[2021-03-31T10:45:47.079] [INFO] system - 混線なし
[2021-03-31T10:45:47.088] [INFO] system - 規約に同意クリック
[2021-03-31T10:45:47.092] [INFO] system - 決済処理start(49回目)
[2021-03-31T10:45:47.093] [INFO] system - 購入処理確定開始(freeBuy:true)
[2021-03-31T10:45:47.093] [INFO] system - 購入処理開始(無料)
[2021-03-31T10:45:47.095] [INFO] system - 混線なし
[2021-03-31T10:45:47.106] [INFO] system - 規約に同意クリック
[2021-03-31T10:45:47.109] [INFO] system - 決済処理start(50回目)
[2021-03-31T10:45:47.110] [INFO] system - 購入処理確定開始(freeBuy:true)
[2021-03-31T10:45:47.110] [INFO] system - 購入処理開始(無料)
[2021-03-31T10:45:47.112] [INFO] system - 混線なし
[2021-03-31T10:45:47.122] [INFO] system - 規約に同意クリック
[2021-03-31T10:45:47.126] [INFO] system - 決済処理start(51回目)
[2021-03-31T10:45:47.126] [INFO] system - 購入処理確定開始(freeBuy:true)
[2021-03-31T10:45:47.126] [INFO] system - 購入処理開始(無料)
[2021-03-31T10:45:47.129] [INFO] system - 混線なし
[2021-03-31T10:45:47.139] [INFO] system - 規約に同意クリック
[2021-03-31T10:45:47.143] [INFO] system - 決済処理start(52回目)
[2021-03-31T10:45:47.143] [INFO] system - 購入処理確定開始(freeBuy:true)
[2021-03-31T10:45:47.143] [INFO] system - 購入処理開始(無料)
[2021-03-31T10:45:47.145] [INFO] system - 混線なし
[2021-03-31T10:45:47.173] [INFO] system - 規約に同意クリック
[2021-03-31T10:45:47.177] [INFO] system - 決済処理start(53回目)
[2021-03-31T10:45:47.178] [INFO] system - 購入処理確定開始(freeBuy:true)
[2021-03-31T10:45:47.178] [INFO] system - 購入処理開始(無料)
[2021-03-31T10:45:47.182] [INFO] system - 混線なし
[2021-03-31T10:45:47.206] [INFO] system - 規約に同意クリック
[2021-03-31T10:45:47.211] [INFO] system - 決済処理start(54回目)
[2021-03-31T10:45:47.214] [INFO] system - 購入処理確定開始(freeBuy:true)
[2021-03-31T10:45:47.214] [INFO] system - 購入処理開始(無料)
[2021-03-31T10:45:47.219] [INFO] system - 混線なし
[2021-03-31T10:45:47.239] [INFO] system - 規約に同意クリック
[2021-03-31T10:45:47.253] [INFO] system - 決済処理start(55回目)
[2021-03-31T10:45:47.258] [INFO] system - 購入処理確定開始(freeBuy:true)
[2021-03-31T10:45:47.258] [INFO] system - 購入処理開始(無料)
[2021-03-31T10:45:47.261] [INFO] system - 混線なし
[2021-03-31T10:45:47.273] [INFO] system - 規約に同意クリック
[2021-03-31T10:45:47.278] [INFO] system - 決済処理start(56回目)
[2021-03-31T10:45:47.278] [INFO] system - 購入処理確定開始(freeBuy:true)
[2021-03-31T10:45:47.278] [INFO] system - 購入処理開始(無料)
[2021-03-31T10:45:47.281] [INFO] system - 混線なし
[2021-03-31T10:45:47.306] [INFO] system - 規約に同意クリック
[2021-03-31T10:45:47.311] [INFO] system - 決済処理start(57回目)
[2021-03-31T10:45:47.312] [INFO] system - 購入処理確定開始(freeBuy:true)
[2021-03-31T10:45:47.312] [INFO] system - 購入処理開始(無料)
[2021-03-31T10:45:47.315] [INFO] system - 混線なし
[2021-03-31T10:45:47.340] [INFO] system - 規約に同意クリック
[2021-03-31T10:45:47.344] [INFO] system - 決済処理start(58回目)
[2021-03-31T10:45:47.344] [INFO] system - 購入処理確定開始(freeBuy:true)
[2021-03-31T10:45:47.345] [INFO] system - 購入処理開始(無料)
[2021-03-31T10:45:47.347] [INFO] system - 混線なし
[2021-03-31T10:45:47.372] [INFO] system - 規約に同意クリック
[2021-03-31T10:45:47.375] [INFO] system - 決済処理start(59回目)
[2021-03-31T10:45:47.378] [INFO] system - 購入処理確定開始(freeBuy:true)
[2021-03-31T10:45:47.378] [INFO] system - 購入処理開始(無料)
[2021-03-31T10:45:47.381] [INFO] system - 混線なし
[2021-03-31T10:45:47.406] [INFO] system - 規約に同意クリック
[2021-03-31T10:45:47.411] [INFO] system - 決済処理start(60回目)
[2021-03-31T10:45:47.411] [INFO] system - 購入処理確定開始(freeBuy:true)
[2021-03-31T10:45:47.412] [INFO] system - 購入処理開始(無料)
[2021-03-31T10:45:47.415] [INFO] system - 混線なし
[2021-03-31T10:45:47.439] [INFO] system - 規約に同意クリック
[2021-03-31T10:45:47.445] [INFO] system - 決済処理start(61回目)
[2021-03-31T10:45:47.445] [INFO] system - 購入処理確定開始(freeBuy:true)
[2021-03-31T10:45:47.445] [INFO] system - 購入処理開始(無料)
[2021-03-31T10:45:47.447] [INFO] system - 混線なし
[2021-03-31T10:45:47.473] [INFO] system - 規約に同意クリック
[2021-03-31T10:45:47.476] [INFO] system - 決済処理start(62回目)
[2021-03-31T10:45:47.479] [INFO] system - 購入処理確定開始(freeBuy:true)
[2021-03-31T10:45:47.480] [INFO] system - 購入処理開始(無料)
[2021-03-31T10:45:47.482] [INFO] system - 混線なし
[2021-03-31T10:45:47.506] [INFO] system - 規約に同意クリック
[2021-03-31T10:45:47.510] [INFO] system - 決済処理start(63回目)
[2021-03-31T10:45:47.510] [INFO] system - 購入処理確定開始(freeBuy:true)
[2021-03-31T10:45:47.510] [INFO] system - 購入処理開始(無料)
[2021-03-31T10:45:47.512] [INFO] system - 混線なし
[2021-03-31T10:45:47.523] [INFO] system - 規約に同意クリック
[2021-03-31T10:45:47.526] [INFO] system - 決済処理start(64回目)
[2021-03-31T10:45:47.527] [INFO] system - 購入処理確定開始(freeBuy:true)
[2021-03-31T10:45:47.527] [INFO] system - 購入処理開始(無料)
[2021-03-31T10:45:47.529] [INFO] system - 混線なし
[2021-03-31T10:45:47.538] [INFO] system - 規約に同意クリック
[2021-03-31T10:45:47.542] [INFO] system - 決済処理start(65回目)
[2021-03-31T10:45:47.542] [INFO] system - 購入処理確定開始(freeBuy:true)
[2021-03-31T10:45:47.543] [INFO] system - 購入処理開始(無料)
[2021-03-31T10:45:47.545] [INFO] system - 混線なし
[2021-03-31T10:45:47.555] [INFO] system - 規約に同意クリック
[2021-03-31T10:45:47.560] [INFO] system - 決済処理start(66回目)
[2021-03-31T10:45:47.560] [INFO] system - 購入処理確定開始(freeBuy:true)
[2021-03-31T10:45:47.560] [INFO] system - 購入処理開始(無料)
[2021-03-31T10:45:47.562] [INFO] system - 混線なし
[2021-03-31T10:45:47.572] [INFO] system - 規約に同意クリック
[2021-03-31T10:45:47.575] [INFO] system - 決済処理start(67回目)
[2021-03-31T10:45:47.576] [INFO] system - 購入処理確定開始(freeBuy:true)
[2021-03-31T10:45:47.576] [INFO] system - 購入処理開始(無料)
[2021-03-31T10:45:47.578] [INFO] system - 混線なし
[2021-03-31T10:45:47.589] [INFO] system - 規約に同意クリック
[2021-03-31T10:45:47.592] [INFO] system - 決済処理start(68回目)
[2021-03-31T10:45:47.593] [INFO] system - 購入処理確定開始(freeBuy:true)
[2021-03-31T10:45:47.593] [INFO] system - 購入処理開始(無料)
[2021-03-31T10:45:47.595] [INFO] system - 混線なし
[2021-03-31T10:45:47.605] [INFO] system - 規約に同意クリック
[2021-03-31T10:45:47.609] [INFO] system - 決済処理start(69回目)
[2021-03-31T10:45:47.610] [INFO] system - 購入処理確定開始(freeBuy:true)
[2021-03-31T10:45:47.610] [INFO] system - 購入処理開始(無料)
[2021-03-31T10:45:47.612] [INFO] system - 混線なし
[2021-03-31T10:45:47.621] [INFO] system - 規約に同意クリック
[2021-03-31T10:45:47.625] [INFO] system - 決済処理start(70回目)
[2021-03-31T10:45:47.625] [INFO] system - 購入処理確定開始(freeBuy:true)
[2021-03-31T10:45:47.625] [INFO] system - 購入処理開始(無料)
[2021-03-31T10:45:47.627] [INFO] system - 混線なし
[2021-03-31T10:45:47.639] [INFO] system - 規約に同意クリック
[2021-03-31T10:45:47.643] [INFO] system - 決済処理start(71回目)
[2021-03-31T10:45:47.644] [INFO] system - 購入処理確定開始(freeBuy:true)
[2021-03-31T10:45:47.644] [INFO] system - 購入処理開始(無料)
[2021-03-31T10:45:47.646] [INFO] system - 混線なし
[2021-03-31T10:45:47.656] [INFO] system - 規約に同意クリック
[2021-03-31T10:45:47.660] [INFO] system - 決済処理start(72回目)
[2021-03-31T10:45:47.660] [INFO] system - 購入処理確定開始(freeBuy:true)
[2021-03-31T10:45:47.660] [INFO] system - 購入処理開始(無料)
[2021-03-31T10:45:47.662] [INFO] system - 混線なし
[2021-03-31T10:45:47.671] [INFO] system - 規約に同意クリック
[2021-03-31T10:45:47.676] [INFO] system - 決済処理start(73回目)
[2021-03-31T10:45:47.677] [INFO] system - 購入処理確定開始(freeBuy:true)
[2021-03-31T10:45:47.677] [INFO] system - 購入処理開始(無料)
[2021-03-31T10:45:47.679] [INFO] system - 混線なし
[2021-03-31T10:45:47.688] [INFO] system - 規約に同意クリック
[2021-03-31T10:45:47.693] [INFO] system - 決済処理start(74回目)
[2021-03-31T10:45:47.693] [INFO] system - 購入処理確定開始(freeBuy:true)
[2021-03-31T10:45:47.693] [INFO] system - 購入処理開始(無料)
[2021-03-31T10:45:47.695] [INFO] system - 混線なし
[2021-03-31T10:45:47.704] [INFO] system - 規約に同意クリック
[2021-03-31T10:45:47.708] [INFO] system - 決済処理start(75回目)
[2021-03-31T10:45:47.709] [INFO] system - 購入処理確定開始(freeBuy:true)
[2021-03-31T10:45:47.709] [INFO] system - 購入処理開始(無料)
[2021-03-31T10:45:47.711] [INFO] system - 混線なし
[2021-03-31T10:45:47.722] [INFO] system - 規約に同意クリック
[2021-03-31T10:45:47.726] [INFO] system - 決済処理start(76回目)
[2021-03-31T10:45:47.726] [INFO] system - 購入処理確定開始(freeBuy:true)
[2021-03-31T10:45:47.726] [INFO] system - 購入処理開始(無料)
[2021-03-31T10:45:47.728] [INFO] system - 混線なし
[2021-03-31T10:45:47.738] [INFO] system - 規約に同意クリック
[2021-03-31T10:45:47.743] [INFO] system - 決済処理start(77回目)
[2021-03-31T10:45:47.743] [INFO] system - 購入処理確定開始(freeBuy:true)
[2021-03-31T10:45:47.743] [INFO] system - 購入処理開始(無料)
[2021-03-31T10:45:47.745] [INFO] system - 混線なし
[2021-03-31T10:45:47.757] [INFO] system - 規約に同意クリック
[2021-03-31T10:45:47.760] [INFO] system - 決済処理start(78回目)
[2021-03-31T10:45:47.761] [INFO] system - 購入処理確定開始(freeBuy:true)
[2021-03-31T10:45:47.761] [INFO] system - 購入処理開始(無料)
[2021-03-31T10:45:47.763] [INFO] system - 混線なし
[2021-03-31T10:45:47.772] [INFO] system - 規約に同意クリック
[2021-03-31T10:45:47.775] [INFO] system - 決済処理start(79回目)
[2021-03-31T10:45:47.776] [INFO] system - 購入処理確定開始(freeBuy:true)
[2021-03-31T10:45:47.776] [INFO] system - 購入処理開始(無料)
[2021-03-31T10:45:47.778] [INFO] system - 混線なし
[2021-03-31T10:45:47.788] [INFO] system - 規約に同意クリック
[2021-03-31T10:45:47.793] [INFO] system - 決済処理start(80回目)
[2021-03-31T10:45:47.793] [INFO] system - 購入処理確定開始(freeBuy:true)
[2021-03-31T10:45:47.794] [INFO] system - 購入処理開始(無料)
[2021-03-31T10:45:47.796] [INFO] system - 混線なし
[2021-03-31T10:45:47.805] [INFO] system - 規約に同意クリック
[2021-03-31T10:45:47.809] [INFO] system - 決済処理start(81回目)
[2021-03-31T10:45:47.810] [INFO] system - 購入処理確定開始(freeBuy:true)
[2021-03-31T10:45:47.810] [INFO] system - 購入処理開始(無料)
[2021-03-31T10:45:47.812] [INFO] system - 混線なし
[2021-03-31T10:45:47.823] [INFO] system - 規約に同意クリック
[2021-03-31T10:45:47.826] [INFO] system - 決済処理start(82回目)
[2021-03-31T10:45:47.827] [INFO] system - 購入処理確定開始(freeBuy:true)
[2021-03-31T10:45:47.827] [INFO] system - 購入処理開始(無料)
[2021-03-31T10:45:47.829] [INFO] system - 混線なし
[2021-03-31T10:45:47.839] [INFO] system - 規約に同意クリック
[2021-03-31T10:45:47.844] [INFO] system - 決済処理start(83回目)
[2021-03-31T10:45:47.844] [INFO] system - 購入処理確定開始(freeBuy:true)
[2021-03-31T10:45:47.844] [INFO] system - 購入処理開始(無料)
[2021-03-31T10:45:47.848] [INFO] system - 混線なし
[2021-03-31T10:45:47.873] [INFO] system - 規約に同意クリック
[2021-03-31T10:45:47.878] [INFO] system - 決済処理start(84回目)
[2021-03-31T10:45:47.878] [INFO] system - 購入処理確定開始(freeBuy:true)
[2021-03-31T10:45:47.878] [INFO] system - 購入処理開始(無料)
[2021-03-31T10:45:47.880] [INFO] system - 混線なし
[2021-03-31T10:45:47.888] [INFO] system - 規約に同意クリック
[2021-03-31T10:45:47.892] [INFO] system - 決済処理start(85回目)
[2021-03-31T10:45:47.892] [INFO] system - 購入処理確定開始(freeBuy:true)
[2021-03-31T10:45:47.892] [INFO] system - 購入処理開始(無料)
[2021-03-31T10:45:47.894] [INFO] system - 混線なし
[2021-03-31T10:45:47.905] [INFO] system - 規約に同意クリック
[2021-03-31T10:45:47.910] [INFO] system - 決済処理start(86回目)
[2021-03-31T10:45:47.910] [INFO] system - 購入処理確定開始(freeBuy:true)
[2021-03-31T10:45:47.911] [INFO] system - 購入処理開始(無料)
[2021-03-31T10:45:47.913] [INFO] system - 混線なし
[2021-03-31T10:45:47.923] [INFO] system - 規約に同意クリック
[2021-03-31T10:45:47.926] [INFO] system - 決済処理start(87回目)
[2021-03-31T10:45:47.927] [INFO] system - 購入処理確定開始(freeBuy:true)
[2021-03-31T10:45:47.927] [INFO] system - 購入処理開始(無料)
[2021-03-31T10:45:47.929] [INFO] system - 混線なし
[2021-03-31T10:45:47.938] [INFO] system - 規約に同意クリック
[2021-03-31T10:45:47.942] [INFO] system - 決済処理start(88回目)
[2021-03-31T10:45:47.942] [INFO] system - 購入処理確定開始(freeBuy:true)
[2021-03-31T10:45:47.943] [INFO] system - 購入処理開始(無料)
[2021-03-31T10:45:47.945] [INFO] system - 混線なし
[2021-03-31T10:45:47.954] [INFO] system - 規約に同意クリック
[2021-03-31T10:45:47.959] [INFO] system - 決済処理start(89回目)
[2021-03-31T10:45:47.960] [INFO] system - 購入処理確定開始(freeBuy:true)
[2021-03-31T10:45:47.960] [INFO] system - 購入処理開始(無料)
[2021-03-31T10:45:47.962] [INFO] system - 混線なし
[2021-03-31T10:45:47.972] [INFO] system - 規約に同意クリック
[2021-03-31T10:45:47.977] [INFO] system - 決済処理start(90回目)
[2021-03-31T10:45:47.978] [INFO] system - 購入処理確定開始(freeBuy:true)
[2021-03-31T10:45:47.978] [INFO] system - 購入処理開始(無料)
[2021-03-31T10:45:47.980] [INFO] system - 混線なし
[2021-03-31T10:45:47.989] [INFO] system - 規約に同意クリック
[2021-03-31T10:45:47.994] [INFO] system - 決済処理start(91回目)
[2021-03-31T10:45:47.994] [INFO] system - 購入処理確定開始(freeBuy:true)
[2021-03-31T10:45:47.994] [INFO] system - 購入処理開始(無料)
[2021-03-31T10:45:47.996] [INFO] system - 混線なし
[2021-03-31T10:45:48.006] [INFO] system - 規約に同意クリック
[2021-03-31T10:45:48.009] [INFO] system - 決済処理start(92回目)
[2021-03-31T10:45:48.010] [INFO] system - 購入処理確定開始(freeBuy:true)
[2021-03-31T10:45:48.010] [INFO] system - 購入処理開始(無料)
[2021-03-31T10:45:48.013] [INFO] system - 混線なし
[2021-03-31T10:45:48.038] [INFO] system - 規約に同意クリック
[2021-03-31T10:45:48.041] [INFO] system - 決済処理start(93回目)
[2021-03-31T10:45:48.045] [INFO] system - 購入処理確定開始(freeBuy:true)
[2021-03-31T10:45:48.045] [INFO] system - 購入処理開始(無料)
[2021-03-31T10:45:48.048] [INFO] system - 混線なし
[2021-03-31T10:45:48.072] [INFO] system - 規約に同意クリック
[2021-03-31T10:45:48.076] [INFO] system - 決済処理start(94回目)
[2021-03-31T10:45:48.077] [INFO] system - 購入処理確定開始(freeBuy:true)
[2021-03-31T10:45:48.077] [INFO] system - 購入処理開始(無料)
[2021-03-31T10:45:48.079] [INFO] system - 混線なし
[2021-03-31T10:45:48.089] [INFO] system - 規約に同意クリック
[2021-03-31T10:45:48.093] [INFO] system - 決済処理start(95回目)
[2021-03-31T10:45:48.093] [INFO] system - 購入処理確定開始(freeBuy:true)
[2021-03-31T10:45:48.094] [INFO] system - 購入処理開始(無料)
[2021-03-31T10:45:48.096] [INFO] system - 混線なし
[2021-03-31T10:45:48.105] [INFO] system - 規約に同意クリック
[2021-03-31T10:45:48.111] [INFO] system - 決済処理start(96回目)
[2021-03-31T10:45:48.112] [INFO] system - 購入処理確定開始(freeBuy:true)
[2021-03-31T10:45:48.112] [INFO] system - 購入処理開始(無料)
[2021-03-31T10:45:48.114] [INFO] system - 混線なし
[2021-03-31T10:45:48.140] [INFO] system - 規約に同意クリック
[2021-03-31T10:45:48.144] [INFO] system - 決済処理start(97回目)
[2021-03-31T10:45:48.144] [INFO] system - 購入処理確定開始(freeBuy:true)
[2021-03-31T10:45:48.145] [INFO] system - 購入処理開始(無料)
[2021-03-31T10:45:48.147] [INFO] system - 混線なし
[2021-03-31T10:45:48.173] [INFO] system - 規約に同意クリック
[2021-03-31T10:45:48.178] [INFO] system - 決済処理start(98回目)
[2021-03-31T10:45:48.179] [INFO] system - 購入処理確定開始(freeBuy:true)
[2021-03-31T10:45:48.179] [INFO] system - 購入処理開始(無料)
[2021-03-31T10:45:48.181] [INFO] system - 混線なし
[2021-03-31T10:45:48.205] [INFO] system - 規約に同意クリック
[2021-03-31T10:45:48.210] [INFO] system - 決済処理start(99回目)
[2021-03-31T10:45:48.210] [INFO] system - 購入処理確定開始(freeBuy:true)
[2021-03-31T10:45:48.210] [INFO] system - 購入処理開始(無料)
[2021-03-31T10:45:48.212] [INFO] system - 混線なし
[2021-03-31T10:45:48.222] [INFO] system - 規約に同意クリック
[2021-03-31T10:45:48.227] [INFO] system - 決済処理start(100回目)
[2021-03-31T10:45:48.227] [INFO] system - 購入処理確定開始(freeBuy:true)
[2021-03-31T10:45:48.227] [INFO] system - 購入処理開始(無料)
[2021-03-31T10:45:48.229] [INFO] system - 混線なし
[2021-03-31T10:45:48.255] [INFO] system - 規約に同意クリック
[2021-03-31T10:45:48.259] [INFO] system - テスト処理完了
[2021-03-31T10:46:07.342] [INFO] system - 【Windows版起動】
[2021-03-31T10:46:07.344] [INFO] system - キック：{"---1---":"====== BasicSetting ======","mainUrl":"https://t.livepocket.jp/","loginUrl":"https://t.livepocket.jp/login?acroot=header-new_p_u_nl","mypageUrl":"https://t.livepocket.jp/my_top","autoLogin":false,"confUser":"kisyan3333@gmail.com","confPass":"6yjAWLhCxVT2","targetUrl":"https://t.livepocket.jp/e/wakkuru0401/","targetTicket":null,"targetName":"１部前売チケット整理番号券","targetNumber":"1","storeTypeId":"002","startTime":"2021-03-30 23:30","isBrowse":false,"isFree":false,"isCredit":false,"isTest":true,"isLanguage":"ja","isStage":false,"isJamCheck":true,"isMailSend":false,"---2---":"====== MailSetting(GmailOnly) ======","fromMail":"sugachan.tectec@gmail.com","fromMailPass":"sero3202","toMail":"","toSysMail":"trigger@applet.ifttt.com","isWindows":["Windows"],"loginTime":"2021-03-30 23:15","notCheckOnly":true,"isClose":false}
[2021-03-31T10:46:07.352] [INFO] system - 【テスト】
[2021-03-31T10:46:07.357] [INFO] system - 2021-03-30 23:15:00にすでに到達
[2021-03-31T10:46:07.359] [INFO] system - ログイン処理想定時間到達
[2021-03-31T10:46:07.629] [INFO] system - ブラウザ起動後準備完了
[2021-03-31T10:46:10.289] [INFO] system - ログインページに移動完了
[2021-03-31T10:46:14.061] [INFO] system - ログイン完了
[2021-03-31T10:46:14.089] [INFO] system - 「１部前売チケット整理番号券」の存在を確認(.table #ticket-387002)
[2021-03-31T10:46:14.090] [INFO] system - 2021-03-30 23:29にすでに到達
[2021-03-31T10:46:14.093] [INFO] system - 購入処理想定時間到達
[2021-03-31T10:46:14.095] [INFO] system - <成績時間カウント開始>
[2021-03-31T10:46:14.096] [INFO] system - 購入可能状態確認start(1回目)
[2021-03-31T10:46:16.314] [INFO] system - 購入可能状態確認end
[2021-03-31T10:46:16.315] [INFO] system - 枚数選択start(1回目)
[2021-03-31T10:46:21.850] [INFO] system - 枚数選択end
[2021-03-31T10:46:21.851] [INFO] system - 決済処理start(1回目)
[2021-03-31T10:46:21.852] [INFO] system - 購入処理確定開始(freeBuy:true)
[2021-03-31T10:46:21.852] [INFO] system - 購入処理開始(無料)
[2021-03-31T10:46:21.862] [INFO] system - 混線なし
[2021-03-31T10:46:21.874] [INFO] system - 規約に同意クリック
[2021-03-31T10:46:21.878] [INFO] system - テスト処理完了
[2021-03-31T10:47:01.928] [INFO] system - 【Windows版起動】
[2021-03-31T10:47:01.930] [INFO] system - キック：{"---1---":"====== BasicSetting ======","mainUrl":"https://t.livepocket.jp/","loginUrl":"https://t.livepocket.jp/login?acroot=header-new_p_u_nl","mypageUrl":"https://t.livepocket.jp/my_top","autoLogin":false,"confUser":"kisyan3333@gmail.com","confPass":"6yjAWLhCxVT2","targetUrl":"https://t.livepocket.jp/e/wakkuru0401/","targetTicket":null,"targetName":"２部前売チケット整理番号券","targetNumber":"1","storeTypeId":"002","startTime":"2021-03-30 23:30","isBrowse":true,"isFree":false,"isCredit":false,"isTest":true,"isLanguage":"ja","isStage":false,"isJamCheck":true,"isMailSend":false,"---2---":"====== MailSetting(GmailOnly) ======","fromMail":"sugachan.tectec@gmail.com","fromMailPass":"sero3202","toMail":"","toSysMail":"trigger@applet.ifttt.com","isWindows":["Windows"],"loginTime":"2021-03-30 23:15","notCheckOnly":true,"isClose":false}
[2021-03-31T10:47:01.938] [INFO] system - 【テスト】
[2021-03-31T10:47:01.943] [INFO] system - 2021-03-30 23:15:00にすでに到達
[2021-03-31T10:47:01.947] [INFO] system - ログイン処理想定時間到達
[2021-03-31T10:47:02.376] [INFO] system - ブラウザ起動後準備完了
[2021-03-31T10:47:06.787] [INFO] system - ログインページに移動完了
[2021-03-31T10:47:10.637] [INFO] system - ログイン完了
[2021-03-31T10:47:10.674] [INFO] system - 「２部前売チケット整理番号券」の存在を確認(.table #ticket-387003)
[2021-03-31T10:47:10.675] [INFO] system - 2021-03-30 23:29にすでに到達
[2021-03-31T10:47:10.677] [INFO] system - 購入処理想定時間到達
[2021-03-31T10:47:10.677] [INFO] system - <成績時間カウント開始>
[2021-03-31T10:47:10.678] [INFO] system - 購入可能状態確認start(1回目)
[2021-03-31T10:47:13.064] [INFO] system - 購入可能状態確認end
[2021-03-31T10:47:13.065] [INFO] system - 枚数選択start(1回目)
[2021-03-31T10:47:18.318] [INFO] system - 枚数選択end
[2021-03-31T10:47:18.318] [INFO] system - 決済処理start(1回目)
[2021-03-31T10:47:18.319] [INFO] system - 購入処理確定開始(freeBuy:false)
[2021-03-31T10:47:18.319] [INFO] system - 購入処理開始(有料)
[2021-03-31T10:47:18.440] [INFO] system - 規約に同意クリック
[2021-03-31T10:47:18.441] [INFO] system - 【テスト:決済ロジック】
[2021-03-31T10:47:18.445] [INFO] system - テスト処理完了
[2021-03-31T11:02:32.508] [INFO] system - 【Windows版起動】
[2021-03-31T11:02:32.510] [INFO] system - キック：{"---1---":"====== BasicSetting ======","mainUrl":"https://t.livepocket.jp/","loginUrl":"https://t.livepocket.jp/login?acroot=header-new_p_u_nl","mypageUrl":"https://t.livepocket.jp/my_top","autoLogin":false,"confUser":"kisyan3333@gmail.com","confPass":"6yjAWLhCxVT2","targetUrl":"https://t.livepocket.jp/e/chula_seifuku/","targetTicket":null,"targetName":"通常チケット整理番号券","targetNumber":"1","storeTypeId":"002","startTime":"2021-03-31 22:00","isBrowse":true,"isFree":false,"isCredit":false,"isTest":true,"isLanguage":"ja","isStage":false,"isJamCheck":true,"isMailSend":false,"---2---":"====== MailSetting(GmailOnly) ======","fromMail":"sugachan.tectec@gmail.com","fromMailPass":"sero3202","toMail":"","toSysMail":"trigger@applet.ifttt.com","isWindows":["Windows"],"loginTime":"2021-03-31 21:45","notCheckOnly":true,"isClose":false}
[2021-03-31T11:02:32.518] [INFO] system - 【テスト】
[2021-03-31T11:02:32.522] [INFO] system - 2021-03-31 21:45:00までログイン処理待機中...
[2021-03-31T21:45:00.015] [INFO] system - ログイン処理想定時間到達
[2021-03-31T21:45:00.514] [INFO] system - ブラウザ起動後準備完了
[2021-03-31T21:45:05.200] [INFO] system - ログインページに移動完了
[2021-03-31T21:45:09.276] [INFO] system - ログイン完了
[2021-03-31T21:45:09.296] [INFO] system - 「通常チケット整理番号券」の存在を確認(.table #ticket-386872)
[2021-03-31T21:45:09.297] [INFO] system - 2021-03-31 21:59まで購入処理待機中...
[2021-03-31T21:59:59.903] [INFO] system - 購入処理想定時間到達
[2021-03-31T21:59:59.905] [INFO] system - <成績時間カウント開始>
[2021-03-31T21:59:59.906] [INFO] system - 購入可能状態確認start(1回目)
[2021-03-31T22:00:04.899] [INFO] system - 購入可能状態確認end
[2021-03-31T22:00:04.900] [INFO] system - 枚数選択start(1回目)
[2021-03-31T22:00:09.609] [INFO] system - 枚数選択end
[2021-03-31T22:00:09.609] [INFO] system - 決済処理start(1回目)
[2021-03-31T22:00:09.609] [INFO] system - 購入処理確定開始(freeBuy:false)
[2021-03-31T22:00:09.610] [INFO] system - 購入処理開始(有料)
[2021-03-31T22:00:09.724] [INFO] system - 規約に同意クリック
[2021-03-31T22:00:09.725] [INFO] system - 【テスト:決済ロジック】
[2021-03-31T22:00:09.728] [INFO] system - テスト処理完了
