[2021-01-04T07:40:48.724] [INFO] system - 【テスト：開始】
[2021-01-04T07:40:48.730] [INFO] system - 2021-01-02 22:45:00にすでに到達
[2021-01-04T07:40:48.741] [INFO] system - ログイン処理想定時間到達
[2021-01-04T07:40:57.960] [INFO] system - 混線なし
[2021-01-04T07:40:57.961] [INFO] system - ログインページに移動完了
[2021-01-04T07:41:00.149] [INFO] system - 混線なし
[2021-01-04T07:41:02.068] [INFO] system - ログイン完了
[2021-01-04T07:41:02.112] [INFO] system - 「通常チケット整理番号券」の存在を確認(.table #ticket-332435)
[2021-01-04T07:41:02.114] [INFO] system - 2021-01-02 23:00にすでに到達
[2021-01-04T07:41:02.116] [INFO] system - 購入処理想定時間到達
[2021-01-04T07:41:02.117] [INFO] system - <成績時間カウント開始>
[2021-01-04T07:41:05.101] [INFO] system - 混線なし
[2021-01-04T07:41:05.105] [INFO] system - 購入状態確認(1回目に成功)
[2021-01-04T07:41:05.114] [INFO] system - 購入処理開始(確定前)
[2021-01-04T07:41:06.694] [INFO] system - 混線なし
[2021-01-04T07:41:06.694] [INFO] system - 購入処理確定開始(freeBuy:false)
[2021-01-04T07:41:06.694] [INFO] system - 購入処理開始(有料)
[2021-01-04T07:41:06.869] [INFO] system - 【テスト:決済ロジック】
[2021-01-04T07:41:06.870] [INFO] system - <成績：4.753秒>
[2021-01-04T07:41:10.050] [INFO] system - send successful
[2021-01-04T09:09:34.105] [INFO] system - 【テスト：開始】
[2021-01-04T09:09:34.108] [ERROR] system - ReferenceError: req is not defined
    at C:\sourse\scraping\func-lpkick\lpkick.js:62:5
    at Object.<anonymous> (C:\sourse\scraping\func-lpkick\lpkick.js:84:3)
    at Module._compile (internal/modules/cjs/loader.js:1063:30)
    at Object.Module._extensions..js (internal/modules/cjs/loader.js:1092:10)
    at Module.load (internal/modules/cjs/loader.js:928:32)
    at Function.Module._load (internal/modules/cjs/loader.js:769:14)
    at Function.executeUserEntryPoint [as runMain] (internal/modules/run_main.js:72:12)
    at internal/main/run_main_module.js:17:47
[2021-01-04T09:33:03.038] [INFO] system - 【テスト：開始】
[2021-01-04T09:33:03.041] [INFO] system - Invalid dateにすでに到達
[2021-01-04T09:33:03.043] [INFO] system - ログイン処理想定時間到達
[2021-01-04T09:33:10.981] [INFO] system - 混線なし
[2021-01-04T09:33:10.982] [INFO] system - ログインページに移動完了
[2021-01-04T09:33:14.472] [INFO] system - 混線なし
[2021-01-04T09:35:57.661] [INFO] system - 【テスト：開始】
[2021-01-04T09:35:57.666] [INFO] system - 2021-01-04 09:25:00にすでに到達
[2021-01-04T09:35:57.671] [INFO] system - ログイン処理想定時間到達
[2021-01-04T09:36:05.377] [INFO] system - 混線なし
[2021-01-04T09:36:05.378] [INFO] system - ログインページに移動完了
[2021-01-04T09:36:09.093] [INFO] system - 混線なし
[2021-01-04T09:36:10.987] [INFO] system - ログイン完了
[2021-01-04T09:36:11.111] [INFO] system - 「通常チケット整理番号券」の存在を確認(.table #ticket-332435)
[2021-01-04T09:36:11.112] [INFO] system - 2021-01-04 09:40まで購入処理待機中...
[2021-01-04T09:40:00.004] [INFO] system - 購入処理想定時間到達
[2021-01-04T09:40:00.005] [INFO] system - <成績時間カウント開始>
[2021-01-04T09:40:04.181] [INFO] system - 混線なし
[2021-01-04T09:40:04.185] [INFO] system - 購入状態確認(1回目に成功)
[2021-01-04T09:40:04.186] [INFO] system - 購入処理開始(確定前)
[2021-01-04T09:40:05.761] [INFO] system - 混線なし
[2021-01-04T09:40:05.761] [INFO] system - 購入処理確定開始(freeBuy:false)
[2021-01-04T09:40:05.762] [INFO] system - 購入処理開始(有料)
[2021-01-04T09:40:05.938] [INFO] system - 【テスト:決済ロジック】
[2021-01-04T09:40:05.939] [INFO] system - <成績：5.933秒>
[2021-01-04T09:40:09.704] [INFO] system - send successful
[2021-01-04T09:53:37.661] [INFO] system - 【テスト：開始】
[2021-01-04T09:53:37.665] [INFO] system - 2021-01-04 09:15:00にすでに到達
[2021-01-04T09:53:37.673] [INFO] system - ログイン処理想定時間到達
[2021-01-04T09:53:45.720] [INFO] system - 混線なし
[2021-01-04T09:53:45.720] [INFO] system - ログインページに移動完了
[2021-01-04T09:53:48.981] [INFO] system - 混線なし
[2021-01-04T09:53:51.651] [INFO] system - ログイン完了
[2021-01-04T09:53:51.787] [INFO] system - 「通常チケット整理番号券」の存在を確認(.table #ticket-332435)
[2021-01-04T09:53:51.789] [INFO] system - 2021-01-04 09:30にすでに到達
[2021-01-04T09:53:51.791] [INFO] system - 購入処理想定時間到達
[2021-01-04T09:53:51.796] [INFO] system - <成績時間カウント開始>
[2021-01-04T09:53:54.501] [INFO] system - 混線なし
[2021-01-04T09:53:54.503] [INFO] system - 購入状態確認(1回目に成功)
[2021-01-04T09:53:54.510] [INFO] system - 購入処理開始(確定前)
[2021-01-04T09:53:57.862] [INFO] system - 混線なし
[2021-01-04T09:53:57.862] [INFO] system - 購入処理確定開始(freeBuy:false)
[2021-01-04T09:53:57.863] [INFO] system - 購入処理開始(有料)
[2021-01-04T09:53:58.051] [INFO] system - 【テスト:決済ロジック】
[2021-01-04T09:53:58.051] [INFO] system - <成績：6.254秒>
[2021-01-04T09:54:01.272] [INFO] system - send successful
[2021-01-04T09:56:27.520] [INFO] system - 【テスト：開始】
[2021-01-04T09:56:27.525] [INFO] system - 2021-01-04 09:45:00にすでに到達
[2021-01-04T09:56:27.531] [INFO] system - ログイン処理想定時間到達
[2021-01-04T09:56:35.820] [INFO] system - 混線なし
[2021-01-04T09:56:35.821] [INFO] system - ログインページに移動完了
[2021-01-04T09:56:39.334] [INFO] system - 混線なし
[2021-01-04T09:56:41.349] [INFO] system - ログイン完了
[2021-01-04T09:56:41.391] [INFO] system - 「通常チケット整理番号券」の存在を確認(.table #ticket-332435)
[2021-01-04T09:56:41.392] [INFO] system - 2021-01-04 10:00まで購入処理待機中...
[2021-01-04T09:56:55.200] [INFO] system - 【テスト：開始】
[2021-01-04T09:56:55.201] [INFO] system - 2021-01-04 09:45:00にすでに到達
[2021-01-04T09:56:55.203] [INFO] system - ログイン処理想定時間到達
[2021-01-04T09:57:03.285] [INFO] system - 混線なし
[2021-01-04T09:57:03.285] [INFO] system - ログインページに移動完了
[2021-01-04T09:57:05.503] [INFO] system - 混線なし
[2021-01-04T10:09:58.620] [INFO] system - 【テスト：開始】
[2021-01-04T10:09:58.625] [INFO] system - 2021-01-04 09:57:00にすでに到達
[2021-01-04T10:09:58.633] [INFO] system - ログイン処理想定時間到達
[2021-01-04T10:10:05.354] [INFO] system - 混線なし
[2021-01-04T10:10:05.355] [INFO] system - ログインページに移動完了
[2021-01-04T10:10:08.749] [INFO] system - 混線なし
[2021-01-04T10:10:10.336] [INFO] system - 【テスト：開始】
[2021-01-04T10:10:10.338] [INFO] system - 2021-01-04 09:57:00にすでに到達
[2021-01-04T10:10:10.341] [INFO] system - ログイン処理想定時間到達
[2021-01-04T10:10:11.127] [INFO] system - ログイン完了
[2021-01-04T10:10:11.172] [INFO] system - 「通常チケット整理番号券」の存在を確認(.table #ticket-332435)
[2021-01-04T10:10:11.173] [INFO] system - 2021-01-04 10:12まで購入処理待機中...
[2021-01-04T10:10:17.758] [INFO] system - 混線なし
[2021-01-04T10:10:17.759] [INFO] system - ログインページに移動完了
[2021-01-04T10:10:19.946] [INFO] system - 混線なし
[2021-01-04T10:10:21.741] [INFO] system - ログイン完了
[2021-01-04T10:10:21.791] [INFO] system - 「通常チケット整理番号券」の存在を確認(.table #ticket-332435)
[2021-01-04T10:10:21.792] [INFO] system - 2021-01-04 10:12まで購入処理待機中...
[2021-01-04T10:12:00.001] [INFO] system - 購入処理想定時間到達
[2021-01-04T10:12:00.002] [INFO] system - <成績時間カウント開始>
[2021-01-04T10:12:00.004] [INFO] system - 購入処理想定時間到達
[2021-01-04T10:12:00.005] [INFO] system - <成績時間カウント開始>
[2021-01-04T10:12:03.741] [INFO] system - 混線なし
[2021-01-04T10:12:03.743] [INFO] system - 購入状態確認(1回目に成功)
[2021-01-04T10:12:03.752] [INFO] system - 購入処理開始(確定前)
[2021-01-04T10:12:04.063] [INFO] system - 混線なし
[2021-01-04T10:12:04.065] [INFO] system - 購入状態確認(1回目に成功)
[2021-01-04T10:12:04.065] [INFO] system - 購入処理開始(確定前)
[2021-01-04T10:12:05.169] [INFO] system - 混線なし
[2021-01-04T10:12:05.169] [INFO] system - 購入処理確定開始(freeBuy:false)
[2021-01-04T10:12:05.170] [INFO] system - 購入処理開始(有料)
[2021-01-04T10:12:05.358] [INFO] system - 【テスト:決済ロジック】
[2021-01-04T10:12:05.359] [INFO] system - <成績：5.343秒>
[2021-01-04T10:12:07.548] [INFO] system - 混線なし
[2021-01-04T10:12:07.549] [INFO] system - 購入処理確定開始(freeBuy:false)
[2021-01-04T10:12:07.549] [INFO] system - 購入処理開始(有料)
[2021-01-04T10:12:07.727] [INFO] system - 【テスト:決済ロジック】
[2021-01-04T10:12:07.727] [INFO] system - <成績：7.711秒>
[2021-01-04T10:12:09.650] [INFO] system - send successful
[2021-01-04T10:12:10.252] [INFO] system - send successful
[2021-01-04T10:14:08.826] [INFO] system - 【テスト：開始】
[2021-01-04T10:14:08.826] [INFO] system - 2021-01-04 09:45:00にすでに到達
[2021-01-04T10:14:08.829] [INFO] system - ログイン処理想定時間到達
[2021-01-04T10:14:16.302] [INFO] system - 混線なし
[2021-01-04T10:14:16.304] [INFO] system - ログインページに移動完了
[2021-01-04T10:14:19.767] [INFO] system - 混線なし
[2021-01-04T10:14:22.604] [INFO] system - ログイン完了
[2021-01-04T10:14:22.621] [INFO] system - 「通常チケット整理番号券」の存在を確認(.table #ticket-332435)
[2021-01-04T10:14:22.621] [INFO] system - 2021-01-04 10:00にすでに到達
[2021-01-04T10:14:22.623] [INFO] system - 購入処理想定時間到達
[2021-01-04T10:14:22.624] [INFO] system - <成績時間カウント開始>
[2021-01-04T10:14:25.223] [INFO] system - 混線なし
[2021-01-04T10:14:25.226] [INFO] system - 購入状態確認(1回目に成功)
[2021-01-04T10:14:25.226] [INFO] system - 購入処理開始(確定前)
[2021-01-04T10:14:28.698] [INFO] system - 混線なし
[2021-01-04T10:14:28.698] [INFO] system - 購入処理確定開始(freeBuy:false)
[2021-01-04T10:14:28.699] [INFO] system - 購入処理開始(有料)
[2021-01-04T10:14:28.875] [INFO] system - 【テスト:決済ロジック】
[2021-01-04T10:14:28.876] [INFO] system - <成績：6.252秒>
[2021-01-04T10:14:31.819] [INFO] system - send successful
[2021-01-04T10:34:26.189] [INFO] system - 【テスト：開始】
[2021-01-04T10:34:26.194] [INFO] system - 2021-01-04 09:45:00にすでに到達
[2021-01-04T10:34:26.201] [INFO] system - ログイン処理想定時間到達
[2021-01-04T10:34:34.558] [INFO] system - 混線なし
[2021-01-04T10:34:34.558] [INFO] system - ログインページに移動完了
[2021-01-04T10:34:38.119] [INFO] system - 混線なし
[2021-01-04T10:51:17.503] [INFO] system - 【テスト：開始】
[2021-01-04T10:51:17.513] [INFO] system - 2021-01-04 09:45:00にすでに到達
[2021-01-04T10:51:17.516] [INFO] system - ログイン処理想定時間到達
[2021-01-04T10:51:21.771] [INFO] system - send successful
[2021-01-04T10:51:25.382] [INFO] system - 混線なし
[2021-01-04T10:51:25.384] [INFO] system - ログインページに移動完了
[2021-01-04T10:51:28.838] [INFO] system - 混線なし
