[2021-06-26T12:10:50.974] [INFO] system - 【テスト】
[2021-06-26T12:13:13.720] [INFO] system - キック：{"---1---":"====== BasicSetting ======","mainUrl":"https://t.livepocket.jp/","loginUrl":"https://t.livepocket.jp/login?acroot=header-new_p_u_nl","mypageUrl":"https://t.livepocket.jp/my_top","autoLogin":false,"confUser":"chiaochiao.sonmi@gmail.com","confPass":"sero3202","targetUrl":"https://t.livepocket.jp/e/gyaru0629/","targetTicket":null,"targetName":"前売チケット整理番号券","targetNumber":"1","storeTypeId":"002","startTime":"2021-06-26 12:14","isBrowse":false,"isFree":false,"isCredit":false,"isTest":true,"isLanguage":"ja","isStage":false,"isJamCheck":true,"isMailSend":false,"isLogger":true,"---2---":"====== MailSetting(GmailOnly) ======","fromMail":"sugachan.tectec@gmail.com","fromMailPass":"sero3202","toMail":"","toSysMail":"trigger@applet.ifttt.com","isWindows":["Windows"],"loginTime":"2021-06-26 12:13","notCheckOnly":true,"isClose":false,"isMobile":true,"dareSec":0,"isConnect":true,"advSec":-100}
[2021-06-26T12:13:13.739] [INFO] system - 【テスト】
[2021-06-26T12:13:13.746] [INFO] system - 2021-06-26 12:13:00にすでに到達
[2021-06-26T12:13:13.750] [INFO] system - ログイン処理想定時間到達
[2021-06-26T12:13:14.571] [INFO] system - ブラウザ起動後準備完了
[2021-06-26T12:13:16.165] [INFO] system - ログインページに移動完了
[2021-06-26T12:13:16.184] [INFO] system - 混線なし
[2021-06-26T12:13:18.574] [INFO] system - ログイン完了
[2021-06-26T12:13:18.588] [INFO] system - 混線なし
[2021-06-26T12:13:18.613] [INFO] system - 「前売チケット整理番号券」の存在を確認(.table #ticket-441384)
[2021-06-26T12:13:18.615] [INFO] system - 2021-06-26 12:13:59まで購入処理待機中...
[2021-06-26T12:13:59.916] [INFO] system - 購入処理想定時間到達
[2021-06-26T12:13:59.917] [INFO] system - <成績時間カウント開始>
[2021-06-26T12:13:59.918] [INFO] system - 購入可能状態確認start(1回目)
[2021-06-26T12:14:00.882] [INFO] system - 購入可能状態確認end
[2021-06-26T12:14:00.883] [INFO] system - 枚数選択start(1回目)
[2021-06-26T12:14:00.893] [INFO] system - 枚数選択時に明示的に0秒待機
[2021-06-26T12:14:00.907] [INFO] system - 1枚目選択開始
[2021-06-26T12:14:00.988] [INFO] system - 1枚目選択終了
[2021-06-26T12:14:04.038] [INFO] system - 枚数選択end
[2021-06-26T12:14:04.039] [INFO] system - 決済処理start(1回目)
[2021-06-26T12:14:04.041] [INFO] system - 購入処理確定開始(freeBuy:false)
[2021-06-26T12:14:04.056] [INFO] system - 購入処理開始(有料)
[2021-06-26T12:14:04.165] [INFO] system - 規約に同意クリック
[2021-06-26T12:14:04.166] [INFO] system - 【テスト:決済ロジック】
[2021-06-26T12:14:04.168] [INFO] system - テスト処理完了
[2021-06-26T12:14:04.169] [INFO] system - <現在時刻：Sat Jun 26 2021 12:14:04 GMT+0900／成績：4.251秒>
[2021-06-26T12:17:55.192] [INFO] system - キック：{"---1---":"====== BasicSetting ======","mainUrl":"https://t.livepocket.jp/","loginUrl":"https://t.livepocket.jp/login?acroot=header-new_p_u_nl","mypageUrl":"https://t.livepocket.jp/my_top","autoLogin":false,"confUser":"chiaochiao.sonmi@gmail.com","confPass":"sero3202","targetUrl":"https://t.livepocket.jp/e/gyaru0629/","targetTicket":null,"targetName":"前売チケット整理番号券","targetNumber":"1","storeTypeId":"002","startTime":"2021-06-26 12:19","isBrowse":false,"isFree":false,"isCredit":false,"isTest":true,"isLanguage":"ja","isStage":false,"isJamCheck":true,"isMailSend":false,"isLogger":true,"---2---":"====== MailSetting(GmailOnly) ======","fromMail":"sugachan.tectec@gmail.com","fromMailPass":"sero3202","toMail":"","toSysMail":"trigger@applet.ifttt.com","isWindows":["Windows"],"loginTime":"2021-06-26 12:18","notCheckOnly":true,"isClose":false,"isMobile":true,"dareSec":0,"isConnect":true,"advSec":-50}
[2021-06-26T12:17:55.210] [INFO] system - 【テスト】
[2021-06-26T12:17:55.214] [INFO] system - 2021-06-26 12:18:00までログイン処理待機中...
[2021-06-26T12:18:00.025] [INFO] system - ログイン処理想定時間到達
[2021-06-26T12:18:00.843] [INFO] system - ブラウザ起動後準備完了
[2021-06-26T12:18:02.080] [INFO] system - ログインページに移動完了
[2021-06-26T12:18:02.100] [INFO] system - 混線なし
[2021-06-26T12:18:04.497] [INFO] system - ログイン完了
[2021-06-26T12:18:04.509] [INFO] system - 混線なし
[2021-06-26T12:18:04.535] [INFO] system - 「前売チケット整理番号券」の存在を確認(.table #ticket-441384)
[2021-06-26T12:18:04.544] [INFO] system - 2021-06-26 12:18:59まで購入処理待機中...
[2021-06-26T12:18:59.960] [INFO] system - 購入処理想定時間到達
[2021-06-26T12:18:59.962] [INFO] system - <成績時間カウント開始>
[2021-06-26T12:18:59.963] [INFO] system - 購入可能状態確認start(1回目)
[2021-06-26T12:19:01.386] [INFO] system - 購入可能状態確認end
[2021-06-26T12:19:01.387] [INFO] system - 枚数選択start(1回目)
[2021-06-26T12:19:01.388] [INFO] system - 枚数選択時に明示的に0秒待機
[2021-06-26T12:19:01.390] [INFO] system - 1枚目選択開始
[2021-06-26T12:19:01.462] [INFO] system - 1枚目選択終了
[2021-06-26T12:19:06.191] [INFO] system - 枚数選択end
[2021-06-26T12:19:06.192] [INFO] system - 決済処理start(1回目)
[2021-06-26T12:19:06.193] [INFO] system - 購入処理確定開始(freeBuy:false)
[2021-06-26T12:19:06.195] [INFO] system - 購入処理開始(有料)
[2021-06-26T12:19:06.347] [INFO] system - 規約に同意クリック
[2021-06-26T12:19:06.348] [INFO] system - 【テスト:決済ロジック】
[2021-06-26T12:19:06.350] [INFO] system - テスト処理完了
[2021-06-26T12:19:06.352] [INFO] system - <現在時刻：Sat Jun 26 2021 12:19:06 GMT+0900／成績：6.39秒>
[2021-06-26T12:20:37.394] [INFO] system - キック：{"---1---":"====== BasicSetting ======","mainUrl":"https://t.livepocket.jp/","loginUrl":"https://t.livepocket.jp/login?acroot=header-new_p_u_nl","mypageUrl":"https://t.livepocket.jp/my_top","autoLogin":false,"confUser":"chiaochiao.sonmi@gmail.com","confPass":"sero3202","targetUrl":"https://t.livepocket.jp/e/gyaru0629/","targetTicket":null,"targetName":"前売チケット整理番号券","targetNumber":"1","storeTypeId":"002","startTime":"2021-06-26 12:19","isBrowse":false,"isFree":false,"isCredit":false,"isTest":true,"isLanguage":"ja","isStage":false,"isJamCheck":true,"isMailSend":false,"isLogger":true,"---2---":"====== MailSetting(GmailOnly) ======","fromMail":"sugachan.tectec@gmail.com","fromMailPass":"sero3202","toMail":"","toSysMail":"trigger@applet.ifttt.com","isWindows":["Windows"],"loginTime":"2021-06-26 12:18","notCheckOnly":true,"isClose":false,"isMobile":true,"dareSec":0,"isConnect":true,"advSec":-10}
[2021-06-26T12:20:37.412] [INFO] system - 【テスト】
[2021-06-26T12:20:37.418] [INFO] system - 2021-06-26 12:18:00にすでに到達
[2021-06-26T12:20:37.431] [INFO] system - ログイン処理想定時間到達
[2021-06-26T12:20:38.240] [INFO] system - ブラウザ起動後準備完了
[2021-06-26T12:20:39.695] [INFO] system - ログインページに移動完了
[2021-06-26T12:20:39.715] [INFO] system - 混線なし
[2021-06-26T12:20:42.348] [INFO] system - ログイン完了
[2021-06-26T12:20:42.361] [INFO] system - 混線なし
[2021-06-26T12:20:42.395] [INFO] system - 「前売チケット整理番号券」の存在を確認(.table #ticket-441384)
[2021-06-26T12:20:42.397] [INFO] system - 2021-06-26 12:18にすでに到達
[2021-06-26T12:20:42.408] [INFO] system - 購入処理想定時間到達
[2021-06-26T12:20:42.409] [INFO] system - <成績時間カウント開始>
[2021-06-26T12:20:42.410] [INFO] system - 購入可能状態確認start(1回目)
[2021-06-26T12:20:42.729] [ERROR] system - Error: Protocol error (Page.navigate): Target closed.
    at C:\source\yt-scraping\node_modules\puppeteer\lib\cjs\puppeteer\common\Connection.js:208:63
    at new Promise (<anonymous>)
    at CDPSession.send (C:\source\yt-scraping\node_modules\puppeteer\lib\cjs\puppeteer\common\Connection.js:207:16)
    at navigate (C:\source\yt-scraping\node_modules\puppeteer\lib\cjs\puppeteer\common\FrameManager.js:108:47)
    at FrameManager.navigateFrame (C:\source\yt-scraping\node_modules\puppeteer\lib\cjs\puppeteer\common\FrameManager.js:91:13)
    at Frame.goto (C:\source\yt-scraping\node_modules\puppeteer\lib\cjs\puppeteer\common\FrameManager.js:417:41)
    at Page.goto (C:\source\yt-scraping\node_modules\puppeteer\lib\cjs\puppeteer\common\Page.js:784:53)
    at newBrowser (C:\source\yt-scraping\func-lpkick\lpkick.js:368:20)
    at async C:\source\yt-scraping\func-lpkick\lpkick.js:123:5
[2021-06-26T12:20:42.747] [ERROR] system - ReferenceError: page is not defined
    at newBrowser (C:\source\yt-scraping\func-lpkick\lpkick.js:504:5)
    at processTicksAndRejections (internal/process/task_queues.js:93:5)
    at async C:\source\yt-scraping\func-lpkick\lpkick.js:123:5
[2021-06-26T12:20:56.111] [INFO] system - キック：{"---1---":"====== BasicSetting ======","mainUrl":"https://t.livepocket.jp/","loginUrl":"https://t.livepocket.jp/login?acroot=header-new_p_u_nl","mypageUrl":"https://t.livepocket.jp/my_top","autoLogin":false,"confUser":"chiaochiao.sonmi@gmail.com","confPass":"sero3202","targetUrl":"https://t.livepocket.jp/e/gyaru0629/","targetTicket":null,"targetName":"前売チケット整理番号券","targetNumber":"1","storeTypeId":"002","startTime":"2021-06-26 12:22","isBrowse":false,"isFree":false,"isCredit":false,"isTest":true,"isLanguage":"ja","isStage":false,"isJamCheck":true,"isMailSend":false,"isLogger":true,"---2---":"====== MailSetting(GmailOnly) ======","fromMail":"sugachan.tectec@gmail.com","fromMailPass":"sero3202","toMail":"","toSysMail":"trigger@applet.ifttt.com","isWindows":["Windows"],"loginTime":"2021-06-26 12:21","notCheckOnly":true,"isClose":false,"isMobile":true,"dareSec":0,"isConnect":true,"advSec":-10}
[2021-06-26T12:20:56.127] [INFO] system - 【テスト】
[2021-06-26T12:20:56.133] [INFO] system - 2021-06-26 12:21:00までログイン処理待機中...
[2021-06-26T12:21:00.032] [INFO] system - ログイン処理想定時間到達
[2021-06-26T12:21:00.853] [INFO] system - ブラウザ起動後準備完了
[2021-06-26T12:21:02.409] [INFO] system - ログインページに移動完了
[2021-06-26T12:21:02.429] [INFO] system - 混線なし
[2021-06-26T12:21:04.589] [INFO] system - ログイン完了
[2021-06-26T12:21:04.601] [INFO] system - 混線なし
[2021-06-26T12:21:04.634] [INFO] system - 「前売チケット整理番号券」の存在を確認(.table #ticket-441384)
[2021-06-26T12:21:04.643] [INFO] system - 2021-06-26 12:21:59まで購入処理待機中...
[2021-06-26T12:22:00.002] [INFO] system - 購入処理想定時間到達
[2021-06-26T12:22:00.005] [INFO] system - <成績時間カウント開始>
[2021-06-26T12:22:00.006] [INFO] system - 購入可能状態確認start(1回目)
[2021-06-26T12:22:01.299] [INFO] system - 購入可能状態確認end
[2021-06-26T12:22:01.300] [INFO] system - 枚数選択start(1回目)
[2021-06-26T12:22:01.314] [INFO] system - 枚数選択時に明示的に0秒待機
[2021-06-26T12:22:01.324] [INFO] system - 1枚目選択開始
[2021-06-26T12:22:01.393] [INFO] system - 1枚目選択終了
[2021-06-26T12:22:06.207] [INFO] system - 枚数選択end
[2021-06-26T12:22:06.208] [INFO] system - 決済処理start(1回目)
[2021-06-26T12:22:06.210] [INFO] system - 購入処理確定開始(freeBuy:false)
[2021-06-26T12:22:06.230] [INFO] system - 購入処理開始(有料)
[2021-06-26T12:22:06.373] [INFO] system - 規約に同意クリック
[2021-06-26T12:22:06.374] [INFO] system - 【テスト:決済ロジック】
[2021-06-26T12:22:06.376] [INFO] system - テスト処理完了
[2021-06-26T12:22:06.378] [INFO] system - <現在時刻：Sat Jun 26 2021 12:22:06 GMT+0900／成績：6.372秒>
[2021-06-26T12:22:49.967] [INFO] system - キック：{"---1---":"====== BasicSetting ======","mainUrl":"https://t.livepocket.jp/","loginUrl":"https://t.livepocket.jp/login?acroot=header-new_p_u_nl","mypageUrl":"https://t.livepocket.jp/my_top","autoLogin":false,"confUser":"chiaochiao.sonmi@gmail.com","confPass":"sero3202","targetUrl":"https://t.livepocket.jp/e/gyaru0629/","targetTicket":null,"targetName":"前売チケット整理番号券","targetNumber":"1","storeTypeId":"002","startTime":"2021-06-26 12:24","isBrowse":false,"isFree":false,"isCredit":false,"isTest":true,"isLanguage":"ja","isStage":false,"isJamCheck":true,"isMailSend":false,"isLogger":true,"---2---":"====== MailSetting(GmailOnly) ======","fromMail":"sugachan.tectec@gmail.com","fromMailPass":"sero3202","toMail":"","toSysMail":"trigger@applet.ifttt.com","isWindows":["Windows"],"loginTime":"2021-06-26 12:23","notCheckOnly":true,"isClose":false,"isMobile":true,"dareSec":0,"isConnect":true,"advSec":-10}
[2021-06-26T12:22:49.981] [INFO] system - 【テスト】
[2021-06-26T12:22:49.986] [INFO] system - 2021-06-26 12:23:00までログイン処理待機中...
[2021-06-26T12:23:00.009] [INFO] system - ログイン処理想定時間到達
[2021-06-26T12:23:00.825] [INFO] system - ブラウザ起動後準備完了
[2021-06-26T12:23:02.048] [INFO] system - ログインページに移動完了
[2021-06-26T12:23:02.066] [INFO] system - 混線なし
[2021-06-26T12:23:04.414] [INFO] system - ログイン完了
[2021-06-26T12:23:04.426] [INFO] system - 混線なし
[2021-06-26T12:23:04.459] [INFO] system - 「前売チケット整理番号券」の存在を確認(.table #ticket-441384)
[2021-06-26T12:23:04.471] [INFO] system - 2021-06-26 12:23:59まで購入処理待機中...
[2021-06-26T12:24:00.026] [INFO] system - 購入処理想定時間到達
[2021-06-26T12:24:00.027] [INFO] system - <成績時間カウント開始>
[2021-06-26T12:24:00.028] [INFO] system - 購入可能状態確認start(1回目)
[2021-06-26T12:24:01.310] [INFO] system - 購入可能状態確認end
[2021-06-26T12:24:01.311] [INFO] system - 枚数選択start(1回目)
[2021-06-26T12:24:01.312] [INFO] system - 枚数選択時に明示的に0秒待機
[2021-06-26T12:24:01.314] [INFO] system - 1枚目選択開始
[2021-06-26T12:24:01.421] [INFO] system - 1枚目選択終了
[2021-06-26T12:24:06.164] [INFO] system - 枚数選択end
[2021-06-26T12:24:06.166] [INFO] system - 決済処理start(1回目)
[2021-06-26T12:24:06.167] [INFO] system - 購入処理確定開始(freeBuy:false)
[2021-06-26T12:24:06.169] [INFO] system - 購入処理開始(有料)
[2021-06-26T12:24:06.312] [INFO] system - 規約に同意クリック
[2021-06-26T12:24:06.313] [INFO] system - 【テスト:決済ロジック】
[2021-06-26T12:24:06.314] [INFO] system - テスト処理完了
[2021-06-26T12:24:06.316] [INFO] system - <現在時刻：Sat Jun 26 2021 12:24:06 GMT+0900／成績：6.288秒>
[2021-06-26T12:24:33.185] [INFO] system - キック：{"---1---":"====== BasicSetting ======","mainUrl":"https://t.livepocket.jp/","loginUrl":"https://t.livepocket.jp/login?acroot=header-new_p_u_nl","mypageUrl":"https://t.livepocket.jp/my_top","autoLogin":false,"confUser":"chiaochiao.sonmi@gmail.com","confPass":"sero3202","targetUrl":"https://t.livepocket.jp/e/gyaru0629/","targetTicket":null,"targetName":"前売チケット整理番号券","targetNumber":"1","storeTypeId":"002","startTime":"2021-06-26 12:26","isBrowse":false,"isFree":false,"isCredit":false,"isTest":true,"isLanguage":"ja","isStage":false,"isJamCheck":true,"isMailSend":false,"isLogger":true,"---2---":"====== MailSetting(GmailOnly) ======","fromMail":"sugachan.tectec@gmail.com","fromMailPass":"sero3202","toMail":"","toSysMail":"trigger@applet.ifttt.com","isWindows":["Windows"],"loginTime":"2021-06-26 12:25","notCheckOnly":true,"isClose":false,"isMobile":true,"dareSec":0,"isConnect":true,"advSec":-10}
[2021-06-26T12:24:33.204] [INFO] system - 【テスト】
[2021-06-26T12:24:33.211] [INFO] system - 2021-06-26 12:25:00までログイン処理待機中...
[2021-06-26T12:25:00.011] [INFO] system - ログイン処理想定時間到達
[2021-06-26T12:25:00.836] [INFO] system - ブラウザ起動後準備完了
[2021-06-26T12:25:02.322] [INFO] system - ログインページに移動完了
[2021-06-26T12:25:02.342] [INFO] system - 混線なし
[2021-06-26T12:25:04.750] [INFO] system - ログイン完了
[2021-06-26T12:25:04.762] [INFO] system - 混線なし
[2021-06-26T12:25:04.784] [INFO] system - 「前売チケット整理番号券」の存在を確認(.table #ticket-441384)
[2021-06-26T12:25:04.785] [INFO] system - 2021-06-26 12:25:59まで購入処理待機中...
[2021-06-26T12:26:00.003] [INFO] system - 購入処理想定時間到達
[2021-06-26T12:26:00.005] [INFO] system - <成績時間カウント開始>
[2021-06-26T12:26:00.006] [INFO] system - 購入可能状態確認start(1回目)
[2021-06-26T12:26:01.106] [INFO] system - 購入可能状態確認end
[2021-06-26T12:26:01.107] [INFO] system - 枚数選択start(1回目)
[2021-06-26T12:26:01.109] [INFO] system - 枚数選択時に明示的に0秒待機
[2021-06-26T12:26:01.126] [INFO] system - 1枚目選択開始
[2021-06-26T12:26:01.200] [INFO] system - 1枚目選択終了
[2021-06-26T12:26:05.857] [INFO] system - 枚数選択end
[2021-06-26T12:26:05.858] [INFO] system - 決済処理start(1回目)
[2021-06-26T12:26:05.859] [INFO] system - 購入処理確定開始(freeBuy:false)
[2021-06-26T12:26:05.860] [INFO] system - 購入処理開始(有料)
[2021-06-26T12:26:06.007] [INFO] system - 規約に同意クリック
[2021-06-26T12:26:06.008] [INFO] system - 【テスト:決済ロジック】
[2021-06-26T12:26:06.009] [INFO] system - テスト処理完了
[2021-06-26T12:26:06.011] [INFO] system - <現在時刻：Sat Jun 26 2021 12:26:06 GMT+0900／成績：6.005秒>
[2021-06-26T12:33:17.357] [INFO] system - 【本番】
[2021-06-26T22:00:40.280] [INFO] system - <現在時刻：Sat Jun 26 2021 22:00:40 GMT+0900／成績：40.279秒>
