[2021-04-13T18:49:50.402] [INFO] system - 【Windows版起動】
[2021-04-13T18:49:50.404] [INFO] system - キック：{"---1---":"====== BasicSetting ======","mainUrl":"https://t.livepocket.jp/","loginUrl":"https://t.livepocket.jp/login?acroot=header-new_p_u_nl","mypageUrl":"https://t.livepocket.jp/my_top","autoLogin":false,"confUser":"chiaochiao.sonmi@gmail.com","confPass":"sero3202","targetUrl":"https://t.livepocket.jp/e/wakkuru0415/","targetTicket":null,"targetName":"１部前売チケット整理番号券,２部前売チケット整理番号券","targetNumber":"2,2","storeTypeId":"002","startTime":"2021-04-13 22:00","isBrowse":true,"isFree":false,"isCredit":false,"isTest":false,"isLanguage":"ja","isStage":false,"isJamCheck":true,"isMailSend":false,"---2---":"====== MailSetting(GmailOnly) ======","fromMail":"sugachan.tectec@gmail.com","fromMailPass":"sero3202","toMail":"","toSysMail":"trigger@applet.ifttt.com","isWindows":["Windows"],"loginTime":"2021-04-13 21:45","notCheckOnly":true,"isClose":false}
[2021-04-13T18:49:50.424] [INFO] system - 2021-04-13 21:45:00までログイン処理待機中...
[2021-04-13T21:45:00.102] [INFO] system - ログイン処理想定時間到達
[2021-04-13T21:45:00.550] [INFO] system - ブラウザ起動後準備完了
[2021-04-13T21:45:05.517] [INFO] system - ログインページに移動完了
[2021-04-13T21:45:09.209] [INFO] system - ログイン完了
[2021-04-13T21:45:09.313] [INFO] system - 「１部前売チケット整理番号券,２部前売チケット整理番号券」の存在を確認(.table #ticket-395382,.table #ticket-395383)
[2021-04-13T21:45:09.315] [INFO] system - 2021-04-13 22:00まで購入処理待機中...
[2021-04-13T22:00:00.013] [INFO] system - 購入処理想定時間到達
[2021-04-13T22:00:00.014] [INFO] system - <成績時間カウント開始>
[2021-04-13T22:00:00.015] [INFO] system - 購入可能状態確認start(1回目)
[2021-04-13T22:00:16.162] [INFO] system - 購入可能状態確認end
[2021-04-13T22:00:16.163] [INFO] system - 枚数選択start(1回目)
[2021-04-13T22:00:29.307] [INFO] system - 枚数選択end
[2021-04-13T22:00:29.308] [INFO] system - 決済処理start(1回目)
[2021-04-13T22:00:29.309] [INFO] system - 購入処理確定開始(freeBuy:false)
[2021-04-13T22:00:29.313] [INFO] system - 購入処理開始(有料)
[2021-04-13T22:00:29.483] [INFO] system - 規約に同意クリック
[2021-04-13T22:00:34.901] [INFO] system - 決済処理end
[2021-04-13T22:00:34.903] [INFO] system - <現在時刻：Tue Apr 13 2021 22:00:34 GMT+0900／成績：34.888秒>
[2021-04-13T22:00:34.905] [INFO] system - <成績：34.89秒>
