[2021-07-23T08:51:52.434] [INFO] system - キック：{"isWindows":["Windows"],"---1---":"====== BasicSetting ======","mypageUrl":"https://t.livepocket.jp/my_top","autoLogin":false,"confUser":"chiaochiao.sonmi@gmail.com","confPass":"sero3202","targetUrl":"https://t.livepocket.jp/e/5mxcg/","targetName":"有償チケット,無償チケット","targetNumber":"2,2","storeTypeId":"002","loginTime":"2021-07-23 08:50","startTime":"2021-07-23 08:53","isBrowse":true,"isTest":false,"isJamCheck":true,"isCredit":false,"isMailSend":false,"notCheckOnly":true,"isClose":false,"isMobile":true,"dareSec":0,"isConnect":true,"isLogger":true,"advSec":-170,"isOrigin":true,"---2---":"====== MailSetting(GmailOnly) ======","fromMail":"sugachan.tectec@gmail.com","fromMailPass":"sero3202","toMail":"","toSysMail":"trigger@applet.ifttt.com"}
[2021-07-23T08:51:52.436] [INFO] system - 【本番】
[2021-07-23T08:51:52.448] [INFO] system - 2021-07-23 08:50:00にすでに到達
[2021-07-23T08:51:52.450] [INFO] system - ログイン処理想定時間到達
[2021-07-23T08:51:53.145] [INFO] system - ブラウザ起動後準備完了
[2021-07-23T08:51:54.589] [INFO] system - ログインページに移動完了
[2021-07-23T08:51:54.600] [INFO] system - 混線なし
[2021-07-23T08:51:56.790] [INFO] system - ログイン完了
[2021-07-23T08:51:56.802] [INFO] system - 混線なし
[2021-07-23T08:51:56.816] [INFO] system - 「有償チケット,無償チケット」の存在を確認(.table #ticket-419417,.table #ticket-419418)
[2021-07-23T08:51:59.307] [INFO] system - .table #ticket-419417ロック外し開始
[2021-07-23T08:51:59.309] [INFO] system - .table #ticket-419418ロック外し開始
[2021-07-23T08:51:59.321] [INFO] system - 2セット選択終了
[2021-07-23T08:51:59.323] [INFO] system - 2021-07-23 08:52:29までページバック待機中...
[2021-07-23T08:52:29.839] [INFO] system - 前ページへ移動
[2021-07-23T08:52:30.957] [INFO] system - 2021-07-23 08:52:59まで購入処理待機中...
[2021-07-23T08:52:59.836] [INFO] system - 購入処理想定時間到達
[2021-07-23T08:52:59.837] [INFO] system - <成績時間カウント開始>
[2021-07-23T08:52:59.839] [INFO] system - 購入可能状態確認start(1回目)
[2021-07-23T08:52:59.848] [INFO] system - 次ページへ移動
[2021-07-23T08:53:00.912] [INFO] system - 購入可能状態確認end
[2021-07-23T08:53:00.914] [INFO] system - 枚数選択start(1回目)
[2021-07-23T08:53:02.607] [INFO] system - 枚数選択end(1回目)
[2021-07-23T08:53:02.621] [INFO] system - 決済処理ページ遷移済
[2021-07-23T08:53:02.621] [INFO] system - 決済処理start(1回目)
[2021-07-23T08:53:02.621] [INFO] system - 購入処理確定開始(freeBuy:false)
[2021-07-23T08:53:02.622] [INFO] system - 購入処理開始(有料)
[2021-07-23T08:53:02.746] [INFO] system - 規約に同意クリック
[2021-07-23T08:53:04.107] [INFO] system - 決済ボタンクリック
[2021-07-23T08:53:04.114] [INFO] system - (検証用)成功1
[2021-07-23T08:53:06.603] [INFO] system - (検証用)成功2
[2021-07-23T08:53:06.605] [INFO] system - (検証用)成功3
[2021-07-23T08:53:06.606] [INFO] system - 決済処理end
[2021-07-23T08:53:06.612] [INFO] system - <現在時刻：Fri Jul 23 2021 08:53:06 GMT+0900／成績：6.774秒>
[2021-07-23T08:53:06.613] [INFO] system - <成績：6.774秒>
[2021-07-23T09:06:32.184] [INFO] system - キック：{"isWindows":["Windows"],"---1---":"====== BasicSetting ======","mypageUrl":"https://t.livepocket.jp/my_top","autoLogin":false,"confUser":"chiaochiao.sonmi@gmail.com","confPass":"sero3202","targetUrl":"https://t.livepocket.jp/e/5mxcg/","targetName":"有償チケット,無償チケット","targetNumber":"2,2","storeTypeId":"002","loginTime":"2021-07-23 09:06","startTime":"2021-07-23 09:08","isBrowse":true,"isTest":true,"isJamCheck":true,"isCredit":false,"isMailSend":false,"notCheckOnly":true,"isClose":false,"isMobile":true,"dareSec":0,"isConnect":true,"isLogger":true,"advSec":-170,"isOrigin":true,"jamTryCnt":10,"---2---":"====== MailSetting(GmailOnly) ======","fromMail":"sugachan.tectec@gmail.com","fromMailPass":"sero3202","toMail":"","toSysMail":"trigger@applet.ifttt.com"}
[2021-07-23T09:06:32.185] [INFO] system - 【テスト】
[2021-07-23T09:06:32.188] [INFO] system - 2021-07-23 09:06:00にすでに到達
[2021-07-23T09:06:32.190] [INFO] system - ログイン処理想定時間到達
[2021-07-23T09:06:32.887] [INFO] system - ブラウザ起動後準備完了
[2021-07-23T09:06:34.257] [INFO] system - ログインページに移動完了
[2021-07-23T09:06:34.266] [INFO] system - 混線なし
[2021-07-23T09:06:36.525] [INFO] system - ログイン完了
[2021-07-23T09:06:36.536] [INFO] system - 混線なし
[2021-07-23T09:06:36.549] [INFO] system - 「有償チケット,無償チケット」の存在を確認(.table #ticket-419417,.table #ticket-419418)
[2021-07-23T09:06:38.942] [INFO] system - .table #ticket-419417ロック外し開始
[2021-07-23T09:06:38.943] [INFO] system - .table #ticket-419418ロック外し開始
[2021-07-23T09:06:38.951] [INFO] system - 2セット選択終了
[2021-07-23T09:06:38.952] [INFO] system - 2021-07-23 09:07:29までページバック待機中...
[2021-07-23T09:08:01.776] [INFO] system - キック：{"isWindows":["Windows"],"---1---":"====== BasicSetting ======","mypageUrl":"https://t.livepocket.jp/my_top","autoLogin":false,"confUser":"chiaochiao.sonmi@gmail.com","confPass":"sero3202","testUser":"kisyan3333@gmail.com","testPass":"6yjAWLhCxVT2","targetUrl":"https://t.livepocket.jp/e/5mxcg/","targetName":"有償チケット,無償チケット","targetNumber":"2,2","storeTypeId":"002","loginTime":"2021-07-23 09:06","startTime":"2021-07-23 09:08","isBrowse":true,"isTest":true,"isJamCheck":true,"isCredit":false,"isMailSend":false,"notCheckOnly":true,"isClose":false,"isMobile":true,"dareSec":0,"isConnect":true,"isLogger":true,"advSec":-170,"isOrigin":true,"jamTryCnt":10,"---2---":"====== MailSetting(GmailOnly) ======","fromMail":"sugachan.tectec@gmail.com","fromMailPass":"sero3202","toMail":"","toSysMail":"trigger@applet.ifttt.com"}
[2021-07-23T09:08:01.796] [INFO] system - 【テスト】
[2021-07-23T09:08:01.800] [INFO] system - 2021-07-23 09:06:00にすでに到達
[2021-07-23T09:08:01.805] [INFO] system - ログイン処理想定時間到達
[2021-07-23T09:08:02.501] [INFO] system - ブラウザ起動後準備完了
[2021-07-23T09:08:03.875] [INFO] system - ログインページに移動完了
[2021-07-23T09:08:03.885] [INFO] system - 混線なし
[2021-07-23T09:08:06.026] [INFO] system - ログイン完了
[2021-07-23T09:08:06.038] [INFO] system - 混線なし
[2021-07-23T09:08:06.085] [INFO] system - 「有償チケット,無償チケット」の存在を確認(.table #ticket-419417,.table #ticket-419418)
[2021-07-23T09:08:08.494] [INFO] system - .table #ticket-419417ロック外し開始
[2021-07-23T09:08:08.496] [INFO] system - .table #ticket-419418ロック外し開始
[2021-07-23T09:08:08.510] [INFO] system - 2セット選択終了
[2021-07-23T09:08:08.525] [INFO] system - 2021-07-23 09:07にすでに到達
[2021-07-23T09:08:08.526] [INFO] system - 前ページへ移動
[2021-07-23T09:08:09.793] [INFO] system - 2021-07-23 09:07にすでに到達
[2021-07-23T09:08:09.805] [INFO] system - 購入処理想定時間到達
[2021-07-23T09:08:09.829] [INFO] system - <成績時間カウント開始>
[2021-07-23T09:08:09.830] [INFO] system - 購入可能状態確認start(1回目)
[2021-07-23T09:08:09.833] [INFO] system - 次ページへ移動
[2021-07-23T09:08:11.031] [INFO] system - 購入可能状態確認end
[2021-07-23T09:08:11.033] [INFO] system - 枚数選択start(1回目)
[2021-07-23T09:08:12.676] [INFO] system - 決済ページ遷移確認1回目に成功
[2021-07-23T09:08:12.680] [INFO] system - 枚数選択end(1回目)
[2021-07-23T09:08:12.705] [INFO] system - 決済処理ページ遷移済
[2021-07-23T09:08:12.705] [INFO] system - 決済処理start(1回目)
[2021-07-23T09:08:12.706] [INFO] system - 購入処理確定開始(freeBuy:false)
[2021-07-23T09:08:12.706] [INFO] system - 購入処理開始(有料)
[2021-07-23T09:08:12.847] [INFO] system - 規約に同意クリック
[2021-07-23T09:08:12.848] [INFO] system - 【テスト:決済ロジック】
[2021-07-23T09:08:12.848] [INFO] system - テスト処理完了
[2021-07-23T09:08:12.849] [INFO] system - <現在時刻：Fri Jul 23 2021 09:08:12 GMT+0900／成績：3.019秒>
[2021-07-23T09:09:25.491] [INFO] system - キック：{"isWindows":["Windows"],"---1---":"====== BasicSetting ======","mypageUrl":"https://t.livepocket.jp/my_top","autoLogin":false,"confUser":"chiaochiao.sonmi@gmail.com","confPass":"sero3202","testUser":"kisyan3333@gmail.com","testPass":"6yjAWLhCxVT2","targetUrl":"https://t.livepocket.jp/e/210729/","targetName":"整理番号","targetNumber":"1","storeTypeId":"002","loginTime":"2021-07-23 11:45","startTime":"2021-07-23 12:00","isBrowse":true,"isTest":true,"isJamCheck":true,"isCredit":false,"isMailSend":false,"notCheckOnly":true,"isClose":false,"isMobile":true,"dareSec":0,"isConnect":true,"isLogger":true,"advSec":-170,"isOrigin":true,"jamTryCnt":10,"---2---":"====== MailSetting(GmailOnly) ======","fromMail":"sugachan.tectec@gmail.com","fromMailPass":"sero3202","toMail":"","toSysMail":"trigger@applet.ifttt.com"}
[2021-07-23T09:09:25.493] [INFO] system - 【テスト】
[2021-07-23T09:09:25.513] [INFO] system - 2021-07-23 11:45:00までログイン処理待機中...
[2021-07-23T19:03:16.259] [INFO] system - ログイン処理想定時間到達
[2021-07-23T19:03:17.694] [INFO] system - ブラウザ起動後準備完了
[2021-07-23T19:03:19.713] [INFO] system - ログインページに移動完了
[2021-07-23T19:03:19.724] [INFO] system - 混線なし
[2021-07-23T19:03:22.394] [INFO] system - ログイン完了
[2021-07-23T19:03:22.403] [INFO] system - 混線なし
[2021-07-23T19:03:22.448] [ERROR] system - 設定不備の可能性があります
[2021-07-23T19:03:22.449] [ERROR] system - {"isWindows":["Windows"],"---1---":"====== BasicSetting ======","mypageUrl":"https://t.livepocket.jp/my_top","autoLogin":false,"confUser":"chiaochiao.sonmi@gmail.com","confPass":"sero3202","testUser":"kisyan3333@gmail.com","testPass":"6yjAWLhCxVT2","targetUrl":"https://t.livepocket.jp/e/210729/","targetName":"整理番号","targetNumber":"1","storeTypeId":"002","loginTime":"2021-07-23 11:45","startTime":"2021-07-23 12:00","isBrowse":true,"isTest":true,"isJamCheck":true,"isCredit":false,"isMailSend":false,"notCheckOnly":true,"isClose":false,"isMobile":true,"dareSec":0,"isConnect":true,"isLogger":true,"advSec":-170,"isOrigin":true,"jamTryCnt":10,"---2---":"====== MailSetting(GmailOnly) ======","fromMail":"sugachan.tectec@gmail.com","fromMailPass":"sero3202","toMail":"","toSysMail":"trigger@applet.ifttt.com","targetTicket":"","isFree":true}
[2021-07-23T19:03:22.451] [ERROR] system - Error
    at newBrowser (C:\source\yt-scraping\func-lpkick\lpkick.js:384:13)
    at processTicksAndRejections (internal/process/task_queues.js:93:5)
    at async C:\source\yt-scraping\func-lpkick\lpkick.js:107:5
[2021-07-23T19:03:22.455] [ERROR] system - ReferenceError: page is not defined
    at newBrowser (C:\source\yt-scraping\func-lpkick\lpkick.js:618:5)
    at processTicksAndRejections (internal/process/task_queues.js:93:5)
    at async C:\source\yt-scraping\func-lpkick\lpkick.js:107:5
