[2021-05-19T14:26:22.669] [INFO] system - 【Windows版起動】
[2021-05-19T14:26:22.671] [INFO] system - キック：{"---1---":"====== BasicSetting ======","mainUrl":"https://t.livepocket.jp/","loginUrl":"https://t.livepocket.jp/login?acroot=header-new_p_u_nl","mypageUrl":"https://t.livepocket.jp/my_top","autoLogin":false,"confUser":"chiaochiao.sonmi@gmail.com","confPass":"sero3202","targetUrl":"https://t.livepocket.jp/e/wakkuru0520/","targetTicket":null,"targetName":"２部前売チケット整理番号券","targetNumber":"1","storeTypeId":"002","startTime":"2021-05-18 22:00","isBrowse":false,"isFree":false,"isCredit":false,"isTest":true,"isLanguage":"ja","isStage":false,"isJamCheck":true,"isMailSend":false,"---2---":"====== MailSetting(GmailOnly) ======","fromMail":"sugachan.tectec@gmail.com","fromMailPass":"sero3202","toMail":"","toSysMail":"trigger@applet.ifttt.com","isWindows":["Windows"],"loginTime":"2021-05-18 21:45","notCheckOnly":true,"isClose":false,"isMobile":true,"dareSec":2}
[2021-05-19T14:26:22.683] [INFO] system - 【テスト】
[2021-05-19T14:26:22.688] [INFO] system - 2021-05-18 21:45:00にすでに到達
[2021-05-19T14:26:22.692] [INFO] system - ログイン処理想定時間到達
[2021-05-19T14:26:23.000] [INFO] system - ブラウザ起動後準備完了
[2021-05-19T14:26:25.807] [INFO] system - ログインページに移動完了
[2021-05-19T14:26:25.823] [INFO] system - 混線なし
[2021-05-19T14:26:30.459] [INFO] system - ログイン完了
[2021-05-19T14:26:30.472] [INFO] system - 混線なし
[2021-05-19T14:26:30.484] [INFO] system - 「２部前売チケット整理番号券」の存在を確認(.table #ticket-413608)
[2021-05-19T14:26:30.486] [INFO] system - 2021-05-18 22:00にすでに到達
[2021-05-19T14:26:30.487] [INFO] system - 購入処理想定時間到達
[2021-05-19T14:26:30.487] [INFO] system - <成績時間カウント開始>
[2021-05-19T14:26:30.488] [INFO] system - 購入可能状態確認start(1回目)
[2021-05-19T14:26:32.692] [INFO] system - 購入可能状態確認end
[2021-05-19T14:26:32.693] [INFO] system - 枚数選択start(1回目)
[2021-05-19T14:26:34.695] [INFO] system - 枚数選択時に明示的に2秒待機
[2021-05-19T14:26:34.696] [INFO] system - 1枚目選択開始
[2021-05-19T14:26:34.756] [INFO] system - 1枚目選択終了
[2021-05-19T14:26:38.852] [INFO] system - 枚数選択end
[2021-05-19T14:26:38.853] [INFO] system - 決済処理start(1回目)
[2021-05-19T14:26:38.853] [INFO] system - 購入処理確定開始(freeBuy:false)
[2021-05-19T14:26:38.854] [INFO] system - 購入処理開始(有料)
[2021-05-19T14:26:38.965] [INFO] system - 規約に同意クリック
[2021-05-19T14:26:38.966] [INFO] system - 【テスト:決済ロジック】
[2021-05-19T14:26:38.967] [INFO] system - テスト処理完了
[2021-05-19T14:26:38.968] [INFO] system - <現在時刻：Wed May 19 2021 14:26:38 GMT+0900／成績：8.48秒>
[2021-05-19T14:26:53.710] [INFO] system - 【Windows版起動】
[2021-05-19T14:26:53.712] [INFO] system - キック：{"---1---":"====== BasicSetting ======","mainUrl":"https://t.livepocket.jp/","loginUrl":"https://t.livepocket.jp/login?acroot=header-new_p_u_nl","mypageUrl":"https://t.livepocket.jp/my_top","autoLogin":false,"confUser":"chiaochiao.sonmi@gmail.com","confPass":"sero3202","targetUrl":"https://t.livepocket.jp/e/wakkuru0520/","targetTicket":null,"targetName":"２部前売チケット整理番号券","targetNumber":"1","storeTypeId":"002","startTime":"2021-05-18 22:00","isBrowse":false,"isFree":false,"isCredit":false,"isTest":true,"isLanguage":"ja","isStage":false,"isJamCheck":true,"isMailSend":false,"---2---":"====== MailSetting(GmailOnly) ======","fromMail":"sugachan.tectec@gmail.com","fromMailPass":"sero3202","toMail":"","toSysMail":"trigger@applet.ifttt.com","isWindows":["Windows"],"loginTime":"2021-05-18 21:45","notCheckOnly":true,"isClose":false,"isMobile":true,"dareSec":2}
[2021-05-19T14:26:53.724] [INFO] system - 【テスト】
[2021-05-19T14:26:53.729] [INFO] system - 2021-05-18 21:45:00にすでに到達
[2021-05-19T14:26:53.731] [INFO] system - ログイン処理想定時間到達
[2021-05-19T14:26:54.288] [INFO] system - ブラウザ起動後準備完了
[2021-05-19T14:26:56.972] [INFO] system - ログインページに移動完了
[2021-05-19T14:26:56.987] [INFO] system - 混線なし
[2021-05-19T14:27:02.004] [INFO] system - ログイン完了
[2021-05-19T14:27:02.020] [INFO] system - 混線なし
[2021-05-19T14:27:02.033] [INFO] system - 「２部前売チケット整理番号券」の存在を確認(.table #ticket-413608)
[2021-05-19T14:27:02.034] [INFO] system - 2021-05-18 22:00にすでに到達
[2021-05-19T14:27:02.035] [INFO] system - 購入処理想定時間到達
[2021-05-19T14:27:02.035] [INFO] system - <成績時間カウント開始>
[2021-05-19T14:27:02.035] [INFO] system - 購入可能状態確認start(1回目)
[2021-05-19T14:27:04.103] [INFO] system - 購入可能状態確認end
[2021-05-19T14:27:04.105] [INFO] system - 枚数選択start(1回目)
[2021-05-19T14:27:06.106] [INFO] system - 枚数選択時に明示的に2秒待機
[2021-05-19T14:27:06.107] [INFO] system - 1枚目選択開始
[2021-05-19T14:27:06.166] [INFO] system - 1枚目選択終了
[2021-05-19T14:27:12.039] [INFO] system - 枚数選択end
[2021-05-19T14:27:12.039] [INFO] system - 決済処理start(1回目)
[2021-05-19T14:27:12.040] [INFO] system - 購入処理確定開始(freeBuy:false)
[2021-05-19T14:27:12.040] [INFO] system - 購入処理開始(有料)
[2021-05-19T14:27:12.164] [INFO] system - 規約に同意クリック
[2021-05-19T14:27:12.164] [INFO] system - 【テスト:決済ロジック】
[2021-05-19T14:27:12.166] [INFO] system - テスト処理完了
[2021-05-19T14:27:12.167] [INFO] system - <現在時刻：Wed May 19 2021 14:27:12 GMT+0900／成績：10.132秒>
[2021-05-19T14:27:20.998] [INFO] system - 【Windows版起動】
[2021-05-19T14:27:20.999] [INFO] system - キック：{"---1---":"====== BasicSetting ======","mainUrl":"https://t.livepocket.jp/","loginUrl":"https://t.livepocket.jp/login?acroot=header-new_p_u_nl","mypageUrl":"https://t.livepocket.jp/my_top","autoLogin":false,"confUser":"chiaochiao.sonmi@gmail.com","confPass":"sero3202","targetUrl":"https://t.livepocket.jp/e/wakkuru0520/","targetTicket":null,"targetName":"２部前売チケット整理番号券","targetNumber":"1","storeTypeId":"002","startTime":"2021-05-18 22:00","isBrowse":false,"isFree":false,"isCredit":false,"isTest":true,"isLanguage":"ja","isStage":false,"isJamCheck":true,"isMailSend":false,"---2---":"====== MailSetting(GmailOnly) ======","fromMail":"sugachan.tectec@gmail.com","fromMailPass":"sero3202","toMail":"","toSysMail":"trigger@applet.ifttt.com","isWindows":["Windows"],"loginTime":"2021-05-18 21:45","notCheckOnly":true,"isClose":false,"isMobile":true,"dareSec":2}
[2021-05-19T14:27:21.011] [INFO] system - 【テスト】
[2021-05-19T14:27:21.017] [INFO] system - 2021-05-18 21:45:00にすでに到達
[2021-05-19T14:27:21.020] [INFO] system - ログイン処理想定時間到達
[2021-05-19T14:27:21.287] [INFO] system - ブラウザ起動後準備完了
[2021-05-19T14:27:24.508] [INFO] system - ログインページに移動完了
[2021-05-19T14:27:24.522] [INFO] system - 混線なし
[2021-05-19T14:27:29.112] [INFO] system - ログイン完了
[2021-05-19T14:27:29.121] [INFO] system - 混線なし
[2021-05-19T14:27:29.144] [INFO] system - 「２部前売チケット整理番号券」の存在を確認(.table #ticket-413608)
[2021-05-19T14:27:29.149] [INFO] system - 2021-05-18 22:00にすでに到達
[2021-05-19T14:27:29.151] [INFO] system - 購入処理想定時間到達
[2021-05-19T14:27:29.151] [INFO] system - <成績時間カウント開始>
[2021-05-19T14:27:29.151] [INFO] system - 購入可能状態確認start(1回目)
[2021-05-19T14:27:31.199] [INFO] system - 購入可能状態確認end
[2021-05-19T14:27:31.201] [INFO] system - 枚数選択start(1回目)
[2021-05-19T14:27:33.203] [INFO] system - 枚数選択時に明示的に2秒待機
[2021-05-19T14:27:33.205] [INFO] system - 1枚目選択開始
[2021-05-19T14:27:33.268] [INFO] system - 1枚目選択終了
[2021-05-19T14:27:39.134] [INFO] system - 枚数選択end
[2021-05-19T14:27:39.134] [INFO] system - 決済処理start(1回目)
[2021-05-19T14:27:39.135] [INFO] system - 購入処理確定開始(freeBuy:false)
[2021-05-19T14:27:39.135] [INFO] system - 購入処理開始(有料)
[2021-05-19T14:27:39.262] [INFO] system - 規約に同意クリック
[2021-05-19T14:27:39.262] [INFO] system - 【テスト:決済ロジック】
[2021-05-19T14:27:39.263] [INFO] system - テスト処理完了
[2021-05-19T14:27:39.264] [INFO] system - <現在時刻：Wed May 19 2021 14:27:39 GMT+0900／成績：10.113秒>
