[2021-09-10T21:31:41.629] [INFO] system - キック：{"isWindows":["Windows"],"---1---":"====== BasicSetting ======","mypageUrl":"https://t.livepocket.jp/my_top","autoLogin":false,"confUser":"dabame8549@mi166.com","confPass":"6yjAWLhCxVT2","testUser":"sugachan.tectec@gmail.com","testPass":"6yjAWLhCxVT2","targetUrl":"https://t.livepocket.jp/e/nagoya0911/","targetName":"３部前売チケット整理番号券","targetNumber":"1","storeTypeId":"002","loginTime":"2021-09-10 22:45","startTime":"2021-09-10 23:00","isBrowse":false,"isTest":false,"isJamCheck":true,"isCredit":false,"isMailSend":false,"notCheckOnly":true,"isClose":false,"isMobile":true,"dareSec":0,"isConnect":true,"isLogger":true,"advSec":-250,"isOrigin":true,"isOriginCancel":false,"jamTryCnt":10,"---2---":"====== MailSetting(GmailOnly) ======","fromMail":"sugachan.tectec@gmail.com","fromMailPass":"sero3202","toMail":"","toSysMail":"trigger@applet.ifttt.com"}
[2021-09-10T21:31:41.634] [INFO] system - 【本番】
[2021-09-10T21:31:41.639] [INFO] system - 2021-09-10 22:45:00までログイン処理待機中...
[2021-09-10T21:33:04.177] [INFO] system - キック：{"isWindows":["Windows"],"---1---":"====== BasicSetting ======","mypageUrl":"https://t.livepocket.jp/my_top","autoLogin":false,"confUser":"dabame8549@mi166.com","confPass":"6yjAWLhCxVT2","testUser":"sugachan.tectec@gmail.com","testPass":"6yjAWLhCxVT2","targetUrl":"https://t.livepocket.jp/e/nagoya0911/","targetName":"３部前売チケット整理番号券","targetNumber":"1","storeTypeId":"002","loginTime":"2021-09-10 22:45","startTime":"2021-09-10 23:00","isBrowse":false,"isTest":false,"isJamCheck":true,"isCredit":false,"isMailSend":false,"notCheckOnly":true,"isClose":false,"isMobile":true,"dareSec":0,"isConnect":true,"isLogger":true,"advSec":-250,"isOrigin":true,"isOriginCancel":false,"jamTryCnt":10,"---2---":"====== MailSetting(GmailOnly) ======","fromMail":"sugachan.tectec@gmail.com","fromMailPass":"sero3202","toMail":"","toSysMail":"trigger@applet.ifttt.com"}
[2021-09-10T21:33:04.181] [INFO] system - 【本番】
[2021-09-10T21:33:04.186] [INFO] system - 2021-09-10 22:45:00までログイン処理待機中...
[2021-09-10T21:33:09.476] [INFO] system - キック：{"isWindows":["Windows"],"---1---":"====== BasicSetting ======","mypageUrl":"https://t.livepocket.jp/my_top","autoLogin":false,"confUser":"natipo5714@mom2kid.com","confPass":"6yjAWLhCxVT2","testUser":"sugachan.tectec@gmail.com","testPass":"6yjAWLhCxVT2","targetUrl":"https://t.livepocket.jp/e/nagoya0911/","targetName":"３部前売チケット整理番号券","targetNumber":"1","storeTypeId":"002","loginTime":"2021-09-10 22:45","startTime":"2021-09-10 23:00","isBrowse":false,"isTest":false,"isJamCheck":true,"isCredit":false,"isMailSend":false,"notCheckOnly":true,"isClose":false,"isMobile":true,"dareSec":0,"isConnect":true,"isLogger":true,"advSec":-253,"isOrigin":true,"isOriginCancel":false,"jamTryCnt":10,"---2---":"====== MailSetting(GmailOnly) ======","fromMail":"sugachan.tectec@gmail.com","fromMailPass":"sero3202","toMail":"","toSysMail":"trigger@applet.ifttt.com"}
[2021-09-10T21:33:09.480] [INFO] system - 【本番】
[2021-09-10T21:33:09.483] [INFO] system - 2021-09-10 22:45:00までログイン処理待機中...
[2021-09-10T22:45:00.089] [INFO] system - ログイン処理想定時間到達
[2021-09-10T22:45:00.089] [INFO] system - ログイン処理想定時間到達
[2021-09-10T22:45:00.793] [INFO] system - ブラウザ起動後準備完了
[2021-09-10T22:45:00.868] [INFO] system - ブラウザ起動後準備完了
[2021-09-10T22:45:06.422] [INFO] system - ログインページに移動完了
[2021-09-10T22:45:06.619] [INFO] system - ログインページに移動完了
[2021-09-10T22:45:09.088] [INFO] system - ログイン完了
[2021-09-10T22:45:09.099] [INFO] system - 混線なし
[2021-09-10T22:45:09.131] [INFO] system - 「３部前売チケット整理番号券」の存在を確認(.table #ticket-503271)
[2021-09-10T22:45:09.322] [INFO] system - ログイン完了
[2021-09-10T22:45:09.333] [INFO] system - 混線なし
[2021-09-10T22:45:09.360] [INFO] system - 「３部前売チケット整理番号券」の存在を確認(.table #ticket-503271)
[2021-09-10T22:45:12.005] [INFO] system - .table #ticket-503271ロック外し開始
[2021-09-10T22:45:12.016] [INFO] system - 1セット選択終了
[2021-09-10T22:45:12.019] [INFO] system - 2021-09-10 22:59:29までページバック待機中...
[2021-09-10T22:45:12.251] [INFO] system - .table #ticket-503271ロック外し開始
[2021-09-10T22:45:12.263] [INFO] system - 1セット選択終了
[2021-09-10T22:45:12.266] [INFO] system - 2021-09-10 22:59:29までページバック待機中...
[2021-09-10T22:59:29.782] [INFO] system - 前ページへ移動
[2021-09-10T22:59:29.782] [INFO] system - 前ページへ移動
[2021-09-10T22:59:31.222] [INFO] system - 2021-09-10 22:59:59まで購入処理待機中...
[2021-09-10T22:59:31.586] [INFO] system - 2021-09-10 22:59:59まで購入処理待機中...
[2021-09-10T22:59:59.757] [INFO] system - 購入処理想定時間到達
[2021-09-10T22:59:59.758] [INFO] system - <成績時間カウント開始>
[2021-09-10T22:59:59.757] [INFO] system - 購入処理想定時間到達
[2021-09-10T22:59:59.758] [INFO] system - <成績時間カウント開始>
[2021-09-10T22:59:59.758] [INFO] system - 購入可能状態確認start(1回目)
[2021-09-10T22:59:59.759] [INFO] system - 購入可能状態確認start(1回目)
[2021-09-10T22:59:59.759] [INFO] system - 次ページへ移動
[2021-09-10T22:59:59.759] [INFO] system - 次ページへ移動
[2021-09-10T23:00:08.791] [INFO] system - 購入可能状態確認end
[2021-09-10T23:00:08.792] [INFO] system - 枚数選択start(1回目)
[2021-09-10T23:00:08.793] [INFO] system - 購入クリック処理1回目
[2021-09-10T23:00:08.799] [INFO] system - 購入クリック処理2回目
[2021-09-10T23:00:08.802] [INFO] system - 購入クリック処理3回目
[2021-09-10T23:00:08.805] [INFO] system - 購入クリック処理4回目
[2021-09-10T23:00:08.810] [INFO] system - 購入クリック処理5回目
[2021-09-10T23:00:08.813] [INFO] system - 購入クリック処理6回目
[2021-09-10T23:00:08.815] [INFO] system - 購入クリック処理7回目
[2021-09-10T23:00:08.818] [INFO] system - 購入クリック処理8回目
[2021-09-10T23:00:08.820] [INFO] system - 購入クリック処理9回目
[2021-09-10T23:00:08.822] [INFO] system - 購入クリック処理10回目
[2021-09-10T23:00:08.824] [INFO] system - 購入クリック処理11回目
[2021-09-10T23:00:08.827] [INFO] system - 購入クリック処理12回目
[2021-09-10T23:00:08.829] [INFO] system - 購入クリック処理13回目
[2021-09-10T23:00:08.831] [INFO] system - 購入クリック処理14回目
[2021-09-10T23:00:08.833] [INFO] system - 購入クリック処理15回目
[2021-09-10T23:00:08.835] [INFO] system - 購入クリック処理16回目
[2021-09-10T23:00:08.837] [INFO] system - 購入クリック処理17回目
[2021-09-10T23:00:08.839] [INFO] system - 購入クリック処理18回目
[2021-09-10T23:00:08.842] [INFO] system - 購入クリック処理19回目
[2021-09-10T23:00:08.844] [INFO] system - 購入クリック処理20回目
[2021-09-10T23:00:08.846] [INFO] system - 購入クリック処理21回目
[2021-09-10T23:00:08.848] [INFO] system - 購入クリック処理22回目
[2021-09-10T23:00:08.850] [INFO] system - 購入クリック処理23回目
[2021-09-10T23:00:08.852] [INFO] system - 購入クリック処理24回目
[2021-09-10T23:00:08.854] [INFO] system - 購入クリック処理25回目
[2021-09-10T23:00:08.856] [INFO] system - 購入クリック処理26回目
[2021-09-10T23:00:08.858] [INFO] system - 購入クリック処理27回目
[2021-09-10T23:00:08.860] [INFO] system - 購入クリック処理28回目
[2021-09-10T23:00:08.862] [INFO] system - 購入クリック処理29回目
[2021-09-10T23:00:08.864] [INFO] system - 購入クリック処理30回目
[2021-09-10T23:00:08.868] [INFO] system - 購入クリック処理31回目
[2021-09-10T23:00:08.870] [INFO] system - 購入クリック処理32回目
[2021-09-10T23:00:08.872] [INFO] system - 購入クリック処理33回目
[2021-09-10T23:00:08.874] [INFO] system - 購入クリック処理34回目
[2021-09-10T23:00:08.876] [INFO] system - 購入クリック処理35回目
[2021-09-10T23:00:08.878] [INFO] system - 購入クリック処理36回目
[2021-09-10T23:00:08.880] [INFO] system - 購入クリック処理37回目
[2021-09-10T23:00:08.882] [INFO] system - 購入クリック処理38回目
[2021-09-10T23:00:08.884] [INFO] system - 購入クリック処理39回目
[2021-09-10T23:00:08.886] [INFO] system - 購入クリック処理40回目
[2021-09-10T23:00:08.888] [INFO] system - 購入クリック処理41回目
[2021-09-10T23:00:08.890] [INFO] system - 購入クリック処理42回目
[2021-09-10T23:00:08.892] [INFO] system - 購入クリック処理43回目
[2021-09-10T23:00:08.894] [INFO] system - 購入クリック処理44回目
[2021-09-10T23:00:08.895] [INFO] system - 購入クリック処理45回目
[2021-09-10T23:00:08.897] [INFO] system - 購入クリック処理46回目
[2021-09-10T23:00:08.899] [INFO] system - 購入クリック処理47回目
[2021-09-10T23:00:08.901] [INFO] system - 購入クリック処理48回目
[2021-09-10T23:00:08.903] [INFO] system - 購入クリック処理49回目
[2021-09-10T23:00:08.905] [INFO] system - 購入クリック処理50回目
[2021-09-10T23:00:08.907] [INFO] system - 購入クリック処理51回目
[2021-09-10T23:00:08.909] [INFO] system - 購入クリック処理52回目
[2021-09-10T23:00:08.911] [INFO] system - 購入クリック処理53回目
[2021-09-10T23:00:08.912] [INFO] system - 購入クリック処理54回目
[2021-09-10T23:00:08.914] [INFO] system - 購入クリック処理55回目
[2021-09-10T23:00:08.917] [INFO] system - 購入クリック処理56回目
[2021-09-10T23:00:08.921] [INFO] system - 購入可能状態確認end
[2021-09-10T23:00:08.922] [INFO] system - 枚数選択start(1回目)
[2021-09-10T23:00:08.922] [INFO] system - 購入クリック処理1回目
[2021-09-10T23:00:08.926] [INFO] system - 購入クリック処理2回目
[2021-09-10T23:00:08.928] [INFO] system - 購入クリック処理3回目
[2021-09-10T23:00:08.930] [INFO] system - 購入クリック処理4回目
[2021-09-10T23:00:08.932] [INFO] system - 購入クリック処理5回目
[2021-09-10T23:00:08.934] [INFO] system - 購入クリック処理6回目
[2021-09-10T23:00:08.935] [INFO] system - 購入クリック処理7回目
[2021-09-10T23:00:08.937] [INFO] system - 購入クリック処理8回目
[2021-09-10T23:00:08.939] [INFO] system - 購入クリック処理9回目
[2021-09-10T23:00:08.941] [INFO] system - 購入クリック処理10回目
[2021-09-10T23:00:08.942] [INFO] system - 購入クリック処理11回目
[2021-09-10T23:00:08.944] [INFO] system - 購入クリック処理12回目
[2021-09-10T23:00:08.945] [INFO] system - 購入クリック処理13回目
[2021-09-10T23:00:08.947] [INFO] system - 購入クリック処理14回目
[2021-09-10T23:00:08.949] [INFO] system - 購入クリック処理15回目
[2021-09-10T23:00:08.951] [INFO] system - 購入クリック処理16回目
[2021-09-10T23:00:08.953] [INFO] system - 購入クリック処理17回目
[2021-09-10T23:00:08.955] [INFO] system - 購入クリック処理18回目
[2021-09-10T23:00:08.957] [INFO] system - 購入クリック処理19回目
[2021-09-10T23:00:08.959] [INFO] system - 購入クリック処理20回目
[2021-09-10T23:00:08.961] [INFO] system - 購入クリック処理21回目
[2021-09-10T23:00:08.962] [INFO] system - 購入クリック処理22回目
[2021-09-10T23:00:08.964] [INFO] system - 購入クリック処理23回目
[2021-09-10T23:00:08.966] [INFO] system - 購入クリック処理24回目
[2021-09-10T23:00:08.967] [INFO] system - 購入クリック処理25回目
[2021-09-10T23:00:08.969] [INFO] system - 購入クリック処理26回目
[2021-09-10T23:00:08.972] [INFO] system - 購入クリック処理27回目
[2021-09-10T23:00:08.974] [INFO] system - 購入クリック処理28回目
[2021-09-10T23:00:08.976] [INFO] system - 購入クリック処理29回目
[2021-09-10T23:00:08.977] [INFO] system - 購入クリック処理30回目
[2021-09-10T23:00:08.979] [INFO] system - 購入クリック処理31回目
[2021-09-10T23:00:08.981] [INFO] system - 購入クリック処理32回目
[2021-09-10T23:00:08.983] [INFO] system - 購入クリック処理33回目
[2021-09-10T23:00:08.985] [INFO] system - 購入クリック処理34回目
[2021-09-10T23:00:08.987] [INFO] system - 購入クリック処理35回目
[2021-09-10T23:00:08.989] [INFO] system - 購入クリック処理36回目
[2021-09-10T23:00:08.991] [INFO] system - 購入クリック処理37回目
[2021-09-10T23:00:08.992] [INFO] system - 購入クリック処理38回目
[2021-09-10T23:00:08.994] [INFO] system - 購入クリック処理39回目
[2021-09-10T23:00:08.996] [INFO] system - 購入クリック処理40回目
[2021-09-10T23:00:08.998] [INFO] system - 購入クリック処理41回目
[2021-09-10T23:00:08.999] [INFO] system - 購入クリック処理42回目
[2021-09-10T23:00:09.001] [INFO] system - 購入クリック処理43回目
[2021-09-10T23:00:09.003] [INFO] system - 購入クリック処理44回目
[2021-09-10T23:00:09.004] [INFO] system - 購入クリック処理45回目
[2021-09-10T23:00:09.006] [INFO] system - 購入クリック処理46回目
[2021-09-10T23:00:09.008] [INFO] system - 購入クリック処理47回目
[2021-09-10T23:00:09.010] [INFO] system - 購入クリック処理48回目
[2021-09-10T23:00:09.012] [INFO] system - 購入クリック処理49回目
[2021-09-10T23:00:09.013] [INFO] system - 購入クリック処理50回目
[2021-09-10T23:00:09.015] [INFO] system - 購入クリック処理51回目
[2021-09-10T23:00:09.016] [INFO] system - 購入クリック処理52回目
[2021-09-10T23:00:09.018] [INFO] system - 購入クリック処理53回目
[2021-09-10T23:00:09.019] [INFO] system - 購入クリック処理54回目
[2021-09-10T23:00:09.021] [INFO] system - 購入クリック処理55回目
[2021-09-10T23:00:09.023] [INFO] system - 購入クリック処理56回目
[2021-09-10T23:00:09.024] [INFO] system - 購入クリック処理57回目
[2021-09-10T23:00:09.026] [INFO] system - 購入クリック処理58回目
[2021-09-10T23:00:09.028] [INFO] system - 購入クリック処理59回目
[2021-09-10T23:00:09.030] [INFO] system - 購入クリック処理60回目
[2021-09-10T23:00:09.031] [INFO] system - 購入クリック処理61回目
[2021-09-10T23:00:09.033] [INFO] system - 購入クリック処理62回目
[2021-09-10T23:00:09.034] [INFO] system - 購入クリック処理63回目
[2021-09-10T23:00:09.036] [INFO] system - 購入クリック処理64回目
[2021-09-10T23:00:09.037] [INFO] system - 購入クリック処理65回目
[2021-09-10T23:00:09.039] [INFO] system - 購入クリック処理66回目
[2021-09-10T23:00:09.041] [INFO] system - 購入クリック処理67回目
[2021-09-10T23:00:09.042] [INFO] system - 購入クリック処理68回目
[2021-09-10T23:00:09.044] [INFO] system - 購入クリック処理69回目
[2021-09-10T23:00:09.045] [INFO] system - 購入クリック処理70回目
[2021-09-10T23:00:09.047] [INFO] system - 購入クリック処理71回目
[2021-09-10T23:00:09.048] [INFO] system - 購入クリック処理72回目
[2021-09-10T23:00:09.050] [INFO] system - 購入クリック処理73回目
[2021-09-10T23:00:09.052] [INFO] system - 購入クリック処理74回目
[2021-09-10T23:00:09.055] [INFO] system - 購入クリック処理75回目
[2021-09-10T23:00:09.056] [INFO] system - 購入クリック処理76回目
[2021-09-10T23:00:09.058] [INFO] system - 購入クリック処理77回目
[2021-09-10T23:00:09.060] [INFO] system - 購入クリック処理78回目
[2021-09-10T23:00:09.062] [INFO] system - 購入クリック処理79回目
[2021-09-10T23:00:09.063] [INFO] system - 購入クリック処理80回目
[2021-09-10T23:00:09.065] [INFO] system - 購入クリック処理81回目
[2021-09-10T23:00:09.066] [INFO] system - 購入クリック処理82回目
[2021-09-10T23:00:09.068] [INFO] system - 購入クリック処理83回目
[2021-09-10T23:00:09.069] [INFO] system - 購入クリック処理84回目
[2021-09-10T23:00:09.071] [INFO] system - 購入クリック処理85回目
[2021-09-10T23:00:09.073] [INFO] system - 購入クリック処理86回目
[2021-09-10T23:00:09.074] [INFO] system - 購入クリック処理87回目
[2021-09-10T23:00:09.076] [INFO] system - 購入クリック処理88回目
[2021-09-10T23:00:09.077] [INFO] system - 購入クリック処理89回目
[2021-09-10T23:00:09.079] [INFO] system - 購入クリック処理90回目
[2021-09-10T23:00:09.080] [INFO] system - 購入クリック処理91回目
[2021-09-10T23:00:09.082] [INFO] system - 購入クリック処理92回目
[2021-09-10T23:00:09.083] [INFO] system - 購入クリック処理93回目
[2021-09-10T23:00:09.085] [INFO] system - 購入クリック処理94回目
[2021-09-10T23:00:09.086] [INFO] system - 購入クリック処理95回目
[2021-09-10T23:00:09.088] [INFO] system - 購入クリック処理96回目
[2021-09-10T23:00:09.090] [INFO] system - 購入クリック処理97回目
[2021-09-10T23:00:09.091] [INFO] system - 購入クリック処理98回目
[2021-09-10T23:00:09.093] [INFO] system - 購入クリック処理99回目
[2021-09-10T23:00:09.095] [INFO] system - 購入クリック処理100回目
[2021-09-10T23:00:09.096] [INFO] system - 購入クリック処理101回目
[2021-09-10T23:00:09.098] [INFO] system - 購入クリック処理102回目
[2021-09-10T23:00:09.099] [INFO] system - 購入クリック処理103回目
[2021-09-10T23:00:09.101] [INFO] system - 購入クリック処理104回目
[2021-09-10T23:00:09.102] [INFO] system - 購入クリック処理105回目
[2021-09-10T23:00:09.104] [INFO] system - 購入クリック処理106回目
[2021-09-10T23:00:09.107] [INFO] system - 購入クリック処理107回目
[2021-09-10T23:00:09.108] [INFO] system - 購入クリック処理108回目
[2021-09-10T23:00:09.110] [INFO] system - 購入クリック処理109回目
[2021-09-10T23:00:09.112] [INFO] system - 購入クリック処理110回目
[2021-09-10T23:00:09.115] [INFO] system - 購入クリック処理111回目
[2021-09-10T23:00:09.117] [INFO] system - 購入クリック処理112回目
[2021-09-10T23:00:09.119] [INFO] system - 購入クリック処理113回目
[2021-09-10T23:00:09.121] [INFO] system - 購入クリック処理114回目
[2021-09-10T23:00:09.123] [INFO] system - 購入クリック処理115回目
[2021-09-10T23:00:09.125] [INFO] system - 購入クリック処理116回目
[2021-09-10T23:00:09.127] [INFO] system - 購入クリック処理117回目
[2021-09-10T23:00:09.129] [INFO] system - 購入クリック処理118回目
[2021-09-10T23:00:09.130] [INFO] system - 購入クリック処理119回目
[2021-09-10T23:00:09.132] [INFO] system - 購入クリック処理120回目
[2021-09-10T23:00:09.133] [INFO] system - 購入クリック処理121回目
[2021-09-10T23:00:09.135] [INFO] system - 購入クリック処理122回目
[2021-09-10T23:00:09.137] [INFO] system - 購入クリック処理123回目
[2021-09-10T23:00:09.139] [INFO] system - 購入クリック処理124回目
[2021-09-10T23:00:09.140] [INFO] system - 購入クリック処理125回目
[2021-09-10T23:00:09.142] [INFO] system - 購入クリック処理126回目
[2021-09-10T23:00:09.143] [INFO] system - 購入クリック処理127回目
[2021-09-10T23:00:09.145] [INFO] system - 購入クリック処理128回目
[2021-09-10T23:00:09.147] [INFO] system - 購入クリック処理129回目
[2021-09-10T23:00:09.148] [INFO] system - 購入クリック処理130回目
[2021-09-10T23:00:09.149] [INFO] system - 購入クリック処理131回目
[2021-09-10T23:00:09.151] [INFO] system - 購入クリック処理132回目
[2021-09-10T23:00:09.153] [INFO] system - 購入クリック処理133回目
[2021-09-10T23:00:09.154] [INFO] system - 購入クリック処理134回目
[2021-09-10T23:00:09.156] [INFO] system - 購入クリック処理135回目
[2021-09-10T23:00:09.157] [INFO] system - 購入クリック処理136回目
[2021-09-10T23:00:09.161] [INFO] system - 購入クリック処理137回目
[2021-09-10T23:00:17.195] [ERROR] system - Error: Execution context was destroyed, most likely because of a navigation.
    at rewriteError (C:\source\yt-scraping\node_modules\puppeteer\lib\cjs\puppeteer\common\ExecutionContext.js:261:23)
    at runMicrotasks (<anonymous>)
    at processTicksAndRejections (internal/process/task_queues.js:93:5)
    at async ExecutionContext._evaluateInternal (C:\source\yt-scraping\node_modules\puppeteer\lib\cjs\puppeteer\common\ExecutionContext.js:215:61)
    at async ExecutionContext.evaluate (C:\source\yt-scraping\node_modules\puppeteer\lib\cjs\puppeteer\common\ExecutionContext.js:106:16)
    at async targetPageBuySelect (C:\source\yt-scraping\func-lpkick\lpkick.js:879:11)
    at async newBrowser (C:\source\yt-scraping\func-lpkick\lpkick.js:496:11)
    at async C:\source\yt-scraping\func-lpkick\lpkick.js:113:5
[2021-09-10T23:00:17.468] [INFO] system - 枚数選択end(1回目)
[2021-09-10T23:00:17.580] [INFO] system - 決済処理ページ遷移済
[2021-09-10T23:00:17.580] [INFO] system - 決済処理start(1回目)
[2021-09-10T23:00:17.581] [INFO] system - 購入処理確定開始(freeBuy:true)
[2021-09-10T23:00:17.581] [INFO] system - 購入処理開始(無料)
[2021-09-10T23:00:17.610] [INFO] system - 規約に同意クリック
[2021-09-10T23:00:18.664] [ERROR] system - Error: Execution context was destroyed, most likely because of a navigation.
    at rewriteError (C:\source\yt-scraping\node_modules\puppeteer\lib\cjs\puppeteer\common\ExecutionContext.js:261:23)
    at runMicrotasks (<anonymous>)
    at processTicksAndRejections (internal/process/task_queues.js:93:5)
    at async ExecutionContext._evaluateInternal (C:\source\yt-scraping\node_modules\puppeteer\lib\cjs\puppeteer\common\ExecutionContext.js:215:61)
    at async ExecutionContext.evaluate (C:\source\yt-scraping\node_modules\puppeteer\lib\cjs\puppeteer\common\ExecutionContext.js:106:16)
    at async targetPageBuySelect (C:\source\yt-scraping\func-lpkick\lpkick.js:879:11)
    at async newBrowser (C:\source\yt-scraping\func-lpkick\lpkick.js:496:11)
    at async C:\source\yt-scraping\func-lpkick\lpkick.js:113:5
[2021-09-10T23:00:19.050] [INFO] system - 枚数選択end(1回目)
[2021-09-10T23:00:19.059] [INFO] system - 決済処理ページ遷移済
[2021-09-10T23:00:19.060] [INFO] system - 決済処理start(1回目)
[2021-09-10T23:00:19.060] [INFO] system - 購入処理確定開始(freeBuy:true)
[2021-09-10T23:00:19.061] [INFO] system - 購入処理開始(無料)
[2021-09-10T23:00:19.075] [INFO] system - 規約に同意クリック
[2021-09-10T23:00:28.628] [INFO] system - (検証用)成功1
[2021-09-10T23:00:28.635] [INFO] system - (検証用)成功2
[2021-09-10T23:00:28.640] [INFO] system - (検証用)成功3
[2021-09-10T23:00:28.641] [INFO] system - 決済処理end
[2021-09-10T23:00:28.643] [INFO] system - <現在時刻：Fri Sep 10 2021 23:00:28 GMT+0900／成績：28.884秒>
[2021-09-10T23:00:28.644] [INFO] system - <成績：28.885秒>
[2021-09-10T23:00:29.146] [INFO] system - (検証用)成功1
[2021-09-10T23:00:29.154] [INFO] system - (検証用)成功2
[2021-09-10T23:00:29.160] [INFO] system - (検証用)成功3
[2021-09-10T23:00:29.161] [INFO] system - 決済処理end
[2021-09-10T23:00:29.163] [INFO] system - <現在時刻：Fri Sep 10 2021 23:00:29 GMT+0900／成績：29.405秒>
[2021-09-10T23:00:29.164] [INFO] system - <成績：29.406秒>
