[2021-03-28T15:37:43.031] [INFO] system - 【Windows版起動】
[2021-03-28T15:37:43.033] [INFO] system - キック：{"---1---":"====== BasicSetting ======","mainUrl":"https://t.livepocket.jp/","loginUrl":"https://t.livepocket.jp/login?acroot=header-new_p_u_nl","mypageUrl":"https://t.livepocket.jp/my_top","autoLogin":false,"confUser":"kisyan3333@gmail.com","confPass":"6yjAWLhCxVT2","targetUrl":"https://t.livepocket.jp/e/r_o-n/","targetTicket":null,"targetName":"3/28（日）無料整理券","targetNumber":"1","storeTypeId":"002","startTime":"2021-03-25 23:00","isBrowse":true,"isFree":false,"isCredit":false,"isTest":true,"isLanguage":"ja","isStage":false,"isJamCheck":true,"isMailSend":false,"---2---":"====== MailSetting(GmailOnly) ======","fromMail":"sugachan.tectec@gmail.com","fromMailPass":"sero3202","toMail":"","toSysMail":"trigger@applet.ifttt.com","isWindows":["Windows"],"loginTime":"2021-03-25 22:45","notCheckOnly":true,"isClose":false}
[2021-03-28T15:37:43.048] [INFO] system - 【テスト】
[2021-03-28T15:37:43.053] [INFO] system - 2021-03-25 22:45:00にすでに到達
[2021-03-28T15:37:43.056] [INFO] system - ログイン処理想定時間到達
[2021-03-28T15:37:44.790] [INFO] system - ブラウザ起動後準備完了
[2021-03-28T15:37:49.434] [INFO] system - ログインページに移動完了
[2021-03-28T15:37:53.577] [INFO] system - ログイン完了
[2021-03-28T15:37:53.713] [INFO] system - 「3/28（日）無料整理券」の存在を確認(.table #ticket-379183)
[2021-03-28T15:37:53.715] [INFO] system - 2021-03-25 23:00にすでに到達
[2021-03-28T15:37:53.715] [INFO] system - 購入処理想定時間到達
[2021-03-28T15:37:53.731] [INFO] system - <成績時間カウント開始>
[2021-03-28T15:37:53.732] [INFO] system - 購入可能状態確認start(1回目)
[2021-03-28T15:37:55.890] [INFO] system - 購入可能状態確認end
[2021-03-28T15:37:55.890] [INFO] system - 枚数選択start(1回目)
[2021-03-28T15:37:59.434] [INFO] system - 枚数選択end
[2021-03-28T15:37:59.435] [INFO] system - 決済処理start(1回目)
[2021-03-28T15:37:59.436] [INFO] system - 購入処理確定開始(freeBuy:true)
[2021-03-28T15:37:59.436] [INFO] system - 購入処理開始(無料)
[2021-03-28T15:37:59.466] [INFO] system - 混線なし
[2021-03-28T15:37:59.490] [INFO] system - 規約に同意クリック
[2021-03-28T15:37:59.494] [INFO] system - 決済処理end
[2021-03-28T15:37:59.495] [INFO] system - <成績：5.763秒>
[2021-03-28T15:38:45.071] [INFO] system - 【Windows版起動】
[2021-03-28T15:38:45.073] [INFO] system - キック：{"---1---":"====== BasicSetting ======","mainUrl":"https://t.livepocket.jp/","loginUrl":"https://t.livepocket.jp/login?acroot=header-new_p_u_nl","mypageUrl":"https://t.livepocket.jp/my_top","autoLogin":false,"confUser":"kisyan3333@gmail.com","confPass":"6yjAWLhCxVT2","targetUrl":"https://t.livepocket.jp/e/r_o-n/","targetTicket":null,"targetName":"3/28（日）無料整理券","targetNumber":"1","storeTypeId":"002","startTime":"2021-03-25 23:00","isBrowse":true,"isFree":false,"isCredit":false,"isTest":false,"isLanguage":"ja","isStage":false,"isJamCheck":true,"isMailSend":false,"---2---":"====== MailSetting(GmailOnly) ======","fromMail":"sugachan.tectec@gmail.com","fromMailPass":"sero3202","toMail":"","toSysMail":"trigger@applet.ifttt.com","isWindows":["Windows"],"loginTime":"2021-03-25 22:45","notCheckOnly":true,"isClose":false}
[2021-03-28T15:38:45.090] [INFO] system - 2021-03-25 22:45:00にすでに到達
[2021-03-28T15:38:45.092] [INFO] system - ログイン処理想定時間到達
[2021-03-28T15:38:45.529] [INFO] system - ブラウザ起動後準備完了
[2021-03-28T15:38:49.962] [INFO] system - ログインページに移動完了
[2021-03-28T15:38:53.893] [INFO] system - ログイン完了
[2021-03-28T15:38:53.912] [INFO] system - 「3/28（日）無料整理券」の存在を確認(.table #ticket-379183)
[2021-03-28T15:38:53.914] [INFO] system - 2021-03-25 23:00にすでに到達
[2021-03-28T15:38:53.927] [INFO] system - 購入処理想定時間到達
[2021-03-28T15:38:53.927] [INFO] system - <成績時間カウント開始>
[2021-03-28T15:38:53.928] [INFO] system - 購入可能状態確認start(1回目)
[2021-03-28T15:38:56.084] [INFO] system - 購入可能状態確認end
[2021-03-28T15:38:56.084] [INFO] system - 枚数選択start(1回目)
[2021-03-28T15:39:01.687] [INFO] system - 枚数選択end
[2021-03-28T15:39:01.687] [INFO] system - 決済処理start(1回目)
[2021-03-28T15:39:01.688] [INFO] system - 購入処理確定開始(freeBuy:true)
[2021-03-28T15:39:01.688] [INFO] system - 購入処理開始(無料)
[2021-03-28T15:39:01.704] [INFO] system - 混線なし
[2021-03-28T15:39:01.720] [INFO] system - 規約に同意クリック
[2021-03-28T15:39:05.255] [INFO] system - 決済処理end
[2021-03-28T15:39:05.256] [ERROR] system - ReferenceError: wasBuy is not defined
    at newBrowser (C:\source\yt-scraping\func-lpkick\lpkick.js:331:9)
    at runMicrotasks (<anonymous>)
    at processTicksAndRejections (internal/process/task_queues.js:93:5)
    at async C:\source\yt-scraping\func-lpkick\lpkick.js:111:5
[2021-03-28T15:39:05.258] [ERROR] system - ReferenceError: page is not defined
    at newBrowser (C:\source\yt-scraping\func-lpkick\lpkick.js:379:5)
    at runMicrotasks (<anonymous>)
    at processTicksAndRejections (internal/process/task_queues.js:93:5)
    at async C:\source\yt-scraping\func-lpkick\lpkick.js:111:5
[2021-03-28T15:50:37.923] [INFO] system - 【Windows版起動】
[2021-03-28T15:50:37.925] [INFO] system - キック：{"---1---":"====== BasicSetting ======","mainUrl":"https://t.livepocket.jp/","loginUrl":"https://t.livepocket.jp/login?acroot=header-new_p_u_nl","mypageUrl":"https://t.livepocket.jp/my_top","autoLogin":false,"confUser":"kisyan3333@gmail.com","confPass":"6yjAWLhCxVT2","targetUrl":"https://t.livepocket.jp/e/r_o-n/","targetTicket":null,"targetName":"3/28（日）無料整理券","targetNumber":"1","storeTypeId":"002","startTime":"2021-03-25 23:00","isBrowse":true,"isFree":false,"isCredit":false,"isTest":true,"isLanguage":"ja","isStage":false,"isJamCheck":true,"isMailSend":false,"---2---":"====== MailSetting(GmailOnly) ======","fromMail":"sugachan.tectec@gmail.com","fromMailPass":"sero3202","toMail":"","toSysMail":"trigger@applet.ifttt.com","isWindows":["Windows"],"loginTime":"2021-03-25 22:45","notCheckOnly":true,"isClose":false}
[2021-03-28T15:50:37.939] [INFO] system - 【テスト】
[2021-03-28T15:50:37.944] [INFO] system - 2021-03-25 22:45:00にすでに到達
[2021-03-28T15:50:37.947] [INFO] system - ログイン処理想定時間到達
[2021-03-28T15:50:38.387] [INFO] system - ブラウザ起動後準備完了
[2021-03-28T15:50:43.102] [INFO] system - ログインページに移動完了
[2021-03-28T15:50:47.256] [INFO] system - ログイン完了
[2021-03-28T15:50:47.308] [INFO] system - 「3/28（日）無料整理券」の存在を確認(.table #ticket-379183)
[2021-03-28T15:50:47.309] [INFO] system - 2021-03-25 23:00にすでに到達
[2021-03-28T15:50:47.311] [INFO] system - 購入処理想定時間到達
[2021-03-28T15:50:47.311] [INFO] system - <成績時間カウント開始>
[2021-03-28T15:50:47.312] [INFO] system - 購入可能状態確認start(1回目)
[2021-03-28T15:50:49.583] [INFO] system - 購入可能状態確認end
[2021-03-28T15:50:49.585] [ERROR] system - Error
    at newBrowser (C:\source\yt-scraping\func-lpkick\lpkick.js:290:13)
    at runMicrotasks (<anonymous>)
    at processTicksAndRejections (internal/process/task_queues.js:93:5)
    at async C:\source\yt-scraping\func-lpkick\lpkick.js:111:5
[2021-03-28T15:50:49.599] [ERROR] system - ReferenceError: page is not defined
    at newBrowser (C:\source\yt-scraping\func-lpkick\lpkick.js:384:5)
    at runMicrotasks (<anonymous>)
    at processTicksAndRejections (internal/process/task_queues.js:93:5)
    at async C:\source\yt-scraping\func-lpkick\lpkick.js:111:5
[2021-03-28T15:51:30.346] [INFO] system - 【Windows版起動】
[2021-03-28T15:51:30.347] [INFO] system - キック：{"---1---":"====== BasicSetting ======","mainUrl":"https://t.livepocket.jp/","loginUrl":"https://t.livepocket.jp/login?acroot=header-new_p_u_nl","mypageUrl":"https://t.livepocket.jp/my_top","autoLogin":false,"confUser":"kisyan3333@gmail.com","confPass":"6yjAWLhCxVT2","targetUrl":"https://t.livepocket.jp/e/r_o-n/","targetTicket":null,"targetName":"3/28（日）無料整理券","targetNumber":"1","storeTypeId":"002","startTime":"2021-03-25 23:00","isBrowse":true,"isFree":false,"isCredit":false,"isTest":true,"isLanguage":"ja","isStage":false,"isJamCheck":true,"isMailSend":false,"---2---":"====== MailSetting(GmailOnly) ======","fromMail":"sugachan.tectec@gmail.com","fromMailPass":"sero3202","toMail":"","toSysMail":"trigger@applet.ifttt.com","isWindows":["Windows"],"loginTime":"2021-03-25 22:45","notCheckOnly":true,"isClose":false}
[2021-03-28T15:51:30.361] [INFO] system - 【テスト】
[2021-03-28T15:51:30.366] [INFO] system - 2021-03-25 22:45:00にすでに到達
[2021-03-28T15:51:30.382] [INFO] system - ログイン処理想定時間到達
[2021-03-28T15:51:30.813] [INFO] system - ブラウザ起動後準備完了
[2021-03-28T15:51:35.203] [INFO] system - ログインページに移動完了
[2021-03-28T15:51:38.730] [INFO] system - ログイン完了
[2021-03-28T15:51:38.759] [INFO] system - 「3/28（日）無料整理券」の存在を確認(.table #ticket-379183)
[2021-03-28T15:51:38.761] [INFO] system - 2021-03-25 23:00にすでに到達
[2021-03-28T15:51:38.765] [INFO] system - 購入処理想定時間到達
[2021-03-28T15:51:38.778] [INFO] system - <成績時間カウント開始>
[2021-03-28T15:51:38.779] [INFO] system - 購入可能状態確認start(1回目)
[2021-03-28T15:51:40.889] [INFO] system - 購入可能状態確認end
[2021-03-28T15:51:40.977] [ERROR] system - Error
    at newBrowser (C:\source\yt-scraping\func-lpkick\lpkick.js:290:13)
    at runMicrotasks (<anonymous>)
    at processTicksAndRejections (internal/process/task_queues.js:93:5)
    at async C:\source\yt-scraping\func-lpkick\lpkick.js:111:5
[2021-03-28T15:51:40.979] [ERROR] system - ReferenceError: page is not defined
    at newBrowser (C:\source\yt-scraping\func-lpkick\lpkick.js:384:5)
    at runMicrotasks (<anonymous>)
    at processTicksAndRejections (internal/process/task_queues.js:93:5)
    at async C:\source\yt-scraping\func-lpkick\lpkick.js:111:5
[2021-03-28T15:54:25.758] [INFO] system - 【Windows版起動】
[2021-03-28T15:54:25.760] [INFO] system - キック：{"---1---":"====== BasicSetting ======","mainUrl":"https://t.livepocket.jp/","loginUrl":"https://t.livepocket.jp/login?acroot=header-new_p_u_nl","mypageUrl":"https://t.livepocket.jp/my_top","autoLogin":false,"confUser":"kisyan3333@gmail.com","confPass":"6yjAWLhCxVT2","targetUrl":"https://t.livepocket.jp/e/r_o-n/","targetTicket":null,"targetName":"3/28（日）無料整理券","targetNumber":"1","storeTypeId":"002","startTime":"2021-03-25 23:00","isBrowse":true,"isFree":false,"isCredit":false,"isTest":true,"isLanguage":"ja","isStage":false,"isJamCheck":true,"isMailSend":false,"---2---":"====== MailSetting(GmailOnly) ======","fromMail":"sugachan.tectec@gmail.com","fromMailPass":"sero3202","toMail":"","toSysMail":"trigger@applet.ifttt.com","isWindows":["Windows"],"loginTime":"2021-03-25 22:45","notCheckOnly":true,"isClose":false}
[2021-03-28T15:54:25.773] [INFO] system - 【テスト】
[2021-03-28T15:54:25.778] [INFO] system - 2021-03-25 22:45:00にすでに到達
[2021-03-28T15:54:25.780] [INFO] system - ログイン処理想定時間到達
[2021-03-28T15:54:26.221] [INFO] system - ブラウザ起動後準備完了
[2021-03-28T15:54:30.885] [INFO] system - ログインページに移動完了
[2021-03-28T15:54:34.887] [INFO] system - ログイン完了
[2021-03-28T15:54:35.040] [INFO] system - 「3/28（日）無料整理券」の存在を確認(.table #ticket-379183)
[2021-03-28T15:54:35.042] [INFO] system - 2021-03-25 23:00にすでに到達
[2021-03-28T15:54:35.043] [INFO] system - 購入処理想定時間到達
[2021-03-28T15:54:35.057] [INFO] system - <成績時間カウント開始>
[2021-03-28T15:54:35.057] [INFO] system - 購入可能状態確認start(1回目)
[2021-03-28T15:54:37.517] [INFO] system - 購入可能状態確認end
[2021-03-28T15:54:37.544] [ERROR] system - Error
    at newBrowser (C:\source\yt-scraping\func-lpkick\lpkick.js:292:13)
    at runMicrotasks (<anonymous>)
    at processTicksAndRejections (internal/process/task_queues.js:93:5)
    at async C:\source\yt-scraping\func-lpkick\lpkick.js:111:5
[2021-03-28T15:54:37.545] [ERROR] system - ReferenceError: page is not defined
    at newBrowser (C:\source\yt-scraping\func-lpkick\lpkick.js:386:5)
    at runMicrotasks (<anonymous>)
    at processTicksAndRejections (internal/process/task_queues.js:93:5)
    at async C:\source\yt-scraping\func-lpkick\lpkick.js:111:5
[2021-03-28T15:55:36.994] [INFO] system - 【Windows版起動】
[2021-03-28T15:55:36.995] [INFO] system - キック：{"---1---":"====== BasicSetting ======","mainUrl":"https://t.livepocket.jp/","loginUrl":"https://t.livepocket.jp/login?acroot=header-new_p_u_nl","mypageUrl":"https://t.livepocket.jp/my_top","autoLogin":false,"confUser":"kisyan3333@gmail.com","confPass":"6yjAWLhCxVT2","targetUrl":"https://t.livepocket.jp/e/r_o-n/","targetTicket":null,"targetName":"3/28（日）無料整理券","targetNumber":"1","storeTypeId":"002","startTime":"2021-03-25 23:00","isBrowse":true,"isFree":false,"isCredit":false,"isTest":true,"isLanguage":"ja","isStage":false,"isJamCheck":true,"isMailSend":false,"---2---":"====== MailSetting(GmailOnly) ======","fromMail":"sugachan.tectec@gmail.com","fromMailPass":"sero3202","toMail":"","toSysMail":"trigger@applet.ifttt.com","isWindows":["Windows"],"loginTime":"2021-03-25 22:45","notCheckOnly":true,"isClose":false}
[2021-03-28T15:55:37.010] [INFO] system - 【テスト】
[2021-03-28T15:55:37.015] [INFO] system - 2021-03-25 22:45:00にすでに到達
[2021-03-28T15:55:37.018] [INFO] system - ログイン処理想定時間到達
[2021-03-28T15:55:37.446] [INFO] system - ブラウザ起動後準備完了
[2021-03-28T15:55:42.108] [INFO] system - ログインページに移動完了
[2021-03-28T15:55:46.185] [INFO] system - ログイン完了
[2021-03-28T15:55:46.238] [INFO] system - 「3/28（日）無料整理券」の存在を確認(.table #ticket-379183)
[2021-03-28T15:55:46.240] [INFO] system - 2021-03-25 23:00にすでに到達
[2021-03-28T15:55:46.241] [INFO] system - 購入処理想定時間到達
[2021-03-28T15:55:46.241] [INFO] system - <成績時間カウント開始>
[2021-03-28T15:55:46.242] [INFO] system - 購入可能状態確認start(1回目)
[2021-03-28T15:55:48.832] [INFO] system - 購入可能状態確認end
[2021-03-28T15:55:48.847] [ERROR] system - Error
    at newBrowser (C:\source\yt-scraping\func-lpkick\lpkick.js:294:13)
    at runMicrotasks (<anonymous>)
    at processTicksAndRejections (internal/process/task_queues.js:93:5)
    at async C:\source\yt-scraping\func-lpkick\lpkick.js:111:5
[2021-03-28T15:55:48.851] [ERROR] system - ReferenceError: page is not defined
    at newBrowser (C:\source\yt-scraping\func-lpkick\lpkick.js:388:5)
    at runMicrotasks (<anonymous>)
    at processTicksAndRejections (internal/process/task_queues.js:93:5)
    at async C:\source\yt-scraping\func-lpkick\lpkick.js:111:5
[2021-03-28T15:59:06.796] [INFO] system - 【Windows版起動】
[2021-03-28T15:59:06.798] [INFO] system - キック：{"---1---":"====== BasicSetting ======","mainUrl":"https://t.livepocket.jp/","loginUrl":"https://t.livepocket.jp/login?acroot=header-new_p_u_nl","mypageUrl":"https://t.livepocket.jp/my_top","autoLogin":false,"confUser":"kisyan3333@gmail.com","confPass":"6yjAWLhCxVT2","targetUrl":"https://t.livepocket.jp/e/r_o-n/","targetTicket":null,"targetName":"3/28（日）無料整理券","targetNumber":"1","storeTypeId":"002","startTime":"2021-03-25 23:00","isBrowse":true,"isFree":false,"isCredit":false,"isTest":true,"isLanguage":"ja","isStage":false,"isJamCheck":true,"isMailSend":false,"---2---":"====== MailSetting(GmailOnly) ======","fromMail":"sugachan.tectec@gmail.com","fromMailPass":"sero3202","toMail":"","toSysMail":"trigger@applet.ifttt.com","isWindows":["Windows"],"loginTime":"2021-03-25 22:45","notCheckOnly":true,"isClose":false}
[2021-03-28T15:59:06.812] [INFO] system - 【テスト】
[2021-03-28T15:59:06.817] [INFO] system - 2021-03-25 22:45:00にすでに到達
[2021-03-28T15:59:06.833] [INFO] system - ログイン処理想定時間到達
[2021-03-28T15:59:07.251] [INFO] system - ブラウザ起動後準備完了
[2021-03-28T15:59:11.769] [INFO] system - ログインページに移動完了
[2021-03-28T15:59:15.985] [INFO] system - ログイン完了
[2021-03-28T15:59:16.126] [INFO] system - 「3/28（日）無料整理券」の存在を確認(.table #ticket-379183)
[2021-03-28T15:59:16.127] [INFO] system - 2021-03-25 23:00にすでに到達
[2021-03-28T15:59:16.129] [INFO] system - 購入処理想定時間到達
[2021-03-28T15:59:16.143] [INFO] system - <成績時間カウント開始>
[2021-03-28T15:59:16.143] [INFO] system - 購入可能状態確認start(1回目)
[2021-03-28T15:59:18.120] [INFO] system - 購入可能状態確認end
[2021-03-28T15:59:18.143] [ERROR] system - Error
    at newBrowser (C:\source\yt-scraping\func-lpkick\lpkick.js:294:13)
    at runMicrotasks (<anonymous>)
    at processTicksAndRejections (internal/process/task_queues.js:93:5)
    at async C:\source\yt-scraping\func-lpkick\lpkick.js:111:5
[2021-03-28T15:59:18.144] [ERROR] system - ReferenceError: page is not defined
    at newBrowser (C:\source\yt-scraping\func-lpkick\lpkick.js:388:5)
    at runMicrotasks (<anonymous>)
    at processTicksAndRejections (internal/process/task_queues.js:93:5)
    at async C:\source\yt-scraping\func-lpkick\lpkick.js:111:5
[2021-03-28T15:59:56.721] [INFO] system - 【Windows版起動】
[2021-03-28T15:59:56.722] [INFO] system - キック：{"---1---":"====== BasicSetting ======","mainUrl":"https://t.livepocket.jp/","loginUrl":"https://t.livepocket.jp/login?acroot=header-new_p_u_nl","mypageUrl":"https://t.livepocket.jp/my_top","autoLogin":false,"confUser":"kisyan3333@gmail.com","confPass":"6yjAWLhCxVT2","targetUrl":"https://t.livepocket.jp/e/r_o-n/","targetTicket":null,"targetName":"3/28（日）無料整理券","targetNumber":"1","storeTypeId":"002","startTime":"2021-03-25 23:00","isBrowse":true,"isFree":false,"isCredit":false,"isTest":true,"isLanguage":"ja","isStage":false,"isJamCheck":true,"isMailSend":false,"---2---":"====== MailSetting(GmailOnly) ======","fromMail":"sugachan.tectec@gmail.com","fromMailPass":"sero3202","toMail":"","toSysMail":"trigger@applet.ifttt.com","isWindows":["Windows"],"loginTime":"2021-03-25 22:45","notCheckOnly":true,"isClose":false}
[2021-03-28T15:59:56.737] [INFO] system - 【テスト】
[2021-03-28T15:59:56.742] [INFO] system - 2021-03-25 22:45:00にすでに到達
[2021-03-28T15:59:56.744] [INFO] system - ログイン処理想定時間到達
[2021-03-28T15:59:57.156] [INFO] system - ブラウザ起動後準備完了
[2021-03-28T16:00:02.071] [INFO] system - ログインページに移動完了
[2021-03-28T16:00:06.391] [INFO] system - ログイン完了
[2021-03-28T16:00:06.532] [INFO] system - 「3/28（日）無料整理券」の存在を確認(.table #ticket-379183)
[2021-03-28T16:00:06.533] [INFO] system - 2021-03-25 23:00にすでに到達
[2021-03-28T16:00:06.536] [INFO] system - 購入処理想定時間到達
[2021-03-28T16:00:06.548] [INFO] system - <成績時間カウント開始>
[2021-03-28T16:00:06.548] [INFO] system - 購入可能状態確認start(1回目)
[2021-03-28T16:00:08.739] [INFO] system - 購入可能状態確認end
[2021-03-28T16:00:08.746] [ERROR] system - Error
    at newBrowser (C:\source\yt-scraping\func-lpkick\lpkick.js:294:13)
    at runMicrotasks (<anonymous>)
    at processTicksAndRejections (internal/process/task_queues.js:93:5)
    at async C:\source\yt-scraping\func-lpkick\lpkick.js:111:5
[2021-03-28T16:00:08.747] [ERROR] system - ReferenceError: page is not defined
    at newBrowser (C:\source\yt-scraping\func-lpkick\lpkick.js:388:5)
    at runMicrotasks (<anonymous>)
    at processTicksAndRejections (internal/process/task_queues.js:93:5)
    at async C:\source\yt-scraping\func-lpkick\lpkick.js:111:5
[2021-03-28T16:02:45.971] [INFO] system - 【Windows版起動】
[2021-03-28T16:02:45.973] [INFO] system - キック：{"---1---":"====== BasicSetting ======","mainUrl":"https://t.livepocket.jp/","loginUrl":"https://t.livepocket.jp/login?acroot=header-new_p_u_nl","mypageUrl":"https://t.livepocket.jp/my_top","autoLogin":false,"confUser":"kisyan3333@gmail.com","confPass":"6yjAWLhCxVT2","targetUrl":"https://t.livepocket.jp/e/r_o-n/","targetTicket":null,"targetName":"3/28（日）無料整理券","targetNumber":"1","storeTypeId":"002","startTime":"2021-03-25 23:00","isBrowse":true,"isFree":false,"isCredit":false,"isTest":true,"isLanguage":"ja","isStage":false,"isJamCheck":true,"isMailSend":false,"---2---":"====== MailSetting(GmailOnly) ======","fromMail":"sugachan.tectec@gmail.com","fromMailPass":"sero3202","toMail":"","toSysMail":"trigger@applet.ifttt.com","isWindows":["Windows"],"loginTime":"2021-03-25 22:45","notCheckOnly":true,"isClose":false}
[2021-03-28T16:02:45.986] [INFO] system - 【テスト】
[2021-03-28T16:02:45.991] [INFO] system - 2021-03-25 22:45:00にすでに到達
[2021-03-28T16:02:45.993] [INFO] system - ログイン処理想定時間到達
[2021-03-28T16:02:46.414] [INFO] system - ブラウザ起動後準備完了
[2021-03-28T16:02:51.079] [INFO] system - ログインページに移動完了
[2021-03-28T16:02:55.075] [INFO] system - ログイン完了
[2021-03-28T16:02:55.099] [INFO] system - 「3/28（日）無料整理券」の存在を確認(.table #ticket-379183)
[2021-03-28T16:02:55.101] [INFO] system - 2021-03-25 23:00にすでに到達
[2021-03-28T16:02:55.102] [INFO] system - 購入処理想定時間到達
[2021-03-28T16:02:55.103] [INFO] system - <成績時間カウント開始>
[2021-03-28T16:02:55.103] [INFO] system - 購入可能状態確認start(1回目)
[2021-03-28T16:02:57.694] [INFO] system - 購入可能状態確認end
[2021-03-28T16:02:57.710] [ERROR] system - Error
    at newBrowser (C:\source\yt-scraping\func-lpkick\lpkick.js:294:13)
    at runMicrotasks (<anonymous>)
    at processTicksAndRejections (internal/process/task_queues.js:93:5)
    at async C:\source\yt-scraping\func-lpkick\lpkick.js:111:5
[2021-03-28T16:02:57.713] [ERROR] system - ReferenceError: page is not defined
    at newBrowser (C:\source\yt-scraping\func-lpkick\lpkick.js:388:5)
    at runMicrotasks (<anonymous>)
    at processTicksAndRejections (internal/process/task_queues.js:93:5)
    at async C:\source\yt-scraping\func-lpkick\lpkick.js:111:5
[2021-03-28T16:03:46.647] [INFO] system - 【Windows版起動】
[2021-03-28T16:03:46.649] [INFO] system - キック：{"---1---":"====== BasicSetting ======","mainUrl":"https://t.livepocket.jp/","loginUrl":"https://t.livepocket.jp/login?acroot=header-new_p_u_nl","mypageUrl":"https://t.livepocket.jp/my_top","autoLogin":false,"confUser":"kisyan3333@gmail.com","confPass":"6yjAWLhCxVT2","targetUrl":"https://t.livepocket.jp/e/r_o-n/","targetTicket":null,"targetName":"3/28（日）無料整理券","targetNumber":"1","storeTypeId":"002","startTime":"2021-03-25 23:00","isBrowse":true,"isFree":false,"isCredit":false,"isTest":true,"isLanguage":"ja","isStage":false,"isJamCheck":true,"isMailSend":false,"---2---":"====== MailSetting(GmailOnly) ======","fromMail":"sugachan.tectec@gmail.com","fromMailPass":"sero3202","toMail":"","toSysMail":"trigger@applet.ifttt.com","isWindows":["Windows"],"loginTime":"2021-03-25 22:45","notCheckOnly":true,"isClose":false}
[2021-03-28T16:03:46.663] [INFO] system - 【テスト】
[2021-03-28T16:03:46.669] [INFO] system - 2021-03-25 22:45:00にすでに到達
[2021-03-28T16:03:46.684] [INFO] system - ログイン処理想定時間到達
[2021-03-28T16:03:47.096] [INFO] system - ブラウザ起動後準備完了
[2021-03-28T16:03:51.748] [INFO] system - ログインページに移動完了
[2021-03-28T16:03:55.520] [INFO] system - ログイン完了
[2021-03-28T16:03:55.555] [INFO] system - 「3/28（日）無料整理券」の存在を確認(.table #ticket-379183)
[2021-03-28T16:03:55.556] [INFO] system - 2021-03-25 23:00にすでに到達
[2021-03-28T16:03:55.558] [INFO] system - 購入処理想定時間到達
[2021-03-28T16:03:55.558] [INFO] system - <成績時間カウント開始>
[2021-03-28T16:03:55.558] [INFO] system - 購入可能状態確認start(1回目)
[2021-03-28T16:03:58.091] [INFO] system - 購入可能状態確認end
[2021-03-28T16:03:58.106] [ERROR] system - Error
    at newBrowser (C:\source\yt-scraping\func-lpkick\lpkick.js:294:13)
    at runMicrotasks (<anonymous>)
    at processTicksAndRejections (internal/process/task_queues.js:93:5)
    at async C:\source\yt-scraping\func-lpkick\lpkick.js:111:5
[2021-03-28T16:03:58.109] [ERROR] system - ReferenceError: page is not defined
    at newBrowser (C:\source\yt-scraping\func-lpkick\lpkick.js:388:5)
    at runMicrotasks (<anonymous>)
    at processTicksAndRejections (internal/process/task_queues.js:93:5)
    at async C:\source\yt-scraping\func-lpkick\lpkick.js:111:5
[2021-03-28T16:17:34.106] [INFO] system - 【Windows版起動】
[2021-03-28T16:17:34.107] [INFO] system - キック：{"---1---":"====== BasicSetting ======","mainUrl":"https://t.livepocket.jp/","loginUrl":"https://t.livepocket.jp/login?acroot=header-new_p_u_nl","mypageUrl":"https://t.livepocket.jp/my_top","autoLogin":false,"confUser":"kisyan3333@gmail.com","confPass":"6yjAWLhCxVT2","targetUrl":"https://t.livepocket.jp/e/r_o-n/","targetTicket":null,"targetName":"3/28（日）無料整理券","targetNumber":"1","storeTypeId":"002","startTime":"2021-03-25 23:00","isBrowse":true,"isFree":false,"isCredit":false,"isTest":true,"isLanguage":"ja","isStage":false,"isJamCheck":true,"isMailSend":false,"---2---":"====== MailSetting(GmailOnly) ======","fromMail":"sugachan.tectec@gmail.com","fromMailPass":"sero3202","toMail":"","toSysMail":"trigger@applet.ifttt.com","isWindows":["Windows"],"loginTime":"2021-03-25 22:45","notCheckOnly":true,"isClose":false}
[2021-03-28T16:17:34.122] [INFO] system - 【テスト】
[2021-03-28T16:17:34.127] [INFO] system - 2021-03-25 22:45:00にすでに到達
[2021-03-28T16:17:34.129] [INFO] system - ログイン処理想定時間到達
[2021-03-28T16:17:34.540] [INFO] system - ブラウザ起動後準備完了
[2021-03-28T16:17:39.357] [INFO] system - ログインページに移動完了
[2021-03-28T16:17:43.495] [INFO] system - ログイン完了
[2021-03-28T16:17:43.654] [INFO] system - 「3/28（日）無料整理券」の存在を確認(.table #ticket-379183)
[2021-03-28T16:17:43.655] [INFO] system - 2021-03-25 23:00にすでに到達
[2021-03-28T16:17:43.658] [INFO] system - 購入処理想定時間到達
[2021-03-28T16:17:43.670] [INFO] system - <成績時間カウント開始>
[2021-03-28T16:17:43.670] [INFO] system - 購入可能状態確認start(1回目)
[2021-03-28T16:17:45.858] [INFO] system - 購入可能状態確認end
[2021-03-28T16:17:45.859] [INFO] system - 枚数選択start(1回目)
[2021-03-28T16:18:15.543] [ERROR] system - Error: Protocol error (Runtime.callFunctionOn): Target closed.
    at C:\source\yt-scraping\node_modules\puppeteer\lib\cjs\puppeteer\common\Connection.js:208:63
    at new Promise (<anonymous>)
    at CDPSession.send (C:\source\yt-scraping\node_modules\puppeteer\lib\cjs\puppeteer\common\Connection.js:207:16)
    at ExecutionContext._evaluateInternal (C:\source\yt-scraping\node_modules\puppeteer\lib\cjs\puppeteer\common\ExecutionContext.js:200:50)
    at ExecutionContext.evaluateHandle (C:\source\yt-scraping\node_modules\puppeteer\lib\cjs\puppeteer\common\ExecutionContext.js:151:21)
    at WaitTask.rerun (C:\source\yt-scraping\node_modules\puppeteer\lib\cjs\puppeteer\common\DOMWorld.js:498:71)
    at runMicrotasks (<anonymous>)
    at processTicksAndRejections (internal/process/task_queues.js:93:5)
[2021-03-28T16:18:15.545] [ERROR] system - ReferenceError: page is not defined
    at newBrowser (C:\source\yt-scraping\func-lpkick\lpkick.js:385:5)
    at runMicrotasks (<anonymous>)
    at processTicksAndRejections (internal/process/task_queues.js:93:5)
    at async C:\source\yt-scraping\func-lpkick\lpkick.js:111:5
[2021-03-28T16:18:58.101] [INFO] system - 【Windows版起動】
[2021-03-28T16:18:58.102] [INFO] system - キック：{"---1---":"====== BasicSetting ======","mainUrl":"https://t.livepocket.jp/","loginUrl":"https://t.livepocket.jp/login?acroot=header-new_p_u_nl","mypageUrl":"https://t.livepocket.jp/my_top","autoLogin":false,"confUser":"kisyan3333@gmail.com","confPass":"6yjAWLhCxVT2","targetUrl":"https://t.livepocket.jp/e/himafes0403/","targetTicket":null,"targetName":"【EX THEATER】通常チケット整理番号券","targetNumber":"1","storeTypeId":"002","startTime":"2021-03-25 23:00","isBrowse":true,"isFree":false,"isCredit":false,"isTest":true,"isLanguage":"ja","isStage":false,"isJamCheck":true,"isMailSend":false,"---2---":"====== MailSetting(GmailOnly) ======","fromMail":"sugachan.tectec@gmail.com","fromMailPass":"sero3202","toMail":"","toSysMail":"trigger@applet.ifttt.com","isWindows":["Windows"],"loginTime":"2021-03-25 22:45","notCheckOnly":true,"isClose":false}
[2021-03-28T16:18:58.118] [INFO] system - 【テスト】
[2021-03-28T16:18:58.123] [INFO] system - 2021-03-25 22:45:00にすでに到達
[2021-03-28T16:18:58.126] [INFO] system - ログイン処理想定時間到達
[2021-03-28T16:18:58.540] [INFO] system - ブラウザ起動後準備完了
[2021-03-28T16:19:03.054] [INFO] system - ログインページに移動完了
[2021-03-28T16:19:07.221] [INFO] system - ログイン完了
[2021-03-28T16:19:07.244] [INFO] system - 「【EX THEATER】通常チケット整理番号券」の存在を確認(.table #ticket-382154)
[2021-03-28T16:19:07.246] [INFO] system - 2021-03-25 23:00にすでに到達
[2021-03-28T16:19:07.250] [INFO] system - 購入処理想定時間到達
[2021-03-28T16:19:07.264] [INFO] system - <成績時間カウント開始>
[2021-03-28T16:19:07.265] [INFO] system - 購入可能状態確認start(1回目)
[2021-03-28T16:19:09.421] [INFO] system - 購入可能状態確認end
[2021-03-28T16:19:09.422] [INFO] system - 枚数選択start(1回目)
[2021-03-28T16:19:12.833] [INFO] system - 枚数選択end
[2021-03-28T16:19:12.833] [INFO] system - 決済処理start(1回目)
[2021-03-28T16:19:12.834] [INFO] system - 購入処理確定開始(freeBuy:true)
[2021-03-28T16:19:12.834] [INFO] system - 購入処理開始(無料)
[2021-03-28T16:19:12.862] [INFO] system - 混線なし
[2021-03-28T16:19:12.877] [INFO] system - 規約に同意クリック
[2021-03-28T16:19:12.881] [INFO] system - 決済処理start(2回目)
[2021-03-28T16:19:12.882] [INFO] system - 購入処理確定開始(freeBuy:true)
[2021-03-28T16:19:12.882] [INFO] system - 購入処理開始(無料)
[2021-03-28T16:19:12.893] [INFO] system - 混線なし
[2021-03-28T16:19:12.909] [INFO] system - 規約に同意クリック
[2021-03-28T16:19:12.914] [INFO] system - 決済処理start(3回目)
[2021-03-28T16:19:12.915] [INFO] system - 購入処理確定開始(freeBuy:true)
[2021-03-28T16:19:12.915] [INFO] system - 購入処理開始(無料)
[2021-03-28T16:19:12.928] [INFO] system - 混線なし
[2021-03-28T16:19:12.958] [INFO] system - 規約に同意クリック
[2021-03-28T16:19:12.963] [INFO] system - 決済処理start(4回目)
[2021-03-28T16:19:12.964] [INFO] system - 購入処理確定開始(freeBuy:true)
[2021-03-28T16:19:12.964] [INFO] system - 購入処理開始(無料)
[2021-03-28T16:19:12.977] [INFO] system - 混線なし
[2021-03-28T16:19:12.992] [INFO] system - 規約に同意クリック
[2021-03-28T16:19:12.996] [INFO] system - 決済処理start(5回目)
[2021-03-28T16:19:12.997] [INFO] system - 購入処理確定開始(freeBuy:true)
[2021-03-28T16:19:12.997] [INFO] system - 購入処理開始(無料)
[2021-03-28T16:19:13.012] [INFO] system - 混線なし
[2021-03-28T16:19:13.041] [INFO] system - 規約に同意クリック
[2021-03-28T16:19:13.047] [INFO] system - 決済処理start(6回目)
[2021-03-28T16:19:13.048] [INFO] system - 購入処理確定開始(freeBuy:true)
[2021-03-28T16:19:13.048] [INFO] system - 購入処理開始(無料)
[2021-03-28T16:19:13.061] [INFO] system - 混線なし
[2021-03-28T16:19:13.075] [INFO] system - 規約に同意クリック
[2021-03-28T16:19:13.079] [INFO] system - 決済処理start(7回目)
[2021-03-28T16:19:13.080] [INFO] system - 購入処理確定開始(freeBuy:true)
[2021-03-28T16:19:13.080] [INFO] system - 購入処理開始(無料)
[2021-03-28T16:19:13.093] [INFO] system - 混線なし
[2021-03-28T16:19:13.108] [INFO] system - 規約に同意クリック
[2021-03-28T16:19:13.112] [INFO] system - 決済処理start(8回目)
[2021-03-28T16:19:13.113] [INFO] system - 購入処理確定開始(freeBuy:true)
[2021-03-28T16:19:13.114] [INFO] system - 購入処理開始(無料)
[2021-03-28T16:19:13.127] [INFO] system - 混線なし
[2021-03-28T16:19:13.142] [INFO] system - 規約に同意クリック
[2021-03-28T16:19:13.147] [INFO] system - 決済処理start(9回目)
[2021-03-28T16:19:13.148] [INFO] system - 購入処理確定開始(freeBuy:true)
[2021-03-28T16:19:13.148] [INFO] system - 購入処理開始(無料)
[2021-03-28T16:19:13.159] [INFO] system - 混線なし
[2021-03-28T16:19:13.175] [INFO] system - 規約に同意クリック
[2021-03-28T16:19:13.180] [INFO] system - 決済処理start(10回目)
[2021-03-28T16:19:13.180] [INFO] system - 購入処理確定開始(freeBuy:true)
[2021-03-28T16:19:13.181] [INFO] system - 購入処理開始(無料)
[2021-03-28T16:19:13.193] [INFO] system - 混線なし
[2021-03-28T16:19:13.208] [INFO] system - 規約に同意クリック
[2021-03-28T16:19:13.213] [INFO] system - 決済処理start(11回目)
[2021-03-28T16:19:13.214] [INFO] system - 購入処理確定開始(freeBuy:true)
[2021-03-28T16:19:13.214] [INFO] system - 購入処理開始(無料)
[2021-03-28T16:19:13.227] [INFO] system - 混線なし
[2021-03-28T16:19:13.243] [INFO] system - 規約に同意クリック
[2021-03-28T16:19:13.252] [INFO] system - 決済処理start(12回目)
[2021-03-28T16:19:13.254] [INFO] system - 購入処理確定開始(freeBuy:true)
[2021-03-28T16:19:13.254] [INFO] system - 購入処理開始(無料)
[2021-03-28T16:19:13.279] [INFO] system - 混線なし
[2021-03-28T16:19:13.291] [INFO] system - 規約に同意クリック
[2021-03-28T16:19:13.295] [INFO] system - 決済処理start(13回目)
[2021-03-28T16:19:13.296] [INFO] system - 購入処理確定開始(freeBuy:true)
[2021-03-28T16:19:13.296] [INFO] system - 購入処理開始(無料)
[2021-03-28T16:19:13.310] [INFO] system - 混線なし
[2021-03-28T16:19:13.325] [INFO] system - 規約に同意クリック
[2021-03-28T16:19:13.330] [INFO] system - 決済処理start(14回目)
[2021-03-28T16:19:13.330] [INFO] system - 購入処理確定開始(freeBuy:true)
[2021-03-28T16:19:13.331] [INFO] system - 購入処理開始(無料)
[2021-03-28T16:19:13.344] [INFO] system - 混線なし
[2021-03-28T16:19:13.359] [INFO] system - 規約に同意クリック
[2021-03-28T16:19:13.364] [INFO] system - 決済処理start(15回目)
[2021-03-28T16:19:13.365] [INFO] system - 購入処理確定開始(freeBuy:true)
[2021-03-28T16:19:13.365] [INFO] system - 購入処理開始(無料)
[2021-03-28T16:19:13.377] [INFO] system - 混線なし
[2021-03-28T16:19:13.391] [INFO] system - 規約に同意クリック
[2021-03-28T16:19:13.397] [INFO] system - 決済処理start(16回目)
[2021-03-28T16:19:13.398] [INFO] system - 購入処理確定開始(freeBuy:true)
[2021-03-28T16:19:13.398] [INFO] system - 購入処理開始(無料)
[2021-03-28T16:19:13.410] [INFO] system - 混線なし
[2021-03-28T16:19:13.442] [INFO] system - 規約に同意クリック
[2021-03-28T16:19:13.447] [INFO] system - 決済処理start(17回目)
[2021-03-28T16:19:13.447] [INFO] system - 購入処理確定開始(freeBuy:true)
[2021-03-28T16:19:13.448] [INFO] system - 購入処理開始(無料)
[2021-03-28T16:19:13.459] [INFO] system - 混線なし
[2021-03-28T16:19:13.475] [INFO] system - 規約に同意クリック
[2021-03-28T16:19:13.479] [INFO] system - 決済処理start(18回目)
[2021-03-28T16:19:13.480] [INFO] system - 購入処理確定開始(freeBuy:true)
[2021-03-28T16:19:13.480] [INFO] system - 購入処理開始(無料)
[2021-03-28T16:19:13.493] [INFO] system - 混線なし
[2021-03-28T16:19:13.510] [INFO] system - 規約に同意クリック
[2021-03-28T16:19:13.514] [INFO] system - 決済処理start(19回目)
[2021-03-28T16:19:13.514] [INFO] system - 購入処理確定開始(freeBuy:true)
[2021-03-28T16:19:13.515] [INFO] system - 購入処理開始(無料)
[2021-03-28T16:19:13.527] [INFO] system - 混線なし
[2021-03-28T16:19:13.542] [INFO] system - 規約に同意クリック
[2021-03-28T16:19:13.546] [INFO] system - 決済処理start(20回目)
[2021-03-28T16:19:13.546] [INFO] system - 購入処理確定開始(freeBuy:true)
[2021-03-28T16:19:13.547] [INFO] system - 購入処理開始(無料)
[2021-03-28T16:19:13.560] [INFO] system - 混線なし
[2021-03-28T16:19:13.592] [INFO] system - 規約に同意クリック
[2021-03-28T16:19:13.597] [INFO] system - 決済処理start(21回目)
[2021-03-28T16:19:13.597] [INFO] system - 購入処理確定開始(freeBuy:true)
[2021-03-28T16:19:13.598] [INFO] system - 購入処理開始(無料)
[2021-03-28T16:19:13.610] [INFO] system - 混線なし
[2021-03-28T16:19:13.625] [INFO] system - 規約に同意クリック
[2021-03-28T16:19:13.631] [INFO] system - 決済処理start(22回目)
[2021-03-28T16:19:13.631] [INFO] system - 購入処理確定開始(freeBuy:true)
[2021-03-28T16:19:13.632] [INFO] system - 購入処理開始(無料)
[2021-03-28T16:19:13.644] [INFO] system - 混線なし
[2021-03-28T16:19:13.675] [INFO] system - 規約に同意クリック
[2021-03-28T16:19:13.677] [INFO] system - 決済処理start(23回目)
[2021-03-28T16:19:13.678] [INFO] system - 購入処理確定開始(freeBuy:true)
[2021-03-28T16:19:13.678] [INFO] system - 購入処理開始(無料)
[2021-03-28T16:19:13.694] [INFO] system - 混線なし
[2021-03-28T16:19:13.708] [INFO] system - 規約に同意クリック
[2021-03-28T16:19:13.709] [INFO] system - 決済処理start(24回目)
[2021-03-28T16:19:13.710] [INFO] system - 購入処理確定開始(freeBuy:true)
[2021-03-28T16:19:13.710] [INFO] system - 購入処理開始(無料)
[2021-03-28T16:19:13.729] [INFO] system - 混線なし
[2021-03-28T16:19:13.741] [INFO] system - 規約に同意クリック
[2021-03-28T16:19:13.743] [INFO] system - 決済処理start(25回目)
[2021-03-28T16:19:13.743] [INFO] system - 購入処理確定開始(freeBuy:true)
[2021-03-28T16:19:13.743] [INFO] system - 購入処理開始(無料)
[2021-03-28T16:19:13.759] [INFO] system - 混線なし
[2021-03-28T16:19:13.774] [INFO] system - 規約に同意クリック
[2021-03-28T16:19:13.776] [INFO] system - 決済処理start(26回目)
[2021-03-28T16:19:13.776] [INFO] system - 購入処理確定開始(freeBuy:true)
[2021-03-28T16:19:13.776] [INFO] system - 購入処理開始(無料)
[2021-03-28T16:19:13.795] [INFO] system - 混線なし
[2021-03-28T16:19:13.808] [INFO] system - 規約に同意クリック
[2021-03-28T16:19:13.811] [INFO] system - 決済処理start(27回目)
[2021-03-28T16:19:13.811] [INFO] system - 購入処理確定開始(freeBuy:true)
[2021-03-28T16:19:13.811] [INFO] system - 購入処理開始(無料)
[2021-03-28T16:19:13.829] [INFO] system - 混線なし
[2021-03-28T16:19:13.843] [INFO] system - 規約に同意クリック
[2021-03-28T16:19:13.844] [INFO] system - 決済処理start(28回目)
[2021-03-28T16:19:13.845] [INFO] system - 購入処理確定開始(freeBuy:true)
[2021-03-28T16:19:13.845] [INFO] system - 購入処理開始(無料)
[2021-03-28T16:19:13.861] [INFO] system - 混線なし
[2021-03-28T16:19:13.876] [INFO] system - 規約に同意クリック
[2021-03-28T16:19:13.878] [INFO] system - 決済処理start(29回目)
[2021-03-28T16:19:13.879] [INFO] system - 購入処理確定開始(freeBuy:true)
[2021-03-28T16:19:13.879] [INFO] system - 購入処理開始(無料)
[2021-03-28T16:19:13.895] [INFO] system - 混線なし
[2021-03-28T16:19:13.908] [INFO] system - 規約に同意クリック
[2021-03-28T16:19:13.910] [INFO] system - 決済処理start(30回目)
[2021-03-28T16:19:13.910] [INFO] system - 購入処理確定開始(freeBuy:true)
[2021-03-28T16:19:13.911] [INFO] system - 購入処理開始(無料)
[2021-03-28T16:19:13.929] [INFO] system - 混線なし
[2021-03-28T16:19:13.942] [INFO] system - 規約に同意クリック
[2021-03-28T16:19:13.949] [INFO] system - 決済処理start(31回目)
[2021-03-28T16:19:13.950] [INFO] system - 購入処理確定開始(freeBuy:true)
[2021-03-28T16:19:13.951] [INFO] system - 購入処理開始(無料)
[2021-03-28T16:19:13.980] [INFO] system - 混線なし
[2021-03-28T16:19:14.008] [INFO] system - 規約に同意クリック
[2021-03-28T16:19:14.009] [INFO] system - 決済処理start(32回目)
[2021-03-28T16:19:14.010] [INFO] system - 購入処理確定開始(freeBuy:true)
[2021-03-28T16:19:14.018] [INFO] system - 購入処理開始(無料)
[2021-03-28T16:19:14.045] [INFO] system - 混線なし
[2021-03-28T16:19:14.057] [INFO] system - 規約に同意クリック
[2021-03-28T16:19:14.060] [INFO] system - 決済処理start(33回目)
[2021-03-28T16:19:14.060] [INFO] system - 購入処理確定開始(freeBuy:true)
[2021-03-28T16:19:14.060] [INFO] system - 購入処理開始(無料)
[2021-03-28T16:19:14.077] [INFO] system - 混線なし
[2021-03-28T16:19:14.091] [INFO] system - 規約に同意クリック
[2021-03-28T16:19:14.092] [INFO] system - 決済処理start(34回目)
[2021-03-28T16:19:14.093] [INFO] system - 購入処理確定開始(freeBuy:true)
[2021-03-28T16:19:14.093] [INFO] system - 購入処理開始(無料)
[2021-03-28T16:19:14.111] [INFO] system - 混線なし
[2021-03-28T16:19:14.124] [INFO] system - 規約に同意クリック
[2021-03-28T16:19:14.127] [INFO] system - 決済処理start(35回目)
[2021-03-28T16:19:14.128] [INFO] system - 購入処理確定開始(freeBuy:true)
[2021-03-28T16:19:14.128] [INFO] system - 購入処理開始(無料)
[2021-03-28T16:19:14.144] [INFO] system - 混線なし
[2021-03-28T16:19:14.158] [INFO] system - 規約に同意クリック
[2021-03-28T16:19:14.160] [INFO] system - 決済処理start(36回目)
[2021-03-28T16:19:14.160] [INFO] system - 購入処理確定開始(freeBuy:true)
[2021-03-28T16:19:14.160] [INFO] system - 購入処理開始(無料)
[2021-03-28T16:19:14.176] [INFO] system - 混線なし
[2021-03-28T16:19:14.191] [INFO] system - 規約に同意クリック
[2021-03-28T16:19:14.193] [INFO] system - 決済処理start(37回目)
[2021-03-28T16:19:14.193] [INFO] system - 購入処理確定開始(freeBuy:true)
[2021-03-28T16:19:14.194] [INFO] system - 購入処理開始(無料)
[2021-03-28T16:19:14.210] [INFO] system - 混線なし
[2021-03-28T16:19:14.225] [INFO] system - 規約に同意クリック
[2021-03-28T16:19:14.226] [INFO] system - 決済処理start(38回目)
[2021-03-28T16:19:14.226] [INFO] system - 購入処理確定開始(freeBuy:true)
[2021-03-28T16:19:14.227] [INFO] system - 購入処理開始(無料)
[2021-03-28T16:19:14.245] [INFO] system - 混線なし
[2021-03-28T16:19:14.258] [INFO] system - 規約に同意クリック
[2021-03-28T16:19:14.259] [INFO] system - 決済処理start(39回目)
[2021-03-28T16:19:14.260] [INFO] system - 購入処理確定開始(freeBuy:true)
[2021-03-28T16:19:14.260] [INFO] system - 購入処理開始(無料)
[2021-03-28T16:19:14.278] [INFO] system - 混線なし
[2021-03-28T16:19:14.292] [INFO] system - 規約に同意クリック
[2021-03-28T16:19:14.293] [INFO] system - 決済処理start(40回目)
[2021-03-28T16:19:14.293] [INFO] system - 購入処理確定開始(freeBuy:true)
[2021-03-28T16:19:14.294] [INFO] system - 購入処理開始(無料)
[2021-03-28T16:19:14.310] [INFO] system - 混線なし
[2021-03-28T16:19:14.325] [INFO] system - 規約に同意クリック
[2021-03-28T16:19:14.327] [INFO] system - 決済処理start(41回目)
[2021-03-28T16:19:14.327] [INFO] system - 購入処理確定開始(freeBuy:true)
[2021-03-28T16:19:14.327] [INFO] system - 購入処理開始(無料)
[2021-03-28T16:19:14.343] [INFO] system - 混線なし
[2021-03-28T16:19:14.358] [INFO] system - 規約に同意クリック
[2021-03-28T16:19:14.361] [INFO] system - 決済処理start(42回目)
[2021-03-28T16:19:14.362] [INFO] system - 購入処理確定開始(freeBuy:true)
[2021-03-28T16:19:14.362] [INFO] system - 購入処理開始(無料)
[2021-03-28T16:19:14.377] [INFO] system - 混線なし
[2021-03-28T16:19:14.392] [INFO] system - 規約に同意クリック
[2021-03-28T16:19:14.394] [INFO] system - 決済処理start(43回目)
[2021-03-28T16:19:14.394] [INFO] system - 購入処理確定開始(freeBuy:true)
[2021-03-28T16:19:14.395] [INFO] system - 購入処理開始(無料)
[2021-03-28T16:19:14.411] [INFO] system - 混線なし
[2021-03-28T16:19:14.424] [INFO] system - 規約に同意クリック
[2021-03-28T16:19:14.427] [INFO] system - 決済処理start(44回目)
[2021-03-28T16:19:14.428] [INFO] system - 購入処理確定開始(freeBuy:true)
[2021-03-28T16:19:14.428] [INFO] system - 購入処理開始(無料)
[2021-03-28T16:19:14.445] [INFO] system - 混線なし
[2021-03-28T16:19:14.458] [INFO] system - 規約に同意クリック
[2021-03-28T16:19:14.461] [INFO] system - 決済処理start(45回目)
[2021-03-28T16:19:14.462] [INFO] system - 購入処理確定開始(freeBuy:true)
[2021-03-28T16:19:14.462] [INFO] system - 購入処理開始(無料)
[2021-03-28T16:19:14.477] [INFO] system - 混線なし
[2021-03-28T16:19:14.492] [INFO] system - 規約に同意クリック
[2021-03-28T16:19:14.493] [INFO] system - 決済処理start(46回目)
[2021-03-28T16:19:14.494] [INFO] system - 購入処理確定開始(freeBuy:true)
[2021-03-28T16:19:14.494] [INFO] system - 購入処理開始(無料)
[2021-03-28T16:19:14.511] [INFO] system - 混線なし
[2021-03-28T16:19:14.525] [INFO] system - 規約に同意クリック
[2021-03-28T16:19:14.527] [INFO] system - 決済処理start(47回目)
[2021-03-28T16:19:14.528] [INFO] system - 購入処理確定開始(freeBuy:true)
[2021-03-28T16:19:14.528] [INFO] system - 購入処理開始(無料)
[2021-03-28T16:19:14.544] [INFO] system - 混線なし
[2021-03-28T16:19:14.558] [INFO] system - 規約に同意クリック
[2021-03-28T16:19:14.559] [INFO] system - 決済処理start(48回目)
[2021-03-28T16:19:14.560] [INFO] system - 購入処理確定開始(freeBuy:true)
[2021-03-28T16:19:14.560] [INFO] system - 購入処理開始(無料)
[2021-03-28T16:19:14.576] [INFO] system - 混線なし
[2021-03-28T16:19:14.591] [INFO] system - 規約に同意クリック
[2021-03-28T16:19:14.593] [INFO] system - 決済処理start(49回目)
[2021-03-28T16:19:14.593] [INFO] system - 購入処理確定開始(freeBuy:true)
[2021-03-28T16:19:14.593] [INFO] system - 購入処理開始(無料)
[2021-03-28T16:19:14.611] [INFO] system - 混線なし
[2021-03-28T16:19:14.625] [INFO] system - 規約に同意クリック
[2021-03-28T16:19:14.626] [INFO] system - 決済処理start(50回目)
[2021-03-28T16:19:14.627] [INFO] system - 購入処理確定開始(freeBuy:true)
[2021-03-28T16:19:14.627] [INFO] system - 購入処理開始(無料)
[2021-03-28T16:19:14.645] [INFO] system - 混線なし
[2021-03-28T16:19:14.658] [INFO] system - 規約に同意クリック
[2021-03-28T16:19:14.660] [INFO] system - 決済処理start(51回目)
[2021-03-28T16:19:14.660] [INFO] system - 購入処理確定開始(freeBuy:true)
[2021-03-28T16:19:14.661] [INFO] system - 購入処理開始(無料)
[2021-03-28T16:19:14.675] [INFO] system - 混線なし
[2021-03-28T16:19:14.691] [INFO] system - 規約に同意クリック
[2021-03-28T16:19:14.696] [INFO] system - 決済処理start(52回目)
[2021-03-28T16:19:14.696] [INFO] system - 購入処理確定開始(freeBuy:true)
[2021-03-28T16:19:14.697] [INFO] system - 購入処理開始(無料)
[2021-03-28T16:19:14.711] [INFO] system - 混線なし
[2021-03-28T16:19:14.726] [INFO] system - 規約に同意クリック
[2021-03-28T16:19:14.729] [INFO] system - 決済処理start(53回目)
[2021-03-28T16:19:14.730] [INFO] system - 購入処理確定開始(freeBuy:true)
[2021-03-28T16:19:14.730] [INFO] system - 購入処理開始(無料)
[2021-03-28T16:19:14.744] [INFO] system - 混線なし
[2021-03-28T16:19:14.759] [INFO] system - 規約に同意クリック
[2021-03-28T16:19:14.761] [INFO] system - 決済処理start(54回目)
[2021-03-28T16:19:14.762] [INFO] system - 購入処理確定開始(freeBuy:true)
[2021-03-28T16:19:14.762] [INFO] system - 購入処理開始(無料)
[2021-03-28T16:19:14.779] [INFO] system - 混線なし
[2021-03-28T16:19:14.792] [INFO] system - 規約に同意クリック
[2021-03-28T16:19:14.796] [INFO] system - 決済処理start(55回目)
[2021-03-28T16:19:14.796] [INFO] system - 購入処理確定開始(freeBuy:true)
[2021-03-28T16:19:14.797] [INFO] system - 購入処理開始(無料)
[2021-03-28T16:19:14.809] [INFO] system - 混線なし
[2021-03-28T16:19:14.826] [INFO] system - 規約に同意クリック
[2021-03-28T16:19:14.828] [INFO] system - 決済処理start(56回目)
[2021-03-28T16:19:14.829] [INFO] system - 購入処理確定開始(freeBuy:true)
[2021-03-28T16:19:14.829] [INFO] system - 購入処理開始(無料)
[2021-03-28T16:19:14.843] [INFO] system - 混線なし
[2021-03-28T16:19:14.857] [INFO] system - 規約に同意クリック
[2021-03-28T16:19:14.861] [INFO] system - 決済処理start(57回目)
[2021-03-28T16:19:14.862] [INFO] system - 購入処理確定開始(freeBuy:true)
[2021-03-28T16:19:14.862] [INFO] system - 購入処理開始(無料)
[2021-03-28T16:19:14.878] [INFO] system - 混線なし
[2021-03-28T16:19:14.891] [INFO] system - 規約に同意クリック
[2021-03-28T16:19:14.896] [INFO] system - 決済処理start(58回目)
[2021-03-28T16:19:14.897] [INFO] system - 購入処理確定開始(freeBuy:true)
[2021-03-28T16:19:14.897] [INFO] system - 購入処理開始(無料)
[2021-03-28T16:19:14.911] [INFO] system - 混線なし
[2021-03-28T16:19:14.925] [INFO] system - 規約に同意クリック
[2021-03-28T16:19:14.928] [INFO] system - 決済処理start(59回目)
[2021-03-28T16:19:14.929] [INFO] system - 購入処理確定開始(freeBuy:true)
[2021-03-28T16:19:14.930] [INFO] system - 購入処理開始(無料)
[2021-03-28T16:19:14.948] [INFO] system - 混線なし
[2021-03-28T16:19:14.975] [INFO] system - 規約に同意クリック
[2021-03-28T16:19:14.979] [INFO] system - 決済処理start(60回目)
[2021-03-28T16:19:14.979] [INFO] system - 購入処理確定開始(freeBuy:true)
[2021-03-28T16:19:14.980] [INFO] system - 購入処理開始(無料)
[2021-03-28T16:19:14.994] [INFO] system - 混線なし
[2021-03-28T16:19:15.010] [INFO] system - 規約に同意クリック
[2021-03-28T16:19:15.012] [INFO] system - 決済処理start(61回目)
[2021-03-28T16:19:15.013] [INFO] system - 購入処理確定開始(freeBuy:true)
[2021-03-28T16:19:15.014] [INFO] system - 購入処理開始(無料)
[2021-03-28T16:19:15.026] [INFO] system - 混線なし
[2021-03-28T16:19:15.042] [INFO] system - 規約に同意クリック
[2021-03-28T16:19:15.045] [INFO] system - 決済処理start(62回目)
[2021-03-28T16:19:15.046] [INFO] system - 購入処理確定開始(freeBuy:true)
[2021-03-28T16:19:15.047] [INFO] system - 購入処理開始(無料)
[2021-03-28T16:19:15.060] [INFO] system - 混線なし
[2021-03-28T16:19:15.074] [INFO] system - 規約に同意クリック
[2021-03-28T16:19:15.079] [INFO] system - 決済処理start(63回目)
[2021-03-28T16:19:15.080] [INFO] system - 購入処理確定開始(freeBuy:true)
[2021-03-28T16:19:15.080] [INFO] system - 購入処理開始(無料)
[2021-03-28T16:19:15.096] [INFO] system - 混線なし
[2021-03-28T16:19:15.108] [INFO] system - 規約に同意クリック
[2021-03-28T16:19:15.112] [INFO] system - 決済処理start(64回目)
[2021-03-28T16:19:15.113] [INFO] system - 購入処理確定開始(freeBuy:true)
[2021-03-28T16:19:15.113] [INFO] system - 購入処理開始(無料)
[2021-03-28T16:19:15.127] [INFO] system - 混線なし
[2021-03-28T16:19:15.142] [INFO] system - 規約に同意クリック
[2021-03-28T16:19:15.146] [INFO] system - 決済処理start(65回目)
[2021-03-28T16:19:15.147] [INFO] system - 購入処理確定開始(freeBuy:true)
[2021-03-28T16:19:15.148] [INFO] system - 購入処理開始(無料)
[2021-03-28T16:19:15.161] [INFO] system - 混線なし
[2021-03-28T16:19:15.175] [INFO] system - 規約に同意クリック
[2021-03-28T16:19:15.178] [INFO] system - 決済処理start(66回目)
[2021-03-28T16:19:15.179] [INFO] system - 購入処理確定開始(freeBuy:true)
[2021-03-28T16:19:15.179] [INFO] system - 購入処理開始(無料)
[2021-03-28T16:19:15.195] [INFO] system - 混線なし
[2021-03-28T16:19:15.209] [INFO] system - 規約に同意クリック
[2021-03-28T16:19:15.214] [INFO] system - 決済処理start(67回目)
[2021-03-28T16:19:15.215] [INFO] system - 購入処理確定開始(freeBuy:true)
[2021-03-28T16:19:15.215] [INFO] system - 購入処理開始(無料)
[2021-03-28T16:19:15.226] [INFO] system - 混線なし
[2021-03-28T16:19:15.243] [INFO] system - 規約に同意クリック
[2021-03-28T16:19:15.252] [INFO] system - 決済処理start(68回目)
[2021-03-28T16:19:15.266] [INFO] system - 購入処理確定開始(freeBuy:true)
[2021-03-28T16:19:15.266] [INFO] system - 購入処理開始(無料)
[2021-03-28T16:19:15.296] [INFO] system - 混線なし
[2021-03-28T16:19:15.308] [INFO] system - 規約に同意クリック
[2021-03-28T16:19:15.311] [INFO] system - 決済処理start(69回目)
[2021-03-28T16:19:15.312] [INFO] system - 購入処理確定開始(freeBuy:true)
[2021-03-28T16:19:15.312] [INFO] system - 購入処理開始(無料)
[2021-03-28T16:19:15.328] [INFO] system - 混線なし
[2021-03-28T16:19:15.343] [INFO] system - 規約に同意クリック
[2021-03-28T16:19:15.345] [INFO] system - 決済処理start(70回目)
[2021-03-28T16:19:15.345] [INFO] system - 購入処理確定開始(freeBuy:true)
[2021-03-28T16:19:15.345] [INFO] system - 購入処理開始(無料)
[2021-03-28T16:19:15.361] [INFO] system - 混線なし
[2021-03-28T16:19:15.374] [INFO] system - 規約に同意クリック
[2021-03-28T16:19:15.379] [INFO] system - 決済処理start(71回目)
[2021-03-28T16:19:15.380] [INFO] system - 購入処理確定開始(freeBuy:true)
[2021-03-28T16:19:15.380] [INFO] system - 購入処理開始(無料)
[2021-03-28T16:19:15.394] [INFO] system - 混線なし
[2021-03-28T16:19:15.408] [INFO] system - 規約に同意クリック
[2021-03-28T16:19:15.411] [INFO] system - 決済処理start(72回目)
[2021-03-28T16:19:15.412] [INFO] system - 購入処理確定開始(freeBuy:true)
[2021-03-28T16:19:15.412] [INFO] system - 購入処理開始(無料)
[2021-03-28T16:19:15.428] [INFO] system - 混線なし
[2021-03-28T16:19:15.441] [INFO] system - 規約に同意クリック
[2021-03-28T16:19:15.446] [INFO] system - 決済処理start(73回目)
[2021-03-28T16:19:15.447] [INFO] system - 購入処理確定開始(freeBuy:true)
[2021-03-28T16:19:15.447] [INFO] system - 購入処理開始(無料)
[2021-03-28T16:19:15.460] [INFO] system - 混線なし
[2021-03-28T16:19:15.491] [INFO] system - 規約に同意クリック
[2021-03-28T16:19:15.492] [INFO] system - 決済処理start(74回目)
[2021-03-28T16:19:15.493] [INFO] system - 購入処理確定開始(freeBuy:true)
[2021-03-28T16:19:15.493] [INFO] system - 購入処理開始(無料)
[2021-03-28T16:19:15.510] [INFO] system - 混線なし
[2021-03-28T16:19:15.524] [INFO] system - 規約に同意クリック
[2021-03-28T16:19:15.526] [INFO] system - 決済処理start(75回目)
[2021-03-28T16:19:15.526] [INFO] system - 購入処理確定開始(freeBuy:true)
[2021-03-28T16:19:15.526] [INFO] system - 購入処理開始(無料)
[2021-03-28T16:19:15.544] [INFO] system - 混線なし
[2021-03-28T16:19:15.558] [INFO] system - 規約に同意クリック
[2021-03-28T16:19:15.560] [INFO] system - 決済処理start(76回目)
[2021-03-28T16:19:15.560] [INFO] system - 購入処理確定開始(freeBuy:true)
[2021-03-28T16:19:15.560] [INFO] system - 購入処理開始(無料)
[2021-03-28T16:19:15.578] [INFO] system - 混線なし
[2021-03-28T16:19:15.591] [INFO] system - 規約に同意クリック
[2021-03-28T16:19:15.593] [INFO] system - 決済処理start(77回目)
[2021-03-28T16:19:15.593] [INFO] system - 購入処理確定開始(freeBuy:true)
[2021-03-28T16:19:15.593] [INFO] system - 購入処理開始(無料)
[2021-03-28T16:19:15.609] [INFO] system - 混線なし
[2021-03-28T16:19:15.624] [INFO] system - 規約に同意クリック
[2021-03-28T16:19:15.627] [INFO] system - 決済処理start(78回目)
[2021-03-28T16:19:15.628] [INFO] system - 購入処理確定開始(freeBuy:true)
[2021-03-28T16:19:15.628] [INFO] system - 購入処理開始(無料)
[2021-03-28T16:19:15.643] [INFO] system - 混線なし
[2021-03-28T16:19:15.658] [INFO] system - 規約に同意クリック
[2021-03-28T16:19:15.659] [INFO] system - 決済処理start(79回目)
[2021-03-28T16:19:15.660] [INFO] system - 購入処理確定開始(freeBuy:true)
[2021-03-28T16:19:15.660] [INFO] system - 購入処理開始(無料)
[2021-03-28T16:19:15.677] [INFO] system - 混線なし
[2021-03-28T16:19:15.691] [INFO] system - 規約に同意クリック
[2021-03-28T16:19:15.693] [INFO] system - 決済処理start(80回目)
[2021-03-28T16:19:15.693] [INFO] system - 購入処理確定開始(freeBuy:true)
[2021-03-28T16:19:15.694] [INFO] system - 購入処理開始(無料)
[2021-03-28T16:19:15.709] [INFO] system - 混線なし
[2021-03-28T16:19:15.725] [INFO] system - 規約に同意クリック
[2021-03-28T16:19:15.727] [INFO] system - 決済処理start(81回目)
[2021-03-28T16:19:15.727] [INFO] system - 購入処理確定開始(freeBuy:true)
[2021-03-28T16:19:15.727] [INFO] system - 購入処理開始(無料)
[2021-03-28T16:19:15.745] [INFO] system - 混線なし
[2021-03-28T16:19:15.759] [INFO] system - 規約に同意クリック
[2021-03-28T16:19:15.760] [INFO] system - 決済処理start(82回目)
[2021-03-28T16:19:15.761] [INFO] system - 購入処理確定開始(freeBuy:true)
[2021-03-28T16:19:15.761] [INFO] system - 購入処理開始(無料)
[2021-03-28T16:19:15.778] [INFO] system - 混線なし
[2021-03-28T16:19:15.793] [INFO] system - 規約に同意クリック
[2021-03-28T16:19:15.795] [INFO] system - 決済処理start(83回目)
[2021-03-28T16:19:15.795] [INFO] system - 購入処理確定開始(freeBuy:true)
[2021-03-28T16:19:15.795] [INFO] system - 購入処理開始(無料)
[2021-03-28T16:19:15.809] [INFO] system - 混線なし
[2021-03-28T16:19:15.824] [INFO] system - 規約に同意クリック
[2021-03-28T16:19:15.826] [INFO] system - 決済処理start(84回目)
[2021-03-28T16:19:15.826] [INFO] system - 購入処理確定開始(freeBuy:true)
[2021-03-28T16:19:15.826] [INFO] system - 購入処理開始(無料)
[2021-03-28T16:19:15.842] [INFO] system - 混線なし
[2021-03-28T16:19:15.858] [INFO] system - 規約に同意クリック
[2021-03-28T16:19:15.860] [INFO] system - 決済処理start(85回目)
[2021-03-28T16:19:15.861] [INFO] system - 購入処理確定開始(freeBuy:true)
[2021-03-28T16:19:15.861] [INFO] system - 購入処理開始(無料)
[2021-03-28T16:19:15.877] [INFO] system - 混線なし
[2021-03-28T16:19:15.891] [INFO] system - 規約に同意クリック
[2021-03-28T16:19:15.893] [INFO] system - 決済処理start(86回目)
[2021-03-28T16:19:15.894] [INFO] system - 購入処理確定開始(freeBuy:true)
[2021-03-28T16:19:15.894] [INFO] system - 購入処理開始(無料)
[2021-03-28T16:19:15.910] [INFO] system - 混線なし
[2021-03-28T16:19:15.924] [INFO] system - 規約に同意クリック
[2021-03-28T16:19:15.927] [INFO] system - 決済処理start(87回目)
[2021-03-28T16:19:15.927] [INFO] system - 購入処理確定開始(freeBuy:true)
[2021-03-28T16:19:15.928] [INFO] system - 購入処理開始(無料)
[2021-03-28T16:19:15.944] [INFO] system - 混線なし
[2021-03-28T16:19:15.958] [INFO] system - 規約に同意クリック
[2021-03-28T16:19:15.961] [INFO] system - 決済処理start(88回目)
[2021-03-28T16:19:15.962] [INFO] system - 購入処理確定開始(freeBuy:true)
[2021-03-28T16:19:15.962] [INFO] system - 購入処理開始(無料)
[2021-03-28T16:19:15.977] [INFO] system - 混線なし
[2021-03-28T16:19:15.992] [INFO] system - 規約に同意クリック
[2021-03-28T16:19:15.994] [INFO] system - 決済処理start(89回目)
[2021-03-28T16:19:15.995] [INFO] system - 購入処理確定開始(freeBuy:true)
[2021-03-28T16:19:15.995] [INFO] system - 購入処理開始(無料)
[2021-03-28T16:19:16.011] [INFO] system - 混線なし
[2021-03-28T16:19:16.025] [INFO] system - 規約に同意クリック
[2021-03-28T16:19:16.027] [INFO] system - 決済処理start(90回目)
[2021-03-28T16:19:16.027] [INFO] system - 購入処理確定開始(freeBuy:true)
[2021-03-28T16:19:16.027] [INFO] system - 購入処理開始(無料)
[2021-03-28T16:19:16.044] [INFO] system - 混線なし
[2021-03-28T16:19:16.058] [INFO] system - 規約に同意クリック
[2021-03-28T16:19:16.059] [INFO] system - 決済処理start(91回目)
[2021-03-28T16:19:16.060] [INFO] system - 購入処理確定開始(freeBuy:true)
[2021-03-28T16:19:16.060] [INFO] system - 購入処理開始(無料)
[2021-03-28T16:19:16.077] [INFO] system - 混線なし
[2021-03-28T16:19:16.092] [INFO] system - 規約に同意クリック
[2021-03-28T16:19:16.094] [INFO] system - 決済処理start(92回目)
[2021-03-28T16:19:16.094] [INFO] system - 購入処理確定開始(freeBuy:true)
[2021-03-28T16:19:16.094] [INFO] system - 購入処理開始(無料)
[2021-03-28T16:19:16.109] [INFO] system - 混線なし
[2021-03-28T16:19:16.125] [INFO] system - 規約に同意クリック
[2021-03-28T16:19:16.126] [INFO] system - 決済処理start(93回目)
[2021-03-28T16:19:16.127] [INFO] system - 購入処理確定開始(freeBuy:true)
[2021-03-28T16:19:16.127] [INFO] system - 購入処理開始(無料)
[2021-03-28T16:19:16.145] [INFO] system - 混線なし
[2021-03-28T16:19:16.158] [INFO] system - 規約に同意クリック
[2021-03-28T16:19:16.160] [INFO] system - 決済処理start(94回目)
[2021-03-28T16:19:16.161] [INFO] system - 購入処理確定開始(freeBuy:true)
[2021-03-28T16:19:16.161] [INFO] system - 購入処理開始(無料)
[2021-03-28T16:19:16.178] [INFO] system - 混線なし
[2021-03-28T16:19:16.191] [INFO] system - 規約に同意クリック
[2021-03-28T16:19:16.194] [INFO] system - 決済処理start(95回目)
[2021-03-28T16:19:16.194] [INFO] system - 購入処理確定開始(freeBuy:true)
[2021-03-28T16:19:16.194] [INFO] system - 購入処理開始(無料)
[2021-03-28T16:19:16.212] [INFO] system - 混線なし
[2021-03-28T16:19:16.226] [INFO] system - 規約に同意クリック
[2021-03-28T16:19:16.228] [INFO] system - 決済処理start(96回目)
[2021-03-28T16:19:16.229] [INFO] system - 購入処理確定開始(freeBuy:true)
[2021-03-28T16:19:16.229] [INFO] system - 購入処理開始(無料)
[2021-03-28T16:19:16.244] [INFO] system - 混線なし
[2021-03-28T16:19:16.259] [INFO] system - 規約に同意クリック
[2021-03-28T16:19:16.261] [INFO] system - 決済処理start(97回目)
[2021-03-28T16:19:16.261] [INFO] system - 購入処理確定開始(freeBuy:true)
[2021-03-28T16:19:16.262] [INFO] system - 購入処理開始(無料)
[2021-03-28T16:19:16.277] [INFO] system - 混線なし
[2021-03-28T16:19:16.291] [INFO] system - 規約に同意クリック
[2021-03-28T16:19:16.293] [INFO] system - 決済処理start(98回目)
[2021-03-28T16:19:16.294] [INFO] system - 購入処理確定開始(freeBuy:true)
[2021-03-28T16:19:16.294] [INFO] system - 購入処理開始(無料)
[2021-03-28T16:19:16.311] [INFO] system - 混線なし
[2021-03-28T16:19:16.326] [INFO] system - 規約に同意クリック
[2021-03-28T16:19:16.328] [INFO] system - 決済処理start(99回目)
[2021-03-28T16:19:16.328] [INFO] system - 購入処理確定開始(freeBuy:true)
[2021-03-28T16:19:16.329] [INFO] system - 購入処理開始(無料)
[2021-03-28T16:19:16.342] [INFO] system - 混線なし
[2021-03-28T16:19:16.363] [ERROR] system - Error: Protocol error (Input.dispatchMouseEvent): Target closed.
    at C:\source\yt-scraping\node_modules\puppeteer\lib\cjs\puppeteer\common\Connection.js:208:63
    at new Promise (<anonymous>)
    at CDPSession.send (C:\source\yt-scraping\node_modules\puppeteer\lib\cjs\puppeteer\common\Connection.js:207:16)
    at Mouse.move (C:\source\yt-scraping\node_modules\puppeteer\lib\cjs\puppeteer\common\Input.js:343:32)
    at Mouse.click (C:\source\yt-scraping\node_modules\puppeteer\lib\cjs\puppeteer\common\Input.js:367:22)
    at ElementHandle.click (C:\source\yt-scraping\node_modules\puppeteer\lib\cjs\puppeteer\common\JSHandle.js:391:32)
    at runMicrotasks (<anonymous>)
    at processTicksAndRejections (internal/process/task_queues.js:93:5)
    at async DOMWorld.click (C:\source\yt-scraping\node_modules\puppeteer\lib\cjs\puppeteer\common\DOMWorld.js:278:9)
    at async targetFree (C:\source\yt-scraping\func-lpkick\lpkick.js:651:5)
[2021-03-28T16:19:16.367] [ERROR] system - Error: Protocol error (Target.activateTarget): Session closed. Most likely the page has been closed.
    at CDPSession.send (C:\source\yt-scraping\node_modules\puppeteer\lib\cjs\puppeteer\common\Connection.js:195:35)
    at Page._screenshotTask (C:\source\yt-scraping\node_modules\puppeteer\lib\cjs\puppeteer\common\Page.js:1084:28)
    at C:\source\yt-scraping\node_modules\puppeteer\lib\cjs\puppeteer\common\Page.js:1081:62
    at runMicrotasks (<anonymous>)
    at processTicksAndRejections (internal/process/task_queues.js:93:5)
[2021-03-28T16:19:16.380] [ERROR] system - Error: Protocol error (Target.activateTarget): Session closed. Most likely the page has been closed.
    at CDPSession.send (C:\source\yt-scraping\node_modules\puppeteer\lib\cjs\puppeteer\common\Connection.js:195:35)
    at Page._screenshotTask (C:\source\yt-scraping\node_modules\puppeteer\lib\cjs\puppeteer\common\Page.js:1084:28)
    at C:\source\yt-scraping\node_modules\puppeteer\lib\cjs\puppeteer\common\Page.js:1081:62
    at runMicrotasks (<anonymous>)
    at processTicksAndRejections (internal/process/task_queues.js:93:5)
[2021-03-28T16:19:16.382] [ERROR] system - ReferenceError: page is not defined
    at newBrowser (C:\source\yt-scraping\func-lpkick\lpkick.js:385:5)
    at runMicrotasks (<anonymous>)
    at processTicksAndRejections (internal/process/task_queues.js:93:5)
    at async C:\source\yt-scraping\func-lpkick\lpkick.js:111:5
[2021-03-28T16:20:25.320] [INFO] system - 【Windows版起動】
[2021-03-28T16:20:25.321] [INFO] system - キック：{"---1---":"====== BasicSetting ======","mainUrl":"https://t.livepocket.jp/","loginUrl":"https://t.livepocket.jp/login?acroot=header-new_p_u_nl","mypageUrl":"https://t.livepocket.jp/my_top","autoLogin":false,"confUser":"kisyan3333@gmail.com","confPass":"6yjAWLhCxVT2","targetUrl":"https://t.livepocket.jp/e/himafes0403/","targetTicket":null,"targetName":"【EX THEATER】通常チケット整理番号券","targetNumber":"1","storeTypeId":"002","startTime":"2021-03-25 23:00","isBrowse":true,"isFree":false,"isCredit":false,"isTest":true,"isLanguage":"ja","isStage":false,"isJamCheck":true,"isMailSend":false,"---2---":"====== MailSetting(GmailOnly) ======","fromMail":"sugachan.tectec@gmail.com","fromMailPass":"sero3202","toMail":"","toSysMail":"trigger@applet.ifttt.com","isWindows":["Windows"],"loginTime":"2021-03-25 22:45","notCheckOnly":true,"isClose":false}
[2021-03-28T16:20:25.333] [INFO] system - 【テスト】
[2021-03-28T16:20:25.337] [INFO] system - 2021-03-25 22:45:00にすでに到達
[2021-03-28T16:20:25.349] [INFO] system - ログイン処理想定時間到達
[2021-03-28T16:20:25.764] [INFO] system - ブラウザ起動後準備完了
[2021-03-28T16:20:30.431] [INFO] system - ログインページに移動完了
[2021-03-28T16:20:34.185] [INFO] system - ログイン完了
[2021-03-28T16:20:34.320] [INFO] system - 「【EX THEATER】通常チケット整理番号券」の存在を確認(.table #ticket-382154)
[2021-03-28T16:20:34.322] [INFO] system - 2021-03-25 23:00にすでに到達
[2021-03-28T16:20:34.323] [INFO] system - 購入処理想定時間到達
[2021-03-28T16:20:34.333] [INFO] system - <成績時間カウント開始>
[2021-03-28T16:20:34.333] [INFO] system - 購入可能状態確認start(1回目)
[2021-03-28T16:20:36.523] [INFO] system - 購入可能状態確認end
[2021-03-28T16:20:36.524] [INFO] system - 枚数選択start(1回目)
[2021-03-28T16:20:42.884] [INFO] system - 枚数選択end
[2021-03-28T16:20:42.885] [INFO] system - 決済処理start(1回目)
[2021-03-28T16:20:42.885] [INFO] system - 購入処理確定開始(freeBuy:true)
[2021-03-28T16:20:42.885] [INFO] system - 購入処理開始(無料)
[2021-03-28T16:20:42.919] [INFO] system - 混線なし
[2021-03-28T16:20:42.939] [INFO] system - 規約に同意クリック
[2021-03-28T16:20:42.944] [INFO] system - テスト処理完了
[2021-03-28T16:21:04.561] [INFO] system - 【Windows版起動】
[2021-03-28T16:21:04.562] [INFO] system - キック：{"---1---":"====== BasicSetting ======","mainUrl":"https://t.livepocket.jp/","loginUrl":"https://t.livepocket.jp/login?acroot=header-new_p_u_nl","mypageUrl":"https://t.livepocket.jp/my_top","autoLogin":false,"confUser":"kisyan3333@gmail.com","confPass":"6yjAWLhCxVT2","targetUrl":"https://t.livepocket.jp/e/himafes0403/","targetTicket":null,"targetName":"【EX THEATER】通常チケット整理番号券","targetNumber":"1","storeTypeId":"002","startTime":"2021-03-25 23:00","isBrowse":true,"isFree":false,"isCredit":false,"isTest":false,"isLanguage":"ja","isStage":false,"isJamCheck":true,"isMailSend":false,"---2---":"====== MailSetting(GmailOnly) ======","fromMail":"sugachan.tectec@gmail.com","fromMailPass":"sero3202","toMail":"","toSysMail":"trigger@applet.ifttt.com","isWindows":["Windows"],"loginTime":"2021-03-25 22:45","notCheckOnly":true,"isClose":false}
[2021-03-28T16:21:04.577] [INFO] system - 2021-03-25 22:45:00にすでに到達
[2021-03-28T16:21:04.579] [INFO] system - ログイン処理想定時間到達
[2021-03-28T16:21:05.003] [INFO] system - ブラウザ起動後準備完了
[2021-03-28T16:21:09.603] [INFO] system - ログインページに移動完了
[2021-03-28T16:21:13.785] [INFO] system - ログイン完了
[2021-03-28T16:21:13.808] [INFO] system - 「【EX THEATER】通常チケット整理番号券」の存在を確認(.table #ticket-382154)
[2021-03-28T16:21:13.809] [INFO] system - 2021-03-25 23:00にすでに到達
[2021-03-28T16:21:13.810] [INFO] system - 購入処理想定時間到達
[2021-03-28T16:21:13.811] [INFO] system - <成績時間カウント開始>
[2021-03-28T16:21:13.811] [INFO] system - 購入可能状態確認start(1回目)
[2021-03-28T16:21:16.038] [INFO] system - 購入可能状態確認end
[2021-03-28T16:21:16.039] [INFO] system - 枚数選択start(1回目)
[2021-03-28T16:21:21.736] [INFO] system - 枚数選択end
[2021-03-28T16:21:21.737] [INFO] system - 決済処理start(1回目)
[2021-03-28T16:21:21.737] [INFO] system - 購入処理確定開始(freeBuy:true)
[2021-03-28T16:21:21.738] [INFO] system - 購入処理開始(無料)
[2021-03-28T16:21:21.751] [INFO] system - 混線なし
[2021-03-28T16:21:21.774] [INFO] system - 規約に同意クリック
[2021-03-28T16:21:24.450] [INFO] system - 決済処理end
[2021-03-28T16:21:24.451] [INFO] system - <現在時刻：Sun Mar 28 2021 16:21:24 GMT+0900／成績：10.64秒>
[2021-03-28T16:21:24.452] [INFO] system - <成績：10.641秒>
[2021-03-28T16:21:24.747] [ERROR] system - ReferenceError: wasBuy is not defined
    at newBrowser (C:\source\yt-scraping\func-lpkick\lpkick.js:362:9)
    at async C:\source\yt-scraping\func-lpkick\lpkick.js:111:5
[2021-03-28T16:21:24.749] [ERROR] system - ReferenceError: page is not defined
    at newBrowser (C:\source\yt-scraping\func-lpkick\lpkick.js:387:5)
    at async C:\source\yt-scraping\func-lpkick\lpkick.js:111:5
