[2021-07-06T21:52:06.575] [INFO] system - キック：{"---1---":"====== BasicSetting ======","mainUrl":"https://t.livepocket.jp/","loginUrl":"https://t.livepocket.jp/login?acroot=header-new_p_u_nl","mypageUrl":"https://t.livepocket.jp/my_top","autoLogin":false,"confUser":"chiaochiao.sonmi@gmail.com","confPass":"sero3202","targetUrl":"https://t.livepocket.jp/e/wakkuru0708/","targetTicket":null,"targetName":"１部前売チケット整理番号券,２部前売チケット整理番号券","targetNumber":"2,2","storeTypeId":"002","startTime":"2021-07-06 23:00","isBrowse":true,"isFree":false,"isCredit":false,"isTest":false,"isLanguage":"ja","isStage":false,"isJamCheck":true,"isMailSend":false,"isLogger":true,"---2---":"====== MailSetting(GmailOnly) ======","fromMail":"sugachan.tectec@gmail.com","fromMailPass":"sero3202","toMail":"","toSysMail":"trigger@applet.ifttt.com","isWindows":["Windows"],"loginTime":"2021-07-06 22:45","notCheckOnly":true,"isClose":false,"isMobile":true,"dareSec":0,"isConnect":true,"advSec":-10}
[2021-07-06T21:52:06.577] [INFO] system - 【本番】
[2021-07-06T21:52:06.581] [INFO] system - 2021-07-06 22:45:00までログイン処理待機中...
[2021-07-06T22:45:00.019] [INFO] system - ログイン処理想定時間到達
[2021-07-06T22:45:00.671] [INFO] system - ブラウザ起動後準備完了
[2021-07-06T22:45:02.197] [INFO] system - ログインページに移動完了
[2021-07-06T22:45:02.208] [INFO] system - 混線なし
[2021-07-06T22:45:04.762] [INFO] system - ログイン完了
[2021-07-06T22:45:04.776] [INFO] system - 混線なし
[2021-07-06T22:45:04.798] [INFO] system - 「１部前売チケット整理番号券,２部前売チケット整理番号券」の存在を確認(.table #ticket-449038,.table #ticket-449039)
[2021-07-06T22:45:04.800] [INFO] system - 2021-07-06 22:59:59まで購入処理待機中...
[2021-07-06T22:50:32.530] [INFO] system - キック：{"---1---":"====== BasicSetting ======","mainUrl":"https://t.livepocket.jp/","loginUrl":"https://t.livepocket.jp/login?acroot=header-new_p_u_nl","mypageUrl":"https://t.livepocket.jp/my_top","autoLogin":false,"confUser":"chiaochiao.sonmi@gmail.com","confPass":"sero3202","targetUrl":"https://t.livepocket.jp/e/wakkuru0708/","targetTicket":null,"targetName":"１部前売チケット整理番号券,２部前売チケット整理番号券","targetNumber":"2,2","storeTypeId":"002","startTime":"2021-07-06 23:00","isBrowse":true,"isFree":false,"isCredit":false,"isTest":false,"isLanguage":"ja","isStage":false,"isJamCheck":true,"isMailSend":false,"isLogger":true,"---2---":"====== MailSetting(GmailOnly) ======","fromMail":"sugachan.tectec@gmail.com","fromMailPass":"sero3202","toMail":"","toSysMail":"trigger@applet.ifttt.com","isWindows":["Windows"],"loginTime":"2021-07-06 22:45","notCheckOnly":true,"isClose":false,"isMobile":true,"dareSec":0,"isConnect":true,"advSec":-10}
[2021-07-06T22:50:32.546] [INFO] system - 【本番】
[2021-07-06T22:50:32.550] [INFO] system - 2021-07-06 22:45:00にすでに到達
[2021-07-06T22:50:32.553] [INFO] system - ログイン処理想定時間到達
[2021-07-06T22:50:33.222] [INFO] system - ブラウザ起動後準備完了
[2021-07-06T22:50:34.469] [INFO] system - ログインページに移動完了
[2021-07-06T22:50:34.481] [INFO] system - 混線なし
[2021-07-06T22:50:36.652] [INFO] system - ログイン完了
[2021-07-06T22:50:36.664] [INFO] system - 混線なし
[2021-07-06T22:50:36.690] [INFO] system - 「１部前売チケット整理番号券,２部前売チケット整理番号券」の存在を確認(.table #ticket-449038,.table #ticket-449039)
[2021-07-06T22:50:36.693] [INFO] system - 2021-07-06 22:59:59まで購入処理待機中...
[2021-07-06T22:59:59.995] [INFO] system - 購入処理想定時間到達
[2021-07-06T22:59:59.996] [INFO] system - <成績時間カウント開始>
[2021-07-06T22:59:59.997] [INFO] system - 購入可能状態確認start(1回目)
[2021-07-06T23:00:07.821] [INFO] system - 購入可能状態確認end
[2021-07-06T23:00:07.822] [INFO] system - 枚数選択start(1回目)
[2021-07-06T23:00:07.852] [INFO] system - 2セット選択終了
[2021-07-06T23:00:25.814] [INFO] system - 枚数選択end(1回目)
[2021-07-06T23:00:25.828] [INFO] system - 決済処理ページ遷移済
[2021-07-06T23:00:25.829] [INFO] system - 決済処理start(1回目)
[2021-07-06T23:00:25.830] [INFO] system - 購入処理確定開始(freeBuy:false)
[2021-07-06T23:00:25.831] [INFO] system - 購入処理開始(有料)
[2021-07-06T23:00:25.974] [INFO] system - 規約に同意クリック
[2021-07-06T23:00:39.597] [INFO] system - 決済ボタンクリック
[2021-07-06T23:00:39.600] [INFO] system - (検証用)成功1
[2021-07-06T23:00:44.501] [INFO] system - (検証用)成功2
[2021-07-06T23:00:44.506] [INFO] system - (検証用)成功3
[2021-07-06T23:00:44.510] [INFO] system - 決済処理end
[2021-07-06T23:00:44.512] [INFO] system - <現在時刻：Tue Jul 06 2021 23:00:44 GMT+0900／成績：44.515秒>
[2021-07-06T23:00:44.512] [INFO] system - <成績：44.515秒>
