[2021-01-25T01:10:47.904] [INFO] system - ReferenceError: tasklist is not defined
    at lpkickRun (C:\source\yt-scraping\func-lpkick\mailtolpkick.js:102:37)
    at C:\source\yt-scraping\func-lpkick\mailtolpkick.js:38:13
[2021-01-25T01:52:17.786] [INFO] system - ReferenceError: tasklist is not defined
    at lpkickRun (C:\source\yt-scraping\func-lpkick\mailtolpkick.js:102:37)
    at C:\source\yt-scraping\func-lpkick\mailtolpkick.js:38:13
[2021-01-25T01:54:48.973] [INFO] system - ReferenceError: tasklist is not defined
    at lpkickRun (C:\source\yt-scraping\func-lpkick\mailtolpkick.js:102:22)
    at C:\source\yt-scraping\func-lpkick\mailtolpkick.js:38:13
[2021-01-25T10:48:23.616] [INFO] system - TypeError: sendMail is not a function
    at lpkickRun (C:\source\yt-scraping\func-lpkick\mailtolpkick.js:103:5)
    at C:\source\yt-scraping\func-lpkick\mailtolpkick.js:38:13
[2021-01-25T10:56:16.925] [INFO] system - ReferenceError: sendMail is not defined
    at lpkickRun (C:\source\yt-scraping\func-lpkick\mailtolpkick.js:103:5)
    at C:\source\yt-scraping\func-lpkick\mailtolpkick.js:38:13
[2021-01-25T11:57:00.405] [INFO] system - TypeError: statusSendMail is not a function
    at lpkickRun (C:\source\yt-scraping\func-lpkick\mailtolpkick.js:103:5)
    at C:\source\yt-scraping\func-lpkick\mailtolpkick.js:38:13
[2021-01-25T11:59:16.060] [ERROR] system - Error ReferenceError: conf is not defined
    at statusSendMail (C:\source\yt-scraping\func-lpkick\sendmail.js:12:19)
    at lpkickRun (C:\source\yt-scraping\func-lpkick\mailtolpkick.js:103:5)
    at C:\source\yt-scraping\func-lpkick\mailtolpkick.js:38:13
[2021-01-25T12:02:18.970] [ERROR] system - Error ReferenceError: conf is not defined
    at statusSendMail (C:\source\yt-scraping\func-lpkick\sendmail.js:21:15)
    at lpkickRun (C:\source\yt-scraping\func-lpkick\mailtolpkick.js:103:5)
    at C:\source\yt-scraping\func-lpkick\mailtolpkick.js:38:13
[2021-01-25T12:05:47.946] [INFO] system - send successful
[2021-01-25T18:34:27.294] [INFO] system - キック：{"---1---":"====== BasicSetting ======","mainUrl":"https://t.livepocket.jp/","loginUrl":"https://t.livepocket.jp/login?acroot=header-new_p_u_nl","mypageUrl":"https://t.livepocket.jp/my_top","autoLogin":false,"confUser":"sugachan.tectec@gmail.com","confPass":"6yjAWLhCxVT2","targetUrl":"https://t.livepocket.jp/e/kidouseyo0130/","targetTicket":".table #ticket-334786","targetName":"前方チケット整理番号券,通常チケット整理番号券","targetNumber":"1,1","storeTypeId":"002","startTime":"2021-01-19 23:00","isBrowse":false,"isFree":false,"isCredit":false,"isTest":true,"isLanguage":"ja","---2---":"====== MailSetting(GmailOnly) ======","fromMail":"sugachan.tectec@gmail.com","fromMailPass":"sero3202","toMail":"trigger@applet.ifttt.com","toSysMail":"trigger@applet.ifttt.com"}
[2021-01-25T18:34:27.296] [INFO] system - 【テスト】
[2021-01-25T18:34:27.322] [INFO] system - 2021-01-19 22:45:00にすでに到達
[2021-01-25T18:34:27.325] [INFO] system - ログイン処理想定時間到達
[2021-01-25T18:34:30.775] [INFO] system - send successful
[2021-01-25T18:34:31.952] [INFO] system - 混線なし
[2021-01-25T18:34:31.953] [INFO] system - ログインページに移動完了
[2021-01-25T18:34:34.217] [INFO] system - 混線なし
[2021-01-25T18:34:35.540] [INFO] system - ログイン完了
[2021-01-25T18:34:35.729] [INFO] system - 「前方チケット整理番号券,通常チケット整理番号券」の存在を確認(.table #ticket-328362,.table #ticket-328363)
[2021-01-25T18:34:35.730] [INFO] system - 2021-01-19 23:00にすでに到達
[2021-01-25T18:34:35.733] [INFO] system - 購入処理想定時間到達
[2021-01-25T18:34:35.738] [INFO] system - <成績時間カウント開始>
[2021-01-25T18:34:37.698] [INFO] system - 混線なし
[2021-01-25T18:34:37.702] [INFO] system - 購入状態確認(1回目に成功)
[2021-01-25T18:34:37.713] [INFO] system - 購入処理開始(確定前)
[2021-01-25T18:35:24.148] [INFO] system - キック：{"---1---":"====== BasicSetting ======","mainUrl":"https://t.livepocket.jp/","loginUrl":"https://t.livepocket.jp/login?acroot=header-new_p_u_nl","mypageUrl":"https://t.livepocket.jp/my_top","autoLogin":false,"confUser":"sugachan.tectec@gmail.com","confPass":"6yjAWLhCxVT2","targetUrl":"https://t.livepocket.jp/e/kidouseyo0130/","targetTicket":".table #ticket-334786","targetName":"前方チケット整理番号券,通常チケット整理番号券","targetNumber":"1,1","storeTypeId":"002","startTime":"2021-01-19 23:00","isBrowse":true,"isFree":false,"isCredit":false,"isTest":true,"isLanguage":"ja","---2---":"====== MailSetting(GmailOnly) ======","fromMail":"sugachan.tectec@gmail.com","fromMailPass":"sero3202","toMail":"trigger@applet.ifttt.com","toSysMail":"trigger@applet.ifttt.com"}
[2021-01-25T18:35:24.151] [INFO] system - 【テスト】
[2021-01-25T18:35:24.172] [INFO] system - 2021-01-19 22:45:00にすでに到達
[2021-01-25T18:35:24.175] [INFO] system - ログイン処理想定時間到達
[2021-01-25T18:35:26.851] [INFO] system - send successful
[2021-01-25T18:35:30.832] [INFO] system - 混線なし
[2021-01-25T18:35:30.833] [INFO] system - ログインページに移動完了
[2021-01-25T18:35:32.936] [INFO] system - 混線なし
[2021-01-25T18:35:34.468] [INFO] system - ログイン完了
[2021-01-25T18:35:34.608] [INFO] system - 「前方チケット整理番号券,通常チケット整理番号券」の存在を確認(.table #ticket-328362,.table #ticket-328363)
[2021-01-25T18:35:34.609] [INFO] system - 2021-01-19 23:00にすでに到達
[2021-01-25T18:35:34.611] [INFO] system - 購入処理想定時間到達
[2021-01-25T18:35:34.619] [INFO] system - <成績時間カウント開始>
[2021-01-25T18:35:36.498] [INFO] system - 混線なし
[2021-01-25T18:35:36.502] [INFO] system - 購入状態確認(1回目に成功)
[2021-01-25T18:35:36.511] [INFO] system - 購入処理開始(確定前)
[2021-01-25T18:35:37.780] [INFO] system - 混線なし
[2021-01-25T18:35:37.786] [INFO] system - 購入処理確定開始(freeBuy:false)
[2021-01-25T18:35:37.791] [INFO] system - 購入処理開始(有料)
[2021-01-25T18:35:37.920] [INFO] system - 【テスト:決済ロジック】
[2021-01-25T18:35:37.921] [INFO] system - <成績：3.3秒>
[2021-01-25T18:35:40.379] [INFO] system - send successful
