[2021-05-09T15:31:38.590] [INFO] system - 【Windows版起動】
[2021-05-09T15:31:38.592] [INFO] system - キック：{"---1---":"====== BasicSetting ======","mainUrl":"https://t.livepocket.jp/","loginUrl":"https://t.livepocket.jp/login?acroot=header-new_p_u_nl","mypageUrl":"https://t.livepocket.jp/my_top","autoLogin":false,"confUser":"sugachan.tectec@gmail.com","confPass":"6yjAWLhCxVT2","targetUrl":"https://t.livepocket.jp/e/nagoya_reny0511/","targetTicket":null,"targetName":"前方チケット整理番号券","targetNumber":"1","storeTypeId":"016","startTime":"2021-05-09 22:00","isBrowse":false,"isFree":false,"isCredit":false,"isTest":false,"isLanguage":"ja","isStage":false,"isJamCheck":true,"isMailSend":false,"---2---":"====== MailSetting(GmailOnly) ======","fromMail":"sugachan.tectec@gmail.com","fromMailPass":"sero3202","toMail":"","toSysMail":"trigger@applet.ifttt.com","isWindows":["Windows"],"loginTime":"2021-05-09 21:45","notCheckOnly":true,"isClose":false,"isMobile":true,"dareSec":2}
[2021-05-09T15:31:38.621] [INFO] system - 2021-05-09 21:45:00までログイン処理待機中...
[2021-05-09T21:45:00.122] [INFO] system - ログイン処理想定時間到達
[2021-05-09T21:45:01.702] [INFO] system - ブラウザ起動後準備完了
[2021-05-09T21:45:04.847] [INFO] system - ログインページに移動完了
[2021-05-09T21:45:04.862] [INFO] system - 混線なし
[2021-05-09T21:45:09.272] [INFO] system - ログイン完了
[2021-05-09T21:45:09.288] [INFO] system - 混線なし
[2021-05-09T21:45:09.300] [INFO] system - 「前方チケット整理番号券」の存在を確認(.table #ticket-407495)
[2021-05-09T21:45:09.301] [INFO] system - 2021-05-09 22:00:00まで購入処理待機中...
[2021-05-09T22:00:00.003] [INFO] system - 購入処理想定時間到達
[2021-05-09T22:00:00.004] [INFO] system - <成績時間カウント開始>
[2021-05-09T22:00:00.006] [INFO] system - 購入可能状態確認start(1回目)
[2021-05-09T22:00:07.373] [INFO] system - 購入可能状態確認end
[2021-05-09T22:00:07.374] [INFO] system - 枚数選択start(1回目)
[2021-05-09T22:00:09.385] [INFO] system - 枚数選択時に明示的に2秒待機
[2021-05-09T22:00:09.387] [INFO] system - 1枚目選択開始
[2021-05-09T22:00:09.464] [INFO] system - 1枚目選択終了
[2021-05-09T22:00:12.753] [INFO] system - 混線のため59秒待機開始...
[2021-05-09T22:01:14.633] [INFO] system - 混線解消(1回目に成功)
[2021-05-09T22:01:14.634] [INFO] system - 枚数選択start(2回目)
[2021-05-09T22:01:16.635] [INFO] system - 枚数選択時に明示的に2秒待機
[2021-05-09T22:01:16.637] [INFO] system - 1枚目選択開始
[2021-05-09T22:01:16.710] [INFO] system - 1枚目選択終了
[2021-05-09T22:01:25.112] [INFO] system - 枚数選択end
[2021-05-09T22:01:25.113] [INFO] system - 決済処理start(1回目)
[2021-05-09T22:01:25.113] [INFO] system - 購入処理確定開始(freeBuy:false)
[2021-05-09T22:01:25.114] [INFO] system - 購入処理開始(有料)
[2021-05-09T22:01:25.234] [INFO] system - 規約に同意クリック
[2021-05-09T22:01:27.775] [INFO] system - 決済ボタンクリック
[2021-05-09T22:01:29.440] [ERROR] system - Error: Execution context was destroyed, most likely because of a navigation.
    at rewriteError (C:\source\yt-scraping\node_modules\puppeteer\lib\cjs\puppeteer\common\ExecutionContext.js:261:23)
    at runMicrotasks (<anonymous>)
    at processTicksAndRejections (internal/process/task_queues.js:93:5)
    at async ExecutionContext._evaluateInternal (C:\source\yt-scraping\node_modules\puppeteer\lib\cjs\puppeteer\common\ExecutionContext.js:161:64)
    at async C:\source\yt-scraping\node_modules\puppeteer\lib\cjs\puppeteer\common\DOMWorld.js:102:30
    at async DOMWorld.$ (C:\source\yt-scraping\node_modules\puppeteer\lib\cjs\puppeteer\common\DOMWorld.js:94:26)
    at async newBrowser (C:\source\yt-scraping\func-lpkick\lpkick.js:382:35)
    at async C:\source\yt-scraping\func-lpkick\lpkick.js:113:5
[2021-05-09T22:01:29.443] [ERROR] system - ReferenceError: page is not defined
    at newBrowser (C:\source\yt-scraping\func-lpkick\lpkick.js:465:5)
    at runMicrotasks (<anonymous>)
    at processTicksAndRejections (internal/process/task_queues.js:93:5)
    at async C:\source\yt-scraping\func-lpkick\lpkick.js:113:5
