[2021-05-31T16:28:58.442] [INFO] system - 【Windows版起動】
[2021-05-31T16:28:58.444] [INFO] system - キック：{"---1---":"====== BasicSetting ======","mainUrl":"https://t.livepocket.jp/","loginUrl":"https://t.livepocket.jp/login?acroot=header-new_p_u_nl","mypageUrl":"https://t.livepocket.jp/my_top","autoLogin":false,"confUser":"chiaochiao.sonmi@gmail.com","confPass":"sero3202","targetUrl":"https://t.livepocket.jp/e/wakkuru0603/","targetTicket":null,"targetName":"１部前売チケット整理番号券,２部前売チケット整理番号券","targetNumber":"2,2","storeTypeId":"002","startTime":"2021-05-31 23:00","isBrowse":false,"isFree":false,"isCredit":false,"isTest":false,"isLanguage":"ja","isStage":false,"isJamCheck":true,"isMailSend":false,"---2---":"====== MailSetting(GmailOnly) ======","fromMail":"sugachan.tectec@gmail.com","fromMailPass":"sero3202","toMail":"","toSysMail":"trigger@applet.ifttt.com","isWindows":["Windows"],"loginTime":"2021-05-31 22:45","notCheckOnly":true,"isClose":false,"isMobile":true,"dareSec":0,"chromePath":"C:/Program Files (x86)/Google/Chrome/Application/chrome.exe"}
[2021-05-31T16:28:58.463] [INFO] system - 2021-05-31 22:45:00までログイン処理待機中...
[2021-05-31T22:44:59.899] [INFO] system - ログイン処理想定時間到達
[2021-05-31T22:45:01.208] [INFO] system - ブラウザ起動後準備完了
[2021-05-31T22:45:04.178] [INFO] system - ログインページに移動完了
[2021-05-31T22:45:04.196] [INFO] system - 混線なし
[2021-05-31T22:45:09.254] [INFO] system - ログイン完了
[2021-05-31T22:45:09.266] [INFO] system - 混線なし
[2021-05-31T22:45:09.281] [INFO] system - 「１部前売チケット整理番号券,２部前売チケット整理番号券」の存在を確認(.table #ticket-424299,.table #ticket-424300)
[2021-05-31T22:45:09.283] [INFO] system - 2021-05-31 23:00:00まで購入処理待機中...
[2021-05-31T23:00:00.007] [INFO] system - 購入処理想定時間到達
[2021-05-31T23:00:00.009] [INFO] system - <成績時間カウント開始>
[2021-05-31T23:00:00.011] [INFO] system - 購入可能状態確認start(1回目)
[2021-05-31T23:00:03.576] [INFO] system - 購入可能状態確認end
[2021-05-31T23:00:03.577] [INFO] system - 枚数選択start(1回目)
[2021-05-31T23:00:03.579] [INFO] system - 枚数選択時に明示的に0秒待機
[2021-05-31T23:00:03.592] [INFO] system - 1枚目選択開始
[2021-05-31T23:00:03.657] [INFO] system - 1枚目選択終了
[2021-05-31T23:00:03.658] [INFO] system - 2枚目選択開始
[2021-05-31T23:00:03.720] [INFO] system - 2枚目選択終了
[2021-05-31T23:00:33.823] [INFO] system - 枚数選択end
[2021-05-31T23:00:33.823] [INFO] system - 決済処理start(1回目)
[2021-05-31T23:00:33.824] [INFO] system - 購入処理確定開始(freeBuy:false)
[2021-05-31T23:00:33.825] [INFO] system - 購入処理開始(有料)
[2021-05-31T23:00:33.952] [INFO] system - 規約に同意クリック
[2021-05-31T23:00:43.707] [INFO] system - 決済ボタンクリック
[2021-05-31T23:00:46.232] [ERROR] system - Error: Execution context was destroyed, most likely because of a navigation.
    at rewriteError (C:\source\yt-scraping\node_modules\puppeteer\lib\cjs\puppeteer\common\ExecutionContext.js:261:23)
    at runMicrotasks (<anonymous>)
    at processTicksAndRejections (internal/process/task_queues.js:93:5)
    at async ExecutionContext._evaluateInternal (C:\source\yt-scraping\node_modules\puppeteer\lib\cjs\puppeteer\common\ExecutionContext.js:161:64)
    at async C:\source\yt-scraping\node_modules\puppeteer\lib\cjs\puppeteer\common\DOMWorld.js:102:30
    at async DOMWorld.$ (C:\source\yt-scraping\node_modules\puppeteer\lib\cjs\puppeteer\common\DOMWorld.js:94:26)
    at async newBrowser (C:\source\yt-scraping\func-lpkick\lpkick.js:414:35)
    at async C:\source\yt-scraping\func-lpkick\lpkick.js:117:5
[2021-05-31T23:00:46.251] [ERROR] system - ReferenceError: page is not defined
    at newBrowser (C:\source\yt-scraping\func-lpkick\lpkick.js:497:5)
    at runMicrotasks (<anonymous>)
    at processTicksAndRejections (internal/process/task_queues.js:93:5)
    at async C:\source\yt-scraping\func-lpkick\lpkick.js:117:5
