[2021-09-29T05:57:38.237] [INFO] system - キック：{"isWindows":["Windows"],"---1---":"====== BasicSetting ======","mypageUrl":"https://t.livepocket.jp/my_top","autoLogin":false,"confUser":"dabame8549@mi166.com","confPass":"6yjAWLhCxVT2","testUser":"sugachan.tectec@gmail.com","testPass":"6yjAWLhCxVT2","targetUrl":"https://t.livepocket.jp/e/kare0929/","targetName":"通常チケット整理番号券","targetNumber":"1","storeTypeId":"002","loginTime":"2021-09-29 02:00","startTime":"2021-09-29 02:15","isBrowse":true,"isTest":true,"isJamCheck":true,"isCredit":false,"isMailSend":false,"notCheckOnly":true,"isClose":false,"isMobile":true,"dareSec":0,"isConnect":true,"isLogger":true,"advSec":-245,"isOrigin":true,"isOriginCancel":false,"jamTryCnt":10,"proxy":"45.130.126.194:8000","proxyUser":"Z3SpVY","proxyPass":"SqoYCw","---2---":"====== MailSetting(GmailOnly) ======","fromMail":"sugachan.tectec@gmail.com","fromMailPass":"sero3202","toMail":"","toSysMail":"trigger@applet.ifttt.com"}
[2021-09-29T05:57:38.241] [INFO] system - 【テスト】
[2021-09-29T05:57:38.246] [INFO] system - 2021-09-29 02:00:00にすでに到達
[2021-09-29T05:57:38.250] [INFO] system - ログイン処理想定時間到達
[2021-09-29T05:57:38.995] [INFO] system - ブラウザ起動後準備完了
[2021-09-29T05:57:40.713] [INFO] system - ログインページに移動完了
[2021-09-29T05:57:43.542] [INFO] system - ログイン完了
[2021-09-29T05:57:43.565] [INFO] system - 混線なし
[2021-09-29T05:57:43.591] [INFO] system - 「通常チケット整理番号券」の存在を確認(.table #ticket-513713)
[2021-09-29T05:57:46.526] [INFO] system - .table #ticket-513713ロック外し開始
[2021-09-29T05:57:46.541] [INFO] system - 1セット選択終了
[2021-09-29T05:57:46.545] [INFO] system - 2021-09-29 02:14にすでに到達
[2021-09-29T05:57:46.547] [INFO] system - 前ページへ移動
[2021-09-29T05:57:47.805] [INFO] system - 2021-09-29 02:14にすでに到達
[2021-09-29T05:57:47.819] [INFO] system - 購入処理想定時間到達
[2021-09-29T05:57:47.820] [INFO] system - <成績時間カウント開始>
[2021-09-29T05:57:47.821] [INFO] system - 購入可能状態確認start(1回目)
[2021-09-29T05:57:47.822] [INFO] system - 次ページへ移動
[2021-09-29T05:57:48.986] [INFO] system - 購入可能状態確認end
[2021-09-29T05:57:48.987] [INFO] system - 枚数選択start(1回目)
[2021-09-29T05:57:48.988] [INFO] system - 購入クリック処理1回目
[2021-09-29T05:57:48.994] [INFO] system - 購入クリック処理2回目
[2021-09-29T05:57:48.997] [INFO] system - 購入クリック処理3回目
[2021-09-29T05:57:49.001] [INFO] system - 購入クリック処理4回目
[2021-09-29T05:57:49.010] [INFO] system - 購入クリック処理5回目
[2021-09-29T05:57:49.014] [INFO] system - 購入クリック処理6回目
[2021-09-29T05:57:49.017] [INFO] system - 購入クリック処理7回目
[2021-09-29T05:57:49.021] [INFO] system - 購入クリック処理8回目
[2021-09-29T05:57:49.024] [INFO] system - 購入クリック処理9回目
[2021-09-29T05:57:49.027] [INFO] system - 購入クリック処理10回目
[2021-09-29T05:57:49.030] [INFO] system - 購入クリック処理11回目
[2021-09-29T05:57:49.034] [INFO] system - 購入クリック処理12回目
[2021-09-29T05:57:49.036] [INFO] system - 購入クリック処理13回目
[2021-09-29T05:57:49.040] [INFO] system - 購入クリック処理14回目
[2021-09-29T05:57:49.043] [INFO] system - 購入クリック処理15回目
[2021-09-29T05:57:49.046] [INFO] system - 購入クリック処理16回目
[2021-09-29T05:57:49.049] [INFO] system - 購入クリック処理17回目
[2021-09-29T05:57:49.052] [INFO] system - 購入クリック処理18回目
[2021-09-29T05:57:49.055] [INFO] system - 購入クリック処理19回目
[2021-09-29T05:57:49.061] [INFO] system - 購入クリック処理20回目
[2021-09-29T05:57:49.881] [ERROR] system - Error: Execution context was destroyed, most likely because of a navigation.
    at rewriteError (C:\source\yt-scraping\node_modules\puppeteer\lib\cjs\puppeteer\common\ExecutionContext.js:261:23)
    at processTicksAndRejections (internal/process/task_queues.js:93:5)
    at async ExecutionContext._evaluateInternal (C:\source\yt-scraping\node_modules\puppeteer\lib\cjs\puppeteer\common\ExecutionContext.js:215:61)
    at async ExecutionContext.evaluate (C:\source\yt-scraping\node_modules\puppeteer\lib\cjs\puppeteer\common\ExecutionContext.js:106:16)
    at async targetPageBuySelect (C:\source\yt-scraping\func-lpkick\lpkick.js:892:11)
    at async newBrowser (C:\source\yt-scraping\func-lpkick\lpkick.js:509:11)
    at async C:\source\yt-scraping\func-lpkick\lpkick.js:114:5
[2021-09-29T05:57:50.485] [INFO] system - 枚数選択end(1回目)
[2021-09-29T05:57:50.506] [INFO] system - 決済処理ページ遷移済
[2021-09-29T05:57:50.506] [INFO] system - 決済処理start(1回目)
[2021-09-29T05:57:50.508] [INFO] system - 購入処理確定開始(freeBuy:false)
[2021-09-29T05:57:50.509] [INFO] system - 購入処理開始(有料)
[2021-09-29T05:57:56.456] [ERROR] system - Error: Protocol error (Runtime.callFunctionOn): Target closed.
    at C:\source\yt-scraping\node_modules\puppeteer\lib\cjs\puppeteer\common\Connection.js:208:63
    at new Promise (<anonymous>)
    at CDPSession.send (C:\source\yt-scraping\node_modules\puppeteer\lib\cjs\puppeteer\common\Connection.js:207:16)
    at ExecutionContext._evaluateInternal (C:\source\yt-scraping\node_modules\puppeteer\lib\cjs\puppeteer\common\ExecutionContext.js:200:50)
    at ExecutionContext.evaluateHandle (C:\source\yt-scraping\node_modules\puppeteer\lib\cjs\puppeteer\common\ExecutionContext.js:151:21)
    at WaitTask.rerun (C:\source\yt-scraping\node_modules\puppeteer\lib\cjs\puppeteer\common\DOMWorld.js:498:71)
    at processTicksAndRejections (internal/process/task_queues.js:93:5)
[2021-09-29T05:57:56.460] [ERROR] system - Error: Protocol error (Target.activateTarget): Session closed. Most likely the page has been closed.
    at CDPSession.send (C:\source\yt-scraping\node_modules\puppeteer\lib\cjs\puppeteer\common\Connection.js:195:35)
    at Page._screenshotTask (C:\source\yt-scraping\node_modules\puppeteer\lib\cjs\puppeteer\common\Page.js:1084:28)
    at C:\source\yt-scraping\node_modules\puppeteer\lib\cjs\puppeteer\common\Page.js:1081:62
    at processTicksAndRejections (internal/process/task_queues.js:93:5)
[2021-09-29T05:57:56.463] [ERROR] system - Error: Protocol error (Target.activateTarget): Session closed. Most likely the page has been closed.
    at CDPSession.send (C:\source\yt-scraping\node_modules\puppeteer\lib\cjs\puppeteer\common\Connection.js:195:35)
    at Page._screenshotTask (C:\source\yt-scraping\node_modules\puppeteer\lib\cjs\puppeteer\common\Page.js:1084:28)
    at C:\source\yt-scraping\node_modules\puppeteer\lib\cjs\puppeteer\common\Page.js:1081:62
    at processTicksAndRejections (internal/process/task_queues.js:93:5)
[2021-09-29T05:57:56.465] [ERROR] system - ReferenceError: page is not defined
    at newBrowser (C:\source\yt-scraping\func-lpkick\lpkick.js:646:5)
    at processTicksAndRejections (internal/process/task_queues.js:93:5)
    at async C:\source\yt-scraping\func-lpkick\lpkick.js:114:5
[2021-09-29T05:59:13.343] [INFO] system - キック：{"isWindows":["Windows"],"---1---":"====== BasicSetting ======","mypageUrl":"https://t.livepocket.jp/my_top","autoLogin":false,"confUser":"dabame8549@mi166.com","confPass":"6yjAWLhCxVT2","testUser":"sugachan.tectec@gmail.com","testPass":"6yjAWLhCxVT2","targetUrl":"https://t.livepocket.jp/e/bybbit1003/","targetName":"通常チケット整理番号券","targetNumber":"1","storeTypeId":"002","loginTime":"2021-09-29 02:00","startTime":"2021-09-29 02:15","isBrowse":true,"isTest":true,"isJamCheck":true,"isCredit":false,"isMailSend":false,"notCheckOnly":true,"isClose":false,"isMobile":true,"dareSec":0,"isConnect":true,"isLogger":true,"advSec":-245,"isOrigin":true,"isOriginCancel":false,"jamTryCnt":10,"proxy":"45.130.126.194:8001","proxyUser":"Z3SpVY","proxyPass":"SqoYCw","---2---":"====== MailSetting(GmailOnly) ======","fromMail":"sugachan.tectec@gmail.com","fromMailPass":"sero3202","toMail":"","toSysMail":"trigger@applet.ifttt.com"}
[2021-09-29T05:59:13.347] [INFO] system - 【テスト】
[2021-09-29T05:59:13.352] [INFO] system - 2021-09-29 02:00:00にすでに到達
[2021-09-29T05:59:13.355] [INFO] system - ログイン処理想定時間到達
[2021-09-29T05:59:14.099] [INFO] system - ブラウザ起動後準備完了
[2021-09-29T05:59:15.678] [INFO] system - ログインページに移動完了
[2021-09-29T05:59:18.256] [ERROR] system - Error: Navigation failed because browser has disconnected!
    at C:\source\yt-scraping\node_modules\puppeteer\lib\cjs\puppeteer\common\LifecycleWatcher.js:51:147
    at C:\source\yt-scraping\node_modules\puppeteer\lib\cjs\vendor\mitt\src\index.js:51:62
    at Array.map (<anonymous>)
    at Object.emit (C:\source\yt-scraping\node_modules\puppeteer\lib\cjs\vendor\mitt\src\index.js:51:43)
    at CDPSession.emit (C:\source\yt-scraping\node_modules\puppeteer\lib\cjs\puppeteer\common\EventEmitter.js:72:22)
    at CDPSession._onClosed (C:\source\yt-scraping\node_modules\puppeteer\lib\cjs\puppeteer\common\Connection.js:247:14)
    at Connection._onMessage (C:\source\yt-scraping\node_modules\puppeteer\lib\cjs\puppeteer\common\Connection.js:94:25)
    at WebSocket.<anonymous> (C:\source\yt-scraping\node_modules\puppeteer\lib\cjs\puppeteer\node\NodeWebSocketTransport.js:13:32)
    at WebSocket.onMessage (C:\source\yt-scraping\node_modules\ws\lib\event-target.js:132:16)
    at WebSocket.emit (events.js:315:20)
[2021-09-29T05:59:18.265] [ERROR] system - Error: Protocol error (Target.activateTarget): Session closed. Most likely the page has been closed.
    at CDPSession.send (C:\source\yt-scraping\node_modules\puppeteer\lib\cjs\puppeteer\common\Connection.js:195:35)
    at Page._screenshotTask (C:\source\yt-scraping\node_modules\puppeteer\lib\cjs\puppeteer\common\Page.js:1084:28)
    at C:\source\yt-scraping\node_modules\puppeteer\lib\cjs\puppeteer\common\Page.js:1081:62
    at processTicksAndRejections (internal/process/task_queues.js:93:5)
[2021-09-29T05:59:18.267] [ERROR] system - ReferenceError: page is not defined
    at newBrowser (C:\source\yt-scraping\func-lpkick\lpkick.js:646:5)
    at processTicksAndRejections (internal/process/task_queues.js:93:5)
    at async C:\source\yt-scraping\func-lpkick\lpkick.js:114:5
[2021-09-29T06:00:46.020] [INFO] system - キック：{"isWindows":["Windows"],"---1---":"====== BasicSetting ======","mypageUrl":"https://t.livepocket.jp/my_top","autoLogin":false,"confUser":"dabame8549@mi166.com","confPass":"6yjAWLhCxVT2","testUser":"sugachan.tectec@gmail.com","testPass":"6yjAWLhCxVT2","targetUrl":"https://t.livepocket.jp/e/bybbit1003/","targetName":"通常チケット整理番号券","targetNumber":"1","storeTypeId":"002","loginTime":"2021-09-29 02:00","startTime":"2021-09-29 02:15","isBrowse":true,"isTest":true,"isJamCheck":true,"isCredit":false,"isMailSend":false,"notCheckOnly":true,"isClose":false,"isMobile":true,"dareSec":0,"isConnect":true,"isLogger":true,"advSec":-245,"isOrigin":true,"isOriginCancel":false,"jamTryCnt":10,"proxy":"45.130.126.194:8000","proxyUser":"Z3SpVY","proxyPass":"SqoYCw","---2---":"====== MailSetting(GmailOnly) ======","fromMail":"sugachan.tectec@gmail.com","fromMailPass":"sero3202","toMail":"","toSysMail":"trigger@applet.ifttt.com"}
[2021-09-29T06:00:46.024] [INFO] system - 【テスト】
[2021-09-29T06:00:46.029] [INFO] system - 2021-09-29 02:00:00にすでに到達
[2021-09-29T06:00:46.032] [INFO] system - ログイン処理想定時間到達
[2021-09-29T06:00:46.765] [INFO] system - ブラウザ起動後準備完了
[2021-09-29T06:00:48.312] [INFO] system - ログインページに移動完了
[2021-09-29T06:00:51.113] [INFO] system - ログイン完了
[2021-09-29T06:00:51.128] [INFO] system - 混線なし
[2021-09-29T06:00:51.156] [ERROR] system - Error: Protocol error (Runtime.callFunctionOn): Session closed. Most likely the page has been closed.
    at CDPSession.send (C:\source\yt-scraping\node_modules\puppeteer\lib\cjs\puppeteer\common\Connection.js:195:35)
    at ExecutionContext._evaluateInternal (C:\source\yt-scraping\node_modules\puppeteer\lib\cjs\puppeteer\common\ExecutionContext.js:200:50)
    at ExecutionContext.evaluateHandle (C:\source\yt-scraping\node_modules\puppeteer\lib\cjs\puppeteer\common\ExecutionContext.js:151:21)
    at ElementHandle.evaluateHandle (C:\source\yt-scraping\node_modules\puppeteer\lib\cjs\puppeteer\common\JSHandle.js:120:46)
    at Object.internalHandler.queryOne (C:\source\yt-scraping\node_modules\puppeteer\lib\cjs\puppeteer\common\QueryHandler.js:24:44)
    at ElementHandle.$ (C:\source\yt-scraping\node_modules\puppeteer\lib\cjs\puppeteer\common\JSHandle.js:621:29)
    at C:\source\yt-scraping\func-lpkick\lpkick.js:748:44
    at Array.forEachAsync (C:\source\yt-scraping\node_modules\array-foreach-async\index.js:15:19)
    at checkTargetPage (C:\source\yt-scraping\func-lpkick\lpkick.js:747:16)
    at processTicksAndRejections (internal/process/task_queues.js:93:5)
[2021-09-29T06:00:51.164] [ERROR] system - Error: Protocol error (Target.activateTarget): Session closed. Most likely the page has been closed.
    at CDPSession.send (C:\source\yt-scraping\node_modules\puppeteer\lib\cjs\puppeteer\common\Connection.js:195:35)
    at Page._screenshotTask (C:\source\yt-scraping\node_modules\puppeteer\lib\cjs\puppeteer\common\Page.js:1084:28)
    at C:\source\yt-scraping\node_modules\puppeteer\lib\cjs\puppeteer\common\Page.js:1081:62
    at processTicksAndRejections (internal/process/task_queues.js:93:5)
[2021-09-29T06:00:51.166] [ERROR] system - ReferenceError: page is not defined
    at newBrowser (C:\source\yt-scraping\func-lpkick\lpkick.js:646:5)
    at processTicksAndRejections (internal/process/task_queues.js:93:5)
    at async C:\source\yt-scraping\func-lpkick\lpkick.js:114:5
[2021-09-29T06:02:53.042] [INFO] system - キック：{"isWindows":["Windows"],"---1---":"====== BasicSetting ======","mypageUrl":"https://t.livepocket.jp/my_top","autoLogin":false,"confUser":"dabame8549@mi166.com","confPass":"6yjAWLhCxVT2","testUser":"sugachan.tectec@gmail.com","testPass":"6yjAWLhCxVT2","targetUrl":"https://t.livepocket.jp/e/bybbit1003/","targetName":"通常チケット整理番号券","targetNumber":"1","storeTypeId":"002","loginTime":"2021-09-29 02:00","startTime":"2021-09-29 02:15","isBrowse":true,"isTest":true,"isJamCheck":true,"isCredit":false,"isMailSend":false,"notCheckOnly":true,"isClose":false,"isMobile":true,"dareSec":0,"isConnect":true,"isLogger":true,"advSec":-245,"isOrigin":true,"isOriginCancel":false,"jamTryCnt":10,"proxy":"45.130.126.194:8000","proxyUser":"Z3SpVY","proxyPass":"SqoYCw","---2---":"====== MailSetting(GmailOnly) ======","fromMail":"sugachan.tectec@gmail.com","fromMailPass":"sero3202","toMail":"","toSysMail":"trigger@applet.ifttt.com"}
[2021-09-29T06:02:53.047] [INFO] system - 【テスト】
[2021-09-29T06:02:53.052] [INFO] system - 2021-09-29 02:00:00にすでに到達
[2021-09-29T06:02:53.054] [INFO] system - ログイン処理想定時間到達
[2021-09-29T06:05:45.620] [INFO] system - キック：{"isWindows":["Windows"],"---1---":"====== BasicSetting ======","mypageUrl":"https://t.livepocket.jp/my_top","autoLogin":false,"confUser":"dabame8549@mi166.com","confPass":"6yjAWLhCxVT2","testUser":"sugachan.tectec@gmail.com","testPass":"6yjAWLhCxVT2","targetUrl":"https://t.livepocket.jp/e/bybbit1003/","targetName":"通常チケット整理番号券","targetNumber":"1","storeTypeId":"002","loginTime":"2021-09-29 02:00","startTime":"2021-09-29 02:15","isBrowse":true,"isTest":true,"isJamCheck":true,"isCredit":false,"isMailSend":false,"notCheckOnly":true,"isClose":false,"isMobile":true,"dareSec":0,"isConnect":true,"isLogger":true,"advSec":-245,"isOrigin":true,"isOriginCancel":false,"jamTryCnt":10,"proxy":"45.130.126.194:8000","proxyUser":"Z3SpVY","proxyPass":"SqoYCw","---2---":"====== MailSetting(GmailOnly) ======","fromMail":"sugachan.tectec@gmail.com","fromMailPass":"sero3202","toMail":"","toSysMail":"trigger@applet.ifttt.com"}
[2021-09-29T06:05:45.624] [INFO] system - 【テスト】
[2021-09-29T06:05:45.629] [INFO] system - 2021-09-29 02:00:00にすでに到達
[2021-09-29T06:05:45.631] [INFO] system - ログイン処理想定時間到達
[2021-09-29T06:06:10.378] [INFO] system - キック：{"isWindows":["Windows"],"---1---":"====== BasicSetting ======","mypageUrl":"https://t.livepocket.jp/my_top","autoLogin":false,"confUser":"dabame8549@mi166.com","confPass":"6yjAWLhCxVT2","testUser":"sugachan.tectec@gmail.com","testPass":"6yjAWLhCxVT2","targetUrl":"https://t.livepocket.jp/e/bybbit1003/","targetName":"通常チケット整理番号券","targetNumber":"1","storeTypeId":"002","loginTime":"2021-09-29 02:00","startTime":"2021-09-29 02:15","isBrowse":true,"isTest":true,"isJamCheck":true,"isCredit":false,"isMailSend":false,"notCheckOnly":true,"isClose":false,"isMobile":true,"dareSec":0,"isConnect":true,"isLogger":true,"advSec":-245,"isOrigin":true,"isOriginCancel":false,"jamTryCnt":10,"proxy":"45.130.126.194:8000","proxyUser":"Z3SpVY","proxyPass":"SqoYCw","---2---":"====== MailSetting(GmailOnly) ======","fromMail":"sugachan.tectec@gmail.com","fromMailPass":"sero3202","toMail":"","toSysMail":"trigger@applet.ifttt.com"}
[2021-09-29T06:06:10.382] [INFO] system - 【テスト】
[2021-09-29T06:06:10.386] [INFO] system - 2021-09-29 02:00:00にすでに到達
[2021-09-29T06:06:10.388] [INFO] system - ログイン処理想定時間到達
[2021-09-29T06:06:11.123] [INFO] system - ブラウザ起動後準備完了
[2021-09-29T06:06:12.796] [INFO] system - ログインページに移動完了
[2021-09-29T06:06:15.212] [INFO] system - ログイン完了
[2021-09-29T06:06:15.227] [INFO] system - 混線なし
[2021-09-29T06:06:15.257] [INFO] system - 「通常チケット整理番号券」の存在を確認(.table #ticket-513710)
[2021-09-29T06:06:18.261] [INFO] system - .table #ticket-513710ロック外し開始
[2021-09-29T06:06:18.275] [INFO] system - 1セット選択終了
[2021-09-29T06:06:18.279] [INFO] system - 2021-09-29 02:14にすでに到達
[2021-09-29T06:06:18.280] [INFO] system - 前ページへ移動
[2021-09-29T06:06:19.819] [INFO] system - 2021-09-29 02:14にすでに到達
[2021-09-29T06:06:19.821] [INFO] system - 購入処理想定時間到達
[2021-09-29T06:06:19.822] [INFO] system - <成績時間カウント開始>
[2021-09-29T06:06:19.823] [INFO] system - 購入可能状態確認start(1回目)
[2021-09-29T06:06:19.824] [INFO] system - 次ページへ移動
[2021-09-29T06:06:20.332] [ERROR] system - Error: Navigation failed because browser has disconnected!
    at C:\source\yt-scraping\node_modules\puppeteer\lib\cjs\puppeteer\common\LifecycleWatcher.js:51:147
    at C:\source\yt-scraping\node_modules\puppeteer\lib\cjs\vendor\mitt\src\index.js:51:62
    at Array.map (<anonymous>)
    at Object.emit (C:\source\yt-scraping\node_modules\puppeteer\lib\cjs\vendor\mitt\src\index.js:51:43)
    at CDPSession.emit (C:\source\yt-scraping\node_modules\puppeteer\lib\cjs\puppeteer\common\EventEmitter.js:72:22)
    at CDPSession._onClosed (C:\source\yt-scraping\node_modules\puppeteer\lib\cjs\puppeteer\common\Connection.js:247:14)
    at Connection._onMessage (C:\source\yt-scraping\node_modules\puppeteer\lib\cjs\puppeteer\common\Connection.js:94:25)
    at WebSocket.<anonymous> (C:\source\yt-scraping\node_modules\puppeteer\lib\cjs\puppeteer\node\NodeWebSocketTransport.js:13:32)
    at WebSocket.onMessage (C:\source\yt-scraping\node_modules\ws\lib\event-target.js:132:16)
    at WebSocket.emit (events.js:315:20)
[2021-09-29T06:06:20.336] [ERROR] system - ReferenceError: page is not defined
    at newBrowser (C:\source\yt-scraping\func-lpkick\lpkick.js:652:5)
    at processTicksAndRejections (internal/process/task_queues.js:93:5)
    at async C:\source\yt-scraping\func-lpkick\lpkick.js:114:5
[2021-09-29T06:06:47.110] [INFO] system - キック：{"isWindows":["Windows"],"---1---":"====== BasicSetting ======","mypageUrl":"https://t.livepocket.jp/my_top","autoLogin":false,"confUser":"dabame8549@mi166.com","confPass":"6yjAWLhCxVT2","testUser":"sugachan.tectec@gmail.com","testPass":"6yjAWLhCxVT2","targetUrl":"https://t.livepocket.jp/e/bybbit1003/","targetName":"通常チケット整理番号券","targetNumber":"1","storeTypeId":"002","loginTime":"2021-09-29 02:00","startTime":"2021-09-29 02:15","isBrowse":true,"isTest":true,"isJamCheck":true,"isCredit":false,"isMailSend":false,"notCheckOnly":true,"isClose":false,"isMobile":true,"dareSec":0,"isConnect":true,"isLogger":true,"advSec":-245,"isOrigin":true,"isOriginCancel":false,"jamTryCnt":10,"proxy":"45.130.126.194:8000","proxyUser":"Z3SpVY","proxyPass":"SqoYCw","---2---":"====== MailSetting(GmailOnly) ======","fromMail":"sugachan.tectec@gmail.com","fromMailPass":"sero3202","toMail":"","toSysMail":"trigger@applet.ifttt.com"}
[2021-09-29T06:06:47.115] [INFO] system - 【テスト】
[2021-09-29T06:06:47.121] [INFO] system - 2021-09-29 02:00:00にすでに到達
[2021-09-29T06:06:47.124] [INFO] system - ログイン処理想定時間到達
[2021-09-29T06:07:32.812] [INFO] system - キック：{"isWindows":["Windows"],"---1---":"====== BasicSetting ======","mypageUrl":"https://t.livepocket.jp/my_top","autoLogin":false,"confUser":"dabame8549@mi166.com","confPass":"6yjAWLhCxVT2","testUser":"sugachan.tectec@gmail.com","testPass":"6yjAWLhCxVT2","targetUrl":"https://t.livepocket.jp/e/bybbit1003/","targetName":"通常チケット整理番号券","targetNumber":"1","storeTypeId":"002","loginTime":"2021-09-29 02:00","startTime":"2021-09-29 02:15","isBrowse":true,"isTest":true,"isJamCheck":true,"isCredit":false,"isMailSend":false,"notCheckOnly":true,"isClose":false,"isMobile":true,"dareSec":0,"isConnect":true,"isLogger":true,"advSec":-245,"isOrigin":true,"isOriginCancel":false,"jamTryCnt":10,"proxy":"45.130.126.194:8000","proxyUser":"Z3SpVY","proxyPass":"SqoYCw","---2---":"====== MailSetting(GmailOnly) ======","fromMail":"sugachan.tectec@gmail.com","fromMailPass":"sero3202","toMail":"","toSysMail":"trigger@applet.ifttt.com"}
[2021-09-29T06:07:32.817] [INFO] system - 【テスト】
[2021-09-29T06:07:32.823] [INFO] system - 2021-09-29 02:00:00にすでに到達
[2021-09-29T06:07:32.826] [INFO] system - ログイン処理想定時間到達
[2021-09-29T06:08:02.526] [INFO] system - キック：{"isWindows":["Windows"],"---1---":"====== BasicSetting ======","mypageUrl":"https://t.livepocket.jp/my_top","autoLogin":false,"confUser":"dabame8549@mi166.com","confPass":"6yjAWLhCxVT2","testUser":"sugachan.tectec@gmail.com","testPass":"6yjAWLhCxVT2","targetUrl":"https://t.livepocket.jp/e/bybbit1003/","targetName":"通常チケット整理番号券","targetNumber":"1","storeTypeId":"002","loginTime":"2021-09-29 02:00","startTime":"2021-09-29 02:15","isBrowse":true,"isTest":true,"isJamCheck":true,"isCredit":false,"isMailSend":false,"notCheckOnly":true,"isClose":false,"isMobile":true,"dareSec":0,"isConnect":true,"isLogger":true,"advSec":-245,"isOrigin":true,"isOriginCancel":false,"jamTryCnt":10,"proxy":"45.130.126.194:8000","proxyUser":"Z3SpVY","proxyPass":"SqoYCw","---2---":"====== MailSetting(GmailOnly) ======","fromMail":"sugachan.tectec@gmail.com","fromMailPass":"sero3202","toMail":"","toSysMail":"trigger@applet.ifttt.com"}
[2021-09-29T06:08:02.530] [INFO] system - 【テスト】
[2021-09-29T06:08:02.536] [INFO] system - 2021-09-29 02:00:00にすでに到達
[2021-09-29T06:08:02.540] [INFO] system - ログイン処理想定時間到達
[2021-09-29T06:08:03.269] [INFO] system - ブラウザ起動後準備完了
[2021-09-29T06:08:04.771] [INFO] system - ログインページに移動完了
[2021-09-29T06:08:07.303] [INFO] system - ログイン完了
[2021-09-29T06:08:07.319] [INFO] system - 混線なし
[2021-09-29T06:08:07.345] [INFO] system - 「通常チケット整理番号券」の存在を確認(.table #ticket-513710)
[2021-09-29T06:08:10.051] [ERROR] system - Error: Navigation failed because browser has disconnected!
    at C:\source\yt-scraping\node_modules\puppeteer\lib\cjs\puppeteer\common\LifecycleWatcher.js:51:147
    at C:\source\yt-scraping\node_modules\puppeteer\lib\cjs\vendor\mitt\src\index.js:51:62
    at Array.map (<anonymous>)
    at Object.emit (C:\source\yt-scraping\node_modules\puppeteer\lib\cjs\vendor\mitt\src\index.js:51:43)
    at CDPSession.emit (C:\source\yt-scraping\node_modules\puppeteer\lib\cjs\puppeteer\common\EventEmitter.js:72:22)
    at CDPSession._onClosed (C:\source\yt-scraping\node_modules\puppeteer\lib\cjs\puppeteer\common\Connection.js:247:14)
    at Connection._onMessage (C:\source\yt-scraping\node_modules\puppeteer\lib\cjs\puppeteer\common\Connection.js:94:25)
    at WebSocket.<anonymous> (C:\source\yt-scraping\node_modules\puppeteer\lib\cjs\puppeteer\node\NodeWebSocketTransport.js:13:32)
    at WebSocket.onMessage (C:\source\yt-scraping\node_modules\ws\lib\event-target.js:132:16)
    at WebSocket.emit (events.js:315:20)
[2021-09-29T06:08:10.057] [ERROR] system - ReferenceError: page is not defined
    at newBrowser (C:\source\yt-scraping\func-lpkick\lpkick.js:652:5)
    at runMicrotasks (<anonymous>)
    at processTicksAndRejections (internal/process/task_queues.js:93:5)
    at async C:\source\yt-scraping\func-lpkick\lpkick.js:114:5
[2021-09-29T06:08:20.491] [INFO] system - キック：{"isWindows":["Windows"],"---1---":"====== BasicSetting ======","mypageUrl":"https://t.livepocket.jp/my_top","autoLogin":false,"confUser":"dabame8549@mi166.com","confPass":"6yjAWLhCxVT2","testUser":"sugachan.tectec@gmail.com","testPass":"6yjAWLhCxVT2","targetUrl":"https://t.livepocket.jp/e/bybbit1003/","targetName":"通常チケット整理番号券","targetNumber":"1","storeTypeId":"002","loginTime":"2021-09-29 02:00","startTime":"2021-09-29 02:15","isBrowse":true,"isTest":true,"isJamCheck":true,"isCredit":false,"isMailSend":false,"notCheckOnly":true,"isClose":false,"isMobile":true,"dareSec":0,"isConnect":true,"isLogger":true,"advSec":-245,"isOrigin":true,"isOriginCancel":false,"jamTryCnt":10,"proxy":"45.130.126.194:800","proxyUser":"Z3SpVY","proxyPass":"SqoYCw","---2---":"====== MailSetting(GmailOnly) ======","fromMail":"sugachan.tectec@gmail.com","fromMailPass":"sero3202","toMail":"","toSysMail":"trigger@applet.ifttt.com"}
[2021-09-29T06:08:20.495] [INFO] system - 【テスト】
[2021-09-29T06:08:20.499] [INFO] system - 2021-09-29 02:00:00にすでに到達
[2021-09-29T06:08:20.504] [INFO] system - ログイン処理想定時間到達
[2021-09-29T06:08:21.203] [INFO] system - ブラウザ起動後準備完了
[2021-09-29T06:08:22.642] [INFO] system - ログインページに移動完了
[2021-09-29T06:08:23.796] [ERROR] system - Error: Protocol error (Input.dispatchKeyEvent): Target closed.
    at C:\source\yt-scraping\node_modules\puppeteer\lib\cjs\puppeteer\common\Connection.js:208:63
    at new Promise (<anonymous>)
    at CDPSession.send (C:\source\yt-scraping\node_modules\puppeteer\lib\cjs\puppeteer\common\Connection.js:207:16)
    at Keyboard.up (C:\source\yt-scraping\node_modules\puppeteer\lib\cjs\puppeteer\common\Input.js:168:28)
    at Keyboard.press (C:\source\yt-scraping\node_modules\puppeteer\lib\cjs\puppeteer\common\Input.js:258:20)
    at processTicksAndRejections (internal/process/task_queues.js:93:5)
    at async Keyboard.type (C:\source\yt-scraping\node_modules\puppeteer\lib\cjs\puppeteer\common\Input.js:224:17)
    at async ElementHandle.type (C:\source\yt-scraping\node_modules\puppeteer\lib\cjs\puppeteer\common\JSHandle.js:522:9)
    at async DOMWorld.type (C:\source\yt-scraping\node_modules\puppeteer\lib\cjs\puppeteer\common\DOMWorld.js:308:9)
    at async newLogin (C:\source\yt-scraping\func-lpkick\lpkick.js:677:7)
[2021-09-29T06:08:23.802] [ERROR] system - Error: Protocol error (Target.activateTarget): Session closed. Most likely the page has been closed.
    at CDPSession.send (C:\source\yt-scraping\node_modules\puppeteer\lib\cjs\puppeteer\common\Connection.js:195:35)
    at Page._screenshotTask (C:\source\yt-scraping\node_modules\puppeteer\lib\cjs\puppeteer\common\Page.js:1084:28)
    at C:\source\yt-scraping\node_modules\puppeteer\lib\cjs\puppeteer\common\Page.js:1081:62
    at processTicksAndRejections (internal/process/task_queues.js:93:5)
[2021-09-29T06:08:23.805] [ERROR] system - ReferenceError: page is not defined
    at newBrowser (C:\source\yt-scraping\func-lpkick\lpkick.js:652:5)
    at processTicksAndRejections (internal/process/task_queues.js:93:5)
    at async C:\source\yt-scraping\func-lpkick\lpkick.js:114:5
[2021-09-29T06:10:50.909] [INFO] system - キック：{"isWindows":["Windows"],"---1---":"====== BasicSetting ======","mypageUrl":"https://t.livepocket.jp/my_top","autoLogin":false,"confUser":"dabame8549@mi166.com","confPass":"6yjAWLhCxVT2","testUser":"sugachan.tectec@gmail.com","testPass":"6yjAWLhCxVT2","targetUrl":"https://t.livepocket.jp/e/bybbit1003/","targetName":"通常チケット整理番号券","targetNumber":"1","storeTypeId":"002","loginTime":"2021-09-29 02:00","startTime":"2021-09-29 02:15","isBrowse":true,"isTest":true,"isJamCheck":true,"isCredit":false,"isMailSend":false,"notCheckOnly":true,"isClose":false,"isMobile":true,"dareSec":0,"isConnect":true,"isLogger":true,"advSec":-245,"isOrigin":true,"isOriginCancel":false,"jamTryCnt":10,"proxy":"45.130.126.194:8000","proxyUser":"Z3SpVY","proxyPass":"SqoYCw","---2---":"====== MailSetting(GmailOnly) ======","fromMail":"sugachan.tectec@gmail.com","fromMailPass":"sero3202","toMail":"","toSysMail":"trigger@applet.ifttt.com"}
[2021-09-29T06:10:50.912] [INFO] system - 【テスト】
[2021-09-29T06:10:50.916] [INFO] system - 2021-09-29 02:00:00にすでに到達
[2021-09-29T06:10:50.919] [INFO] system - ログイン処理想定時間到達
[2021-09-29T06:10:51.650] [INFO] system - ブラウザ起動後準備完了
[2021-09-29T06:10:53.229] [INFO] system - ログインページに移動完了
[2021-09-29T06:10:54.232] [ERROR] system - Error: Navigation failed because browser has disconnected!
    at C:\source\yt-scraping\node_modules\puppeteer\lib\cjs\puppeteer\common\LifecycleWatcher.js:51:147
    at C:\source\yt-scraping\node_modules\puppeteer\lib\cjs\vendor\mitt\src\index.js:51:62
    at Array.map (<anonymous>)
    at Object.emit (C:\source\yt-scraping\node_modules\puppeteer\lib\cjs\vendor\mitt\src\index.js:51:43)
    at CDPSession.emit (C:\source\yt-scraping\node_modules\puppeteer\lib\cjs\puppeteer\common\EventEmitter.js:72:22)
    at CDPSession._onClosed (C:\source\yt-scraping\node_modules\puppeteer\lib\cjs\puppeteer\common\Connection.js:247:14)
    at Connection._onMessage (C:\source\yt-scraping\node_modules\puppeteer\lib\cjs\puppeteer\common\Connection.js:94:25)
    at WebSocket.<anonymous> (C:\source\yt-scraping\node_modules\puppeteer\lib\cjs\puppeteer\node\NodeWebSocketTransport.js:13:32)
    at WebSocket.onMessage (C:\source\yt-scraping\node_modules\ws\lib\event-target.js:132:16)
    at WebSocket.emit (events.js:315:20)
[2021-09-29T06:10:54.237] [ERROR] system - Error: Protocol error (Target.activateTarget): Session closed. Most likely the page has been closed.
    at CDPSession.send (C:\source\yt-scraping\node_modules\puppeteer\lib\cjs\puppeteer\common\Connection.js:195:35)
    at Page._screenshotTask (C:\source\yt-scraping\node_modules\puppeteer\lib\cjs\puppeteer\common\Page.js:1084:28)
    at C:\source\yt-scraping\node_modules\puppeteer\lib\cjs\puppeteer\common\Page.js:1081:62
    at processTicksAndRejections (internal/process/task_queues.js:93:5)
[2021-09-29T06:10:54.240] [ERROR] system - ReferenceError: page is not defined
    at newBrowser (C:\source\yt-scraping\func-lpkick\lpkick.js:653:5)
    at processTicksAndRejections (internal/process/task_queues.js:93:5)
    at async C:\source\yt-scraping\func-lpkick\lpkick.js:114:5
[2021-09-29T06:13:18.542] [INFO] system - キック：{"isWindows":["Windows"],"---1---":"====== BasicSetting ======","mypageUrl":"https://t.livepocket.jp/my_top","autoLogin":false,"confUser":"dabame8549@mi166.com","confPass":"6yjAWLhCxVT2","testUser":"sugachan.tectec@gmail.com","testPass":"6yjAWLhCxVT2","targetUrl":"https://t.livepocket.jp/e/bybbit1003/","targetName":"通常チケット整理番号券","targetNumber":"1","storeTypeId":"002","loginTime":"2021-09-29 02:00","startTime":"2021-09-29 02:15","isBrowse":true,"isTest":true,"isJamCheck":true,"isCredit":false,"isMailSend":false,"notCheckOnly":true,"isClose":false,"isMobile":true,"dareSec":0,"isConnect":true,"isLogger":true,"advSec":-245,"isOrigin":true,"isOriginCancel":false,"jamTryCnt":10,"proxy":"45.130.126.194:8000","proxyUser":"Z3SpVY","proxyPass":"SqoYCw","---2---":"====== MailSetting(GmailOnly) ======","fromMail":"sugachan.tectec@gmail.com","fromMailPass":"sero3202","toMail":"","toSysMail":"trigger@applet.ifttt.com"}
[2021-09-29T06:13:18.546] [INFO] system - 【テスト】
[2021-09-29T06:13:18.550] [INFO] system - 2021-09-29 02:00:00にすでに到達
[2021-09-29T06:13:18.552] [INFO] system - ログイン処理想定時間到達
[2021-09-29T06:13:19.489] [INFO] system - ブラウザ起動後準備完了
[2021-09-29T06:13:31.031] [INFO] system - ログインページに移動完了
[2021-09-29T06:13:35.677] [ERROR] system - Error: Navigation failed because browser has disconnected!
    at C:\source\yt-scraping\node_modules\puppeteer\lib\cjs\puppeteer\common\LifecycleWatcher.js:51:147
    at C:\source\yt-scraping\node_modules\puppeteer\lib\cjs\vendor\mitt\src\index.js:51:62
    at Array.map (<anonymous>)
    at Object.emit (C:\source\yt-scraping\node_modules\puppeteer\lib\cjs\vendor\mitt\src\index.js:51:43)
    at CDPSession.emit (C:\source\yt-scraping\node_modules\puppeteer\lib\cjs\puppeteer\common\EventEmitter.js:72:22)
    at CDPSession._onClosed (C:\source\yt-scraping\node_modules\puppeteer\lib\cjs\puppeteer\common\Connection.js:247:14)
    at Connection._onMessage (C:\source\yt-scraping\node_modules\puppeteer\lib\cjs\puppeteer\common\Connection.js:94:25)
    at WebSocket.<anonymous> (C:\source\yt-scraping\node_modules\puppeteer\lib\cjs\puppeteer\node\NodeWebSocketTransport.js:13:32)
    at WebSocket.onMessage (C:\source\yt-scraping\node_modules\ws\lib\event-target.js:132:16)
    at WebSocket.emit (events.js:315:20)
[2021-09-29T06:13:35.686] [ERROR] system - Error: Protocol error (Target.activateTarget): Session closed. Most likely the page has been closed.
    at CDPSession.send (C:\source\yt-scraping\node_modules\puppeteer\lib\cjs\puppeteer\common\Connection.js:195:35)
    at Page._screenshotTask (C:\source\yt-scraping\node_modules\puppeteer\lib\cjs\puppeteer\common\Page.js:1084:28)
    at C:\source\yt-scraping\node_modules\puppeteer\lib\cjs\puppeteer\common\Page.js:1081:62
    at processTicksAndRejections (internal/process/task_queues.js:93:5)
[2021-09-29T06:13:35.690] [ERROR] system - ReferenceError: page is not defined
    at newBrowser (C:\source\yt-scraping\func-lpkick\lpkick.js:653:5)
    at processTicksAndRejections (internal/process/task_queues.js:93:5)
    at async C:\source\yt-scraping\func-lpkick\lpkick.js:114:5
[2021-09-29T06:14:47.530] [INFO] system - キック：{"isWindows":["Windows"],"---1---":"====== BasicSetting ======","mypageUrl":"https://t.livepocket.jp/my_top","autoLogin":false,"confUser":"dabame8549@mi166.com","confPass":"6yjAWLhCxVT2","testUser":"sugachan.tectec@gmail.com","testPass":"6yjAWLhCxVT2","targetUrl":"https://t.livepocket.jp/e/bybbit1003/","targetName":"通常チケット整理番号券","targetNumber":"1","storeTypeId":"002","loginTime":"2021-09-29 02:00","startTime":"2021-09-29 02:15","isBrowse":true,"isTest":true,"isJamCheck":true,"isCredit":false,"isMailSend":false,"notCheckOnly":true,"isClose":false,"isMobile":true,"dareSec":0,"isConnect":true,"isLogger":true,"advSec":-245,"isOrigin":true,"isOriginCancel":false,"jamTryCnt":10,"proxy":"45.130.126.194:8000","proxyUser":"Z3SpVy","proxyPass":"SqoYCw","---2---":"====== MailSetting(GmailOnly) ======","fromMail":"sugachan.tectec@gmail.com","fromMailPass":"sero3202","toMail":"","toSysMail":"trigger@applet.ifttt.com"}
[2021-09-29T06:14:47.534] [INFO] system - 【テスト】
[2021-09-29T06:14:47.539] [INFO] system - 2021-09-29 02:00:00にすでに到達
[2021-09-29T06:14:47.542] [INFO] system - ログイン処理想定時間到達
[2021-09-29T06:14:48.270] [INFO] system - ブラウザ起動後準備完了
[2021-09-29T06:15:06.241] [ERROR] system - Error: Navigation failed because browser has disconnected!
    at C:\source\yt-scraping\node_modules\puppeteer\lib\cjs\puppeteer\common\LifecycleWatcher.js:51:147
    at C:\source\yt-scraping\node_modules\puppeteer\lib\cjs\vendor\mitt\src\index.js:51:62
    at Array.map (<anonymous>)
    at Object.emit (C:\source\yt-scraping\node_modules\puppeteer\lib\cjs\vendor\mitt\src\index.js:51:43)
    at CDPSession.emit (C:\source\yt-scraping\node_modules\puppeteer\lib\cjs\puppeteer\common\EventEmitter.js:72:22)
    at CDPSession._onClosed (C:\source\yt-scraping\node_modules\puppeteer\lib\cjs\puppeteer\common\Connection.js:247:14)
    at Connection._onMessage (C:\source\yt-scraping\node_modules\puppeteer\lib\cjs\puppeteer\common\Connection.js:94:25)
    at WebSocket.<anonymous> (C:\source\yt-scraping\node_modules\puppeteer\lib\cjs\puppeteer\node\NodeWebSocketTransport.js:13:32)
    at WebSocket.onMessage (C:\source\yt-scraping\node_modules\ws\lib\event-target.js:132:16)
    at WebSocket.emit (events.js:315:20)
[2021-09-29T06:15:06.244] [ERROR] system - ReferenceError: page is not defined
    at newBrowser (C:\source\yt-scraping\func-lpkick\lpkick.js:653:5)
    at processTicksAndRejections (internal/process/task_queues.js:93:5)
    at async C:\source\yt-scraping\func-lpkick\lpkick.js:114:5
[2021-09-29T06:15:15.860] [INFO] system - キック：{"isWindows":["Windows"],"---1---":"====== BasicSetting ======","mypageUrl":"https://t.livepocket.jp/my_top","autoLogin":false,"confUser":"dabame8549@mi166.com","confPass":"6yjAWLhCxVT2","testUser":"sugachan.tectec@gmail.com","testPass":"6yjAWLhCxVT2","targetUrl":"https://t.livepocket.jp/e/bybbit1003/","targetName":"通常チケット整理番号券","targetNumber":"1","storeTypeId":"002","loginTime":"2021-09-29 02:00","startTime":"2021-09-29 02:15","isBrowse":true,"isTest":true,"isJamCheck":true,"isCredit":false,"isMailSend":false,"notCheckOnly":true,"isClose":false,"isMobile":true,"dareSec":0,"isConnect":true,"isLogger":true,"advSec":-245,"isOrigin":true,"isOriginCancel":false,"jamTryCnt":10,"proxy":"45.130.126.194:8000","proxyUser":"Z3SpVY","proxyPass":"SqoYCw","---2---":"====== MailSetting(GmailOnly) ======","fromMail":"sugachan.tectec@gmail.com","fromMailPass":"sero3202","toMail":"","toSysMail":"trigger@applet.ifttt.com"}
[2021-09-29T06:15:15.863] [INFO] system - 【テスト】
[2021-09-29T06:15:15.868] [INFO] system - 2021-09-29 02:00:00にすでに到達
[2021-09-29T06:15:15.872] [INFO] system - ログイン処理想定時間到達
[2021-09-29T06:15:16.628] [INFO] system - ブラウザ起動後準備完了
[2021-09-29T06:15:25.100] [ERROR] system - Error: Navigation failed because browser has disconnected!
    at C:\source\yt-scraping\node_modules\puppeteer\lib\cjs\puppeteer\common\LifecycleWatcher.js:51:147
    at C:\source\yt-scraping\node_modules\puppeteer\lib\cjs\vendor\mitt\src\index.js:51:62
    at Array.map (<anonymous>)
    at Object.emit (C:\source\yt-scraping\node_modules\puppeteer\lib\cjs\vendor\mitt\src\index.js:51:43)
    at CDPSession.emit (C:\source\yt-scraping\node_modules\puppeteer\lib\cjs\puppeteer\common\EventEmitter.js:72:22)
    at CDPSession._onClosed (C:\source\yt-scraping\node_modules\puppeteer\lib\cjs\puppeteer\common\Connection.js:247:14)
    at Connection._onMessage (C:\source\yt-scraping\node_modules\puppeteer\lib\cjs\puppeteer\common\Connection.js:94:25)
    at WebSocket.<anonymous> (C:\source\yt-scraping\node_modules\puppeteer\lib\cjs\puppeteer\node\NodeWebSocketTransport.js:13:32)
    at WebSocket.onMessage (C:\source\yt-scraping\node_modules\ws\lib\event-target.js:132:16)
    at WebSocket.emit (events.js:315:20)
[2021-09-29T06:15:25.109] [ERROR] system - ReferenceError: page is not defined
    at newBrowser (C:\source\yt-scraping\func-lpkick\lpkick.js:653:5)
    at processTicksAndRejections (internal/process/task_queues.js:93:5)
    at async C:\source\yt-scraping\func-lpkick\lpkick.js:114:5
[2021-09-29T06:19:43.181] [INFO] system - キック：{"isWindows":["Windows"],"---1---":"====== BasicSetting ======","mypageUrl":"https://t.livepocket.jp/my_top","autoLogin":false,"confUser":"natipo5714@mom2kid.com","confPass":"6yjAWLhCxVT2","testUser":"sugachan.tectec@gmail.com","testPass":"6yjAWLhCxVT2","targetUrl":"https://t.livepocket.jp/e/osaka0919/","targetName":"３部優先入場チケット整理番号券","targetNumber":"2","storeTypeId":"002","loginTime":"2021-09-17 21:45","startTime":"2021-09-17 22:00","isBrowse":false,"isTest":false,"isJamCheck":true,"isCredit":false,"isMailSend":false,"notCheckOnly":true,"isClose":false,"isMobile":true,"dareSec":0,"isConnect":true,"isLogger":true,"advSec":-250,"isOrigin":true,"isOriginCancel":false,"jamTryCnt":10,"isProxy":false,"proxy":"45.32.56.105:30637","proxyUser":"n5bUsG","proxyPass":"MK980k","---2---":"====== MailSetting(GmailOnly) ======","fromMail":"sugachan.tectec@gmail.com","fromMailPass":"sero3202","toMail":"","toSysMail":"trigger@applet.ifttt.com"}
[2021-09-29T06:19:43.185] [INFO] system - 【本番】
[2021-09-29T06:19:43.190] [INFO] system - 2021-09-17 21:45:00にすでに到達
[2021-09-29T06:19:43.193] [INFO] system - ログイン処理想定時間到達
[2021-09-29T06:19:43.993] [INFO] system - ブラウザ起動後準備完了
[2021-09-29T06:19:45.316] [ERROR] system - Error: Navigation failed because browser has disconnected!
    at C:\source\yt-scraping\node_modules\puppeteer\lib\cjs\puppeteer\common\LifecycleWatcher.js:51:147
    at C:\source\yt-scraping\node_modules\puppeteer\lib\cjs\vendor\mitt\src\index.js:51:62
    at Array.map (<anonymous>)
    at Object.emit (C:\source\yt-scraping\node_modules\puppeteer\lib\cjs\vendor\mitt\src\index.js:51:43)
    at CDPSession.emit (C:\source\yt-scraping\node_modules\puppeteer\lib\cjs\puppeteer\common\EventEmitter.js:72:22)
    at CDPSession._onClosed (C:\source\yt-scraping\node_modules\puppeteer\lib\cjs\puppeteer\common\Connection.js:247:14)
    at Connection._onClose (C:\source\yt-scraping\node_modules\puppeteer\lib\cjs\puppeteer\common\Connection.js:128:21)
    at WebSocket.<anonymous> (C:\source\yt-scraping\node_modules\puppeteer\lib\cjs\puppeteer\node\NodeWebSocketTransport.js:17:30)
    at WebSocket.onClose (C:\source\yt-scraping\node_modules\ws\lib\event-target.js:136:16)
    at WebSocket.emit (events.js:315:20)
[2021-09-29T06:19:45.319] [ERROR] system - ReferenceError: page is not defined
    at newBrowser (C:\source\yt-scraping\func-lpkick\lpkick.js:653:5)
    at processTicksAndRejections (internal/process/task_queues.js:93:5)
    at async C:\source\yt-scraping\func-lpkick\lpkick.js:114:5
[2021-09-29T06:20:20.802] [INFO] system - キック：{"isWindows":["Windows"],"---1---":"====== BasicSetting ======","mypageUrl":"https://t.livepocket.jp/my_top","autoLogin":false,"confUser":"natipo5714@mom2kid.com","confPass":"6yjAWLhCxVT2","testUser":"sugachan.tectec@gmail.com","testPass":"6yjAWLhCxVT2","targetUrl":"https://t.livepocket.jp/e/bybbit1003/","targetName":"通常チケット整理番号券","targetNumber":"1","storeTypeId":"002","loginTime":"2021-09-29 02:00","startTime":"2021-09-29 02:15","isBrowse":true,"isTest":true,"isJamCheck":true,"isCredit":false,"isMailSend":false,"notCheckOnly":true,"isClose":false,"isMobile":true,"dareSec":0,"isConnect":true,"isLogger":true,"advSec":-245,"isOrigin":true,"isOriginCancel":false,"jamTryCnt":10,"isProxy":true,"proxy":"45.32.56.105:30637","proxyUser":"n5bUsG","proxyPass":"MK980k","---2---":"====== MailSetting(GmailOnly) ======","fromMail":"sugachan.tectec@gmail.com","fromMailPass":"sero3202","toMail":"","toSysMail":"trigger@applet.ifttt.com"}
[2021-09-29T06:20:20.806] [INFO] system - 【テスト】
[2021-09-29T06:20:20.811] [INFO] system - 2021-09-29 02:00:00にすでに到達
[2021-09-29T06:20:20.814] [INFO] system - ログイン処理想定時間到達
[2021-09-29T06:20:21.521] [INFO] system - ブラウザ起動後準備完了
[2021-09-29T06:20:21.627] [ERROR] system - Error: net::ERR_TUNNEL_CONNECTION_FAILED at https://t.livepocket.jp/e/bybbit1003/
    at navigate (C:\source\yt-scraping\node_modules\puppeteer\lib\cjs\puppeteer\common\FrameManager.js:115:23)
    at processTicksAndRejections (internal/process/task_queues.js:93:5)
    at async FrameManager.navigateFrame (C:\source\yt-scraping\node_modules\puppeteer\lib\cjs\puppeteer\common\FrameManager.js:90:21)
    at async Frame.goto (C:\source\yt-scraping\node_modules\puppeteer\lib\cjs\puppeteer\common\FrameManager.js:417:16)
    at async Page.goto (C:\source\yt-scraping\node_modules\puppeteer\lib\cjs\puppeteer\common\Page.js:784:16)
    at async newBrowser (C:\source\yt-scraping\func-lpkick\lpkick.js:376:5)
    at async C:\source\yt-scraping\func-lpkick\lpkick.js:114:5
[2021-09-29T06:20:21.634] [ERROR] system - ReferenceError: page is not defined
    at newBrowser (C:\source\yt-scraping\func-lpkick\lpkick.js:653:5)
    at processTicksAndRejections (internal/process/task_queues.js:93:5)
    at async C:\source\yt-scraping\func-lpkick\lpkick.js:114:5
