[2021-10-06T21:41:17.021] [INFO] system - キック：{"isWindows":["Windows"],"---1---":"====== BasicSetting ======","mypageUrl":"https://t.livepocket.jp/my_top","autoLogin":false,"confUser":"dabame8549@mi166.com","confPass":"6yjAWLhCxVT2","testUser":"sugachan.tectec@gmail.com","testPass":"6yjAWLhCxVT2","targetUrl":"https://t.livepocket.jp/e/wakkuru202110/","targetName":"【10/7(木)】１部前売チケット整理番号券,【10/14(木)】１部前売チケット整理番号券,【10/21(木)】１部前売チケット整理番号券,【10/28(木)】１部前売チケット整理番号券","targetNumber":"2,2,2,2","storeTypeId":"002","loginTime":"2021-10-06 21:36","startTime":"2021-10-06 22:00","isBrowse":true,"isTest":false,"isJamCheck":true,"isCredit":false,"isMailSend":false,"notCheckOnly":true,"isClose":false,"isMobile":true,"dareSec":0,"isConnect":true,"isLogger":true,"advSec":-245,"isOrigin":true,"isOriginCancel":false,"jamTryCnt":10,"isProxy":false,"proxy":"45.130.126.194:8000","proxyUser":"Z3SpVY","proxyPass":"SqoYCw","---2---":"====== MailSetting(GmailOnly) ======","fromMail":"sugachan.tectec@gmail.com","fromMailPass":"sero3202","toMail":"","toSysMail":"trigger@applet.ifttt.com"}
[2021-10-06T21:41:17.025] [INFO] system - 【本番】
[2021-10-06T21:41:17.030] [INFO] system - 2021-10-06 21:36:00にすでに到達
[2021-10-06T21:41:17.033] [INFO] system - ログイン処理想定時間到達
[2021-10-06T21:41:18.230] [INFO] system - ブラウザ起動後準備完了
[2021-10-06T21:41:19.526] [INFO] system - ログインページに移動完了
[2021-10-06T21:41:40.543] [INFO] system - キック：{"isWindows":["Windows"],"---1---":"====== BasicSetting ======","mypageUrl":"https://t.livepocket.jp/my_top","autoLogin":false,"confUser":"natipo5714@mom2kid.com","confPass":"6yjAWLhCxVT2","testUser":"sugachan.tectec@gmail.com","testPass":"6yjAWLhCxVT2","targetUrl":"https://t.livepocket.jp/e/wakkuru202110/","targetName":"【10/7(木)】１部前売チケット整理番号券,【10/14(木)】１部前売チケット整理番号券,【10/21(木)】１部前売チケット整理番号券,【10/28(木)】１部前売チケット整理番号券","targetNumber":"2,2,2,2","storeTypeId":"002","loginTime":"2021-10-06 21:36","startTime":"2021-10-06 22:00","isBrowse":true,"isTest":false,"isJamCheck":true,"isCredit":false,"isMailSend":false,"notCheckOnly":true,"isClose":false,"isMobile":true,"dareSec":0,"isConnect":true,"isLogger":true,"advSec":-245,"isOrigin":true,"isOriginCancel":false,"jamTryCnt":10,"isProxy":false,"proxy":"45.130.126.194:8000","proxyUser":"Z3SpVY","proxyPass":"SqoYCw","---2---":"====== MailSetting(GmailOnly) ======","fromMail":"sugachan.tectec@gmail.com","fromMailPass":"sero3202","toMail":"","toSysMail":"trigger@applet.ifttt.com"}
[2021-10-06T21:41:40.547] [INFO] system - 【本番】
[2021-10-06T21:41:40.551] [INFO] system - 2021-10-06 21:36:00にすでに到達
[2021-10-06T21:41:40.553] [INFO] system - ログイン処理想定時間到達
[2021-10-06T21:41:41.403] [INFO] system - ブラウザ起動後準備完了
[2021-10-06T21:41:44.671] [INFO] system - ログインページに移動完了
[2021-10-06T21:59:46.587] [INFO] system - ログイン完了
[2021-10-06T21:59:46.595] [INFO] system - 混線なし
[2021-10-06T21:59:46.646] [INFO] system - 「【10/7(木)】１部前売チケット整理番号券,【10/14(木)】１部前売チケット整理番号券,【10/21(木)】１部前売チケット整理番号券,【10/28(木)】１部前売チケット整理番号券」の存在を確認(.table #ticket-520658,.table #ticket-520660,.table #ticket-520662,.table #ticket-520664)
[2021-10-06T21:59:49.026] [INFO] system - .table #ticket-520658ロック外し開始
[2021-10-06T21:59:49.026] [INFO] system - .table #ticket-520660ロック外し開始
[2021-10-06T21:59:49.027] [INFO] system - .table #ticket-520662ロック外し開始
[2021-10-06T21:59:49.027] [INFO] system - .table #ticket-520664ロック外し開始
[2021-10-06T21:59:49.038] [INFO] system - 4セット選択終了
[2021-10-06T21:59:49.039] [INFO] system - 2021-10-06 21:59にすでに到達
[2021-10-06T21:59:49.053] [INFO] system - 前ページへ移動
[2021-10-06T21:59:50.239] [INFO] system - 2021-10-06 21:59:59まで購入処理待機中...
[2021-10-06T21:59:57.321] [ERROR] system - Error: Navigation failed because browser has disconnected!
    at C:\source\yt-scraping\node_modules\puppeteer\lib\cjs\puppeteer\common\LifecycleWatcher.js:51:147
    at C:\source\yt-scraping\node_modules\puppeteer\lib\cjs\vendor\mitt\src\index.js:51:62
    at Array.map (<anonymous>)
    at Object.emit (C:\source\yt-scraping\node_modules\puppeteer\lib\cjs\vendor\mitt\src\index.js:51:43)
    at CDPSession.emit (C:\source\yt-scraping\node_modules\puppeteer\lib\cjs\puppeteer\common\EventEmitter.js:72:22)
    at CDPSession._onClosed (C:\source\yt-scraping\node_modules\puppeteer\lib\cjs\puppeteer\common\Connection.js:247:14)
    at Connection._onMessage (C:\source\yt-scraping\node_modules\puppeteer\lib\cjs\puppeteer\common\Connection.js:94:25)
    at WebSocket.<anonymous> (C:\source\yt-scraping\node_modules\puppeteer\lib\cjs\puppeteer\node\NodeWebSocketTransport.js:13:32)
    at WebSocket.onMessage (C:\source\yt-scraping\node_modules\ws\lib\event-target.js:132:16)
    at WebSocket.emit (events.js:315:20)
[2021-10-06T21:59:57.326] [ERROR] system - Error: Protocol error (Target.activateTarget): Session closed. Most likely the page has been closed.
    at CDPSession.send (C:\source\yt-scraping\node_modules\puppeteer\lib\cjs\puppeteer\common\Connection.js:195:35)
    at Page._screenshotTask (C:\source\yt-scraping\node_modules\puppeteer\lib\cjs\puppeteer\common\Page.js:1084:28)
    at C:\source\yt-scraping\node_modules\puppeteer\lib\cjs\puppeteer\common\Page.js:1081:62
    at processTicksAndRejections (internal/process/task_queues.js:93:5)
[2021-10-06T21:59:57.328] [ERROR] system - ReferenceError: page is not defined
    at newBrowser (C:\source\yt-scraping\func-lpkick\lpkick.js:654:5)
    at processTicksAndRejections (internal/process/task_queues.js:93:5)
    at async C:\source\yt-scraping\func-lpkick\lpkick.js:115:5
[2021-10-06T21:59:59.761] [INFO] system - 購入処理想定時間到達
[2021-10-06T21:59:59.762] [INFO] system - <成績時間カウント開始>
[2021-10-06T21:59:59.762] [INFO] system - 購入可能状態確認start(1回目)
[2021-10-06T21:59:59.763] [INFO] system - 次ページへ移動
[2021-10-06T22:00:06.477] [INFO] system - キック：{"isWindows":["Windows"],"---1---":"====== BasicSetting ======","mypageUrl":"https://t.livepocket.jp/my_top","autoLogin":false,"confUser":"dabame8549@mi166.com","confPass":"6yjAWLhCxVT2","testUser":"sugachan.tectec@gmail.com","testPass":"6yjAWLhCxVT2","targetUrl":"https://t.livepocket.jp/e/wakkuru202110/","targetName":"【10/7(木)】１部前売チケット整理番号券,【10/14(木)】１部前売チケット整理番号券,【10/21(木)】１部前売チケット整理番号券,【10/28(木)】１部前売チケット整理番号券","targetNumber":"2,2,2,2","storeTypeId":"002","loginTime":"2021-10-06 21:36","startTime":"2021-10-06 22:00","isBrowse":true,"isTest":false,"isJamCheck":true,"isCredit":false,"isMailSend":false,"notCheckOnly":true,"isClose":false,"isMobile":true,"dareSec":0,"isConnect":true,"isLogger":true,"advSec":-245,"isOrigin":true,"isOriginCancel":false,"jamTryCnt":10,"isProxy":false,"proxy":"45.130.126.194:8000","proxyUser":"Z3SpVY","proxyPass":"SqoYCw","---2---":"====== MailSetting(GmailOnly) ======","fromMail":"sugachan.tectec@gmail.com","fromMailPass":"sero3202","toMail":"","toSysMail":"trigger@applet.ifttt.com"}
[2021-10-06T22:00:06.482] [INFO] system - 【本番】
[2021-10-06T22:00:06.485] [INFO] system - 2021-10-06 21:36:00にすでに到達
[2021-10-06T22:00:06.488] [INFO] system - ログイン処理想定時間到達
[2021-10-06T22:00:07.352] [INFO] system - ブラウザ起動後準備完了
[2021-10-06T22:00:11.502] [ERROR] system - 購入可能状態確認NG
[2021-10-06T22:00:11.503] [ERROR] system - Error
    at newBrowser (C:\source\yt-scraping\func-lpkick\lpkick.js:504:19)
    at runMicrotasks (<anonymous>)
    at processTicksAndRejections (internal/process/task_queues.js:93:5)
    at async C:\source\yt-scraping\func-lpkick\lpkick.js:115:5
[2021-10-06T22:00:11.505] [ERROR] system - ReferenceError: page is not defined
    at newBrowser (C:\source\yt-scraping\func-lpkick\lpkick.js:654:5)
    at runMicrotasks (<anonymous>)
    at processTicksAndRejections (internal/process/task_queues.js:93:5)
    at async C:\source\yt-scraping\func-lpkick\lpkick.js:115:5
[2021-10-06T22:00:13.021] [INFO] system - ログインページに移動完了
[2021-10-06T22:00:19.601] [INFO] system - ログイン完了
[2021-10-06T22:00:19.607] [INFO] system - 混線なし
[2021-10-06T22:00:19.640] [INFO] system - 「【10/7(木)】１部前売チケット整理番号券,【10/14(木)】１部前売チケット整理番号券,【10/21(木)】１部前売チケット整理番号券,【10/28(木)】１部前売チケット整理番号券」の存在を確認(.table #ticket-520658,.table #ticket-520660,.table #ticket-520662,.table #ticket-520664)
[2021-10-06T22:00:30.460] [INFO] system - .table #ticket-520658ロック外し開始
[2021-10-06T22:00:30.462] [INFO] system - .table #ticket-520660ロック外し開始
[2021-10-06T22:00:30.463] [INFO] system - .table #ticket-520662ロック外し開始
[2021-10-06T22:00:30.464] [INFO] system - .table #ticket-520664ロック外し開始
[2021-10-06T22:00:30.474] [INFO] system - 4セット選択終了
[2021-10-06T22:00:30.475] [INFO] system - 2021-10-06 21:59にすでに到達
[2021-10-06T22:00:30.476] [INFO] system - 前ページへ移動
[2021-10-06T22:00:32.942] [INFO] system - 2021-10-06 21:59にすでに到達
[2021-10-06T22:00:32.958] [INFO] system - 購入処理想定時間到達
[2021-10-06T22:00:32.958] [INFO] system - <成績時間カウント開始>
[2021-10-06T22:00:32.959] [INFO] system - 購入可能状態確認start(1回目)
[2021-10-06T22:00:32.959] [INFO] system - 次ページへ移動
[2021-10-06T22:00:35.232] [ERROR] system - 購入可能状態確認NG
[2021-10-06T22:00:35.233] [ERROR] system - Error
    at newBrowser (C:\source\yt-scraping\func-lpkick\lpkick.js:504:19)
    at runMicrotasks (<anonymous>)
    at processTicksAndRejections (internal/process/task_queues.js:93:5)
    at async C:\source\yt-scraping\func-lpkick\lpkick.js:115:5
[2021-10-06T22:00:35.236] [ERROR] system - ReferenceError: page is not defined
    at newBrowser (C:\source\yt-scraping\func-lpkick\lpkick.js:654:5)
    at runMicrotasks (<anonymous>)
    at processTicksAndRejections (internal/process/task_queues.js:93:5)
    at async C:\source\yt-scraping\func-lpkick\lpkick.js:115:5
[2021-10-06T22:06:05.379] [INFO] system - キック：{"isWindows":["Windows"],"---1---":"====== BasicSetting ======","mypageUrl":"https://t.livepocket.jp/my_top","autoLogin":false,"confUser":"natipo5714@mom2kid.com","confPass":"6yjAWLhCxVT2","testUser":"sugachan.tectec@gmail.com","testPass":"6yjAWLhCxVT2","targetUrl":"https://t.livepocket.jp/e/wakkuru202110/","targetName":"【10/7(木)】１部前売チケット整理番号券,【10/14(木)】１部前売チケット整理番号券,【10/21(木)】１部前売チケット整理番号券,【10/28(木)】１部前売チケット整理番号券","targetNumber":"2,2,2,2","storeTypeId":"002","loginTime":"2021-10-06 22:45","startTime":"2021-10-06 23:00","isBrowse":true,"isTest":false,"isJamCheck":true,"isCredit":false,"isMailSend":false,"notCheckOnly":true,"isClose":false,"isMobile":true,"dareSec":0,"isConnect":true,"isLogger":true,"advSec":-245,"isOrigin":true,"isOriginCancel":false,"jamTryCnt":10,"isProxy":false,"proxy":"45.130.126.194:8000","proxyUser":"Z3SpVY","proxyPass":"SqoYCw","---2---":"====== MailSetting(GmailOnly) ======","fromMail":"sugachan.tectec@gmail.com","fromMailPass":"sero3202","toMail":"","toSysMail":"trigger@applet.ifttt.com"}
[2021-10-06T22:06:05.382] [INFO] system - 【本番】
[2021-10-06T22:06:05.387] [INFO] system - 2021-10-06 22:45:00までログイン処理待機中...
[2021-10-06T22:06:16.762] [INFO] system - キック：{"isWindows":["Windows"],"---1---":"====== BasicSetting ======","mypageUrl":"https://t.livepocket.jp/my_top","autoLogin":false,"confUser":"natipo5714@mom2kid.com","confPass":"6yjAWLhCxVT2","testUser":"sugachan.tectec@gmail.com","testPass":"6yjAWLhCxVT2","targetUrl":"https://t.livepocket.jp/e/wakkuru202110/","targetName":"【10/7(木)】１部前売チケット整理番号券,【10/14(木)】１部前売チケット整理番号券,【10/21(木)】１部前売チケット整理番号券,【10/28(木)】１部前売チケット整理番号券","targetNumber":"2,2,2,2","storeTypeId":"002","loginTime":"2021-10-06 22:45","startTime":"2021-10-06 23:00","isBrowse":true,"isTest":false,"isJamCheck":true,"isCredit":false,"isMailSend":false,"notCheckOnly":true,"isClose":false,"isMobile":true,"dareSec":0,"isConnect":true,"isLogger":true,"advSec":-245,"isOrigin":true,"isOriginCancel":false,"jamTryCnt":10,"isProxy":false,"proxy":"45.130.126.194:8000","proxyUser":"Z3SpVY","proxyPass":"SqoYCw","---2---":"====== MailSetting(GmailOnly) ======","fromMail":"sugachan.tectec@gmail.com","fromMailPass":"sero3202","toMail":"","toSysMail":"trigger@applet.ifttt.com"}
[2021-10-06T22:06:16.766] [INFO] system - 【本番】
[2021-10-06T22:06:16.770] [INFO] system - 2021-10-06 22:45:00までログイン処理待機中...
[2021-10-06T22:06:25.473] [INFO] system - キック：{"isWindows":["Windows"],"---1---":"====== BasicSetting ======","mypageUrl":"https://t.livepocket.jp/my_top","autoLogin":false,"confUser":"dabame8549@mi166.com","confPass":"6yjAWLhCxVT2","testUser":"sugachan.tectec@gmail.com","testPass":"6yjAWLhCxVT2","targetUrl":"https://t.livepocket.jp/e/wakkuru202110/","targetName":"【10/7(木)】１部前売チケット整理番号券,【10/14(木)】１部前売チケット整理番号券,【10/21(木)】１部前売チケット整理番号券,【10/28(木)】１部前売チケット整理番号券","targetNumber":"2,2,2,2","storeTypeId":"002","loginTime":"2021-10-06 22:45","startTime":"2021-10-06 23:00","isBrowse":true,"isTest":false,"isJamCheck":true,"isCredit":false,"isMailSend":false,"notCheckOnly":true,"isClose":false,"isMobile":true,"dareSec":0,"isConnect":true,"isLogger":true,"advSec":-245,"isOrigin":true,"isOriginCancel":false,"jamTryCnt":10,"isProxy":false,"proxy":"45.130.126.194:8000","proxyUser":"Z3SpVY","proxyPass":"SqoYCw","---2---":"====== MailSetting(GmailOnly) ======","fromMail":"sugachan.tectec@gmail.com","fromMailPass":"sero3202","toMail":"","toSysMail":"trigger@applet.ifttt.com"}
[2021-10-06T22:06:25.477] [INFO] system - 【本番】
[2021-10-06T22:06:25.482] [INFO] system - 2021-10-06 22:45:00までログイン処理待機中...
[2021-10-06T22:06:28.417] [INFO] system - キック：{"isWindows":["Windows"],"---1---":"====== BasicSetting ======","mypageUrl":"https://t.livepocket.jp/my_top","autoLogin":false,"confUser":"natipo5714@mom2kid.com","confPass":"6yjAWLhCxVT2","testUser":"sugachan.tectec@gmail.com","testPass":"6yjAWLhCxVT2","targetUrl":"https://t.livepocket.jp/e/wakkuru202110/","targetName":"【10/7(木)】１部前売チケット整理番号券,【10/14(木)】１部前売チケット整理番号券,【10/21(木)】１部前売チケット整理番号券,【10/28(木)】１部前売チケット整理番号券","targetNumber":"2,2,2,2","storeTypeId":"002","loginTime":"2021-10-06 22:45","startTime":"2021-10-06 23:00","isBrowse":true,"isTest":false,"isJamCheck":true,"isCredit":false,"isMailSend":false,"notCheckOnly":true,"isClose":false,"isMobile":true,"dareSec":0,"isConnect":true,"isLogger":true,"advSec":-245,"isOrigin":true,"isOriginCancel":false,"jamTryCnt":10,"isProxy":false,"proxy":"45.130.126.194:8000","proxyUser":"Z3SpVY","proxyPass":"SqoYCw","---2---":"====== MailSetting(GmailOnly) ======","fromMail":"sugachan.tectec@gmail.com","fromMailPass":"sero3202","toMail":"","toSysMail":"trigger@applet.ifttt.com"}
[2021-10-06T22:06:28.420] [INFO] system - 【本番】
[2021-10-06T22:06:28.424] [INFO] system - 2021-10-06 22:45:00までログイン処理待機中...
[2021-10-06T22:45:00.019] [INFO] system - ログイン処理想定時間到達
[2021-10-06T22:45:00.019] [INFO] system - ログイン処理想定時間到達
[2021-10-06T22:45:01.188] [INFO] system - ブラウザ起動後準備完了
[2021-10-06T22:45:01.199] [INFO] system - ブラウザ起動後準備完了
[2021-10-06T22:45:02.700] [INFO] system - ログインページに移動完了
[2021-10-06T22:45:02.715] [INFO] system - ログインページに移動完了
[2021-10-06T22:45:05.056] [INFO] system - ログイン完了
[2021-10-06T22:45:05.064] [INFO] system - 混線なし
[2021-10-06T22:45:05.088] [INFO] system - 「【10/7(木)】１部前売チケット整理番号券,【10/14(木)】１部前売チケット整理番号券,【10/21(木)】１部前売チケット整理番号券,【10/28(木)】１部前売チケット整理番号券」の存在を確認(.table #ticket-520658,.table #ticket-520660,.table #ticket-520662,.table #ticket-520664)
[2021-10-06T22:45:05.379] [INFO] system - ログイン完了
[2021-10-06T22:45:05.386] [INFO] system - 混線なし
[2021-10-06T22:45:05.408] [INFO] system - 「【10/7(木)】１部前売チケット整理番号券,【10/14(木)】１部前売チケット整理番号券,【10/21(木)】１部前売チケット整理番号券,【10/28(木)】１部前売チケット整理番号券」の存在を確認(.table #ticket-520658,.table #ticket-520660,.table #ticket-520662,.table #ticket-520664)
[2021-10-06T22:45:07.810] [INFO] system - .table #ticket-520658ロック外し開始
[2021-10-06T22:45:07.812] [INFO] system - .table #ticket-520660ロック外し開始
[2021-10-06T22:45:07.813] [INFO] system - .table #ticket-520662ロック外し開始
[2021-10-06T22:45:07.813] [INFO] system - .table #ticket-520664ロック外し開始
[2021-10-06T22:45:07.822] [INFO] system - 4セット選択終了
[2021-10-06T22:45:07.824] [INFO] system - 2021-10-06 22:59:29までページバック待機中...
[2021-10-06T22:45:08.250] [INFO] system - .table #ticket-520658ロック外し開始
[2021-10-06T22:45:08.251] [INFO] system - .table #ticket-520660ロック外し開始
[2021-10-06T22:45:08.251] [INFO] system - .table #ticket-520662ロック外し開始
[2021-10-06T22:45:08.252] [INFO] system - .table #ticket-520664ロック外し開始
[2021-10-06T22:45:08.260] [INFO] system - 4セット選択終了
[2021-10-06T22:45:08.261] [INFO] system - 2021-10-06 22:59:29までページバック待機中...
[2021-10-06T22:59:29.765] [INFO] system - 前ページへ移動
[2021-10-06T22:59:29.765] [INFO] system - 前ページへ移動
[2021-10-06T22:59:31.461] [INFO] system - 2021-10-06 22:59:59まで購入処理待機中...
[2021-10-06T22:59:31.478] [INFO] system - 2021-10-06 22:59:59まで購入処理待機中...
[2021-10-06T22:59:59.768] [INFO] system - 購入処理想定時間到達
[2021-10-06T22:59:59.768] [INFO] system - 購入処理想定時間到達
[2021-10-06T22:59:59.769] [INFO] system - <成績時間カウント開始>
[2021-10-06T22:59:59.769] [INFO] system - <成績時間カウント開始>
[2021-10-06T22:59:59.770] [INFO] system - 購入可能状態確認start(1回目)
[2021-10-06T22:59:59.770] [INFO] system - 購入可能状態確認start(1回目)
[2021-10-06T22:59:59.771] [INFO] system - 次ページへ移動
[2021-10-06T22:59:59.771] [INFO] system - 次ページへ移動
[2021-10-06T23:00:14.775] [INFO] system - 購入可能状態確認end
[2021-10-06T23:00:14.776] [INFO] system - 枚数選択start(1回目)
[2021-10-06T23:00:14.777] [INFO] system - 購入クリック処理1回目
[2021-10-06T23:00:14.786] [INFO] system - 購入クリック処理2回目
[2021-10-06T23:00:14.790] [INFO] system - 購入クリック処理3回目
[2021-10-06T23:00:14.794] [INFO] system - 購入クリック処理4回目
[2021-10-06T23:00:14.803] [INFO] system - 購入クリック処理5回目
[2021-10-06T23:00:14.807] [INFO] system - 購入クリック処理6回目
[2021-10-06T23:00:14.809] [INFO] system - 購入クリック処理7回目
[2021-10-06T23:00:14.812] [INFO] system - 購入クリック処理8回目
[2021-10-06T23:00:14.815] [INFO] system - 購入クリック処理9回目
[2021-10-06T23:00:14.818] [INFO] system - 購入クリック処理10回目
[2021-10-06T23:00:14.821] [INFO] system - 購入クリック処理11回目
[2021-10-06T23:00:14.824] [INFO] system - 購入クリック処理12回目
[2021-10-06T23:00:14.827] [INFO] system - 購入クリック処理13回目
[2021-10-06T23:00:14.830] [INFO] system - 購入クリック処理14回目
[2021-10-06T23:00:14.834] [INFO] system - 購入クリック処理15回目
[2021-10-06T23:00:14.839] [INFO] system - 購入クリック処理16回目
[2021-10-06T23:00:14.842] [INFO] system - 購入クリック処理17回目
[2021-10-06T23:00:14.844] [INFO] system - 購入クリック処理18回目
[2021-10-06T23:00:14.847] [INFO] system - 購入クリック処理19回目
[2021-10-06T23:00:14.851] [INFO] system - 購入クリック処理20回目
[2021-10-06T23:00:14.853] [INFO] system - 購入クリック処理21回目
[2021-10-06T23:00:14.857] [INFO] system - 購入クリック処理22回目
[2021-10-06T23:00:14.859] [INFO] system - 購入クリック処理23回目
[2021-10-06T23:00:14.862] [INFO] system - 購入クリック処理24回目
[2021-10-06T23:00:14.865] [INFO] system - 購入クリック処理25回目
[2021-10-06T23:00:14.868] [INFO] system - 購入クリック処理26回目
[2021-10-06T23:00:14.871] [INFO] system - 購入クリック処理27回目
[2021-10-06T23:00:14.874] [INFO] system - 購入クリック処理28回目
[2021-10-06T23:00:14.877] [INFO] system - 購入クリック処理29回目
[2021-10-06T23:00:14.879] [INFO] system - 購入クリック処理30回目
[2021-10-06T23:00:14.882] [INFO] system - 購入クリック処理31回目
[2021-10-06T23:00:14.886] [INFO] system - 購入クリック処理32回目
[2021-10-06T23:00:14.889] [INFO] system - 購入クリック処理33回目
[2021-10-06T23:00:14.891] [INFO] system - 購入クリック処理34回目
[2021-10-06T23:00:14.894] [INFO] system - 購入クリック処理35回目
[2021-10-06T23:00:14.897] [INFO] system - 購入クリック処理36回目
[2021-10-06T23:00:14.900] [INFO] system - 購入クリック処理37回目
[2021-10-06T23:00:14.903] [INFO] system - 購入クリック処理38回目
[2021-10-06T23:00:14.906] [INFO] system - 購入クリック処理39回目
[2021-10-06T23:00:14.909] [INFO] system - 購入クリック処理40回目
[2021-10-06T23:00:14.911] [INFO] system - 購入クリック処理41回目
[2021-10-06T23:00:14.915] [INFO] system - 購入クリック処理42回目
[2021-10-06T23:00:14.918] [INFO] system - 購入クリック処理43回目
[2021-10-06T23:00:14.921] [INFO] system - 購入クリック処理44回目
[2021-10-06T23:00:14.924] [INFO] system - 購入クリック処理45回目
[2021-10-06T23:00:14.927] [INFO] system - 購入クリック処理46回目
[2021-10-06T23:00:14.931] [INFO] system - 購入クリック処理47回目
[2021-10-06T23:00:14.934] [INFO] system - 購入クリック処理48回目
[2021-10-06T23:00:14.937] [INFO] system - 購入クリック処理49回目
[2021-10-06T23:00:14.940] [INFO] system - 購入クリック処理50回目
[2021-10-06T23:00:14.943] [INFO] system - 購入クリック処理51回目
[2021-10-06T23:00:14.945] [INFO] system - 購入クリック処理52回目
[2021-10-06T23:00:14.949] [INFO] system - 購入クリック処理53回目
[2021-10-06T23:00:14.952] [INFO] system - 購入クリック処理54回目
[2021-10-06T23:00:14.955] [INFO] system - 購入クリック処理55回目
[2021-10-06T23:00:14.959] [INFO] system - 購入クリック処理56回目
[2021-10-06T23:00:14.963] [INFO] system - 購入クリック処理57回目
[2021-10-06T23:00:14.967] [INFO] system - 購入クリック処理58回目
[2021-10-06T23:00:14.970] [INFO] system - 購入クリック処理59回目
[2021-10-06T23:00:14.973] [INFO] system - 購入クリック処理60回目
[2021-10-06T23:00:14.975] [INFO] system - 購入クリック処理61回目
[2021-10-06T23:00:14.979] [INFO] system - 購入クリック処理62回目
[2021-10-06T23:00:14.983] [INFO] system - 購入クリック処理63回目
[2021-10-06T23:00:14.985] [INFO] system - 購入クリック処理64回目
[2021-10-06T23:00:14.988] [INFO] system - 購入クリック処理65回目
[2021-10-06T23:00:14.991] [INFO] system - 購入クリック処理66回目
[2021-10-06T23:00:14.995] [INFO] system - 購入クリック処理67回目
[2021-10-06T23:00:15.001] [INFO] system - 購入クリック処理68回目
[2021-10-06T23:00:15.003] [INFO] system - 購入クリック処理69回目
[2021-10-06T23:00:15.007] [INFO] system - 購入クリック処理70回目
[2021-10-06T23:00:15.010] [INFO] system - 購入クリック処理71回目
[2021-10-06T23:00:15.014] [INFO] system - 購入クリック処理72回目
[2021-10-06T23:00:15.021] [INFO] system - 購入クリック処理73回目
[2021-10-06T23:00:18.309] [INFO] system - 購入可能状態確認end
[2021-10-06T23:00:18.310] [INFO] system - 枚数選択start(1回目)
[2021-10-06T23:00:18.311] [INFO] system - 購入クリック処理1回目
[2021-10-06T23:00:18.317] [INFO] system - 購入クリック処理2回目
[2021-10-06T23:00:18.321] [INFO] system - 購入クリック処理3回目
[2021-10-06T23:00:18.325] [INFO] system - 購入クリック処理4回目
[2021-10-06T23:00:18.329] [INFO] system - 購入クリック処理5回目
[2021-10-06T23:00:18.332] [INFO] system - 購入クリック処理6回目
[2021-10-06T23:00:18.336] [INFO] system - 購入クリック処理7回目
[2021-10-06T23:00:18.340] [INFO] system - 購入クリック処理8回目
[2021-10-06T23:00:18.343] [INFO] system - 購入クリック処理9回目
[2021-10-06T23:00:18.349] [INFO] system - 購入クリック処理10回目
[2021-10-06T23:00:18.352] [INFO] system - 購入クリック処理11回目
[2021-10-06T23:00:18.356] [INFO] system - 購入クリック処理12回目
[2021-10-06T23:00:18.358] [INFO] system - 購入クリック処理13回目
[2021-10-06T23:00:18.362] [INFO] system - 購入クリック処理14回目
[2021-10-06T23:00:18.365] [INFO] system - 購入クリック処理15回目
[2021-10-06T23:00:18.369] [INFO] system - 購入クリック処理16回目
[2021-10-06T23:00:18.372] [INFO] system - 購入クリック処理17回目
[2021-10-06T23:00:18.375] [INFO] system - 購入クリック処理18回目
[2021-10-06T23:00:18.378] [INFO] system - 購入クリック処理19回目
[2021-10-06T23:00:18.381] [INFO] system - 購入クリック処理20回目
[2021-10-06T23:00:18.385] [INFO] system - 購入クリック処理21回目
[2021-10-06T23:00:18.389] [INFO] system - 購入クリック処理22回目
[2021-10-06T23:00:18.392] [INFO] system - 購入クリック処理23回目
[2021-10-06T23:00:18.395] [INFO] system - 購入クリック処理24回目
[2021-10-06T23:00:18.398] [INFO] system - 購入クリック処理25回目
[2021-10-06T23:00:18.401] [INFO] system - 購入クリック処理26回目
[2021-10-06T23:00:18.405] [INFO] system - 購入クリック処理27回目
[2021-10-06T23:00:18.408] [INFO] system - 購入クリック処理28回目
[2021-10-06T23:00:18.410] [INFO] system - 購入クリック処理29回目
[2021-10-06T23:00:18.415] [INFO] system - 購入クリック処理30回目
[2021-10-06T23:00:18.419] [INFO] system - 購入クリック処理31回目
[2021-10-06T23:00:18.423] [INFO] system - 購入クリック処理32回目
[2021-10-06T23:00:18.426] [INFO] system - 購入クリック処理33回目
[2021-10-06T23:00:18.429] [INFO] system - 購入クリック処理34回目
[2021-10-06T23:00:18.432] [INFO] system - 購入クリック処理35回目
[2021-10-06T23:00:18.438] [INFO] system - 購入クリック処理36回目
[2021-10-06T23:00:18.446] [INFO] system - 購入クリック処理37回目
[2021-10-06T23:00:18.459] [ERROR] system - Error: Execution context was destroyed, most likely because of a navigation.
    at rewriteError (C:\source\yt-scraping\node_modules\puppeteer\lib\cjs\puppeteer\common\ExecutionContext.js:261:23)
    at runMicrotasks (<anonymous>)
    at processTicksAndRejections (internal/process/task_queues.js:93:5)
    at async ExecutionContext._evaluateInternal (C:\source\yt-scraping\node_modules\puppeteer\lib\cjs\puppeteer\common\ExecutionContext.js:215:61)
    at async ExecutionContext.evaluate (C:\source\yt-scraping\node_modules\puppeteer\lib\cjs\puppeteer\common\ExecutionContext.js:106:16)
    at async targetPageBuySelect (C:\source\yt-scraping\func-lpkick\lpkick.js:900:11)
    at async newBrowser (C:\source\yt-scraping\func-lpkick\lpkick.js:517:11)
    at async C:\source\yt-scraping\func-lpkick\lpkick.js:115:5
[2021-10-06T23:00:18.862] [INFO] system - 枚数選択end(1回目)
[2021-10-06T23:00:18.875] [INFO] system - 混線のため60秒待機開始...
[2021-10-06T23:00:21.599] [ERROR] system - Error: Execution context was destroyed, most likely because of a navigation.
    at rewriteError (C:\source\yt-scraping\node_modules\puppeteer\lib\cjs\puppeteer\common\ExecutionContext.js:261:23)
    at runMicrotasks (<anonymous>)
    at processTicksAndRejections (internal/process/task_queues.js:93:5)
    at async ExecutionContext._evaluateInternal (C:\source\yt-scraping\node_modules\puppeteer\lib\cjs\puppeteer\common\ExecutionContext.js:215:61)
    at async ExecutionContext.evaluate (C:\source\yt-scraping\node_modules\puppeteer\lib\cjs\puppeteer\common\ExecutionContext.js:106:16)
    at async targetPageBuySelect (C:\source\yt-scraping\func-lpkick\lpkick.js:900:11)
    at async newBrowser (C:\source\yt-scraping\func-lpkick\lpkick.js:517:11)
    at async C:\source\yt-scraping\func-lpkick\lpkick.js:115:5
[2021-10-06T23:00:22.053] [INFO] system - 枚数選択end(1回目)
[2021-10-06T23:00:22.066] [INFO] system - 混線のため60秒待機開始...
[2021-10-06T23:01:20.416] [INFO] system - 混線解消(1回目に成功)
[2021-10-06T23:01:20.417] [INFO] system - 枚数選択start(2回目)
[2021-10-06T23:01:20.418] [INFO] system - 購入クリック処理1回目
[2021-10-06T23:01:20.426] [INFO] system - 購入クリック処理2回目
[2021-10-06T23:01:20.435] [INFO] system - 購入クリック処理3回目
[2021-10-06T23:01:20.439] [INFO] system - 購入クリック処理4回目
[2021-10-06T23:01:20.442] [INFO] system - 購入クリック処理5回目
[2021-10-06T23:01:20.446] [INFO] system - 購入クリック処理6回目
[2021-10-06T23:01:20.451] [INFO] system - 購入クリック処理7回目
[2021-10-06T23:01:20.454] [INFO] system - 購入クリック処理8回目
[2021-10-06T23:01:20.457] [INFO] system - 購入クリック処理9回目
[2021-10-06T23:01:20.460] [INFO] system - 購入クリック処理10回目
[2021-10-06T23:01:20.463] [INFO] system - 購入クリック処理11回目
[2021-10-06T23:01:20.467] [INFO] system - 購入クリック処理12回目
[2021-10-06T23:01:20.472] [INFO] system - 購入クリック処理13回目
[2021-10-06T23:01:20.477] [INFO] system - 購入クリック処理14回目
[2021-10-06T23:01:20.480] [INFO] system - 購入クリック処理15回目
[2021-10-06T23:01:20.484] [INFO] system - 購入クリック処理16回目
[2021-10-06T23:01:20.487] [INFO] system - 購入クリック処理17回目
[2021-10-06T23:01:20.491] [INFO] system - 購入クリック処理18回目
[2021-10-06T23:01:20.494] [INFO] system - 購入クリック処理19回目
[2021-10-06T23:01:20.498] [INFO] system - 購入クリック処理20回目
[2021-10-06T23:01:20.500] [INFO] system - 購入クリック処理21回目
[2021-10-06T23:01:20.503] [INFO] system - 購入クリック処理22回目
[2021-10-06T23:01:20.507] [INFO] system - 購入クリック処理23回目
[2021-10-06T23:01:20.510] [INFO] system - 購入クリック処理24回目
[2021-10-06T23:01:20.513] [INFO] system - 購入クリック処理25回目
[2021-10-06T23:01:20.518] [INFO] system - 購入クリック処理26回目
[2021-10-06T23:01:20.521] [INFO] system - 購入クリック処理27回目
[2021-10-06T23:01:20.526] [INFO] system - 購入クリック処理28回目
[2021-10-06T23:01:20.529] [INFO] system - 購入クリック処理29回目
[2021-10-06T23:01:20.532] [INFO] system - 購入クリック処理30回目
[2021-10-06T23:01:23.590] [INFO] system - 混線解消(1回目に成功)
[2021-10-06T23:01:23.591] [INFO] system - 枚数選択start(2回目)
[2021-10-06T23:01:23.592] [INFO] system - 購入クリック処理1回目
[2021-10-06T23:01:23.599] [INFO] system - 購入クリック処理2回目
[2021-10-06T23:01:23.604] [INFO] system - 購入クリック処理3回目
[2021-10-06T23:01:23.611] [INFO] system - 購入クリック処理4回目
[2021-10-06T23:01:23.616] [INFO] system - 購入クリック処理5回目
[2021-10-06T23:01:23.620] [INFO] system - 購入クリック処理6回目
[2021-10-06T23:01:23.624] [INFO] system - 購入クリック処理7回目
[2021-10-06T23:01:23.630] [INFO] system - 購入クリック処理8回目
[2021-10-06T23:01:23.634] [INFO] system - 購入クリック処理9回目
[2021-10-06T23:01:23.638] [INFO] system - 購入クリック処理10回目
[2021-10-06T23:01:23.642] [INFO] system - 購入クリック処理11回目
[2021-10-06T23:01:23.646] [INFO] system - 購入クリック処理12回目
[2021-10-06T23:01:23.650] [INFO] system - 購入クリック処理13回目
[2021-10-06T23:01:23.654] [INFO] system - 購入クリック処理14回目
[2021-10-06T23:01:23.657] [INFO] system - 購入クリック処理15回目
[2021-10-06T23:01:23.662] [INFO] system - 購入クリック処理16回目
[2021-10-06T23:01:23.665] [INFO] system - 購入クリック処理17回目
[2021-10-06T23:01:23.672] [INFO] system - 購入クリック処理18回目
[2021-10-06T23:01:23.678] [INFO] system - 購入クリック処理19回目
[2021-10-06T23:01:23.682] [INFO] system - 購入クリック処理20回目
[2021-10-06T23:01:23.686] [INFO] system - 購入クリック処理21回目
[2021-10-06T23:01:23.689] [INFO] system - 購入クリック処理22回目
[2021-10-06T23:01:23.691] [INFO] system - 購入クリック処理23回目
[2021-10-06T23:01:23.696] [INFO] system - 購入クリック処理24回目
[2021-10-06T23:01:23.698] [INFO] system - 購入クリック処理25回目
[2021-10-06T23:01:23.700] [INFO] system - 購入クリック処理26回目
[2021-10-06T23:01:23.703] [INFO] system - 購入クリック処理27回目
[2021-10-06T23:01:23.705] [INFO] system - 購入クリック処理28回目
[2021-10-06T23:02:28.261] [INFO] system - 購入クリック処理31回目
[2021-10-06T23:02:45.547] [INFO] system - 購入クリック処理32回目
[2021-10-06T23:02:46.550] [INFO] system - 購入クリック処理33回目
[2021-10-06T23:02:47.203] [INFO] system - 購入クリック処理34回目
[2021-10-06T23:02:50.090] [ERROR] system - Error: Protocol error (Runtime.callFunctionOn): Target closed.
    at C:\source\yt-scraping\node_modules\puppeteer\lib\cjs\puppeteer\common\Connection.js:208:63
    at new Promise (<anonymous>)
    at CDPSession.send (C:\source\yt-scraping\node_modules\puppeteer\lib\cjs\puppeteer\common\Connection.js:207:16)
    at ExecutionContext._evaluateInternal (C:\source\yt-scraping\node_modules\puppeteer\lib\cjs\puppeteer\common\ExecutionContext.js:200:50)
    at ExecutionContext.evaluate (C:\source\yt-scraping\node_modules\puppeteer\lib\cjs\puppeteer\common\ExecutionContext.js:106:27)
    at DOMWorld.evaluate (C:\source\yt-scraping\node_modules\puppeteer\lib\cjs\puppeteer\common\DOMWorld.js:91:24)
    at processTicksAndRejections (internal/process/task_queues.js:93:5)
[2021-10-06T23:02:50.092] [ERROR] system - Error: Protocol error (Target.activateTarget): Session closed. Most likely the page has been closed.
    at CDPSession.send (C:\source\yt-scraping\node_modules\puppeteer\lib\cjs\puppeteer\common\Connection.js:195:35)
    at Page._screenshotTask (C:\source\yt-scraping\node_modules\puppeteer\lib\cjs\puppeteer\common\Page.js:1084:28)
    at C:\source\yt-scraping\node_modules\puppeteer\lib\cjs\puppeteer\common\Page.js:1081:62
    at processTicksAndRejections (internal/process/task_queues.js:93:5)
[2021-10-06T23:02:50.094] [ERROR] system - ReferenceError: page is not defined
    at newBrowser (C:\source\yt-scraping\func-lpkick\lpkick.js:654:5)
    at processTicksAndRejections (internal/process/task_queues.js:93:5)
    at async C:\source\yt-scraping\func-lpkick\lpkick.js:115:5
[2021-10-06T23:02:52.473] [ERROR] system - Error: Protocol error (Runtime.callFunctionOn): Target closed.
    at C:\source\yt-scraping\node_modules\puppeteer\lib\cjs\puppeteer\common\Connection.js:208:63
    at new Promise (<anonymous>)
    at CDPSession.send (C:\source\yt-scraping\node_modules\puppeteer\lib\cjs\puppeteer\common\Connection.js:207:16)
    at ExecutionContext._evaluateInternal (C:\source\yt-scraping\node_modules\puppeteer\lib\cjs\puppeteer\common\ExecutionContext.js:200:50)
    at ExecutionContext.evaluate (C:\source\yt-scraping\node_modules\puppeteer\lib\cjs\puppeteer\common\ExecutionContext.js:106:27)
    at DOMWorld.evaluate (C:\source\yt-scraping\node_modules\puppeteer\lib\cjs\puppeteer\common\DOMWorld.js:91:24)
    at processTicksAndRejections (internal/process/task_queues.js:93:5)
[2021-10-06T23:02:52.476] [ERROR] system - Error: Protocol error (Target.activateTarget): Session closed. Most likely the page has been closed.
    at CDPSession.send (C:\source\yt-scraping\node_modules\puppeteer\lib\cjs\puppeteer\common\Connection.js:195:35)
    at Page._screenshotTask (C:\source\yt-scraping\node_modules\puppeteer\lib\cjs\puppeteer\common\Page.js:1084:28)
    at C:\source\yt-scraping\node_modules\puppeteer\lib\cjs\puppeteer\common\Page.js:1081:62
    at processTicksAndRejections (internal/process/task_queues.js:93:5)
[2021-10-06T23:02:52.477] [ERROR] system - ReferenceError: page is not defined
    at newBrowser (C:\source\yt-scraping\func-lpkick\lpkick.js:654:5)
    at processTicksAndRejections (internal/process/task_queues.js:93:5)
    at async C:\source\yt-scraping\func-lpkick\lpkick.js:115:5
