[2021-08-24T22:07:59.463] [INFO] system - キック：{"isWindows":["Windows"],"---1---":"====== BasicSetting ======","mypageUrl":"https://t.livepocket.jp/my_top","autoLogin":false,"confUser":"chiaochiao.sonmi@gmail.com","confPass":"sero3202","testUser":"sugachan.tectec@gmail.com","testPass":"6yjAWLhCxVT2","targetUrl":"https://t.livepocket.jp/e/momo_hapiba/","targetName":"１部前売チケット整理番号券","targetNumber":"2","storeTypeId":"002","loginTime":"2021-08-24 22:45","startTime":"2021-08-24 23:00","isBrowse":true,"isTest":false,"isJamCheck":true,"isCredit":false,"isMailSend":false,"notCheckOnly":true,"isClose":false,"isMobile":false,"dareSec":0,"isConnect":true,"isLogger":true,"advSec":-240,"isOrigin":true,"isOriginCancel":false,"jamTryCnt":10,"---2---":"====== MailSetting(GmailOnly) ======","fromMail":"sugachan.tectec@gmail.com","fromMailPass":"sero3202","toMail":"","toSysMail":"trigger@applet.ifttt.com"}
[2021-08-24T22:07:59.491] [INFO] system - 【本番】
[2021-08-24T22:07:59.496] [INFO] system - 2021-08-24 22:45:00までログイン処理待機中...
[2021-08-24T22:16:03.317] [INFO] system - キック：{"isWindows":["Windows"],"---1---":"====== BasicSetting ======","mypageUrl":"https://t.livepocket.jp/my_top","autoLogin":false,"confUser":"kisyan3333@gmail.com","confPass":"6yjAWLhCxVT2","testUser":"sugachan.tectec@gmail.com","testPass":"6yjAWLhCxVT2","targetUrl":"https://t.livepocket.jp/e/momo_hapiba/","targetName":"１部前売チケット整理番号券","targetNumber":"2","storeTypeId":"002","loginTime":"2021-08-24 22:45","startTime":"2021-08-24 23:00","isBrowse":true,"isTest":false,"isJamCheck":true,"isCredit":false,"isMailSend":false,"notCheckOnly":true,"isClose":false,"isMobile":false,"dareSec":0,"isConnect":true,"isLogger":true,"advSec":-240,"isOrigin":true,"isOriginCancel":false,"jamTryCnt":10,"---2---":"====== MailSetting(GmailOnly) ======","fromMail":"sugachan.tectec@gmail.com","fromMailPass":"sero3202","toMail":"","toSysMail":"trigger@applet.ifttt.com"}
[2021-08-24T22:16:03.336] [INFO] system - 【本番】
[2021-08-24T22:16:03.341] [INFO] system - 2021-08-24 22:45:00までログイン処理待機中...
[2021-08-24T22:45:00.030] [INFO] system - ログイン処理想定時間到達
[2021-08-24T22:45:00.696] [INFO] system - ブラウザ起動後準備完了
[2021-08-24T22:45:02.223] [INFO] system - ログインページに移動完了
[2021-08-24T22:45:04.271] [INFO] system - ログイン完了
[2021-08-24T22:45:04.298] [INFO] system - 混線なし
[2021-08-24T22:45:04.308] [INFO] system - 「１部前売チケット整理番号券」の存在を確認(.table #ticket-483551)
[2021-08-24T22:45:06.714] [INFO] system - .table #ticket-483551ロック外し開始
[2021-08-24T22:45:06.727] [INFO] system - 1セット選択終了
[2021-08-24T22:45:06.733] [INFO] system - 2021-08-24 22:59:29までページバック待機中...
[2021-08-24T22:59:29.772] [INFO] system - 前ページへ移動
[2021-08-24T22:59:31.685] [INFO] system - 2021-08-24 22:59:59まで購入処理待機中...
[2021-08-24T22:59:59.772] [INFO] system - 購入処理想定時間到達
[2021-08-24T22:59:59.773] [INFO] system - <成績時間カウント開始>
[2021-08-24T22:59:59.774] [INFO] system - 購入可能状態確認start(1回目)
[2021-08-24T22:59:59.790] [INFO] system - 次ページへ移動
[2021-08-24T23:00:04.524] [INFO] system - 購入可能状態確認end
[2021-08-24T23:00:04.525] [INFO] system - 枚数選択start(1回目)
[2021-08-24T23:00:04.526] [INFO] system - 購入クリック処理1回目
[2021-08-24T23:00:04.544] [INFO] system - 購入クリック処理2回目
[2021-08-24T23:00:06.912] [ERROR] system - Error: Execution context was destroyed, most likely because of a navigation.
    at rewriteError (C:\source\yt-scraping\node_modules\puppeteer\lib\cjs\puppeteer\common\ExecutionContext.js:261:23)
    at runMicrotasks (<anonymous>)
    at processTicksAndRejections (internal/process/task_queues.js:93:5)
    at async ExecutionContext._evaluateInternal (C:\source\yt-scraping\node_modules\puppeteer\lib\cjs\puppeteer\common\ExecutionContext.js:215:61)
    at async ExecutionContext.evaluate (C:\source\yt-scraping\node_modules\puppeteer\lib\cjs\puppeteer\common\ExecutionContext.js:106:16)
    at async targetPageBuySelect (C:\source\yt-scraping\func-lpkick\lpkick.js:876:11)
    at async newBrowser (C:\source\yt-scraping\func-lpkick\lpkick.js:493:11)
    at async C:\source\yt-scraping\func-lpkick\lpkick.js:110:5
[2021-08-24T23:00:07.355] [INFO] system - 枚数選択end(1回目)
[2021-08-24T23:00:07.366] [INFO] system - 決済処理ページ遷移済
[2021-08-24T23:00:07.366] [INFO] system - 決済処理start(1回目)
[2021-08-24T23:00:07.367] [INFO] system - 購入処理確定開始(freeBuy:true)
[2021-08-24T23:00:07.368] [INFO] system - 購入処理開始(無料)
[2021-08-24T23:00:07.390] [INFO] system - 規約に同意クリック
[2021-08-24T23:00:46.325] [INFO] system - (検証用)成功1
[2021-08-24T23:00:46.337] [INFO] system - (検証用)成功2
[2021-08-24T23:00:46.347] [INFO] system - (検証用)成功3
[2021-08-24T23:00:46.347] [INFO] system - 決済処理end
[2021-08-24T23:00:46.349] [INFO] system - <現在時刻：Tue Aug 24 2021 23:00:46 GMT+0900／成績：46.575秒>
[2021-08-24T23:00:46.349] [INFO] system - <成績：46.575秒>
