[2021-05-03T20:56:46.343] [INFO] system - 【Windows版起動】
[2021-05-03T20:56:46.345] [INFO] system - キック：{"---1---":"====== BasicSetting ======","mainUrl":"https://t.livepocket.jp/","loginUrl":"https://t.livepocket.jp/login?acroot=header-new_p_u_nl","mypageUrl":"https://t.livepocket.jp/my_top","autoLogin":false,"confUser":"chiaochiao.sonmi@gmail.com","confPass":"sero3202","targetUrl":"https://t.livepocket.jp/e/wakkuru0506/","targetTicket":null,"targetName":"１部優先入場チケット整理番号券,２部優先入場チケット整理番号券,３部優先入場チケット整理番号券","targetNumber":"2,2,2","storeTypeId":"002","startTime":"2021-05-03 22:00","isBrowse":false,"isFree":false,"isCredit":false,"isTest":false,"isLanguage":"ja","isStage":false,"isJamCheck":true,"isMailSend":false,"---2---":"====== MailSetting(GmailOnly) ======","fromMail":"sugachan.tectec@gmail.com","fromMailPass":"sero3202","toMail":"","toSysMail":"trigger@applet.ifttt.com","isWindows":["Windows"],"loginTime":"2021-05-03 21:45","notCheckOnly":true,"isClose":false,"isMobile":true}
[2021-05-03T20:56:46.368] [INFO] system - 2021-05-03 21:45:00までログイン処理待機中...
[2021-05-03T21:45:00.022] [INFO] system - ログイン処理想定時間到達
[2021-05-03T21:45:00.336] [INFO] system - ブラウザ起動後準備完了
[2021-05-03T21:45:03.228] [INFO] system - ログインページに移動完了
[2021-05-03T21:45:03.242] [INFO] system - 混線なし
[2021-05-03T21:45:08.294] [INFO] system - ログイン完了
[2021-05-03T21:45:08.308] [INFO] system - 混線なし
[2021-05-03T21:45:08.327] [INFO] system - 「１部優先入場チケット整理番号券,２部優先入場チケット整理番号券,３部優先入場チケット整理番号券」の存在を確認(.table #ticket-405314,.table #ticket-405316,.table #ticket-405318)
[2021-05-03T21:45:08.328] [INFO] system - 2021-05-03 22:00:00まで購入処理待機中...
[2021-05-03T22:00:00.004] [INFO] system - 購入処理想定時間到達
[2021-05-03T22:00:00.005] [INFO] system - <成績時間カウント開始>
[2021-05-03T22:00:00.006] [INFO] system - 購入可能状態確認start(1回目)
[2021-05-03T22:00:07.569] [INFO] system - 購入可能状態確認end
[2021-05-03T22:00:07.571] [INFO] system - 枚数選択start(1回目)
[2021-05-03T22:00:09.573] [INFO] system - 枚数選択時に明示的に2秒待機
[2021-05-03T22:00:09.575] [INFO] system - 1枚目選択開始
[2021-05-03T22:00:09.631] [INFO] system - 1枚目選択終了
[2021-05-03T22:00:09.632] [INFO] system - 2枚目選択開始
[2021-05-03T22:00:09.693] [INFO] system - 2枚目選択終了
[2021-05-03T22:00:09.694] [INFO] system - 3枚目選択開始
[2021-05-03T22:00:09.730] [INFO] system - 3枚目選択終了
[2021-05-03T22:00:15.528] [INFO] system - 枚数選択end
[2021-05-03T22:00:15.529] [INFO] system - 決済処理start(1回目)
[2021-05-03T22:00:15.529] [INFO] system - 購入処理確定開始(freeBuy:false)
[2021-05-03T22:00:15.530] [INFO] system - 購入処理開始(有料)
[2021-05-03T22:00:15.659] [INFO] system - 規約に同意クリック
[2021-05-03T22:00:20.275] [ERROR] system - Error: Execution context was destroyed, most likely because of a navigation.
    at rewriteError (C:\source\yt-scraping\node_modules\puppeteer\lib\cjs\puppeteer\common\ExecutionContext.js:261:23)
    at runMicrotasks (<anonymous>)
    at processTicksAndRejections (internal/process/task_queues.js:93:5)
    at async ExecutionContext._evaluateInternal (C:\source\yt-scraping\node_modules\puppeteer\lib\cjs\puppeteer\common\ExecutionContext.js:161:64)
    at async C:\source\yt-scraping\node_modules\puppeteer\lib\cjs\puppeteer\common\DOMWorld.js:102:30
    at async DOMWorld.$ (C:\source\yt-scraping\node_modules\puppeteer\lib\cjs\puppeteer\common\DOMWorld.js:94:26)
    at async newBrowser (C:\source\yt-scraping\func-lpkick\lpkick.js:382:35)
    at async C:\source\yt-scraping\func-lpkick\lpkick.js:113:5
[2021-05-03T22:00:20.278] [ERROR] system - ReferenceError: page is not defined
    at newBrowser (C:\source\yt-scraping\func-lpkick\lpkick.js:465:5)
    at runMicrotasks (<anonymous>)
    at processTicksAndRejections (internal/process/task_queues.js:93:5)
    at async C:\source\yt-scraping\func-lpkick\lpkick.js:113:5
