[2021-03-06T22:05:47.728] [INFO] system - 【Windows版起動】
[2021-03-06T22:05:47.730] [INFO] system - キック：{"---1---":"====== BasicSetting ======","mainUrl":"https://t.livepocket.jp/","loginUrl":"https://t.livepocket.jp/login?acroot=header-new_p_u_nl","mypageUrl":"https://t.livepocket.jp/my_top","autoLogin":false,"confUser":"sugachan.tectec@gmail.com","confPass":"6yjAWLhCxVT2","targetUrl":"https://t.livepocket.jp/e/wakkuru0321/","targetTicket":null,"targetName":"前方1000円チケット整理番号券","targetNumber":"2","storeTypeId":"002","startTime":"2021-03-06 22:30","isBrowse":false,"isFree":false,"isCredit":false,"isTest":false,"isLanguage":"ja","isStage":false,"isJamCheck":true,"isMailSend":false,"---2---":"====== MailSetting(GmailOnly) ======","fromMail":"sugachan.tectec@gmail.com","fromMailPass":"sero3202","toMail":"trigger@applet.ifttt.com","toSysMail":"trigger@applet.ifttt.com","isWindows":["Windows"],"notCheckOnly":true}
[2021-03-06T22:05:47.749] [ERROR] system - Error ReferenceError: isMailSend is not defined
    at statusSendMail (C:\source\yt-scraping\func-lpkick\lpkick.js:603:5)
    at C:\source\yt-scraping\func-lpkick\lpkick.js:89:5
    at module.exports (C:\source\yt-scraping\func-lpkick\lpkick.js:113:3)
    at Object.<anonymous> (C:\source\yt-scraping\func-lpkick\lpkickrun.js:32:23)
    at Module._compile (internal/modules/cjs/loader.js:1063:30)
    at Object.Module._extensions..js (internal/modules/cjs/loader.js:1092:10)
    at Module.load (internal/modules/cjs/loader.js:928:32)
    at Function.Module._load (internal/modules/cjs/loader.js:769:14)
    at Function.executeUserEntryPoint [as runMain] (internal/modules/run_main.js:72:12)
    at internal/main/run_main_module.js:17:47
[2021-03-06T22:05:47.762] [INFO] system - 2021-03-06 22:15:00までログイン処理待機中...
[2021-03-06T22:15:00.030] [INFO] system - ログイン処理想定時間到達
[2021-03-06T22:15:01.151] [INFO] system - ブラウザ起動後準備完了
[2021-03-06T22:15:04.149] [INFO] system - 混線なし
[2021-03-06T22:15:04.150] [INFO] system - ログインページに移動完了
[2021-03-06T22:15:06.453] [INFO] system - 混線なし
[2021-03-06T22:15:07.833] [INFO] system - ログイン完了
[2021-03-06T22:15:07.866] [INFO] system - 「前方1000円チケット整理番号券」の存在を確認(.table #ticket-368386)
[2021-03-06T22:15:07.868] [INFO] system - 2021-03-06 22:30まで購入処理待機中...
[2021-03-06T22:30:00.002] [INFO] system - 購入処理想定時間到達
[2021-03-06T22:30:00.004] [INFO] system - <成績時間カウント開始>
[2021-03-06T22:30:03.570] [INFO] system - 混線なし
[2021-03-06T22:30:03.574] [INFO] system - 購入状態確認(1回目に成功)
[2021-03-06T22:30:03.585] [INFO] system - 購入処理開始(確定前)
[2021-03-06T22:31:47.800] [INFO] system - 【Windows版起動】
[2021-03-06T22:31:47.802] [INFO] system - キック：{"---1---":"====== BasicSetting ======","mainUrl":"https://t.livepocket.jp/","loginUrl":"https://t.livepocket.jp/login?acroot=header-new_p_u_nl","mypageUrl":"https://t.livepocket.jp/my_top","autoLogin":false,"confUser":"sugachan.tectec@gmail.com","confPass":"6yjAWLhCxVT2","targetUrl":"https://t.livepocket.jp/e/wakkuru0321/","targetTicket":null,"targetName":"前方1000円チケット整理番号券","targetNumber":"2","storeTypeId":"002","startTime":"2021-03-06 22:30","isBrowse":false,"isFree":false,"isCredit":false,"isTest":false,"isLanguage":"ja","isStage":false,"isJamCheck":true,"isMailSend":false,"---2---":"====== MailSetting(GmailOnly) ======","fromMail":"sugachan.tectec@gmail.com","fromMailPass":"sero3202","toMail":"trigger@applet.ifttt.com","toSysMail":"trigger@applet.ifttt.com","isWindows":["Windows"],"notCheckOnly":true}
[2021-03-06T22:31:47.811] [ERROR] system - Error ReferenceError: isMailSend is not defined
    at statusSendMail (C:\source\yt-scraping\func-lpkick\lpkick.js:603:5)
    at C:\source\yt-scraping\func-lpkick\lpkick.js:89:5
    at module.exports (C:\source\yt-scraping\func-lpkick\lpkick.js:113:3)
    at Object.<anonymous> (C:\source\yt-scraping\func-lpkick\lpkickrun.js:32:23)
    at Module._compile (internal/modules/cjs/loader.js:1063:30)
    at Object.Module._extensions..js (internal/modules/cjs/loader.js:1092:10)
    at Module.load (internal/modules/cjs/loader.js:928:32)
    at Function.Module._load (internal/modules/cjs/loader.js:769:14)
    at Function.executeUserEntryPoint [as runMain] (internal/modules/run_main.js:72:12)
    at internal/main/run_main_module.js:17:47
[2021-03-06T22:31:47.818] [INFO] system - 2021-03-06 22:15:00にすでに到達
[2021-03-06T22:31:47.820] [INFO] system - ログイン処理想定時間到達
[2021-03-06T22:31:48.107] [INFO] system - ブラウザ起動後準備完了
[2021-03-06T22:31:51.116] [INFO] system - 混線なし
[2021-03-06T22:31:51.117] [INFO] system - ログインページに移動完了
[2021-03-06T22:31:53.547] [INFO] system - 混線なし
[2021-03-06T22:31:54.616] [INFO] system - ログイン完了
[2021-03-06T22:31:54.742] [INFO] system - 「前方1000円チケット整理番号券」の存在を確認(.table #ticket-368386)
[2021-03-06T22:31:54.743] [INFO] system - 2021-03-06 22:30にすでに到達
[2021-03-06T22:31:54.744] [INFO] system - 購入処理想定時間到達
[2021-03-06T22:31:54.748] [INFO] system - <成績時間カウント開始>
[2021-03-06T22:31:57.702] [INFO] system - 混線なし
[2021-03-06T22:31:57.707] [INFO] system - 購入状態確認(1回目に成功)
[2021-03-06T22:31:57.714] [INFO] system - 購入処理開始(確定前)
[2021-03-06T22:31:58.456] [INFO] system - 混線のため60秒待機開始...
[2021-03-06T22:33:01.807] [INFO] system - 混線解消(1回目に成功)
[2021-03-06T22:33:01.810] [INFO] system - 購入処理確定開始(freeBuy:false)
[2021-03-06T22:33:01.811] [INFO] system - 購入処理開始(有料)
[2021-03-06T22:33:57.000] [INFO] system - 【Windows版起動】
[2021-03-06T22:33:57.006] [INFO] system - キック：{"---1---":"====== BasicSetting ======","mainUrl":"https://t.livepocket.jp/","loginUrl":"https://t.livepocket.jp/login?acroot=header-new_p_u_nl","mypageUrl":"https://t.livepocket.jp/my_top","autoLogin":false,"confUser":"sugachan.tectec@gmail.com","confPass":"6yjAWLhCxVT2","targetUrl":"https://t.livepocket.jp/e/wakkuru0321/","targetTicket":null,"targetName":"前方1000円チケット整理番号券","targetNumber":"2","storeTypeId":"002","startTime":"2021-03-06 22:30","isBrowse":false,"isFree":false,"isCredit":false,"isTest":false,"isLanguage":"ja","isStage":false,"isJamCheck":true,"isMailSend":false,"---2---":"====== MailSetting(GmailOnly) ======","fromMail":"sugachan.tectec@gmail.com","fromMailPass":"sero3202","toMail":"trigger@applet.ifttt.com","toSysMail":"trigger@applet.ifttt.com","isWindows":["Windows"],"notCheckOnly":true}
[2021-03-06T22:33:57.009] [ERROR] system - Error ReferenceError: isMailSend is not defined
    at statusSendMail (C:\source\yt-scraping\func-lpkick\lpkick.js:603:5)
    at C:\source\yt-scraping\func-lpkick\lpkick.js:89:5
    at module.exports (C:\source\yt-scraping\func-lpkick\lpkick.js:113:3)
    at Object.<anonymous> (C:\source\yt-scraping\func-lpkick\lpkickrun.js:32:23)
    at Module._compile (internal/modules/cjs/loader.js:1063:30)
    at Object.Module._extensions..js (internal/modules/cjs/loader.js:1092:10)
    at Module.load (internal/modules/cjs/loader.js:928:32)
    at Function.Module._load (internal/modules/cjs/loader.js:769:14)
    at Function.executeUserEntryPoint [as runMain] (internal/modules/run_main.js:72:12)
    at internal/main/run_main_module.js:17:47
[2021-03-06T22:33:57.014] [INFO] system - 2021-03-06 22:15:00にすでに到達
[2021-03-06T22:33:57.016] [INFO] system - ログイン処理想定時間到達
[2021-03-06T22:33:57.296] [INFO] system - ブラウザ起動後準備完了
[2021-03-06T22:34:00.175] [INFO] system - 混線なし
[2021-03-06T22:34:00.176] [INFO] system - ログインページに移動完了
[2021-03-06T22:34:02.715] [INFO] system - 混線なし
[2021-03-06T22:34:03.907] [INFO] system - ログイン完了
[2021-03-06T22:34:04.034] [INFO] system - 「前方1000円チケット整理番号券」の存在を確認(.table #ticket-368386)
[2021-03-06T22:34:04.036] [INFO] system - 2021-03-06 22:30にすでに到達
[2021-03-06T22:34:04.039] [INFO] system - 購入処理想定時間到達
[2021-03-06T22:34:04.041] [INFO] system - <成績時間カウント開始>
[2021-03-06T22:34:06.434] [INFO] system - 混線なし
[2021-03-06T22:34:06.437] [INFO] system - 購入状態確認(1回目に成功)
[2021-03-06T22:34:06.445] [INFO] system - 購入処理開始(確定前)
[2021-03-06T22:34:07.730] [INFO] system - 混線なし
[2021-03-06T22:34:07.732] [INFO] system - 購入処理確定開始(freeBuy:false)
[2021-03-06T22:34:07.740] [INFO] system - 購入処理開始(有料)
[2021-03-06T22:34:07.988] [INFO] system - 規約に同意クリック
[2021-03-06T22:34:08.224] [INFO] system - 混線なし
[2021-03-06T22:34:12.222] [INFO] system - 購入処理完了(多分)
[2021-03-06T22:34:12.223] [INFO] system - <現在時刻：Sat Mar 06 2021 22:34:12 GMT+0900／成績：8.182秒>
[2021-03-06T22:34:12.493] [ERROR] system - Error ReferenceError: isMailSend is not defined
    at statusSendMail (C:\source\yt-scraping\func-lpkick\lpkick.js:603:5)
    at newBrowser (C:\source\yt-scraping\func-lpkick\lpkick.js:286:9)
    at async C:\source\yt-scraping\func-lpkick\lpkick.js:107:5
