[2021-04-23T19:26:23.263] [INFO] system - 【Windows版起動】
[2021-04-23T19:26:23.265] [INFO] system - キック：{"---1---":"====== BasicSetting ======","mainUrl":"https://t.livepocket.jp/","loginUrl":"https://t.livepocket.jp/login?acroot=header-new_p_u_nl","mypageUrl":"https://t.livepocket.jp/my_top","autoLogin":false,"confUser":"kisyan3333@gmail.com","confPass":"6yjAWLhCxVT2","targetUrl":"https://t.livepocket.jp/e/kyoto0425/","targetTicket":null,"targetName":"１部通常チケット整理番号券,２部通常チケット整理番号券","targetNumber":"1,1","storeTypeId":"002","startTime":"2021-04-23 21:30","isBrowse":false,"isFree":false,"isCredit":false,"isTest":true,"isLanguage":"ja","isStage":false,"isJamCheck":true,"isMailSend":false,"---2---":"====== MailSetting(GmailOnly) ======","fromMail":"sugachan.tectec@gmail.com","fromMailPass":"sero3202","toMail":"","toSysMail":"trigger@applet.ifttt.com","isWindows":["Windows"],"loginTime":"2021-04-23 21:15","notCheckOnly":true,"isClose":false,"isMobile":true}
[2021-04-23T19:26:23.283] [INFO] system - 【テスト】
[2021-04-23T19:26:23.289] [INFO] system - 2021-04-23 21:15:00までログイン処理待機中...
[2021-04-23T19:31:21.246] [INFO] system - 【Windows版起動】
[2021-04-23T19:31:21.247] [INFO] system - キック：{"---1---":"====== BasicSetting ======","mainUrl":"https://t.livepocket.jp/","loginUrl":"https://t.livepocket.jp/login?acroot=header-new_p_u_nl","mypageUrl":"https://t.livepocket.jp/my_top","autoLogin":false,"confUser":"kisyan3333@gmail.com","confPass":"6yjAWLhCxVT2","targetUrl":"https://t.livepocket.jp/e/kyoto0425/","targetTicket":null,"targetName":"１部通常チケット整理番号券,２部通常チケット整理番号券","targetNumber":"1,1","storeTypeId":"002","startTime":"2021-04-23 21:30","isBrowse":false,"isFree":false,"isCredit":false,"isTest":false,"isLanguage":"ja","isStage":false,"isJamCheck":true,"isMailSend":false,"---2---":"====== MailSetting(GmailOnly) ======","fromMail":"sugachan.tectec@gmail.com","fromMailPass":"sero3202","toMail":"","toSysMail":"trigger@applet.ifttt.com","isWindows":["Windows"],"loginTime":"2021-04-23 21:15","notCheckOnly":true,"isClose":false,"isMobile":true}
[2021-04-23T19:31:21.263] [INFO] system - 2021-04-23 21:15:00までログイン処理待機中...
[2021-04-23T19:32:58.737] [INFO] system - 【Windows版起動】
[2021-04-23T19:32:58.738] [INFO] system - キック：{"---1---":"====== BasicSetting ======","mainUrl":"https://t.livepocket.jp/","loginUrl":"https://t.livepocket.jp/login?acroot=header-new_p_u_nl","mypageUrl":"https://t.livepocket.jp/my_top","autoLogin":false,"confUser":"kisyan3333@gmail.com","confPass":"6yjAWLhCxVT2","targetUrl":"https://t.livepocket.jp/e/kyoto0425/","targetTicket":null,"targetName":"１部通常チケット整理番号券,２部通常チケット整理番号券","targetNumber":"1,1","storeTypeId":"002","startTime":"2021-04-23 21:30","isBrowse":false,"isFree":false,"isCredit":false,"isTest":false,"isLanguage":"ja","isStage":false,"isJamCheck":true,"isMailSend":false,"---2---":"====== MailSetting(GmailOnly) ======","fromMail":"sugachan.tectec@gmail.com","fromMailPass":"sero3202","toMail":"","toSysMail":"trigger@applet.ifttt.com","isWindows":["Windows"],"loginTime":"2021-04-23 21:15","notCheckOnly":true,"isClose":false,"isMobile":true}
[2021-04-23T19:32:58.758] [INFO] system - 2021-04-23 21:15:00までログイン処理待機中...
[2021-04-23T21:15:00.024] [INFO] system - ログイン処理想定時間到達
[2021-04-23T21:15:00.329] [INFO] system - ブラウザ起動後準備完了
[2021-04-23T21:15:03.054] [INFO] system - ログインページに移動完了
[2021-04-23T21:15:07.725] [INFO] system - ログイン完了
[2021-04-23T21:15:07.752] [INFO] system - 「１部通常チケット整理番号券,２部通常チケット整理番号券」の存在を確認(.table #ticket-400369,.table #ticket-400371)
[2021-04-23T21:15:07.754] [INFO] system - 2021-04-23 21:30:00まで購入処理待機中...
[2021-04-23T21:30:00.005] [INFO] system - 購入処理想定時間到達
[2021-04-23T21:30:00.007] [INFO] system - <成績時間カウント開始>
[2021-04-23T21:30:00.008] [INFO] system - 購入可能状態確認start(1回目)
[2021-04-23T21:30:03.222] [INFO] system - 購入可能状態確認end
[2021-04-23T21:30:04.225] [INFO] system - 枚数選択前に明示的に1秒待機
[2021-04-23T21:30:04.226] [INFO] system - 枚数選択start(1回目)
[2021-04-23T21:30:04.228] [INFO] system - 1枚目選択開始
[2021-04-23T21:30:04.301] [INFO] system - 1枚目選択終了
[2021-04-23T21:30:04.301] [INFO] system - 2枚目選択開始
[2021-04-23T21:30:04.365] [INFO] system - 2枚目選択終了
[2021-04-23T21:30:19.783] [INFO] system - 枚数選択end
[2021-04-23T21:30:19.785] [INFO] system - 決済処理start(1回目)
[2021-04-23T21:30:19.786] [INFO] system - 購入処理確定開始(freeBuy:true)
[2021-04-23T21:30:19.787] [INFO] system - 購入処理開始(無料)
[2021-04-23T21:30:19.805] [INFO] system - 規約に同意クリック
[2021-04-23T21:30:23.013] [INFO] system - 決済処理end
[2021-04-23T21:30:23.014] [INFO] system - <現在時刻：Fri Apr 23 2021 21:30:23 GMT+0900／成績：23.006秒>
[2021-04-23T21:30:23.015] [INFO] system - <成績：23.007秒>
