[2021-03-23T11:00:03.858] [INFO] system - 【Windows版起動】
[2021-03-23T11:00:03.860] [INFO] system - キック：{"---1---":"====== BasicSetting ======","mainUrl":"https://t.livepocket.jp/","loginUrl":"https://t.livepocket.jp/login?acroot=header-new_p_u_nl","mypageUrl":"https://t.livepocket.jp/my_top","autoLogin":false,"confUser":"kisyan3333@gmail.com","confPass":"sero3202","targetUrl":"https://t.livepocket.jp/e/chula_neco_tadashiiyo/","targetTicket":null,"targetName":"前方チケット整理番号券","targetNumber":"1","storeTypeId":"002","startTime":"2021-03-22 23:00","isBrowse":false,"isFree":false,"isCredit":false,"isTest":true,"isLanguage":"ja","isStage":false,"isJamCheck":true,"isMailSend":false,"---2---":"====== MailSetting(GmailOnly) ======","fromMail":"sugachan.tectec@gmail.com","fromMailPass":"sero3202","toMail":"","toSysMail":"trigger@applet.ifttt.com","isWindows":["Windows"],"loginTime":"2021-03-22 22:45","notCheckOnly":true}
[2021-03-23T11:00:03.876] [INFO] system - 【テスト】
[2021-03-23T11:00:03.880] [INFO] system - 2021-03-22 22:45:00にすでに到達
[2021-03-23T11:00:03.896] [INFO] system - ログイン処理想定時間到達
[2021-03-23T11:00:03.912] [ERROR] system - ReferenceError: conf is not defined
    at Object.launchOption (C:\source\yt-scraping\func-lpkick\lpkick-Utill.js:6:16)
    at newBrowser (C:\source\yt-scraping\func-lpkick\lpkick.js:181:50)
    at C:\source\yt-scraping\func-lpkick\lpkick.js:114:11
[2021-03-23T11:00:03.930] [ERROR] system - ReferenceError: page is not defined
    at newBrowser (C:\source\yt-scraping\func-lpkick\lpkick.js:291:5)
    at C:\source\yt-scraping\func-lpkick\lpkick.js:114:11
[2021-03-23T11:01:24.948] [INFO] system - 【Windows版起動】
[2021-03-23T11:01:24.949] [INFO] system - キック：{"---1---":"====== BasicSetting ======","mainUrl":"https://t.livepocket.jp/","loginUrl":"https://t.livepocket.jp/login?acroot=header-new_p_u_nl","mypageUrl":"https://t.livepocket.jp/my_top","autoLogin":false,"confUser":"kisyan3333@gmail.com","confPass":"sero3202","targetUrl":"https://t.livepocket.jp/e/chula_neco_tadashiiyo/","targetTicket":null,"targetName":"前方チケット整理番号券","targetNumber":"1","storeTypeId":"002","startTime":"2021-03-22 23:00","isBrowse":false,"isFree":false,"isCredit":false,"isTest":true,"isLanguage":"ja","isStage":false,"isJamCheck":true,"isMailSend":false,"---2---":"====== MailSetting(GmailOnly) ======","fromMail":"sugachan.tectec@gmail.com","fromMailPass":"sero3202","toMail":"","toSysMail":"trigger@applet.ifttt.com","isWindows":["Windows"],"loginTime":"2021-03-22 22:45","notCheckOnly":true}
[2021-03-23T11:01:24.966] [INFO] system - 【テスト】
[2021-03-23T11:01:24.970] [INFO] system - 2021-03-22 22:45:00にすでに到達
[2021-03-23T11:01:24.973] [INFO] system - ログイン処理想定時間到達
[2021-03-23T11:01:24.974] [ERROR] system - ReferenceError: conf is not defined
    at Object.launchOption (C:\source\yt-scraping\func-lpkick\lpkick-Utill.js:6:16)
    at newBrowser (C:\source\yt-scraping\func-lpkick\lpkick.js:178:50)
    at C:\source\yt-scraping\func-lpkick\lpkick.js:112:11
[2021-03-23T11:01:24.976] [ERROR] system - ReferenceError: page is not defined
    at newBrowser (C:\source\yt-scraping\func-lpkick\lpkick.js:288:5)
    at C:\source\yt-scraping\func-lpkick\lpkick.js:112:11
[2021-03-23T11:01:46.464] [INFO] system - 【Windows版起動】
[2021-03-23T11:01:46.466] [INFO] system - キック：{"---1---":"====== BasicSetting ======","mainUrl":"https://t.livepocket.jp/","loginUrl":"https://t.livepocket.jp/login?acroot=header-new_p_u_nl","mypageUrl":"https://t.livepocket.jp/my_top","autoLogin":false,"confUser":"kisyan3333@gmail.com","confPass":"sero3202","targetUrl":"https://t.livepocket.jp/e/chula_neco_tadashiiyo/","targetTicket":null,"targetName":"前方チケット整理番号券","targetNumber":"1","storeTypeId":"002","startTime":"2021-03-22 23:00","isBrowse":false,"isFree":false,"isCredit":false,"isTest":true,"isLanguage":"ja","isStage":false,"isJamCheck":true,"isMailSend":false,"---2---":"====== MailSetting(GmailOnly) ======","fromMail":"sugachan.tectec@gmail.com","fromMailPass":"sero3202","toMail":"","toSysMail":"trigger@applet.ifttt.com","isWindows":["Windows"],"loginTime":"2021-03-22 22:45","notCheckOnly":true}
[2021-03-23T11:01:46.481] [INFO] system - 【テスト】
[2021-03-23T11:01:46.486] [INFO] system - 2021-03-22 22:45:00にすでに到達
[2021-03-23T11:01:46.488] [INFO] system - ログイン処理想定時間到達
[2021-03-23T11:01:46.786] [INFO] system - ブラウザ起動後準備完了
[2021-03-23T11:03:26.689] [INFO] system - 【Windows版起動】
[2021-03-23T11:03:26.690] [INFO] system - キック：{"---1---":"====== BasicSetting ======","mainUrl":"https://t.livepocket.jp/","loginUrl":"https://t.livepocket.jp/login?acroot=header-new_p_u_nl","mypageUrl":"https://t.livepocket.jp/my_top","autoLogin":false,"confUser":"kisyan3333@gmail.com","confPass":"sero3202","targetUrl":"https://t.livepocket.jp/e/chula_neco_tadashiiyo/","targetTicket":null,"targetName":"前方チケット整理番号券","targetNumber":"1","storeTypeId":"002","startTime":"2021-03-22 23:00","isBrowse":false,"isFree":false,"isCredit":false,"isTest":true,"isLanguage":"ja","isStage":false,"isJamCheck":true,"isMailSend":false,"---2---":"====== MailSetting(GmailOnly) ======","fromMail":"sugachan.tectec@gmail.com","fromMailPass":"sero3202","toMail":"","toSysMail":"trigger@applet.ifttt.com","isWindows":["Windows"],"loginTime":"2021-03-22 22:45","notCheckOnly":true}
[2021-03-23T11:03:26.708] [INFO] system - 【テスト】
[2021-03-23T11:03:26.712] [INFO] system - 2021-03-22 22:45:00にすでに到達
[2021-03-23T11:03:26.715] [INFO] system - ログイン処理想定時間到達
[2021-03-23T11:03:26.730] [ERROR] system - Error: 終了します
    at newBrowser (C:\source\yt-scraping\func-lpkick\lpkick.js:197:11)
    at C:\source\yt-scraping\func-lpkick\lpkick.js:112:11
[2021-03-23T11:03:26.746] [ERROR] system - ReferenceError: page is not defined
    at newBrowser (C:\source\yt-scraping\func-lpkick\lpkick.js:312:5)
    at C:\source\yt-scraping\func-lpkick\lpkick.js:112:11
[2021-03-23T11:03:36.023] [INFO] system - 【Windows版起動】
[2021-03-23T11:03:36.025] [INFO] system - キック：{"---1---":"====== BasicSetting ======","mainUrl":"https://t.livepocket.jp/","loginUrl":"https://t.livepocket.jp/login?acroot=header-new_p_u_nl","mypageUrl":"https://t.livepocket.jp/my_top","autoLogin":false,"confUser":"kisyan3333@gmail.com","confPass":"sero3202","targetUrl":"https://t.livepocket.jp/e/chula_neco_tadashiiyo/","targetTicket":null,"targetName":"前方チケット整理番号券","targetNumber":"1","storeTypeId":"002","startTime":"2021-03-22 23:00","isBrowse":false,"isFree":false,"isCredit":false,"isTest":true,"isLanguage":"ja","isStage":false,"isJamCheck":true,"isMailSend":false,"---2---":"====== MailSetting(GmailOnly) ======","fromMail":"sugachan.tectec@gmail.com","fromMailPass":"sero3202","toMail":"","toSysMail":"trigger@applet.ifttt.com","isWindows":["Windows"],"loginTime":"2021-03-22 22:45","notCheckOnly":true}
[2021-03-23T11:03:36.040] [INFO] system - 【テスト】
[2021-03-23T11:03:36.046] [INFO] system - 2021-03-22 22:45:00にすでに到達
[2021-03-23T11:03:36.049] [INFO] system - ログイン処理想定時間到達
[2021-03-23T11:03:36.065] [ERROR] system - ReferenceError: conf is not defined
    at Object.launchOption (C:\source\yt-scraping\func-lpkick\lpkick-Utill.js:6:16)
    at newBrowser (C:\source\yt-scraping\func-lpkick\lpkick.js:196:23)
    at C:\source\yt-scraping\func-lpkick\lpkick.js:112:11
[2021-03-23T11:03:36.067] [ERROR] system - ReferenceError: page is not defined
    at newBrowser (C:\source\yt-scraping\func-lpkick\lpkick.js:312:5)
    at C:\source\yt-scraping\func-lpkick\lpkick.js:112:11
[2021-03-23T11:04:33.971] [INFO] system - 【Windows版起動】
[2021-03-23T11:04:33.972] [INFO] system - キック：{"---1---":"====== BasicSetting ======","mainUrl":"https://t.livepocket.jp/","loginUrl":"https://t.livepocket.jp/login?acroot=header-new_p_u_nl","mypageUrl":"https://t.livepocket.jp/my_top","autoLogin":false,"confUser":"kisyan3333@gmail.com","confPass":"sero3202","targetUrl":"https://t.livepocket.jp/e/chula_neco_tadashiiyo/","targetTicket":null,"targetName":"前方チケット整理番号券","targetNumber":"1","storeTypeId":"002","startTime":"2021-03-22 23:00","isBrowse":false,"isFree":false,"isCredit":false,"isTest":true,"isLanguage":"ja","isStage":false,"isJamCheck":true,"isMailSend":false,"---2---":"====== MailSetting(GmailOnly) ======","fromMail":"sugachan.tectec@gmail.com","fromMailPass":"sero3202","toMail":"","toSysMail":"trigger@applet.ifttt.com","isWindows":["Windows"],"loginTime":"2021-03-22 22:45","notCheckOnly":true}
[2021-03-23T11:04:33.988] [INFO] system - 【テスト】
[2021-03-23T11:04:33.993] [INFO] system - 2021-03-22 22:45:00にすでに到達
[2021-03-23T11:04:33.995] [INFO] system - ログイン処理想定時間到達
[2021-03-23T11:04:33.996] [ERROR] system - ReferenceError: conf is not defined
    at Object.launchOption (C:\source\yt-scraping\func-lpkick\lpkick-Utill.js:6:16)
    at newBrowser (C:\source\yt-scraping\func-lpkick\lpkick.js:196:39)
    at C:\source\yt-scraping\func-lpkick\lpkick.js:112:11
[2021-03-23T11:04:33.999] [ERROR] system - ReferenceError: page is not defined
    at newBrowser (C:\source\yt-scraping\func-lpkick\lpkick.js:312:5)
    at C:\source\yt-scraping\func-lpkick\lpkick.js:112:11
[2021-03-23T11:06:16.063] [INFO] system - 【Windows版起動】
[2021-03-23T11:06:16.065] [INFO] system - キック：{"---1---":"====== BasicSetting ======","mainUrl":"https://t.livepocket.jp/","loginUrl":"https://t.livepocket.jp/login?acroot=header-new_p_u_nl","mypageUrl":"https://t.livepocket.jp/my_top","autoLogin":false,"confUser":"kisyan3333@gmail.com","confPass":"sero3202","targetUrl":"https://t.livepocket.jp/e/chula_neco_tadashiiyo/","targetTicket":null,"targetName":"前方チケット整理番号券","targetNumber":"1","storeTypeId":"002","startTime":"2021-03-22 23:00","isBrowse":false,"isFree":false,"isCredit":false,"isTest":true,"isLanguage":"ja","isStage":false,"isJamCheck":true,"isMailSend":false,"---2---":"====== MailSetting(GmailOnly) ======","fromMail":"sugachan.tectec@gmail.com","fromMailPass":"sero3202","toMail":"","toSysMail":"trigger@applet.ifttt.com","isWindows":["Windows"],"loginTime":"2021-03-22 22:45","notCheckOnly":true}
[2021-03-23T11:06:16.067] [INFO] system - 【テスト】
[2021-03-23T11:06:16.071] [INFO] system - 2021-03-22 22:45:00にすでに到達
[2021-03-23T11:06:16.073] [INFO] system - ログイン処理想定時間到達
[2021-03-23T11:06:16.075] [ERROR] system - Error: 終了します
    at newBrowser (C:\source\yt-scraping\func-lpkick\lpkick.js:197:11)
    at C:\source\yt-scraping\func-lpkick\lpkick.js:112:11
[2021-03-23T11:06:16.076] [ERROR] system - ReferenceError: page is not defined
    at newBrowser (C:\source\yt-scraping\func-lpkick\lpkick.js:312:5)
    at C:\source\yt-scraping\func-lpkick\lpkick.js:112:11
[2021-03-23T11:08:20.204] [INFO] system - 【Windows版起動】
[2021-03-23T11:08:20.205] [INFO] system - キック：{"---1---":"====== BasicSetting ======","mainUrl":"https://t.livepocket.jp/","loginUrl":"https://t.livepocket.jp/login?acroot=header-new_p_u_nl","mypageUrl":"https://t.livepocket.jp/my_top","autoLogin":false,"confUser":"kisyan3333@gmail.com","confPass":"sero3202","targetUrl":"https://t.livepocket.jp/e/chula_neco_tadashiiyo/","targetTicket":null,"targetName":"前方チケット整理番号券","targetNumber":"1","storeTypeId":"002","startTime":"2021-03-22 23:00","isBrowse":false,"isFree":false,"isCredit":false,"isTest":true,"isLanguage":"ja","isStage":false,"isJamCheck":true,"isMailSend":false,"---2---":"====== MailSetting(GmailOnly) ======","fromMail":"sugachan.tectec@gmail.com","fromMailPass":"sero3202","toMail":"","toSysMail":"trigger@applet.ifttt.com","isWindows":["Windows"],"loginTime":"2021-03-22 22:45","notCheckOnly":true}
[2021-03-23T11:08:20.220] [INFO] system - 【テスト】
[2021-03-23T11:08:20.224] [INFO] system - 2021-03-22 22:45:00にすでに到達
[2021-03-23T11:08:20.227] [INFO] system - ログイン処理想定時間到達
[2021-03-23T11:08:20.228] [ERROR] system - ReferenceError: conf is not defined
    at Object.launchOption (C:\source\yt-scraping\func-lpkick\lpkick-Utill.js:6:16)
    at newBrowser (C:\source\yt-scraping\func-lpkick\lpkick.js:196:39)
    at C:\source\yt-scraping\func-lpkick\lpkick.js:112:11
[2021-03-23T11:08:20.230] [ERROR] system - ReferenceError: page is not defined
    at newBrowser (C:\source\yt-scraping\func-lpkick\lpkick.js:312:5)
    at C:\source\yt-scraping\func-lpkick\lpkick.js:112:11
[2021-03-23T11:08:29.205] [INFO] system - 【Windows版起動】
[2021-03-23T11:08:29.206] [INFO] system - キック：{"---1---":"====== BasicSetting ======","mainUrl":"https://t.livepocket.jp/","loginUrl":"https://t.livepocket.jp/login?acroot=header-new_p_u_nl","mypageUrl":"https://t.livepocket.jp/my_top","autoLogin":false,"confUser":"kisyan3333@gmail.com","confPass":"sero3202","targetUrl":"https://t.livepocket.jp/e/chula_neco_tadashiiyo/","targetTicket":null,"targetName":"前方チケット整理番号券","targetNumber":"1","storeTypeId":"002","startTime":"2021-03-22 23:00","isBrowse":false,"isFree":false,"isCredit":false,"isTest":true,"isLanguage":"ja","isStage":false,"isJamCheck":true,"isMailSend":false,"---2---":"====== MailSetting(GmailOnly) ======","fromMail":"sugachan.tectec@gmail.com","fromMailPass":"sero3202","toMail":"","toSysMail":"trigger@applet.ifttt.com","isWindows":["Windows"],"loginTime":"2021-03-22 22:45","notCheckOnly":true}
[2021-03-23T11:08:29.222] [INFO] system - 【テスト】
[2021-03-23T11:08:29.227] [INFO] system - 2021-03-22 22:45:00にすでに到達
[2021-03-23T11:08:29.229] [INFO] system - ログイン処理想定時間到達
[2021-03-23T11:08:29.230] [ERROR] system - ReferenceError: conf is not defined
    at Object.launchOption (C:\source\yt-scraping\func-lpkick\lpkick-Utill.js:6:16)
    at newBrowser (C:\source\yt-scraping\func-lpkick\lpkick.js:196:39)
    at C:\source\yt-scraping\func-lpkick\lpkick.js:112:11
[2021-03-23T11:08:29.248] [ERROR] system - ReferenceError: page is not defined
    at newBrowser (C:\source\yt-scraping\func-lpkick\lpkick.js:312:5)
    at C:\source\yt-scraping\func-lpkick\lpkick.js:112:11
[2021-03-23T11:09:52.138] [INFO] system - 【Windows版起動】
[2021-03-23T11:09:52.140] [INFO] system - キック：{"---1---":"====== BasicSetting ======","mainUrl":"https://t.livepocket.jp/","loginUrl":"https://t.livepocket.jp/login?acroot=header-new_p_u_nl","mypageUrl":"https://t.livepocket.jp/my_top","autoLogin":false,"confUser":"kisyan3333@gmail.com","confPass":"sero3202","targetUrl":"https://t.livepocket.jp/e/chula_neco_tadashiiyo/","targetTicket":null,"targetName":"前方チケット整理番号券","targetNumber":"1","storeTypeId":"002","startTime":"2021-03-22 23:00","isBrowse":false,"isFree":false,"isCredit":false,"isTest":true,"isLanguage":"ja","isStage":false,"isJamCheck":true,"isMailSend":false,"---2---":"====== MailSetting(GmailOnly) ======","fromMail":"sugachan.tectec@gmail.com","fromMailPass":"sero3202","toMail":"","toSysMail":"trigger@applet.ifttt.com","isWindows":["Windows"],"loginTime":"2021-03-22 22:45","notCheckOnly":true}
[2021-03-23T11:09:52.155] [INFO] system - 【テスト】
[2021-03-23T11:09:52.160] [INFO] system - 2021-03-22 22:45:00にすでに到達
[2021-03-23T11:09:52.162] [INFO] system - ログイン処理想定時間到達
[2021-03-23T11:09:52.163] [ERROR] system - ReferenceError: conf is not defined
    at Object.launchOption (C:\source\yt-scraping\func-lpkick\lpkick-Utill.js:6:16)
    at newBrowser (C:\source\yt-scraping\func-lpkick\lpkick.js:196:39)
    at C:\source\yt-scraping\func-lpkick\lpkick.js:112:11
[2021-03-23T11:09:52.197] [ERROR] system - ReferenceError: page is not defined
    at newBrowser (C:\source\yt-scraping\func-lpkick\lpkick.js:312:5)
    at C:\source\yt-scraping\func-lpkick\lpkick.js:112:11
[2021-03-23T11:09:57.204] [INFO] system - 【Windows版起動】
[2021-03-23T11:09:57.205] [INFO] system - キック：{"---1---":"====== BasicSetting ======","mainUrl":"https://t.livepocket.jp/","loginUrl":"https://t.livepocket.jp/login?acroot=header-new_p_u_nl","mypageUrl":"https://t.livepocket.jp/my_top","autoLogin":false,"confUser":"kisyan3333@gmail.com","confPass":"sero3202","targetUrl":"https://t.livepocket.jp/e/chula_neco_tadashiiyo/","targetTicket":null,"targetName":"前方チケット整理番号券","targetNumber":"1","storeTypeId":"002","startTime":"2021-03-22 23:00","isBrowse":false,"isFree":false,"isCredit":false,"isTest":true,"isLanguage":"ja","isStage":false,"isJamCheck":true,"isMailSend":false,"---2---":"====== MailSetting(GmailOnly) ======","fromMail":"sugachan.tectec@gmail.com","fromMailPass":"sero3202","toMail":"","toSysMail":"trigger@applet.ifttt.com","isWindows":["Windows"],"loginTime":"2021-03-22 22:45","notCheckOnly":true}
[2021-03-23T11:09:57.221] [INFO] system - 【テスト】
[2021-03-23T11:09:57.226] [INFO] system - 2021-03-22 22:45:00にすでに到達
[2021-03-23T11:09:57.228] [INFO] system - ログイン処理想定時間到達
[2021-03-23T11:09:57.266] [ERROR] system - TypeError: Cannot read property 'isBrowse' of undefined
    at Object.launchOption (C:\source\yt-scraping\func-lpkick\lpkick-Utill.js:6:21)
    at newBrowser (C:\source\yt-scraping\func-lpkick\lpkick.js:202:50)
    at C:\source\yt-scraping\func-lpkick\lpkick.js:112:11
[2021-03-23T11:09:57.280] [ERROR] system - ReferenceError: page is not defined
    at newBrowser (C:\source\yt-scraping\func-lpkick\lpkick.js:312:5)
    at C:\source\yt-scraping\func-lpkick\lpkick.js:112:11
[2021-03-23T11:11:39.476] [INFO] system - 【Windows版起動】
[2021-03-23T11:11:39.478] [INFO] system - キック：{"---1---":"====== BasicSetting ======","mainUrl":"https://t.livepocket.jp/","loginUrl":"https://t.livepocket.jp/login?acroot=header-new_p_u_nl","mypageUrl":"https://t.livepocket.jp/my_top","autoLogin":false,"confUser":"kisyan3333@gmail.com","confPass":"sero3202","targetUrl":"https://t.livepocket.jp/e/chula_neco_tadashiiyo/","targetTicket":null,"targetName":"前方チケット整理番号券","targetNumber":"1","storeTypeId":"002","startTime":"2021-03-22 23:00","isBrowse":false,"isFree":false,"isCredit":false,"isTest":true,"isLanguage":"ja","isStage":false,"isJamCheck":true,"isMailSend":false,"---2---":"====== MailSetting(GmailOnly) ======","fromMail":"sugachan.tectec@gmail.com","fromMailPass":"sero3202","toMail":"","toSysMail":"trigger@applet.ifttt.com","isWindows":["Windows"],"loginTime":"2021-03-22 22:45","notCheckOnly":true}
[2021-03-23T11:11:39.494] [INFO] system - 【テスト】
[2021-03-23T11:11:39.500] [INFO] system - 2021-03-22 22:45:00にすでに到達
[2021-03-23T11:11:39.516] [INFO] system - ログイン処理想定時間到達
[2021-03-23T11:11:39.810] [INFO] system - ブラウザ起動後準備完了
[2021-03-23T11:12:56.766] [INFO] system - 【Windows版起動】
[2021-03-23T11:12:56.769] [INFO] system - キック：{"---1---":"====== BasicSetting ======","mainUrl":"https://t.livepocket.jp/","loginUrl":"https://t.livepocket.jp/login?acroot=header-new_p_u_nl","mypageUrl":"https://t.livepocket.jp/my_top","autoLogin":false,"confUser":"kisyan3333@gmail.com","confPass":"sero3202","targetUrl":"https://t.livepocket.jp/e/chula_neco_tadashiiyo/","targetTicket":null,"targetName":"前方チケット整理番号券","targetNumber":"1","storeTypeId":"002","startTime":"2021-03-22 23:00","isBrowse":false,"isFree":false,"isCredit":false,"isTest":true,"isLanguage":"ja","isStage":false,"isJamCheck":true,"isMailSend":false,"---2---":"====== MailSetting(GmailOnly) ======","fromMail":"sugachan.tectec@gmail.com","fromMailPass":"sero3202","toMail":"","toSysMail":"trigger@applet.ifttt.com","isWindows":["Windows"],"loginTime":"2021-03-22 22:45","notCheckOnly":true}
[2021-03-23T11:12:56.780] [INFO] system - 【テスト】
[2021-03-23T11:12:56.785] [INFO] system - 2021-03-22 22:45:00にすでに到達
[2021-03-23T11:12:56.796] [INFO] system - ログイン処理想定時間到達
[2021-03-23T11:12:56.832] [ERROR] system - TypeError: Cannot read property 'isBrowse' of undefined
    at Object.launchOption (C:\source\yt-scraping\func-lpkick\lpkick-Utill.js:6:21)
    at newBrowser (C:\source\yt-scraping\func-lpkick\lpkick.js:200:50)
    at C:\source\yt-scraping\func-lpkick\lpkick.js:112:11
[2021-03-23T11:12:56.842] [ERROR] system - ReferenceError: page is not defined
    at newBrowser (C:\source\yt-scraping\func-lpkick\lpkick.js:310:5)
    at C:\source\yt-scraping\func-lpkick\lpkick.js:112:11
[2021-03-23T11:18:07.783] [INFO] system - 【Windows版起動】
[2021-03-23T11:18:07.784] [INFO] system - キック：{"isWindows":["Windows"],"---1---":"====== BasicSetting ======","mypageUrl":"https://t.livepocket.jp/my_top","autoLogin":false,"confUser":"kisyan3333@gmail.com","confPass":"sero3202","targetUrl":"https://t.livepocket.jp/e/chula_neco_tadashiiyo/","targetName":"前方チケット整理番号券","targetNumber":"1","storeTypeId":"002","loginTime":"2021-03-22 22:45","startTime":"2021-03-22 23:00","isBrowse":false,"isTest":true,"isJamCheck":true,"isCredit":false,"isMailSend":false,"notCheckOnly":true,"---2---":"====== MailSetting(GmailOnly) ======","fromMail":"sugachan.tectec@gmail.com","fromMailPass":"sero3202","toMail":"","toSysMail":"trigger@applet.ifttt.com"}
[2021-03-23T11:18:07.799] [INFO] system - 【テスト】
[2021-03-23T11:18:07.804] [INFO] system - 2021-03-22 22:45:00にすでに到達
[2021-03-23T11:18:07.806] [INFO] system - ログイン処理想定時間到達
[2021-03-23T11:18:08.084] [INFO] system - ブラウザ起動後準備完了
[2021-03-23T11:18:11.009] [INFO] system - 混線なし
[2021-03-23T11:18:11.010] [INFO] system - ログインページに移動完了
[2021-03-23T11:18:13.530] [INFO] system - 混線なし
[2021-03-23T11:18:57.797] [INFO] system - 【Windows版起動】
[2021-03-23T11:18:57.799] [INFO] system - キック：{"isWindows":["Windows"],"---1---":"====== BasicSetting ======","mypageUrl":"https://t.livepocket.jp/my_top","autoLogin":false,"confUser":"kisyan3333@gmail.com","confPass":"6yjAWLhCxVT2","targetUrl":"https://t.livepocket.jp/e/chula_neco_tadashiiyo/","targetName":"前方チケット整理番号券","targetNumber":"1","storeTypeId":"002","loginTime":"2021-03-22 22:45","startTime":"2021-03-22 23:00","isBrowse":false,"isTest":true,"isJamCheck":true,"isCredit":false,"isMailSend":false,"notCheckOnly":true,"---2---":"====== MailSetting(GmailOnly) ======","fromMail":"sugachan.tectec@gmail.com","fromMailPass":"sero3202","toMail":"","toSysMail":"trigger@applet.ifttt.com"}
[2021-03-23T11:18:57.814] [INFO] system - 【テスト】
[2021-03-23T11:18:57.835] [INFO] system - 2021-03-22 22:45:00にすでに到達
[2021-03-23T11:18:57.849] [INFO] system - ログイン処理想定時間到達
[2021-03-23T11:18:58.145] [INFO] system - ブラウザ起動後準備完了
[2021-03-23T11:19:01.227] [INFO] system - 混線なし
[2021-03-23T11:19:01.228] [INFO] system - ログインページに移動完了
[2021-03-23T11:19:03.704] [INFO] system - 混線なし
[2021-03-23T11:19:05.046] [INFO] system - ログイン完了
[2021-03-23T11:19:05.061] [INFO] system - 「前方チケット整理番号券」の存在を確認(.table #ticket-380905)
[2021-03-23T11:19:05.065] [INFO] system - 2021-03-22 23:00にすでに到達
[2021-03-23T11:19:05.068] [INFO] system - 購入処理想定時間到達
[2021-03-23T11:19:05.069] [INFO] system - <成績時間カウント開始>
[2021-03-23T11:19:07.226] [INFO] system - 混線なし
[2021-03-23T11:19:07.228] [INFO] system - 購入状態確認(1回目に成功)
[2021-03-23T11:19:07.241] [INFO] system - 購入処理開始(確定前)
[2021-03-23T11:19:07.318] [INFO] system - 枚数選択完了
[2021-03-23T11:19:09.078] [INFO] system - 混線なし
[2021-03-23T11:19:09.080] [INFO] system - 購入処理確定開始(freeBuy:false)
[2021-03-23T11:19:09.093] [INFO] system - 購入処理開始(有料)
[2021-03-23T11:19:09.261] [INFO] system - 規約に同意クリック
[2021-03-23T11:19:09.261] [INFO] system - 【テスト:決済ロジック】
[2021-03-23T11:19:09.262] [INFO] system - <成績：4.193秒>
[2021-03-23T11:35:37.218] [INFO] system - 【Windows版起動】
[2021-03-23T11:35:37.220] [INFO] system - キック：{"isWindows":["Windows"],"---1---":"====== BasicSetting ======","mypageUrl":"https://t.livepocket.jp/my_top","autoLogin":false,"confUser":"kisyan3333@gmail.com","confPass":"6yjAWLhCxVT2","targetUrl":"https://t.livepocket.jp/e/chula_neco_tadashiiyo/","targetName":"前方チケット整理番号券","targetNumber":"1","storeTypeId":"002","loginTime":"2021-03-22 22:45","startTime":"2021-03-22 23:00","isBrowse":false,"isTest":true,"isJamCheck":true,"isCredit":false,"isMailSend":false,"notCheckOnly":true,"---2---":"====== MailSetting(GmailOnly) ======","fromMail":"sugachan.tectec@gmail.com","fromMailPass":"sero3202","toMail":"","toSysMail":"trigger@applet.ifttt.com"}
[2021-03-23T11:35:37.233] [INFO] system - 【テスト】
[2021-03-23T11:35:37.238] [INFO] system - 2021-03-22 22:45:00にすでに到達
[2021-03-23T11:35:37.240] [INFO] system - ログイン処理想定時間到達
[2021-03-23T11:35:37.511] [INFO] system - ブラウザ起動後準備完了
[2021-03-23T11:35:41.145] [INFO] system - 混線なし
[2021-03-23T11:35:41.146] [INFO] system - ログインページに移動完了
[2021-03-23T11:35:43.789] [INFO] system - 混線なし
[2021-03-23T11:35:45.144] [INFO] system - ログイン完了
[2021-03-23T11:35:45.272] [INFO] system - 「前方チケット整理番号券」の存在を確認(.table #ticket-380905)
[2021-03-23T11:35:45.273] [INFO] system - 2021-03-22 23:00にすでに到達
[2021-03-23T11:35:45.275] [INFO] system - 購入処理想定時間到達
[2021-03-23T11:35:45.287] [INFO] system - <成績時間カウント開始>
[2021-03-23T11:35:48.421] [INFO] system - 混線なし
[2021-03-23T11:35:48.423] [INFO] system - 購入ページページに移動完了(1回目に成功)
[2021-03-23T11:35:48.436] [INFO] system - 購入処理開始(確定前)
[2021-03-23T11:35:48.512] [INFO] system - 枚数選択完了
[2021-03-23T11:40:39.399] [INFO] system - 【Windows版起動】
[2021-03-23T11:40:39.401] [INFO] system - キック：{"isWindows":["Windows"],"---1---":"====== BasicSetting ======","mypageUrl":"https://t.livepocket.jp/my_top","autoLogin":false,"confUser":"kisyan3333@gmail.com","confPass":"6yjAWLhCxVT2","targetUrl":"https://t.livepocket.jp/e/chula_neco_tadashiiyo/","targetName":"前方チケット整理番号券","targetNumber":"1","storeTypeId":"002","loginTime":"2021-03-22 22:45","startTime":"2021-03-22 23:00","isBrowse":false,"isTest":true,"isJamCheck":true,"isCredit":false,"isMailSend":false,"notCheckOnly":true,"---2---":"====== MailSetting(GmailOnly) ======","fromMail":"sugachan.tectec@gmail.com","fromMailPass":"sero3202","toMail":"","toSysMail":"trigger@applet.ifttt.com"}
[2021-03-23T11:40:39.414] [INFO] system - 【テスト】
[2021-03-23T11:40:39.419] [INFO] system - 2021-03-22 22:45:00にすでに到達
[2021-03-23T11:40:39.432] [INFO] system - ログイン処理想定時間到達
[2021-03-23T11:40:39.697] [INFO] system - ブラウザ起動後準備完了
[2021-03-23T11:40:42.743] [INFO] system - 混線なし
[2021-03-23T11:40:42.744] [INFO] system - ログインページに移動完了
[2021-03-23T11:40:45.161] [INFO] system - 混線なし
[2021-03-23T11:40:46.445] [INFO] system - ログイン完了
[2021-03-23T11:40:46.465] [INFO] system - 「前方チケット整理番号券」の存在を確認(.table #ticket-380905)
[2021-03-23T11:40:46.467] [INFO] system - 2021-03-22 23:00にすでに到達
[2021-03-23T11:40:46.468] [INFO] system - 購入処理想定時間到達
[2021-03-23T11:40:46.468] [INFO] system - <成績時間カウント開始>
[2021-03-23T11:40:49.295] [INFO] system - 混線なし
[2021-03-23T11:40:49.299] [INFO] system - 購入ページに移動完了(1回目に成功)
[2021-03-23T11:40:49.314] [INFO] system - 購入処理開始(確定前)
[2021-03-23T11:40:49.384] [INFO] system - 枚数選択完了
[2021-03-23T18:34:01.601] [INFO] system - 【Windows版起動】
[2021-03-23T18:34:01.603] [INFO] system - キック：{"---1---":"====== BasicSetting ======","mainUrl":"https://t.livepocket.jp/","loginUrl":"https://t.livepocket.jp/login?acroot=header-new_p_u_nl","mypageUrl":"https://t.livepocket.jp/my_top","autoLogin":false,"confUser":"kisyan3333@gmail.com","confPass":"6yjAWLhCxVT2","targetUrl":"https://t.livepocket.jp/e/chula_neco_tadashiiyo/","targetTicket":null,"targetName":"前方チケット整理番号券","targetNumber":"1","storeTypeId":"002","startTime":"2021-03-22 23:00","isBrowse":false,"isFree":false,"isCredit":false,"isTest":true,"isLanguage":"ja","isStage":false,"isJamCheck":true,"isMailSend":false,"---2---":"====== MailSetting(GmailOnly) ======","fromMail":"sugachan.tectec@gmail.com","fromMailPass":"sero3202","toMail":"","toSysMail":"trigger@applet.ifttt.com","isWindows":["Windows"],"loginTime":"2021-03-22 22:45","notCheckOnly":true}
[2021-03-23T18:34:01.618] [INFO] system - 【テスト】
[2021-03-23T18:34:01.623] [INFO] system - 2021-03-22 22:45:00にすでに到達
[2021-03-23T18:34:01.626] [INFO] system - ログイン処理想定時間到達
[2021-03-23T18:34:01.937] [INFO] system - ブラウザ起動後準備完了
[2021-03-23T18:34:04.795] [INFO] system - 混線なし
[2021-03-23T18:34:04.796] [INFO] system - ログインページに移動完了
[2021-03-23T18:34:07.253] [INFO] system - 混線なし
[2021-03-23T18:34:08.792] [INFO] system - ログイン完了
[2021-03-23T18:34:08.815] [INFO] system - 「前方チケット整理番号券」の存在を確認(.table #ticket-380905)
[2021-03-23T18:34:08.816] [INFO] system - 2021-03-22 23:00にすでに到達
[2021-03-23T18:34:08.817] [INFO] system - 購入処理想定時間到達
[2021-03-23T18:34:08.817] [INFO] system - <成績時間カウント開始>
[2021-03-23T18:34:08.818] [INFO] system - 購入可能状態確認start
[2021-03-23T18:34:11.397] [INFO] system - 購入可能状態確認end
[2021-03-23T18:34:11.398] [INFO] system - 枚数選択start
[2021-03-23T18:34:11.969] [INFO] system - 枚数選択完了
[2021-03-23T18:34:12.837] [ERROR] system - Error: Execution context was destroyed, most likely because of a navigation.
    at rewriteError (C:\source\yt-scraping\node_modules\puppeteer\lib\cjs\puppeteer\common\ExecutionContext.js:261:23)
    at processTicksAndRejections (internal/process/task_queues.js:93:5)
    at async ExecutionContext._evaluateInternal (C:\source\yt-scraping\node_modules\puppeteer\lib\cjs\puppeteer\common\ExecutionContext.js:215:61)
    at async ElementHandle.evaluateHandle (C:\source\yt-scraping\node_modules\puppeteer\lib\cjs\puppeteer\common\JSHandle.js:120:16)
    at async Object.internalHandler.queryOne (C:\source\yt-scraping\node_modules\puppeteer\lib\cjs\puppeteer\common\QueryHandler.js:24:30)
    at async DOMWorld.$ (C:\source\yt-scraping\node_modules\puppeteer\lib\cjs\puppeteer\common\DOMWorld.js:95:23)
    at async newBrowser (C:\source\yt-scraping\func-lpkick\lpkick.js:288:35)
    at async C:\source\yt-scraping\func-lpkick\lpkick.js:111:5
[2021-03-23T18:34:12.839] [ERROR] system - ReferenceError: page is not defined
    at newBrowser (C:\source\yt-scraping\func-lpkick\lpkick.js:361:5)
    at processTicksAndRejections (internal/process/task_queues.js:93:5)
    at async C:\source\yt-scraping\func-lpkick\lpkick.js:111:5
[2021-03-23T18:38:45.904] [INFO] system - 【Windows版起動】
[2021-03-23T18:38:45.905] [INFO] system - キック：{"---1---":"====== BasicSetting ======","mainUrl":"https://t.livepocket.jp/","loginUrl":"https://t.livepocket.jp/login?acroot=header-new_p_u_nl","mypageUrl":"https://t.livepocket.jp/my_top","autoLogin":false,"confUser":"kisyan3333@gmail.com","confPass":"6yjAWLhCxVT2","targetUrl":"https://t.livepocket.jp/e/chula_neco_tadashiiyo/","targetTicket":null,"targetName":"前方チケット整理番号券","targetNumber":"1","storeTypeId":"002","startTime":"2021-03-22 23:00","isBrowse":false,"isFree":false,"isCredit":false,"isTest":true,"isLanguage":"ja","isStage":false,"isJamCheck":true,"isMailSend":false,"---2---":"====== MailSetting(GmailOnly) ======","fromMail":"sugachan.tectec@gmail.com","fromMailPass":"sero3202","toMail":"","toSysMail":"trigger@applet.ifttt.com","isWindows":["Windows"],"loginTime":"2021-03-22 22:45","notCheckOnly":true}
[2021-03-23T18:38:45.921] [INFO] system - 【テスト】
[2021-03-23T18:38:45.924] [INFO] system - 2021-03-22 22:45:00にすでに到達
[2021-03-23T18:38:45.927] [INFO] system - ログイン処理想定時間到達
[2021-03-23T18:38:46.221] [INFO] system - ブラウザ起動後準備完了
[2021-03-23T18:38:49.305] [INFO] system - 混線なし
[2021-03-23T18:38:49.306] [INFO] system - ログインページに移動完了
[2021-03-23T18:38:51.947] [INFO] system - 混線なし
[2021-03-23T18:38:53.599] [INFO] system - ログイン完了
[2021-03-23T18:38:53.617] [INFO] system - 「前方チケット整理番号券」の存在を確認(.table #ticket-380905)
[2021-03-23T18:38:53.621] [INFO] system - 2021-03-22 23:00にすでに到達
[2021-03-23T18:38:53.623] [INFO] system - 購入処理想定時間到達
[2021-03-23T18:38:53.623] [INFO] system - <成績時間カウント開始>
[2021-03-23T18:38:53.623] [INFO] system - 購入可能状態確認start
[2021-03-23T18:38:56.132] [INFO] system - 購入可能状態確認end
[2021-03-23T18:38:56.132] [INFO] system - 枚数選択start
[2021-03-23T18:38:59.868] [INFO] system - 枚数選択end
[2021-03-23T18:38:59.869] [INFO] system - 決済処理start
[2021-03-23T18:38:59.869] [INFO] system - 購入処理確定開始(freeBuy:false)
[2021-03-23T18:38:59.870] [INFO] system - 購入処理開始(有料)
[2021-03-23T18:39:00.129] [INFO] system - 規約に同意クリック
[2021-03-23T18:39:00.129] [INFO] system - 【テスト:決済ロジック】
[2021-03-23T18:39:00.130] [INFO] system - 決済処理end
[2021-03-23T18:39:00.131] [INFO] system - <成績：6.508秒>
[2021-03-23T18:49:26.730] [INFO] system - 【Windows版起動】
[2021-03-23T18:49:26.732] [INFO] system - キック：{"---1---":"====== BasicSetting ======","mainUrl":"https://t.livepocket.jp/","loginUrl":"https://t.livepocket.jp/login?acroot=header-new_p_u_nl","mypageUrl":"https://t.livepocket.jp/my_top","autoLogin":false,"confUser":"kisyan3333@gmail.com","confPass":"6yjAWLhCxVT2","targetUrl":"https://t.livepocket.jp/e/chula_neco_tadashiiyo/","targetTicket":null,"targetName":"前方チケット整理番号券","targetNumber":"1","storeTypeId":"002","startTime":"2021-03-22 23:00","isBrowse":false,"isFree":false,"isCredit":false,"isTest":true,"isLanguage":"ja","isStage":false,"isJamCheck":true,"isMailSend":false,"---2---":"====== MailSetting(GmailOnly) ======","fromMail":"sugachan.tectec@gmail.com","fromMailPass":"sero3202","toMail":"","toSysMail":"trigger@applet.ifttt.com","isWindows":["Windows"],"loginTime":"2021-03-22 22:45","notCheckOnly":true}
[2021-03-23T18:49:26.745] [INFO] system - 【テスト】
[2021-03-23T18:49:26.751] [INFO] system - 2021-03-22 22:45:00にすでに到達
[2021-03-23T18:49:26.761] [INFO] system - ログイン処理想定時間到達
[2021-03-23T18:49:27.044] [INFO] system - ブラウザ起動後準備完了
[2021-03-23T18:49:29.939] [INFO] system - 混線なし
[2021-03-23T18:49:29.940] [INFO] system - ログインページに移動完了
[2021-03-23T18:49:32.428] [INFO] system - 混線なし
[2021-03-23T18:49:34.001] [INFO] system - ログイン完了
[2021-03-23T18:49:34.137] [INFO] system - 「前方チケット整理番号券」の存在を確認(.table #ticket-380905)
[2021-03-23T18:49:34.139] [INFO] system - 2021-03-22 23:00にすでに到達
[2021-03-23T18:49:34.143] [INFO] system - 購入処理想定時間到達
[2021-03-23T18:49:34.149] [INFO] system - <成績時間カウント開始>
[2021-03-23T18:49:34.149] [INFO] system - 購入可能状態確認start
[2021-03-23T18:49:36.507] [INFO] system - 購入可能状態確認end
[2021-03-23T18:49:36.508] [INFO] system - 枚数選択start
[2021-03-23T18:49:40.203] [ERROR] system - Error: Execution context was destroyed, most likely because of a navigation.
    at rewriteError (C:\source\yt-scraping\node_modules\puppeteer\lib\cjs\puppeteer\common\ExecutionContext.js:261:23)
    at processTicksAndRejections (internal/process/task_queues.js:93:5)
    at async ExecutionContext._evaluateInternal (C:\source\yt-scraping\node_modules\puppeteer\lib\cjs\puppeteer\common\ExecutionContext.js:215:61)
    at async ElementHandle.evaluateHandle (C:\source\yt-scraping\node_modules\puppeteer\lib\cjs\puppeteer\common\JSHandle.js:120:16)
    at async Object.internalHandler.queryOne (C:\source\yt-scraping\node_modules\puppeteer\lib\cjs\puppeteer\common\QueryHandler.js:24:30)
    at async DOMWorld.$ (C:\source\yt-scraping\node_modules\puppeteer\lib\cjs\puppeteer\common\DOMWorld.js:95:23)
    at async newBrowser (C:\source\yt-scraping\func-lpkick\lpkick.js:292:35)
    at async C:\source\yt-scraping\func-lpkick\lpkick.js:111:5
[2021-03-23T18:49:40.205] [ERROR] system - ReferenceError: page is not defined
    at newBrowser (C:\source\yt-scraping\func-lpkick\lpkick.js:375:5)
    at processTicksAndRejections (internal/process/task_queues.js:93:5)
    at async C:\source\yt-scraping\func-lpkick\lpkick.js:111:5
[2021-03-23T18:50:26.822] [INFO] system - 【Windows版起動】
[2021-03-23T18:50:26.823] [INFO] system - キック：{"---1---":"====== BasicSetting ======","mainUrl":"https://t.livepocket.jp/","loginUrl":"https://t.livepocket.jp/login?acroot=header-new_p_u_nl","mypageUrl":"https://t.livepocket.jp/my_top","autoLogin":false,"confUser":"kisyan3333@gmail.com","confPass":"6yjAWLhCxVT2","targetUrl":"https://t.livepocket.jp/e/chula_neco_tadashiiyo/","targetTicket":null,"targetName":"前方チケット整理番号券","targetNumber":"1","storeTypeId":"002","startTime":"2021-03-22 23:00","isBrowse":false,"isFree":false,"isCredit":false,"isTest":true,"isLanguage":"ja","isStage":false,"isJamCheck":true,"isMailSend":false,"---2---":"====== MailSetting(GmailOnly) ======","fromMail":"sugachan.tectec@gmail.com","fromMailPass":"sero3202","toMail":"","toSysMail":"trigger@applet.ifttt.com","isWindows":["Windows"],"loginTime":"2021-03-22 22:45","notCheckOnly":true}
[2021-03-23T18:50:26.836] [INFO] system - 【テスト】
[2021-03-23T18:50:26.841] [INFO] system - 2021-03-22 22:45:00にすでに到達
[2021-03-23T18:50:26.843] [INFO] system - ログイン処理想定時間到達
[2021-03-23T18:50:27.119] [INFO] system - ブラウザ起動後準備完了
[2021-03-23T18:50:29.891] [INFO] system - 混線なし
[2021-03-23T18:50:29.892] [INFO] system - ログインページに移動完了
[2021-03-23T18:50:32.435] [INFO] system - 混線なし
[2021-03-23T18:50:33.788] [INFO] system - ログイン完了
[2021-03-23T18:50:33.817] [INFO] system - 「前方チケット整理番号券」の存在を確認(.table #ticket-380905)
[2021-03-23T18:50:33.819] [INFO] system - 2021-03-22 23:00にすでに到達
[2021-03-23T18:50:33.821] [INFO] system - 購入処理想定時間到達
[2021-03-23T18:50:33.828] [INFO] system - <成績時間カウント開始>
[2021-03-23T18:50:33.829] [INFO] system - 購入可能状態確認start
[2021-03-23T18:50:36.149] [INFO] system - 購入可能状態確認end
[2021-03-23T18:50:36.150] [INFO] system - 枚数選択start
[2021-03-23T18:50:40.269] [INFO] system - 枚数選択end
[2021-03-23T18:50:40.269] [INFO] system - 決済処理start
[2021-03-23T18:50:40.270] [INFO] system - 購入処理確定開始(freeBuy:false)
[2021-03-23T18:50:40.270] [INFO] system - 購入処理開始(有料)
[2021-03-23T18:50:40.537] [INFO] system - 規約に同意クリック
[2021-03-23T18:50:40.537] [INFO] system - 【テスト:決済ロジック】
[2021-03-23T18:54:52.128] [INFO] system - 【Windows版起動】
[2021-03-23T18:54:52.130] [INFO] system - キック：{"---1---":"====== BasicSetting ======","mainUrl":"https://t.livepocket.jp/","loginUrl":"https://t.livepocket.jp/login?acroot=header-new_p_u_nl","mypageUrl":"https://t.livepocket.jp/my_top","autoLogin":false,"confUser":"kisyan3333@gmail.com","confPass":"6yjAWLhCxVT2","targetUrl":"https://t.livepocket.jp/e/chula_neco_tadashiiyo/","targetTicket":null,"targetName":"前方チケット整理番号券","targetNumber":"1","storeTypeId":"002","startTime":"2021-03-22 23:00","isBrowse":false,"isFree":false,"isCredit":false,"isTest":true,"isLanguage":"ja","isStage":false,"isJamCheck":true,"isMailSend":false,"---2---":"====== MailSetting(GmailOnly) ======","fromMail":"sugachan.tectec@gmail.com","fromMailPass":"sero3202","toMail":"","toSysMail":"trigger@applet.ifttt.com","isWindows":["Windows"],"loginTime":"2021-03-22 22:45","notCheckOnly":true}
[2021-03-23T18:54:52.142] [INFO] system - 【テスト】
[2021-03-23T18:54:52.147] [INFO] system - 2021-03-22 22:45:00にすでに到達
[2021-03-23T18:54:52.161] [INFO] system - ログイン処理想定時間到達
[2021-03-23T18:54:52.433] [INFO] system - ブラウザ起動後準備完了
[2021-03-23T18:54:55.315] [INFO] system - 混線なし
[2021-03-23T18:54:55.317] [INFO] system - ログインページに移動完了
[2021-03-23T18:54:57.948] [INFO] system - 混線なし
[2021-03-23T18:54:59.696] [INFO] system - ログイン完了
[2021-03-23T18:54:59.709] [INFO] system - 「前方チケット整理番号券」の存在を確認(.table #ticket-380905)
[2021-03-23T18:54:59.711] [INFO] system - 2021-03-22 23:00にすでに到達
[2021-03-23T18:54:59.715] [INFO] system - 購入処理想定時間到達
[2021-03-23T18:54:59.716] [INFO] system - <成績時間カウント開始>
[2021-03-23T18:54:59.716] [INFO] system - 購入可能状態確認start
[2021-03-23T18:55:02.030] [INFO] system - 購入可能状態確認end
[2021-03-23T18:55:02.031] [INFO] system - 枚数選択start
[2021-03-23T18:55:07.540] [INFO] system - 枚数選択end
[2021-03-23T18:55:07.541] [INFO] system - 決済処理start
[2021-03-23T18:55:07.541] [INFO] system - 購入処理確定開始(freeBuy:false)
[2021-03-23T18:55:07.542] [INFO] system - 購入処理開始(有料)
[2021-03-23T18:55:07.642] [INFO] system - 規約に同意クリック
[2021-03-23T18:55:07.642] [INFO] system - 【テスト:決済ロジック】
[2021-03-23T19:00:28.625] [INFO] system - 【Windows版起動】
[2021-03-23T19:00:28.626] [INFO] system - キック：{"---1---":"====== BasicSetting ======","mainUrl":"https://t.livepocket.jp/","loginUrl":"https://t.livepocket.jp/login?acroot=header-new_p_u_nl","mypageUrl":"https://t.livepocket.jp/my_top","autoLogin":false,"confUser":"kisyan3333@gmail.com","confPass":"6yjAWLhCxVT2","targetUrl":"https://t.livepocket.jp/e/chula_neco_tadashiiyo/","targetTicket":null,"targetName":"前方チケット整理番号券","targetNumber":"1","storeTypeId":"002","startTime":"2021-03-22 23:00","isBrowse":false,"isFree":false,"isCredit":false,"isTest":true,"isLanguage":"ja","isStage":false,"isJamCheck":true,"isMailSend":false,"---2---":"====== MailSetting(GmailOnly) ======","fromMail":"sugachan.tectec@gmail.com","fromMailPass":"sero3202","toMail":"","toSysMail":"trigger@applet.ifttt.com","isWindows":["Windows"],"loginTime":"2021-03-22 22:45","notCheckOnly":true}
[2021-03-23T19:00:28.638] [INFO] system - 【テスト】
[2021-03-23T19:00:28.642] [INFO] system - 2021-03-22 22:45:00にすでに到達
[2021-03-23T19:00:28.645] [INFO] system - ログイン処理想定時間到達
[2021-03-23T19:00:28.915] [INFO] system - ブラウザ起動後準備完了
[2021-03-23T19:00:32.393] [INFO] system - ログインページに移動完了
[2021-03-23T19:00:36.624] [INFO] system - ログイン完了
[2021-03-23T19:00:36.647] [INFO] system - 「前方チケット整理番号券」の存在を確認(.table #ticket-380905)
[2021-03-23T19:00:36.648] [INFO] system - 2021-03-22 23:00にすでに到達
[2021-03-23T19:00:36.649] [INFO] system - 購入処理想定時間到達
[2021-03-23T19:00:36.659] [INFO] system - <成績時間カウント開始>
[2021-03-23T19:00:36.659] [INFO] system - 購入可能状態確認start(1回目)
[2021-03-23T19:00:39.248] [INFO] system - 購入可能状態確認end
[2021-03-23T19:00:39.249] [INFO] system - 枚数選択start(1回目)
[2021-03-23T19:00:45.681] [INFO] system - 枚数選択end
[2021-03-23T19:00:45.682] [INFO] system - 決済処理start(1回目)
[2021-03-23T19:00:45.683] [INFO] system - 購入処理確定開始(freeBuy:false)
[2021-03-23T19:00:45.684] [INFO] system - 購入処理開始(有料)
[2021-03-23T19:00:45.795] [INFO] system - 規約に同意クリック
[2021-03-23T19:00:45.795] [INFO] system - 【テスト:決済ロジック】
[2021-03-23T19:04:20.026] [INFO] system - 【Windows版起動】
[2021-03-23T19:04:20.028] [INFO] system - キック：{"---1---":"====== BasicSetting ======","mainUrl":"https://t.livepocket.jp/","loginUrl":"https://t.livepocket.jp/login?acroot=header-new_p_u_nl","mypageUrl":"https://t.livepocket.jp/my_top","autoLogin":false,"confUser":"kisyan3333@gmail.com","confPass":"6yjAWLhCxVT2","targetUrl":"https://t.livepocket.jp/e/chula_neco_tadashiiyo/","targetTicket":null,"targetName":"前方チケット整理番号券","targetNumber":"1","storeTypeId":"002","startTime":"2021-03-22 23:00","isBrowse":false,"isFree":false,"isCredit":false,"isTest":true,"isLanguage":"ja","isStage":false,"isJamCheck":true,"isMailSend":false,"---2---":"====== MailSetting(GmailOnly) ======","fromMail":"sugachan.tectec@gmail.com","fromMailPass":"sero3202","toMail":"","toSysMail":"trigger@applet.ifttt.com","isWindows":["Windows"],"loginTime":"2021-03-22 22:45","notCheckOnly":true}
[2021-03-23T19:04:20.039] [INFO] system - 【テスト】
[2021-03-23T19:04:20.044] [INFO] system - 2021-03-22 22:45:00にすでに到達
[2021-03-23T19:04:20.047] [INFO] system - ログイン処理想定時間到達
[2021-03-23T19:04:20.339] [INFO] system - ブラウザ起動後準備完了
[2021-03-23T19:04:23.349] [INFO] system - ログインページに移動完了
[2021-03-23T19:04:27.323] [INFO] system - ログイン完了
[2021-03-23T19:04:27.444] [INFO] system - 「前方チケット整理番号券」の存在を確認(.table #ticket-380905)
[2021-03-23T19:04:27.446] [INFO] system - 2021-03-22 23:00にすでに到達
[2021-03-23T19:04:27.447] [INFO] system - 購入処理想定時間到達
[2021-03-23T19:04:27.458] [INFO] system - <成績時間カウント開始>
[2021-03-23T19:04:27.458] [INFO] system - 購入可能状態確認start(1回目)
[2021-03-23T19:04:30.001] [INFO] system - 購入可能状態確認end
[2021-03-23T19:04:30.002] [INFO] system - 枚数選択start(1回目)
[2021-03-23T19:04:35.503] [INFO] system - 枚数選択end
[2021-03-23T19:04:35.504] [INFO] system - 決済処理start(1回目)
[2021-03-23T19:04:35.505] [INFO] system - 購入処理確定開始(freeBuy:false)
[2021-03-23T19:04:35.506] [INFO] system - 購入処理開始(有料)
[2021-03-23T19:04:35.618] [INFO] system - 規約に同意クリック
[2021-03-23T19:04:35.619] [INFO] system - 【テスト:決済ロジック】
[2021-03-23T19:04:35.621] [INFO] system - 決済処理end
[2021-03-23T19:04:35.629] [INFO] system - <成績：8.171秒>
[2021-03-23T20:13:53.232] [INFO] system - 【Windows版起動】
[2021-03-23T20:13:53.233] [INFO] system - キック：{"---1---":"====== BasicSetting ======","mainUrl":"https://t.livepocket.jp/","loginUrl":"https://t.livepocket.jp/login?acroot=header-new_p_u_nl","mypageUrl":"https://t.livepocket.jp/my_top","autoLogin":false,"confUser":"chiaochiao.sonmi@gmail.com","confPass":"sero3202","targetUrl":"https://t.livepocket.jp/e/wakkuru0325/","targetTicket":null,"targetName":"１部前売チケット整理番号券,２部前売チケット整理番号券","targetNumber":"2,2","storeTypeId":"002","startTime":"2021-03-23 22:00","isBrowse":true,"isFree":false,"isCredit":false,"isTest":false,"isLanguage":"ja","isStage":false,"isJamCheck":true,"isMailSend":false,"---2---":"====== MailSetting(GmailOnly) ======","fromMail":"sugachan.tectec@gmail.com","fromMailPass":"sero3202","toMail":"","toSysMail":"trigger@applet.ifttt.com","isWindows":["Windows"],"loginTime":"2021-03-23 21:45","notCheckOnly":true}
[2021-03-23T20:13:53.251] [INFO] system - 2021-03-23 21:45:00までログイン処理待機中...
[2021-03-23T21:45:00.010] [INFO] system - ログイン処理想定時間到達
[2021-03-23T21:45:00.879] [INFO] system - ブラウザ起動後準備完了
[2021-03-23T21:45:06.228] [INFO] system - ログインページに移動完了
[2021-03-23T21:45:12.153] [INFO] system - ログイン完了
[2021-03-23T21:45:12.460] [INFO] system - 「１部前売チケット整理番号券,２部前売チケット整理番号券」の存在を確認(.table #ticket-382266,.table #ticket-382267)
[2021-03-23T21:45:12.464] [INFO] system - 2021-03-23 22:00まで購入処理待機中...
[2021-03-23T22:00:00.015] [INFO] system - 購入処理想定時間到達
[2021-03-23T22:00:00.017] [INFO] system - <成績時間カウント開始>
[2021-03-23T22:00:00.018] [INFO] system - 購入可能状態確認start(1回目)
[2021-03-23T22:00:04.295] [INFO] system - 購入可能状態確認end
[2021-03-23T22:00:04.296] [INFO] system - 枚数選択start(1回目)
[2021-03-23T22:00:15.439] [INFO] system - 枚数選択end
[2021-03-23T22:00:15.440] [INFO] system - 決済処理start(1回目)
[2021-03-23T22:00:15.441] [INFO] system - 購入処理確定開始(freeBuy:false)
[2021-03-23T22:00:15.461] [INFO] system - 購入処理開始(有料)
[2021-03-23T22:00:15.628] [INFO] system - 規約に同意クリック
[2021-03-23T22:00:20.926] [ERROR] system - Error: Execution context was destroyed, most likely because of a navigation.
    at rewriteError (C:\source\yt-scraping\node_modules\puppeteer\lib\cjs\puppeteer\common\ExecutionContext.js:261:23)
    at runMicrotasks (<anonymous>)
    at processTicksAndRejections (internal/process/task_queues.js:93:5)
    at async ExecutionContext._evaluateInternal (C:\source\yt-scraping\node_modules\puppeteer\lib\cjs\puppeteer\common\ExecutionContext.js:161:64)
    at async C:\source\yt-scraping\node_modules\puppeteer\lib\cjs\puppeteer\common\DOMWorld.js:102:30
    at async DOMWorld.$ (C:\source\yt-scraping\node_modules\puppeteer\lib\cjs\puppeteer\common\DOMWorld.js:94:26)
    at async newBrowser (C:\source\yt-scraping\func-lpkick\lpkick.js:311:35)
    at async C:\source\yt-scraping\func-lpkick\lpkick.js:111:5
[2021-03-23T22:00:20.967] [ERROR] system - ReferenceError: page is not defined
    at newBrowser (C:\source\yt-scraping\func-lpkick\lpkick.js:377:5)
    at runMicrotasks (<anonymous>)
    at processTicksAndRejections (internal/process/task_queues.js:93:5)
    at async C:\source\yt-scraping\func-lpkick\lpkick.js:111:5
