[2021-05-21T21:50:20.710] [INFO] system - 【Windows版起動】
[2021-05-21T21:50:20.711] [INFO] system - キック：{"---1---":"====== BasicSetting ======","mainUrl":"https://t.livepocket.jp/","loginUrl":"https://t.livepocket.jp/login?acroot=header-new_p_u_nl","mypageUrl":"https://t.livepocket.jp/my_top","autoLogin":false,"confUser":"chiaochiao.sonmi@gmail.com","confPass":"sero3202","targetUrl":"https://t.livepocket.jp/e/osaka0523/","targetTicket":null,"targetName":"１部優先入場チケット整理番号券,１部通常チケット整理番号券,２部優先入場チケット整理番号券,３部優先入場チケット整理番号券","targetNumber":"1,1,2,2","storeTypeId":"002","startTime":"2021-05-21 22:00","isBrowse":false,"isFree":false,"isCredit":false,"isTest":true,"isLanguage":"ja","isStage":false,"isJamCheck":true,"isMailSend":false,"---2---":"====== MailSetting(GmailOnly) ======","fromMail":"sugachan.tectec@gmail.com","fromMailPass":"sero3202","toMail":"","toSysMail":"trigger@applet.ifttt.com","isWindows":["Windows"],"loginTime":"2021-05-21 21:45","notCheckOnly":true,"isClose":false,"isMobile":true,"dareSec":2}
[2021-05-21T21:50:20.736] [INFO] system - 【テスト】
[2021-05-21T21:50:20.742] [INFO] system - 2021-05-21 21:45:00にすでに到達
[2021-05-21T21:50:20.746] [INFO] system - ログイン処理想定時間到達
[2021-05-21T21:50:22.143] [INFO] system - ブラウザ起動後準備完了
[2021-05-21T21:50:24.573] [INFO] system - ログインページに移動完了
[2021-05-21T21:50:24.582] [INFO] system - 混線なし
[2021-05-21T21:50:45.469] [INFO] system - 【Windows版起動】
[2021-05-21T21:50:45.471] [INFO] system - キック：{"---1---":"====== BasicSetting ======","mainUrl":"https://t.livepocket.jp/","loginUrl":"https://t.livepocket.jp/login?acroot=header-new_p_u_nl","mypageUrl":"https://t.livepocket.jp/my_top","autoLogin":false,"confUser":"chiaochiao.sonmi@gmail.com","confPass":"sero3202","targetUrl":"https://t.livepocket.jp/e/osaka0523/","targetTicket":null,"targetName":"１部優先入場チケット整理番号券,１部通常チケット整理番号券,２部優先入場チケット整理番号券,３部優先入場チケット整理番号券","targetNumber":"1,1,2,2","storeTypeId":"002","startTime":"2021-05-21 22:00","isBrowse":false,"isFree":false,"isCredit":false,"isTest":false,"isLanguage":"ja","isStage":false,"isJamCheck":true,"isMailSend":false,"---2---":"====== MailSetting(GmailOnly) ======","fromMail":"sugachan.tectec@gmail.com","fromMailPass":"sero3202","toMail":"","toSysMail":"trigger@applet.ifttt.com","isWindows":["Windows"],"loginTime":"2021-05-21 21:45","notCheckOnly":true,"isClose":false,"isMobile":true,"dareSec":1}
[2021-05-21T21:50:45.491] [INFO] system - 2021-05-21 21:45:00にすでに到達
[2021-05-21T21:50:45.505] [INFO] system - ログイン処理想定時間到達
[2021-05-21T21:50:45.785] [INFO] system - ブラウザ起動後準備完了
[2021-05-21T21:50:48.190] [INFO] system - ログインページに移動完了
[2021-05-21T21:50:48.203] [INFO] system - 混線なし
[2021-05-21T21:50:52.775] [INFO] system - ログイン完了
[2021-05-21T21:50:52.787] [INFO] system - 混線なし
[2021-05-21T21:50:52.825] [INFO] system - 「１部優先入場チケット整理番号券,１部通常チケット整理番号券,２部優先入場チケット整理番号券,３部優先入場チケット整理番号券」の存在を確認(.table #ticket-416777,.table #ticket-416778,.table #ticket-416779,.table #ticket-416781)
[2021-05-21T21:50:52.826] [INFO] system - 2021-05-21 22:00:00まで購入処理待機中...
[2021-05-21T22:00:00.002] [INFO] system - 購入処理想定時間到達
[2021-05-21T22:00:00.004] [INFO] system - <成績時間カウント開始>
[2021-05-21T22:00:00.005] [INFO] system - 購入可能状態確認start(1回目)
[2021-05-21T22:00:06.909] [INFO] system - 購入可能状態確認end
[2021-05-21T22:00:06.910] [INFO] system - 枚数選択start(1回目)
[2021-05-21T22:00:07.912] [INFO] system - 枚数選択時に明示的に1秒待機
[2021-05-21T22:00:07.914] [INFO] system - 1枚目選択開始
[2021-05-21T22:00:07.985] [INFO] system - 1枚目選択終了
[2021-05-21T22:00:07.986] [INFO] system - 2枚目選択開始
[2021-05-21T22:00:08.051] [INFO] system - 2枚目選択終了
[2021-05-21T22:00:08.051] [INFO] system - 3枚目選択開始
[2021-05-21T22:00:08.140] [INFO] system - 3枚目選択終了
[2021-05-21T22:00:08.140] [INFO] system - 4枚目選択開始
[2021-05-21T22:00:08.197] [INFO] system - 4枚目選択終了
[2021-05-21T22:00:21.880] [INFO] system - 枚数選択end
[2021-05-21T22:00:21.880] [INFO] system - 決済処理start(1回目)
[2021-05-21T22:00:21.881] [INFO] system - 購入処理確定開始(freeBuy:false)
[2021-05-21T22:00:21.881] [INFO] system - 購入処理開始(有料)
[2021-05-21T22:00:21.998] [INFO] system - 規約に同意クリック
[2021-05-21T22:00:24.379] [INFO] system - 決済ボタンクリック
[2021-05-21T22:00:24.383] [INFO] system - (検証用)成功1
[2021-05-21T22:00:27.117] [INFO] system - (検証用)成功2
[2021-05-21T22:00:27.199] [INFO] system - (検証用)成功3
[2021-05-21T22:00:27.200] [INFO] system - 決済処理end
[2021-05-21T22:00:27.201] [INFO] system - <現在時刻：Fri May 21 2021 22:00:27 GMT+0900／成績：27.196秒>
[2021-05-21T22:00:27.211] [INFO] system - <成績：27.206秒>
