[2021-08-06T11:35:35.146] [INFO] system - キック：{"isWindows":["Windows"],"---1---":"====== BasicSetting ======","mypageUrl":"https://t.livepocket.jp/my_top","autoLogin":false,"confUser":"chiaochiao.sonmi@gmail.com","confPass":"sero3202","testUser":"kisyan3333@gmail.com","testPass":"6yjAWLhCxVT2","targetUrl":"https://t.livepocket.jp/e/fukuoka0808/","targetName":"１部通常チケット整理番号券,２部通常チケット整理番号券","targetNumber":"2,2","storeTypeId":"002","loginTime":"2021-08-05 21:45","startTime":"2021-08-05 22:00","isBrowse":true,"isTest":true,"isJamCheck":true,"isCredit":false,"isMailSend":false,"notCheckOnly":true,"isClose":false,"isMobile":true,"dareSec":0,"isConnect":true,"isLogger":true,"advSec":-180,"isOrigin":false,"isOriginCancel":true,"jamTryCnt":10,"---2---":"====== MailSetting(GmailOnly) ======","fromMail":"sugachan.tectec@gmail.com","fromMailPass":"sero3202","toMail":"","toSysMail":"trigger@applet.ifttt.com"}
[2021-08-06T11:35:35.150] [INFO] system - 【テスト】
[2021-08-06T11:35:35.156] [INFO] system - 2021-08-05 21:45:00にすでに到達
[2021-08-06T11:35:35.168] [INFO] system - ログイン処理想定時間到達
[2021-08-06T11:35:36.002] [INFO] system - ブラウザ起動後準備完了
[2021-08-06T11:35:37.850] [INFO] system - ログインページに移動完了
[2021-08-06T11:35:40.566] [INFO] system - ログイン完了
[2021-08-06T11:35:55.697] [ERROR] system - Error: Protocol error (Runtime.callFunctionOn): Target closed.
    at C:\source\yt-scraping\node_modules\puppeteer\lib\cjs\puppeteer\common\Connection.js:208:63
    at new Promise (<anonymous>)
    at CDPSession.send (C:\source\yt-scraping\node_modules\puppeteer\lib\cjs\puppeteer\common\Connection.js:207:16)
    at ExecutionContext._evaluateInternal (C:\source\yt-scraping\node_modules\puppeteer\lib\cjs\puppeteer\common\ExecutionContext.js:200:50)
    at ExecutionContext.evaluateHandle (C:\source\yt-scraping\node_modules\puppeteer\lib\cjs\puppeteer\common\ExecutionContext.js:151:21)
    at WaitTask.rerun (C:\source\yt-scraping\node_modules\puppeteer\lib\cjs\puppeteer\common\DOMWorld.js:498:71)
    at processTicksAndRejections (internal/process/task_queues.js:93:5)
[2021-08-06T11:35:55.762] [ERROR] system - ReferenceError: page is not defined
    at newBrowser (C:\source\yt-scraping\func-lpkick\lpkick.js:626:5)
    at processTicksAndRejections (internal/process/task_queues.js:93:5)
    at async C:\source\yt-scraping\func-lpkick\lpkick.js:107:5
[2021-08-06T11:36:33.385] [INFO] system - キック：{"isWindows":["Windows"],"---1---":"====== BasicSetting ======","mypageUrl":"https://t.livepocket.jp/my_top","autoLogin":false,"confUser":"chiaochiao.sonmi@gmail.com","confPass":"sero3202","testUser":"kisyan3333@gmail.com","testPass":"6yjAWLhCxVT2","targetUrl":"https://t.livepocket.jp/e/fukuoka0808/","targetName":"１部通常チケット整理番号券,２部通常チケット整理番号券","targetNumber":"2,2","storeTypeId":"002","loginTime":"2021-08-05 21:45","startTime":"2021-08-05 22:00","isBrowse":true,"isTest":true,"isJamCheck":true,"isCredit":false,"isMailSend":false,"notCheckOnly":true,"isClose":false,"isMobile":true,"dareSec":0,"isConnect":true,"isLogger":true,"advSec":-180,"isOrigin":true,"isOriginCancel":true,"jamTryCnt":10,"---2---":"====== MailSetting(GmailOnly) ======","fromMail":"sugachan.tectec@gmail.com","fromMailPass":"sero3202","toMail":"","toSysMail":"trigger@applet.ifttt.com"}
[2021-08-06T11:36:33.399] [INFO] system - 【テスト】
[2021-08-06T11:36:33.406] [INFO] system - 2021-08-05 21:45:00にすでに到達
[2021-08-06T11:36:33.417] [INFO] system - ログイン処理想定時間到達
[2021-08-06T11:36:34.114] [INFO] system - ブラウザ起動後準備完了
[2021-08-06T11:36:35.847] [INFO] system - ログインページに移動完了
[2021-08-06T11:36:38.409] [INFO] system - ログイン完了
[2021-08-06T11:36:50.164] [ERROR] system - Error: Protocol error (Runtime.callFunctionOn): Target closed.
    at C:\source\yt-scraping\node_modules\puppeteer\lib\cjs\puppeteer\common\Connection.js:208:63
    at new Promise (<anonymous>)
    at CDPSession.send (C:\source\yt-scraping\node_modules\puppeteer\lib\cjs\puppeteer\common\Connection.js:207:16)
    at ExecutionContext._evaluateInternal (C:\source\yt-scraping\node_modules\puppeteer\lib\cjs\puppeteer\common\ExecutionContext.js:200:50)
    at ExecutionContext.evaluateHandle (C:\source\yt-scraping\node_modules\puppeteer\lib\cjs\puppeteer\common\ExecutionContext.js:151:21)
    at WaitTask.rerun (C:\source\yt-scraping\node_modules\puppeteer\lib\cjs\puppeteer\common\DOMWorld.js:498:71)
    at processTicksAndRejections (internal/process/task_queues.js:93:5)
[2021-08-06T11:36:50.187] [ERROR] system - ReferenceError: page is not defined
    at newBrowser (C:\source\yt-scraping\func-lpkick\lpkick.js:626:5)
    at processTicksAndRejections (internal/process/task_queues.js:93:5)
    at async C:\source\yt-scraping\func-lpkick\lpkick.js:107:5
[2021-08-06T11:37:55.169] [INFO] system - キック：{"isWindows":["Windows"],"---1---":"====== BasicSetting ======","mypageUrl":"https://t.livepocket.jp/my_top","autoLogin":false,"confUser":"chiaochiao.sonmi@gmail.com","confPass":"sero3202","testUser":"kisyan3333@gmail.com","testPass":"6yjAWLhCxVT2","targetUrl":"https://t.livepocket.jp/e/fukuoka0808/","targetName":"１部通常チケット整理番号券,２部通常チケット整理番号券","targetNumber":"2,2","storeTypeId":"002","loginTime":"2021-08-05 21:45","startTime":"2021-08-05 22:00","isBrowse":true,"isTest":true,"isJamCheck":true,"isCredit":false,"isMailSend":false,"notCheckOnly":true,"isClose":false,"isMobile":true,"dareSec":0,"isConnect":true,"isLogger":true,"advSec":-180,"isOrigin":true,"isOriginCancel":true,"jamTryCnt":10,"---2---":"====== MailSetting(GmailOnly) ======","fromMail":"sugachan.tectec@gmail.com","fromMailPass":"sero3202","toMail":"","toSysMail":"trigger@applet.ifttt.com"}
[2021-08-06T11:37:55.182] [INFO] system - 【テスト】
[2021-08-06T11:37:55.188] [INFO] system - 2021-08-05 21:45:00にすでに到達
[2021-08-06T11:37:55.190] [INFO] system - ログイン処理想定時間到達
[2021-08-06T11:37:55.901] [INFO] system - ブラウザ起動後準備完了
[2021-08-06T11:37:57.617] [INFO] system - ログインページに移動完了
[2021-08-06T11:38:00.371] [INFO] system - ログイン完了
[2021-08-06T11:38:00.389] [INFO] system - 混線なし
[2021-08-06T11:38:00.435] [INFO] system - 「１部通常チケット整理番号券,２部通常チケット整理番号券」の存在を確認(.table #ticket-470385,.table #ticket-470387)
[2021-08-06T11:38:03.486] [INFO] system - .table #ticket-470385ロック外し開始
[2021-08-06T11:38:03.487] [INFO] system - .table #ticket-470387ロック外し開始
[2021-08-06T11:38:03.504] [INFO] system - 2セット選択終了
[2021-08-06T11:38:03.510] [INFO] system - 2021-08-05 21:59にすでに到達
[2021-08-06T11:38:03.512] [INFO] system - 前ページへ移動
[2021-08-06T11:38:04.705] [INFO] system - 2021-08-05 21:59にすでに到達
[2021-08-06T11:38:04.707] [INFO] system - 購入処理想定時間到達
[2021-08-06T11:38:04.708] [INFO] system - <成績時間カウント開始>
[2021-08-06T11:38:04.721] [INFO] system - 購入可能状態確認start(1回目)
[2021-08-06T11:38:04.722] [INFO] system - 次ページへ移動
[2021-08-06T11:38:05.966] [INFO] system - 購入可能状態確認end
[2021-08-06T11:38:05.967] [INFO] system - 枚数選択start(1回目)
[2021-08-06T11:42:22.026] [INFO] system - キック：{"isWindows":["Windows"],"---1---":"====== BasicSetting ======","mypageUrl":"https://t.livepocket.jp/my_top","autoLogin":false,"confUser":"chiaochiao.sonmi@gmail.com","confPass":"sero3202","testUser":"kisyan3333@gmail.com","testPass":"6yjAWLhCxVT2","targetUrl":"https://t.livepocket.jp/e/fukuoka0808/","targetName":"１部通常チケット整理番号券,２部通常チケット整理番号券","targetNumber":"2,2","storeTypeId":"002","loginTime":"2021-08-05 21:45","startTime":"2021-08-05 22:00","isBrowse":true,"isTest":true,"isJamCheck":true,"isCredit":false,"isMailSend":false,"notCheckOnly":true,"isClose":false,"isMobile":true,"dareSec":0,"isConnect":true,"isLogger":true,"advSec":-180,"isOrigin":true,"isOriginCancel":true,"jamTryCnt":10,"---2---":"====== MailSetting(GmailOnly) ======","fromMail":"sugachan.tectec@gmail.com","fromMailPass":"sero3202","toMail":"","toSysMail":"trigger@applet.ifttt.com"}
[2021-08-06T11:42:22.041] [INFO] system - 【テスト】
[2021-08-06T11:42:22.046] [INFO] system - 2021-08-05 21:45:00にすでに到達
[2021-08-06T11:42:22.049] [INFO] system - ログイン処理想定時間到達
[2021-08-06T11:42:22.779] [INFO] system - ブラウザ起動後準備完了
[2021-08-06T11:42:24.247] [INFO] system - ログインページに移動完了
[2021-08-06T11:42:26.858] [INFO] system - ログイン完了
[2021-08-06T11:42:26.875] [INFO] system - 混線なし
[2021-08-06T11:42:26.925] [INFO] system - 「１部通常チケット整理番号券,２部通常チケット整理番号券」の存在を確認(.table #ticket-470385,.table #ticket-470387)
[2021-08-06T11:42:28.921] [ERROR] system - Error: Navigation failed because browser has disconnected!
    at C:\source\yt-scraping\node_modules\puppeteer\lib\cjs\puppeteer\common\LifecycleWatcher.js:51:147
    at C:\source\yt-scraping\node_modules\puppeteer\lib\cjs\vendor\mitt\src\index.js:51:62
    at Array.map (<anonymous>)
    at Object.emit (C:\source\yt-scraping\node_modules\puppeteer\lib\cjs\vendor\mitt\src\index.js:51:43)
    at CDPSession.emit (C:\source\yt-scraping\node_modules\puppeteer\lib\cjs\puppeteer\common\EventEmitter.js:72:22)
    at CDPSession._onClosed (C:\source\yt-scraping\node_modules\puppeteer\lib\cjs\puppeteer\common\Connection.js:247:14)
    at Connection._onMessage (C:\source\yt-scraping\node_modules\puppeteer\lib\cjs\puppeteer\common\Connection.js:94:25)
    at WebSocket.<anonymous> (C:\source\yt-scraping\node_modules\puppeteer\lib\cjs\puppeteer\node\NodeWebSocketTransport.js:13:32)
    at WebSocket.onMessage (C:\source\yt-scraping\node_modules\ws\lib\event-target.js:132:16)
    at WebSocket.emit (events.js:315:20)
[2021-08-06T11:42:28.944] [ERROR] system - ReferenceError: page is not defined
    at newBrowser (C:\source\yt-scraping\func-lpkick\lpkick.js:628:5)
    at runMicrotasks (<anonymous>)
    at processTicksAndRejections (internal/process/task_queues.js:93:5)
    at async C:\source\yt-scraping\func-lpkick\lpkick.js:107:5
[2021-08-06T11:42:43.084] [INFO] system - キック：{"isWindows":["Windows"],"---1---":"====== BasicSetting ======","mypageUrl":"https://t.livepocket.jp/my_top","autoLogin":false,"confUser":"chiaochiao.sonmi@gmail.com","confPass":"sero3202","testUser":"kisyan3333@gmail.com","testPass":"6yjAWLhCxVT2","targetUrl":"https://t.livepocket.jp/e/fukuoka0808/","targetName":"１部通常チケット整理番号券,２部通常チケット整理番号券","targetNumber":"2,2","storeTypeId":"002","loginTime":"2021-08-05 21:45","startTime":"2021-08-05 22:00","isBrowse":true,"isTest":true,"isJamCheck":true,"isCredit":false,"isMailSend":false,"notCheckOnly":true,"isClose":false,"isMobile":true,"dareSec":0,"isConnect":true,"isLogger":true,"advSec":-180,"isOrigin":true,"isOriginCancel":true,"jamTryCnt":10,"---2---":"====== MailSetting(GmailOnly) ======","fromMail":"sugachan.tectec@gmail.com","fromMailPass":"sero3202","toMail":"","toSysMail":"trigger@applet.ifttt.com"}
[2021-08-06T11:42:43.099] [INFO] system - 【テスト】
[2021-08-06T11:42:43.103] [INFO] system - 2021-08-05 21:45:00にすでに到達
[2021-08-06T11:42:43.105] [INFO] system - ログイン処理想定時間到達
[2021-08-06T11:42:43.797] [INFO] system - ブラウザ起動後準備完了
[2021-08-06T11:42:45.503] [INFO] system - ログインページに移動完了
[2021-08-06T11:42:46.923] [ERROR] system - Error: Navigation failed because browser has disconnected!
    at C:\source\yt-scraping\node_modules\puppeteer\lib\cjs\puppeteer\common\LifecycleWatcher.js:51:147
    at C:\source\yt-scraping\node_modules\puppeteer\lib\cjs\vendor\mitt\src\index.js:51:62
    at Array.map (<anonymous>)
    at Object.emit (C:\source\yt-scraping\node_modules\puppeteer\lib\cjs\vendor\mitt\src\index.js:51:43)
    at CDPSession.emit (C:\source\yt-scraping\node_modules\puppeteer\lib\cjs\puppeteer\common\EventEmitter.js:72:22)
    at CDPSession._onClosed (C:\source\yt-scraping\node_modules\puppeteer\lib\cjs\puppeteer\common\Connection.js:247:14)
    at Connection._onMessage (C:\source\yt-scraping\node_modules\puppeteer\lib\cjs\puppeteer\common\Connection.js:94:25)
    at WebSocket.<anonymous> (C:\source\yt-scraping\node_modules\puppeteer\lib\cjs\puppeteer\node\NodeWebSocketTransport.js:13:32)
    at WebSocket.onMessage (C:\source\yt-scraping\node_modules\ws\lib\event-target.js:132:16)
    at WebSocket.emit (events.js:315:20)
[2021-08-06T11:42:46.931] [ERROR] system - Error: Protocol error (Target.activateTarget): Session closed. Most likely the page has been closed.
    at CDPSession.send (C:\source\yt-scraping\node_modules\puppeteer\lib\cjs\puppeteer\common\Connection.js:195:35)
    at Page._screenshotTask (C:\source\yt-scraping\node_modules\puppeteer\lib\cjs\puppeteer\common\Page.js:1084:28)
    at C:\source\yt-scraping\node_modules\puppeteer\lib\cjs\puppeteer\common\Page.js:1081:62
    at processTicksAndRejections (internal/process/task_queues.js:93:5)
[2021-08-06T11:42:46.980] [ERROR] system - ReferenceError: page is not defined
    at newBrowser (C:\source\yt-scraping\func-lpkick\lpkick.js:628:5)
    at processTicksAndRejections (internal/process/task_queues.js:93:5)
    at async C:\source\yt-scraping\func-lpkick\lpkick.js:107:5
[2021-08-06T11:43:40.824] [INFO] system - キック：{"isWindows":["Windows"],"---1---":"====== BasicSetting ======","mypageUrl":"https://t.livepocket.jp/my_top","autoLogin":false,"confUser":"chiaochiao.sonmi@gmail.com","confPass":"sero3202","testUser":"kisyan3333@gmail.com","testPass":"6yjAWLhCxVT2","targetUrl":"https://t.livepocket.jp/e/fukuoka0808/","targetName":"１部通常チケット整理番号券,２部通常チケット整理番号券","targetNumber":"2,2","storeTypeId":"002","loginTime":"2021-08-05 21:45","startTime":"2021-08-05 22:00","isBrowse":true,"isTest":true,"isJamCheck":true,"isCredit":false,"isMailSend":false,"notCheckOnly":true,"isClose":false,"isMobile":true,"dareSec":0,"isConnect":true,"isLogger":true,"advSec":-180,"isOrigin":true,"isOriginCancel":true,"jamTryCnt":10,"---2---":"====== MailSetting(GmailOnly) ======","fromMail":"sugachan.tectec@gmail.com","fromMailPass":"sero3202","toMail":"","toSysMail":"trigger@applet.ifttt.com"}
[2021-08-06T11:43:40.837] [INFO] system - 【テスト】
[2021-08-06T11:43:40.843] [INFO] system - 2021-08-05 21:45:00にすでに到達
[2021-08-06T11:43:40.851] [INFO] system - ログイン処理想定時間到達
[2021-08-06T11:43:41.541] [INFO] system - ブラウザ起動後準備完了
[2021-08-06T11:43:43.105] [INFO] system - ログインページに移動完了
[2021-08-06T11:43:45.510] [ERROR] system - Error: Navigation failed because browser has disconnected!
    at C:\source\yt-scraping\node_modules\puppeteer\lib\cjs\puppeteer\common\LifecycleWatcher.js:51:147
    at C:\source\yt-scraping\node_modules\puppeteer\lib\cjs\vendor\mitt\src\index.js:51:62
    at Array.map (<anonymous>)
    at Object.emit (C:\source\yt-scraping\node_modules\puppeteer\lib\cjs\vendor\mitt\src\index.js:51:43)
    at CDPSession.emit (C:\source\yt-scraping\node_modules\puppeteer\lib\cjs\puppeteer\common\EventEmitter.js:72:22)
    at CDPSession._onClosed (C:\source\yt-scraping\node_modules\puppeteer\lib\cjs\puppeteer\common\Connection.js:247:14)
    at Connection._onMessage (C:\source\yt-scraping\node_modules\puppeteer\lib\cjs\puppeteer\common\Connection.js:94:25)
    at WebSocket.<anonymous> (C:\source\yt-scraping\node_modules\puppeteer\lib\cjs\puppeteer\node\NodeWebSocketTransport.js:13:32)
    at WebSocket.onMessage (C:\source\yt-scraping\node_modules\ws\lib\event-target.js:132:16)
    at WebSocket.emit (events.js:315:20)
[2021-08-06T11:43:45.517] [ERROR] system - Error: Protocol error (Target.activateTarget): Session closed. Most likely the page has been closed.
    at CDPSession.send (C:\source\yt-scraping\node_modules\puppeteer\lib\cjs\puppeteer\common\Connection.js:195:35)
    at Page._screenshotTask (C:\source\yt-scraping\node_modules\puppeteer\lib\cjs\puppeteer\common\Page.js:1084:28)
    at C:\source\yt-scraping\node_modules\puppeteer\lib\cjs\puppeteer\common\Page.js:1081:62
    at processTicksAndRejections (internal/process/task_queues.js:93:5)
[2021-08-06T11:43:45.520] [ERROR] system - ReferenceError: page is not defined
    at newBrowser (C:\source\yt-scraping\func-lpkick\lpkick.js:628:5)
    at processTicksAndRejections (internal/process/task_queues.js:93:5)
    at async C:\source\yt-scraping\func-lpkick\lpkick.js:107:5
[2021-08-06T11:45:46.930] [INFO] system - キック：{"isWindows":["Windows"],"---1---":"====== BasicSetting ======","mypageUrl":"https://t.livepocket.jp/my_top","autoLogin":false,"confUser":"chiaochiao.sonmi@gmail.com","confPass":"sero3202","testUser":"kisyan3333@gmail.com","testPass":"6yjAWLhCxVT2","targetUrl":"https://t.livepocket.jp/e/fukuoka0808/","targetName":"１部通常チケット整理番号券,２部通常チケット整理番号券","targetNumber":"2,2","storeTypeId":"002","loginTime":"2021-08-05 21:45","startTime":"2021-08-05 22:00","isBrowse":true,"isTest":true,"isJamCheck":true,"isCredit":false,"isMailSend":false,"notCheckOnly":true,"isClose":false,"isMobile":true,"dareSec":0,"isConnect":true,"isLogger":true,"advSec":-180,"isOrigin":true,"isOriginCancel":true,"jamTryCnt":10,"---2---":"====== MailSetting(GmailOnly) ======","fromMail":"sugachan.tectec@gmail.com","fromMailPass":"sero3202","toMail":"","toSysMail":"trigger@applet.ifttt.com"}
[2021-08-06T11:45:46.946] [INFO] system - 【テスト】
[2021-08-06T11:45:46.951] [INFO] system - 2021-08-05 21:45:00にすでに到達
[2021-08-06T11:45:46.954] [INFO] system - ログイン処理想定時間到達
[2021-08-06T11:45:47.677] [INFO] system - ブラウザ起動後準備完了
[2021-08-06T11:45:49.263] [INFO] system - ログインページに移動完了
[2021-08-06T11:45:51.352] [ERROR] system - Error: Navigation failed because browser has disconnected!
    at C:\source\yt-scraping\node_modules\puppeteer\lib\cjs\puppeteer\common\LifecycleWatcher.js:51:147
    at C:\source\yt-scraping\node_modules\puppeteer\lib\cjs\vendor\mitt\src\index.js:51:62
    at Array.map (<anonymous>)
    at Object.emit (C:\source\yt-scraping\node_modules\puppeteer\lib\cjs\vendor\mitt\src\index.js:51:43)
    at CDPSession.emit (C:\source\yt-scraping\node_modules\puppeteer\lib\cjs\puppeteer\common\EventEmitter.js:72:22)
    at CDPSession._onClosed (C:\source\yt-scraping\node_modules\puppeteer\lib\cjs\puppeteer\common\Connection.js:247:14)
    at Connection._onMessage (C:\source\yt-scraping\node_modules\puppeteer\lib\cjs\puppeteer\common\Connection.js:94:25)
    at WebSocket.<anonymous> (C:\source\yt-scraping\node_modules\puppeteer\lib\cjs\puppeteer\node\NodeWebSocketTransport.js:13:32)
    at WebSocket.onMessage (C:\source\yt-scraping\node_modules\ws\lib\event-target.js:132:16)
    at WebSocket.emit (events.js:315:20)
[2021-08-06T11:45:51.362] [ERROR] system - Error: Protocol error (Target.activateTarget): Session closed. Most likely the page has been closed.
    at CDPSession.send (C:\source\yt-scraping\node_modules\puppeteer\lib\cjs\puppeteer\common\Connection.js:195:35)
    at Page._screenshotTask (C:\source\yt-scraping\node_modules\puppeteer\lib\cjs\puppeteer\common\Page.js:1084:28)
    at C:\source\yt-scraping\node_modules\puppeteer\lib\cjs\puppeteer\common\Page.js:1081:62
    at processTicksAndRejections (internal/process/task_queues.js:93:5)
[2021-08-06T11:45:51.385] [ERROR] system - ReferenceError: page is not defined
    at newBrowser (C:\source\yt-scraping\func-lpkick\lpkick.js:628:5)
    at processTicksAndRejections (internal/process/task_queues.js:93:5)
    at async C:\source\yt-scraping\func-lpkick\lpkick.js:107:5
[2021-08-06T11:45:56.772] [INFO] system - キック：{"isWindows":["Windows"],"---1---":"====== BasicSetting ======","mypageUrl":"https://t.livepocket.jp/my_top","autoLogin":false,"confUser":"chiaochiao.sonmi@gmail.com","confPass":"sero3202","testUser":"kisyan3333@gmail.com","testPass":"6yjAWLhCxVT2","targetUrl":"https://t.livepocket.jp/e/fukuoka0808/","targetName":"１部通常チケット整理番号券,２部通常チケット整理番号券","targetNumber":"2,2","storeTypeId":"002","loginTime":"2021-08-05 21:45","startTime":"2021-08-05 22:00","isBrowse":true,"isTest":true,"isJamCheck":true,"isCredit":false,"isMailSend":false,"notCheckOnly":true,"isClose":false,"isMobile":true,"dareSec":0,"isConnect":true,"isLogger":true,"advSec":-180,"isOrigin":true,"isOriginCancel":true,"jamTryCnt":10,"---2---":"====== MailSetting(GmailOnly) ======","fromMail":"sugachan.tectec@gmail.com","fromMailPass":"sero3202","toMail":"","toSysMail":"trigger@applet.ifttt.com"}
[2021-08-06T11:45:56.785] [INFO] system - 【テスト】
[2021-08-06T11:45:56.790] [INFO] system - 2021-08-05 21:45:00にすでに到達
[2021-08-06T11:45:56.792] [INFO] system - ログイン処理想定時間到達
[2021-08-06T11:45:57.493] [INFO] system - ブラウザ起動後準備完了
[2021-08-06T11:45:58.955] [INFO] system - ログインページに移動完了
[2021-08-06T11:46:00.239] [ERROR] system - Error: Navigation failed because browser has disconnected!
    at C:\source\yt-scraping\node_modules\puppeteer\lib\cjs\puppeteer\common\LifecycleWatcher.js:51:147
    at C:\source\yt-scraping\node_modules\puppeteer\lib\cjs\vendor\mitt\src\index.js:51:62
    at Array.map (<anonymous>)
    at Object.emit (C:\source\yt-scraping\node_modules\puppeteer\lib\cjs\vendor\mitt\src\index.js:51:43)
    at CDPSession.emit (C:\source\yt-scraping\node_modules\puppeteer\lib\cjs\puppeteer\common\EventEmitter.js:72:22)
    at CDPSession._onClosed (C:\source\yt-scraping\node_modules\puppeteer\lib\cjs\puppeteer\common\Connection.js:247:14)
    at Connection._onMessage (C:\source\yt-scraping\node_modules\puppeteer\lib\cjs\puppeteer\common\Connection.js:94:25)
    at WebSocket.<anonymous> (C:\source\yt-scraping\node_modules\puppeteer\lib\cjs\puppeteer\node\NodeWebSocketTransport.js:13:32)
    at WebSocket.onMessage (C:\source\yt-scraping\node_modules\ws\lib\event-target.js:132:16)
    at WebSocket.emit (events.js:315:20)
[2021-08-06T11:46:00.261] [ERROR] system - Error: Protocol error (Target.activateTarget): Session closed. Most likely the page has been closed.
    at CDPSession.send (C:\source\yt-scraping\node_modules\puppeteer\lib\cjs\puppeteer\common\Connection.js:195:35)
    at Page._screenshotTask (C:\source\yt-scraping\node_modules\puppeteer\lib\cjs\puppeteer\common\Page.js:1084:28)
    at C:\source\yt-scraping\node_modules\puppeteer\lib\cjs\puppeteer\common\Page.js:1081:62
    at processTicksAndRejections (internal/process/task_queues.js:93:5)
[2021-08-06T11:46:00.299] [ERROR] system - ReferenceError: page is not defined
    at newBrowser (C:\source\yt-scraping\func-lpkick\lpkick.js:628:5)
    at processTicksAndRejections (internal/process/task_queues.js:93:5)
    at async C:\source\yt-scraping\func-lpkick\lpkick.js:107:5
[2021-08-06T11:46:14.844] [INFO] system - キック：{"isWindows":["Windows"],"---1---":"====== BasicSetting ======","mypageUrl":"https://t.livepocket.jp/my_top","autoLogin":false,"confUser":"chiaochiao.sonmi@gmail.com","confPass":"sero3202","testUser":"kisyan3333@gmail.com","testPass":"6yjAWLhCxVT2","targetUrl":"https://t.livepocket.jp/e/fukuoka0808/","targetName":"１部通常チケット整理番号券,２部通常チケット整理番号券","targetNumber":"2,2","storeTypeId":"002","loginTime":"2021-08-05 21:45","startTime":"2021-08-05 22:00","isBrowse":true,"isTest":true,"isJamCheck":true,"isCredit":false,"isMailSend":false,"notCheckOnly":true,"isClose":false,"isMobile":false,"dareSec":0,"isConnect":true,"isLogger":true,"advSec":-180,"isOrigin":true,"isOriginCancel":true,"jamTryCnt":10,"---2---":"====== MailSetting(GmailOnly) ======","fromMail":"sugachan.tectec@gmail.com","fromMailPass":"sero3202","toMail":"","toSysMail":"trigger@applet.ifttt.com"}
[2021-08-06T11:46:14.848] [INFO] system - 【テスト】
[2021-08-06T11:46:14.860] [INFO] system - 2021-08-05 21:45:00にすでに到達
[2021-08-06T11:46:14.866] [INFO] system - ログイン処理想定時間到達
[2021-08-06T11:46:15.537] [INFO] system - ブラウザ起動後準備完了
[2021-08-06T11:46:17.347] [INFO] system - ログインページに移動完了
[2021-08-06T11:46:19.540] [INFO] system - ログイン完了
[2021-08-06T11:46:19.591] [INFO] system - 混線なし
[2021-08-06T11:46:19.648] [INFO] system - 「１部通常チケット整理番号券,２部通常チケット整理番号券」の存在を確認(.table #ticket-470385,.table #ticket-470387)
[2021-08-06T11:46:22.470] [INFO] system - .table #ticket-470385ロック外し開始
[2021-08-06T11:46:22.472] [INFO] system - .table #ticket-470387ロック外し開始
[2021-08-06T11:46:22.489] [INFO] system - 2セット選択終了
[2021-08-06T11:46:22.493] [INFO] system - 2021-08-05 21:59にすでに到達
[2021-08-06T11:46:22.505] [INFO] system - 前ページへ移動
[2021-08-06T11:46:24.415] [INFO] system - 2021-08-05 21:59にすでに到達
[2021-08-06T11:46:24.418] [INFO] system - 購入処理想定時間到達
[2021-08-06T11:46:24.419] [INFO] system - <成績時間カウント開始>
[2021-08-06T11:46:24.434] [INFO] system - 購入可能状態確認start(1回目)
[2021-08-06T11:46:24.435] [INFO] system - 次ページへ移動
[2021-08-06T11:46:25.764] [INFO] system - 購入可能状態確認end
[2021-08-06T11:46:25.765] [INFO] system - 枚数選択start(1回目)
[2021-08-06T11:46:59.286] [INFO] system - キック：{"isWindows":["Windows"],"---1---":"====== BasicSetting ======","mypageUrl":"https://t.livepocket.jp/my_top","autoLogin":false,"confUser":"chiaochiao.sonmi@gmail.com","confPass":"sero3202","testUser":"kisyan3333@gmail.com","testPass":"6yjAWLhCxVT2","targetUrl":"https://t.livepocket.jp/e/fukuoka0808/","targetName":"１部通常チケット整理番号券,２部通常チケット整理番号券","targetNumber":"2,2","storeTypeId":"002","loginTime":"2021-08-05 21:45","startTime":"2021-08-05 22:00","isBrowse":true,"isTest":true,"isJamCheck":true,"isCredit":false,"isMailSend":false,"notCheckOnly":true,"isClose":false,"isMobile":false,"dareSec":0,"isConnect":true,"isLogger":true,"advSec":-180,"isOrigin":true,"isOriginCancel":true,"jamTryCnt":10,"---2---":"====== MailSetting(GmailOnly) ======","fromMail":"sugachan.tectec@gmail.com","fromMailPass":"sero3202","toMail":"","toSysMail":"trigger@applet.ifttt.com"}
[2021-08-06T11:46:59.298] [INFO] system - 【テスト】
[2021-08-06T11:46:59.305] [INFO] system - 2021-08-05 21:45:00にすでに到達
[2021-08-06T11:46:59.307] [INFO] system - ログイン処理想定時間到達
[2021-08-06T11:46:59.984] [INFO] system - ブラウザ起動後準備完了
[2021-08-06T11:47:01.485] [INFO] system - ログインページに移動完了
[2021-08-06T11:47:03.644] [INFO] system - ログイン完了
[2021-08-06T11:47:03.698] [INFO] system - 混線なし
[2021-08-06T11:47:03.750] [INFO] system - 「１部通常チケット整理番号券,２部通常チケット整理番号券」の存在を確認(.table #ticket-470385,.table #ticket-470387)
[2021-08-06T11:47:04.317] [ERROR] system - Error: Navigation failed because browser has disconnected!
    at C:\source\yt-scraping\node_modules\puppeteer\lib\cjs\puppeteer\common\LifecycleWatcher.js:51:147
    at C:\source\yt-scraping\node_modules\puppeteer\lib\cjs\vendor\mitt\src\index.js:51:62
    at Array.map (<anonymous>)
    at Object.emit (C:\source\yt-scraping\node_modules\puppeteer\lib\cjs\vendor\mitt\src\index.js:51:43)
    at CDPSession.emit (C:\source\yt-scraping\node_modules\puppeteer\lib\cjs\puppeteer\common\EventEmitter.js:72:22)
    at CDPSession._onClosed (C:\source\yt-scraping\node_modules\puppeteer\lib\cjs\puppeteer\common\Connection.js:247:14)
    at Connection._onMessage (C:\source\yt-scraping\node_modules\puppeteer\lib\cjs\puppeteer\common\Connection.js:94:25)
    at WebSocket.<anonymous> (C:\source\yt-scraping\node_modules\puppeteer\lib\cjs\puppeteer\node\NodeWebSocketTransport.js:13:32)
    at WebSocket.onMessage (C:\source\yt-scraping\node_modules\ws\lib\event-target.js:132:16)
    at WebSocket.emit (events.js:315:20)
[2021-08-06T11:47:04.338] [ERROR] system - ReferenceError: page is not defined
    at newBrowser (C:\source\yt-scraping\func-lpkick\lpkick.js:628:5)
    at processTicksAndRejections (internal/process/task_queues.js:93:5)
    at async C:\source\yt-scraping\func-lpkick\lpkick.js:107:5
[2021-08-06T11:49:29.922] [INFO] system - キック：{"isWindows":["Windows"],"---1---":"====== BasicSetting ======","mypageUrl":"https://t.livepocket.jp/my_top","autoLogin":false,"confUser":"chiaochiao.sonmi@gmail.com","confPass":"sero3202","testUser":"kisyan3333@gmail.com","testPass":"6yjAWLhCxVT2","targetUrl":"https://t.livepocket.jp/e/fukuoka0808/","targetName":"１部通常チケット整理番号券,２部通常チケット整理番号券","targetNumber":"2,2","storeTypeId":"002","loginTime":"2021-08-05 21:45","startTime":"2021-08-05 22:00","isBrowse":true,"isTest":true,"isJamCheck":true,"isCredit":false,"isMailSend":false,"notCheckOnly":true,"isClose":false,"isMobile":false,"dareSec":0,"isConnect":true,"isLogger":true,"advSec":-180,"isOrigin":true,"isOriginCancel":true,"jamTryCnt":10,"---2---":"====== MailSetting(GmailOnly) ======","fromMail":"sugachan.tectec@gmail.com","fromMailPass":"sero3202","toMail":"","toSysMail":"trigger@applet.ifttt.com"}
[2021-08-06T11:49:29.934] [INFO] system - 【テスト】
[2021-08-06T11:49:29.939] [INFO] system - 2021-08-05 21:45:00にすでに到達
[2021-08-06T11:49:29.942] [INFO] system - ログイン処理想定時間到達
[2021-08-06T11:49:30.643] [INFO] system - ブラウザ起動後準備完了
[2021-08-06T11:49:32.395] [ERROR] system - Error: Navigation failed because browser has disconnected!
    at C:\source\yt-scraping\node_modules\puppeteer\lib\cjs\puppeteer\common\LifecycleWatcher.js:51:147
    at C:\source\yt-scraping\node_modules\puppeteer\lib\cjs\vendor\mitt\src\index.js:51:62
    at Array.map (<anonymous>)
    at Object.emit (C:\source\yt-scraping\node_modules\puppeteer\lib\cjs\vendor\mitt\src\index.js:51:43)
    at CDPSession.emit (C:\source\yt-scraping\node_modules\puppeteer\lib\cjs\puppeteer\common\EventEmitter.js:72:22)
    at CDPSession._onClosed (C:\source\yt-scraping\node_modules\puppeteer\lib\cjs\puppeteer\common\Connection.js:247:14)
    at Connection._onMessage (C:\source\yt-scraping\node_modules\puppeteer\lib\cjs\puppeteer\common\Connection.js:94:25)
    at WebSocket.<anonymous> (C:\source\yt-scraping\node_modules\puppeteer\lib\cjs\puppeteer\node\NodeWebSocketTransport.js:13:32)
    at WebSocket.onMessage (C:\source\yt-scraping\node_modules\ws\lib\event-target.js:132:16)
    at WebSocket.emit (events.js:315:20)
[2021-08-06T11:49:32.402] [ERROR] system - ReferenceError: page is not defined
    at newBrowser (C:\source\yt-scraping\func-lpkick\lpkick.js:628:5)
    at processTicksAndRejections (internal/process/task_queues.js:93:5)
    at async C:\source\yt-scraping\func-lpkick\lpkick.js:107:5
[2021-08-06T11:49:38.747] [INFO] system - キック：{"isWindows":["Windows"],"---1---":"====== BasicSetting ======","mypageUrl":"https://t.livepocket.jp/my_top","autoLogin":false,"confUser":"chiaochiao.sonmi@gmail.com","confPass":"sero3202","testUser":"kisyan3333@gmail.com","testPass":"6yjAWLhCxVT2","targetUrl":"https://t.livepocket.jp/e/fukuoka0808/","targetName":"１部通常チケット整理番号券,２部通常チケット整理番号券","targetNumber":"2,2","storeTypeId":"002","loginTime":"2021-08-05 21:45","startTime":"2021-08-05 22:00","isBrowse":true,"isTest":true,"isJamCheck":true,"isCredit":false,"isMailSend":false,"notCheckOnly":true,"isClose":false,"isMobile":false,"dareSec":0,"isConnect":true,"isLogger":true,"advSec":-180,"isOrigin":true,"isOriginCancel":true,"jamTryCnt":10,"---2---":"====== MailSetting(GmailOnly) ======","fromMail":"sugachan.tectec@gmail.com","fromMailPass":"sero3202","toMail":"","toSysMail":"trigger@applet.ifttt.com"}
[2021-08-06T11:49:38.759] [INFO] system - 【テスト】
[2021-08-06T11:49:38.765] [INFO] system - 2021-08-05 21:45:00にすでに到達
[2021-08-06T11:49:38.767] [INFO] system - ログイン処理想定時間到達
[2021-08-06T11:49:39.449] [INFO] system - ブラウザ起動後準備完了
[2021-08-06T11:49:41.254] [INFO] system - ログインページに移動完了
[2021-08-06T11:49:42.748] [ERROR] system - Error: Navigation failed because browser has disconnected!
    at C:\source\yt-scraping\node_modules\puppeteer\lib\cjs\puppeteer\common\LifecycleWatcher.js:51:147
    at C:\source\yt-scraping\node_modules\puppeteer\lib\cjs\vendor\mitt\src\index.js:51:62
    at Array.map (<anonymous>)
    at Object.emit (C:\source\yt-scraping\node_modules\puppeteer\lib\cjs\vendor\mitt\src\index.js:51:43)
    at CDPSession.emit (C:\source\yt-scraping\node_modules\puppeteer\lib\cjs\puppeteer\common\EventEmitter.js:72:22)
    at CDPSession._onClosed (C:\source\yt-scraping\node_modules\puppeteer\lib\cjs\puppeteer\common\Connection.js:247:14)
    at Connection._onMessage (C:\source\yt-scraping\node_modules\puppeteer\lib\cjs\puppeteer\common\Connection.js:94:25)
    at WebSocket.<anonymous> (C:\source\yt-scraping\node_modules\puppeteer\lib\cjs\puppeteer\node\NodeWebSocketTransport.js:13:32)
    at WebSocket.onMessage (C:\source\yt-scraping\node_modules\ws\lib\event-target.js:132:16)
    at WebSocket.emit (events.js:315:20)
[2021-08-06T11:49:42.774] [ERROR] system - Error: Protocol error (Target.activateTarget): Session closed. Most likely the page has been closed.
    at CDPSession.send (C:\source\yt-scraping\node_modules\puppeteer\lib\cjs\puppeteer\common\Connection.js:195:35)
    at Page._screenshotTask (C:\source\yt-scraping\node_modules\puppeteer\lib\cjs\puppeteer\common\Page.js:1084:28)
    at C:\source\yt-scraping\node_modules\puppeteer\lib\cjs\puppeteer\common\Page.js:1081:62
    at processTicksAndRejections (internal/process/task_queues.js:93:5)
[2021-08-06T11:49:42.782] [ERROR] system - ReferenceError: page is not defined
    at newBrowser (C:\source\yt-scraping\func-lpkick\lpkick.js:628:5)
    at processTicksAndRejections (internal/process/task_queues.js:93:5)
    at async C:\source\yt-scraping\func-lpkick\lpkick.js:107:5
[2021-08-06T11:52:43.051] [INFO] system - キック：{"isWindows":["Windows"],"---1---":"====== BasicSetting ======","mypageUrl":"https://t.livepocket.jp/my_top","autoLogin":false,"confUser":"chiaochiao.sonmi@gmail.com","confPass":"sero3202","testUser":"kisyan3333@gmail.com","testPass":"6yjAWLhCxVT2","targetUrl":"https://t.livepocket.jp/e/fukuoka0808/","targetName":"１部通常チケット整理番号券,２部通常チケット整理番号券","targetNumber":"2,2","storeTypeId":"002","loginTime":"2021-08-05 21:45","startTime":"2021-08-05 22:00","isBrowse":true,"isTest":true,"isJamCheck":true,"isCredit":false,"isMailSend":false,"notCheckOnly":true,"isClose":false,"isMobile":false,"dareSec":0,"isConnect":true,"isLogger":true,"advSec":-180,"isOrigin":true,"isOriginCancel":true,"jamTryCnt":10,"---2---":"====== MailSetting(GmailOnly) ======","fromMail":"sugachan.tectec@gmail.com","fromMailPass":"sero3202","toMail":"","toSysMail":"trigger@applet.ifttt.com"}
[2021-08-06T11:52:43.064] [INFO] system - 【テスト】
[2021-08-06T11:52:43.069] [INFO] system - 2021-08-05 21:45:00にすでに到達
[2021-08-06T11:52:43.072] [INFO] system - ログイン処理想定時間到達
[2021-08-06T11:52:43.789] [ERROR] system - Error: Protocol error (Emulation.setDeviceMetricsOverride): Invalid parameters Failed to deserialize params.height - BINDINGS: mandatory field missing at position 96
    at C:\source\yt-scraping\node_modules\puppeteer\lib\cjs\puppeteer\common\Connection.js:208:63
    at new Promise (<anonymous>)
    at CDPSession.send (C:\source\yt-scraping\node_modules\puppeteer\lib\cjs\puppeteer\common\Connection.js:207:16)
    at EmulationManager.emulateViewport (C:\source\yt-scraping\node_modules\puppeteer\lib\cjs\puppeteer\common\EmulationManager.js:20:26)
    at Page.setViewport (C:\source\yt-scraping\node_modules\puppeteer\lib\cjs\puppeteer\common\Page.js:968:58)
    at newBrowser (C:\source\yt-scraping\func-lpkick\lpkick.js:317:16)
    at processTicksAndRejections (internal/process/task_queues.js:93:5)
    at async C:\source\yt-scraping\func-lpkick\lpkick.js:107:5
[2021-08-06T11:52:43.794] [ERROR] system - ReferenceError: page is not defined
    at newBrowser (C:\source\yt-scraping\func-lpkick\lpkick.js:631:5)
    at processTicksAndRejections (internal/process/task_queues.js:93:5)
    at async C:\source\yt-scraping\func-lpkick\lpkick.js:107:5
[2021-08-06T11:53:08.629] [INFO] system - キック：{"isWindows":["Windows"],"---1---":"====== BasicSetting ======","mypageUrl":"https://t.livepocket.jp/my_top","autoLogin":false,"confUser":"chiaochiao.sonmi@gmail.com","confPass":"sero3202","testUser":"kisyan3333@gmail.com","testPass":"6yjAWLhCxVT2","targetUrl":"https://t.livepocket.jp/e/fukuoka0808/","targetName":"１部通常チケット整理番号券,２部通常チケット整理番号券","targetNumber":"2,2","storeTypeId":"002","loginTime":"2021-08-05 21:45","startTime":"2021-08-05 22:00","isBrowse":true,"isTest":true,"isJamCheck":true,"isCredit":false,"isMailSend":false,"notCheckOnly":true,"isClose":false,"isMobile":false,"dareSec":0,"isConnect":true,"isLogger":true,"advSec":-180,"isOrigin":true,"isOriginCancel":true,"jamTryCnt":10,"---2---":"====== MailSetting(GmailOnly) ======","fromMail":"sugachan.tectec@gmail.com","fromMailPass":"sero3202","toMail":"","toSysMail":"trigger@applet.ifttt.com"}
[2021-08-06T11:53:08.668] [INFO] system - 【テスト】
[2021-08-06T11:53:08.684] [INFO] system - 2021-08-05 21:45:00にすでに到達
[2021-08-06T11:53:08.687] [INFO] system - ログイン処理想定時間到達
[2021-08-06T11:53:09.368] [INFO] system - ブラウザ起動後準備完了
[2021-08-06T11:53:10.982] [INFO] system - ログインページに移動完了
[2021-08-06T11:53:13.521] [INFO] system - ログイン完了
[2021-08-06T11:53:13.566] [INFO] system - 混線なし
[2021-08-06T11:53:13.618] [INFO] system - 「１部通常チケット整理番号券,２部通常チケット整理番号券」の存在を確認(.table #ticket-470385,.table #ticket-470387)
[2021-08-06T11:53:14.369] [ERROR] system - Error: Navigation failed because browser has disconnected!
    at C:\source\yt-scraping\node_modules\puppeteer\lib\cjs\puppeteer\common\LifecycleWatcher.js:51:147
    at C:\source\yt-scraping\node_modules\puppeteer\lib\cjs\vendor\mitt\src\index.js:51:62
    at Array.map (<anonymous>)
    at Object.emit (C:\source\yt-scraping\node_modules\puppeteer\lib\cjs\vendor\mitt\src\index.js:51:43)
    at CDPSession.emit (C:\source\yt-scraping\node_modules\puppeteer\lib\cjs\puppeteer\common\EventEmitter.js:72:22)
    at CDPSession._onClosed (C:\source\yt-scraping\node_modules\puppeteer\lib\cjs\puppeteer\common\Connection.js:247:14)
    at Connection._onMessage (C:\source\yt-scraping\node_modules\puppeteer\lib\cjs\puppeteer\common\Connection.js:94:25)
    at WebSocket.<anonymous> (C:\source\yt-scraping\node_modules\puppeteer\lib\cjs\puppeteer\node\NodeWebSocketTransport.js:13:32)
    at WebSocket.onMessage (C:\source\yt-scraping\node_modules\ws\lib\event-target.js:132:16)
    at WebSocket.emit (events.js:315:20)
[2021-08-06T11:53:14.392] [ERROR] system - ReferenceError: page is not defined
    at newBrowser (C:\source\yt-scraping\func-lpkick\lpkick.js:634:5)
    at processTicksAndRejections (internal/process/task_queues.js:93:5)
    at async C:\source\yt-scraping\func-lpkick\lpkick.js:107:5
[2021-08-06T11:54:16.742] [INFO] system - キック：{"isWindows":["Windows"],"---1---":"====== BasicSetting ======","mypageUrl":"https://t.livepocket.jp/my_top","autoLogin":false,"confUser":"chiaochiao.sonmi@gmail.com","confPass":"sero3202","testUser":"kisyan3333@gmail.com","testPass":"6yjAWLhCxVT2","targetUrl":"https://t.livepocket.jp/e/fukuoka0808/","targetName":"１部通常チケット整理番号券,２部通常チケット整理番号券","targetNumber":"2,2","storeTypeId":"002","loginTime":"2021-08-05 21:45","startTime":"2021-08-05 22:00","isBrowse":true,"isTest":true,"isJamCheck":true,"isCredit":false,"isMailSend":false,"notCheckOnly":true,"isClose":false,"isMobile":false,"dareSec":0,"isConnect":true,"isLogger":true,"advSec":-180,"isOrigin":true,"isOriginCancel":true,"jamTryCnt":10,"---2---":"====== MailSetting(GmailOnly) ======","fromMail":"sugachan.tectec@gmail.com","fromMailPass":"sero3202","toMail":"","toSysMail":"trigger@applet.ifttt.com"}
[2021-08-06T11:54:16.758] [INFO] system - 【テスト】
[2021-08-06T11:54:16.763] [INFO] system - 2021-08-05 21:45:00にすでに到達
[2021-08-06T11:54:16.765] [INFO] system - ログイン処理想定時間到達
[2021-08-06T11:54:17.437] [INFO] system - ブラウザ起動後準備完了
[2021-08-06T11:54:19.153] [INFO] system - ログインページに移動完了
[2021-08-06T11:54:21.166] [INFO] system - ログイン完了
[2021-08-06T11:54:21.231] [INFO] system - 混線なし
[2021-08-06T11:54:21.292] [INFO] system - 「１部通常チケット整理番号券,２部通常チケット整理番号券」の存在を確認(.table #ticket-470385,.table #ticket-470387)
[2021-08-06T11:54:24.033] [ERROR] system - Error: Navigation failed because browser has disconnected!
    at C:\source\yt-scraping\node_modules\puppeteer\lib\cjs\puppeteer\common\LifecycleWatcher.js:51:147
    at C:\source\yt-scraping\node_modules\puppeteer\lib\cjs\vendor\mitt\src\index.js:51:62
    at Array.map (<anonymous>)
    at Object.emit (C:\source\yt-scraping\node_modules\puppeteer\lib\cjs\vendor\mitt\src\index.js:51:43)
    at CDPSession.emit (C:\source\yt-scraping\node_modules\puppeteer\lib\cjs\puppeteer\common\EventEmitter.js:72:22)
    at CDPSession._onClosed (C:\source\yt-scraping\node_modules\puppeteer\lib\cjs\puppeteer\common\Connection.js:247:14)
    at Connection._onMessage (C:\source\yt-scraping\node_modules\puppeteer\lib\cjs\puppeteer\common\Connection.js:94:25)
    at WebSocket.<anonymous> (C:\source\yt-scraping\node_modules\puppeteer\lib\cjs\puppeteer\node\NodeWebSocketTransport.js:13:32)
    at WebSocket.onMessage (C:\source\yt-scraping\node_modules\ws\lib\event-target.js:132:16)
    at WebSocket.emit (events.js:315:20)
[2021-08-06T11:54:24.071] [ERROR] system - ReferenceError: page is not defined
    at newBrowser (C:\source\yt-scraping\func-lpkick\lpkick.js:642:5)
    at runMicrotasks (<anonymous>)
    at processTicksAndRejections (internal/process/task_queues.js:93:5)
    at async C:\source\yt-scraping\func-lpkick\lpkick.js:107:5
[2021-08-06T11:54:36.041] [INFO] system - キック：{"isWindows":["Windows"],"---1---":"====== BasicSetting ======","mypageUrl":"https://t.livepocket.jp/my_top","autoLogin":false,"confUser":"chiaochiao.sonmi@gmail.com","confPass":"sero3202","testUser":"kisyan3333@gmail.com","testPass":"6yjAWLhCxVT2","targetUrl":"https://t.livepocket.jp/e/fukuoka0808/","targetName":"１部通常チケット整理番号券,２部通常チケット整理番号券","targetNumber":"2,2","storeTypeId":"002","loginTime":"2021-08-05 21:45","startTime":"2021-08-05 22:00","isBrowse":true,"isTest":true,"isJamCheck":true,"isCredit":false,"isMailSend":false,"notCheckOnly":true,"isClose":false,"isMobile":true,"dareSec":0,"isConnect":true,"isLogger":true,"advSec":-180,"isOrigin":true,"isOriginCancel":true,"jamTryCnt":10,"---2---":"====== MailSetting(GmailOnly) ======","fromMail":"sugachan.tectec@gmail.com","fromMailPass":"sero3202","toMail":"","toSysMail":"trigger@applet.ifttt.com"}
[2021-08-06T11:54:36.046] [INFO] system - 【テスト】
[2021-08-06T11:54:36.049] [INFO] system - 2021-08-05 21:45:00にすでに到達
[2021-08-06T11:54:36.058] [INFO] system - ログイン処理想定時間到達
[2021-08-06T11:54:36.765] [INFO] system - ブラウザ起動後準備完了
[2021-08-06T11:54:38.613] [INFO] system - ログインページに移動完了
[2021-08-06T11:54:40.292] [ERROR] system - Error: Navigation failed because browser has disconnected!
    at C:\source\yt-scraping\node_modules\puppeteer\lib\cjs\puppeteer\common\LifecycleWatcher.js:51:147
    at C:\source\yt-scraping\node_modules\puppeteer\lib\cjs\vendor\mitt\src\index.js:51:62
    at Array.map (<anonymous>)
    at Object.emit (C:\source\yt-scraping\node_modules\puppeteer\lib\cjs\vendor\mitt\src\index.js:51:43)
    at CDPSession.emit (C:\source\yt-scraping\node_modules\puppeteer\lib\cjs\puppeteer\common\EventEmitter.js:72:22)
    at CDPSession._onClosed (C:\source\yt-scraping\node_modules\puppeteer\lib\cjs\puppeteer\common\Connection.js:247:14)
    at Connection._onMessage (C:\source\yt-scraping\node_modules\puppeteer\lib\cjs\puppeteer\common\Connection.js:94:25)
    at WebSocket.<anonymous> (C:\source\yt-scraping\node_modules\puppeteer\lib\cjs\puppeteer\node\NodeWebSocketTransport.js:13:32)
    at WebSocket.onMessage (C:\source\yt-scraping\node_modules\ws\lib\event-target.js:132:16)
    at WebSocket.emit (events.js:315:20)
[2021-08-06T11:54:40.320] [ERROR] system - Error: Protocol error (Target.activateTarget): Session closed. Most likely the page has been closed.
    at CDPSession.send (C:\source\yt-scraping\node_modules\puppeteer\lib\cjs\puppeteer\common\Connection.js:195:35)
    at Page._screenshotTask (C:\source\yt-scraping\node_modules\puppeteer\lib\cjs\puppeteer\common\Page.js:1084:28)
    at C:\source\yt-scraping\node_modules\puppeteer\lib\cjs\puppeteer\common\Page.js:1081:62
    at processTicksAndRejections (internal/process/task_queues.js:93:5)
[2021-08-06T11:54:40.322] [ERROR] system - ReferenceError: page is not defined
    at newBrowser (C:\source\yt-scraping\func-lpkick\lpkick.js:642:5)
    at processTicksAndRejections (internal/process/task_queues.js:93:5)
    at async C:\source\yt-scraping\func-lpkick\lpkick.js:107:5
[2021-08-06T11:54:48.305] [INFO] system - キック：{"isWindows":["Windows"],"---1---":"====== BasicSetting ======","mypageUrl":"https://t.livepocket.jp/my_top","autoLogin":false,"confUser":"chiaochiao.sonmi@gmail.com","confPass":"sero3202","testUser":"kisyan3333@gmail.com","testPass":"6yjAWLhCxVT2","targetUrl":"https://t.livepocket.jp/e/fukuoka0808/","targetName":"１部通常チケット整理番号券,２部通常チケット整理番号券","targetNumber":"2,2","storeTypeId":"002","loginTime":"2021-08-05 21:45","startTime":"2021-08-05 22:00","isBrowse":true,"isTest":true,"isJamCheck":true,"isCredit":false,"isMailSend":false,"notCheckOnly":true,"isClose":false,"isMobile":true,"dareSec":0,"isConnect":true,"isLogger":true,"advSec":-180,"isOrigin":true,"isOriginCancel":true,"jamTryCnt":10,"---2---":"====== MailSetting(GmailOnly) ======","fromMail":"sugachan.tectec@gmail.com","fromMailPass":"sero3202","toMail":"","toSysMail":"trigger@applet.ifttt.com"}
[2021-08-06T11:54:48.415] [INFO] system - 【テスト】
[2021-08-06T11:54:48.420] [INFO] system - 2021-08-05 21:45:00にすでに到達
[2021-08-06T11:54:48.430] [INFO] system - ログイン処理想定時間到達
[2021-08-06T11:54:49.138] [INFO] system - ブラウザ起動後準備完了
[2021-08-06T11:54:50.818] [INFO] system - ログインページに移動完了
[2021-08-06T11:54:51.846] [ERROR] system - Error: Protocol error (Runtime.evaluate): Target closed.
    at C:\source\yt-scraping\node_modules\puppeteer\lib\cjs\puppeteer\common\Connection.js:208:63
    at new Promise (<anonymous>)
    at CDPSession.send (C:\source\yt-scraping\node_modules\puppeteer\lib\cjs\puppeteer\common\Connection.js:207:16)
    at ExecutionContext._evaluateInternal (C:\source\yt-scraping\node_modules\puppeteer\lib\cjs\puppeteer\common\ExecutionContext.js:162:18)
    at ExecutionContext.evaluateHandle (C:\source\yt-scraping\node_modules\puppeteer\lib\cjs\puppeteer\common\ExecutionContext.js:151:21)
    at C:\source\yt-scraping\node_modules\puppeteer\lib\cjs\puppeteer\common\DOMWorld.js:102:44
    at processTicksAndRejections (internal/process/task_queues.js:93:5)
[2021-08-06T11:54:51.856] [ERROR] system - Error: Protocol error (Target.activateTarget): Session closed. Most likely the page has been closed.
    at CDPSession.send (C:\source\yt-scraping\node_modules\puppeteer\lib\cjs\puppeteer\common\Connection.js:195:35)
    at Page._screenshotTask (C:\source\yt-scraping\node_modules\puppeteer\lib\cjs\puppeteer\common\Page.js:1084:28)
    at C:\source\yt-scraping\node_modules\puppeteer\lib\cjs\puppeteer\common\Page.js:1081:62
    at processTicksAndRejections (internal/process/task_queues.js:93:5)
[2021-08-06T11:54:51.860] [ERROR] system - ReferenceError: page is not defined
    at newBrowser (C:\source\yt-scraping\func-lpkick\lpkick.js:642:5)
    at processTicksAndRejections (internal/process/task_queues.js:93:5)
    at async C:\source\yt-scraping\func-lpkick\lpkick.js:107:5
[2021-08-06T11:55:00.320] [INFO] system - キック：{"isWindows":["Windows"],"---1---":"====== BasicSetting ======","mypageUrl":"https://t.livepocket.jp/my_top","autoLogin":false,"confUser":"chiaochiao.sonmi@gmail.com","confPass":"sero3202","testUser":"kisyan3333@gmail.com","testPass":"6yjAWLhCxVT2","targetUrl":"https://t.livepocket.jp/e/fukuoka0808/","targetName":"１部通常チケット整理番号券,２部通常チケット整理番号券","targetNumber":"2,2","storeTypeId":"002","loginTime":"2021-08-05 21:45","startTime":"2021-08-05 22:00","isBrowse":true,"isTest":true,"isJamCheck":true,"isCredit":false,"isMailSend":false,"notCheckOnly":true,"isClose":false,"isMobile":false,"dareSec":0,"isConnect":true,"isLogger":true,"advSec":-180,"isOrigin":true,"isOriginCancel":true,"jamTryCnt":10,"---2---":"====== MailSetting(GmailOnly) ======","fromMail":"sugachan.tectec@gmail.com","fromMailPass":"sero3202","toMail":"","toSysMail":"trigger@applet.ifttt.com"}
[2021-08-06T11:55:00.333] [INFO] system - 【テスト】
[2021-08-06T11:55:00.338] [INFO] system - 2021-08-05 21:45:00にすでに到達
[2021-08-06T11:55:00.341] [INFO] system - ログイン処理想定時間到達
[2021-08-06T11:55:01.018] [INFO] system - ブラウザ起動後準備完了
[2021-08-06T11:55:02.831] [INFO] system - ログインページに移動完了
[2021-08-06T11:55:04.918] [ERROR] system - Error: Navigation failed because browser has disconnected!
    at C:\source\yt-scraping\node_modules\puppeteer\lib\cjs\puppeteer\common\LifecycleWatcher.js:51:147
    at C:\source\yt-scraping\node_modules\puppeteer\lib\cjs\vendor\mitt\src\index.js:51:62
    at Array.map (<anonymous>)
    at Object.emit (C:\source\yt-scraping\node_modules\puppeteer\lib\cjs\vendor\mitt\src\index.js:51:43)
    at CDPSession.emit (C:\source\yt-scraping\node_modules\puppeteer\lib\cjs\puppeteer\common\EventEmitter.js:72:22)
    at CDPSession._onClosed (C:\source\yt-scraping\node_modules\puppeteer\lib\cjs\puppeteer\common\Connection.js:247:14)
    at Connection._onMessage (C:\source\yt-scraping\node_modules\puppeteer\lib\cjs\puppeteer\common\Connection.js:94:25)
    at WebSocket.<anonymous> (C:\source\yt-scraping\node_modules\puppeteer\lib\cjs\puppeteer\node\NodeWebSocketTransport.js:13:32)
    at WebSocket.onMessage (C:\source\yt-scraping\node_modules\ws\lib\event-target.js:132:16)
    at WebSocket.emit (events.js:315:20)
[2021-08-06T11:55:04.924] [ERROR] system - Error: Protocol error (Target.activateTarget): Session closed. Most likely the page has been closed.
    at CDPSession.send (C:\source\yt-scraping\node_modules\puppeteer\lib\cjs\puppeteer\common\Connection.js:195:35)
    at Page._screenshotTask (C:\source\yt-scraping\node_modules\puppeteer\lib\cjs\puppeteer\common\Page.js:1084:28)
    at C:\source\yt-scraping\node_modules\puppeteer\lib\cjs\puppeteer\common\Page.js:1081:62
    at processTicksAndRejections (internal/process/task_queues.js:93:5)
[2021-08-06T11:55:04.948] [ERROR] system - ReferenceError: page is not defined
    at newBrowser (C:\source\yt-scraping\func-lpkick\lpkick.js:642:5)
    at processTicksAndRejections (internal/process/task_queues.js:93:5)
    at async C:\source\yt-scraping\func-lpkick\lpkick.js:107:5
[2021-08-06T11:56:19.114] [INFO] system - キック：{"isWindows":["Windows"],"---1---":"====== BasicSetting ======","mypageUrl":"https://t.livepocket.jp/my_top","autoLogin":false,"confUser":"chiaochiao.sonmi@gmail.com","confPass":"sero3202","testUser":"kisyan3333@gmail.com","testPass":"6yjAWLhCxVT2","targetUrl":"https://t.livepocket.jp/e/fukuoka0808/","targetName":"１部通常チケット整理番号券,２部通常チケット整理番号券","targetNumber":"2,2","storeTypeId":"002","loginTime":"2021-08-05 21:45","startTime":"2021-08-05 22:00","isBrowse":true,"isTest":true,"isJamCheck":true,"isCredit":false,"isMailSend":false,"notCheckOnly":true,"isClose":false,"isMobile":false,"dareSec":0,"isConnect":true,"isLogger":true,"advSec":-180,"isOrigin":true,"isOriginCancel":true,"jamTryCnt":10,"---2---":"====== MailSetting(GmailOnly) ======","fromMail":"sugachan.tectec@gmail.com","fromMailPass":"sero3202","toMail":"","toSysMail":"trigger@applet.ifttt.com"}
[2021-08-06T11:56:19.127] [INFO] system - 【テスト】
[2021-08-06T11:56:19.133] [INFO] system - 2021-08-05 21:45:00にすでに到達
[2021-08-06T11:56:19.137] [INFO] system - ログイン処理想定時間到達
[2021-08-06T11:56:19.822] [INFO] system - ブラウザ起動後準備完了
[2021-08-06T11:56:21.333] [INFO] system - ログインページに移動完了
[2021-08-06T11:56:22.737] [ERROR] system - Error: Navigation failed because browser has disconnected!
    at C:\source\yt-scraping\node_modules\puppeteer\lib\cjs\puppeteer\common\LifecycleWatcher.js:51:147
    at C:\source\yt-scraping\node_modules\puppeteer\lib\cjs\vendor\mitt\src\index.js:51:62
    at Array.map (<anonymous>)
    at Object.emit (C:\source\yt-scraping\node_modules\puppeteer\lib\cjs\vendor\mitt\src\index.js:51:43)
    at CDPSession.emit (C:\source\yt-scraping\node_modules\puppeteer\lib\cjs\puppeteer\common\EventEmitter.js:72:22)
    at CDPSession._onClosed (C:\source\yt-scraping\node_modules\puppeteer\lib\cjs\puppeteer\common\Connection.js:247:14)
    at Connection._onMessage (C:\source\yt-scraping\node_modules\puppeteer\lib\cjs\puppeteer\common\Connection.js:94:25)
    at WebSocket.<anonymous> (C:\source\yt-scraping\node_modules\puppeteer\lib\cjs\puppeteer\node\NodeWebSocketTransport.js:13:32)
    at WebSocket.onMessage (C:\source\yt-scraping\node_modules\ws\lib\event-target.js:132:16)
    at WebSocket.emit (events.js:315:20)
[2021-08-06T11:56:22.767] [ERROR] system - Error: Protocol error (Target.activateTarget): Session closed. Most likely the page has been closed.
    at CDPSession.send (C:\source\yt-scraping\node_modules\puppeteer\lib\cjs\puppeteer\common\Connection.js:195:35)
    at Page._screenshotTask (C:\source\yt-scraping\node_modules\puppeteer\lib\cjs\puppeteer\common\Page.js:1084:28)
    at C:\source\yt-scraping\node_modules\puppeteer\lib\cjs\puppeteer\common\Page.js:1081:62
    at processTicksAndRejections (internal/process/task_queues.js:93:5)
[2021-08-06T11:56:22.790] [ERROR] system - ReferenceError: page is not defined
    at newBrowser (C:\source\yt-scraping\func-lpkick\lpkick.js:643:5)
    at processTicksAndRejections (internal/process/task_queues.js:93:5)
    at async C:\source\yt-scraping\func-lpkick\lpkick.js:107:5
[2021-08-06T11:56:52.734] [INFO] system - キック：{"isWindows":["Windows"],"---1---":"====== BasicSetting ======","mypageUrl":"https://t.livepocket.jp/my_top","autoLogin":false,"confUser":"chiaochiao.sonmi@gmail.com","confPass":"sero3202","testUser":"kisyan3333@gmail.com","testPass":"6yjAWLhCxVT2","targetUrl":"https://t.livepocket.jp/e/fukuoka0808/","targetName":"１部通常チケット整理番号券,２部通常チケット整理番号券","targetNumber":"2,2","storeTypeId":"002","loginTime":"2021-08-05 21:45","startTime":"2021-08-05 22:00","isBrowse":true,"isTest":true,"isJamCheck":true,"isCredit":false,"isMailSend":false,"notCheckOnly":true,"isClose":false,"isMobile":false,"dareSec":0,"isConnect":true,"isLogger":true,"advSec":-180,"isOrigin":true,"isOriginCancel":true,"jamTryCnt":10,"---2---":"====== MailSetting(GmailOnly) ======","fromMail":"sugachan.tectec@gmail.com","fromMailPass":"sero3202","toMail":"","toSysMail":"trigger@applet.ifttt.com"}
[2021-08-06T11:56:52.746] [INFO] system - 【テスト】
[2021-08-06T11:56:52.750] [INFO] system - 2021-08-05 21:45:00にすでに到達
[2021-08-06T11:56:52.752] [INFO] system - ログイン処理想定時間到達
[2021-08-06T11:56:53.445] [INFO] system - ブラウザ起動後準備完了
[2021-08-06T11:56:55.049] [INFO] system - ログインページに移動完了
[2021-08-06T11:56:56.198] [ERROR] system - Error: Protocol error (Input.dispatchKeyEvent): Target closed.
    at C:\source\yt-scraping\node_modules\puppeteer\lib\cjs\puppeteer\common\Connection.js:208:63
    at new Promise (<anonymous>)
    at CDPSession.send (C:\source\yt-scraping\node_modules\puppeteer\lib\cjs\puppeteer\common\Connection.js:207:16)
    at Keyboard.down (C:\source\yt-scraping\node_modules\puppeteer\lib\cjs\puppeteer\common\Input.js:99:28)
    at Keyboard.press (C:\source\yt-scraping\node_modules\puppeteer\lib\cjs\puppeteer\common\Input.js:255:20)
    at Keyboard.type (C:\source\yt-scraping\node_modules\puppeteer\lib\cjs\puppeteer\common\Input.js:224:28)
    at processTicksAndRejections (internal/process/task_queues.js:93:5)
    at async ElementHandle.type (C:\source\yt-scraping\node_modules\puppeteer\lib\cjs\puppeteer\common\JSHandle.js:522:9)
    at async DOMWorld.type (C:\source\yt-scraping\node_modules\puppeteer\lib\cjs\puppeteer\common\DOMWorld.js:308:9)
    at async newLogin (C:\source\yt-scraping\func-lpkick\lpkick.js:669:7)
[2021-08-06T11:56:56.230] [ERROR] system - Error: Protocol error (Target.activateTarget): Session closed. Most likely the page has been closed.
    at CDPSession.send (C:\source\yt-scraping\node_modules\puppeteer\lib\cjs\puppeteer\common\Connection.js:195:35)
    at Page._screenshotTask (C:\source\yt-scraping\node_modules\puppeteer\lib\cjs\puppeteer\common\Page.js:1084:28)
    at C:\source\yt-scraping\node_modules\puppeteer\lib\cjs\puppeteer\common\Page.js:1081:62
    at processTicksAndRejections (internal/process/task_queues.js:93:5)
[2021-08-06T11:56:56.260] [ERROR] system - ReferenceError: page is not defined
    at newBrowser (C:\source\yt-scraping\func-lpkick\lpkick.js:644:5)
    at processTicksAndRejections (internal/process/task_queues.js:93:5)
    at async C:\source\yt-scraping\func-lpkick\lpkick.js:107:5
[2021-08-06T11:57:02.255] [INFO] system - キック：{"isWindows":["Windows"],"---1---":"====== BasicSetting ======","mypageUrl":"https://t.livepocket.jp/my_top","autoLogin":false,"confUser":"chiaochiao.sonmi@gmail.com","confPass":"sero3202","testUser":"kisyan3333@gmail.com","testPass":"6yjAWLhCxVT2","targetUrl":"https://t.livepocket.jp/e/fukuoka0808/","targetName":"１部通常チケット整理番号券,２部通常チケット整理番号券","targetNumber":"2,2","storeTypeId":"002","loginTime":"2021-08-05 21:45","startTime":"2021-08-05 22:00","isBrowse":true,"isTest":true,"isJamCheck":true,"isCredit":false,"isMailSend":false,"notCheckOnly":true,"isClose":false,"isMobile":false,"dareSec":0,"isConnect":true,"isLogger":true,"advSec":-180,"isOrigin":true,"isOriginCancel":true,"jamTryCnt":10,"---2---":"====== MailSetting(GmailOnly) ======","fromMail":"sugachan.tectec@gmail.com","fromMailPass":"sero3202","toMail":"","toSysMail":"trigger@applet.ifttt.com"}
[2021-08-06T11:57:02.269] [INFO] system - 【テスト】
[2021-08-06T11:57:02.273] [INFO] system - 2021-08-05 21:45:00にすでに到達
[2021-08-06T11:57:02.275] [INFO] system - ログイン処理想定時間到達
[2021-08-06T11:57:02.949] [INFO] system - ブラウザ起動後準備完了
[2021-08-06T11:57:04.663] [INFO] system - ログインページに移動完了
[2021-08-06T11:57:06.155] [ERROR] system - Error: Protocol error (Runtime.callFunctionOn): Target closed.
    at C:\source\yt-scraping\node_modules\puppeteer\lib\cjs\puppeteer\common\Connection.js:208:63
    at new Promise (<anonymous>)
    at CDPSession.send (C:\source\yt-scraping\node_modules\puppeteer\lib\cjs\puppeteer\common\Connection.js:207:16)
    at ExecutionContext._evaluateInternal (C:\source\yt-scraping\node_modules\puppeteer\lib\cjs\puppeteer\common\ExecutionContext.js:200:50)
    at ExecutionContext.evaluate (C:\source\yt-scraping\node_modules\puppeteer\lib\cjs\puppeteer\common\ExecutionContext.js:106:27)
    at ElementHandle.evaluate (C:\source\yt-scraping\node_modules\puppeteer\lib\cjs\puppeteer\common\JSHandle.js:102:46)
    at ElementHandle._scrollIntoViewIfNeeded (C:\source\yt-scraping\node_modules\puppeteer\lib\cjs\puppeteer\common\JSHandle.js:280:34)
    at ElementHandle.click (C:\source\yt-scraping\node_modules\puppeteer\lib\cjs\puppeteer\common\JSHandle.js:389:20)
    at newLogin (C:\source\yt-scraping\func-lpkick\lpkick.js:680:28)
    at processTicksAndRejections (internal/process/task_queues.js:93:5)
[2021-08-06T11:57:06.201] [ERROR] system - Error: Protocol error (Target.activateTarget): Session closed. Most likely the page has been closed.
    at CDPSession.send (C:\source\yt-scraping\node_modules\puppeteer\lib\cjs\puppeteer\common\Connection.js:195:35)
    at Page._screenshotTask (C:\source\yt-scraping\node_modules\puppeteer\lib\cjs\puppeteer\common\Page.js:1084:28)
    at C:\source\yt-scraping\node_modules\puppeteer\lib\cjs\puppeteer\common\Page.js:1081:62
    at processTicksAndRejections (internal/process/task_queues.js:93:5)
[2021-08-06T11:57:06.202] [ERROR] system - ReferenceError: page is not defined
    at newBrowser (C:\source\yt-scraping\func-lpkick\lpkick.js:644:5)
    at processTicksAndRejections (internal/process/task_queues.js:93:5)
    at async C:\source\yt-scraping\func-lpkick\lpkick.js:107:5
[2021-08-06T12:00:47.463] [INFO] system - キック：{"isWindows":["Windows"],"---1---":"====== BasicSetting ======","mypageUrl":"https://t.livepocket.jp/my_top","autoLogin":false,"confUser":"chiaochiao.sonmi@gmail.com","confPass":"sero3202","testUser":"kisyan3333@gmail.com","testPass":"6yjAWLhCxVT2","targetUrl":"https://t.livepocket.jp/e/fukuoka0808/","targetName":"１部通常チケット整理番号券,２部通常チケット整理番号券","targetNumber":"2,2","storeTypeId":"002","loginTime":"2021-08-05 21:45","startTime":"2021-08-05 22:00","isBrowse":true,"isTest":true,"isJamCheck":true,"isCredit":false,"isMailSend":false,"notCheckOnly":true,"isClose":false,"isMobile":false,"dareSec":0,"isConnect":true,"isLogger":true,"advSec":-180,"isOrigin":true,"isOriginCancel":false,"jamTryCnt":10,"---2---":"====== MailSetting(GmailOnly) ======","fromMail":"sugachan.tectec@gmail.com","fromMailPass":"sero3202","toMail":"","toSysMail":"trigger@applet.ifttt.com"}
[2021-08-06T12:00:47.475] [INFO] system - 【テスト】
[2021-08-06T12:00:47.481] [INFO] system - 2021-08-05 21:45:00にすでに到達
[2021-08-06T12:00:47.488] [INFO] system - ログイン処理想定時間到達
[2021-08-06T12:00:48.154] [INFO] system - ブラウザ起動後準備完了
[2021-08-06T12:00:50.056] [INFO] system - ログインページに移動完了
[2021-08-06T12:00:52.082] [INFO] system - ログイン完了
[2021-08-06T12:00:52.133] [INFO] system - 混線なし
[2021-08-06T12:00:52.187] [INFO] system - 「１部通常チケット整理番号券,２部通常チケット整理番号券」の存在を確認(.table #ticket-470385,.table #ticket-470387)
[2021-08-06T12:00:55.526] [INFO] system - .table #ticket-470385ロック外し開始
[2021-08-06T12:00:55.528] [INFO] system - .table #ticket-470387ロック外し開始
[2021-08-06T12:00:55.543] [INFO] system - 2セット選択終了
[2021-08-06T12:00:55.549] [INFO] system - 2021-08-05 21:59にすでに到達
[2021-08-06T12:00:55.555] [INFO] system - 前ページへ移動
[2021-08-06T12:00:57.419] [INFO] system - 2021-08-05 21:59にすでに到達
[2021-08-06T12:00:57.429] [INFO] system - 購入処理想定時間到達
[2021-08-06T12:00:57.441] [INFO] system - <成績時間カウント開始>
[2021-08-06T12:00:57.442] [INFO] system - 購入可能状態確認start(1回目)
[2021-08-06T12:00:57.443] [INFO] system - 次ページへ移動
[2021-08-06T12:00:59.077] [INFO] system - 購入可能状態確認end
[2021-08-06T12:00:59.078] [INFO] system - 枚数選択start(1回目)
[2021-08-06T12:00:59.079] [INFO] system - 購入クリック処理1回目
[2021-08-06T12:00:59.103] [INFO] system - 購入クリック処理2回目
[2021-08-06T12:01:00.451] [ERROR] system - Error: Execution context was destroyed, most likely because of a navigation.
    at rewriteError (C:\source\yt-scraping\node_modules\puppeteer\lib\cjs\puppeteer\common\ExecutionContext.js:261:23)
    at processTicksAndRejections (internal/process/task_queues.js:93:5)
    at async ExecutionContext._evaluateInternal (C:\source\yt-scraping\node_modules\puppeteer\lib\cjs\puppeteer\common\ExecutionContext.js:215:61)
    at async ExecutionContext.evaluate (C:\source\yt-scraping\node_modules\puppeteer\lib\cjs\puppeteer\common\ExecutionContext.js:106:16)
    at async targetPageBuySelect (C:\source\yt-scraping\func-lpkick\lpkick.js:863:9)
    at async newBrowser (C:\source\yt-scraping\func-lpkick\lpkick.js:490:11)
    at async C:\source\yt-scraping\func-lpkick\lpkick.js:107:5
[2021-08-06T12:01:00.933] [INFO] system - 枚数選択end(1回目)
[2021-08-06T12:01:00.947] [INFO] system - 決済処理ページ遷移済
[2021-08-06T12:01:00.953] [INFO] system - 決済処理start(1回目)
[2021-08-06T12:01:00.954] [INFO] system - 購入処理確定開始(freeBuy:true)
[2021-08-06T12:01:00.955] [INFO] system - 購入処理開始(無料)
[2021-08-06T12:01:00.976] [INFO] system - 規約に同意クリック
[2021-08-06T12:01:00.984] [INFO] system - テスト処理完了
[2021-08-06T12:01:00.987] [INFO] system - <現在時刻：Fri Aug 06 2021 12:01:00 GMT+0900／成績：3.545秒>
[2021-08-06T12:06:11.660] [INFO] system - キック：{"isWindows":["Windows"],"---1---":"====== BasicSetting ======","mypageUrl":"https://t.livepocket.jp/my_top","autoLogin":false,"confUser":"chiaochiao.sonmi@gmail.com","confPass":"sero3202","testUser":"kisyan3333@gmail.com","testPass":"6yjAWLhCxVT2","targetUrl":"https://t.livepocket.jp/e/fukuoka0809/","targetName":"【福岡OP's】１部優先入場チケット整理番号券,【福岡OP's】２部優先入場チケット整理番号券,【福岡Peace】３部優先入場チケット整理番号券","targetNumber":"1,1,1","storeTypeId":"002","loginTime":"2021-08-06 12:01","startTime":"2021-08-06 12:20","isBrowse":true,"isTest":true,"isJamCheck":true,"isCredit":false,"isMailSend":false,"notCheckOnly":true,"isClose":false,"isMobile":false,"dareSec":0,"isConnect":true,"isLogger":true,"advSec":-180,"isOrigin":true,"isOriginCancel":false,"jamTryCnt":10,"---2---":"====== MailSetting(GmailOnly) ======","fromMail":"sugachan.tectec@gmail.com","fromMailPass":"sero3202","toMail":"","toSysMail":"trigger@applet.ifttt.com"}
[2021-08-06T12:06:11.674] [INFO] system - 【テスト】
[2021-08-06T12:06:11.680] [INFO] system - 2021-08-06 12:01:00にすでに到達
[2021-08-06T12:06:11.688] [INFO] system - ログイン処理想定時間到達
[2021-08-06T12:06:12.380] [INFO] system - ブラウザ起動後準備完了
[2021-08-06T12:06:14.008] [INFO] system - ログインページに移動完了
[2021-08-06T12:06:16.080] [INFO] system - ログイン完了
[2021-08-06T12:06:16.132] [INFO] system - 混線なし
[2021-08-06T12:06:16.266] [INFO] system - 「【福岡OP's】１部優先入場チケット整理番号券,【福岡OP's】２部優先入場チケット整理番号券,【福岡Peace】３部優先入場チケット整理番号券」の存在を確認(.table #ticket-471132,.table #ticket-471134,.table #ticket-471136)
[2021-08-06T12:06:19.495] [INFO] system - .table #ticket-471132ロック外し開始
[2021-08-06T12:06:19.497] [INFO] system - .table #ticket-471134ロック外し開始
[2021-08-06T12:06:19.498] [INFO] system - .table #ticket-471136ロック外し開始
[2021-08-06T12:06:19.515] [INFO] system - 3セット選択終了
[2021-08-06T12:06:19.523] [INFO] system - 2021-08-06 12:19:29までページバック待機中...
[2021-08-06T12:07:07.002] [INFO] system - キック：{"isWindows":["Windows"],"---1---":"====== BasicSetting ======","mypageUrl":"https://t.livepocket.jp/my_top","autoLogin":false,"confUser":"chiaochiao.sonmi@gmail.com","confPass":"sero3202","testUser":"kisyan3333@gmail.com","testPass":"6yjAWLhCxVT2","targetUrl":"https://t.livepocket.jp/e/fukuoka0809/","targetName":"【福岡OP's】１部優先入場チケット整理番号券,【福岡OP's】２部優先入場チケット整理番号券,【福岡Peace】３部優先入場チケット整理番号券","targetNumber":"1,1,1","storeTypeId":"002","loginTime":"2021-08-06 22:45","startTime":"2021-08-06 23:00","isBrowse":true,"isTest":false,"isJamCheck":true,"isCredit":false,"isMailSend":false,"notCheckOnly":true,"isClose":false,"isMobile":false,"dareSec":0,"isConnect":true,"isLogger":true,"advSec":-180,"isOrigin":true,"isOriginCancel":false,"jamTryCnt":10,"---2---":"====== MailSetting(GmailOnly) ======","fromMail":"sugachan.tectec@gmail.com","fromMailPass":"sero3202","toMail":"","toSysMail":"trigger@applet.ifttt.com"}
[2021-08-06T12:07:07.015] [INFO] system - 【本番】
[2021-08-06T12:07:07.020] [INFO] system - 2021-08-06 22:45:00までログイン処理待機中...
[2021-08-06T23:02:43.634] [INFO] system - キック：{"isWindows":["Windows"],"---1---":"====== BasicSetting ======","mypageUrl":"https://t.livepocket.jp/my_top","autoLogin":false,"confUser":"chiaochiao.sonmi@gmail.com","confPass":"sero3202","testUser":"kisyan3333@gmail.com","testPass":"6yjAWLhCxVT2","targetUrl":"https://t.livepocket.jp/e/fukuoka0809/","targetName":"【福岡OP's】１部優先入場チケット整理番号券,【福岡OP's】２部優先入場チケット整理番号券,【福岡Peace】３部優先入場チケット整理番号券","targetNumber":"1,1,1","storeTypeId":"002","loginTime":"2021-08-06 22:45","startTime":"2021-08-06 23:00","isBrowse":true,"isTest":true,"isJamCheck":true,"isCredit":false,"isMailSend":false,"notCheckOnly":true,"isClose":false,"isMobile":false,"dareSec":0,"isConnect":true,"isLogger":true,"advSec":-180,"isOrigin":true,"isOriginCancel":false,"jamTryCnt":10,"---2---":"====== MailSetting(GmailOnly) ======","fromMail":"sugachan.tectec@gmail.com","fromMailPass":"sero3202","toMail":"","toSysMail":"trigger@applet.ifttt.com"}
[2021-08-06T23:02:43.647] [INFO] system - 【テスト】
[2021-08-06T23:02:43.651] [INFO] system - 2021-08-06 22:45:00にすでに到達
[2021-08-06T23:02:43.654] [INFO] system - ログイン処理想定時間到達
[2021-08-06T23:02:44.380] [INFO] system - ブラウザ起動後準備完了
[2021-08-06T23:02:45.877] [INFO] system - ログインページに移動完了
[2021-08-06T23:02:47.988] [INFO] system - ログイン完了
[2021-08-06T23:02:48.031] [INFO] system - 混線なし
[2021-08-06T23:02:48.158] [INFO] system - 「【福岡OP's】１部優先入場チケット整理番号券,【福岡OP's】２部優先入場チケット整理番号券,【福岡Peace】３部優先入場チケット整理番号券」の存在を確認(.table #ticket-471132,.table #ticket-471134,.table #ticket-471136)
[2021-08-06T23:02:51.396] [INFO] system - .table #ticket-471132ロック外し開始
[2021-08-06T23:02:51.397] [INFO] system - .table #ticket-471134ロック外し開始
[2021-08-06T23:02:51.398] [INFO] system - .table #ticket-471136ロック外し開始
[2021-08-06T23:02:51.431] [INFO] system - 3セット選択終了
[2021-08-06T23:02:51.443] [INFO] system - 2021-08-06 22:59にすでに到達
[2021-08-06T23:02:51.459] [INFO] system - 前ページへ移動
[2021-08-06T23:02:52.843] [INFO] system - 2021-08-06 22:59にすでに到達
[2021-08-06T23:02:52.854] [INFO] system - 購入処理想定時間到達
[2021-08-06T23:02:52.862] [INFO] system - <成績時間カウント開始>
[2021-08-06T23:02:52.864] [INFO] system - 購入可能状態確認start(1回目)
[2021-08-06T23:02:52.865] [INFO] system - 次ページへ移動
[2021-08-06T23:02:54.434] [INFO] system - 購入可能状態確認end
[2021-08-06T23:02:54.435] [INFO] system - 枚数選択start(1回目)
[2021-08-06T23:02:54.436] [INFO] system - 購入クリック処理1回目
[2021-08-06T23:02:54.447] [INFO] system - 購入クリック処理2回目
[2021-08-06T23:02:55.909] [ERROR] system - Error: Execution context was destroyed, most likely because of a navigation.
    at rewriteError (C:\source\yt-scraping\node_modules\puppeteer\lib\cjs\puppeteer\common\ExecutionContext.js:261:23)
    at processTicksAndRejections (internal/process/task_queues.js:93:5)
    at async ExecutionContext._evaluateInternal (C:\source\yt-scraping\node_modules\puppeteer\lib\cjs\puppeteer\common\ExecutionContext.js:215:61)
    at async ExecutionContext.evaluate (C:\source\yt-scraping\node_modules\puppeteer\lib\cjs\puppeteer\common\ExecutionContext.js:106:16)
    at async targetPageBuySelect (C:\source\yt-scraping\func-lpkick\lpkick.js:863:9)
    at async newBrowser (C:\source\yt-scraping\func-lpkick\lpkick.js:490:11)
    at async C:\source\yt-scraping\func-lpkick\lpkick.js:107:5
[2021-08-06T23:02:56.381] [INFO] system - 枚数選択end(1回目)
[2021-08-06T23:02:56.397] [INFO] system - 決済処理ページ遷移済
[2021-08-06T23:02:56.400] [INFO] system - 決済処理start(1回目)
[2021-08-06T23:02:56.401] [INFO] system - 購入処理確定開始(freeBuy:false)
[2021-08-06T23:02:56.403] [INFO] system - 購入処理開始(有料)
[2021-08-06T23:02:56.588] [INFO] system - 規約に同意クリック
[2021-08-06T23:02:56.589] [INFO] system - 【テスト:決済ロジック】
[2021-08-06T23:02:56.591] [INFO] system - テスト処理完了
[2021-08-06T23:02:56.594] [INFO] system - <現在時刻：Fri Aug 06 2021 23:02:56 GMT+0900／成績：3.731秒>
