[2021-10-15T22:45:43.303] [INFO] system - キック：{"isWindows":["Windows"],"---1---":"====== BasicSetting ======","mypageUrl":"https://t.livepocket.jp/my_top","autoLogin":false,"confUser":"dabame8549@mi166.com","confPass":"6yjAWLhCxVT2","testUser":"sugachan.tectec@gmail.com","testPass":"6yjAWLhCxVT2","targetUrl":"https://t.livepocket.jp/e/wakkuru202110/","targetName":"【10/21(木)】１部前売チケット整理番号券","targetNumber":"1","storeTypeId":"002","loginTime":"2021-10-09 16:45","startTime":"2021-10-09 17:00","isBrowse":false,"isTest":true,"isJamCheck":true,"isCredit":false,"isMailSend":false,"notCheckOnly":true,"isClose":false,"isMobile":true,"dareSec":0,"isConnect":true,"isLogger":true,"advSec":-245,"isOrigin":true,"isOriginCancel":false,"jamTryCnt":10,"isProxy":false,"proxy":"45.130.126.194:8000","proxyUser":"Z3SpVY","proxyPass":"SqoYCw","---2---":"====== MailSetting(GmailOnly) ======","fromMail":"sugachan.tectec@gmail.com","fromMailPass":"sero3202","toMail":"","toSysMail":"trigger@applet.ifttt.com"}
[2021-10-15T22:45:43.306] [INFO] system - 【テスト】
[2021-10-15T22:45:43.311] [INFO] system - 2021-10-09 16:45:00にすでに到達
[2021-10-15T22:45:43.314] [INFO] system - ログイン処理想定時間到達
[2021-10-15T22:45:44.346] [INFO] system - ブラウザ起動後準備完了
[2021-10-15T22:45:45.980] [INFO] system - ログインページに移動完了
[2021-10-15T22:45:48.253] [INFO] system - ログイン完了
[2021-10-15T22:45:48.263] [INFO] system - 混線なし
[2021-10-15T22:45:48.297] [INFO] system - 「【10/21(木)】１部前売チケット整理番号券」の存在を確認(.table #ticket-520662)
[2021-10-15T22:45:51.359] [INFO] system - .table #ticket-520662ロック外し開始
[2021-10-15T22:45:51.374] [INFO] system - 1セット選択終了
[2021-10-15T22:45:51.376] [INFO] system - 2021-10-09 16:59にすでに到達
[2021-10-15T22:45:51.386] [INFO] system - 前ページへ移動
[2021-10-15T22:45:52.776] [INFO] system - 2021-10-09 16:59にすでに到達
[2021-10-15T22:45:52.778] [INFO] system - 購入処理想定時間到達
[2021-10-15T22:45:52.779] [INFO] system - <成績時間カウント開始>
[2021-10-15T22:45:52.780] [INFO] system - 購入可能状態確認start(1回目)
[2021-10-15T22:45:52.780] [INFO] system - 次ページへ移動
[2021-10-15T22:45:53.941] [INFO] system - 購入可能状態確認end
[2021-10-15T22:45:53.942] [INFO] system - 枚数選択start(1回目)
[2021-10-15T22:45:53.943] [INFO] system - 購入クリック処理1回目
[2021-10-15T22:45:53.950] [INFO] system - 購入クリック処理2回目
[2021-10-15T22:45:53.954] [INFO] system - 購入クリック処理3回目
[2021-10-15T22:45:53.957] [INFO] system - 購入クリック処理4回目
[2021-10-15T22:45:53.960] [INFO] system - 購入クリック処理5回目
[2021-10-15T22:45:53.962] [INFO] system - 購入クリック処理6回目
[2021-10-15T22:45:53.965] [INFO] system - 購入クリック処理7回目
[2021-10-15T22:45:53.967] [INFO] system - 購入クリック処理8回目
[2021-10-15T22:45:53.970] [INFO] system - 購入クリック処理9回目
[2021-10-15T22:45:53.973] [INFO] system - 購入クリック処理10回目
[2021-10-15T22:45:53.975] [INFO] system - 購入クリック処理11回目
[2021-10-15T22:45:53.979] [INFO] system - 購入クリック処理12回目
[2021-10-15T22:45:53.982] [INFO] system - 購入クリック処理13回目
[2021-10-15T22:45:53.984] [INFO] system - 購入クリック処理14回目
[2021-10-15T22:45:53.987] [INFO] system - 購入クリック処理15回目
[2021-10-15T22:45:53.990] [INFO] system - 購入クリック処理16回目
[2021-10-15T22:45:53.993] [INFO] system - 購入クリック処理17回目
[2021-10-15T22:45:53.995] [INFO] system - 購入クリック処理18回目
[2021-10-15T22:45:53.999] [INFO] system - 購入クリック処理19回目
[2021-10-15T22:45:54.001] [INFO] system - 購入クリック処理20回目
[2021-10-15T22:45:54.004] [INFO] system - 購入クリック処理21回目
[2021-10-15T22:45:54.009] [INFO] system - 購入クリック処理22回目
[2021-10-15T22:45:54.728] [ERROR] system - Error: Execution context was destroyed, most likely because of a navigation.
    at rewriteError (C:\source\yt-scraping\node_modules\puppeteer\lib\cjs\puppeteer\common\ExecutionContext.js:261:23)
    at processTicksAndRejections (internal/process/task_queues.js:97:5)
    at async ExecutionContext._evaluateInternal (C:\source\yt-scraping\node_modules\puppeteer\lib\cjs\puppeteer\common\ExecutionContext.js:215:61)
    at async ExecutionContext.evaluate (C:\source\yt-scraping\node_modules\puppeteer\lib\cjs\puppeteer\common\ExecutionContext.js:106:16)
    at async targetPageBuySelect (C:\source\yt-scraping\func-lpkick\lpkick.js:900:11)
    at async newBrowser (C:\source\yt-scraping\func-lpkick\lpkick.js:517:11)
    at async C:\source\yt-scraping\func-lpkick\lpkick.js:115:5
[2021-10-15T22:45:54.964] [INFO] system - 枚数選択end(1回目)
[2021-10-15T22:45:55.085] [INFO] system - 決済処理ページ遷移済
[2021-10-15T22:45:55.086] [INFO] system - 決済処理start(1回目)
[2021-10-15T22:45:55.086] [INFO] system - 購入処理確定開始(freeBuy:true)
[2021-10-15T22:45:55.086] [INFO] system - 購入処理開始(無料)
[2021-10-15T22:45:55.104] [INFO] system - 規約に同意クリック
[2021-10-15T22:45:55.105] [INFO] system - テスト処理完了
[2021-10-15T22:45:55.107] [INFO] system - <現在時刻：Fri Oct 15 2021 22:45:55 GMT+0900／成績：2.328秒>
[2021-10-15T23:18:31.712] [INFO] system - キック：{"isWindows":["Windows"],"---1---":"====== BasicSetting ======","mypageUrl":"https://t.livepocket.jp/my_top","autoLogin":false,"confUser":"dabame8549@mi166.com","confPass":"6yjAWLhCxVT2","testUser":"sugachan.tectec@gmail.com","testPass":"6yjAWLhCxVT2","targetUrl":"https://t.livepocket.jp/e/wakkuru202110/","targetName":"【10/21(木)】１部前売チケット整理番号券","targetNumber":"1","storeTypeId":"002","loginTime":"2021-10-09 16:45","startTime":"2021-10-09 17:00","isBrowse":true,"isTest":true,"isJamCheck":true,"isCredit":false,"isMailSend":false,"notCheckOnly":true,"isClose":false,"isMobile":true,"dareSec":0,"isConnect":true,"isLogger":true,"advSec":-245,"isOrigin":true,"isOriginCancel":false,"jamTryCnt":10,"isProxy":false,"proxy":"45.130.126.194:8000","proxyUser":"Z3SpVY","proxyPass":"SqoYCw","---2---":"====== MailSetting(GmailOnly) ======","fromMail":"sugachan.tectec@gmail.com","fromMailPass":"sero3202","toMail":"","toSysMail":"trigger@applet.ifttt.com"}
[2021-10-15T23:18:31.715] [INFO] system - 【テスト】
[2021-10-15T23:18:31.719] [INFO] system - 2021-10-09 16:45:00にすでに到達
[2021-10-15T23:18:31.722] [INFO] system - ログイン処理想定時間到達
[2021-10-15T23:18:32.596] [INFO] system - ブラウザ起動後準備完了
[2021-10-15T23:18:34.288] [ERROR] system - Error: Navigation failed because browser has disconnected!
    at C:\source\yt-scraping\node_modules\puppeteer\lib\cjs\puppeteer\common\LifecycleWatcher.js:51:147
    at C:\source\yt-scraping\node_modules\puppeteer\lib\cjs\vendor\mitt\src\index.js:51:62
    at Array.map (<anonymous>)
    at Object.emit (C:\source\yt-scraping\node_modules\puppeteer\lib\cjs\vendor\mitt\src\index.js:51:43)
    at CDPSession.emit (C:\source\yt-scraping\node_modules\puppeteer\lib\cjs\puppeteer\common\EventEmitter.js:72:22)
    at CDPSession._onClosed (C:\source\yt-scraping\node_modules\puppeteer\lib\cjs\puppeteer\common\Connection.js:247:14)
    at Connection._onMessage (C:\source\yt-scraping\node_modules\puppeteer\lib\cjs\puppeteer\common\Connection.js:94:25)
    at WebSocket.<anonymous> (C:\source\yt-scraping\node_modules\puppeteer\lib\cjs\puppeteer\node\NodeWebSocketTransport.js:13:32)
    at WebSocket.onMessage (C:\source\yt-scraping\node_modules\ws\lib\event-target.js:132:16)
    at WebSocket.emit (events.js:314:20)
[2021-10-15T23:18:34.294] [ERROR] system - ReferenceError: page is not defined
    at newBrowser (C:\source\yt-scraping\func-lpkick\lpkick.js:654:5)
    at processTicksAndRejections (internal/process/task_queues.js:97:5)
[2021-10-15T23:18:40.771] [INFO] system - キック：{"isWindows":["Windows"],"---1---":"====== BasicSetting ======","mypageUrl":"https://t.livepocket.jp/my_top","autoLogin":false,"confUser":"dabame8549@mi166.com","confPass":"6yjAWLhCxVT2","testUser":"sugachan.tectec@gmail.com","testPass":"6yjAWLhCxVT2","targetUrl":"https://t.livepocket.jp/e/wakkuru202110/","targetName":"【10/21(木)】１部前売チケット整理番号券","targetNumber":"1","storeTypeId":"002","loginTime":"2021-10-09 16:45","startTime":"2021-10-09 17:00","isBrowse":true,"isTest":true,"isJamCheck":true,"isCredit":false,"isMailSend":false,"notCheckOnly":true,"isClose":false,"isMobile":true,"dareSec":0,"isConnect":false,"isLogger":true,"advSec":-245,"isOrigin":true,"isOriginCancel":false,"jamTryCnt":10,"isProxy":false,"proxy":"45.130.126.194:8000","proxyUser":"Z3SpVY","proxyPass":"SqoYCw","---2---":"====== MailSetting(GmailOnly) ======","fromMail":"sugachan.tectec@gmail.com","fromMailPass":"sero3202","toMail":"","toSysMail":"trigger@applet.ifttt.com"}
[2021-10-15T23:18:40.776] [INFO] system - 【テスト】
[2021-10-15T23:18:40.779] [INFO] system - 2021-10-09 16:45:00にすでに到達
[2021-10-15T23:18:40.782] [INFO] system - ログイン処理想定時間到達
[2021-10-15T23:18:43.107] [INFO] system - ブラウザ起動後準備完了
[2021-10-15T23:18:44.857] [ERROR] system - Error: Navigation failed because browser has disconnected!
    at C:\source\yt-scraping\node_modules\puppeteer\lib\cjs\puppeteer\common\LifecycleWatcher.js:51:147
    at C:\source\yt-scraping\node_modules\puppeteer\lib\cjs\vendor\mitt\src\index.js:51:62
    at Array.map (<anonymous>)
    at Object.emit (C:\source\yt-scraping\node_modules\puppeteer\lib\cjs\vendor\mitt\src\index.js:51:43)
    at CDPSession.emit (C:\source\yt-scraping\node_modules\puppeteer\lib\cjs\puppeteer\common\EventEmitter.js:72:22)
    at CDPSession._onClosed (C:\source\yt-scraping\node_modules\puppeteer\lib\cjs\puppeteer\common\Connection.js:247:14)
    at Connection._onMessage (C:\source\yt-scraping\node_modules\puppeteer\lib\cjs\puppeteer\common\Connection.js:94:25)
    at WebSocket.<anonymous> (C:\source\yt-scraping\node_modules\puppeteer\lib\cjs\puppeteer\node\NodeWebSocketTransport.js:13:32)
    at WebSocket.onMessage (C:\source\yt-scraping\node_modules\ws\lib\event-target.js:132:16)
    at WebSocket.emit (events.js:314:20)
[2021-10-15T23:18:44.864] [ERROR] system - ReferenceError: page is not defined
    at newBrowser (C:\source\yt-scraping\func-lpkick\lpkick.js:654:5)
    at processTicksAndRejections (internal/process/task_queues.js:97:5)
[2021-10-15T23:23:46.786] [INFO] system - キック：{"isWindows":["Windows"],"---1---":"====== BasicSetting ======","mypageUrl":"https://t.livepocket.jp/my_top","autoLogin":false,"confUser":"dabame8549@mi166.com","confPass":"6yjAWLhCxVT2","testUser":"sugachan.tectec@gmail.com","testPass":"6yjAWLhCxVT2","targetUrl":"https://t.livepocket.jp/e/wakkuru202110/","targetName":"【10/21(木)】１部前売チケット整理番号券","targetNumber":"1","storeTypeId":"002","loginTime":"2021-10-09 16:45","startTime":"2021-10-09 17:00","isBrowse":true,"isTest":true,"isJamCheck":true,"isCredit":false,"isMailSend":false,"notCheckOnly":true,"isClose":false,"isMobile":true,"dareSec":0,"isConnect":false,"isLogger":true,"advSec":-245,"isOrigin":true,"isOriginCancel":false,"jamTryCnt":10,"isProxy":false,"proxy":"45.130.126.194:8000","proxyUser":"Z3SpVY","proxyPass":"SqoYCw","---2---":"====== MailSetting(GmailOnly) ======","fromMail":"sugachan.tectec@gmail.com","fromMailPass":"sero3202","toMail":"","toSysMail":"trigger@applet.ifttt.com"}
[2021-10-15T23:23:46.790] [INFO] system - 【テスト】
[2021-10-15T23:23:46.793] [INFO] system - 2021-10-09 16:45:00にすでに到達
[2021-10-15T23:23:46.796] [INFO] system - ログイン処理想定時間到達
[2021-10-15T23:23:47.647] [INFO] system - ブラウザ起動後準備完了
[2021-10-15T23:23:51.892] [INFO] system - ログインページに移動完了
[2021-10-15T23:23:52.953] [ERROR] system - Error: Navigation failed because browser has disconnected!
    at C:\source\yt-scraping\node_modules\puppeteer\lib\cjs\puppeteer\common\LifecycleWatcher.js:51:147
    at C:\source\yt-scraping\node_modules\puppeteer\lib\cjs\vendor\mitt\src\index.js:51:62
    at Array.map (<anonymous>)
    at Object.emit (C:\source\yt-scraping\node_modules\puppeteer\lib\cjs\vendor\mitt\src\index.js:51:43)
    at CDPSession.emit (C:\source\yt-scraping\node_modules\puppeteer\lib\cjs\puppeteer\common\EventEmitter.js:72:22)
    at CDPSession._onClosed (C:\source\yt-scraping\node_modules\puppeteer\lib\cjs\puppeteer\common\Connection.js:247:14)
    at Connection._onMessage (C:\source\yt-scraping\node_modules\puppeteer\lib\cjs\puppeteer\common\Connection.js:94:25)
    at WebSocket.<anonymous> (C:\source\yt-scraping\node_modules\puppeteer\lib\cjs\puppeteer\node\NodeWebSocketTransport.js:13:32)
    at WebSocket.onMessage (C:\source\yt-scraping\node_modules\ws\lib\event-target.js:132:16)
    at WebSocket.emit (events.js:314:20)
[2021-10-15T23:23:52.961] [ERROR] system - Error: Protocol error (Target.activateTarget): Session closed. Most likely the page has been closed.
    at CDPSession.send (C:\source\yt-scraping\node_modules\puppeteer\lib\cjs\puppeteer\common\Connection.js:195:35)
    at Page._screenshotTask (C:\source\yt-scraping\node_modules\puppeteer\lib\cjs\puppeteer\common\Page.js:1084:28)
    at C:\source\yt-scraping\node_modules\puppeteer\lib\cjs\puppeteer\common\Page.js:1081:62
    at processTicksAndRejections (internal/process/task_queues.js:97:5)
[2021-10-15T23:23:52.964] [ERROR] system - ReferenceError: page is not defined
    at newBrowser (C:\source\yt-scraping\func-lpkick\lpkick.js:655:5)
    at processTicksAndRejections (internal/process/task_queues.js:97:5)
[2021-10-15T23:24:07.261] [INFO] system - キック：{"isWindows":["Windows"],"---1---":"====== BasicSetting ======","mypageUrl":"https://t.livepocket.jp/my_top","autoLogin":false,"confUser":"dabame8549@mi166.com","confPass":"6yjAWLhCxVT2","testUser":"sugachan.tectec@gmail.com","testPass":"6yjAWLhCxVT2","targetUrl":"https://t.livepocket.jp/e/wakkuru202110/","targetName":"【10/21(木)】１部前売チケット整理番号券","targetNumber":"1","storeTypeId":"002","loginTime":"2021-10-09 16:45","startTime":"2021-10-09 17:00","isBrowse":false,"isTest":true,"isJamCheck":true,"isCredit":false,"isMailSend":false,"notCheckOnly":true,"isClose":false,"isMobile":true,"dareSec":0,"isConnect":false,"isLogger":true,"advSec":-245,"isOrigin":true,"isOriginCancel":false,"jamTryCnt":10,"isProxy":false,"proxy":"45.130.126.194:8000","proxyUser":"Z3SpVY","proxyPass":"SqoYCw","---2---":"====== MailSetting(GmailOnly) ======","fromMail":"sugachan.tectec@gmail.com","fromMailPass":"sero3202","toMail":"","toSysMail":"trigger@applet.ifttt.com"}
[2021-10-15T23:24:07.265] [INFO] system - 【テスト】
[2021-10-15T23:24:07.270] [INFO] system - 2021-10-09 16:45:00にすでに到達
[2021-10-15T23:24:07.273] [INFO] system - ログイン処理想定時間到達
[2021-10-15T23:24:08.243] [INFO] system - ブラウザ起動後準備完了
[2021-10-15T23:24:09.888] [INFO] system - ログインページに移動完了
[2021-10-15T23:24:12.543] [INFO] system - ログイン完了
[2021-10-15T23:24:12.550] [INFO] system - 混線なし
[2021-10-15T23:24:12.588] [INFO] system - 「【10/21(木)】１部前売チケット整理番号券」の存在を確認(.table #ticket-520662)
[2021-10-15T23:24:15.506] [INFO] system - .table #ticket-520662ロック外し開始
[2021-10-15T23:24:15.523] [INFO] system - 1セット選択終了
[2021-10-15T23:24:15.524] [INFO] system - 2021-10-09 16:59にすでに到達
[2021-10-15T23:24:15.526] [INFO] system - 前ページへ移動
[2021-10-15T23:24:17.051] [INFO] system - 2021-10-09 16:59にすでに到達
[2021-10-15T23:24:17.065] [INFO] system - 購入処理想定時間到達
[2021-10-15T23:24:17.066] [INFO] system - <成績時間カウント開始>
[2021-10-15T23:24:17.067] [INFO] system - 購入可能状態確認start(1回目)
[2021-10-15T23:24:17.067] [INFO] system - 次ページへ移動
[2021-10-15T23:24:18.449] [INFO] system - 購入可能状態確認end
[2021-10-15T23:24:18.453] [INFO] system - 枚数選択start(1回目)
[2021-10-15T23:24:18.453] [INFO] system - 購入クリック処理1回目
[2021-10-15T23:24:18.459] [INFO] system - 購入クリック処理2回目
[2021-10-15T23:24:18.465] [INFO] system - 購入クリック処理3回目
[2021-10-15T23:24:18.468] [INFO] system - 購入クリック処理4回目
[2021-10-15T23:24:18.472] [INFO] system - 購入クリック処理5回目
[2021-10-15T23:24:18.475] [INFO] system - 購入クリック処理6回目
[2021-10-15T23:24:18.478] [INFO] system - 購入クリック処理7回目
[2021-10-15T23:24:18.482] [INFO] system - 購入クリック処理8回目
[2021-10-15T23:24:18.484] [INFO] system - 購入クリック処理9回目
[2021-10-15T23:24:18.488] [INFO] system - 購入クリック処理10回目
[2021-10-15T23:24:18.491] [INFO] system - 購入クリック処理11回目
[2021-10-15T23:24:18.494] [INFO] system - 購入クリック処理12回目
[2021-10-15T23:24:18.497] [INFO] system - 購入クリック処理13回目
[2021-10-15T23:24:18.500] [INFO] system - 購入クリック処理14回目
[2021-10-15T23:24:18.503] [INFO] system - 購入クリック処理15回目
[2021-10-15T23:24:18.507] [INFO] system - 購入クリック処理16回目
[2021-10-15T23:24:18.510] [INFO] system - 購入クリック処理17回目
[2021-10-15T23:24:18.514] [INFO] system - 購入クリック処理18回目
[2021-10-15T23:24:18.517] [INFO] system - 購入クリック処理19回目
[2021-10-15T23:24:18.520] [INFO] system - 購入クリック処理20回目
[2021-10-15T23:24:18.524] [INFO] system - 購入クリック処理21回目
[2021-10-15T23:24:18.527] [INFO] system - 購入クリック処理22回目
[2021-10-15T23:24:18.530] [INFO] system - 購入クリック処理23回目
[2021-10-15T23:24:18.533] [INFO] system - 購入クリック処理24回目
[2021-10-15T23:24:18.536] [INFO] system - 購入クリック処理25回目
[2021-10-15T23:24:18.544] [INFO] system - 購入クリック処理26回目
[2021-10-15T23:24:18.547] [INFO] system - 購入クリック処理27回目
[2021-10-15T23:24:21.405] [ERROR] system - Error: Execution context was destroyed, most likely because of a navigation.
    at rewriteError (C:\source\yt-scraping\node_modules\puppeteer\lib\cjs\puppeteer\common\ExecutionContext.js:261:23)
    at processTicksAndRejections (internal/process/task_queues.js:97:5)
    at async ExecutionContext._evaluateInternal (C:\source\yt-scraping\node_modules\puppeteer\lib\cjs\puppeteer\common\ExecutionContext.js:215:61)
    at async ExecutionContext.evaluate (C:\source\yt-scraping\node_modules\puppeteer\lib\cjs\puppeteer\common\ExecutionContext.js:106:16)
    at async targetPageBuySelect (C:\source\yt-scraping\func-lpkick\lpkick.js:901:11)
    at async newBrowser (C:\source\yt-scraping\func-lpkick\lpkick.js:518:11)
    at async C:\source\yt-scraping\func-lpkick\lpkick.js:115:5
[2021-10-15T23:24:22.072] [INFO] system - 枚数選択end(1回目)
[2021-10-15T23:24:22.081] [INFO] system - 決済処理ページ遷移済
[2021-10-15T23:24:22.081] [INFO] system - 決済処理start(1回目)
[2021-10-15T23:24:22.082] [INFO] system - 購入処理確定開始(freeBuy:true)
[2021-10-15T23:24:22.082] [INFO] system - 購入処理開始(無料)
[2021-10-15T23:24:22.099] [INFO] system - 規約に同意クリック
[2021-10-15T23:24:22.100] [INFO] system - テスト処理完了
[2021-10-15T23:24:22.102] [INFO] system - <現在時刻：Fri Oct 15 2021 23:24:22 GMT+0900／成績：5.035秒>
[2021-10-15T23:26:38.412] [INFO] system - キック：{"isWindows":["Windows"],"---1---":"====== BasicSetting ======","mypageUrl":"https://t.livepocket.jp/my_top","autoLogin":false,"confUser":"dabame8549@mi166.com","confPass":"6yjAWLhCxVT2","testUser":"sugachan.tectec@gmail.com","testPass":"6yjAWLhCxVT2","targetUrl":"https://t.livepocket.jp/e/wakkuru202110/","targetName":"【10/21(木)】１部前売チケット整理番号券","targetNumber":"1","storeTypeId":"002","loginTime":"2021-10-09 16:45","startTime":"2021-10-09 17:00","isBrowse":false,"isTest":true,"isJamCheck":true,"isCredit":false,"isMailSend":false,"notCheckOnly":true,"isClose":false,"isMobile":true,"dareSec":0,"isConnect":false,"isLogger":true,"advSec":-245,"isOrigin":true,"isOriginCancel":false,"jamTryCnt":10,"isProxy":false,"proxy":"45.130.126.194:8000","proxyUser":"Z3SpVY","proxyPass":"SqoYCw","---2---":"====== MailSetting(GmailOnly) ======","fromMail":"sugachan.tectec@gmail.com","fromMailPass":"sero3202","toMail":"","toSysMail":"trigger@applet.ifttt.com"}
[2021-10-15T23:26:38.415] [INFO] system - 【テスト】
[2021-10-15T23:26:38.419] [INFO] system - 2021-10-09 16:45:00にすでに到達
[2021-10-15T23:26:38.421] [INFO] system - ログイン処理想定時間到達
[2021-10-15T23:26:39.287] [INFO] system - ブラウザ起動後準備完了
[2021-10-15T23:26:40.799] [INFO] system - ログインページに移動完了
[2021-10-15T23:26:43.565] [INFO] system - ログイン完了
[2021-10-15T23:26:43.575] [INFO] system - 混線なし
[2021-10-15T23:26:43.633] [INFO] system - 「【10/21(木)】１部前売チケット整理番号券」の存在を確認(.table #ticket-520662)
[2021-10-15T23:26:46.766] [INFO] system - .table #ticket-520662ロック外し開始
[2021-10-15T23:26:46.774] [INFO] system - 1セット選択終了
[2021-10-15T23:26:46.775] [INFO] system - 2021-10-09 16:59にすでに到達
[2021-10-15T23:26:46.776] [INFO] system - 前ページへ移動
[2021-10-15T23:26:47.982] [INFO] system - 2021-10-09 16:59にすでに到達
[2021-10-15T23:26:47.994] [INFO] system - 購入処理想定時間到達
[2021-10-15T23:26:47.995] [INFO] system - <成績時間カウント開始>
[2021-10-15T23:26:47.995] [INFO] system - 購入可能状態確認start(1回目)
[2021-10-15T23:26:47.996] [INFO] system - 次ページへ移動
[2021-10-15T23:26:49.505] [INFO] system - 購入可能状態確認end
[2021-10-15T23:26:49.506] [INFO] system - 枚数選択start(1回目)
[2021-10-15T23:26:49.507] [INFO] system - 購入クリック処理1回目
[2021-10-15T23:26:49.514] [INFO] system - 購入クリック処理2回目
[2021-10-15T23:26:49.519] [INFO] system - 購入クリック処理3回目
[2021-10-15T23:26:49.523] [INFO] system - 購入クリック処理4回目
[2021-10-15T23:26:49.527] [INFO] system - 購入クリック処理5回目
[2021-10-15T23:26:49.531] [INFO] system - 購入クリック処理6回目
[2021-10-15T23:26:49.534] [INFO] system - 購入クリック処理7回目
[2021-10-15T23:26:49.537] [INFO] system - 購入クリック処理8回目
[2021-10-15T23:26:49.539] [INFO] system - 購入クリック処理9回目
[2021-10-15T23:26:49.542] [INFO] system - 購入クリック処理10回目
[2021-10-15T23:26:49.547] [INFO] system - 購入クリック処理11回目
[2021-10-15T23:26:49.551] [INFO] system - 購入クリック処理12回目
[2021-10-15T23:26:49.555] [INFO] system - 購入クリック処理13回目
[2021-10-15T23:26:49.562] [INFO] system - 購入クリック処理14回目
[2021-10-15T23:26:49.566] [INFO] system - 購入クリック処理15回目
[2021-10-15T23:26:52.458] [ERROR] system - Error: Execution context was destroyed, most likely because of a navigation.
    at rewriteError (C:\source\yt-scraping\node_modules\puppeteer\lib\cjs\puppeteer\common\ExecutionContext.js:261:23)
    at processTicksAndRejections (internal/process/task_queues.js:97:5)
    at async ExecutionContext._evaluateInternal (C:\source\yt-scraping\node_modules\puppeteer\lib\cjs\puppeteer\common\ExecutionContext.js:215:61)
    at async ExecutionContext.evaluate (C:\source\yt-scraping\node_modules\puppeteer\lib\cjs\puppeteer\common\ExecutionContext.js:106:16)
    at async targetPageBuySelect (C:\source\yt-scraping\func-lpkick\lpkick.js:902:11)
    at async newBrowser (C:\source\yt-scraping\func-lpkick\lpkick.js:519:11)
    at async C:\source\yt-scraping\func-lpkick\lpkick.js:115:5
[2021-10-15T23:26:53.590] [INFO] system - 枚数選択end(1回目)
[2021-10-15T23:26:53.609] [INFO] system - 決済処理ページ遷移済
[2021-10-15T23:26:53.610] [INFO] system - 決済処理start(1回目)
[2021-10-15T23:26:53.611] [INFO] system - 購入処理確定開始(freeBuy:true)
[2021-10-15T23:26:53.612] [INFO] system - 購入処理開始(無料)
[2021-10-15T23:26:53.642] [INFO] system - 規約に同意クリック
[2021-10-15T23:26:53.647] [INFO] system - テスト処理完了
[2021-10-15T23:26:53.650] [INFO] system - <現在時刻：Fri Oct 15 2021 23:26:53 GMT+0900／成績：5.655秒>
