[2021-08-09T19:05:35.122] [INFO] system - キック：{"isWindows":["Windows"],"---1---":"====== BasicSetting ======","mypageUrl":"https://t.livepocket.jp/my_top","autoLogin":false,"confUser":"chiaochiao.sonmi@gmail.com","confPass":"sero3202","testUser":"kisyan3333@gmail.com","testPass":"6yjAWLhCxVT2","targetUrl":"https://t.livepocket.jp/e/wakkuru0812/","targetName":"１部前売チケット整理番号券","targetNumber":"1","storeTypeId":"002","loginTime":"2021-08-09 22:45","startTime":"2021-08-09 23:00","isBrowse":true,"isTest":true,"isJamCheck":true,"isCredit":false,"isMailSend":false,"notCheckOnly":true,"isClose":false,"isMobile":false,"dareSec":0,"isConnect":true,"isLogger":true,"advSec":-180,"isOrigin":true,"isOriginCancel":false,"jamTryCnt":10,"---2---":"====== MailSetting(GmailOnly) ======","fromMail":"sugachan.tectec@gmail.com","fromMailPass":"sero3202","toMail":"","toSysMail":"trigger@applet.ifttt.com"}
[2021-08-09T19:05:35.126] [INFO] system - 【テスト】
[2021-08-09T19:05:35.131] [INFO] system - 2021-08-09 22:45:00までログイン処理待機中...
[2021-08-09T19:07:07.333] [INFO] system - キック：{"isWindows":["Windows"],"---1---":"====== BasicSetting ======","mypageUrl":"https://t.livepocket.jp/my_top","autoLogin":false,"confUser":"chiaochiao.sonmi@gmail.com","confPass":"sero3202","testUser":"kisyan3333@gmail.com","testPass":"6yjAWLhCxVT2","targetUrl":"https://t.livepocket.jp/e/wakkuru0812/","targetName":"１部前売チケット整理番号券","targetNumber":"1","storeTypeId":"002","loginTime":"2021-08-09 22:45","startTime":"2021-08-09 23:00","isBrowse":true,"isTest":false,"isJamCheck":true,"isCredit":false,"isMailSend":false,"notCheckOnly":true,"isClose":false,"isMobile":false,"dareSec":0,"isConnect":true,"isLogger":true,"advSec":-180,"isOrigin":true,"isOriginCancel":false,"jamTryCnt":10,"---2---":"====== MailSetting(GmailOnly) ======","fromMail":"sugachan.tectec@gmail.com","fromMailPass":"sero3202","toMail":"","toSysMail":"trigger@applet.ifttt.com"}
[2021-08-09T19:07:07.336] [INFO] system - 【本番】
[2021-08-09T19:07:07.355] [INFO] system - 2021-08-09 22:45:00までログイン処理待機中...
[2021-08-09T22:45:00.012] [INFO] system - ログイン処理想定時間到達
[2021-08-09T22:45:00.741] [INFO] system - ブラウザ起動後準備完了
[2021-08-09T22:45:02.384] [INFO] system - ログインページに移動完了
[2021-08-09T22:45:04.170] [INFO] system - ログイン完了
[2021-08-09T22:45:04.195] [INFO] system - 混線なし
[2021-08-09T22:45:04.204] [INFO] system - 「１部前売チケット整理番号券」の存在を確認(.table #ticket-472913)
[2021-08-09T22:45:06.538] [INFO] system - .table #ticket-472913ロック外し開始
[2021-08-09T22:45:06.552] [INFO] system - 1セット選択終了
[2021-08-09T22:45:06.561] [INFO] system - 2021-08-09 22:59:29までページバック待機中...
[2021-08-09T22:59:29.839] [INFO] system - 前ページへ移動
[2021-08-09T22:59:32.443] [INFO] system - 2021-08-09 22:59:59まで購入処理待機中...
[2021-08-09T22:59:59.828] [INFO] system - 購入処理想定時間到達
[2021-08-09T22:59:59.829] [INFO] system - <成績時間カウント開始>
[2021-08-09T22:59:59.830] [INFO] system - 購入可能状態確認start(1回目)
[2021-08-09T22:59:59.831] [INFO] system - 次ページへ移動
[2021-08-09T23:00:03.623] [INFO] system - 購入可能状態確認end
[2021-08-09T23:00:03.624] [INFO] system - 枚数選択start(1回目)
[2021-08-09T23:00:03.625] [INFO] system - 購入クリック処理1回目
[2021-08-09T23:00:03.641] [INFO] system - 購入クリック処理2回目
[2021-08-09T23:00:25.416] [ERROR] system - Error: Execution context was destroyed, most likely because of a navigation.
    at rewriteError (C:\source\yt-scraping\node_modules\puppeteer\lib\cjs\puppeteer\common\ExecutionContext.js:261:23)
    at runMicrotasks (<anonymous>)
    at processTicksAndRejections (internal/process/task_queues.js:93:5)
    at async ExecutionContext._evaluateInternal (C:\source\yt-scraping\node_modules\puppeteer\lib\cjs\puppeteer\common\ExecutionContext.js:215:61)
    at async ExecutionContext.evaluate (C:\source\yt-scraping\node_modules\puppeteer\lib\cjs\puppeteer\common\ExecutionContext.js:106:16)
    at async targetPageBuySelect (C:\source\yt-scraping\func-lpkick\lpkick.js:863:9)
    at async newBrowser (C:\source\yt-scraping\func-lpkick\lpkick.js:490:11)
    at async C:\source\yt-scraping\func-lpkick\lpkick.js:107:5
[2021-08-09T23:00:25.928] [INFO] system - 枚数選択end(1回目)
[2021-08-09T23:00:25.938] [INFO] system - 決済処理ページ遷移済
[2021-08-09T23:00:25.938] [INFO] system - 決済処理start(1回目)
[2021-08-09T23:00:25.939] [INFO] system - 購入処理確定開始(freeBuy:true)
[2021-08-09T23:00:25.939] [INFO] system - 購入処理開始(無料)
[2021-08-09T23:00:25.964] [INFO] system - 規約に同意クリック
[2021-08-09T23:00:45.824] [INFO] system - (検証用)成功1
[2021-08-09T23:00:45.834] [INFO] system - (検証用)成功2
[2021-08-09T23:00:45.844] [INFO] system - (検証用)成功3
[2021-08-09T23:00:45.845] [INFO] system - 決済処理end
[2021-08-09T23:00:45.851] [INFO] system - <現在時刻：Mon Aug 09 2021 23:00:45 GMT+0900／成績：46.021秒>
[2021-08-09T23:00:45.857] [INFO] system - <成績：46.027秒>
