[2021-02-15T10:23:59.985] [INFO] system - 【Windows版起動】
[2021-02-15T10:23:59.987] [INFO] system - キック：{"---1---":"====== BasicSetting ======","mainUrl":"https://t.livepocket.jp/","loginUrl":"https://t.livepocket.jp/login?acroot=header-new_p_u_nl","mypageUrl":"https://t.livepocket.jp/my_top","autoLogin":false,"confUser":"kisyan3333@gmail.com","confPass":"6yjAWLhCxVT2","targetUrl":"https://t.livepocket.jp/e/akishibu_7land/","targetTicket":null,"targetName":"前売","targetNumber":"1","storeTypeId":"002","startTime":"2021-02-15 10:30","isBrowse":true,"isFree":false,"isCredit":false,"isTest":true,"isLanguage":"ja","isStage":false,"isJamCheck":true,"---2---":"====== MailSetting(GmailOnly) ======","fromMail":"sugachan.tectec@gmail.com","fromMailPass":"sero3202","toMail":"trigger@applet.ifttt.com","toSysMail":"trigger@applet.ifttt.com","isWindows":["Windows"],"notCheckOnly":true}
[2021-02-15T10:24:00.001] [INFO] system - 【テスト】
[2021-02-15T10:24:00.016] [INFO] system - 2021-02-15 10:15:00にすでに到達
[2021-02-15T10:24:00.027] [INFO] system - ログイン処理想定時間到達
[2021-02-15T10:24:17.523] [INFO] system - 【Windows版起動】
[2021-02-15T10:24:17.525] [INFO] system - キック：{"---1---":"====== BasicSetting ======","mainUrl":"https://t.livepocket.jp/","loginUrl":"https://t.livepocket.jp/login?acroot=header-new_p_u_nl","mypageUrl":"https://t.livepocket.jp/my_top","autoLogin":false,"confUser":"kisyan3333@gmail.com","confPass":"6yjAWLhCxVT2","targetUrl":"https://t.livepocket.jp/e/akishibu_7land/","targetTicket":null,"targetName":"前売","targetNumber":"1","storeTypeId":"002","startTime":"2021-02-15 10:30","isBrowse":true,"isFree":false,"isCredit":false,"isTest":true,"isLanguage":"ja","isStage":false,"isJamCheck":true,"---2---":"====== MailSetting(GmailOnly) ======","fromMail":"sugachan.tectec@gmail.com","fromMailPass":"sero3202","toMail":"trigger@applet.ifttt.com","toSysMail":"trigger@applet.ifttt.com","isWindows":["Windows"],"notCheckOnly":true}
[2021-02-15T10:24:17.538] [INFO] system - 【テスト】
[2021-02-15T10:24:17.550] [INFO] system - 2021-02-15 10:15:00にすでに到達
[2021-02-15T10:24:17.558] [INFO] system - ログイン処理想定時間到達
[2021-02-15T10:24:18.652] [INFO] system - ブラウザ起動後準備完了
[2021-02-15T10:24:20.151] [INFO] system - send successful
[2021-02-15T10:24:23.213] [INFO] system - 混線なし
[2021-02-15T10:24:23.214] [INFO] system - ログインページに移動完了
[2021-02-15T10:24:26.071] [INFO] system - 混線なし
[2021-02-15T10:24:27.471] [INFO] system - ログイン完了
[2021-02-15T10:24:27.489] [INFO] system - 「前売」の存在を確認(.table #ticket-354228)
[2021-02-15T10:24:27.490] [INFO] system - 2021-02-15 10:30まで購入処理待機中...
[2021-02-15T10:25:10.471] [INFO] system - 【Windows版起動】
[2021-02-15T10:25:10.473] [INFO] system - キック：{"---1---":"====== BasicSetting ======","mainUrl":"https://t.livepocket.jp/","loginUrl":"https://t.livepocket.jp/login?acroot=header-new_p_u_nl","mypageUrl":"https://t.livepocket.jp/my_top","autoLogin":false,"confUser":"kisyan3333@gmail.com","confPass":"6yjAWLhCxVT2","targetUrl":"https://t.livepocket.jp/e/akishibu_7land/","targetTicket":null,"targetName":"前売","targetNumber":"1","storeTypeId":"002","startTime":"2021-02-15 10:30","isBrowse":true,"isFree":false,"isCredit":false,"isTest":true,"isLanguage":"ja","isStage":false,"isJamCheck":true,"---2---":"====== MailSetting(GmailOnly) ======","fromMail":"sugachan.tectec@gmail.com","fromMailPass":"sero3202","toMail":"trigger@applet.ifttt.com","toSysMail":"trigger@applet.ifttt.com","isWindows":["Windows"],"notCheckOnly":true}
[2021-02-15T10:25:10.484] [INFO] system - 【テスト】
[2021-02-15T10:25:10.495] [INFO] system - 2021-02-15 10:15:00にすでに到達
[2021-02-15T10:25:10.508] [INFO] system - ログイン処理想定時間到達
[2021-02-15T10:25:10.941] [INFO] system - ブラウザ起動後準備完了
[2021-02-15T10:25:12.741] [INFO] system - send successful
[2021-02-15T10:25:15.313] [INFO] system - 混線なし
[2021-02-15T10:25:15.314] [INFO] system - ログインページに移動完了
[2021-02-15T10:25:17.517] [INFO] system - 混線なし
[2021-02-15T10:25:19.247] [INFO] system - ログイン完了
[2021-02-15T10:25:19.265] [INFO] system - 「前売」の存在を確認(.table #ticket-354228)
[2021-02-15T10:25:19.267] [INFO] system - 2021-02-15 10:30まで購入処理待機中...
[2021-02-15T10:28:41.072] [INFO] system - 【Windows版起動】
[2021-02-15T10:28:41.074] [INFO] system - キック：{"---1---":"====== BasicSetting ======","mainUrl":"https://t.livepocket.jp/","loginUrl":"https://t.livepocket.jp/login?acroot=header-new_p_u_nl","mypageUrl":"https://t.livepocket.jp/my_top","autoLogin":false,"confUser":"kisyan3333@gmail.com","confPass":"6yjAWLhCxVT2","targetUrl":"https://t.livepocket.jp/e/chula_teiki_0217/","targetTicket":null,"targetName":"通常チケット整理番号券","targetNumber":"1","storeTypeId":"002","startTime":"2021-02-15 10:30","isBrowse":true,"isFree":false,"isCredit":false,"isTest":true,"isLanguage":"ja","isStage":false,"isJamCheck":true,"---2---":"====== MailSetting(GmailOnly) ======","fromMail":"sugachan.tectec@gmail.com","fromMailPass":"sero3202","toMail":"trigger@applet.ifttt.com","toSysMail":"trigger@applet.ifttt.com","isWindows":["Windows"],"notCheckOnly":true}
[2021-02-15T10:28:41.085] [INFO] system - 【テスト】
[2021-02-15T10:28:41.097] [INFO] system - 2021-02-15 10:15:00にすでに到達
[2021-02-15T10:28:41.112] [INFO] system - ログイン処理想定時間到達
[2021-02-15T10:28:41.613] [INFO] system - ブラウザ起動後準備完了
[2021-02-15T10:28:44.053] [INFO] system - send successful
[2021-02-15T10:28:46.122] [INFO] system - 混線なし
[2021-02-15T10:28:46.123] [INFO] system - ログインページに移動完了
[2021-02-15T10:28:48.329] [INFO] system - 混線なし
[2021-02-15T10:28:49.798] [INFO] system - ログイン完了
[2021-02-15T10:28:49.820] [INFO] system - 「通常チケット整理番号券」の存在を確認(.table #ticket-356716)
[2021-02-15T10:28:49.822] [INFO] system - 2021-02-15 10:30まで購入処理待機中...
[2021-02-15T10:30:00.003] [INFO] system - 購入処理想定時間到達
[2021-02-15T10:30:00.004] [INFO] system - <成績時間カウント開始>
[2021-02-15T10:30:02.804] [INFO] system - 混線なし
[2021-02-15T10:30:02.807] [INFO] system - 購入状態確認(1回目に成功)
[2021-02-15T10:30:02.816] [INFO] system - 購入処理開始(確定前)
[2021-02-15T10:30:04.744] [INFO] system - 混線なし
[2021-02-15T10:30:04.749] [INFO] system - 購入処理確定開始(freeBuy:false)
[2021-02-15T10:30:04.755] [INFO] system - 購入処理開始(有料)
[2021-02-15T10:30:04.921] [INFO] system - 【テスト:決済ロジック】
[2021-02-15T10:30:04.922] [INFO] system - <成績：4.918秒>
[2021-02-15T10:30:07.190] [INFO] system - send successful
