[2021-08-30T18:25:29.832] [INFO] system - キック：{"isWindows":["Windows"],"---1---":"====== BasicSetting ======","mypageUrl":"https://t.livepocket.jp/my_top","autoLogin":false,"confUser":"kisyan3333@gmail.com","confPass":"6yjAWLhCxVT2","testUser":"sugachan.tectec@gmail.com","testPass":"6yjAWLhCxVT2","targetUrl":"https://t.livepocket.jp/e/pannana0831/","targetName":"1部前売チケット整理番号券","targetNumber":"1","storeTypeId":"002","loginTime":"2021-08-30 20:45","startTime":"2021-08-30 21:00","isBrowse":true,"isTest":false,"isJamCheck":true,"isCredit":false,"isMailSend":false,"notCheckOnly":true,"isClose":false,"isMobile":false,"dareSec":0,"isConnect":true,"isLogger":true,"advSec":-240,"isOrigin":true,"isOriginCancel":false,"jamTryCnt":10,"---2---":"====== MailSetting(GmailOnly) ======","fromMail":"sugachan.tectec@gmail.com","fromMailPass":"sero3202","toMail":"","toSysMail":"trigger@applet.ifttt.com"}
[2021-08-30T18:25:29.952] [INFO] system - 【本番】
[2021-08-30T18:25:29.980] [INFO] system - 2021-08-30 20:45:00までログイン処理待機中...
[2021-08-30T18:25:42.797] [INFO] system - キック：{"isWindows":["Windows"],"---1---":"====== BasicSetting ======","mypageUrl":"https://t.livepocket.jp/my_top","autoLogin":false,"confUser":"kisyan3333@gmail.com","confPass":"6yjAWLhCxVT2","testUser":"sugachan.tectec@gmail.com","testPass":"6yjAWLhCxVT2","targetUrl":"https://t.livepocket.jp/e/pannana0831/","targetName":"1部前売チケット整理番号券","targetNumber":"1","storeTypeId":"002","loginTime":"2021-08-30 20:45","startTime":"2021-08-30 21:00","isBrowse":true,"isTest":false,"isJamCheck":true,"isCredit":false,"isMailSend":false,"notCheckOnly":true,"isClose":false,"isMobile":false,"dareSec":0,"isConnect":true,"isLogger":true,"advSec":-250,"isOrigin":true,"isOriginCancel":false,"jamTryCnt":10,"---2---":"====== MailSetting(GmailOnly) ======","fromMail":"sugachan.tectec@gmail.com","fromMailPass":"sero3202","toMail":"","toSysMail":"trigger@applet.ifttt.com"}
[2021-08-30T18:25:42.813] [INFO] system - 【本番】
[2021-08-30T18:25:42.816] [INFO] system - 2021-08-30 20:45:00までログイン処理待機中...
[2021-08-30T20:28:09.970] [INFO] system - キック：{"isWindows":["Windows"],"---1---":"====== BasicSetting ======","mypageUrl":"https://t.livepocket.jp/my_top","autoLogin":false,"confUser":"kisyan4444@gmail.com","confPass":"sero3202","testUser":"sugachan.tectec@gmail.com","testPass":"6yjAWLhCxVT2","targetUrl":"https://t.livepocket.jp/e/pannana0831/","targetName":"1部前売チケット整理番号券","targetNumber":"1","storeTypeId":"002","loginTime":"2021-08-30 20:45","startTime":"2021-08-30 21:00","isBrowse":true,"isTest":false,"isJamCheck":true,"isCredit":false,"isMailSend":false,"notCheckOnly":true,"isClose":false,"isMobile":false,"dareSec":0,"isConnect":true,"isLogger":true,"advSec":-255,"isOrigin":true,"isOriginCancel":false,"jamTryCnt":10,"---2---":"====== MailSetting(GmailOnly) ======","fromMail":"sugachan.tectec@gmail.com","fromMailPass":"sero3202","toMail":"","toSysMail":"trigger@applet.ifttt.com"}
[2021-08-30T20:28:09.986] [INFO] system - 【本番】
[2021-08-30T20:28:09.991] [INFO] system - 2021-08-30 20:45:00までログイン処理待機中...
[2021-08-30T20:45:00.027] [INFO] system - ログイン処理想定時間到達
[2021-08-30T20:45:00.769] [INFO] system - ブラウザ起動後準備完了
[2021-08-30T20:45:02.664] [INFO] system - ログインページに移動完了
[2021-08-30T20:45:05.091] [INFO] system - ログイン完了
[2021-08-30T20:45:05.140] [INFO] system - 混線なし
[2021-08-30T20:45:05.159] [INFO] system - 「1部前売チケット整理番号券」の存在を確認(.table #ticket-492646)
[2021-08-30T20:45:08.149] [INFO] system - .table #ticket-492646ロック外し開始
[2021-08-30T20:45:08.167] [INFO] system - 1セット選択終了
[2021-08-30T20:45:08.179] [INFO] system - 2021-08-30 20:59:29までページバック待機中...
[2021-08-30T20:45:55.267] [INFO] system - キック：{"isWindows":["Windows"],"---1---":"====== BasicSetting ======","mypageUrl":"https://t.livepocket.jp/my_top","autoLogin":false,"confUser":"kisyan4444@gmail.com","confPass":"sero3202","testUser":"sugachan.tectec@gmail.com","testPass":"6yjAWLhCxVT2","targetUrl":"https://t.livepocket.jp/e/pannana0831/","targetName":"1部前売チケット整理番号券","targetNumber":"1","storeTypeId":"002","loginTime":"2021-08-30 21:45","startTime":"2021-08-30 22:00","isBrowse":true,"isTest":false,"isJamCheck":true,"isCredit":false,"isMailSend":false,"notCheckOnly":true,"isClose":false,"isMobile":false,"dareSec":0,"isConnect":true,"isLogger":true,"advSec":-255,"isOrigin":true,"isOriginCancel":false,"jamTryCnt":10,"---2---":"====== MailSetting(GmailOnly) ======","fromMail":"sugachan.tectec@gmail.com","fromMailPass":"sero3202","toMail":"","toSysMail":"trigger@applet.ifttt.com"}
[2021-08-30T20:45:55.281] [INFO] system - 【本番】
[2021-08-30T20:45:55.287] [INFO] system - 2021-08-30 21:45:00までログイン処理待機中...
[2021-08-30T21:45:00.016] [INFO] system - ログイン処理想定時間到達
[2021-08-30T21:45:00.674] [INFO] system - ブラウザ起動後準備完了
[2021-08-30T21:45:02.181] [INFO] system - ログインページに移動完了
[2021-08-30T21:45:04.246] [INFO] system - ログイン完了
[2021-08-30T21:45:04.269] [INFO] system - 混線なし
[2021-08-30T21:45:04.277] [INFO] system - 「1部前売チケット整理番号券」の存在を確認(.table #ticket-492646)
[2021-08-30T21:45:07.485] [INFO] system - .table #ticket-492646ロック外し開始
[2021-08-30T21:45:07.498] [INFO] system - 1セット選択終了
[2021-08-30T21:45:07.501] [INFO] system - 2021-08-30 21:59:29までページバック待機中...
[2021-08-30T21:59:29.755] [INFO] system - 前ページへ移動
[2021-08-30T21:59:31.405] [INFO] system - 2021-08-30 21:59:59まで購入処理待機中...
[2021-08-30T21:59:59.761] [INFO] system - 購入処理想定時間到達
[2021-08-30T21:59:59.762] [INFO] system - <成績時間カウント開始>
[2021-08-30T21:59:59.763] [INFO] system - 購入可能状態確認start(1回目)
[2021-08-30T21:59:59.779] [INFO] system - 次ページへ移動
[2021-08-30T22:00:03.077] [INFO] system - 購入可能状態確認end
[2021-08-30T22:00:03.078] [INFO] system - 枚数選択start(1回目)
[2021-08-30T22:00:03.079] [INFO] system - 購入クリック処理1回目
[2021-08-30T22:00:03.091] [INFO] system - 購入クリック処理2回目
[2021-08-30T22:00:06.121] [ERROR] system - Error: Execution context was destroyed, most likely because of a navigation.
    at rewriteError (C:\source\yt-scraping\node_modules\puppeteer\lib\cjs\puppeteer\common\ExecutionContext.js:261:23)
    at runMicrotasks (<anonymous>)
    at processTicksAndRejections (internal/process/task_queues.js:93:5)
    at async ExecutionContext._evaluateInternal (C:\source\yt-scraping\node_modules\puppeteer\lib\cjs\puppeteer\common\ExecutionContext.js:215:61)
    at async ExecutionContext.evaluate (C:\source\yt-scraping\node_modules\puppeteer\lib\cjs\puppeteer\common\ExecutionContext.js:106:16)
    at async targetPageBuySelect (C:\source\yt-scraping\func-lpkick\lpkick.js:876:11)
    at async newBrowser (C:\source\yt-scraping\func-lpkick\lpkick.js:493:11)
    at async C:\source\yt-scraping\func-lpkick\lpkick.js:110:5
[2021-08-30T22:00:06.695] [INFO] system - 枚数選択end(1回目)
[2021-08-30T22:00:06.713] [INFO] system - 決済処理ページ遷移済
[2021-08-30T22:00:06.717] [INFO] system - 決済処理start(1回目)
[2021-08-30T22:00:06.719] [INFO] system - 購入処理確定開始(freeBuy:true)
[2021-08-30T22:00:06.721] [INFO] system - 購入処理開始(無料)
[2021-08-30T22:00:06.761] [INFO] system - 規約に同意クリック
[2021-08-30T22:00:30.532] [INFO] system - (検証用)成功1
[2021-08-30T22:00:30.540] [INFO] system - (検証用)成功2
[2021-08-30T22:00:30.551] [INFO] system - (検証用)成功3
[2021-08-30T22:00:30.551] [INFO] system - 決済処理end
[2021-08-30T22:00:30.553] [INFO] system - <現在時刻：Mon Aug 30 2021 22:00:30 GMT+0900／成績：30.79秒>
[2021-08-30T22:00:30.554] [INFO] system - <成績：30.791秒>
