[2021-09-06T13:56:57.887] [INFO] system - キック：{"isWindows":["Windows"],"---1---":"====== BasicSetting ======","mypageUrl":"https://t.livepocket.jp/my_top","autoLogin":false,"confUser":"g5ej2tfz@gmail.com","confPass":"6yjAWLhCxVT2","testUser":"sugachan.tectec@gmail.com","testPass":"6yjAWLhCxVT2","targetUrl":"https://t.livepocket.jp/e/pannana202109/","targetName":"【9/7】1部前売チケット整理番号券","targetNumber":"2","storeTypeId":"002","loginTime":"2021-09-06 20:45","startTime":"2021-09-06 21:00","isBrowse":true,"isTest":false,"isJamCheck":true,"isCredit":false,"isMailSend":false,"notCheckOnly":true,"isClose":false,"isMobile":true,"dareSec":0,"isConnect":true,"isLogger":true,"advSec":-245,"isOrigin":true,"isOriginCancel":false,"jamTryCnt":10,"---2---":"====== MailSetting(GmailOnly) ======","fromMail":"sugachan.tectec@gmail.com","fromMailPass":"sero3202","toMail":"","toSysMail":"trigger@applet.ifttt.com"}
[2021-09-06T13:56:57.890] [INFO] system - 【本番】
[2021-09-06T13:56:57.895] [INFO] system - 2021-09-06 20:45:00までログイン処理待機中...
[2021-09-06T14:01:34.878] [INFO] system - キック：{"isWindows":["Windows"],"---1---":"====== BasicSetting ======","mypageUrl":"https://t.livepocket.jp/my_top","autoLogin":false,"confUser":"g5ej2tfz@gmail.com","confPass":"6yjAWLhCxVT2","testUser":"sugachan.tectec@gmail.com","testPass":"6yjAWLhCxVT2","targetUrl":"https://t.livepocket.jp/e/pannana202109/","targetName":"【9/7】1部前売チケット整理番号券","targetNumber":"2","storeTypeId":"002","loginTime":"2021-09-06 20:45","startTime":"2021-09-06 21:00","isBrowse":true,"isTest":false,"isJamCheck":true,"isCredit":false,"isMailSend":false,"notCheckOnly":true,"isClose":false,"isMobile":true,"dareSec":0,"isConnect":true,"isLogger":true,"advSec":-245,"isOrigin":true,"isOriginCancel":false,"jamTryCnt":10,"---2---":"====== MailSetting(GmailOnly) ======","fromMail":"sugachan.tectec@gmail.com","fromMailPass":"sero3202","toMail":"","toSysMail":"trigger@applet.ifttt.com"}
[2021-09-06T14:01:34.881] [INFO] system - 【本番】
[2021-09-06T14:01:34.886] [INFO] system - 2021-09-06 20:45:00までログイン処理待機中...
[2021-09-06T14:01:49.435] [INFO] system - キック：{"isWindows":["Windows"],"---1---":"====== BasicSetting ======","mypageUrl":"https://t.livepocket.jp/my_top","autoLogin":false,"confUser":"dsbzhjyw@gmail.com","confPass":"6yjAWLhCxVT2","testUser":"sugachan.tectec@gmail.com","testPass":"6yjAWLhCxVT2","targetUrl":"https://t.livepocket.jp/e/pannana202109/","targetName":"【9/14】1部前売チケット整理番号券","targetNumber":"1","storeTypeId":"002","loginTime":"2021-09-06 20:45","startTime":"2021-09-06 21:00","isBrowse":true,"isTest":false,"isJamCheck":true,"isCredit":false,"isMailSend":false,"notCheckOnly":true,"isClose":false,"isMobile":true,"dareSec":0,"isConnect":true,"isLogger":true,"advSec":-245,"isOrigin":true,"isOriginCancel":false,"jamTryCnt":10,"---2---":"====== MailSetting(GmailOnly) ======","fromMail":"sugachan.tectec@gmail.com","fromMailPass":"sero3202","toMail":"","toSysMail":"trigger@applet.ifttt.com"}
[2021-09-06T14:01:49.439] [INFO] system - 【本番】
[2021-09-06T14:01:49.443] [INFO] system - 2021-09-06 20:45:00までログイン処理待機中...
[2021-09-06T14:26:27.857] [INFO] system - キック：{"isWindows":["Windows"],"---1---":"====== BasicSetting ======","mypageUrl":"https://t.livepocket.jp/my_top","autoLogin":false,"confUser":"dabame8549@mi166.com","confPass":"6yjAWLhCxVT2","testUser":"sugachan.tectec@gmail.com","testPass":"6yjAWLhCxVT2","targetUrl":"https://t.livepocket.jp/e/pannana202109/","targetName":"【9/7】1部前売チケット整理番号券,【9/14】1部前売チケット整理番号券","targetNumber":"2,1","storeTypeId":"002","loginTime":"2021-09-06 20:45","startTime":"2021-09-06 21:00","isBrowse":true,"isTest":false,"isJamCheck":true,"isCredit":false,"isMailSend":false,"notCheckOnly":true,"isClose":false,"isMobile":true,"dareSec":0,"isConnect":true,"isLogger":true,"advSec":-250,"isOrigin":true,"isOriginCancel":false,"jamTryCnt":10,"---2---":"====== MailSetting(GmailOnly) ======","fromMail":"sugachan.tectec@gmail.com","fromMailPass":"sero3202","toMail":"","toSysMail":"trigger@applet.ifttt.com"}
[2021-09-06T14:26:27.860] [INFO] system - 【本番】
[2021-09-06T14:26:27.864] [INFO] system - 2021-09-06 20:45:00までログイン処理待機中...
[2021-09-06T14:26:31.568] [INFO] system - キック：{"isWindows":["Windows"],"---1---":"====== BasicSetting ======","mypageUrl":"https://t.livepocket.jp/my_top","autoLogin":false,"confUser":"natipo5714@mom2kid.com","confPass":"6yjAWLhCxVT2","testUser":"sugachan.tectec@gmail.com","testPass":"6yjAWLhCxVT2","targetUrl":"https://t.livepocket.jp/e/pannana202109/","targetName":"【9/21】1部前売チケット整理番号券,【9/28】1部前売チケット整理番号券","targetNumber":"2,1","storeTypeId":"002","loginTime":"2021-09-06 20:45","startTime":"2021-09-06 21:00","isBrowse":true,"isTest":false,"isJamCheck":true,"isCredit":false,"isMailSend":false,"notCheckOnly":true,"isClose":false,"isMobile":true,"dareSec":0,"isConnect":true,"isLogger":true,"advSec":-245,"isOrigin":true,"isOriginCancel":false,"jamTryCnt":10,"---2---":"====== MailSetting(GmailOnly) ======","fromMail":"sugachan.tectec@gmail.com","fromMailPass":"sero3202","toMail":"","toSysMail":"trigger@applet.ifttt.com"}
[2021-09-06T14:26:31.572] [INFO] system - 【本番】
[2021-09-06T14:26:31.576] [INFO] system - 2021-09-06 20:45:00までログイン処理待機中...
[2021-09-06T20:45:00.133] [INFO] system - ログイン処理想定時間到達
[2021-09-06T20:45:00.133] [INFO] system - ログイン処理想定時間到達
[2021-09-06T20:45:00.988] [INFO] system - ブラウザ起動後準備完了
[2021-09-06T20:45:01.025] [INFO] system - ブラウザ起動後準備完了
[2021-09-06T20:45:02.518] [INFO] system - ログインページに移動完了
[2021-09-06T20:45:02.720] [INFO] system - ログインページに移動完了
[2021-09-06T20:45:04.790] [INFO] system - ログイン完了
[2021-09-06T20:45:04.803] [INFO] system - 混線なし
[2021-09-06T20:45:04.825] [INFO] system - 「【9/7】1部前売チケット整理番号券,【9/14】1部前売チケット整理番号券」の存在を確認(.table #ticket-499849,.table #ticket-499853)
[2021-09-06T20:45:05.136] [INFO] system - ログイン完了
[2021-09-06T20:45:05.148] [INFO] system - 混線なし
[2021-09-06T20:45:05.176] [INFO] system - 「【9/21】1部前売チケット整理番号券,【9/28】1部前売チケット整理番号券」の存在を確認(.table #ticket-499855,.table #ticket-499857)
[2021-09-06T20:45:07.288] [INFO] system - .table #ticket-499849ロック外し開始
[2021-09-06T20:45:07.289] [INFO] system - .table #ticket-499853ロック外し開始
[2021-09-06T20:45:07.298] [INFO] system - 2セット選択終了
[2021-09-06T20:45:07.299] [INFO] system - 2021-09-06 20:59:29までページバック待機中...
[2021-09-06T20:45:07.788] [INFO] system - .table #ticket-499855ロック外し開始
[2021-09-06T20:45:07.789] [INFO] system - .table #ticket-499857ロック外し開始
[2021-09-06T20:45:07.803] [INFO] system - 2セット選択終了
[2021-09-06T20:45:07.806] [INFO] system - 2021-09-06 20:59:29までページバック待機中...
[2021-09-06T20:59:29.759] [INFO] system - 前ページへ移動
[2021-09-06T20:59:29.775] [INFO] system - 前ページへ移動
[2021-09-06T20:59:31.049] [INFO] system - 2021-09-06 20:59:59まで購入処理待機中...
[2021-09-06T20:59:31.481] [INFO] system - 2021-09-06 20:59:59まで購入処理待機中...
[2021-09-06T20:59:59.756] [INFO] system - 購入処理想定時間到達
[2021-09-06T20:59:59.757] [INFO] system - <成績時間カウント開始>
[2021-09-06T20:59:59.758] [INFO] system - 購入可能状態確認start(1回目)
[2021-09-06T20:59:59.759] [INFO] system - 次ページへ移動
[2021-09-06T20:59:59.772] [INFO] system - 購入処理想定時間到達
[2021-09-06T20:59:59.773] [INFO] system - <成績時間カウント開始>
[2021-09-06T20:59:59.773] [INFO] system - 購入可能状態確認start(1回目)
[2021-09-06T20:59:59.774] [INFO] system - 次ページへ移動
[2021-09-06T21:00:06.008] [INFO] system - 購入可能状態確認end
[2021-09-06T21:00:06.009] [INFO] system - 枚数選択start(1回目)
[2021-09-06T21:00:06.010] [INFO] system - 購入クリック処理1回目
[2021-09-06T21:00:06.018] [INFO] system - 購入クリック処理2回目
[2021-09-06T21:00:06.021] [INFO] system - 購入クリック処理3回目
[2021-09-06T21:00:06.023] [INFO] system - 購入クリック処理4回目
[2021-09-06T21:00:06.026] [INFO] system - 購入クリック処理5回目
[2021-09-06T21:00:06.028] [INFO] system - 購入クリック処理6回目
[2021-09-06T21:00:06.030] [INFO] system - 購入クリック処理7回目
[2021-09-06T21:00:06.032] [INFO] system - 購入クリック処理8回目
[2021-09-06T21:00:06.034] [INFO] system - 購入クリック処理9回目
[2021-09-06T21:00:06.036] [INFO] system - 購入クリック処理10回目
[2021-09-06T21:00:06.035] [INFO] system - 購入可能状態確認end
[2021-09-06T21:00:06.036] [INFO] system - 枚数選択start(1回目)
[2021-09-06T21:00:06.036] [INFO] system - 購入クリック処理1回目
[2021-09-06T21:00:06.038] [INFO] system - 購入クリック処理11回目
[2021-09-06T21:00:06.040] [INFO] system - 購入クリック処理12回目
[2021-09-06T21:00:06.040] [INFO] system - 購入クリック処理2回目
[2021-09-06T21:00:06.042] [INFO] system - 購入クリック処理13回目
[2021-09-06T21:00:06.043] [INFO] system - 購入クリック処理3回目
[2021-09-06T21:00:06.044] [INFO] system - 購入クリック処理14回目
[2021-09-06T21:00:06.045] [INFO] system - 購入クリック処理4回目
[2021-09-06T21:00:06.046] [INFO] system - 購入クリック処理15回目
[2021-09-06T21:00:06.047] [INFO] system - 購入クリック処理5回目
[2021-09-06T21:00:06.049] [INFO] system - 購入クリック処理6回目
[2021-09-06T21:00:06.049] [INFO] system - 購入クリック処理16回目
[2021-09-06T21:00:06.051] [INFO] system - 購入クリック処理17回目
[2021-09-06T21:00:06.051] [INFO] system - 購入クリック処理7回目
[2021-09-06T21:00:06.053] [INFO] system - 購入クリック処理18回目
[2021-09-06T21:00:06.053] [INFO] system - 購入クリック処理8回目
[2021-09-06T21:00:06.055] [INFO] system - 購入クリック処理9回目
[2021-09-06T21:00:06.056] [INFO] system - 購入クリック処理19回目
[2021-09-06T21:00:06.057] [INFO] system - 購入クリック処理10回目
[2021-09-06T21:00:06.058] [INFO] system - 購入クリック処理20回目
[2021-09-06T21:00:06.059] [INFO] system - 購入クリック処理11回目
[2021-09-06T21:00:06.060] [INFO] system - 購入クリック処理21回目
[2021-09-06T21:00:06.061] [INFO] system - 購入クリック処理12回目
[2021-09-06T21:00:06.062] [INFO] system - 購入クリック処理22回目
[2021-09-06T21:00:06.064] [INFO] system - 購入クリック処理23回目
[2021-09-06T21:00:06.064] [INFO] system - 購入クリック処理13回目
[2021-09-06T21:00:06.067] [INFO] system - 購入クリック処理14回目
[2021-09-06T21:00:06.069] [INFO] system - 購入クリック処理24回目
[2021-09-06T21:00:06.070] [INFO] system - 購入クリック処理15回目
[2021-09-06T21:00:06.073] [INFO] system - 購入クリック処理16回目
[2021-09-06T21:00:06.076] [INFO] system - 購入クリック処理17回目
[2021-09-06T21:00:06.080] [INFO] system - 購入クリック処理18回目
[2021-09-06T21:00:06.083] [INFO] system - 購入クリック処理19回目
[2021-09-06T21:00:06.085] [INFO] system - 購入クリック処理20回目
[2021-09-06T21:00:06.087] [INFO] system - 購入クリック処理21回目
[2021-09-06T21:00:06.090] [INFO] system - 購入クリック処理22回目
[2021-09-06T21:00:06.092] [INFO] system - 購入クリック処理23回目
[2021-09-06T21:00:06.094] [INFO] system - 購入クリック処理24回目
[2021-09-06T21:00:06.097] [INFO] system - 購入クリック処理25回目
[2021-09-06T21:00:06.099] [INFO] system - 購入クリック処理26回目
[2021-09-06T21:00:06.103] [INFO] system - 購入クリック処理27回目
[2021-09-06T21:00:06.415] [INFO] system - 購入クリック処理28回目
[2021-09-06T21:00:10.037] [ERROR] system - Error: Execution context was destroyed, most likely because of a navigation.
    at rewriteError (C:\source\yt-scraping\node_modules\puppeteer\lib\cjs\puppeteer\common\ExecutionContext.js:261:23)
    at runMicrotasks (<anonymous>)
    at processTicksAndRejections (internal/process/task_queues.js:93:5)
    at async ExecutionContext._evaluateInternal (C:\source\yt-scraping\node_modules\puppeteer\lib\cjs\puppeteer\common\ExecutionContext.js:215:61)
    at async ExecutionContext.evaluate (C:\source\yt-scraping\node_modules\puppeteer\lib\cjs\puppeteer\common\ExecutionContext.js:106:16)
    at async targetPageBuySelect (C:\source\yt-scraping\func-lpkick\lpkick.js:879:11)
    at async newBrowser (C:\source\yt-scraping\func-lpkick\lpkick.js:496:11)
    at async C:\source\yt-scraping\func-lpkick\lpkick.js:113:5
[2021-09-06T21:00:10.246] [ERROR] system - Error: Execution context was destroyed, most likely because of a navigation.
    at rewriteError (C:\source\yt-scraping\node_modules\puppeteer\lib\cjs\puppeteer\common\ExecutionContext.js:261:23)
    at runMicrotasks (<anonymous>)
    at processTicksAndRejections (internal/process/task_queues.js:93:5)
    at async ExecutionContext._evaluateInternal (C:\source\yt-scraping\node_modules\puppeteer\lib\cjs\puppeteer\common\ExecutionContext.js:215:61)
    at async ExecutionContext.evaluate (C:\source\yt-scraping\node_modules\puppeteer\lib\cjs\puppeteer\common\ExecutionContext.js:106:16)
    at async targetPageBuySelect (C:\source\yt-scraping\func-lpkick\lpkick.js:879:11)
    at async newBrowser (C:\source\yt-scraping\func-lpkick\lpkick.js:496:11)
    at async C:\source\yt-scraping\func-lpkick\lpkick.js:113:5
[2021-09-06T21:00:11.250] [INFO] system - 枚数選択end(1回目)
[2021-09-06T21:00:11.258] [INFO] system - 決済処理ページ遷移済
[2021-09-06T21:00:11.258] [INFO] system - 決済処理start(1回目)
[2021-09-06T21:00:11.258] [INFO] system - 購入処理確定開始(freeBuy:true)
[2021-09-06T21:00:11.259] [INFO] system - 購入処理開始(無料)
[2021-09-06T21:00:11.289] [INFO] system - 規約に同意クリック
[2021-09-06T21:00:11.357] [INFO] system - 枚数選択end(1回目)
[2021-09-06T21:00:11.367] [INFO] system - 決済処理ページ遷移済
[2021-09-06T21:00:11.367] [INFO] system - 決済処理start(1回目)
[2021-09-06T21:00:11.368] [INFO] system - 購入処理確定開始(freeBuy:true)
[2021-09-06T21:00:11.368] [INFO] system - 購入処理開始(無料)
[2021-09-06T21:00:11.380] [INFO] system - 規約に同意クリック
[2021-09-06T21:00:15.187] [INFO] system - (検証用)成功1
[2021-09-06T21:00:15.192] [INFO] system - (検証用)成功2
[2021-09-06T21:00:15.195] [INFO] system - (検証用)成功3
[2021-09-06T21:00:15.195] [INFO] system - 決済処理end
[2021-09-06T21:00:15.196] [INFO] system - <現在時刻：Mon Sep 06 2021 21:00:15 GMT+0900／成績：15.423秒>
[2021-09-06T21:00:15.197] [INFO] system - <成績：15.424秒>
[2021-09-06T21:00:22.576] [INFO] system - (検証用)成功1
[2021-09-06T21:00:22.586] [INFO] system - (検証用)成功2
[2021-09-06T21:00:22.591] [INFO] system - (検証用)成功3
[2021-09-06T21:00:22.592] [INFO] system - 決済処理end
[2021-09-06T21:00:22.594] [INFO] system - <現在時刻：Mon Sep 06 2021 21:00:22 GMT+0900／成績：22.836秒>
[2021-09-06T21:00:22.595] [INFO] system - <成績：22.837秒>
