[2021-10-27T01:14:35.196] [INFO] system - キック：{"isWindows":["Windows"],"---1---":"====== BasicSetting ======","mypageUrl":"https://t.livepocket.jp/my_top","autoLogin":false,"confUser":"dabame8549@mi166.com","confPass":"6yjAWLhCxVT2","testUser":"sugachan.tectec@gmail.com","testPass":"6yjAWLhCxVT2","targetUrl":"https://t.livepocket.jp/e/wakkuru202110/","targetName":"【10/28(木)】１部前売チケット整理番号券","targetNumber":"1","storeTypeId":"002","loginTime":"2021-10-09 16:45","startTime":"2021-10-09 17:00","isBrowse":true,"isTest":true,"isJamCheck":true,"isCredit":false,"isMailSend":false,"notCheckOnly":true,"isClose":false,"isMobile":true,"dareSec":0,"isConnect":false,"isLogger":true,"advSec":-245,"isOrigin":true,"isOriginCancel":false,"jamTryCnt":10,"isProxy":false,"proxy":"45.130.126.194:8000","proxyUser":"Z3SpVY","proxyPass":"SqoYCw","---2---":"====== MailSetting(GmailOnly) ======","fromMail":"sugachan.tectec@gmail.com","fromMailPass":"sero3202","toMail":"","toSysMail":"trigger@applet.ifttt.com"}
[2021-10-27T01:14:35.200] [INFO] system - 【テスト】
[2021-10-27T01:14:35.207] [INFO] system - 2021-10-09 16:45:00にすでに到達
[2021-10-27T01:14:35.210] [INFO] system - ログイン処理想定時間到達
[2021-10-27T01:14:35.214] [ERROR] system - Error: Could not find browser revision 809590. Run "PUPPETEER_PRODUCT=firefox npm install" or "PUPPETEER_PRODUCT=firefox yarn install" to download a supported Firefox browser binary.
    at ChromeLauncher.launch (C:\source\yt-scraping\node_modules\puppeteer\lib\cjs\puppeteer\node\Launcher.js:79:23)
    at PuppeteerNode.launch (C:\source\yt-scraping\node_modules\puppeteer\lib\cjs\puppeteer\node\Puppeteer.js:125:31)
    at newBrowser (C:\source\yt-scraping\func-lpkick\lpkick.js:324:33)
    at C:\source\yt-scraping\func-lpkick\lpkick.js:115:11
[2021-10-27T01:14:35.215] [ERROR] system - ReferenceError: page is not defined
    at newBrowser (C:\source\yt-scraping\func-lpkick\lpkick.js:656:5)
[2021-10-27T01:21:23.862] [INFO] system - キック：{"isWindows":["Windows"],"---1---":"====== BasicSetting ======","mypageUrl":"https://t.livepocket.jp/my_top","autoLogin":false,"confUser":"dabame8549@mi166.com","confPass":"6yjAWLhCxVT2","testUser":"sugachan.tectec@gmail.com","testPass":"6yjAWLhCxVT2","targetUrl":"https://t.livepocket.jp/e/wakkuru202110/","targetName":"【10/28(木)】１部前売チケット整理番号券","targetNumber":"1","storeTypeId":"002","loginTime":"2021-10-09 16:45","startTime":"2021-10-09 17:00","isBrowse":true,"isTest":true,"isJamCheck":true,"isCredit":false,"isMailSend":false,"notCheckOnly":true,"isClose":false,"isMobile":true,"dareSec":0,"isConnect":false,"isLogger":true,"advSec":-245,"isOrigin":true,"isOriginCancel":false,"jamTryCnt":10,"isProxy":false,"proxy":"45.130.126.194:8000","proxyUser":"Z3SpVY","proxyPass":"SqoYCw","---2---":"====== MailSetting(GmailOnly) ======","fromMail":"sugachan.tectec@gmail.com","fromMailPass":"sero3202","toMail":"","toSysMail":"trigger@applet.ifttt.com"}
[2021-10-27T01:21:23.865] [INFO] system - 【テスト】
[2021-10-27T01:21:23.870] [INFO] system - 2021-10-09 16:45:00にすでに到達
[2021-10-27T01:21:23.872] [INFO] system - ログイン処理想定時間到達
[2021-10-27T01:21:28.180] [INFO] system - ブラウザ起動後準備完了
[2021-10-27T01:21:32.716] [INFO] system - ログインページに移動完了
[2021-10-27T01:21:35.730] [INFO] system - ログイン完了
[2021-10-27T01:21:35.742] [INFO] system - 混線なし
[2021-10-27T01:21:35.804] [INFO] system - 「【10/28(木)】１部前売チケット整理番号券」の存在を確認(.table #ticket-520664)
[2021-10-27T01:21:39.079] [INFO] system - .table #ticket-520664ロック外し開始
[2021-10-27T01:21:39.092] [INFO] system - 1セット選択終了
[2021-10-27T01:21:39.094] [INFO] system - 2021-10-09 16:59にすでに到達
[2021-10-27T01:21:39.096] [INFO] system - 前ページへ移動
[2021-10-27T01:21:40.544] [INFO] system - 2021-10-09 16:59にすでに到達
[2021-10-27T01:21:40.554] [INFO] system - 購入処理想定時間到達
[2021-10-27T01:21:40.555] [INFO] system - <成績時間カウント開始>
[2021-10-27T01:21:40.556] [INFO] system - 購入可能状態確認start(1回目)
[2021-10-27T01:21:40.557] [INFO] system - 次ページへ移動
[2021-10-27T01:21:42.039] [INFO] system - 購入可能状態確認end
[2021-10-27T01:21:42.040] [INFO] system - 枚数選択start(1回目)
[2021-10-27T01:21:42.041] [INFO] system - 購入クリック処理1回目
[2021-10-27T01:21:42.045] [INFO] system - 購入クリック処理2回目
[2021-10-27T01:21:42.055] [INFO] system - 購入クリック処理3回目
[2021-10-27T01:21:42.064] [INFO] system - 購入クリック処理4回目
[2021-10-27T01:21:43.184] [ERROR] system - Error: Execution context was destroyed, most likely because of a navigation.
    at rewriteError (C:\source\yt-scraping\node_modules\puppeteer\lib\cjs\puppeteer\common\ExecutionContext.js:261:23)
    at runMicrotasks (<anonymous>)
    at processTicksAndRejections (internal/process/task_queues.js:97:5)
    at async ExecutionContext._evaluateInternal (C:\source\yt-scraping\node_modules\puppeteer\lib\cjs\puppeteer\common\ExecutionContext.js:215:61)
    at async ExecutionContext.evaluate (C:\source\yt-scraping\node_modules\puppeteer\lib\cjs\puppeteer\common\ExecutionContext.js:106:16)
    at async targetPageBuySelect (C:\source\yt-scraping\func-lpkick\lpkick.js:902:11)
    at async newBrowser (C:\source\yt-scraping\func-lpkick\lpkick.js:519:11)
    at async C:\source\yt-scraping\func-lpkick\lpkick.js:115:5
[2021-10-27T01:21:44.089] [INFO] system - 枚数選択end(1回目)
[2021-10-27T01:21:44.114] [INFO] system - 決済処理ページ遷移済
[2021-10-27T01:21:44.114] [INFO] system - 決済処理start(1回目)
[2021-10-27T01:21:44.115] [INFO] system - 購入処理確定開始(freeBuy:true)
[2021-10-27T01:21:44.116] [INFO] system - 購入処理開始(無料)
[2021-10-27T01:21:44.144] [INFO] system - 規約に同意クリック
[2021-10-27T01:21:44.149] [INFO] system - テスト処理完了
[2021-10-27T01:21:44.153] [INFO] system - <現在時刻：Wed Oct 27 2021 01:21:44 GMT+0900／成績：3.597秒>
