[2021-02-10T19:17:19.212] [INFO] system - 【Windows版起動】
[2021-02-10T19:17:19.214] [INFO] system - キック：{"---1---":"====== BasicSetting ======","mainUrl":"https://t.livepocket.jp/","loginUrl":"https://t.livepocket.jp/login?acroot=header-new_p_u_nl","mypageUrl":"https://t.livepocket.jp/my_top","autoLogin":false,"confUser":"kisyan3333@gmail.com","confPass":"6yjAWLhCxVT2","targetUrl":"https://t.livepocket.jp/e/wakkuru0211/","targetTicket":null,"targetName":"１部前売チケット整理番号券","targetNumber":"2","storeTypeId":"002","startTime":"2021-02-10 21:30","isBrowse":false,"isFree":false,"isCredit":false,"isTest":false,"isLanguage":"ja","isStage":false,"isJamCheck":true,"---2---":"====== MailSetting(GmailOnly) ======","fromMail":"sugachan.tectec@gmail.com","fromMailPass":"sero3202","toMail":"trigger@applet.ifttt.com","toSysMail":"trigger@applet.ifttt.com","isWindows":["Windows"],"notCheckOnly":true}
[2021-02-10T19:17:19.240] [INFO] system - 2021-02-10 21:15:00までログイン処理待機中...
[2021-02-10T19:17:22.730] [INFO] system - send successful
[2021-02-10T21:15:00.010] [INFO] system - ログイン処理想定時間到達
[2021-02-10T21:15:01.223] [INFO] system - ブラウザ起動後準備完了
[2021-02-10T21:15:04.395] [INFO] system - 混線なし
[2021-02-10T21:15:04.396] [INFO] system - ログインページに移動完了
[2021-02-10T21:15:07.044] [INFO] system - 混線なし
[2021-02-10T21:15:08.096] [INFO] system - ログイン完了
[2021-02-10T21:15:08.218] [INFO] system - 「１部前売チケット整理番号券」の存在を確認(.table #ticket-354822)
[2021-02-10T21:15:08.220] [INFO] system - 2021-02-10 21:30まで購入処理待機中...
[2021-02-10T21:30:00.002] [INFO] system - 購入処理想定時間到達
[2021-02-10T21:30:00.004] [INFO] system - <成績時間カウント開始>
[2021-02-10T21:30:06.627] [INFO] system - 混線なし
[2021-02-10T21:30:06.630] [INFO] system - 購入状態確認(1回目に成功)
[2021-02-10T21:30:06.643] [INFO] system - 購入処理開始(確定前)
[2021-02-10T21:30:09.047] [INFO] system - 混線なし
[2021-02-10T21:30:09.069] [INFO] system - 購入処理確定開始(freeBuy:true)
[2021-02-10T21:30:09.069] [INFO] system - 購入処理開始(無料)
[2021-02-10T21:30:09.145] [INFO] system - 混線なし
[2021-02-10T21:30:09.166] [INFO] system - 購入処理完了(多分)
[2021-02-10T21:30:09.166] [INFO] system - <成績：9.161秒>
[2021-02-10T21:30:12.509] [INFO] system - send successful
