[2021-05-15T21:55:43.867] [INFO] system - 【Windows版起動】
[2021-05-15T21:55:43.869] [INFO] system - キック：{"---1---":"====== BasicSetting ======","mainUrl":"https://t.livepocket.jp/","loginUrl":"https://t.livepocket.jp/login?acroot=header-new_p_u_nl","mypageUrl":"https://t.livepocket.jp/my_top","autoLogin":false,"confUser":"chiaochiao.sonmi@gmail.com","confPass":"sero3202","targetUrl":"https://t.livepocket.jp/e/pannana0518/","targetTicket":null,"targetName":"１部前売チケット整理番号券,２部前売チケット整理番号券","targetNumber":"2,2","storeTypeId":"002","startTime":"2021-05-15 23:00","isBrowse":false,"isFree":false,"isCredit":false,"isTest":false,"isLanguage":"ja","isStage":false,"isJamCheck":true,"isMailSend":false,"---2---":"====== MailSetting(GmailOnly) ======","fromMail":"sugachan.tectec@gmail.com","fromMailPass":"sero3202","toMail":"","toSysMail":"trigger@applet.ifttt.com","isWindows":["Windows"],"loginTime":"2021-05-15 22:45","notCheckOnly":true,"isClose":false,"isMobile":true,"dareSec":2}
[2021-05-15T21:55:43.893] [INFO] system - 2021-05-15 22:45:00までログイン処理待機中...
[2021-05-15T22:35:03.625] [INFO] system - 【Windows版起動】
[2021-05-15T22:35:03.626] [INFO] system - キック：{"---1---":"====== BasicSetting ======","mainUrl":"https://t.livepocket.jp/","loginUrl":"https://t.livepocket.jp/login?acroot=header-new_p_u_nl","mypageUrl":"https://t.livepocket.jp/my_top","autoLogin":false,"confUser":"chiaochiao.sonmi@gmail.com","confPass":"sero3202","targetUrl":"https://t.livepocket.jp/e/pannana0518/","targetTicket":null,"targetName":"1部前売チケット整理番号券,2部前売チケット整理番号券","targetNumber":"2,2","storeTypeId":"002","startTime":"2021-05-15 23:00","isBrowse":false,"isFree":false,"isCredit":false,"isTest":false,"isLanguage":"ja","isStage":false,"isJamCheck":true,"isMailSend":false,"---2---":"====== MailSetting(GmailOnly) ======","fromMail":"sugachan.tectec@gmail.com","fromMailPass":"sero3202","toMail":"","toSysMail":"trigger@applet.ifttt.com","isWindows":["Windows"],"loginTime":"2021-05-15 22:45","notCheckOnly":true,"isClose":false,"isMobile":true,"dareSec":2}
[2021-05-15T22:35:03.647] [INFO] system - 2021-05-15 22:45:00までログイン処理待機中...
[2021-05-15T22:45:00.007] [INFO] system - ログイン処理想定時間到達
[2021-05-15T22:45:00.316] [INFO] system - ブラウザ起動後準備完了
[2021-05-15T22:45:02.900] [INFO] system - ログインページに移動完了
[2021-05-15T22:45:02.972] [INFO] system - 混線なし
[2021-05-15T22:45:07.437] [INFO] system - ログイン完了
[2021-05-15T22:45:07.449] [INFO] system - 混線なし
[2021-05-15T22:45:07.465] [INFO] system - 「1部前売チケット整理番号券,2部前売チケット整理番号券」の存在を確認(.table #ticket-412051,.table #ticket-412052)
[2021-05-15T22:45:07.467] [INFO] system - 2021-05-15 23:00:00まで購入処理待機中...
[2021-05-15T23:00:00.002] [INFO] system - 購入処理想定時間到達
[2021-05-15T23:00:00.003] [INFO] system - <成績時間カウント開始>
[2021-05-15T23:00:00.004] [INFO] system - 購入可能状態確認start(1回目)
[2021-05-15T23:00:05.665] [INFO] system - 購入可能状態確認end
[2021-05-15T23:00:05.666] [INFO] system - 枚数選択start(1回目)
[2021-05-15T23:00:07.668] [INFO] system - 枚数選択時に明示的に2秒待機
[2021-05-15T23:00:07.671] [INFO] system - 1枚目選択開始
[2021-05-15T23:00:07.736] [INFO] system - 1枚目選択終了
[2021-05-15T23:00:07.736] [INFO] system - 2枚目選択開始
[2021-05-15T23:00:07.798] [INFO] system - 2枚目選択終了
[2021-05-15T23:00:28.760] [INFO] system - 枚数選択end
[2021-05-15T23:00:28.760] [INFO] system - 決済処理start(1回目)
[2021-05-15T23:00:28.761] [INFO] system - 購入処理確定開始(freeBuy:false)
[2021-05-15T23:00:28.761] [INFO] system - 購入処理開始(有料)
[2021-05-15T23:00:28.844] [INFO] system - 規約に同意クリック
[2021-05-15T23:00:31.150] [INFO] system - 決済ボタンクリック
[2021-05-15T23:00:33.883] [ERROR] system - Error: Execution context was destroyed, most likely because of a navigation.
    at rewriteError (C:\source\yt-scraping\node_modules\puppeteer\lib\cjs\puppeteer\common\ExecutionContext.js:261:23)
    at runMicrotasks (<anonymous>)
    at processTicksAndRejections (internal/process/task_queues.js:93:5)
    at async ExecutionContext._evaluateInternal (C:\source\yt-scraping\node_modules\puppeteer\lib\cjs\puppeteer\common\ExecutionContext.js:161:64)
    at async C:\source\yt-scraping\node_modules\puppeteer\lib\cjs\puppeteer\common\DOMWorld.js:102:30
    at async DOMWorld.$ (C:\source\yt-scraping\node_modules\puppeteer\lib\cjs\puppeteer\common\DOMWorld.js:94:26)
    at async newBrowser (C:\source\yt-scraping\func-lpkick\lpkick.js:382:35)
    at async C:\source\yt-scraping\func-lpkick\lpkick.js:113:5
[2021-05-15T23:00:33.900] [ERROR] system - ReferenceError: page is not defined
    at newBrowser (C:\source\yt-scraping\func-lpkick\lpkick.js:465:5)
    at runMicrotasks (<anonymous>)
    at processTicksAndRejections (internal/process/task_queues.js:93:5)
    at async C:\source\yt-scraping\func-lpkick\lpkick.js:113:5
