[2021-02-02T19:18:47.479] [INFO] system - 【Windows版起動】
[2021-02-02T19:18:47.481] [INFO] system - キック：{"---1---":"====== BasicSetting ======","mainUrl":"https://t.livepocket.jp/","loginUrl":"https://t.livepocket.jp/login?acroot=header-new_p_u_nl","mypageUrl":"https://t.livepocket.jp/my_top","autoLogin":false,"confUser":"sugachan.tectec@gmail.com","confPass":"6yjAWLhCxVT2","targetUrl":"https://t.livepocket.jp/e/saikyo4man/","targetTicket":null,"targetName":"前方チケット整理番号券","targetNumber":"1","storeTypeId":"002","startTime":"2021-01-31 23:00","isBrowse":false,"isFree":false,"isCredit":false,"isTest":true,"isLanguage":"ja","isStage":false,"---2---":"====== MailSetting(GmailOnly) ======","fromMail":"sugachan.tectec@gmail.com","fromMailPass":"sero3202","toMail":"trigger@applet.ifttt.com","toSysMail":"trigger@applet.ifttt.com","isWindows":["Windows"],"notCheckOnly":true}
[2021-02-02T19:18:47.491] [INFO] system - 【テスト】
[2021-02-02T19:18:47.501] [INFO] system - 2021-01-31 22:45:00にすでに到達
[2021-02-02T19:18:47.511] [INFO] system - ログイン処理想定時間到達
[2021-02-02T19:18:50.283] [INFO] system - send successful
[2021-02-02T19:18:50.738] [INFO] system - 混線なし
[2021-02-02T19:18:50.740] [INFO] system - ログインページに移動完了
[2021-02-02T19:18:53.045] [INFO] system - 混線なし
[2021-02-02T19:18:54.597] [INFO] system - ログイン完了
[2021-02-02T19:18:54.619] [INFO] system - 「前方チケット整理番号券」の存在を確認(.table #ticket-348041)
[2021-02-02T19:18:54.620] [INFO] system - 2021-01-31 23:00にすでに到達
[2021-02-02T19:18:54.621] [INFO] system - 購入処理想定時間到達
[2021-02-02T19:18:54.621] [INFO] system - <成績時間カウント開始>
[2021-02-02T19:18:56.550] [INFO] system - 混線なし
[2021-02-02T19:18:56.554] [INFO] system - 購入状態確認(1回目に成功)
[2021-02-02T19:18:56.565] [INFO] system - 購入処理開始(確定前)
[2021-02-02T19:18:57.900] [INFO] system - 混線なし
[2021-02-02T19:18:57.908] [INFO] system - 購入処理確定開始(freeBuy:false)
[2021-02-02T19:18:57.913] [INFO] system - 購入処理開始(有料)
[2021-02-02T19:18:58.174] [INFO] system - 【テスト:決済ロジック】
[2021-02-02T19:18:58.175] [INFO] system - <成績：3.553秒>
[2021-02-02T19:19:00.636] [INFO] system - send successful
[2021-02-02T22:27:20.750] [INFO] system - 【Windows版起動】
[2021-02-02T22:27:20.752] [INFO] system - キック：{"---1---":"====== BasicSetting ======","mainUrl":"https://t.livepocket.jp/","loginUrl":"https://t.livepocket.jp/login?acroot=header-new_p_u_nl","mypageUrl":"https://t.livepocket.jp/my_top","autoLogin":false,"confUser":"sugachan.tectec@gmail.com","confPass":"6yjAWLhCxVT2","targetUrl":"https://t.livepocket.jp/e/wakkuru0204/","targetTicket":null,"targetName":"１部前売チケット整理番号券,２部前売チケット整理番号券","targetNumber":"2,2","storeTypeId":"002","startTime":"2021-02-02 23:00","isBrowse":false,"isFree":false,"isCredit":false,"isTest":false,"isLanguage":"ja","isStage":false,"---2---":"====== MailSetting(GmailOnly) ======","fromMail":"sugachan.tectec@gmail.com","fromMailPass":"sero3202","toMail":"trigger@applet.ifttt.com","toSysMail":"trigger@applet.ifttt.com","isWindows":["Windows"],"notCheckOnly":true}
[2021-02-02T22:27:20.770] [INFO] system - 2021-02-02 22:45:00までログイン処理待機中...
[2021-02-02T22:27:23.376] [INFO] system - send successful
[2021-02-02T22:45:00.028] [INFO] system - ログイン処理想定時間到達
[2021-02-02T22:45:00.365] [INFO] system - ブラウザ起動後準備完了
[2021-02-02T22:45:02.981] [INFO] system - 混線なし
[2021-02-02T22:45:02.982] [INFO] system - ログインページに移動完了
[2021-02-02T22:45:05.357] [INFO] system - 混線なし
[2021-02-02T22:45:06.906] [INFO] system - ログイン完了
[2021-02-02T22:45:06.941] [INFO] system - 「１部前売チケット整理番号券,２部前売チケット整理番号券」の存在を確認(.table #ticket-349253,.table #ticket-349254)
[2021-02-02T22:45:06.942] [INFO] system - 2021-02-02 23:00まで購入処理待機中...
[2021-02-02T23:00:00.005] [INFO] system - 購入処理想定時間到達
[2021-02-02T23:00:00.005] [INFO] system - <成績時間カウント開始>
[2021-02-02T23:00:07.502] [INFO] system - 混線なし
[2021-02-02T23:00:07.504] [INFO] system - 購入状態確認(1回目に成功)
[2021-02-02T23:00:07.504] [INFO] system - 購入処理開始(確定前)
[2021-02-02T23:00:19.785] [INFO] system - 混線なし
[2021-02-02T23:00:19.788] [INFO] system - 購入処理確定開始(freeBuy:false)
[2021-02-02T23:00:19.788] [INFO] system - 購入処理開始(有料)
[2021-02-02T23:00:20.142] [INFO] system - 混線なし
[2021-02-02T23:00:34.541] [INFO] system - 購入処理完了(多分)
[2021-02-02T23:00:34.542] [INFO] system - <成績：34.537秒>
[2021-02-02T23:00:37.788] [INFO] system - send successful
