[2021-05-01T16:54:30.699] [INFO] system - 【Windows版起動】
[2021-05-01T16:54:30.701] [INFO] system - キック：{"---1---":"====== BasicSetting ======","mainUrl":"https://t.livepocket.jp/","loginUrl":"https://t.livepocket.jp/login?acroot=header-new_p_u_nl","mypageUrl":"https://t.livepocket.jp/my_top","autoLogin":false,"confUser":"chiaochiao.sonmi@gmail.com","confPass":"sero3202","targetUrl":"https://t.livepocket.jp/e/osaka0505/","targetTicket":null,"targetName":"１部優先入場チケット整理番号券,3部優先入場チケット整理番号券","targetNumber":"2,2","storeTypeId":"002","startTime":"2021-05-01 22:00","isBrowse":false,"isFree":false,"isCredit":false,"isTest":false,"isLanguage":"ja","isStage":false,"isJamCheck":true,"isMailSend":false,"---2---":"====== MailSetting(GmailOnly) ======","fromMail":"sugachan.tectec@gmail.com","fromMailPass":"sero3202","toMail":"","toSysMail":"trigger@applet.ifttt.com","isWindows":["Windows"],"loginTime":"2021-05-01 21:45","notCheckOnly":true,"isClose":false,"isMobile":true}
[2021-05-01T16:54:30.718] [INFO] system - 2021-05-01 21:45:00までログイン処理待機中...
[2021-05-01T16:59:06.282] [INFO] system - 【Windows版起動】
[2021-05-01T16:59:06.284] [INFO] system - キック：{"---1---":"====== BasicSetting ======","mainUrl":"https://t.livepocket.jp/","loginUrl":"https://t.livepocket.jp/login?acroot=header-new_p_u_nl","mypageUrl":"https://t.livepocket.jp/my_top","autoLogin":false,"confUser":"kisyan3333@gmail.com","confPass":"6yjAWLhCxVT2","targetUrl":"https://t.livepocket.jp/e/osaka0505/","targetTicket":null,"targetName":"１部優先入場チケット整理番号券,3部優先入場チケット整理番号券","targetNumber":"2,2","storeTypeId":"016","startTime":"2021-05-01 22:00","isBrowse":false,"isFree":false,"isCredit":false,"isTest":false,"isLanguage":"ja","isStage":false,"isJamCheck":true,"isMailSend":false,"---2---":"====== MailSetting(GmailOnly) ======","fromMail":"sugachan.tectec@gmail.com","fromMailPass":"sero3202","toMail":"","toSysMail":"trigger@applet.ifttt.com","isWindows":["Windows"],"loginTime":"2021-05-01 21:45","notCheckOnly":true,"isClose":false,"isMobile":true}
[2021-05-01T16:59:06.303] [INFO] system - 2021-05-01 21:45:00までログイン処理待機中...
[2021-05-01T21:45:00.088] [INFO] system - ログイン処理想定時間到達
[2021-05-01T21:45:00.444] [INFO] system - ブラウザ起動後準備完了
[2021-05-01T21:45:03.841] [INFO] system - ログインページに移動完了
[2021-05-01T21:45:03.862] [INFO] system - 混線なし
[2021-05-01T21:45:09.132] [INFO] system - ログイン完了
[2021-05-01T21:45:09.148] [INFO] system - 混線なし
[2021-05-01T21:45:09.194] [INFO] system - 「１部優先入場チケット整理番号券,3部優先入場チケット整理番号券」の存在を確認(.table #ticket-404375,.table #ticket-404377)
[2021-05-01T21:45:09.195] [INFO] system - 2021-05-01 22:00:00まで購入処理待機中...
[2021-05-01T22:00:00.002] [INFO] system - 購入処理想定時間到達
[2021-05-01T22:00:00.004] [INFO] system - <成績時間カウント開始>
[2021-05-01T22:00:00.004] [INFO] system - 購入可能状態確認start(1回目)
[2021-05-01T22:00:12.217] [INFO] system - 混線のため102秒待機開始...
[2021-05-01T22:01:57.004] [INFO] system - 混線解消(1回目に成功)
[2021-05-01T22:01:57.005] [INFO] system - 購入可能状態確認start(2回目)
[2021-05-01T22:01:58.958] [INFO] system - 購入可能状態確認end
[2021-05-01T22:01:59.973] [INFO] system - 枚数選択前に明示的に1秒待機
[2021-05-01T22:01:59.975] [INFO] system - 枚数選択start(1回目)
[2021-05-01T22:01:59.976] [INFO] system - 1枚目選択開始
[2021-05-01T22:02:00.072] [INFO] system - 1枚目選択終了
[2021-05-01T22:02:00.073] [INFO] system - 2枚目選択開始
[2021-05-01T22:02:00.159] [INFO] system - 2枚目選択終了
[2021-05-01T22:02:03.383] [INFO] system - 混線のため59秒待機開始...
[2021-05-01T22:03:04.998] [INFO] system - 混線解消(1回目に成功)
[2021-05-01T22:03:04.999] [INFO] system - 枚数選択start(2回目)
[2021-05-01T22:03:05.001] [INFO] system - 1枚目選択開始
[2021-05-01T22:03:05.091] [INFO] system - 1枚目選択終了
[2021-05-01T22:03:05.092] [INFO] system - 2枚目選択開始
[2021-05-01T22:03:05.161] [INFO] system - 2枚目選択終了
[2021-05-01T22:03:09.267] [INFO] system - 枚数選択end
[2021-05-01T22:03:09.268] [INFO] system - 決済処理start(1回目)
[2021-05-01T22:03:09.269] [INFO] system - 購入処理確定開始(freeBuy:false)
[2021-05-01T22:03:09.270] [INFO] system - 購入処理開始(有料)
[2021-05-01T22:03:09.450] [INFO] system - 規約に同意クリック
[2021-05-01T22:03:11.533] [INFO] system - (検証用)成功1
[2021-05-01T22:03:13.833] [INFO] system - (検証用)成功2
[2021-05-01T22:03:13.910] [INFO] system - (検証用)成功3
[2021-05-01T22:03:13.910] [INFO] system - 決済処理end
[2021-05-01T22:03:13.912] [INFO] system - <現在時刻：Sat May 01 2021 22:03:13 GMT+0900／成績：193.908秒>
[2021-05-01T22:03:13.923] [INFO] system - <成績：193.919秒>
[2021-05-01T22:04:35.551] [INFO] system - 【Windows版起動】
[2021-05-01T22:04:35.553] [INFO] system - キック：{"---1---":"====== BasicSetting ======","mainUrl":"https://t.livepocket.jp/","loginUrl":"https://t.livepocket.jp/login?acroot=header-new_p_u_nl","mypageUrl":"https://t.livepocket.jp/my_top","autoLogin":false,"confUser":"kisyan3333@gmail.com","confPass":"6yjAWLhCxVT2","targetUrl":"https://t.livepocket.jp/e/pannana0505/","targetTicket":null,"targetName":"前売チケット整理番号券","targetNumber":"2","storeTypeId":"016","startTime":"2021-05-01 23:00","isBrowse":false,"isFree":false,"isCredit":false,"isTest":false,"isLanguage":"ja","isStage":false,"isJamCheck":true,"isMailSend":false,"---2---":"====== MailSetting(GmailOnly) ======","fromMail":"sugachan.tectec@gmail.com","fromMailPass":"sero3202","toMail":"","toSysMail":"trigger@applet.ifttt.com","isWindows":["Windows"],"loginTime":"2021-05-01 22:45","notCheckOnly":true,"isClose":false,"isMobile":true}
[2021-05-01T22:04:35.570] [INFO] system - 2021-05-01 22:45:00までログイン処理待機中...
[2021-05-01T22:45:00.006] [INFO] system - ログイン処理想定時間到達
[2021-05-01T22:45:00.308] [INFO] system - ブラウザ起動後準備完了
[2021-05-01T22:45:03.632] [INFO] system - ログインページに移動完了
[2021-05-01T22:45:03.650] [INFO] system - 混線なし
[2021-05-01T22:45:08.605] [INFO] system - ログイン完了
[2021-05-01T22:45:08.616] [INFO] system - 混線なし
[2021-05-01T22:45:08.641] [INFO] system - 「前売チケット整理番号券」の存在を確認(.table #ticket-404357)
[2021-05-01T22:45:08.647] [INFO] system - 2021-05-01 23:00:00まで購入処理待機中...
[2021-05-01T23:00:00.003] [INFO] system - 購入処理想定時間到達
[2021-05-01T23:00:00.004] [INFO] system - <成績時間カウント開始>
[2021-05-01T23:00:00.006] [INFO] system - 購入可能状態確認start(1回目)
[2021-05-01T23:00:05.673] [INFO] system - 購入可能状態確認end
[2021-05-01T23:00:06.676] [INFO] system - 枚数選択前に明示的に1秒待機
[2021-05-01T23:00:06.677] [INFO] system - 枚数選択start(1回目)
[2021-05-01T23:00:06.679] [INFO] system - 1枚目選択開始
[2021-05-01T23:00:06.755] [INFO] system - 1枚目選択終了
[2021-05-01T23:00:10.063] [INFO] system - 混線のため59秒待機開始...
[2021-05-01T23:01:12.611] [INFO] system - 混線解消(1回目に成功)
[2021-05-01T23:01:12.613] [INFO] system - 枚数選択start(2回目)
[2021-05-01T23:01:12.614] [INFO] system - 1枚目選択開始
[2021-05-01T23:01:12.703] [INFO] system - 1枚目選択終了
[2021-05-01T23:02:33.171] [INFO] system - 【Windows版起動】
[2021-05-01T23:02:33.173] [INFO] system - キック：{"---1---":"====== BasicSetting ======","mainUrl":"https://t.livepocket.jp/","loginUrl":"https://t.livepocket.jp/login?acroot=header-new_p_u_nl","mypageUrl":"https://t.livepocket.jp/my_top","autoLogin":false,"confUser":"kisyan3333@gmail.com","confPass":"6yjAWLhCxVT2","targetUrl":"https://t.livepocket.jp/e/pannana0505/","targetTicket":null,"targetName":"前売チケット整理番号券","targetNumber":"2","storeTypeId":"016","startTime":"2021-05-01 23:00","isBrowse":false,"isFree":false,"isCredit":false,"isTest":false,"isLanguage":"ja","isStage":false,"isJamCheck":true,"isMailSend":false,"---2---":"====== MailSetting(GmailOnly) ======","fromMail":"sugachan.tectec@gmail.com","fromMailPass":"sero3202","toMail":"","toSysMail":"trigger@applet.ifttt.com","isWindows":["Windows"],"loginTime":"2021-05-01 22:45","notCheckOnly":true,"isClose":false,"isMobile":true}
[2021-05-01T23:02:33.190] [INFO] system - 2021-05-01 22:45:00にすでに到達
[2021-05-01T23:02:33.220] [INFO] system - ログイン処理想定時間到達
[2021-05-01T23:02:33.529] [INFO] system - ブラウザ起動後準備完了
[2021-05-01T23:02:36.380] [INFO] system - ログインページに移動完了
[2021-05-01T23:02:36.402] [INFO] system - 混線なし
[2021-05-01T23:02:42.032] [INFO] system - ログイン完了
[2021-05-01T23:02:42.045] [INFO] system - 混線なし
[2021-05-01T23:02:42.070] [INFO] system - 「前売チケット整理番号券」の存在を確認(.table #ticket-404357)
[2021-05-01T23:02:42.075] [INFO] system - 2021-05-01 23:00にすでに到達
[2021-05-01T23:02:42.076] [INFO] system - 購入処理想定時間到達
[2021-05-01T23:02:42.077] [INFO] system - <成績時間カウント開始>
[2021-05-01T23:02:42.078] [INFO] system - 購入可能状態確認start(1回目)
[2021-05-01T23:02:43.872] [INFO] system - 購入可能状態確認end
[2021-05-01T23:02:44.874] [INFO] system - 枚数選択前に明示的に1秒待機
[2021-05-01T23:02:44.875] [INFO] system - 枚数選択start(1回目)
[2021-05-01T23:02:44.877] [INFO] system - 1枚目選択開始
[2021-05-01T23:02:44.983] [INFO] system - 1枚目選択終了
[2021-05-01T23:02:48.700] [INFO] system - 枚数選択end
[2021-05-01T23:02:48.701] [INFO] system - 決済処理start(1回目)
[2021-05-01T23:02:48.702] [INFO] system - 購入処理確定開始(freeBuy:true)
[2021-05-01T23:02:48.703] [INFO] system - 購入処理開始(無料)
[2021-05-01T23:02:48.751] [INFO] system - 規約に同意クリック
[2021-05-01T23:02:51.938] [INFO] system - (検証用)成功1
[2021-05-01T23:02:51.950] [INFO] system - (検証用)成功2
[2021-05-01T23:02:51.960] [INFO] system - (検証用)成功3
[2021-05-01T23:02:51.961] [INFO] system - 決済処理end
[2021-05-01T23:02:51.969] [INFO] system - <現在時刻：Sat May 01 2021 23:02:51 GMT+0900／成績：9.891秒>
[2021-05-01T23:02:51.970] [INFO] system - <成績：9.892秒>
[2021-05-01T23:03:29.039] [INFO] system - 【Windows版起動】
[2021-05-01T23:03:29.041] [INFO] system - キック：{"---1---":"====== BasicSetting ======","mainUrl":"https://t.livepocket.jp/","loginUrl":"https://t.livepocket.jp/login?acroot=header-new_p_u_nl","mypageUrl":"https://t.livepocket.jp/my_top","autoLogin":false,"confUser":"kisyan4444@gmail.com","confPass":"sero3202","targetUrl":"https://t.livepocket.jp/e/pannana0505/","targetTicket":null,"targetName":"前売チケット整理番号券","targetNumber":"2","storeTypeId":"016","startTime":"2021-05-01 23:00","isBrowse":false,"isFree":false,"isCredit":false,"isTest":false,"isLanguage":"ja","isStage":false,"isJamCheck":true,"isMailSend":false,"---2---":"====== MailSetting(GmailOnly) ======","fromMail":"sugachan.tectec@gmail.com","fromMailPass":"sero3202","toMail":"","toSysMail":"trigger@applet.ifttt.com","isWindows":["Windows"],"loginTime":"2021-05-01 22:45","notCheckOnly":true,"isClose":false,"isMobile":true}
[2021-05-01T23:03:29.058] [INFO] system - 2021-05-01 22:45:00にすでに到達
[2021-05-01T23:03:29.068] [INFO] system - ログイン処理想定時間到達
[2021-05-01T23:03:29.362] [INFO] system - ブラウザ起動後準備完了
[2021-05-01T23:03:32.209] [INFO] system - ログインページに移動完了
[2021-05-01T23:03:32.229] [INFO] system - 混線なし
[2021-05-01T23:03:45.084] [INFO] system - 【Windows版起動】
[2021-05-01T23:03:45.086] [INFO] system - キック：{"---1---":"====== BasicSetting ======","mainUrl":"https://t.livepocket.jp/","loginUrl":"https://t.livepocket.jp/login?acroot=header-new_p_u_nl","mypageUrl":"https://t.livepocket.jp/my_top","autoLogin":false,"confUser":"kisyan4444@gmail.com","confPass":"sero3202","targetUrl":"https://t.livepocket.jp/e/pannana0505/","targetTicket":null,"targetName":"前売チケット整理番号券","targetNumber":"1","storeTypeId":"016","startTime":"2021-05-01 23:00","isBrowse":false,"isFree":false,"isCredit":false,"isTest":false,"isLanguage":"ja","isStage":false,"isJamCheck":true,"isMailSend":false,"---2---":"====== MailSetting(GmailOnly) ======","fromMail":"sugachan.tectec@gmail.com","fromMailPass":"sero3202","toMail":"","toSysMail":"trigger@applet.ifttt.com","isWindows":["Windows"],"loginTime":"2021-05-01 22:45","notCheckOnly":true,"isClose":false,"isMobile":true}
[2021-05-01T23:03:45.112] [INFO] system - 2021-05-01 22:45:00にすでに到達
[2021-05-01T23:03:45.116] [INFO] system - ログイン処理想定時間到達
[2021-05-01T23:03:45.437] [INFO] system - ブラウザ起動後準備完了
[2021-05-01T23:03:48.453] [INFO] system - ログインページに移動完了
[2021-05-01T23:03:48.479] [INFO] system - 混線のため100秒待機開始...
