[2021-10-19T12:05:42.676] [INFO] system - キック：{"isWindows":["Windows"],"---1---":"====== BasicSetting ======","mypageUrl":"https://t.livepocket.jp/my_top","autoLogin":false,"confUser":"dabame8549@mi166.com","confPass":"6yjAWLhCxVT2","testUser":"sugachan.tectec@gmail.com","testPass":"6yjAWLhCxVT2","targetUrl":"https://t.livepocket.jp/e/wakkuru202110/","targetName":"【10/21(木)】１部前売チケット整理番号券","targetNumber":"1","storeTypeId":"002","loginTime":"2021-10-09 16:45","startTime":"2021-10-09 17:00","isBrowse":true,"isTest":true,"isJamCheck":true,"isCredit":false,"isMailSend":false,"notCheckOnly":true,"isClose":false,"isMobile":true,"dareSec":0,"isConnect":false,"isLogger":true,"advSec":-245,"isOrigin":true,"isOriginCancel":false,"jamTryCnt":10,"isProxy":false,"proxy":"45.130.126.194:8000","proxyUser":"Z3SpVY","proxyPass":"SqoYCw","---2---":"====== MailSetting(GmailOnly) ======","fromMail":"sugachan.tectec@gmail.com","fromMailPass":"sero3202","toMail":"","toSysMail":"trigger@applet.ifttt.com"}
[2021-10-19T12:05:42.679] [INFO] system - 【テスト】
[2021-10-19T12:05:42.683] [INFO] system - 2021-10-09 16:45:00にすでに到達
[2021-10-19T12:05:42.687] [INFO] system - ログイン処理想定時間到達
[2021-10-19T12:05:43.746] [INFO] system - ブラウザ起動後準備完了
[2021-10-19T12:05:48.454] [INFO] system - ログインページに移動完了
[2021-10-19T12:05:51.715] [INFO] system - ログイン完了
[2021-10-19T12:05:51.732] [INFO] system - 混線なし
[2021-10-19T12:05:51.807] [INFO] system - 「【10/21(木)】１部前売チケット整理番号券」の存在を確認(.table #ticket-520662)
[2021-10-19T12:05:55.937] [INFO] system - .table #ticket-520662ロック外し開始
[2021-10-19T12:05:55.957] [INFO] system - 1セット選択終了
[2021-10-19T12:05:55.959] [INFO] system - 2021-10-09 16:59にすでに到達
[2021-10-19T12:05:55.965] [INFO] system - 前ページへ移動
[2021-10-19T12:05:57.920] [INFO] system - 2021-10-09 16:59にすでに到達
[2021-10-19T12:05:57.931] [INFO] system - 購入処理想定時間到達
[2021-10-19T12:05:57.932] [INFO] system - <成績時間カウント開始>
[2021-10-19T12:05:57.933] [INFO] system - 購入可能状態確認start(1回目)
[2021-10-19T12:05:57.934] [INFO] system - 次ページへ移動
[2021-10-19T12:05:59.388] [INFO] system - 購入可能状態確認end
[2021-10-19T12:05:59.389] [INFO] system - 枚数選択start(1回目)
[2021-10-19T12:05:59.390] [INFO] system - 購入クリック処理1回目
[2021-10-19T12:05:59.400] [INFO] system - 購入クリック処理2回目
[2021-10-19T12:05:59.410] [INFO] system - 購入クリック処理3回目
[2021-10-19T12:05:59.426] [INFO] system - 購入クリック処理4回目
[2021-10-19T12:05:59.433] [INFO] system - 購入クリック処理5回目
[2021-10-19T12:05:59.439] [INFO] system - 購入クリック処理6回目
[2021-10-19T12:05:59.444] [INFO] system - 購入クリック処理7回目
[2021-10-19T12:05:59.450] [INFO] system - 購入クリック処理8回目
[2021-10-19T12:05:59.455] [INFO] system - 購入クリック処理9回目
[2021-10-19T12:05:59.460] [INFO] system - 購入クリック処理10回目
[2021-10-19T12:05:59.467] [INFO] system - 購入クリック処理11回目
[2021-10-19T12:05:59.472] [INFO] system - 購入クリック処理12回目
[2021-10-19T12:05:59.477] [INFO] system - 購入クリック処理13回目
[2021-10-19T12:05:59.482] [INFO] system - 購入クリック処理14回目
[2021-10-19T12:05:59.487] [INFO] system - 購入クリック処理15回目
[2021-10-19T12:05:59.492] [INFO] system - 購入クリック処理16回目
[2021-10-19T12:05:59.497] [INFO] system - 購入クリック処理17回目
[2021-10-19T12:05:59.502] [INFO] system - 購入クリック処理18回目
[2021-10-19T12:05:59.507] [INFO] system - 購入クリック処理19回目
[2021-10-19T12:05:59.511] [INFO] system - 購入クリック処理20回目
[2021-10-19T12:05:59.517] [INFO] system - 購入クリック処理21回目
[2021-10-19T12:05:59.522] [INFO] system - 購入クリック処理22回目
[2021-10-19T12:05:59.527] [INFO] system - 購入クリック処理23回目
[2021-10-19T12:05:59.531] [INFO] system - 購入クリック処理24回目
[2021-10-19T12:05:59.536] [INFO] system - 購入クリック処理25回目
[2021-10-19T12:05:59.540] [INFO] system - 購入クリック処理26回目
[2021-10-19T12:05:59.544] [INFO] system - 購入クリック処理27回目
[2021-10-19T12:05:59.549] [INFO] system - 購入クリック処理28回目
[2021-10-19T12:05:59.553] [INFO] system - 購入クリック処理29回目
[2021-10-19T12:05:59.558] [INFO] system - 購入クリック処理30回目
[2021-10-19T12:05:59.562] [INFO] system - 購入クリック処理31回目
[2021-10-19T12:05:59.567] [INFO] system - 購入クリック処理32回目
[2021-10-19T12:05:59.571] [INFO] system - 購入クリック処理33回目
[2021-10-19T12:05:59.576] [INFO] system - 購入クリック処理34回目
[2021-10-19T12:05:59.580] [INFO] system - 購入クリック処理35回目
[2021-10-19T12:05:59.586] [INFO] system - 購入クリック処理36回目
[2021-10-19T12:05:59.590] [INFO] system - 購入クリック処理37回目
[2021-10-19T12:05:59.594] [INFO] system - 購入クリック処理38回目
[2021-10-19T12:05:59.599] [INFO] system - 購入クリック処理39回目
[2021-10-19T12:05:59.603] [INFO] system - 購入クリック処理40回目
[2021-10-19T12:05:59.608] [INFO] system - 購入クリック処理41回目
[2021-10-19T12:05:59.612] [INFO] system - 購入クリック処理42回目
[2021-10-19T12:05:59.617] [INFO] system - 購入クリック処理43回目
[2021-10-19T12:05:59.622] [INFO] system - 購入クリック処理44回目
[2021-10-19T12:05:59.627] [INFO] system - 購入クリック処理45回目
[2021-10-19T12:05:59.632] [INFO] system - 購入クリック処理46回目
[2021-10-19T12:05:59.637] [INFO] system - 購入クリック処理47回目
[2021-10-19T12:05:59.646] [INFO] system - 購入クリック処理48回目
[2021-10-19T12:06:00.888] [ERROR] system - Error: Execution context was destroyed, most likely because of a navigation.
    at rewriteError (C:\source\yt-scraping\node_modules\puppeteer\lib\cjs\puppeteer\common\ExecutionContext.js:261:23)
    at runMicrotasks (<anonymous>)
    at processTicksAndRejections (internal/process/task_queues.js:97:5)
    at async ExecutionContext._evaluateInternal (C:\source\yt-scraping\node_modules\puppeteer\lib\cjs\puppeteer\common\ExecutionContext.js:215:61)
    at async ExecutionContext.evaluate (C:\source\yt-scraping\node_modules\puppeteer\lib\cjs\puppeteer\common\ExecutionContext.js:106:16)
    at async targetPageBuySelect (C:\source\yt-scraping\func-lpkick\lpkick.js:902:11)
    at async newBrowser (C:\source\yt-scraping\func-lpkick\lpkick.js:519:11)
    at async C:\source\yt-scraping\func-lpkick\lpkick.js:115:5
[2021-10-19T12:06:02.032] [INFO] system - 枚数選択end(1回目)
[2021-10-19T12:06:02.060] [INFO] system - 決済処理ページ遷移済
[2021-10-19T12:06:02.061] [INFO] system - 決済処理start(1回目)
[2021-10-19T12:06:02.062] [INFO] system - 購入処理確定開始(freeBuy:true)
[2021-10-19T12:06:02.064] [INFO] system - 購入処理開始(無料)
[2021-10-19T12:06:02.098] [INFO] system - 規約に同意クリック
[2021-10-19T12:06:02.101] [INFO] system - テスト処理完了
[2021-10-19T12:06:02.103] [INFO] system - <現在時刻：Tue Oct 19 2021 12:06:02 GMT+0900／成績：4.17秒>
