[2021-03-30T09:49:36.910] [INFO] system - 【Windows版起動】
[2021-03-30T09:49:36.912] [INFO] system - キック：{"---1---":"====== BasicSetting ======","mainUrl":"https://t.livepocket.jp/","loginUrl":"https://t.livepocket.jp/login?acroot=header-new_p_u_nl","mypageUrl":"https://t.livepocket.jp/my_top","autoLogin":false,"confUser":"kisyan3333@gmail.com","confPass":"6yjAWLhCxVT2","targetUrl":"https://t.livepocket.jp/e/nagoya_reny0330/","targetTicket":null,"targetName":"前方チケット整理番号券","targetNumber":"1","storeTypeId":"016","startTime":"2021-03-30 09:50","isBrowse":true,"isFree":false,"isCredit":false,"isTest":true,"isLanguage":"ja","isStage":false,"isJamCheck":true,"isMailSend":false,"---2---":"====== MailSetting(GmailOnly) ======","fromMail":"sugachan.tectec@gmail.com","fromMailPass":"sero3202","toMail":"","toSysMail":"trigger@applet.ifttt.com","isWindows":["Windows"],"loginTime":"2021-03-30 09:40","notCheckOnly":true,"isClose":false}
[2021-03-30T09:49:36.927] [INFO] system - 【テスト】
[2021-03-30T09:49:36.942] [INFO] system - 2021-03-30 09:35:00にすでに到達
[2021-03-30T09:49:36.945] [INFO] system - ログイン処理想定時間到達
[2021-03-30T09:49:37.495] [INFO] system - ブラウザ起動後準備完了
[2021-03-30T09:49:42.137] [INFO] system - ログインページに移動完了
[2021-03-30T09:49:47.288] [INFO] system - ログイン完了
[2021-03-30T09:49:47.337] [INFO] system - 「前方チケット整理番号券」の存在を確認(.table #ticket-386079)
[2021-03-30T09:49:47.341] [INFO] system - 2021-03-30 09:49まで購入処理待機中...
[2021-03-30T09:49:59.918] [INFO] system - 購入処理想定時間到達
[2021-03-30T09:49:59.919] [INFO] system - <成績時間カウント開始>
[2021-03-30T09:49:59.920] [INFO] system - 購入可能状態確認start(1回目)
[2021-03-30T09:50:02.174] [INFO] system - 購入可能状態確認end
[2021-03-30T09:50:02.175] [INFO] system - 枚数選択start(1回目)
[2021-03-30T09:50:12.403] [ERROR] system - Error: Navigation failed because browser has disconnected!
    at C:\source\yt-scraping\node_modules\puppeteer\lib\cjs\puppeteer\common\LifecycleWatcher.js:51:147
    at C:\source\yt-scraping\node_modules\puppeteer\lib\cjs\vendor\mitt\src\index.js:51:62
    at Array.map (<anonymous>)
    at Object.emit (C:\source\yt-scraping\node_modules\puppeteer\lib\cjs\vendor\mitt\src\index.js:51:43)
    at CDPSession.emit (C:\source\yt-scraping\node_modules\puppeteer\lib\cjs\puppeteer\common\EventEmitter.js:72:22)
    at CDPSession._onClosed (C:\source\yt-scraping\node_modules\puppeteer\lib\cjs\puppeteer\common\Connection.js:247:14)
    at Connection._onMessage (C:\source\yt-scraping\node_modules\puppeteer\lib\cjs\puppeteer\common\Connection.js:94:25)
    at WebSocket.<anonymous> (C:\source\yt-scraping\node_modules\puppeteer\lib\cjs\puppeteer\node\NodeWebSocketTransport.js:13:32)
    at WebSocket.onMessage (C:\source\yt-scraping\node_modules\ws\lib\event-target.js:132:16)
    at WebSocket.emit (events.js:315:20)
[2021-03-30T09:50:12.429] [ERROR] system - Error: Protocol error (Target.activateTarget): Session closed. Most likely the page has been closed.
    at CDPSession.send (C:\source\yt-scraping\node_modules\puppeteer\lib\cjs\puppeteer\common\Connection.js:195:35)
    at Page._screenshotTask (C:\source\yt-scraping\node_modules\puppeteer\lib\cjs\puppeteer\common\Page.js:1084:28)
    at C:\source\yt-scraping\node_modules\puppeteer\lib\cjs\puppeteer\common\Page.js:1081:62
    at runMicrotasks (<anonymous>)
    at processTicksAndRejections (internal/process/task_queues.js:93:5)
[2021-03-30T09:50:12.434] [ERROR] system - ReferenceError: page is not defined
    at newBrowser (C:\source\yt-scraping\func-lpkick\lpkick.js:393:5)
    at runMicrotasks (<anonymous>)
    at processTicksAndRejections (internal/process/task_queues.js:93:5)
    at async C:\source\yt-scraping\func-lpkick\lpkick.js:111:5
[2021-03-30T09:52:39.171] [INFO] system - 【Windows版起動】
[2021-03-30T09:52:39.172] [INFO] system - キック：{"---1---":"====== BasicSetting ======","mainUrl":"https://t.livepocket.jp/","loginUrl":"https://t.livepocket.jp/login?acroot=header-new_p_u_nl","mypageUrl":"https://t.livepocket.jp/my_top","autoLogin":false,"confUser":"kisyan3333@gmail.com","confPass":"6yjAWLhCxVT2","targetUrl":"https://t.livepocket.jp/e/nagoya_reny0330/","targetTicket":null,"targetName":"前方チケット整理番号券","targetNumber":"1","storeTypeId":"016","startTime":"2021-03-30 09:54","isBrowse":true,"isFree":false,"isCredit":false,"isTest":true,"isLanguage":"ja","isStage":false,"isJamCheck":true,"isMailSend":false,"---2---":"====== MailSetting(GmailOnly) ======","fromMail":"sugachan.tectec@gmail.com","fromMailPass":"sero3202","toMail":"","toSysMail":"trigger@applet.ifttt.com","isWindows":["Windows"],"loginTime":"2021-03-30 09:40","notCheckOnly":true,"isClose":false}
[2021-03-30T09:52:39.182] [INFO] system - 【テスト】
[2021-03-30T09:52:39.187] [INFO] system - 2021-03-30 09:39:00にすでに到達
[2021-03-30T09:52:39.190] [INFO] system - ログイン処理想定時間到達
[2021-03-30T09:52:39.690] [INFO] system - ブラウザ起動後準備完了
[2021-03-30T09:52:44.601] [INFO] system - ログインページに移動完了
[2021-03-30T09:52:50.512] [INFO] system - ログイン完了
[2021-03-30T09:52:50.548] [INFO] system - 「前方チケット整理番号券」の存在を確認(.table #ticket-386079)
[2021-03-30T09:52:50.551] [INFO] system - 2021-03-30 09:53まで購入処理待機中...
[2021-03-30T09:53:59.906] [INFO] system - 購入処理想定時間到達
[2021-03-30T09:53:59.907] [INFO] system - <成績時間カウント開始>
[2021-03-30T09:53:59.908] [INFO] system - 購入可能状態確認start(1回目)
[2021-03-30T09:54:02.587] [INFO] system - !購入ページ存在確認!
[2021-03-30T09:54:02.588] [INFO] system - 購入可能状態確認end
[2021-03-30T09:54:02.589] [INFO] system - 枚数選択start(1回目)
[2021-03-30T22:47:35.670] [INFO] system - 【Windows版起動】
[2021-03-30T22:47:35.671] [INFO] system - キック：{"---1---":"====== BasicSetting ======","mainUrl":"https://t.livepocket.jp/","loginUrl":"https://t.livepocket.jp/login?acroot=header-new_p_u_nl","mypageUrl":"https://t.livepocket.jp/my_top","autoLogin":false,"confUser":"chiaochiao.sonmi@gmail.com","confPass":"sero3202","targetUrl":"https://t.livepocket.jp/e/wakkuru0401/","targetTicket":null,"targetName":"１部前売チケット整理番号券,２部前売チケット整理番号券","targetNumber":"2,2","storeTypeId":"002","startTime":"2021-03-30 23:30","isBrowse":true,"isFree":false,"isCredit":false,"isTest":false,"isLanguage":"ja","isStage":false,"isJamCheck":true,"isMailSend":false,"---2---":"====== MailSetting(GmailOnly) ======","fromMail":"sugachan.tectec@gmail.com","fromMailPass":"sero3202","toMail":"","toSysMail":"trigger@applet.ifttt.com","isWindows":["Windows"],"loginTime":"2021-03-30 23:15","notCheckOnly":true,"isClose":false}
[2021-03-30T22:47:35.687] [INFO] system - 2021-03-30 23:15:00までログイン処理待機中...
[2021-03-30T23:15:00.011] [INFO] system - ログイン処理想定時間到達
[2021-03-30T23:15:00.463] [INFO] system - ブラウザ起動後準備完了
[2021-03-30T23:15:05.437] [INFO] system - ログインページに移動完了
[2021-03-30T23:15:09.697] [INFO] system - ログイン完了
[2021-03-30T23:15:09.720] [INFO] system - 「１部前売チケット整理番号券,２部前売チケット整理番号券」の存在を確認(.table #ticket-387002,.table #ticket-387003)
[2021-03-30T23:15:09.722] [INFO] system - 2021-03-30 23:29まで購入処理待機中...
[2021-03-30T23:29:59.902] [INFO] system - 購入処理想定時間到達
[2021-03-30T23:29:59.904] [INFO] system - <成績時間カウント開始>
[2021-03-30T23:29:59.905] [INFO] system - 購入可能状態確認start(1回目)
[2021-03-30T23:30:02.926] [INFO] system - !購入ページ存在確認!
[2021-03-30T23:30:02.927] [INFO] system - 購入可能状態確認end
[2021-03-30T23:30:02.928] [INFO] system - 枚数選択start(1回目)
[2021-03-30T23:32:03.103] [INFO] system - 枚数選択end
[2021-03-30T23:32:03.103] [INFO] system - 決済処理start(1回目)
[2021-03-30T23:32:03.104] [INFO] system - 購入処理確定開始(freeBuy:false)
[2021-03-30T23:32:03.104] [INFO] system - 購入処理開始(有料)
[2021-03-30T23:32:38.177] [ERROR] system - Error: Protocol error (Runtime.callFunctionOn): Target closed.
    at C:\source\yt-scraping\node_modules\puppeteer\lib\cjs\puppeteer\common\Connection.js:208:63
    at new Promise (<anonymous>)
    at CDPSession.send (C:\source\yt-scraping\node_modules\puppeteer\lib\cjs\puppeteer\common\Connection.js:207:16)
    at ExecutionContext._evaluateInternal (C:\source\yt-scraping\node_modules\puppeteer\lib\cjs\puppeteer\common\ExecutionContext.js:200:50)
    at ExecutionContext.evaluateHandle (C:\source\yt-scraping\node_modules\puppeteer\lib\cjs\puppeteer\common\ExecutionContext.js:151:21)
    at WaitTask.rerun (C:\source\yt-scraping\node_modules\puppeteer\lib\cjs\puppeteer\common\DOMWorld.js:498:71)
    at runMicrotasks (<anonymous>)
    at processTicksAndRejections (internal/process/task_queues.js:93:5)
[2021-03-30T23:32:38.180] [ERROR] system - Error: Protocol error (Target.activateTarget): Session closed. Most likely the page has been closed.
    at CDPSession.send (C:\source\yt-scraping\node_modules\puppeteer\lib\cjs\puppeteer\common\Connection.js:195:35)
    at Page._screenshotTask (C:\source\yt-scraping\node_modules\puppeteer\lib\cjs\puppeteer\common\Page.js:1084:28)
    at C:\source\yt-scraping\node_modules\puppeteer\lib\cjs\puppeteer\common\Page.js:1081:62
    at runMicrotasks (<anonymous>)
    at processTicksAndRejections (internal/process/task_queues.js:93:5)
[2021-03-30T23:32:38.195] [ERROR] system - Error: Protocol error (Target.activateTarget): Session closed. Most likely the page has been closed.
    at CDPSession.send (C:\source\yt-scraping\node_modules\puppeteer\lib\cjs\puppeteer\common\Connection.js:195:35)
    at Page._screenshotTask (C:\source\yt-scraping\node_modules\puppeteer\lib\cjs\puppeteer\common\Page.js:1084:28)
    at C:\source\yt-scraping\node_modules\puppeteer\lib\cjs\puppeteer\common\Page.js:1081:62
    at runMicrotasks (<anonymous>)
    at processTicksAndRejections (internal/process/task_queues.js:93:5)
[2021-03-30T23:32:38.199] [ERROR] system - ReferenceError: page is not defined
    at newBrowser (C:\source\yt-scraping\func-lpkick\lpkick.js:394:5)
    at runMicrotasks (<anonymous>)
    at processTicksAndRejections (internal/process/task_queues.js:93:5)
    at async C:\source\yt-scraping\func-lpkick\lpkick.js:111:5
