[2021-01-14T22:45:10.240] [INFO] system - 2021-01-14 22:45:00にすでに到達
[2021-01-14T22:45:10.244] [INFO] system - ログイン処理想定時間到達
[2021-01-14T22:45:15.263] [INFO] system - send successful
[2021-01-14T22:45:20.135] [INFO] system - 混線なし
[2021-01-14T22:45:20.136] [INFO] system - ログインページに移動完了
[2021-01-14T22:45:26.163] [INFO] system - 混線なし
[2021-01-14T22:45:28.516] [INFO] system - ログイン完了
[2021-01-14T22:45:28.533] [INFO] system - 「１部前売チケット整理番号券」の存在を確認(.table #ticket-338468)
[2021-01-14T22:45:28.534] [INFO] system - 2021-01-14 23:00まで購入処理待機中...
[2021-01-14T22:45:57.688] [INFO] system - 2021-01-14 22:45:00にすでに到達
[2021-01-14T22:45:57.691] [INFO] system - ログイン処理想定時間到達
[2021-01-14T22:46:02.177] [INFO] system - send successful
[2021-01-14T22:46:07.724] [INFO] system - 混線なし
[2021-01-14T22:46:07.725] [INFO] system - ログインページに移動完了
[2021-01-14T22:46:11.739] [INFO] system - 混線なし
[2021-01-14T22:47:34.823] [INFO] system - 2021-01-14 22:45:00にすでに到達
[2021-01-14T22:47:34.826] [INFO] system - ログイン処理想定時間到達
[2021-01-14T22:47:39.123] [INFO] system - send successful
[2021-01-14T22:47:46.302] [INFO] system - 混線なし
[2021-01-14T22:47:46.304] [INFO] system - ログインページに移動完了
[2021-01-14T22:48:23.621] [INFO] system - 2021-01-14 22:45:00にすでに到達
[2021-01-14T22:48:23.624] [INFO] system - ログイン処理想定時間到達
[2021-01-14T22:48:27.822] [INFO] system - send successful
[2021-01-14T22:48:31.221] [INFO] system - 混線なし
[2021-01-14T22:48:31.222] [INFO] system - ログインページに移動完了
[2021-01-14T22:48:35.870] [INFO] system - 混線なし
[2021-01-14T22:48:37.656] [INFO] system - ログイン完了
[2021-01-14T22:48:37.678] [INFO] system - 「３部前売チケット整理番号券」の存在を確認(.table #ticket-338470)
[2021-01-14T22:48:37.679] [INFO] system - 2021-01-14 23:00まで購入処理待機中...
[2021-01-14T22:49:15.431] [INFO] system - 2021-01-14 23:15:00までログイン処理待機中...
[2021-01-14T22:49:19.363] [INFO] system - send successful
[2021-01-14T23:00:00.005] [INFO] system - 購入処理想定時間到達
[2021-01-14T23:00:00.007] [INFO] system - <成績時間カウント開始>
[2021-01-14T23:00:00.005] [INFO] system - 購入処理想定時間到達
[2021-01-14T23:00:00.007] [INFO] system - <成績時間カウント開始>
[2021-01-14T23:00:03.936] [INFO] system - 混線なし
[2021-01-14T23:00:03.938] [INFO] system - 購入状態確認(1回目に成功)
[2021-01-14T23:00:03.938] [INFO] system - 購入処理開始(確定前)
[2021-01-14T23:00:08.370] [INFO] system - 混線なし
[2021-01-14T23:00:08.373] [INFO] system - 購入状態確認(1回目に成功)
[2021-01-14T23:00:08.374] [INFO] system - 購入処理開始(確定前)
[2021-01-14T23:00:12.630] [INFO] system - 混線なし
[2021-01-14T23:00:12.631] [INFO] system - 購入処理確定開始(freeBuy:false)
[2021-01-14T23:00:12.631] [INFO] system - 購入処理開始(有料)
[2021-01-14T23:00:12.871] [INFO] system - 混線なし
[2021-01-14T23:00:21.388] [INFO] system - 購入処理完了(多分)
[2021-01-14T23:00:21.388] [INFO] system - <成績：21.38秒>
[2021-01-14T23:00:26.904] [INFO] system - send successful
[2021-01-14T23:01:10.177] [INFO] system - 2021-01-14 22:45:00にすでに到達
[2021-01-14T23:01:10.180] [INFO] system - ログイン処理想定時間到達
[2021-01-14T23:01:15.021] [INFO] system - send successful
[2021-01-14T23:01:25.141] [INFO] system - 混線なし
[2021-01-14T23:01:25.142] [INFO] system - ログインページに移動完了
[2021-01-14T23:01:34.084] [INFO] system - 混線なし
[2021-01-14T23:01:37.219] [INFO] system - ログイン完了
[2021-01-14T23:01:37.239] [INFO] system - 「１部前売チケット整理番号券」の存在を確認(.table #ticket-338468)
[2021-01-14T23:01:37.240] [INFO] system - 2021-01-14 23:00にすでに到達
[2021-01-14T23:01:37.242] [INFO] system - 購入処理想定時間到達
[2021-01-14T23:01:37.250] [INFO] system - <成績時間カウント開始>
[2021-01-14T23:01:45.305] [INFO] system - 混線なし
[2021-01-14T23:01:45.307] [INFO] system - 購入状態確認(1回目に成功)
[2021-01-14T23:01:45.316] [INFO] system - 購入処理開始(確定前)
[2021-01-14T23:02:30.462] [INFO] system - 2021-01-14 22:45:00にすでに到達
[2021-01-14T23:02:30.465] [INFO] system - ログイン処理想定時間到達
[2021-01-14T23:02:35.179] [INFO] system - send successful
[2021-01-14T23:02:40.222] [INFO] system - 混線なし
[2021-01-14T23:02:40.223] [INFO] system - ログインページに移動完了
[2021-01-14T23:02:46.453] [INFO] system - 混線なし
[2021-01-14T23:02:48.591] [INFO] system - ログイン完了
[2021-01-14T23:02:48.611] [INFO] system - 「１部前売チケット整理番号券」の存在を確認(.table #ticket-338468)
[2021-01-14T23:02:48.613] [INFO] system - 2021-01-14 23:00にすでに到達
[2021-01-14T23:02:48.615] [INFO] system - 購入処理想定時間到達
[2021-01-14T23:02:48.615] [INFO] system - <成績時間カウント開始>
[2021-01-14T23:02:50.419] [INFO] system - 混線なし
[2021-01-14T23:02:50.422] [INFO] system - 購入状態確認(1回目に成功)
[2021-01-14T23:02:50.423] [INFO] system - 購入処理開始(確定前)
[2021-01-14T23:02:50.712] [ERROR] system - Error: Node is either not visible or not an HTMLElement
    at ElementHandle._clickablePoint (C:\sourse\scraping\node_modules\puppeteer\lib\cjs\puppeteer\common\JSHandle.js:337:19)
    at runMicrotasks (<anonymous>)
    at processTicksAndRejections (internal/process/task_queues.js:93:5)
    at async ElementHandle.click (C:\sourse\scraping\node_modules\puppeteer\lib\cjs\puppeteer\common\JSHandle.js:390:26)
    at async DOMWorld.click (C:\sourse\scraping\node_modules\puppeteer\lib\cjs\puppeteer\common\DOMWorld.js:278:9)
    at async targetPageBuy (C:\sourse\scraping\func-lpkick\lpkick.js:370:5)
    at async newBrowser (C:\sourse\scraping\func-lpkick\lpkick.js:205:22)
    at async C:\sourse\scraping\func-lpkick\lpkick.js:80:5
[2021-01-14T23:03:00.328] [INFO] system - send successful
[2021-01-14T23:03:15.881] [INFO] system - 2021-01-14 22:45:00にすでに到達
[2021-01-14T23:03:15.885] [INFO] system - ログイン処理想定時間到達
[2021-01-14T23:03:20.515] [INFO] system - send successful
[2021-01-14T23:03:24.190] [INFO] system - 混線なし
[2021-01-14T23:03:24.192] [INFO] system - ログインページに移動完了
[2021-01-14T23:03:30.000] [INFO] system - 混線なし
[2021-01-14T23:03:31.892] [INFO] system - ログイン完了
[2021-01-14T23:03:31.914] [INFO] system - 「１部前売チケット整理番号券」の存在を確認(.table #ticket-338468)
[2021-01-14T23:03:31.915] [INFO] system - 2021-01-14 23:00にすでに到達
[2021-01-14T23:03:31.917] [INFO] system - 購入処理想定時間到達
[2021-01-14T23:03:31.917] [INFO] system - <成績時間カウント開始>
[2021-01-14T23:03:35.574] [INFO] system - 混線なし
[2021-01-14T23:03:35.578] [INFO] system - 購入状態確認(1回目に成功)
[2021-01-14T23:03:35.579] [INFO] system - 購入処理開始(確定前)
[2021-01-14T23:03:37.156] [ERROR] system - Error: Protocol error (Runtime.callFunctionOn): Target closed.
    at C:\sourse\scraping\node_modules\puppeteer\lib\cjs\puppeteer\common\Connection.js:208:63
    at new Promise (<anonymous>)
    at CDPSession.send (C:\sourse\scraping\node_modules\puppeteer\lib\cjs\puppeteer\common\Connection.js:207:16)
    at ExecutionContext._evaluateInternal (C:\sourse\scraping\node_modules\puppeteer\lib\cjs\puppeteer\common\ExecutionContext.js:200:50)
    at ExecutionContext.evaluateHandle (C:\sourse\scraping\node_modules\puppeteer\lib\cjs\puppeteer\common\ExecutionContext.js:151:21)
    at WaitTask.rerun (C:\sourse\scraping\node_modules\puppeteer\lib\cjs\puppeteer\common\DOMWorld.js:498:71)
    at runMicrotasks (<anonymous>)
    at processTicksAndRejections (internal/process/task_queues.js:93:5)
[2021-01-14T23:03:37.170] [ERROR] system - Error: Protocol error (Target.activateTarget): Session closed. Most likely the page has been closed.
    at CDPSession.send (C:\sourse\scraping\node_modules\puppeteer\lib\cjs\puppeteer\common\Connection.js:195:35)
    at Page._screenshotTask (C:\sourse\scraping\node_modules\puppeteer\lib\cjs\puppeteer\common\Page.js:1084:28)
    at C:\sourse\scraping\node_modules\puppeteer\lib\cjs\puppeteer\common\Page.js:1081:62
    at runMicrotasks (<anonymous>)
    at processTicksAndRejections (internal/process/task_queues.js:93:5)
[2021-01-14T23:03:37.182] [ERROR] system - ReferenceError: page is not defined
    at newBrowser (C:\sourse\scraping\func-lpkick\lpkick.js:233:5)
    at runMicrotasks (<anonymous>)
    at processTicksAndRejections (internal/process/task_queues.js:93:5)
    at async C:\sourse\scraping\func-lpkick\lpkick.js:80:5
[2021-01-14T23:04:05.157] [INFO] system - 2021-01-14 22:45:00にすでに到達
[2021-01-14T23:04:05.161] [INFO] system - ログイン処理想定時間到達
[2021-01-14T23:04:09.534] [INFO] system - send successful
[2021-01-14T23:04:16.258] [INFO] system - 混線なし
[2021-01-14T23:04:16.260] [INFO] system - ログインページに移動完了
[2021-01-14T23:04:21.197] [INFO] system - 混線なし
[2021-01-14T23:04:23.066] [INFO] system - ログイン完了
[2021-01-14T23:04:23.086] [INFO] system - 「１部前売チケット整理番号券」の存在を確認(.table #ticket-338468)
[2021-01-14T23:04:23.094] [INFO] system - 2021-01-14 23:00にすでに到達
[2021-01-14T23:04:23.096] [INFO] system - 購入処理想定時間到達
[2021-01-14T23:04:23.097] [INFO] system - <成績時間カウント開始>
[2021-01-14T23:04:29.158] [INFO] system - 混線なし
[2021-01-14T23:04:29.161] [INFO] system - 購入状態確認(1回目に成功)
[2021-01-14T23:04:29.172] [INFO] system - 購入処理開始(確定前)
[2021-01-14T23:04:33.535] [INFO] system - 混線なし
[2021-01-14T23:04:33.535] [INFO] system - 購入処理確定開始(freeBuy:false)
[2021-01-14T23:04:33.536] [INFO] system - 購入処理開始(有料)
[2021-01-14T23:04:33.799] [INFO] system - 混線なし
[2021-01-14T23:04:38.253] [INFO] system - 購入処理完了(多分)
[2021-01-14T23:04:38.254] [INFO] system - <成績：15.157秒>
[2021-01-14T23:04:42.626] [INFO] system - send successful
[2021-01-14T23:15:00.011] [INFO] system - ログイン処理想定時間到達
[2021-01-14T23:15:05.265] [INFO] system - 混線なし
[2021-01-14T23:15:05.265] [INFO] system - ログインページに移動完了
[2021-01-14T23:15:09.914] [INFO] system - 混線なし
[2021-01-14T23:15:12.373] [INFO] system - ログイン完了
[2021-01-14T23:15:12.392] [INFO] system - 「１部前方チケット整理番号券」の存在を確認(.table #ticket-339055)
[2021-01-14T23:15:12.394] [INFO] system - 2021-01-14 23:30まで購入処理待機中...
[2021-01-14T23:30:00.003] [INFO] system - 購入処理想定時間到達
[2021-01-14T23:30:00.005] [INFO] system - <成績時間カウント開始>
[2021-01-14T23:30:06.775] [INFO] system - 混線なし
[2021-01-14T23:30:06.778] [INFO] system - 購入状態確認(1回目に成功)
[2021-01-14T23:30:06.789] [INFO] system - 購入処理開始(確定前)
[2021-01-14T23:30:16.163] [INFO] system - 混線なし
[2021-01-14T23:30:16.163] [INFO] system - 購入処理確定開始(freeBuy:false)
[2021-01-14T23:30:16.163] [INFO] system - 購入処理開始(有料)
[2021-01-14T23:30:16.399] [INFO] system - 混線なし
[2021-01-14T23:30:31.672] [INFO] system - 購入処理完了(多分)
[2021-01-14T23:30:31.672] [INFO] system - <成績：31.667秒>
[2021-01-14T23:30:36.614] [INFO] system - send successful
