[2021-03-22T11:04:03.162] [INFO] system - 【Windows版起動】
[2021-03-22T11:04:03.163] [INFO] system - キック：{"---1---":"====== BasicSetting ======","mainUrl":"https://t.livepocket.jp/","loginUrl":"https://t.livepocket.jp/login?acroot=header-new_p_u_nl","mypageUrl":"https://t.livepocket.jp/my_top","autoLogin":false,"confUser":"kisyan3333@gmail.com","confPass":"6yjAWLhCxVT2","targetUrl":"https://t.livepocket.jp/e/shanipare_zepp/","targetTicket":null,"targetName":"後方チケット整理番号券","targetNumber":"1","storeTypeId":"002","startTime":"2021-03-18 23:00","isBrowse":true,"isFree":false,"isCredit":false,"isTest":true,"isLanguage":"ja","isStage":false,"isJamCheck":true,"isMailSend":false,"---2---":"====== MailSetting(GmailOnly) ======","fromMail":"sugachan.tectec@gmail.com","fromMailPass":"sero3202","toMail":"","toSysMail":"trigger@applet.ifttt.com","isWindows":["Windows"],"loginTime":"2021-03-18 22:45","notCheckOnly":true}
[2021-03-22T11:04:03.175] [INFO] system - 【テスト】
[2021-03-22T11:04:03.182] [INFO] system - 2021-03-18 22:45:00にすでに到達
[2021-03-22T11:04:03.185] [INFO] system - ログイン処理想定時間到達
[2021-03-22T11:04:05.000] [INFO] system - ブラウザ起動後準備完了
[2021-03-22T11:04:10.051] [INFO] system - 混線なし
[2021-03-22T11:04:10.052] [INFO] system - ログインページに移動完了
[2021-03-22T11:04:12.620] [INFO] system - 混線なし
[2021-03-22T11:04:14.408] [INFO] system - ログイン完了
[2021-03-22T11:04:14.535] [INFO] system - 「後方チケット整理番号券」の存在を確認(.table #ticket-378786)
[2021-03-22T11:04:14.536] [INFO] system - 2021-03-18 23:00にすでに到達
[2021-03-22T11:04:14.538] [INFO] system - 購入処理想定時間到達
[2021-03-22T11:04:14.548] [INFO] system - <成績時間カウント開始>
[2021-03-22T11:04:17.157] [INFO] system - 混線なし
[2021-03-22T11:04:17.159] [INFO] system - 購入状態確認(1回目に成功)
[2021-03-22T11:04:17.160] [INFO] system - 購入処理開始(確定前)
[2021-03-22T11:05:35.675] [ERROR] system - Error: Protocol error (Runtime.callFunctionOn): Target closed.
    at C:\source\yt-scraping\node_modules\puppeteer\lib\cjs\puppeteer\common\Connection.js:208:63
    at new Promise (<anonymous>)
    at CDPSession.send (C:\source\yt-scraping\node_modules\puppeteer\lib\cjs\puppeteer\common\Connection.js:207:16)
    at ExecutionContext._evaluateInternal (C:\source\yt-scraping\node_modules\puppeteer\lib\cjs\puppeteer\common\ExecutionContext.js:200:50)
    at ExecutionContext.evaluateHandle (C:\source\yt-scraping\node_modules\puppeteer\lib\cjs\puppeteer\common\ExecutionContext.js:151:21)
    at WaitTask.rerun (C:\source\yt-scraping\node_modules\puppeteer\lib\cjs\puppeteer\common\DOMWorld.js:498:71)
    at runMicrotasks (<anonymous>)
    at processTicksAndRejections (internal/process/task_queues.js:93:5)
[2021-03-22T11:05:35.681] [ERROR] system - Error: Protocol error (Target.activateTarget): Session closed. Most likely the page has been closed.
    at CDPSession.send (C:\source\yt-scraping\node_modules\puppeteer\lib\cjs\puppeteer\common\Connection.js:195:35)
    at Page._screenshotTask (C:\source\yt-scraping\node_modules\puppeteer\lib\cjs\puppeteer\common\Page.js:1084:28)
    at C:\source\yt-scraping\node_modules\puppeteer\lib\cjs\puppeteer\common\Page.js:1081:62
    at runMicrotasks (<anonymous>)
    at processTicksAndRejections (internal/process/task_queues.js:93:5)
[2021-03-22T11:05:35.711] [ERROR] system - ReferenceError: page is not defined
    at newBrowser (C:\source\yt-scraping\func-lpkick\lpkick.js:302:5)
    at runMicrotasks (<anonymous>)
    at processTicksAndRejections (internal/process/task_queues.js:93:5)
    at async C:\source\yt-scraping\func-lpkick\lpkick.js:107:5
[2021-03-22T11:06:10.998] [INFO] system - 【Windows版起動】
[2021-03-22T11:06:11.000] [INFO] system - キック：{"---1---":"====== BasicSetting ======","mainUrl":"https://t.livepocket.jp/","loginUrl":"https://t.livepocket.jp/login?acroot=header-new_p_u_nl","mypageUrl":"https://t.livepocket.jp/my_top","autoLogin":false,"confUser":"kisyan3333@gmail.com","confPass":"6yjAWLhCxVT2","targetUrl":"https://t.livepocket.jp/e/shanipare_zepp/","targetTicket":null,"targetName":"後方チケット整理番号券","targetNumber":"1","storeTypeId":"002","startTime":"2021-03-18 23:00","isBrowse":true,"isFree":false,"isCredit":false,"isTest":true,"isLanguage":"ja","isStage":false,"isJamCheck":true,"isMailSend":false,"---2---":"====== MailSetting(GmailOnly) ======","fromMail":"sugachan.tectec@gmail.com","fromMailPass":"sero3202","toMail":"","toSysMail":"trigger@applet.ifttt.com","isWindows":["Windows"],"loginTime":"2021-03-18 22:45","notCheckOnly":true}
[2021-03-22T11:06:11.014] [INFO] system - 【テスト】
[2021-03-22T11:06:11.018] [INFO] system - 2021-03-18 22:45:00にすでに到達
[2021-03-22T11:06:11.021] [INFO] system - ログイン処理想定時間到達
[2021-03-22T11:06:11.465] [INFO] system - ブラウザ起動後準備完了
[2021-03-22T11:06:16.269] [INFO] system - 混線なし
[2021-03-22T11:06:16.270] [INFO] system - ログインページに移動完了
[2021-03-22T11:06:18.337] [INFO] system - 混線なし
[2021-03-22T11:06:19.929] [INFO] system - ログイン完了
[2021-03-22T11:06:19.950] [INFO] system - 「後方チケット整理番号券」の存在を確認(.table #ticket-378786)
[2021-03-22T11:06:19.952] [INFO] system - 2021-03-18 23:00にすでに到達
[2021-03-22T11:06:19.953] [INFO] system - 購入処理想定時間到達
[2021-03-22T11:06:19.953] [INFO] system - <成績時間カウント開始>
[2021-03-22T11:06:22.466] [INFO] system - 混線なし
[2021-03-22T11:06:22.468] [INFO] system - 購入状態確認(1回目に成功)
[2021-03-22T11:06:22.470] [INFO] system - 購入処理開始(確定前)
[2021-03-22T11:07:42.506] [INFO] system - 【Windows版起動】
[2021-03-22T11:07:42.508] [INFO] system - キック：{"---1---":"====== BasicSetting ======","mainUrl":"https://t.livepocket.jp/","loginUrl":"https://t.livepocket.jp/login?acroot=header-new_p_u_nl","mypageUrl":"https://t.livepocket.jp/my_top","autoLogin":false,"confUser":"kisyan3333@gmail.com","confPass":"6yjAWLhCxVT2","targetUrl":"https://t.livepocket.jp/e/shanipare_zepp/","targetTicket":null,"targetName":"後方チケット整理番号券","targetNumber":"1","storeTypeId":"002","startTime":"2021-03-18 23:00","isBrowse":true,"isFree":false,"isCredit":false,"isTest":true,"isLanguage":"ja","isStage":false,"isJamCheck":true,"isMailSend":false,"---2---":"====== MailSetting(GmailOnly) ======","fromMail":"sugachan.tectec@gmail.com","fromMailPass":"sero3202","toMail":"","toSysMail":"trigger@applet.ifttt.com","isWindows":["Windows"],"loginTime":"2021-03-18 22:45","notCheckOnly":true}
[2021-03-22T11:07:42.521] [INFO] system - 【テスト】
[2021-03-22T11:07:42.526] [INFO] system - 2021-03-18 22:45:00にすでに到達
[2021-03-22T11:07:42.541] [INFO] system - ログイン処理想定時間到達
[2021-03-22T11:07:42.983] [INFO] system - ブラウザ起動後準備完了
[2021-03-22T11:07:47.880] [INFO] system - 混線なし
[2021-03-22T11:07:47.882] [INFO] system - ログインページに移動完了
[2021-03-22T11:07:50.072] [INFO] system - 混線なし
[2021-03-22T11:07:51.931] [INFO] system - ログイン完了
[2021-03-22T11:07:51.954] [INFO] system - 「後方チケット整理番号券」の存在を確認(.table #ticket-378786)
[2021-03-22T11:07:51.956] [INFO] system - 2021-03-18 23:00にすでに到達
[2021-03-22T11:07:51.957] [INFO] system - 購入処理想定時間到達
[2021-03-22T11:07:51.957] [INFO] system - <成績時間カウント開始>
[2021-03-22T11:07:54.369] [INFO] system - 混線なし
[2021-03-22T11:07:54.373] [INFO] system - 購入状態確認(1回目に成功)
[2021-03-22T11:07:54.382] [INFO] system - 購入処理開始(確定前)
[2021-03-22T11:08:00.267] [ERROR] system - Error: Protocol error (Runtime.callFunctionOn): Target closed.
    at C:\source\yt-scraping\node_modules\puppeteer\lib\cjs\puppeteer\common\Connection.js:208:63
    at new Promise (<anonymous>)
    at CDPSession.send (C:\source\yt-scraping\node_modules\puppeteer\lib\cjs\puppeteer\common\Connection.js:207:16)
    at ExecutionContext._evaluateInternal (C:\source\yt-scraping\node_modules\puppeteer\lib\cjs\puppeteer\common\ExecutionContext.js:200:50)
    at ExecutionContext.evaluateHandle (C:\source\yt-scraping\node_modules\puppeteer\lib\cjs\puppeteer\common\ExecutionContext.js:151:21)
    at WaitTask.rerun (C:\source\yt-scraping\node_modules\puppeteer\lib\cjs\puppeteer\common\DOMWorld.js:498:71)
    at runMicrotasks (<anonymous>)
    at processTicksAndRejections (internal/process/task_queues.js:93:5)
[2021-03-22T11:08:00.270] [ERROR] system - Error: Protocol error (Target.activateTarget): Session closed. Most likely the page has been closed.
    at CDPSession.send (C:\source\yt-scraping\node_modules\puppeteer\lib\cjs\puppeteer\common\Connection.js:195:35)
    at Page._screenshotTask (C:\source\yt-scraping\node_modules\puppeteer\lib\cjs\puppeteer\common\Page.js:1084:28)
    at C:\source\yt-scraping\node_modules\puppeteer\lib\cjs\puppeteer\common\Page.js:1081:62
    at runMicrotasks (<anonymous>)
    at processTicksAndRejections (internal/process/task_queues.js:93:5)
[2021-03-22T11:08:00.285] [ERROR] system - ReferenceError: page is not defined
    at newBrowser (C:\source\yt-scraping\func-lpkick\lpkick.js:302:5)
    at runMicrotasks (<anonymous>)
    at processTicksAndRejections (internal/process/task_queues.js:93:5)
    at async C:\source\yt-scraping\func-lpkick\lpkick.js:107:5
[2021-03-22T11:08:09.839] [INFO] system - 【Windows版起動】
[2021-03-22T11:08:09.840] [INFO] system - キック：{"---1---":"====== BasicSetting ======","mainUrl":"https://t.livepocket.jp/","loginUrl":"https://t.livepocket.jp/login?acroot=header-new_p_u_nl","mypageUrl":"https://t.livepocket.jp/my_top","autoLogin":false,"confUser":"kisyan3333@gmail.com","confPass":"6yjAWLhCxVT2","targetUrl":"https://t.livepocket.jp/e/shanipare_zepp/","targetTicket":null,"targetName":"後方チケット整理番号券","targetNumber":"1","storeTypeId":"002","startTime":"2021-03-18 23:00","isBrowse":true,"isFree":false,"isCredit":false,"isTest":true,"isLanguage":"ja","isStage":false,"isJamCheck":true,"isMailSend":false,"---2---":"====== MailSetting(GmailOnly) ======","fromMail":"sugachan.tectec@gmail.com","fromMailPass":"sero3202","toMail":"","toSysMail":"trigger@applet.ifttt.com","isWindows":["Windows"],"loginTime":"2021-03-18 22:45","notCheckOnly":true}
[2021-03-22T11:08:09.854] [INFO] system - 【テスト】
[2021-03-22T11:08:09.859] [INFO] system - 2021-03-18 22:45:00にすでに到達
[2021-03-22T11:08:09.873] [INFO] system - ログイン処理想定時間到達
[2021-03-22T11:08:10.288] [INFO] system - ブラウザ起動後準備完了
[2021-03-22T11:08:14.936] [INFO] system - 混線なし
[2021-03-22T11:08:14.937] [INFO] system - ログインページに移動完了
[2021-03-22T11:08:17.706] [INFO] system - 混線なし
[2021-03-22T11:08:19.324] [INFO] system - ログイン完了
[2021-03-22T11:08:19.347] [INFO] system - 「後方チケット整理番号券」の存在を確認(.table #ticket-378786)
[2021-03-22T11:08:19.348] [INFO] system - 2021-03-18 23:00にすでに到達
[2021-03-22T11:08:19.350] [INFO] system - 購入処理想定時間到達
[2021-03-22T11:08:19.350] [INFO] system - <成績時間カウント開始>
[2021-03-22T11:08:22.118] [INFO] system - 混線なし
[2021-03-22T11:08:22.121] [INFO] system - 購入状態確認(1回目に成功)
[2021-03-22T11:08:22.122] [INFO] system - 購入処理開始(確定前)
[2021-03-22T11:08:28.578] [ERROR] system - Error: Protocol error (Runtime.callFunctionOn): Target closed.
    at C:\source\yt-scraping\node_modules\puppeteer\lib\cjs\puppeteer\common\Connection.js:208:63
    at new Promise (<anonymous>)
    at CDPSession.send (C:\source\yt-scraping\node_modules\puppeteer\lib\cjs\puppeteer\common\Connection.js:207:16)
    at ExecutionContext._evaluateInternal (C:\source\yt-scraping\node_modules\puppeteer\lib\cjs\puppeteer\common\ExecutionContext.js:200:50)
    at ExecutionContext.evaluateHandle (C:\source\yt-scraping\node_modules\puppeteer\lib\cjs\puppeteer\common\ExecutionContext.js:151:21)
    at WaitTask.rerun (C:\source\yt-scraping\node_modules\puppeteer\lib\cjs\puppeteer\common\DOMWorld.js:498:71)
    at runMicrotasks (<anonymous>)
    at processTicksAndRejections (internal/process/task_queues.js:93:5)
[2021-03-22T11:08:28.580] [ERROR] system - Error: Protocol error (Target.activateTarget): Session closed. Most likely the page has been closed.
    at CDPSession.send (C:\source\yt-scraping\node_modules\puppeteer\lib\cjs\puppeteer\common\Connection.js:195:35)
    at Page._screenshotTask (C:\source\yt-scraping\node_modules\puppeteer\lib\cjs\puppeteer\common\Page.js:1084:28)
    at C:\source\yt-scraping\node_modules\puppeteer\lib\cjs\puppeteer\common\Page.js:1081:62
    at runMicrotasks (<anonymous>)
    at processTicksAndRejections (internal/process/task_queues.js:93:5)
[2021-03-22T11:08:28.594] [ERROR] system - ReferenceError: page is not defined
    at newBrowser (C:\source\yt-scraping\func-lpkick\lpkick.js:302:5)
    at runMicrotasks (<anonymous>)
    at processTicksAndRejections (internal/process/task_queues.js:93:5)
    at async C:\source\yt-scraping\func-lpkick\lpkick.js:107:5
[2021-03-22T11:11:17.033] [INFO] system - 【Windows版起動】
[2021-03-22T11:11:17.034] [INFO] system - キック：{"---1---":"====== BasicSetting ======","mainUrl":"https://t.livepocket.jp/","loginUrl":"https://t.livepocket.jp/login?acroot=header-new_p_u_nl","mypageUrl":"https://t.livepocket.jp/my_top","autoLogin":false,"confUser":"kisyan3333@gmail.com","confPass":"6yjAWLhCxVT2","targetUrl":"https://t.livepocket.jp/e/shanipare_zepp/","targetTicket":null,"targetName":"後方チケット整理番号券","targetNumber":"1","storeTypeId":"002","startTime":"2021-03-18 23:00","isBrowse":true,"isFree":false,"isCredit":false,"isTest":true,"isLanguage":"ja","isStage":false,"isJamCheck":true,"isMailSend":false,"---2---":"====== MailSetting(GmailOnly) ======","fromMail":"sugachan.tectec@gmail.com","fromMailPass":"sero3202","toMail":"","toSysMail":"trigger@applet.ifttt.com","isWindows":["Windows"],"loginTime":"2021-03-18 22:45","notCheckOnly":true}
[2021-03-22T11:11:17.047] [INFO] system - 【テスト】
[2021-03-22T11:11:17.052] [INFO] system - 2021-03-18 22:45:00にすでに到達
[2021-03-22T11:11:17.054] [INFO] system - ログイン処理想定時間到達
[2021-03-22T11:11:17.499] [INFO] system - ブラウザ起動後準備完了
[2021-03-22T11:11:22.012] [INFO] system - 混線なし
[2021-03-22T11:11:22.013] [INFO] system - ログインページに移動完了
[2021-03-22T11:11:24.422] [INFO] system - 混線なし
[2021-03-22T11:11:26.167] [INFO] system - ログイン完了
[2021-03-22T11:11:26.332] [INFO] system - 「後方チケット整理番号券」の存在を確認(.table #ticket-378786)
[2021-03-22T11:11:26.333] [INFO] system - 2021-03-18 23:00にすでに到達
[2021-03-22T11:11:26.336] [INFO] system - 購入処理想定時間到達
[2021-03-22T11:11:26.343] [INFO] system - <成績時間カウント開始>
[2021-03-22T11:11:28.780] [INFO] system - 混線なし
[2021-03-22T11:11:28.782] [INFO] system - 購入状態確認(1回目に成功)
[2021-03-22T11:11:28.783] [INFO] system - 購入処理開始(確定前)
[2021-03-22T11:11:28.883] [INFO] system - 枚数選択完了
[2021-03-22T11:14:32.508] [INFO] system - 【Windows版起動】
[2021-03-22T11:14:32.510] [INFO] system - キック：{"---1---":"====== BasicSetting ======","mainUrl":"https://t.livepocket.jp/","loginUrl":"https://t.livepocket.jp/login?acroot=header-new_p_u_nl","mypageUrl":"https://t.livepocket.jp/my_top","autoLogin":false,"confUser":"kisyan3333@gmail.com","confPass":"6yjAWLhCxVT2","targetUrl":"https://t.livepocket.jp/e/shanipare_zepp/","targetTicket":null,"targetName":"後方チケット整理番号券","targetNumber":"1","storeTypeId":"002","startTime":"2021-03-18 23:00","isBrowse":true,"isFree":false,"isCredit":false,"isTest":true,"isLanguage":"ja","isStage":false,"isJamCheck":true,"isMailSend":false,"---2---":"====== MailSetting(GmailOnly) ======","fromMail":"sugachan.tectec@gmail.com","fromMailPass":"sero3202","toMail":"","toSysMail":"trigger@applet.ifttt.com","isWindows":["Windows"],"loginTime":"2021-03-18 22:45","notCheckOnly":true}
[2021-03-22T11:14:32.521] [INFO] system - 【テスト】
[2021-03-22T11:14:32.527] [INFO] system - 2021-03-18 22:45:00にすでに到達
[2021-03-22T11:14:32.540] [INFO] system - ログイン処理想定時間到達
[2021-03-22T11:14:32.972] [INFO] system - ブラウザ起動後準備完了
[2021-03-22T11:14:37.630] [INFO] system - 混線なし
[2021-03-22T11:14:37.630] [INFO] system - ログインページに移動完了
[2021-03-22T11:14:40.320] [INFO] system - 混線なし
[2021-03-22T11:14:42.130] [INFO] system - ログイン完了
[2021-03-22T11:14:42.154] [INFO] system - 「後方チケット整理番号券」の存在を確認(.table #ticket-378786)
[2021-03-22T11:14:42.155] [INFO] system - 2021-03-18 23:00にすでに到達
[2021-03-22T11:14:42.156] [INFO] system - 購入処理想定時間到達
[2021-03-22T11:14:42.157] [INFO] system - <成績時間カウント開始>
[2021-03-22T11:14:44.954] [INFO] system - 混線なし
[2021-03-22T11:14:44.956] [INFO] system - 購入状態確認(1回目に成功)
[2021-03-22T11:14:44.965] [INFO] system - 購入処理開始(確定前)
[2021-03-22T11:14:44.990] [INFO] system - 枚数選択完了
[2021-03-22T11:14:46.089] [INFO] system - 枚数選択完了
[2021-03-22T11:14:47.469] [INFO] system - 混線なし
[2021-03-22T11:14:47.477] [INFO] system - 購入処理確定開始(freeBuy:false)
[2021-03-22T11:14:47.483] [INFO] system - 購入処理開始(有料)
[2021-03-22T11:14:47.683] [INFO] system - 規約に同意クリック
[2021-03-22T11:14:47.683] [INFO] system - 【テスト:決済ロジック】
[2021-03-22T11:14:47.684] [INFO] system - <成績：5.527秒>
[2021-03-22T11:32:55.840] [INFO] system - 【Windows版起動】
[2021-03-22T11:32:55.842] [INFO] system - キック：{"---1---":"====== BasicSetting ======","mainUrl":"https://t.livepocket.jp/","loginUrl":"https://t.livepocket.jp/login?acroot=header-new_p_u_nl","mypageUrl":"https://t.livepocket.jp/my_top","autoLogin":false,"confUser":"chiaochiao.sonmi@gmail.com","confPass":"sero3202","targetUrl":"https://t.livepocket.jp/e/chula_neco_tadashiiyo/","targetTicket":null,"targetName":"前方チケット整理番号券","targetNumber":"1","storeTypeId":"002","startTime":"2021-03-22 23:00","isBrowse":true,"isFree":false,"isCredit":false,"isTest":false,"isLanguage":"ja","isStage":false,"isJamCheck":true,"isMailSend":false,"---2---":"====== MailSetting(GmailOnly) ======","fromMail":"sugachan.tectec@gmail.com","fromMailPass":"sero3202","toMail":"","toSysMail":"trigger@applet.ifttt.com","isWindows":["Windows"],"loginTime":"2021-03-22 22:45","notCheckOnly":true}
[2021-03-22T11:32:55.859] [INFO] system - 2021-03-22 22:45:00までログイン処理待機中...
[2021-03-22T19:36:30.139] [INFO] system - 【Windows版起動】
[2021-03-22T19:36:30.140] [INFO] system - キック：{"---1---":"====== BasicSetting ======","mainUrl":"https://t.livepocket.jp/","loginUrl":"https://t.livepocket.jp/login?acroot=header-new_p_u_nl","mypageUrl":"https://t.livepocket.jp/my_top","autoLogin":false,"confUser":"chiaochiao.sonmi@gmail.com","confPass":"sero3202","targetUrl":"https://t.livepocket.jp/e/chula_neco_tadashiiyo/","targetTicket":null,"targetName":"前方チケット整理番号券","targetNumber":"1","storeTypeId":"002","startTime":"2021-03-22 23:00","isBrowse":true,"isFree":false,"isCredit":false,"isTest":false,"isLanguage":"ja","isStage":false,"isJamCheck":true,"isMailSend":false,"---2---":"====== MailSetting(GmailOnly) ======","fromMail":"sugachan.tectec@gmail.com","fromMailPass":"sero3202","toMail":"","toSysMail":"trigger@applet.ifttt.com","isWindows":["Windows"],"loginTime":"2021-03-22 22:45","notCheckOnly":true}
[2021-03-22T19:36:30.158] [INFO] system - 2021-03-22 22:45:00までログイン処理待機中...
[2021-03-22T22:45:00.209] [INFO] system - ログイン処理想定時間到達
[2021-03-22T22:45:00.826] [INFO] system - ブラウザ起動後準備完了
[2021-03-22T22:45:05.776] [INFO] system - 混線なし
[2021-03-22T22:45:05.778] [INFO] system - ログインページに移動完了
[2021-03-22T22:45:08.352] [INFO] system - 混線なし
[2021-03-22T22:45:09.843] [INFO] system - ログイン完了
[2021-03-22T22:45:09.964] [INFO] system - 「前方チケット整理番号券」の存在を確認(.table #ticket-380905)
[2021-03-22T22:45:09.966] [INFO] system - 2021-03-22 23:00まで購入処理待機中...
[2021-03-22T23:00:00.041] [INFO] system - 購入処理想定時間到達
[2021-03-22T23:00:00.041] [INFO] system - <成績時間カウント開始>
[2021-03-22T23:00:10.144] [INFO] system - 混線なし
[2021-03-22T23:00:10.146] [INFO] system - 購入状態確認(1回目に成功)
[2021-03-22T23:00:10.155] [INFO] system - 購入処理開始(確定前)
[2021-03-22T23:00:10.250] [INFO] system - 枚数選択完了
[2021-03-22T23:00:12.214] [INFO] system - 混線のため60秒待機開始...
[2021-03-22T23:01:16.591] [INFO] system - 混線解消(1回目に成功)
[2021-03-22T23:01:16.593] [INFO] system - 購入処理確定開始(freeBuy:false)
[2021-03-22T23:01:16.594] [INFO] system - 購入処理開始(有料)
[2021-03-22T23:05:46.175] [ERROR] system - Error: Protocol error (Runtime.callFunctionOn): Target closed.
    at C:\source\yt-scraping\node_modules\puppeteer\lib\cjs\puppeteer\common\Connection.js:208:63
    at new Promise (<anonymous>)
    at CDPSession.send (C:\source\yt-scraping\node_modules\puppeteer\lib\cjs\puppeteer\common\Connection.js:207:16)
    at ExecutionContext._evaluateInternal (C:\source\yt-scraping\node_modules\puppeteer\lib\cjs\puppeteer\common\ExecutionContext.js:200:50)
    at ExecutionContext.evaluateHandle (C:\source\yt-scraping\node_modules\puppeteer\lib\cjs\puppeteer\common\ExecutionContext.js:151:21)
    at WaitTask.rerun (C:\source\yt-scraping\node_modules\puppeteer\lib\cjs\puppeteer\common\DOMWorld.js:498:71)
    at runMicrotasks (<anonymous>)
    at processTicksAndRejections (internal/process/task_queues.js:93:5)
[2021-03-22T23:05:46.222] [ERROR] system - Error: Protocol error (Target.activateTarget): Session closed. Most likely the page has been closed.
    at CDPSession.send (C:\source\yt-scraping\node_modules\puppeteer\lib\cjs\puppeteer\common\Connection.js:195:35)
    at Page._screenshotTask (C:\source\yt-scraping\node_modules\puppeteer\lib\cjs\puppeteer\common\Page.js:1084:28)
    at C:\source\yt-scraping\node_modules\puppeteer\lib\cjs\puppeteer\common\Page.js:1081:62
    at runMicrotasks (<anonymous>)
    at processTicksAndRejections (internal/process/task_queues.js:93:5)
[2021-03-22T23:05:46.227] [ERROR] system - Error: Protocol error (Target.activateTarget): Session closed. Most likely the page has been closed.
    at CDPSession.send (C:\source\yt-scraping\node_modules\puppeteer\lib\cjs\puppeteer\common\Connection.js:195:35)
    at Page._screenshotTask (C:\source\yt-scraping\node_modules\puppeteer\lib\cjs\puppeteer\common\Page.js:1084:28)
    at C:\source\yt-scraping\node_modules\puppeteer\lib\cjs\puppeteer\common\Page.js:1081:62
    at runMicrotasks (<anonymous>)
    at processTicksAndRejections (internal/process/task_queues.js:93:5)
[2021-03-22T23:05:46.230] [ERROR] system - ReferenceError: page is not defined
    at newBrowser (C:\source\yt-scraping\func-lpkick\lpkick.js:306:5)
    at runMicrotasks (<anonymous>)
    at processTicksAndRejections (internal/process/task_queues.js:93:5)
    at async C:\source\yt-scraping\func-lpkick\lpkick.js:111:5
