[2021-10-09T10:39:55.268] [INFO] system - キック：{"isWindows":["Windows"],"---1---":"====== BasicSetting ======","mypageUrl":"https://t.livepocket.jp/my_top","autoLogin":false,"confUser":"dabame8549@mi166.com","confPass":"6yjAWLhCxVT2","testUser":"sugachan.tectec@gmail.com","testPass":"6yjAWLhCxVT2","targetUrl":"https://t.livepocket.jp/e/rzqc1/","targetName":"12：00","targetNumber":"1","storeTypeId":"002","loginTime":"2021-10-09 16:45","startTime":"2021-10-09 17:00","isBrowse":true,"isTest":false,"isJamCheck":true,"isCredit":false,"isMailSend":false,"notCheckOnly":true,"isClose":false,"isMobile":true,"dareSec":0,"isConnect":true,"isLogger":true,"advSec":-245,"isOrigin":true,"isOriginCancel":false,"jamTryCnt":10,"isProxy":false,"proxy":"45.130.126.194:8000","proxyUser":"Z3SpVY","proxyPass":"SqoYCw","---2---":"====== MailSetting(GmailOnly) ======","fromMail":"sugachan.tectec@gmail.com","fromMailPass":"sero3202","toMail":"","toSysMail":"trigger@applet.ifttt.com"}
[2021-10-09T10:39:55.273] [INFO] system - 【本番】
[2021-10-09T10:39:55.278] [INFO] system - 2021-10-09 16:45:00までログイン処理待機中...
[2021-10-09T13:32:38.520] [INFO] system - キック：{"isWindows":["Windows"],"---1---":"====== BasicSetting ======","mypageUrl":"https://t.livepocket.jp/my_top","autoLogin":false,"confUser":"dabame8549@mi166.com","confPass":"6yjAWLhCxVT2","testUser":"sugachan.tectec@gmail.com","testPass":"6yjAWLhCxVT2","targetUrl":"https://t.livepocket.jp/e/rzqc1/","targetName":"12：00","targetNumber":"1","storeTypeId":"002","loginTime":"2021-10-09 16:45","startTime":"2021-10-09 17:00","isBrowse":true,"isTest":false,"isJamCheck":true,"isCredit":false,"isMailSend":false,"notCheckOnly":true,"isClose":false,"isMobile":true,"dareSec":0,"isConnect":true,"isLogger":true,"advSec":-245,"isOrigin":true,"isOriginCancel":false,"jamTryCnt":10,"isProxy":false,"proxy":"45.130.126.194:8000","proxyUser":"Z3SpVY","proxyPass":"SqoYCw","---2---":"====== MailSetting(GmailOnly) ======","fromMail":"sugachan.tectec@gmail.com","fromMailPass":"sero3202","toMail":"","toSysMail":"trigger@applet.ifttt.com"}
[2021-10-09T13:32:38.523] [INFO] system - 【本番】
[2021-10-09T13:32:38.527] [INFO] system - 2021-10-09 16:45:00までログイン処理待機中...
[2021-10-09T16:19:35.681] [INFO] system - キック：{"isWindows":["Windows"],"---1---":"====== BasicSetting ======","mypageUrl":"https://t.livepocket.jp/my_top","autoLogin":false,"confUser":"natipo5714@mom2kid.com","confPass":"6yjAWLhCxVT2","testUser":"sugachan.tectec@gmail.com","testPass":"6yjAWLhCxVT2","targetUrl":"https://t.livepocket.jp/e/rzqc1/","targetName":"13：00","targetNumber":"1","storeTypeId":"002","loginTime":"2021-10-09 16:45","startTime":"2021-10-09 17:00","isBrowse":true,"isTest":false,"isJamCheck":true,"isCredit":false,"isMailSend":false,"notCheckOnly":true,"isClose":false,"isMobile":true,"dareSec":0,"isConnect":true,"isLogger":true,"advSec":-245,"isOrigin":true,"isOriginCancel":false,"jamTryCnt":10,"isProxy":false,"proxy":"45.130.126.194:8000","proxyUser":"Z3SpVY","proxyPass":"SqoYCw","---2---":"====== MailSetting(GmailOnly) ======","fromMail":"sugachan.tectec@gmail.com","fromMailPass":"sero3202","toMail":"","toSysMail":"trigger@applet.ifttt.com"}
[2021-10-09T16:19:35.684] [INFO] system - 【本番】
[2021-10-09T16:19:35.688] [INFO] system - 2021-10-09 16:45:00までログイン処理待機中...
[2021-10-09T16:45:00.019] [INFO] system - ログイン処理想定時間到達
[2021-10-09T16:45:00.713] [INFO] system - ログイン処理想定時間到達
[2021-10-09T16:45:00.820] [INFO] system - ブラウザ起動後準備完了
[2021-10-09T16:45:01.519] [INFO] system - ブラウザ起動後準備完了
[2021-10-09T16:45:02.456] [INFO] system - ログインページに移動完了
[2021-10-09T16:45:03.287] [INFO] system - ログインページに移動完了
[2021-10-09T16:45:04.819] [INFO] system - ログイン完了
[2021-10-09T16:45:04.830] [INFO] system - 混線なし
[2021-10-09T16:45:04.861] [INFO] system - 「13：00」の存在を確認(.table #ticket-514762)
[2021-10-09T16:45:05.641] [INFO] system - ログイン完了
[2021-10-09T16:45:05.647] [INFO] system - 混線なし
[2021-10-09T16:45:05.678] [INFO] system - 「12：00」の存在を確認(.table #ticket-514760)
[2021-10-09T16:45:07.628] [INFO] system - .table #ticket-514762ロック外し開始
[2021-10-09T16:45:07.636] [INFO] system - 1セット選択終了
[2021-10-09T16:45:07.638] [INFO] system - 2021-10-09 16:59:29までページバック待機中...
[2021-10-09T16:45:08.627] [INFO] system - .table #ticket-514760ロック外し開始
[2021-10-09T16:45:08.639] [INFO] system - 1セット選択終了
[2021-10-09T16:45:08.640] [INFO] system - 2021-10-09 16:59:29までページバック待機中...
[2021-10-09T16:59:29.761] [INFO] system - 前ページへ移動
[2021-10-09T16:59:29.761] [INFO] system - 前ページへ移動
[2021-10-09T16:59:31.394] [INFO] system - 2021-10-09 16:59:59まで購入処理待機中...
[2021-10-09T16:59:31.514] [INFO] system - 2021-10-09 16:59:59まで購入処理待機中...
[2021-10-09T16:59:59.756] [INFO] system - 購入処理想定時間到達
[2021-10-09T16:59:59.757] [INFO] system - <成績時間カウント開始>
[2021-10-09T16:59:59.756] [INFO] system - 購入処理想定時間到達
[2021-10-09T16:59:59.758] [INFO] system - 購入可能状態確認start(1回目)
[2021-10-09T16:59:59.758] [INFO] system - <成績時間カウント開始>
[2021-10-09T16:59:59.759] [INFO] system - 次ページへ移動
[2021-10-09T16:59:59.759] [INFO] system - 購入可能状態確認start(1回目)
[2021-10-09T16:59:59.760] [INFO] system - 次ページへ移動
[2021-10-09T17:00:08.695] [INFO] system - 購入可能状態確認end
[2021-10-09T17:00:08.696] [INFO] system - 枚数選択start(1回目)
[2021-10-09T17:00:08.696] [INFO] system - 購入クリック処理1回目
[2021-10-09T17:00:08.704] [INFO] system - 購入クリック処理2回目
[2021-10-09T17:00:08.707] [INFO] system - 購入クリック処理3回目
[2021-10-09T17:00:08.711] [INFO] system - 購入クリック処理4回目
[2021-10-09T17:00:08.714] [INFO] system - 購入クリック処理5回目
[2021-10-09T17:00:08.716] [INFO] system - 購入クリック処理6回目
[2021-10-09T17:00:08.718] [INFO] system - 購入クリック処理7回目
[2021-10-09T17:00:08.721] [INFO] system - 購入クリック処理8回目
[2021-10-09T17:00:08.723] [INFO] system - 購入クリック処理9回目
[2021-10-09T17:00:08.725] [INFO] system - 購入クリック処理10回目
[2021-10-09T17:00:08.728] [INFO] system - 購入クリック処理11回目
[2021-10-09T17:00:08.730] [INFO] system - 購入クリック処理12回目
[2021-10-09T17:00:08.732] [INFO] system - 購入クリック処理13回目
[2021-10-09T17:00:08.734] [INFO] system - 購入クリック処理14回目
[2021-10-09T17:00:08.736] [INFO] system - 購入クリック処理15回目
[2021-10-09T17:00:08.738] [INFO] system - 購入クリック処理16回目
[2021-10-09T17:00:08.740] [INFO] system - 購入クリック処理17回目
[2021-10-09T17:00:08.742] [INFO] system - 購入クリック処理18回目
[2021-10-09T17:00:08.744] [INFO] system - 購入クリック処理19回目
[2021-10-09T17:00:08.745] [INFO] system - 購入クリック処理20回目
[2021-10-09T17:00:08.747] [INFO] system - 購入クリック処理21回目
[2021-10-09T17:00:08.749] [INFO] system - 購入クリック処理22回目
[2021-10-09T17:00:08.750] [INFO] system - 購入クリック処理23回目
[2021-10-09T17:00:08.753] [INFO] system - 購入クリック処理24回目
[2021-10-09T17:00:08.758] [INFO] system - 購入クリック処理25回目
[2021-10-09T17:00:08.762] [INFO] system - 購入クリック処理26回目
[2021-10-09T17:00:11.217] [ERROR] system - Error: Execution context was destroyed, most likely because of a navigation.
    at rewriteError (C:\source\yt-scraping\node_modules\puppeteer\lib\cjs\puppeteer\common\ExecutionContext.js:261:23)
    at runMicrotasks (<anonymous>)
    at processTicksAndRejections (internal/process/task_queues.js:97:5)
    at async ExecutionContext._evaluateInternal (C:\source\yt-scraping\node_modules\puppeteer\lib\cjs\puppeteer\common\ExecutionContext.js:215:61)
    at async ExecutionContext.evaluate (C:\source\yt-scraping\node_modules\puppeteer\lib\cjs\puppeteer\common\ExecutionContext.js:106:16)
    at async targetPageBuySelect (C:\source\yt-scraping\func-lpkick\lpkick.js:900:11)
    at async newBrowser (C:\source\yt-scraping\func-lpkick\lpkick.js:517:11)
    at async C:\source\yt-scraping\func-lpkick\lpkick.js:115:5
[2021-10-09T17:00:11.619] [INFO] system - 枚数選択end(1回目)
[2021-10-09T17:00:11.625] [INFO] system - 混線のため105秒待機開始...
[2021-10-09T17:00:12.308] [INFO] system - 購入可能状態確認end
[2021-10-09T17:00:12.309] [INFO] system - 枚数選択start(1回目)
[2021-10-09T17:00:12.310] [INFO] system - 購入クリック処理1回目
[2021-10-09T17:00:12.318] [INFO] system - 購入クリック処理2回目
[2021-10-09T17:00:12.321] [INFO] system - 購入クリック処理3回目
[2021-10-09T17:00:12.324] [INFO] system - 購入クリック処理4回目
[2021-10-09T17:00:12.327] [INFO] system - 購入クリック処理5回目
[2021-10-09T17:00:12.330] [INFO] system - 購入クリック処理6回目
[2021-10-09T17:00:12.332] [INFO] system - 購入クリック処理7回目
[2021-10-09T17:00:12.334] [INFO] system - 購入クリック処理8回目
[2021-10-09T17:00:12.336] [INFO] system - 購入クリック処理9回目
[2021-10-09T17:00:12.339] [INFO] system - 購入クリック処理10回目
[2021-10-09T17:00:12.343] [INFO] system - 購入クリック処理11回目
[2021-10-09T17:00:12.345] [INFO] system - 購入クリック処理12回目
[2021-10-09T17:00:12.348] [INFO] system - 購入クリック処理13回目
[2021-10-09T17:00:12.351] [INFO] system - 購入クリック処理14回目
[2021-10-09T17:00:12.354] [INFO] system - 購入クリック処理15回目
[2021-10-09T17:00:12.356] [INFO] system - 購入クリック処理16回目
[2021-10-09T17:00:12.358] [INFO] system - 購入クリック処理17回目
[2021-10-09T17:00:12.360] [INFO] system - 購入クリック処理18回目
[2021-10-09T17:00:12.362] [INFO] system - 購入クリック処理19回目
[2021-10-09T17:00:12.364] [INFO] system - 購入クリック処理20回目
[2021-10-09T17:00:12.367] [INFO] system - 購入クリック処理21回目
[2021-10-09T17:00:12.369] [INFO] system - 購入クリック処理22回目
[2021-10-09T17:00:12.371] [INFO] system - 購入クリック処理23回目
[2021-10-09T17:00:12.373] [INFO] system - 購入クリック処理24回目
[2021-10-09T17:00:12.375] [INFO] system - 購入クリック処理25回目
[2021-10-09T17:00:12.377] [INFO] system - 購入クリック処理26回目
[2021-10-09T17:00:12.379] [INFO] system - 購入クリック処理27回目
[2021-10-09T17:00:12.381] [INFO] system - 購入クリック処理28回目
[2021-10-09T17:00:12.383] [INFO] system - 購入クリック処理29回目
[2021-10-09T17:00:12.386] [INFO] system - 購入クリック処理30回目
[2021-10-09T17:00:12.388] [INFO] system - 購入クリック処理31回目
[2021-10-09T17:00:12.390] [INFO] system - 購入クリック処理32回目
[2021-10-09T17:00:12.392] [INFO] system - 購入クリック処理33回目
[2021-10-09T17:00:12.395] [INFO] system - 購入クリック処理34回目
[2021-10-09T17:00:12.397] [INFO] system - 購入クリック処理35回目
[2021-10-09T17:00:12.399] [INFO] system - 購入クリック処理36回目
[2021-10-09T17:00:12.401] [INFO] system - 購入クリック処理37回目
[2021-10-09T17:00:12.403] [INFO] system - 購入クリック処理38回目
[2021-10-09T17:00:12.405] [INFO] system - 購入クリック処理39回目
[2021-10-09T17:00:12.407] [INFO] system - 購入クリック処理40回目
[2021-10-09T17:00:12.409] [INFO] system - 購入クリック処理41回目
[2021-10-09T17:00:12.411] [INFO] system - 購入クリック処理42回目
[2021-10-09T17:00:12.413] [INFO] system - 購入クリック処理43回目
[2021-10-09T17:00:12.416] [INFO] system - 購入クリック処理44回目
[2021-10-09T17:00:12.418] [INFO] system - 購入クリック処理45回目
[2021-10-09T17:00:12.420] [INFO] system - 購入クリック処理46回目
[2021-10-09T17:00:12.422] [INFO] system - 購入クリック処理47回目
[2021-10-09T17:00:12.424] [INFO] system - 購入クリック処理48回目
[2021-10-09T17:00:12.427] [INFO] system - 購入クリック処理49回目
[2021-10-09T17:00:12.428] [INFO] system - 購入クリック処理50回目
[2021-10-09T17:00:12.431] [INFO] system - 購入クリック処理51回目
[2021-10-09T17:00:12.433] [INFO] system - 購入クリック処理52回目
[2021-10-09T17:00:12.435] [INFO] system - 購入クリック処理53回目
[2021-10-09T17:00:12.436] [INFO] system - 購入クリック処理54回目
[2021-10-09T17:00:12.438] [INFO] system - 購入クリック処理55回目
[2021-10-09T17:00:12.440] [INFO] system - 購入クリック処理56回目
[2021-10-09T17:00:12.441] [INFO] system - 購入クリック処理57回目
[2021-10-09T17:00:12.443] [INFO] system - 購入クリック処理58回目
[2021-10-09T17:00:12.445] [INFO] system - 購入クリック処理59回目
[2021-10-09T17:00:12.447] [INFO] system - 購入クリック処理60回目
[2021-10-09T17:00:12.449] [INFO] system - 購入クリック処理61回目
[2021-10-09T17:00:12.451] [INFO] system - 購入クリック処理62回目
[2021-10-09T17:00:12.453] [INFO] system - 購入クリック処理63回目
[2021-10-09T17:00:12.456] [INFO] system - 購入クリック処理64回目
[2021-10-09T17:00:12.458] [INFO] system - 購入クリック処理65回目
[2021-10-09T17:00:12.460] [INFO] system - 購入クリック処理66回目
[2021-10-09T17:00:12.462] [INFO] system - 購入クリック処理67回目
[2021-10-09T17:00:12.464] [INFO] system - 購入クリック処理68回目
[2021-10-09T17:00:12.466] [INFO] system - 購入クリック処理69回目
[2021-10-09T17:00:12.468] [INFO] system - 購入クリック処理70回目
[2021-10-09T17:00:12.471] [INFO] system - 購入クリック処理71回目
[2021-10-09T17:00:12.473] [INFO] system - 購入クリック処理72回目
[2021-10-09T17:00:12.475] [INFO] system - 購入クリック処理73回目
[2021-10-09T17:00:12.478] [INFO] system - 購入クリック処理74回目
[2021-10-09T17:00:12.481] [INFO] system - 購入クリック処理75回目
[2021-10-09T17:00:12.483] [INFO] system - 購入クリック処理76回目
[2021-10-09T17:00:12.485] [INFO] system - 購入クリック処理77回目
[2021-10-09T17:00:12.488] [INFO] system - 購入クリック処理78回目
[2021-10-09T17:00:12.491] [INFO] system - 購入クリック処理79回目
[2021-10-09T17:00:12.493] [INFO] system - 購入クリック処理80回目
[2021-10-09T17:00:12.495] [INFO] system - 購入クリック処理81回目
[2021-10-09T17:00:12.497] [INFO] system - 購入クリック処理82回目
[2021-10-09T17:00:12.498] [INFO] system - 購入クリック処理83回目
[2021-10-09T17:00:12.500] [INFO] system - 購入クリック処理84回目
[2021-10-09T17:00:12.502] [INFO] system - 購入クリック処理85回目
[2021-10-09T17:00:12.504] [INFO] system - 購入クリック処理86回目
[2021-10-09T17:00:12.505] [INFO] system - 購入クリック処理87回目
[2021-10-09T17:00:12.507] [INFO] system - 購入クリック処理88回目
[2021-10-09T17:00:12.509] [INFO] system - 購入クリック処理89回目
[2021-10-09T17:00:12.510] [INFO] system - 購入クリック処理90回目
[2021-10-09T17:00:12.512] [INFO] system - 購入クリック処理91回目
[2021-10-09T17:00:12.515] [INFO] system - 購入クリック処理92回目
[2021-10-09T17:00:12.517] [INFO] system - 購入クリック処理93回目
[2021-10-09T17:00:12.519] [INFO] system - 購入クリック処理94回目
[2021-10-09T17:00:12.521] [INFO] system - 購入クリック処理95回目
[2021-10-09T17:00:12.524] [INFO] system - 購入クリック処理96回目
[2021-10-09T17:00:12.526] [INFO] system - 購入クリック処理97回目
[2021-10-09T17:00:12.528] [INFO] system - 購入クリック処理98回目
[2021-10-09T17:00:12.529] [INFO] system - 購入クリック処理99回目
[2021-10-09T17:00:12.532] [INFO] system - 購入クリック処理100回目
[2021-10-09T17:00:12.534] [INFO] system - 購入クリック処理101回目
[2021-10-09T17:00:12.536] [INFO] system - 購入クリック処理102回目
[2021-10-09T17:00:12.538] [INFO] system - 購入クリック処理103回目
[2021-10-09T17:00:12.539] [INFO] system - 購入クリック処理104回目
[2021-10-09T17:00:12.541] [INFO] system - 購入クリック処理105回目
[2021-10-09T17:00:12.542] [INFO] system - 購入クリック処理106回目
[2021-10-09T17:00:12.544] [INFO] system - 購入クリック処理107回目
[2021-10-09T17:00:12.546] [INFO] system - 購入クリック処理108回目
[2021-10-09T17:00:12.547] [INFO] system - 購入クリック処理109回目
[2021-10-09T17:00:12.550] [INFO] system - 購入クリック処理110回目
[2021-10-09T17:00:12.552] [INFO] system - 購入クリック処理111回目
[2021-10-09T17:00:12.556] [INFO] system - 購入クリック処理112回目
[2021-10-09T17:00:12.559] [INFO] system - 購入クリック処理113回目
[2021-10-09T17:00:12.560] [INFO] system - 購入クリック処理114回目
[2021-10-09T17:00:12.563] [INFO] system - 購入クリック処理115回目
[2021-10-09T17:00:12.565] [INFO] system - 購入クリック処理116回目
[2021-10-09T17:00:12.567] [INFO] system - 購入クリック処理117回目
[2021-10-09T17:00:12.569] [INFO] system - 購入クリック処理118回目
[2021-10-09T17:00:12.571] [INFO] system - 購入クリック処理119回目
[2021-10-09T17:00:12.572] [INFO] system - 購入クリック処理120回目
[2021-10-09T17:00:12.574] [INFO] system - 購入クリック処理121回目
[2021-10-09T17:00:12.577] [INFO] system - 購入クリック処理122回目
[2021-10-09T17:00:12.579] [INFO] system - 購入クリック処理123回目
[2021-10-09T17:00:12.582] [INFO] system - 購入クリック処理124回目
[2021-10-09T17:00:12.584] [INFO] system - 購入クリック処理125回目
[2021-10-09T17:00:12.587] [INFO] system - 購入クリック処理126回目
[2021-10-09T17:00:12.588] [INFO] system - 購入クリック処理127回目
[2021-10-09T17:00:12.590] [INFO] system - 購入クリック処理128回目
[2021-10-09T17:00:12.592] [INFO] system - 購入クリック処理129回目
[2021-10-09T17:00:12.594] [INFO] system - 購入クリック処理130回目
[2021-10-09T17:00:12.595] [INFO] system - 購入クリック処理131回目
[2021-10-09T17:00:12.597] [INFO] system - 購入クリック処理132回目
[2021-10-09T17:00:12.599] [INFO] system - 購入クリック処理133回目
[2021-10-09T17:00:12.601] [INFO] system - 購入クリック処理134回目
[2021-10-09T17:00:12.602] [INFO] system - 購入クリック処理135回目
[2021-10-09T17:00:12.604] [INFO] system - 購入クリック処理136回目
[2021-10-09T17:00:12.606] [INFO] system - 購入クリック処理137回目
[2021-10-09T17:00:12.608] [INFO] system - 購入クリック処理138回目
[2021-10-09T17:00:12.611] [INFO] system - 購入クリック処理139回目
[2021-10-09T17:00:12.613] [INFO] system - 購入クリック処理140回目
[2021-10-09T17:00:12.616] [INFO] system - 購入クリック処理141回目
[2021-10-09T17:00:12.619] [INFO] system - 購入クリック処理142回目
[2021-10-09T17:00:12.621] [INFO] system - 購入クリック処理143回目
[2021-10-09T17:00:12.624] [INFO] system - 購入クリック処理144回目
[2021-10-09T17:00:12.626] [INFO] system - 購入クリック処理145回目
[2021-10-09T17:00:12.628] [INFO] system - 購入クリック処理146回目
[2021-10-09T17:00:12.630] [INFO] system - 購入クリック処理147回目
[2021-10-09T17:00:12.632] [INFO] system - 購入クリック処理148回目
[2021-10-09T17:00:12.634] [INFO] system - 購入クリック処理149回目
[2021-10-09T17:00:12.636] [INFO] system - 購入クリック処理150回目
[2021-10-09T17:00:12.639] [INFO] system - 購入クリック処理151回目
[2021-10-09T17:00:12.641] [INFO] system - 購入クリック処理152回目
[2021-10-09T17:00:12.642] [INFO] system - 購入クリック処理153回目
[2021-10-09T17:00:12.644] [INFO] system - 購入クリック処理154回目
[2021-10-09T17:00:12.646] [INFO] system - 購入クリック処理155回目
[2021-10-09T17:00:12.649] [INFO] system - 購入クリック処理156回目
[2021-10-09T17:00:12.651] [INFO] system - 購入クリック処理157回目
[2021-10-09T17:00:12.653] [INFO] system - 購入クリック処理158回目
[2021-10-09T17:00:12.655] [INFO] system - 購入クリック処理159回目
[2021-10-09T17:00:12.657] [INFO] system - 購入クリック処理160回目
[2021-10-09T17:00:12.659] [INFO] system - 購入クリック処理161回目
[2021-10-09T17:00:12.661] [INFO] system - 購入クリック処理162回目
[2021-10-09T17:00:12.663] [INFO] system - 購入クリック処理163回目
[2021-10-09T17:00:12.665] [INFO] system - 購入クリック処理164回目
[2021-10-09T17:00:12.666] [INFO] system - 購入クリック処理165回目
[2021-10-09T17:00:12.668] [INFO] system - 購入クリック処理166回目
[2021-10-09T17:00:12.671] [INFO] system - 購入クリック処理167回目
[2021-10-09T17:00:12.673] [INFO] system - 購入クリック処理168回目
[2021-10-09T17:00:12.674] [INFO] system - 購入クリック処理169回目
[2021-10-09T17:00:12.676] [INFO] system - 購入クリック処理170回目
[2021-10-09T17:00:12.678] [INFO] system - 購入クリック処理171回目
[2021-10-09T17:00:12.680] [INFO] system - 購入クリック処理172回目
[2021-10-09T17:00:12.681] [INFO] system - 購入クリック処理173回目
[2021-10-09T17:00:12.684] [INFO] system - 購入クリック処理174回目
[2021-10-09T17:00:12.686] [INFO] system - 購入クリック処理175回目
[2021-10-09T17:00:12.688] [INFO] system - 購入クリック処理176回目
[2021-10-09T17:00:12.689] [INFO] system - 購入クリック処理177回目
[2021-10-09T17:00:12.692] [INFO] system - 購入クリック処理178回目
[2021-10-09T17:00:12.694] [INFO] system - 購入クリック処理179回目
[2021-10-09T17:00:12.695] [INFO] system - 購入クリック処理180回目
[2021-10-09T17:00:12.697] [INFO] system - 購入クリック処理181回目
[2021-10-09T17:00:12.698] [INFO] system - 購入クリック処理182回目
[2021-10-09T17:00:12.700] [INFO] system - 購入クリック処理183回目
[2021-10-09T17:00:12.701] [INFO] system - 購入クリック処理184回目
[2021-10-09T17:00:12.703] [INFO] system - 購入クリック処理185回目
[2021-10-09T17:00:12.705] [INFO] system - 購入クリック処理186回目
[2021-10-09T17:00:12.708] [INFO] system - 購入クリック処理187回目
[2021-10-09T17:00:12.710] [INFO] system - 購入クリック処理188回目
[2021-10-09T17:00:12.713] [INFO] system - 購入クリック処理189回目
[2021-10-09T17:00:12.714] [INFO] system - 購入クリック処理190回目
[2021-10-09T17:00:12.716] [INFO] system - 購入クリック処理191回目
[2021-10-09T17:00:12.719] [INFO] system - 購入クリック処理192回目
[2021-10-09T17:00:12.721] [INFO] system - 購入クリック処理193回目
[2021-10-09T17:00:12.724] [INFO] system - 購入クリック処理194回目
[2021-10-09T17:00:12.727] [INFO] system - 購入クリック処理195回目
[2021-10-09T17:00:12.729] [INFO] system - 購入クリック処理196回目
[2021-10-09T17:00:12.731] [INFO] system - 購入クリック処理197回目
[2021-10-09T17:00:12.733] [INFO] system - 購入クリック処理198回目
[2021-10-09T17:00:12.735] [INFO] system - 購入クリック処理199回目
[2021-10-09T17:00:12.736] [INFO] system - 購入クリック処理200回目
[2021-10-09T17:00:12.738] [INFO] system - 枚数選択後購入クリックに失敗
[2021-10-09T17:00:12.738] [INFO] system - 枚数選択end(1回目)
[2021-10-09T17:01:57.580] [INFO] system - 混線のため111秒待機開始...
[2021-10-09T17:02:11.879] [ERROR] system - Error: Protocol error (Runtime.callFunctionOn): Target closed.
    at C:\source\yt-scraping\node_modules\puppeteer\lib\cjs\puppeteer\common\Connection.js:208:63
    at new Promise (<anonymous>)
    at CDPSession.send (C:\source\yt-scraping\node_modules\puppeteer\lib\cjs\puppeteer\common\Connection.js:207:16)
    at ExecutionContext._evaluateInternal (C:\source\yt-scraping\node_modules\puppeteer\lib\cjs\puppeteer\common\ExecutionContext.js:200:50)
    at ExecutionContext.evaluateHandle (C:\source\yt-scraping\node_modules\puppeteer\lib\cjs\puppeteer\common\ExecutionContext.js:151:21)
    at WaitTask.rerun (C:\source\yt-scraping\node_modules\puppeteer\lib\cjs\puppeteer\common\DOMWorld.js:498:71)
    at runMicrotasks (<anonymous>)
    at processTicksAndRejections (internal/process/task_queues.js:97:5)
[2021-10-09T17:02:11.882] [ERROR] system - ReferenceError: page is not defined
    at newBrowser (C:\source\yt-scraping\func-lpkick\lpkick.js:654:5)
    at runMicrotasks (<anonymous>)
    at processTicksAndRejections (internal/process/task_queues.js:97:5)
[2021-10-09T17:02:50.587] [INFO] system - キック：{"isWindows":["Windows"],"---1---":"====== BasicSetting ======","mypageUrl":"https://t.livepocket.jp/my_top","autoLogin":false,"confUser":"natipo5714@mom2kid.com","confPass":"6yjAWLhCxVT2","testUser":"sugachan.tectec@gmail.com","testPass":"6yjAWLhCxVT2","targetUrl":"https://t.livepocket.jp/e/rzqc1/","targetName":"13：00","targetNumber":"1","storeTypeId":"002","loginTime":"2021-10-09 16:45","startTime":"2021-10-09 17:00","isBrowse":true,"isTest":false,"isJamCheck":true,"isCredit":false,"isMailSend":false,"notCheckOnly":true,"isClose":false,"isMobile":true,"dareSec":0,"isConnect":true,"isLogger":true,"advSec":-245,"isOrigin":true,"isOriginCancel":false,"jamTryCnt":10,"isProxy":false,"proxy":"45.130.126.194:8000","proxyUser":"Z3SpVY","proxyPass":"SqoYCw","---2---":"====== MailSetting(GmailOnly) ======","fromMail":"sugachan.tectec@gmail.com","fromMailPass":"sero3202","toMail":"","toSysMail":"trigger@applet.ifttt.com"}
[2021-10-09T17:02:50.590] [INFO] system - 【本番】
[2021-10-09T17:02:50.594] [INFO] system - 2021-10-09 16:45:00にすでに到達
[2021-10-09T17:02:50.596] [INFO] system - ログイン処理想定時間到達
[2021-10-09T17:02:51.429] [INFO] system - ブラウザ起動後準備完了
[2021-10-09T17:02:52.795] [INFO] system - ログインページに移動完了
[2021-10-09T17:02:55.036] [INFO] system - ログイン完了
[2021-10-09T17:02:55.049] [INFO] system - 混線のため106秒待機開始...
[2021-10-09T17:03:49.537] [INFO] system - 混線のため100秒待機開始...
[2021-10-09T17:04:42.107] [INFO] system - 混線のため110秒待機開始...
[2021-10-09T17:05:30.549] [INFO] system - 混線解消(3回目に成功)
[2021-10-09T17:05:30.551] [INFO] system - 枚数選択start(2回目)
[2021-10-09T17:05:30.551] [INFO] system - 購入クリック処理1回目
[2021-10-09T17:05:30.554] [ERROR] system - Error: Evaluation failed: TypeError: Cannot read properties of null (reading 'click')
    at __puppeteer_evaluation_script__:1:58
    at ExecutionContext._evaluateInternal (C:\source\yt-scraping\node_modules\puppeteer\lib\cjs\puppeteer\common\ExecutionContext.js:217:19)
    at processTicksAndRejections (internal/process/task_queues.js:97:5)
    at async ExecutionContext.evaluate (C:\source\yt-scraping\node_modules\puppeteer\lib\cjs\puppeteer\common\ExecutionContext.js:106:16)
    at async targetPageBuySelect (C:\source\yt-scraping\func-lpkick\lpkick.js:900:11)
    at async newBrowser (C:\source\yt-scraping\func-lpkick\lpkick.js:517:11)
    at async C:\source\yt-scraping\func-lpkick\lpkick.js:115:5
[2021-10-09T17:05:30.711] [INFO] system - 枚数選択end(2回目)
[2021-10-09T17:05:30.720] [INFO] system - 混線のため106秒待機開始...
[2021-10-09T17:06:33.145] [INFO] system - 混線のため116秒待機開始...
[2021-10-09T17:07:17.811] [INFO] system - 混線のため114秒待機開始...
[2021-10-09T17:08:30.178] [INFO] system - 混線解消(3回目に成功)
[2021-10-09T17:08:30.186] [ERROR] system - 設定不備の可能性があります
[2021-10-09T17:08:30.187] [ERROR] system - {"isWindows":["Windows"],"---1---":"====== BasicSetting ======","mypageUrl":"https://t.livepocket.jp/my_top","autoLogin":false,"confUser":"natipo5714@mom2kid.com","confPass":"6yjAWLhCxVT2","testUser":"sugachan.tectec@gmail.com","testPass":"6yjAWLhCxVT2","targetUrl":"https://t.livepocket.jp/e/rzqc1/","targetName":"13：00","targetNumber":"1","storeTypeId":"002","loginTime":"2021-10-09 16:45","startTime":"2021-10-09 17:00","isBrowse":true,"isTest":false,"isJamCheck":true,"isCredit":false,"isMailSend":false,"notCheckOnly":true,"isClose":false,"isMobile":true,"dareSec":0,"isConnect":true,"isLogger":true,"advSec":-245,"isOrigin":true,"isOriginCancel":false,"jamTryCnt":10,"isProxy":false,"proxy":"45.130.126.194:8000","proxyUser":"Z3SpVY","proxyPass":"SqoYCw","---2---":"====== MailSetting(GmailOnly) ======","fromMail":"sugachan.tectec@gmail.com","fromMailPass":"sero3202","toMail":"","toSysMail":"trigger@applet.ifttt.com","targetTicket":"","isFree":true}
[2021-10-09T17:08:30.189] [ERROR] system - Error
    at newBrowser (C:\source\yt-scraping\func-lpkick\lpkick.js:414:13)
    at processTicksAndRejections (internal/process/task_queues.js:97:5)
    at async C:\source\yt-scraping\func-lpkick\lpkick.js:115:5
[2021-10-09T17:08:30.191] [ERROR] system - ReferenceError: page is not defined
    at newBrowser (C:\source\yt-scraping\func-lpkick\lpkick.js:654:5)
    at processTicksAndRejections (internal/process/task_queues.js:97:5)
    at async C:\source\yt-scraping\func-lpkick\lpkick.js:115:5
[2021-10-09T17:09:12.836] [INFO] system - 混線のため100秒待機開始...
[2021-10-09T17:10:53.853] [INFO] system - 混線解消(3回目に成功)
[2021-10-09T17:10:53.854] [INFO] system - 枚数選択start(3回目)
[2021-10-09T17:10:53.855] [INFO] system - 購入クリック処理1回目
[2021-10-09T17:10:53.858] [ERROR] system - Error: Evaluation failed: TypeError: Cannot read properties of null (reading 'click')
    at __puppeteer_evaluation_script__:1:58
    at ExecutionContext._evaluateInternal (C:\source\yt-scraping\node_modules\puppeteer\lib\cjs\puppeteer\common\ExecutionContext.js:217:19)
    at runMicrotasks (<anonymous>)
    at processTicksAndRejections (internal/process/task_queues.js:97:5)
    at async ExecutionContext.evaluate (C:\source\yt-scraping\node_modules\puppeteer\lib\cjs\puppeteer\common\ExecutionContext.js:106:16)
    at async targetPageBuySelect (C:\source\yt-scraping\func-lpkick\lpkick.js:900:11)
    at async newBrowser (C:\source\yt-scraping\func-lpkick\lpkick.js:517:11)
    at async C:\source\yt-scraping\func-lpkick\lpkick.js:115:5
[2021-10-09T17:10:54.007] [INFO] system - 枚数選択end(3回目)
[2021-10-09T17:10:55.521] [INFO] system - キック：{"isWindows":["Windows"],"---1---":"====== BasicSetting ======","mypageUrl":"https://t.livepocket.jp/my_top","autoLogin":false,"confUser":"natipo5714@mom2kid.com","confPass":"6yjAWLhCxVT2","testUser":"sugachan.tectec@gmail.com","testPass":"6yjAWLhCxVT2","targetUrl":"https://t.livepocket.jp/e/rzqc1/","targetName":"13：00","targetNumber":"1","storeTypeId":"002","loginTime":"2021-10-09 16:45","startTime":"2021-10-09 17:00","isBrowse":true,"isTest":false,"isJamCheck":true,"isCredit":false,"isMailSend":false,"notCheckOnly":true,"isClose":false,"isMobile":true,"dareSec":0,"isConnect":true,"isLogger":true,"advSec":-245,"isOrigin":true,"isOriginCancel":false,"jamTryCnt":10,"isProxy":false,"proxy":"45.130.126.194:8000","proxyUser":"Z3SpVY","proxyPass":"SqoYCw","---2---":"====== MailSetting(GmailOnly) ======","fromMail":"sugachan.tectec@gmail.com","fromMailPass":"sero3202","toMail":"","toSysMail":"trigger@applet.ifttt.com"}
[2021-10-09T17:10:55.524] [INFO] system - 【本番】
[2021-10-09T17:10:55.529] [INFO] system - 2021-10-09 16:45:00にすでに到達
[2021-10-09T17:10:55.533] [INFO] system - ログイン処理想定時間到達
[2021-10-09T17:10:56.686] [INFO] system - ブラウザ起動後準備完了
[2021-10-09T17:10:57.876] [INFO] system - ログインページに移動完了
[2021-10-09T17:11:00.006] [INFO] system - ログイン完了
[2021-10-09T17:15:49.854] [ERROR] system - Error: Protocol error (Runtime.callFunctionOn): Target closed.
    at C:\source\yt-scraping\node_modules\puppeteer\lib\cjs\puppeteer\common\Connection.js:208:63
    at new Promise (<anonymous>)
    at CDPSession.send (C:\source\yt-scraping\node_modules\puppeteer\lib\cjs\puppeteer\common\Connection.js:207:16)
    at ExecutionContext._evaluateInternal (C:\source\yt-scraping\node_modules\puppeteer\lib\cjs\puppeteer\common\ExecutionContext.js:200:50)
    at ExecutionContext.evaluateHandle (C:\source\yt-scraping\node_modules\puppeteer\lib\cjs\puppeteer\common\ExecutionContext.js:151:21)
    at WaitTask.rerun (C:\source\yt-scraping\node_modules\puppeteer\lib\cjs\puppeteer\common\DOMWorld.js:498:71)
    at processTicksAndRejections (internal/process/task_queues.js:97:5)
[2021-10-09T17:15:49.857] [ERROR] system - ReferenceError: page is not defined
    at newBrowser (C:\source\yt-scraping\func-lpkick\lpkick.js:654:5)
    at processTicksAndRejections (internal/process/task_queues.js:97:5)
[2021-10-09T17:16:34.572] [ERROR] system - Error: Protocol error (Runtime.callFunctionOn): Target closed.
    at C:\source\yt-scraping\node_modules\puppeteer\lib\cjs\puppeteer\common\Connection.js:208:63
    at new Promise (<anonymous>)
    at CDPSession.send (C:\source\yt-scraping\node_modules\puppeteer\lib\cjs\puppeteer\common\Connection.js:207:16)
    at ExecutionContext._evaluateInternal (C:\source\yt-scraping\node_modules\puppeteer\lib\cjs\puppeteer\common\ExecutionContext.js:200:50)
    at ExecutionContext.evaluateHandle (C:\source\yt-scraping\node_modules\puppeteer\lib\cjs\puppeteer\common\ExecutionContext.js:151:21)
    at WaitTask.rerun (C:\source\yt-scraping\node_modules\puppeteer\lib\cjs\puppeteer\common\DOMWorld.js:498:71)
    at runMicrotasks (<anonymous>)
    at processTicksAndRejections (internal/process/task_queues.js:97:5)
[2021-10-09T17:16:34.575] [ERROR] system - ReferenceError: page is not defined
    at newBrowser (C:\source\yt-scraping\func-lpkick\lpkick.js:654:5)
    at runMicrotasks (<anonymous>)
    at processTicksAndRejections (internal/process/task_queues.js:97:5)
