[2021-07-14T18:12:09.135] [INFO] system - キック：{"---1---":"====== BasicSetting ======","mainUrl":"https://t.livepocket.jp/","loginUrl":"https://t.livepocket.jp/login?acroot=header-new_p_u_nl","mypageUrl":"https://t.livepocket.jp/my_top","autoLogin":false,"confUser":"chiaochiao.sonmi@gmail.com","confPass":"sero3202","targetUrl":"https://t.livepocket.jp/e/wakkuru0714/","targetTicket":null,"targetName":"１部前売チケット整理番号券,２部前売チケット整理番号券","targetNumber":"1,1","storeTypeId":"002","startTime":"2021-07-13 23:00","isBrowse":true,"isFree":false,"isCredit":false,"isTest":false,"isLanguage":"ja","isStage":false,"isJamCheck":true,"isMailSend":false,"isLogger":true,"---2---":"====== MailSetting(GmailOnly) ======","fromMail":"sugachan.tectec@gmail.com","fromMailPass":"sero3202","toMail":"","toSysMail":"trigger@applet.ifttt.com","isWindows":["Windows"],"loginTime":"2021-07-13 22:45","notCheckOnly":true,"isClose":false,"isMobile":true,"dareSec":0,"isConnect":true,"advSec":-100}
[2021-07-14T18:12:09.138] [INFO] system - 【本番】
[2021-07-14T18:12:09.142] [INFO] system - 2021-07-13 22:45:00にすでに到達
[2021-07-14T18:12:09.144] [INFO] system - ログイン処理想定時間到達
[2021-07-14T18:12:09.847] [INFO] system - ブラウザ起動後準備完了
[2021-07-14T18:12:11.076] [ERROR] system - Error: Navigation failed because browser has disconnected!
    at C:\source\yt-scraping\node_modules\puppeteer\lib\cjs\puppeteer\common\LifecycleWatcher.js:51:147
    at C:\source\yt-scraping\node_modules\puppeteer\lib\cjs\vendor\mitt\src\index.js:51:62
    at Array.map (<anonymous>)
    at Object.emit (C:\source\yt-scraping\node_modules\puppeteer\lib\cjs\vendor\mitt\src\index.js:51:43)
    at CDPSession.emit (C:\source\yt-scraping\node_modules\puppeteer\lib\cjs\puppeteer\common\EventEmitter.js:72:22)
    at CDPSession._onClosed (C:\source\yt-scraping\node_modules\puppeteer\lib\cjs\puppeteer\common\Connection.js:247:14)
    at Connection._onMessage (C:\source\yt-scraping\node_modules\puppeteer\lib\cjs\puppeteer\common\Connection.js:94:25)
    at WebSocket.<anonymous> (C:\source\yt-scraping\node_modules\puppeteer\lib\cjs\puppeteer\node\NodeWebSocketTransport.js:13:32)
    at WebSocket.onMessage (C:\source\yt-scraping\node_modules\ws\lib\event-target.js:132:16)
    at WebSocket.emit (events.js:315:20)
[2021-07-14T18:12:11.116] [ERROR] system - ReferenceError: page is not defined
    at newBrowser (C:\source\yt-scraping\func-lpkick\lpkick.js:510:5)
    at processTicksAndRejections (internal/process/task_queues.js:93:5)
    at async C:\source\yt-scraping\func-lpkick\lpkick.js:126:5
[2021-07-14T21:26:55.425] [INFO] system - キック：{"isWindows":["Windows"],"---1---":"====== BasicSetting ======","mypageUrl":"https://t.livepocket.jp/my_top","autoLogin":false,"confUser":"chiaochiao.sonmi@gmail.com","confPass":"sero3202","targetUrl":"https://t.livepocket.jp/e/wakkuru0714/","targetName":"１部前売チケット整理番号券,２部前売チケット整理番号券","targetNumber":"1,1","storeTypeId":"002","loginTime":"2021-07-13 22:45","startTime":"2021-07-13 23:00","isBrowse":true,"isTest":false,"isJamCheck":true,"isCredit":false,"isMailSend":false,"notCheckOnly":true,"isClose":false,"isMobile":true,"dareSec":0,"isConnect":true,"isLogger":true,"advSec":-100,"---2---":"====== MailSetting(GmailOnly) ======","fromMail":"sugachan.tectec@gmail.com","fromMailPass":"sero3202","toMail":"","toSysMail":"trigger@applet.ifttt.com"}
[2021-07-14T21:26:55.438] [INFO] system - 【本番】
[2021-07-14T21:26:55.445] [INFO] system - 2021-07-13 22:45:00にすでに到達
[2021-07-14T21:26:55.447] [INFO] system - ログイン処理想定時間到達
[2021-07-14T21:26:56.203] [INFO] system - ブラウザ起動後準備完了
[2021-07-14T21:26:57.898] [INFO] system - ログインページに移動完了
[2021-07-14T21:26:57.910] [INFO] system - 混線なし
[2021-07-14T21:27:00.523] [INFO] system - ログイン完了
[2021-07-14T21:27:00.536] [INFO] system - 混線なし
[2021-07-14T21:27:00.586] [INFO] system - 「１部前売チケット整理番号券,２部前売チケット整理番号券」の存在を確認(.table #ticket-453568,.table #ticket-453569)
[2021-07-14T21:27:00.591] [INFO] system - 2021-07-13 22:59にすでに到達
[2021-07-14T21:27:00.597] [INFO] system - 購入処理想定時間到達
[2021-07-14T21:27:00.598] [INFO] system - <成績時間カウント開始>
[2021-07-14T21:27:00.599] [INFO] system - 購入可能状態確認start(1回目)
[2021-07-14T21:27:01.335] [ERROR] system - Error: Navigation failed because browser has disconnected!
    at C:\source\yt-scraping\node_modules\puppeteer\lib\cjs\puppeteer\common\LifecycleWatcher.js:51:147
    at C:\source\yt-scraping\node_modules\puppeteer\lib\cjs\vendor\mitt\src\index.js:51:62
    at Array.map (<anonymous>)
    at Object.emit (C:\source\yt-scraping\node_modules\puppeteer\lib\cjs\vendor\mitt\src\index.js:51:43)
    at CDPSession.emit (C:\source\yt-scraping\node_modules\puppeteer\lib\cjs\puppeteer\common\EventEmitter.js:72:22)
    at CDPSession._onClosed (C:\source\yt-scraping\node_modules\puppeteer\lib\cjs\puppeteer\common\Connection.js:247:14)
    at Connection._onMessage (C:\source\yt-scraping\node_modules\puppeteer\lib\cjs\puppeteer\common\Connection.js:94:25)
    at WebSocket.<anonymous> (C:\source\yt-scraping\node_modules\puppeteer\lib\cjs\puppeteer\node\NodeWebSocketTransport.js:13:32)
    at WebSocket.onMessage (C:\source\yt-scraping\node_modules\ws\lib\event-target.js:132:16)
    at WebSocket.emit (events.js:315:20)
[2021-07-14T21:27:01.443] [ERROR] system - ReferenceError: page is not defined
    at newBrowser (C:\source\yt-scraping\func-lpkick\lpkick.js:491:5)
    at runMicrotasks (<anonymous>)
    at processTicksAndRejections (internal/process/task_queues.js:93:5)
    at async C:\source\yt-scraping\func-lpkick\lpkick.js:107:5
[2021-07-14T21:27:21.328] [INFO] system - キック：{"isWindows":["Windows"],"---1---":"====== BasicSetting ======","mypageUrl":"https://t.livepocket.jp/my_top","autoLogin":false,"confUser":"chiaochiao.sonmi@gmail.com","confPass":"sero3202","targetUrl":"https://t.livepocket.jp/e/wakkuru0714/","targetName":"１部前売チケット整理番号券,２部前売チケット整理番号券","targetNumber":"1,1","storeTypeId":"002","loginTime":"2021-07-13 22:45","startTime":"2021-07-13 23:00","isBrowse":true,"isTest":true,"isJamCheck":true,"isCredit":false,"isMailSend":false,"notCheckOnly":true,"isClose":false,"isMobile":true,"dareSec":0,"isConnect":true,"isLogger":true,"advSec":-100,"---2---":"====== MailSetting(GmailOnly) ======","fromMail":"sugachan.tectec@gmail.com","fromMailPass":"sero3202","toMail":"","toSysMail":"trigger@applet.ifttt.com"}
[2021-07-14T21:27:21.331] [INFO] system - 【テスト】
[2021-07-14T21:27:21.344] [INFO] system - 2021-07-13 22:45:00にすでに到達
[2021-07-14T21:27:21.346] [INFO] system - ログイン処理想定時間到達
[2021-07-14T21:27:22.053] [INFO] system - ブラウザ起動後準備完了
[2021-07-14T21:27:23.615] [INFO] system - ログインページに移動完了
[2021-07-14T21:27:23.628] [INFO] system - 混線なし
[2021-07-14T21:27:26.039] [INFO] system - ログイン完了
[2021-07-14T21:27:26.054] [INFO] system - 混線なし
[2021-07-14T21:27:26.099] [INFO] system - 「１部前売チケット整理番号券,２部前売チケット整理番号券」の存在を確認(.table #ticket-453568,.table #ticket-453569)
[2021-07-14T21:27:26.103] [INFO] system - 2021-07-13 22:59にすでに到達
[2021-07-14T21:27:26.104] [INFO] system - 購入処理想定時間到達
[2021-07-14T21:27:26.106] [INFO] system - <成績時間カウント開始>
[2021-07-14T21:27:26.107] [INFO] system - 購入可能状態確認start(1回目)
[2021-07-14T21:27:27.369] [INFO] system - 購入可能状態確認end
[2021-07-14T21:27:27.370] [INFO] system - 枚数選択start(1回目)
[2021-07-14T21:27:27.451] [INFO] system - 2セット選択終了
[2021-07-14T21:27:30.259] [INFO] system - 枚数選択end(1回目)
[2021-07-14T21:27:30.273] [INFO] system - 決済処理ページ遷移済
[2021-07-14T21:27:30.279] [INFO] system - 決済処理start(1回目)
[2021-07-14T21:27:30.280] [INFO] system - 購入処理確定開始(freeBuy:false)
[2021-07-14T21:27:30.281] [INFO] system - 購入処理開始(有料)
[2021-07-14T21:27:30.516] [INFO] system - 規約に同意クリック
[2021-07-14T21:27:30.517] [INFO] system - 【テスト:決済ロジック】
[2021-07-14T21:27:30.520] [INFO] system - テスト処理完了
[2021-07-14T21:27:30.523] [INFO] system - <現在時刻：Wed Jul 14 2021 21:27:30 GMT+0900／成績：4.416秒>
[2021-07-14T21:28:41.220] [INFO] system - キック：{"isWindows":["Windows"],"---1---":"====== BasicSetting ======","mypageUrl":"https://t.livepocket.jp/my_top","autoLogin":false,"confUser":"chiaochiao.sonmi@gmail.com","confPass":"sero3202","targetUrl":"https://t.livepocket.jp/e/wakkuru0714/","targetName":"１部前売チケット整理番号券,２部前売チケット整理番号券","targetNumber":"1,1","storeTypeId":"002","loginTime":"2021-07-13 22:45","startTime":"2021-07-13 23:00","isBrowse":true,"isTest":true,"isJamCheck":true,"isCredit":false,"isMailSend":false,"notCheckOnly":true,"isClose":false,"isMobile":true,"dareSec":0,"isConnect":true,"isLogger":true,"advSec":-100,"---2---":"====== MailSetting(GmailOnly) ======","fromMail":"sugachan.tectec@gmail.com","fromMailPass":"sero3202","toMail":"","toSysMail":"trigger@applet.ifttt.com"}
[2021-07-14T21:28:41.224] [INFO] system - 【テスト】
[2021-07-14T21:28:41.227] [INFO] system - 2021-07-13 22:45:00にすでに到達
[2021-07-14T21:28:41.229] [INFO] system - ログイン処理想定時間到達
[2021-07-14T21:28:41.914] [INFO] system - ブラウザ起動後準備完了
[2021-07-14T21:28:43.544] [INFO] system - ログインページに移動完了
[2021-07-14T21:28:43.556] [INFO] system - 混線なし
[2021-07-14T21:28:45.977] [INFO] system - ログイン完了
[2021-07-14T21:28:45.990] [INFO] system - 混線なし
[2021-07-14T21:28:46.026] [INFO] system - 「１部前売チケット整理番号券,２部前売チケット整理番号券」の存在を確認(.table #ticket-453568,.table #ticket-453569)
[2021-07-14T21:28:46.030] [INFO] system - 2021-07-13 22:59にすでに到達
[2021-07-14T21:28:46.031] [INFO] system - 購入処理想定時間到達
[2021-07-14T21:28:46.031] [INFO] system - <成績時間カウント開始>
[2021-07-14T21:28:46.032] [INFO] system - 購入可能状態確認start(1回目)
[2021-07-14T21:28:47.332] [INFO] system - 購入可能状態確認end
[2021-07-14T21:28:47.333] [INFO] system - 枚数選択start(1回目)
[2021-07-14T21:28:47.392] [INFO] system - 2セット選択終了
[2021-07-14T21:28:51.869] [INFO] system - 枚数選択end(1回目)
[2021-07-14T21:28:51.882] [INFO] system - 決済処理ページ遷移済
[2021-07-14T21:28:51.888] [INFO] system - 決済処理start(1回目)
[2021-07-14T21:28:51.888] [INFO] system - 購入処理確定開始(freeBuy:false)
[2021-07-14T21:28:51.890] [INFO] system - 購入処理開始(有料)
[2021-07-14T21:28:52.125] [INFO] system - 規約に同意クリック
[2021-07-14T21:28:52.126] [INFO] system - 【テスト:決済ロジック】
[2021-07-14T21:28:52.127] [INFO] system - テスト処理完了
[2021-07-14T21:28:52.129] [INFO] system - <現在時刻：Wed Jul 14 2021 21:28:52 GMT+0900／成績：6.098秒>
[2021-07-14T21:30:18.833] [INFO] system - キック：{"isWindows":["Windows"],"---1---":"====== BasicSetting ======","mypageUrl":"https://t.livepocket.jp/my_top","autoLogin":false,"confUser":"chiaochiao.sonmi@gmail.com","confPass":"sero3202","targetUrl":"https://t.livepocket.jp/e/wakkuru0714/","targetName":"１部前売チケット整理番号券,２部前売チケット整理番号券","targetNumber":"1,1","storeTypeId":"002","loginTime":"2021-07-13 22:45","startTime":"2021-07-13 23:00","isBrowse":true,"isTest":true,"isJamCheck":true,"isCredit":false,"isMailSend":false,"notCheckOnly":true,"isClose":false,"isMobile":true,"dareSec":0,"isConnect":true,"isLogger":true,"advSec":-100,"---2---":"====== MailSetting(GmailOnly) ======","fromMail":"sugachan.tectec@gmail.com","fromMailPass":"sero3202","toMail":"","toSysMail":"trigger@applet.ifttt.com"}
[2021-07-14T21:30:18.843] [INFO] system - 【テスト】
[2021-07-14T21:30:18.849] [INFO] system - 2021-07-13 22:45:00にすでに到達
[2021-07-14T21:30:18.857] [INFO] system - ログイン処理想定時間到達
[2021-07-14T21:30:19.566] [INFO] system - ブラウザ起動後準備完了
[2021-07-14T21:30:20.913] [INFO] system - ログインページに移動完了
[2021-07-14T21:30:20.926] [INFO] system - 混線なし
[2021-07-14T21:30:23.425] [INFO] system - ログイン完了
[2021-07-14T21:30:23.438] [INFO] system - 混線なし
[2021-07-14T21:30:23.472] [INFO] system - 「１部前売チケット整理番号券,２部前売チケット整理番号券」の存在を確認(.table #ticket-453568,.table #ticket-453569)
[2021-07-14T21:30:23.474] [INFO] system - 2021-07-13 22:59にすでに到達
[2021-07-14T21:30:23.484] [INFO] system - 購入処理想定時間到達
[2021-07-14T21:30:23.485] [INFO] system - <成績時間カウント開始>
[2021-07-14T21:30:23.485] [INFO] system - 購入可能状態確認start(1回目)
[2021-07-14T21:30:24.663] [INFO] system - 購入可能状態確認end
[2021-07-14T21:30:24.664] [INFO] system - 枚数選択start(1回目)
[2021-07-14T21:30:24.720] [INFO] system - 2セット選択終了
[2021-07-14T21:30:27.860] [ERROR] system - Error: Navigation failed because browser has disconnected!
    at C:\source\yt-scraping\node_modules\puppeteer\lib\cjs\puppeteer\common\LifecycleWatcher.js:51:147
    at C:\source\yt-scraping\node_modules\puppeteer\lib\cjs\vendor\mitt\src\index.js:51:62
    at Array.map (<anonymous>)
    at Object.emit (C:\source\yt-scraping\node_modules\puppeteer\lib\cjs\vendor\mitt\src\index.js:51:43)
    at CDPSession.emit (C:\source\yt-scraping\node_modules\puppeteer\lib\cjs\puppeteer\common\EventEmitter.js:72:22)
    at CDPSession._onClosed (C:\source\yt-scraping\node_modules\puppeteer\lib\cjs\puppeteer\common\Connection.js:247:14)
    at Connection._onMessage (C:\source\yt-scraping\node_modules\puppeteer\lib\cjs\puppeteer\common\Connection.js:94:25)
    at WebSocket.<anonymous> (C:\source\yt-scraping\node_modules\puppeteer\lib\cjs\puppeteer\node\NodeWebSocketTransport.js:13:32)
    at WebSocket.onMessage (C:\source\yt-scraping\node_modules\ws\lib\event-target.js:132:16)
    at WebSocket.emit (events.js:315:20)
[2021-07-14T21:30:27.877] [ERROR] system - Error: Protocol error (Target.activateTarget): Session closed. Most likely the page has been closed.
    at CDPSession.send (C:\source\yt-scraping\node_modules\puppeteer\lib\cjs\puppeteer\common\Connection.js:195:35)
    at Page._screenshotTask (C:\source\yt-scraping\node_modules\puppeteer\lib\cjs\puppeteer\common\Page.js:1084:28)
    at C:\source\yt-scraping\node_modules\puppeteer\lib\cjs\puppeteer\common\Page.js:1081:62
    at processTicksAndRejections (internal/process/task_queues.js:93:5)
[2021-07-14T21:30:27.882] [ERROR] system - ReferenceError: page is not defined
    at newBrowser (C:\source\yt-scraping\func-lpkick\lpkick.js:491:5)
    at processTicksAndRejections (internal/process/task_queues.js:93:5)
    at async C:\source\yt-scraping\func-lpkick\lpkick.js:107:5
[2021-07-14T21:33:51.666] [INFO] system - キック：{"isWindows":["Windows"],"---1---":"====== BasicSetting ======","mypageUrl":"https://t.livepocket.jp/my_top","autoLogin":false,"confUser":"chiaochiao.sonmi@gmail.com","confPass":"sero3202","targetUrl":"https://t.livepocket.jp/e/wakkuru0714/","targetName":"１部前売チケット整理番号券,２部前売チケット整理番号券","targetNumber":"1,1","storeTypeId":"002","loginTime":"2021-07-13 22:45","startTime":"2021-07-13 23:00","isBrowse":true,"isTest":true,"isJamCheck":true,"isCredit":false,"isMailSend":false,"notCheckOnly":true,"isClose":false,"isMobile":true,"dareSec":0,"isConnect":true,"isLogger":true,"advSec":-100,"---2---":"====== MailSetting(GmailOnly) ======","fromMail":"sugachan.tectec@gmail.com","fromMailPass":"sero3202","toMail":"","toSysMail":"trigger@applet.ifttt.com"}
[2021-07-14T21:33:51.669] [INFO] system - 【テスト】
[2021-07-14T21:33:51.681] [INFO] system - 2021-07-13 22:45:00にすでに到達
[2021-07-14T21:33:51.684] [INFO] system - ログイン処理想定時間到達
[2021-07-14T21:33:52.371] [INFO] system - ブラウザ起動後準備完了
[2021-07-14T21:33:53.992] [INFO] system - ログインページに移動完了
[2021-07-14T21:33:54.003] [INFO] system - 混線なし
[2021-07-14T21:33:56.503] [INFO] system - ログイン完了
[2021-07-14T21:33:56.515] [INFO] system - 混線なし
[2021-07-14T21:33:56.550] [INFO] system - 「１部前売チケット整理番号券,２部前売チケット整理番号券」の存在を確認(.table #ticket-453568,.table #ticket-453569)
[2021-07-14T21:33:56.552] [INFO] system - 2021-07-13 22:59にすでに到達
[2021-07-14T21:33:56.563] [INFO] system - 購入処理想定時間到達
[2021-07-14T21:33:56.563] [INFO] system - <成績時間カウント開始>
[2021-07-14T21:33:56.564] [INFO] system - 購入可能状態確認start(1回目)
[2021-07-14T21:33:57.691] [INFO] system - 購入可能状態確認end
[2021-07-14T21:33:57.692] [INFO] system - 枚数選択start(1回目)
[2021-07-14T21:33:57.760] [INFO] system - 2セット選択終了
[2021-07-14T21:34:02.259] [INFO] system - 枚数選択end(1回目)
[2021-07-14T21:34:02.269] [INFO] system - 決済処理ページ遷移済
[2021-07-14T21:34:02.273] [INFO] system - 決済処理start(1回目)
[2021-07-14T21:34:02.274] [INFO] system - 購入処理確定開始(freeBuy:false)
[2021-07-14T21:34:02.276] [INFO] system - 購入処理開始(有料)
[2021-07-14T21:34:02.506] [INFO] system - 規約に同意クリック
[2021-07-14T21:34:02.506] [INFO] system - 【テスト:決済ロジック】
[2021-07-14T21:34:02.509] [INFO] system - テスト処理完了
[2021-07-14T21:34:02.517] [INFO] system - <現在時刻：Wed Jul 14 2021 21:34:02 GMT+0900／成績：5.953秒>
[2021-07-14T21:39:20.854] [INFO] system - キック：{"isWindows":["Windows"],"---1---":"====== BasicSetting ======","mypageUrl":"https://t.livepocket.jp/my_top","autoLogin":false,"confUser":"chiaochiao.sonmi@gmail.com","confPass":"sero3202","targetUrl":"https://t.livepocket.jp/e/5mxcg/","targetName":"有償チケット,無償チケット","targetNumber":"1,1","storeTypeId":"002","loginTime":"2021-07-13 22:45","startTime":"2021-07-13 23:00","isBrowse":true,"isTest":true,"isJamCheck":true,"isCredit":false,"isMailSend":false,"notCheckOnly":true,"isClose":false,"isMobile":true,"dareSec":0,"isConnect":true,"isLogger":true,"advSec":-100,"---2---":"====== MailSetting(GmailOnly) ======","fromMail":"sugachan.tectec@gmail.com","fromMailPass":"sero3202","toMail":"","toSysMail":"trigger@applet.ifttt.com"}
[2021-07-14T21:39:20.857] [INFO] system - 【テスト】
[2021-07-14T21:39:20.868] [INFO] system - 2021-07-13 22:45:00にすでに到達
[2021-07-14T21:39:20.873] [INFO] system - ログイン処理想定時間到達
[2021-07-14T21:39:21.575] [INFO] system - ブラウザ起動後準備完了
[2021-07-14T21:39:23.133] [INFO] system - ログインページに移動完了
[2021-07-14T21:39:23.146] [INFO] system - 混線なし
[2021-07-14T21:39:26.300] [INFO] system - ログイン完了
[2021-07-14T21:39:26.313] [INFO] system - 混線なし
[2021-07-14T21:39:26.357] [INFO] system - 「有償チケット,無償チケット」の存在を確認(.table #ticket-419417,.table #ticket-419418)
[2021-07-14T21:39:26.360] [INFO] system - 2021-07-13 22:59にすでに到達
[2021-07-14T21:39:26.363] [INFO] system - 購入処理想定時間到達
[2021-07-14T21:39:26.364] [INFO] system - <成績時間カウント開始>
[2021-07-14T21:39:26.365] [INFO] system - 購入可能状態確認start(1回目)
[2021-07-14T21:39:27.404] [INFO] system - 購入可能状態確認end
[2021-07-14T21:39:27.405] [INFO] system - 枚数選択start(1回目)
[2021-07-14T21:39:27.465] [INFO] system - 2セット選択終了
[2021-07-14T21:39:32.397] [INFO] system - 枚数選択end(1回目)
[2021-07-14T21:39:32.414] [INFO] system - 決済処理ページ遷移済
[2021-07-14T21:39:32.420] [INFO] system - 決済処理start(1回目)
[2021-07-14T21:39:32.422] [INFO] system - 購入処理確定開始(freeBuy:false)
[2021-07-14T21:39:32.423] [INFO] system - 購入処理開始(有料)
[2021-07-14T21:39:32.609] [INFO] system - 規約に同意クリック
[2021-07-14T21:39:32.610] [INFO] system - 【テスト:決済ロジック】
[2021-07-14T21:39:32.612] [INFO] system - テスト処理完了
[2021-07-14T21:39:32.615] [INFO] system - <現在時刻：Wed Jul 14 2021 21:39:32 GMT+0900／成績：6.25秒>
