[2021-10-04T21:37:17.912] [INFO] system - キック：{"isWindows":["Windows"],"---1---":"====== BasicSetting ======","mypageUrl":"https://t.livepocket.jp/my_top","autoLogin":false,"confUser":"dabame8549@mi166.com","confPass":"6yjAWLhCxVT2","testUser":"sugachan.tectec@gmail.com","testPass":"6yjAWLhCxVT2","targetUrl":"https://t.livepocket.jp/e/pannana202110/","targetName":"10/5(火)１部チケット整理番号券,10/12(火)１部チケット整理番号券,10/19(火)１部チケット整理番号券,10/26(火)１部チケット整理番号券","targetNumber":"2,2,2,2","storeTypeId":"002","loginTime":"2021-10-04 21:36","startTime":"2021-10-04 22:00","isBrowse":true,"isTest":false,"isJamCheck":true,"isCredit":false,"isMailSend":false,"notCheckOnly":false,"isClose":false,"isMobile":true,"dareSec":0,"isConnect":true,"isLogger":true,"advSec":-245,"isOrigin":true,"isOriginCancel":false,"jamTryCnt":10,"isProxy":false,"proxy":"45.130.126.194:8000","proxyUser":"Z3SpVY","proxyPass":"SqoYCw","---2---":"====== MailSetting(GmailOnly) ======","fromMail":"sugachan.tectec@gmail.com","fromMailPass":"sero3202","toMail":"","toSysMail":"trigger@applet.ifttt.com"}
[2021-10-04T21:37:17.917] [INFO] system - 【本番】
[2021-10-04T21:37:18.789] [INFO] system - ブラウザ起動後準備完了
[2021-10-04T21:37:20.479] [INFO] system - ログインページに移動完了
[2021-10-04T21:37:22.810] [INFO] system - ログイン完了
[2021-10-04T21:37:22.820] [INFO] system - 混線なし
[2021-10-04T21:37:22.855] [INFO] system - 「10/5(火)１部チケット整理番号券,10/12(火)１部チケット整理番号券,10/19(火)１部チケット整理番号券,10/26(火)１部チケット整理番号券」の存在を確認(.table #ticket-518862,.table #ticket-518864,.table #ticket-518866,.table #ticket-518868)
[2021-10-04T21:37:25.354] [INFO] system - .table #ticket-518862ロック外し開始
[2021-10-04T21:37:25.355] [INFO] system - .table #ticket-518864ロック外し開始
[2021-10-04T21:37:25.356] [INFO] system - .table #ticket-518866ロック外し開始
[2021-10-04T21:37:25.356] [INFO] system - .table #ticket-518868ロック外し開始
[2021-10-04T21:37:25.366] [INFO] system - 4セット選択終了
[2021-10-04T21:37:25.367] [INFO] system - チェック完了／設定に問題ありません
[2021-10-04T21:37:33.930] [INFO] system - キック：{"isWindows":["Windows"],"---1---":"====== BasicSetting ======","mypageUrl":"https://t.livepocket.jp/my_top","autoLogin":false,"confUser":"dabame8549@mi166.com","confPass":"6yjAWLhCxVT2","testUser":"sugachan.tectec@gmail.com","testPass":"6yjAWLhCxVT2","targetUrl":"https://t.livepocket.jp/e/pannana202110/","targetName":"10/5(火)１部チケット整理番号券,10/12(火)１部チケット整理番号券,10/19(火)１部チケット整理番号券,10/26(火)１部チケット整理番号券","targetNumber":"2,2,2,2","storeTypeId":"002","loginTime":"2021-10-04 21:36","startTime":"2021-10-04 22:00","isBrowse":true,"isTest":false,"isJamCheck":true,"isCredit":false,"isMailSend":false,"notCheckOnly":true,"isClose":false,"isMobile":true,"dareSec":0,"isConnect":true,"isLogger":true,"advSec":-245,"isOrigin":true,"isOriginCancel":false,"jamTryCnt":10,"isProxy":false,"proxy":"45.130.126.194:8000","proxyUser":"Z3SpVY","proxyPass":"SqoYCw","---2---":"====== MailSetting(GmailOnly) ======","fromMail":"sugachan.tectec@gmail.com","fromMailPass":"sero3202","toMail":"","toSysMail":"trigger@applet.ifttt.com"}
[2021-10-04T21:37:33.934] [INFO] system - 【本番】
[2021-10-04T21:37:33.939] [INFO] system - 2021-10-04 21:36:00にすでに到達
[2021-10-04T21:37:33.941] [INFO] system - ログイン処理想定時間到達
[2021-10-04T21:37:34.789] [INFO] system - ブラウザ起動後準備完了
[2021-10-04T21:37:36.431] [INFO] system - ログインページに移動完了
[2021-10-04T21:37:38.680] [INFO] system - ログイン完了
[2021-10-04T21:37:38.692] [INFO] system - 混線なし
[2021-10-04T21:37:38.724] [INFO] system - 「10/5(火)１部チケット整理番号券,10/12(火)１部チケット整理番号券,10/19(火)１部チケット整理番号券,10/26(火)１部チケット整理番号券」の存在を確認(.table #ticket-518862,.table #ticket-518864,.table #ticket-518866,.table #ticket-518868)
[2021-10-04T21:37:41.162] [INFO] system - .table #ticket-518862ロック外し開始
[2021-10-04T21:37:41.163] [INFO] system - .table #ticket-518864ロック外し開始
[2021-10-04T21:37:41.164] [INFO] system - .table #ticket-518866ロック外し開始
[2021-10-04T21:37:41.165] [INFO] system - .table #ticket-518868ロック外し開始
[2021-10-04T21:37:41.181] [INFO] system - 4セット選択終了
[2021-10-04T21:37:41.182] [INFO] system - 2021-10-04 21:59:29までページバック待機中...
[2021-10-04T21:43:15.059] [INFO] system - キック：{"isWindows":["Windows"],"---1---":"====== BasicSetting ======","mypageUrl":"https://t.livepocket.jp/my_top","autoLogin":false,"confUser":"natipo5714@mom2kid.com","confPass":"6yjAWLhCxVT2","testUser":"sugachan.tectec@gmail.com","testPass":"6yjAWLhCxVT2","targetUrl":"https://t.livepocket.jp/e/pannana202110/","targetName":"10/5(火)２部チケット整理番号券,10/12(火)２部チケット整理番号券,10/19(火)２部チケット整理番号券,10/26(火)２部チケット整理番号券","targetNumber":"2,2,1,1","storeTypeId":"016","loginTime":"2021-10-04 21:36","startTime":"2021-10-04 22:00","isBrowse":true,"isTest":true,"isJamCheck":true,"isCredit":false,"isMailSend":false,"notCheckOnly":true,"isClose":false,"isMobile":true,"dareSec":0,"isConnect":true,"isLogger":true,"advSec":-245,"isOrigin":true,"isOriginCancel":false,"jamTryCnt":10,"isProxy":false,"proxy":"","proxyUser":"","proxyPass":"","---2---":"====== MailSetting(GmailOnly) ======","fromMail":"sugachan.tectec@gmail.com","fromMailPass":"sero3202","toMail":"","toSysMail":"trigger@applet.ifttt.com"}
[2021-10-04T21:43:15.062] [INFO] system - 【テスト】
[2021-10-04T21:43:15.066] [INFO] system - 2021-10-04 21:36:00にすでに到達
[2021-10-04T21:43:15.071] [INFO] system - ログイン処理想定時間到達
[2021-10-04T21:43:15.920] [INFO] system - ブラウザ起動後準備完了
[2021-10-04T21:43:17.487] [INFO] system - ログインページに移動完了
[2021-10-04T21:43:19.843] [INFO] system - ログイン完了
[2021-10-04T21:43:19.851] [INFO] system - 混線なし
[2021-10-04T21:43:19.878] [INFO] system - 「10/5(火)２部チケット整理番号券,10/12(火)２部チケット整理番号券,10/19(火)２部チケット整理番号券,10/26(火)２部チケット整理番号券」の存在を確認(.table #ticket-518863,.table #ticket-518865,.table #ticket-518867,.table #ticket-518869)
[2021-10-04T21:43:22.221] [INFO] system - .table #ticket-518863ロック外し開始
[2021-10-04T21:43:22.222] [INFO] system - .table #ticket-518865ロック外し開始
[2021-10-04T21:43:22.222] [INFO] system - .table #ticket-518867ロック外し開始
[2021-10-04T21:43:22.223] [INFO] system - .table #ticket-518869ロック外し開始
[2021-10-04T21:43:22.231] [INFO] system - 4セット選択終了
[2021-10-04T21:43:22.232] [INFO] system - 2021-10-04 21:59:29までページバック待機中...
[2021-10-04T21:59:29.742] [INFO] system - 前ページへ移動
[2021-10-04T21:59:29.742] [INFO] system - 前ページへ移動
[2021-10-04T21:59:31.046] [INFO] system - 2021-10-04 21:59:59まで購入処理待機中...
[2021-10-04T21:59:31.099] [INFO] system - 2021-10-04 21:59:59まで購入処理待機中...
[2021-10-04T21:59:59.757] [INFO] system - 購入処理想定時間到達
[2021-10-04T21:59:59.757] [INFO] system - <成績時間カウント開始>
[2021-10-04T21:59:59.758] [INFO] system - 購入可能状態確認start(1回目)
[2021-10-04T21:59:59.758] [INFO] system - 次ページへ移動
[2021-10-04T21:59:59.757] [INFO] system - 購入処理想定時間到達
[2021-10-04T21:59:59.757] [INFO] system - <成績時間カウント開始>
[2021-10-04T21:59:59.759] [INFO] system - 購入可能状態確認start(1回目)
[2021-10-04T21:59:59.759] [INFO] system - 次ページへ移動
[2021-10-04T22:00:05.973] [ERROR] system - 購入可能状態確認NG
[2021-10-04T22:00:05.973] [ERROR] system - Error
    at newBrowser (C:\source\yt-scraping\func-lpkick\lpkick.js:504:19)
    at processTicksAndRejections (internal/process/task_queues.js:93:5)
    at async C:\source\yt-scraping\func-lpkick\lpkick.js:115:5
[2021-10-04T22:00:05.977] [ERROR] system - ReferenceError: page is not defined
    at newBrowser (C:\source\yt-scraping\func-lpkick\lpkick.js:654:5)
    at processTicksAndRejections (internal/process/task_queues.js:93:5)
    at async C:\source\yt-scraping\func-lpkick\lpkick.js:115:5
[2021-10-04T22:00:07.385] [INFO] system - 購入可能状態確認end
[2021-10-04T22:00:07.386] [INFO] system - 枚数選択start(1回目)
[2021-10-04T22:00:07.386] [INFO] system - 購入クリック処理1回目
[2021-10-04T22:00:07.391] [INFO] system - 購入クリック処理2回目
[2021-10-04T22:00:07.395] [INFO] system - 購入クリック処理3回目
[2021-10-04T22:00:07.398] [INFO] system - 購入クリック処理4回目
[2021-10-04T22:00:07.401] [INFO] system - 購入クリック処理5回目
[2021-10-04T22:00:07.403] [INFO] system - 購入クリック処理6回目
[2021-10-04T22:00:07.405] [INFO] system - 購入クリック処理7回目
[2021-10-04T22:00:07.407] [INFO] system - 購入クリック処理8回目
[2021-10-04T22:00:07.409] [INFO] system - 購入クリック処理9回目
[2021-10-04T22:00:07.411] [INFO] system - 購入クリック処理10回目
[2021-10-04T22:00:07.413] [INFO] system - 購入クリック処理11回目
[2021-10-04T22:00:07.416] [INFO] system - 購入クリック処理12回目
[2021-10-04T22:00:07.419] [INFO] system - 購入クリック処理13回目
[2021-10-04T22:00:07.422] [INFO] system - 購入クリック処理14回目
[2021-10-04T22:00:07.425] [INFO] system - 購入クリック処理15回目
[2021-10-04T22:00:07.427] [INFO] system - 購入クリック処理16回目
[2021-10-04T22:00:07.430] [INFO] system - 購入クリック処理17回目
[2021-10-04T22:00:07.433] [INFO] system - 購入クリック処理18回目
[2021-10-04T22:00:07.434] [INFO] system - 購入クリック処理19回目
[2021-10-04T22:00:07.437] [INFO] system - 購入クリック処理20回目
[2021-10-04T22:00:07.438] [INFO] system - 購入クリック処理21回目
[2021-10-04T22:00:07.441] [INFO] system - 購入クリック処理22回目
[2021-10-04T22:00:07.443] [INFO] system - 購入クリック処理23回目
[2021-10-04T22:00:07.446] [INFO] system - 購入クリック処理24回目
[2021-10-04T22:00:07.449] [INFO] system - 購入クリック処理25回目
[2021-10-04T22:00:07.451] [INFO] system - 購入クリック処理26回目
[2021-10-04T22:00:07.454] [INFO] system - 購入クリック処理27回目
[2021-10-04T22:00:07.456] [INFO] system - 購入クリック処理28回目
[2021-10-04T22:00:07.458] [INFO] system - 購入クリック処理29回目
[2021-10-04T22:00:07.461] [INFO] system - 購入クリック処理30回目
[2021-10-04T22:00:07.463] [INFO] system - 購入クリック処理31回目
[2021-10-04T22:00:07.464] [INFO] system - 購入クリック処理32回目
[2021-10-04T22:00:07.467] [INFO] system - 購入クリック処理33回目
[2021-10-04T22:00:07.469] [INFO] system - 購入クリック処理34回目
[2021-10-04T22:00:07.471] [INFO] system - 購入クリック処理35回目
[2021-10-04T22:00:07.472] [INFO] system - 購入クリック処理36回目
[2021-10-04T22:00:07.476] [INFO] system - 購入クリック処理37回目
[2021-10-04T22:00:07.478] [INFO] system - 購入クリック処理38回目
[2021-10-04T22:00:07.483] [INFO] system - 購入クリック処理39回目
[2021-10-04T22:00:07.486] [INFO] system - 購入クリック処理40回目
[2021-10-04T22:00:07.490] [INFO] system - 購入クリック処理41回目
[2021-10-04T22:00:07.492] [INFO] system - 購入クリック処理42回目
[2021-10-04T22:00:07.494] [INFO] system - 購入クリック処理43回目
[2021-10-04T22:00:07.496] [INFO] system - 購入クリック処理44回目
[2021-10-04T22:00:07.498] [INFO] system - 購入クリック処理45回目
[2021-10-04T22:00:07.499] [INFO] system - 購入クリック処理46回目
[2021-10-04T22:00:07.501] [INFO] system - 購入クリック処理47回目
[2021-10-04T22:00:07.503] [INFO] system - 購入クリック処理48回目
[2021-10-04T22:00:07.505] [INFO] system - 購入クリック処理49回目
[2021-10-04T22:00:07.507] [INFO] system - 購入クリック処理50回目
[2021-10-04T22:00:07.510] [INFO] system - 購入クリック処理51回目
[2021-10-04T22:00:07.512] [INFO] system - 購入クリック処理52回目
[2021-10-04T22:00:07.515] [INFO] system - 購入クリック処理53回目
[2021-10-04T22:00:07.517] [INFO] system - 購入クリック処理54回目
[2021-10-04T22:00:07.520] [INFO] system - 購入クリック処理55回目
[2021-10-04T22:00:07.523] [INFO] system - 購入クリック処理56回目
[2021-10-04T22:00:07.525] [INFO] system - 購入クリック処理57回目
[2021-10-04T22:00:07.527] [INFO] system - 購入クリック処理58回目
[2021-10-04T22:00:07.529] [INFO] system - 購入クリック処理59回目
[2021-10-04T22:00:07.531] [INFO] system - 購入クリック処理60回目
[2021-10-04T22:00:07.533] [INFO] system - 購入クリック処理61回目
[2021-10-04T22:00:07.535] [INFO] system - 購入クリック処理62回目
[2021-10-04T22:00:07.537] [INFO] system - 購入クリック処理63回目
[2021-10-04T22:00:07.539] [INFO] system - 購入クリック処理64回目
[2021-10-04T22:00:07.543] [INFO] system - 購入クリック処理65回目
[2021-10-04T22:00:07.545] [INFO] system - 購入クリック処理66回目
[2021-10-04T22:00:07.547] [INFO] system - 購入クリック処理67回目
[2021-10-04T22:00:07.549] [INFO] system - 購入クリック処理68回目
[2021-10-04T22:00:07.552] [INFO] system - 購入クリック処理69回目
[2021-10-04T22:00:07.554] [INFO] system - 購入クリック処理70回目
[2021-10-04T22:00:07.556] [INFO] system - 購入クリック処理71回目
[2021-10-04T22:00:07.558] [INFO] system - 購入クリック処理72回目
[2021-10-04T22:00:07.560] [INFO] system - 購入クリック処理73回目
[2021-10-04T22:00:07.562] [INFO] system - 購入クリック処理74回目
[2021-10-04T22:00:07.564] [INFO] system - 購入クリック処理75回目
[2021-10-04T22:00:07.565] [INFO] system - 購入クリック処理76回目
[2021-10-04T22:00:07.567] [INFO] system - 購入クリック処理77回目
[2021-10-04T22:00:07.569] [INFO] system - 購入クリック処理78回目
[2021-10-04T22:00:07.572] [INFO] system - 購入クリック処理79回目
[2021-10-04T22:00:07.574] [INFO] system - 購入クリック処理80回目
[2021-10-04T22:00:07.576] [INFO] system - 購入クリック処理81回目
[2021-10-04T22:00:07.578] [INFO] system - 購入クリック処理82回目
[2021-10-04T22:00:07.580] [INFO] system - 購入クリック処理83回目
[2021-10-04T22:00:07.582] [INFO] system - 購入クリック処理84回目
[2021-10-04T22:00:07.584] [INFO] system - 購入クリック処理85回目
[2021-10-04T22:00:07.587] [INFO] system - 購入クリック処理86回目
[2021-10-04T22:00:07.589] [INFO] system - 購入クリック処理87回目
[2021-10-04T22:00:07.592] [INFO] system - 購入クリック処理88回目
[2021-10-04T22:00:07.595] [INFO] system - 購入クリック処理89回目
[2021-10-04T22:00:07.598] [INFO] system - 購入クリック処理90回目
[2021-10-04T22:00:07.601] [INFO] system - 購入クリック処理91回目
[2021-10-04T22:00:07.604] [INFO] system - 購入クリック処理92回目
[2021-10-04T22:00:07.607] [INFO] system - 購入クリック処理93回目
[2021-10-04T22:00:07.609] [INFO] system - 購入クリック処理94回目
[2021-10-04T22:00:07.611] [INFO] system - 購入クリック処理95回目
[2021-10-04T22:00:07.613] [INFO] system - 購入クリック処理96回目
[2021-10-04T22:00:07.615] [INFO] system - 購入クリック処理97回目
[2021-10-04T22:00:07.618] [INFO] system - 購入クリック処理98回目
[2021-10-04T22:00:07.620] [INFO] system - 購入クリック処理99回目
[2021-10-04T22:00:07.623] [INFO] system - 購入クリック処理100回目
[2021-10-04T22:00:07.626] [INFO] system - 購入クリック処理101回目
[2021-10-04T22:00:07.628] [INFO] system - 購入クリック処理102回目
[2021-10-04T22:00:07.631] [INFO] system - 購入クリック処理103回目
[2021-10-04T22:00:07.638] [INFO] system - 購入クリック処理104回目
[2021-10-04T22:00:07.656] [INFO] system - 購入クリック処理105回目
[2021-10-04T22:00:08.939] [ERROR] system - Error: Execution context was destroyed, most likely because of a navigation.
    at rewriteError (C:\source\yt-scraping\node_modules\puppeteer\lib\cjs\puppeteer\common\ExecutionContext.js:261:23)
    at processTicksAndRejections (internal/process/task_queues.js:93:5)
    at async ExecutionContext._evaluateInternal (C:\source\yt-scraping\node_modules\puppeteer\lib\cjs\puppeteer\common\ExecutionContext.js:215:61)
    at async ExecutionContext.evaluate (C:\source\yt-scraping\node_modules\puppeteer\lib\cjs\puppeteer\common\ExecutionContext.js:106:16)
    at async targetPageBuySelect (C:\source\yt-scraping\func-lpkick\lpkick.js:900:11)
    at async newBrowser (C:\source\yt-scraping\func-lpkick\lpkick.js:517:11)
    at async C:\source\yt-scraping\func-lpkick\lpkick.js:115:5
[2021-10-04T22:00:09.317] [INFO] system - 枚数選択end(1回目)
[2021-10-04T22:03:10.555] [ERROR] system - Error: Protocol error (Runtime.callFunctionOn): Target closed.
    at C:\source\yt-scraping\node_modules\puppeteer\lib\cjs\puppeteer\common\Connection.js:208:63
    at new Promise (<anonymous>)
    at CDPSession.send (C:\source\yt-scraping\node_modules\puppeteer\lib\cjs\puppeteer\common\Connection.js:207:16)
    at ExecutionContext._evaluateInternal (C:\source\yt-scraping\node_modules\puppeteer\lib\cjs\puppeteer\common\ExecutionContext.js:200:50)
    at ExecutionContext.evaluateHandle (C:\source\yt-scraping\node_modules\puppeteer\lib\cjs\puppeteer\common\ExecutionContext.js:151:21)
    at WaitTask.rerun (C:\source\yt-scraping\node_modules\puppeteer\lib\cjs\puppeteer\common\DOMWorld.js:498:71)
    at processTicksAndRejections (internal/process/task_queues.js:93:5)
[2021-10-04T22:03:10.557] [ERROR] system - ReferenceError: page is not defined
    at newBrowser (C:\source\yt-scraping\func-lpkick\lpkick.js:654:5)
    at processTicksAndRejections (internal/process/task_queues.js:93:5)
    at async C:\source\yt-scraping\func-lpkick\lpkick.js:115:5
[2021-10-04T22:03:11.798] [INFO] system - キック：{"isWindows":["Windows"],"---1---":"====== BasicSetting ======","mypageUrl":"https://t.livepocket.jp/my_top","autoLogin":false,"confUser":"natipo5714@mom2kid.com","confPass":"6yjAWLhCxVT2","testUser":"sugachan.tectec@gmail.com","testPass":"6yjAWLhCxVT2","targetUrl":"https://t.livepocket.jp/e/pannana202110/","targetName":"10/5(火)２部チケット整理番号券,10/12(火)２部チケット整理番号券,10/19(火)２部チケット整理番号券,10/26(火)２部チケット整理番号券","targetNumber":"2,2,1,1","storeTypeId":"016","loginTime":"2021-10-04 21:36","startTime":"2021-10-04 22:00","isBrowse":true,"isTest":true,"isJamCheck":true,"isCredit":false,"isMailSend":false,"notCheckOnly":true,"isClose":false,"isMobile":true,"dareSec":0,"isConnect":true,"isLogger":true,"advSec":-245,"isOrigin":true,"isOriginCancel":false,"jamTryCnt":10,"isProxy":false,"proxy":"","proxyUser":"","proxyPass":"","---2---":"====== MailSetting(GmailOnly) ======","fromMail":"sugachan.tectec@gmail.com","fromMailPass":"sero3202","toMail":"","toSysMail":"trigger@applet.ifttt.com"}
[2021-10-04T22:03:11.802] [INFO] system - 【テスト】
[2021-10-04T22:03:11.806] [INFO] system - 2021-10-04 21:36:00にすでに到達
[2021-10-04T22:03:11.808] [INFO] system - ログイン処理想定時間到達
[2021-10-04T22:03:12.635] [INFO] system - ブラウザ起動後準備完了
[2021-10-04T22:03:14.296] [INFO] system - ログインページに移動完了
[2021-10-04T22:03:16.610] [INFO] system - ログイン完了
[2021-10-04T22:03:16.619] [INFO] system - 混線なし
[2021-10-04T22:03:16.649] [INFO] system - 「10/5(火)２部チケット整理番号券,10/12(火)２部チケット整理番号券,10/19(火)２部チケット整理番号券,10/26(火)２部チケット整理番号券」の存在を確認(.table #ticket-518863,.table #ticket-518865,.table #ticket-518867,.table #ticket-518869)
[2021-10-04T22:03:19.130] [INFO] system - .table #ticket-518863ロック外し開始
[2021-10-04T22:03:19.132] [INFO] system - .table #ticket-518865ロック外し開始
[2021-10-04T22:03:19.132] [INFO] system - .table #ticket-518867ロック外し開始
[2021-10-04T22:03:19.133] [INFO] system - .table #ticket-518869ロック外し開始
[2021-10-04T22:03:19.147] [INFO] system - 4セット選択終了
[2021-10-04T22:03:19.148] [INFO] system - 2021-10-04 21:59にすでに到達
[2021-10-04T22:03:19.149] [INFO] system - 前ページへ移動
[2021-10-04T22:03:20.543] [INFO] system - 2021-10-04 21:59にすでに到達
[2021-10-04T22:03:20.557] [INFO] system - 購入処理想定時間到達
[2021-10-04T22:03:20.558] [INFO] system - <成績時間カウント開始>
[2021-10-04T22:03:20.558] [INFO] system - 購入可能状態確認start(1回目)
[2021-10-04T22:03:20.558] [INFO] system - 次ページへ移動
[2021-10-04T22:03:21.668] [INFO] system - 購入可能状態確認end
[2021-10-04T22:03:21.669] [INFO] system - 枚数選択start(1回目)
[2021-10-04T22:03:21.669] [INFO] system - 購入クリック処理1回目
[2021-10-04T22:03:21.674] [INFO] system - 購入クリック処理2回目
[2021-10-04T22:03:21.677] [INFO] system - 購入クリック処理3回目
[2021-10-04T22:03:21.679] [INFO] system - 購入クリック処理4回目
[2021-10-04T22:03:21.682] [INFO] system - 購入クリック処理5回目
[2021-10-04T22:03:21.686] [INFO] system - 購入クリック処理6回目
[2021-10-04T22:03:21.688] [INFO] system - 購入クリック処理7回目
[2021-10-04T22:03:21.690] [INFO] system - 購入クリック処理8回目
[2021-10-04T22:03:21.692] [INFO] system - 購入クリック処理9回目
[2021-10-04T22:03:21.695] [INFO] system - 購入クリック処理10回目
[2021-10-04T22:03:21.698] [INFO] system - 購入クリック処理11回目
[2021-10-04T22:03:21.700] [INFO] system - 購入クリック処理12回目
[2021-10-04T22:03:21.701] [INFO] system - 購入クリック処理13回目
[2021-10-04T22:03:21.703] [INFO] system - 購入クリック処理14回目
[2021-10-04T22:03:21.705] [INFO] system - 購入クリック処理15回目
[2021-10-04T22:03:21.706] [INFO] system - 購入クリック処理16回目
[2021-10-04T22:03:21.708] [INFO] system - 購入クリック処理17回目
[2021-10-04T22:03:21.709] [INFO] system - 購入クリック処理18回目
[2021-10-04T22:03:21.711] [INFO] system - 購入クリック処理19回目
[2021-10-04T22:03:21.713] [INFO] system - 購入クリック処理20回目
[2021-10-04T22:03:21.714] [INFO] system - 購入クリック処理21回目
[2021-10-04T22:03:21.715] [INFO] system - 購入クリック処理22回目
[2021-10-04T22:03:21.717] [INFO] system - 購入クリック処理23回目
[2021-10-04T22:03:21.719] [INFO] system - 購入クリック処理24回目
[2021-10-04T22:03:21.720] [INFO] system - 購入クリック処理25回目
[2021-10-04T22:03:21.721] [INFO] system - 購入クリック処理26回目
[2021-10-04T22:03:21.723] [INFO] system - 購入クリック処理27回目
[2021-10-04T22:03:21.725] [INFO] system - 購入クリック処理28回目
[2021-10-04T22:03:21.727] [INFO] system - 購入クリック処理29回目
[2021-10-04T22:03:21.729] [INFO] system - 購入クリック処理30回目
[2021-10-04T22:03:21.732] [INFO] system - 購入クリック処理31回目
[2021-10-04T22:03:21.734] [INFO] system - 購入クリック処理32回目
[2021-10-04T22:03:21.736] [INFO] system - 購入クリック処理33回目
[2021-10-04T22:03:21.737] [INFO] system - 購入クリック処理34回目
[2021-10-04T22:03:21.739] [INFO] system - 購入クリック処理35回目
[2021-10-04T22:03:21.742] [INFO] system - 購入クリック処理36回目
[2021-10-04T22:03:21.744] [INFO] system - 購入クリック処理37回目
[2021-10-04T22:03:21.746] [INFO] system - 購入クリック処理38回目
[2021-10-04T22:03:21.750] [INFO] system - 購入クリック処理39回目
[2021-10-04T22:03:22.345] [ERROR] system - Error: Execution context was destroyed, most likely because of a navigation.
    at rewriteError (C:\source\yt-scraping\node_modules\puppeteer\lib\cjs\puppeteer\common\ExecutionContext.js:261:23)
    at runMicrotasks (<anonymous>)
    at processTicksAndRejections (internal/process/task_queues.js:93:5)
    at async ExecutionContext._evaluateInternal (C:\source\yt-scraping\node_modules\puppeteer\lib\cjs\puppeteer\common\ExecutionContext.js:215:61)
    at async ExecutionContext.evaluate (C:\source\yt-scraping\node_modules\puppeteer\lib\cjs\puppeteer\common\ExecutionContext.js:106:16)
    at async targetPageBuySelect (C:\source\yt-scraping\func-lpkick\lpkick.js:900:11)
    at async newBrowser (C:\source\yt-scraping\func-lpkick\lpkick.js:517:11)
    at async C:\source\yt-scraping\func-lpkick\lpkick.js:115:5
[2021-10-04T22:03:22.673] [INFO] system - 枚数選択end(1回目)
[2021-10-04T22:03:26.117] [ERROR] system - Error: Protocol error (Runtime.callFunctionOn): Target closed.
    at C:\source\yt-scraping\node_modules\puppeteer\lib\cjs\puppeteer\common\Connection.js:208:63
    at new Promise (<anonymous>)
    at CDPSession.send (C:\source\yt-scraping\node_modules\puppeteer\lib\cjs\puppeteer\common\Connection.js:207:16)
    at ExecutionContext._evaluateInternal (C:\source\yt-scraping\node_modules\puppeteer\lib\cjs\puppeteer\common\ExecutionContext.js:200:50)
    at ExecutionContext.evaluateHandle (C:\source\yt-scraping\node_modules\puppeteer\lib\cjs\puppeteer\common\ExecutionContext.js:151:21)
    at WaitTask.rerun (C:\source\yt-scraping\node_modules\puppeteer\lib\cjs\puppeteer\common\DOMWorld.js:498:71)
    at processTicksAndRejections (internal/process/task_queues.js:93:5)
[2021-10-04T22:03:26.119] [ERROR] system - ReferenceError: page is not defined
    at newBrowser (C:\source\yt-scraping\func-lpkick\lpkick.js:654:5)
    at processTicksAndRejections (internal/process/task_queues.js:93:5)
    at async C:\source\yt-scraping\func-lpkick\lpkick.js:115:5
[2021-10-04T22:03:29.097] [INFO] system - キック：{"isWindows":["Windows"],"---1---":"====== BasicSetting ======","mypageUrl":"https://t.livepocket.jp/my_top","autoLogin":false,"confUser":"dabame8549@mi166.com","confPass":"6yjAWLhCxVT2","testUser":"sugachan.tectec@gmail.com","testPass":"6yjAWLhCxVT2","targetUrl":"https://t.livepocket.jp/e/pannana202110/","targetName":"10/5(火)１部チケット整理番号券,10/12(火)１部チケット整理番号券,10/19(火)１部チケット整理番号券,10/26(火)１部チケット整理番号券","targetNumber":"2,2,2,2","storeTypeId":"002","loginTime":"2021-10-04 21:36","startTime":"2021-10-04 22:00","isBrowse":true,"isTest":false,"isJamCheck":true,"isCredit":false,"isMailSend":false,"notCheckOnly":true,"isClose":false,"isMobile":true,"dareSec":0,"isConnect":true,"isLogger":true,"advSec":-245,"isOrigin":true,"isOriginCancel":false,"jamTryCnt":10,"isProxy":false,"proxy":"45.130.126.194:8000","proxyUser":"Z3SpVY","proxyPass":"SqoYCw","---2---":"====== MailSetting(GmailOnly) ======","fromMail":"sugachan.tectec@gmail.com","fromMailPass":"sero3202","toMail":"","toSysMail":"trigger@applet.ifttt.com"}
[2021-10-04T22:03:29.101] [INFO] system - 【本番】
[2021-10-04T22:03:29.105] [INFO] system - 2021-10-04 21:36:00にすでに到達
[2021-10-04T22:03:29.108] [INFO] system - ログイン処理想定時間到達
[2021-10-04T22:03:29.931] [INFO] system - ブラウザ起動後準備完了
[2021-10-04T22:03:31.590] [INFO] system - ログインページに移動完了
[2021-10-04T22:03:34.001] [INFO] system - ログイン完了
[2021-10-04T22:03:34.012] [INFO] system - 混線なし
[2021-10-04T22:03:34.045] [INFO] system - 「10/5(火)１部チケット整理番号券,10/12(火)１部チケット整理番号券,10/19(火)１部チケット整理番号券,10/26(火)１部チケット整理番号券」の存在を確認(.table #ticket-518862,.table #ticket-518864,.table #ticket-518866,.table #ticket-518868)
[2021-10-04T22:03:36.311] [INFO] system - .table #ticket-518862ロック外し開始
[2021-10-04T22:03:36.312] [INFO] system - .table #ticket-518864ロック外し開始
[2021-10-04T22:03:36.313] [INFO] system - .table #ticket-518866ロック外し開始
[2021-10-04T22:03:36.314] [INFO] system - .table #ticket-518868ロック外し開始
[2021-10-04T22:03:36.327] [INFO] system - 4セット選択終了
[2021-10-04T22:03:36.329] [INFO] system - 2021-10-04 21:59にすでに到達
[2021-10-04T22:03:36.341] [INFO] system - 前ページへ移動
[2021-10-04T22:03:37.478] [INFO] system - 2021-10-04 21:59にすでに到達
[2021-10-04T22:03:37.479] [INFO] system - 購入処理想定時間到達
[2021-10-04T22:03:37.480] [INFO] system - <成績時間カウント開始>
[2021-10-04T22:03:37.481] [INFO] system - 購入可能状態確認start(1回目)
[2021-10-04T22:03:37.482] [INFO] system - 次ページへ移動
[2021-10-04T22:03:38.537] [INFO] system - 購入可能状態確認end
[2021-10-04T22:03:38.537] [INFO] system - 枚数選択start(1回目)
[2021-10-04T22:03:38.538] [INFO] system - 購入クリック処理1回目
[2021-10-04T22:03:38.542] [INFO] system - 購入クリック処理2回目
[2021-10-04T22:03:38.545] [INFO] system - 購入クリック処理3回目
[2021-10-04T22:03:38.547] [INFO] system - 購入クリック処理4回目
[2021-10-04T22:03:38.550] [INFO] system - 購入クリック処理5回目
[2021-10-04T22:03:38.553] [INFO] system - 購入クリック処理6回目
[2021-10-04T22:03:38.556] [INFO] system - 購入クリック処理7回目
[2021-10-04T22:03:38.559] [INFO] system - 購入クリック処理8回目
[2021-10-04T22:03:38.560] [INFO] system - 購入クリック処理9回目
[2021-10-04T22:03:38.563] [INFO] system - 購入クリック処理10回目
[2021-10-04T22:03:38.566] [INFO] system - 購入クリック処理11回目
[2021-10-04T22:03:38.570] [INFO] system - 購入クリック処理12回目
[2021-10-04T22:03:38.572] [INFO] system - 購入クリック処理13回目
[2021-10-04T22:03:38.574] [INFO] system - 購入クリック処理14回目
[2021-10-04T22:03:38.577] [INFO] system - 購入クリック処理15回目
[2021-10-04T22:03:38.579] [INFO] system - 購入クリック処理16回目
[2021-10-04T22:03:38.581] [INFO] system - 購入クリック処理17回目
[2021-10-04T22:03:38.583] [INFO] system - 購入クリック処理18回目
[2021-10-04T22:03:38.586] [INFO] system - 購入クリック処理19回目
[2021-10-04T22:03:38.589] [INFO] system - 購入クリック処理20回目
[2021-10-04T22:03:38.591] [INFO] system - 購入クリック処理21回目
[2021-10-04T22:03:38.593] [INFO] system - 購入クリック処理22回目
[2021-10-04T22:03:38.595] [INFO] system - 購入クリック処理23回目
[2021-10-04T22:03:38.599] [INFO] system - 購入クリック処理24回目
[2021-10-04T22:03:38.602] [INFO] system - 購入クリック処理25回目
[2021-10-04T22:03:38.604] [INFO] system - 購入クリック処理26回目
[2021-10-04T22:03:38.607] [INFO] system - 購入クリック処理27回目
[2021-10-04T22:03:38.608] [INFO] system - 購入クリック処理28回目
[2021-10-04T22:03:38.610] [INFO] system - 購入クリック処理29回目
[2021-10-04T22:03:38.612] [INFO] system - 購入クリック処理30回目
[2021-10-04T22:03:38.614] [INFO] system - 購入クリック処理31回目
[2021-10-04T22:03:38.617] [INFO] system - 購入クリック処理32回目
[2021-10-04T22:03:38.619] [INFO] system - 購入クリック処理33回目
[2021-10-04T22:03:38.622] [INFO] system - 購入クリック処理34回目
[2021-10-04T22:03:38.624] [INFO] system - 購入クリック処理35回目
[2021-10-04T22:03:38.626] [INFO] system - 購入クリック処理36回目
[2021-10-04T22:03:38.629] [INFO] system - 購入クリック処理37回目
[2021-10-04T22:03:38.632] [INFO] system - 購入クリック処理38回目
[2021-10-04T22:03:38.633] [INFO] system - 購入クリック処理39回目
[2021-10-04T22:03:38.635] [INFO] system - 購入クリック処理40回目
[2021-10-04T22:03:38.637] [INFO] system - 購入クリック処理41回目
[2021-10-04T22:03:38.639] [INFO] system - 購入クリック処理42回目
[2021-10-04T22:03:38.640] [INFO] system - 購入クリック処理43回目
[2021-10-04T22:03:38.642] [INFO] system - 購入クリック処理44回目
[2021-10-04T22:03:38.644] [INFO] system - 購入クリック処理45回目
[2021-10-04T22:03:38.646] [INFO] system - 購入クリック処理46回目
[2021-10-04T22:03:38.649] [INFO] system - 購入クリック処理47回目
[2021-10-04T22:03:38.651] [INFO] system - 購入クリック処理48回目
[2021-10-04T22:03:38.653] [INFO] system - 購入クリック処理49回目
[2021-10-04T22:03:38.655] [INFO] system - 購入クリック処理50回目
[2021-10-04T22:03:38.657] [INFO] system - 購入クリック処理51回目
[2021-10-04T22:03:38.662] [INFO] system - 購入クリック処理52回目
[2021-10-04T22:03:38.669] [INFO] system - 購入クリック処理53回目
[2021-10-04T22:03:38.677] [INFO] system - 購入クリック処理54回目
[2021-10-04T22:03:39.216] [ERROR] system - Error: Execution context was destroyed, most likely because of a navigation.
    at rewriteError (C:\source\yt-scraping\node_modules\puppeteer\lib\cjs\puppeteer\common\ExecutionContext.js:261:23)
    at processTicksAndRejections (internal/process/task_queues.js:93:5)
    at async ExecutionContext._evaluateInternal (C:\source\yt-scraping\node_modules\puppeteer\lib\cjs\puppeteer\common\ExecutionContext.js:215:61)
    at async ExecutionContext.evaluate (C:\source\yt-scraping\node_modules\puppeteer\lib\cjs\puppeteer\common\ExecutionContext.js:106:16)
    at async targetPageBuySelect (C:\source\yt-scraping\func-lpkick\lpkick.js:900:11)
    at async newBrowser (C:\source\yt-scraping\func-lpkick\lpkick.js:517:11)
    at async C:\source\yt-scraping\func-lpkick\lpkick.js:115:5
[2021-10-04T22:03:39.557] [INFO] system - 枚数選択end(1回目)
[2021-10-04T22:03:48.690] [ERROR] system - Error: Protocol error (Runtime.callFunctionOn): Target closed.
    at C:\source\yt-scraping\node_modules\puppeteer\lib\cjs\puppeteer\common\Connection.js:208:63
    at new Promise (<anonymous>)
    at CDPSession.send (C:\source\yt-scraping\node_modules\puppeteer\lib\cjs\puppeteer\common\Connection.js:207:16)
    at ExecutionContext._evaluateInternal (C:\source\yt-scraping\node_modules\puppeteer\lib\cjs\puppeteer\common\ExecutionContext.js:200:50)
    at ExecutionContext.evaluateHandle (C:\source\yt-scraping\node_modules\puppeteer\lib\cjs\puppeteer\common\ExecutionContext.js:151:21)
    at WaitTask.rerun (C:\source\yt-scraping\node_modules\puppeteer\lib\cjs\puppeteer\common\DOMWorld.js:498:71)
    at processTicksAndRejections (internal/process/task_queues.js:93:5)
[2021-10-04T22:03:48.692] [ERROR] system - ReferenceError: page is not defined
    at newBrowser (C:\source\yt-scraping\func-lpkick\lpkick.js:654:5)
    at processTicksAndRejections (internal/process/task_queues.js:93:5)
    at async C:\source\yt-scraping\func-lpkick\lpkick.js:115:5
[2021-10-04T22:04:15.680] [INFO] system - キック：{"isWindows":["Windows"],"---1---":"====== BasicSetting ======","mypageUrl":"https://t.livepocket.jp/my_top","autoLogin":false,"confUser":"dabame8549@mi166.com","confPass":"6yjAWLhCxVT2","testUser":"sugachan.tectec@gmail.com","testPass":"6yjAWLhCxVT2","targetUrl":"https://t.livepocket.jp/e/pannana202110/","targetName":"10/5(火)１部チケット整理番号券,10/12(火)１部チケット整理番号券,10/19(火)１部チケット整理番号券,10/26(火)１部チケット整理番号券","targetNumber":"2,2,2,2","storeTypeId":"002","loginTime":"2021-10-04 21:36","startTime":"2021-10-04 22:00","isBrowse":true,"isTest":false,"isJamCheck":true,"isCredit":false,"isMailSend":false,"notCheckOnly":true,"isClose":false,"isMobile":true,"dareSec":0,"isConnect":true,"isLogger":true,"advSec":-245,"isOrigin":true,"isOriginCancel":false,"jamTryCnt":10,"isProxy":false,"proxy":"45.130.126.194:8000","proxyUser":"Z3SpVY","proxyPass":"SqoYCw","---2---":"====== MailSetting(GmailOnly) ======","fromMail":"sugachan.tectec@gmail.com","fromMailPass":"sero3202","toMail":"","toSysMail":"trigger@applet.ifttt.com"}
[2021-10-04T22:04:15.685] [INFO] system - 【本番】
[2021-10-04T22:04:15.690] [INFO] system - 2021-10-04 21:36:00にすでに到達
[2021-10-04T22:04:15.693] [INFO] system - ログイン処理想定時間到達
[2021-10-04T22:04:16.527] [INFO] system - ブラウザ起動後準備完了
[2021-10-04T22:04:18.125] [INFO] system - ログインページに移動完了
[2021-10-04T22:04:20.309] [INFO] system - ログイン完了
[2021-10-04T22:04:20.321] [INFO] system - 混線なし
[2021-10-04T22:04:20.356] [INFO] system - 「10/5(火)１部チケット整理番号券,10/12(火)１部チケット整理番号券,10/19(火)１部チケット整理番号券,10/26(火)１部チケット整理番号券」の存在を確認(.table #ticket-518862,.table #ticket-518864,.table #ticket-518866,.table #ticket-518868)
[2021-10-04T22:04:22.754] [INFO] system - .table #ticket-518862ロック外し開始
[2021-10-04T22:04:22.755] [INFO] system - .table #ticket-518864ロック外し開始
[2021-10-04T22:04:22.756] [INFO] system - .table #ticket-518866ロック外し開始
[2021-10-04T22:04:22.756] [INFO] system - .table #ticket-518868ロック外し開始
[2021-10-04T22:04:22.771] [INFO] system - 4セット選択終了
[2021-10-04T22:04:22.772] [INFO] system - 2021-10-04 21:59にすでに到達
[2021-10-04T22:04:22.784] [INFO] system - 前ページへ移動
[2021-10-04T22:04:24.146] [INFO] system - 2021-10-04 21:59にすでに到達
[2021-10-04T22:04:24.160] [INFO] system - 購入処理想定時間到達
[2021-10-04T22:04:24.161] [INFO] system - <成績時間カウント開始>
[2021-10-04T22:04:24.162] [INFO] system - 購入可能状態確認start(1回目)
[2021-10-04T22:04:24.162] [INFO] system - 次ページへ移動
[2021-10-04T22:04:25.230] [INFO] system - 購入可能状態確認end
[2021-10-04T22:04:25.230] [INFO] system - 枚数選択start(1回目)
[2021-10-04T22:04:25.231] [INFO] system - 購入クリック処理1回目
[2021-10-04T22:04:25.236] [INFO] system - 購入クリック処理2回目
[2021-10-04T22:04:25.238] [INFO] system - 購入クリック処理3回目
[2021-10-04T22:04:25.241] [INFO] system - 購入クリック処理4回目
[2021-10-04T22:04:25.243] [INFO] system - 購入クリック処理5回目
[2021-10-04T22:04:25.246] [INFO] system - 購入クリック処理6回目
[2021-10-04T22:04:25.249] [INFO] system - 購入クリック処理7回目
[2021-10-04T22:04:25.251] [INFO] system - 購入クリック処理8回目
[2021-10-04T22:04:25.253] [INFO] system - 購入クリック処理9回目
[2021-10-04T22:04:25.256] [INFO] system - 購入クリック処理10回目
[2021-10-04T22:04:25.258] [INFO] system - 購入クリック処理11回目
[2021-10-04T22:04:25.261] [INFO] system - 購入クリック処理12回目
[2021-10-04T22:04:25.264] [INFO] system - 購入クリック処理13回目
[2021-10-04T22:04:25.266] [INFO] system - 購入クリック処理14回目
[2021-10-04T22:04:25.268] [INFO] system - 購入クリック処理15回目
[2021-10-04T22:04:25.269] [INFO] system - 購入クリック処理16回目
[2021-10-04T22:04:25.271] [INFO] system - 購入クリック処理17回目
[2021-10-04T22:04:25.274] [INFO] system - 購入クリック処理18回目
[2021-10-04T22:04:25.276] [INFO] system - 購入クリック処理19回目
[2021-10-04T22:04:25.278] [INFO] system - 購入クリック処理20回目
[2021-10-04T22:04:25.281] [INFO] system - 購入クリック処理21回目
[2021-10-04T22:04:25.283] [INFO] system - 購入クリック処理22回目
[2021-10-04T22:04:25.285] [INFO] system - 購入クリック処理23回目
[2021-10-04T22:04:25.288] [INFO] system - 購入クリック処理24回目
[2021-10-04T22:04:25.290] [INFO] system - 購入クリック処理25回目
[2021-10-04T22:04:25.293] [INFO] system - 購入クリック処理26回目
[2021-10-04T22:04:25.295] [INFO] system - 購入クリック処理27回目
[2021-10-04T22:04:25.297] [INFO] system - 購入クリック処理28回目
[2021-10-04T22:04:25.299] [INFO] system - 購入クリック処理29回目
[2021-10-04T22:04:25.301] [INFO] system - 購入クリック処理30回目
[2021-10-04T22:04:25.304] [INFO] system - 購入クリック処理31回目
[2021-10-04T22:04:25.307] [INFO] system - 購入クリック処理32回目
[2021-10-04T22:04:25.309] [INFO] system - 購入クリック処理33回目
[2021-10-04T22:04:25.312] [INFO] system - 購入クリック処理34回目
[2021-10-04T22:04:25.313] [INFO] system - 購入クリック処理35回目
[2021-10-04T22:04:25.315] [INFO] system - 購入クリック処理36回目
[2021-10-04T22:04:25.318] [INFO] system - 購入クリック処理37回目
[2021-10-04T22:04:25.320] [INFO] system - 購入クリック処理38回目
[2021-10-04T22:04:25.321] [INFO] system - 購入クリック処理39回目
[2021-10-04T22:04:25.324] [INFO] system - 購入クリック処理40回目
[2021-10-04T22:04:25.325] [INFO] system - 購入クリック処理41回目
[2021-10-04T22:04:25.327] [INFO] system - 購入クリック処理42回目
[2021-10-04T22:04:25.329] [INFO] system - 購入クリック処理43回目
[2021-10-04T22:04:25.330] [INFO] system - 購入クリック処理44回目
[2021-10-04T22:04:25.332] [INFO] system - 購入クリック処理45回目
[2021-10-04T22:04:25.333] [INFO] system - 購入クリック処理46回目
[2021-10-04T22:04:25.336] [INFO] system - 購入クリック処理47回目
[2021-10-04T22:04:25.337] [INFO] system - 購入クリック処理48回目
[2021-10-04T22:04:25.340] [INFO] system - 購入クリック処理49回目
[2021-10-04T22:04:25.344] [INFO] system - 購入クリック処理50回目
[2021-10-04T22:04:25.346] [INFO] system - 購入クリック処理51回目
[2021-10-04T22:04:25.351] [INFO] system - 購入クリック処理52回目
[2021-10-04T22:04:25.364] [INFO] system - 購入クリック処理53回目
[2021-10-04T22:04:25.818] [ERROR] system - Error: Execution context was destroyed, most likely because of a navigation.
    at rewriteError (C:\source\yt-scraping\node_modules\puppeteer\lib\cjs\puppeteer\common\ExecutionContext.js:261:23)
    at processTicksAndRejections (internal/process/task_queues.js:93:5)
    at async ExecutionContext._evaluateInternal (C:\source\yt-scraping\node_modules\puppeteer\lib\cjs\puppeteer\common\ExecutionContext.js:215:61)
    at async ExecutionContext.evaluate (C:\source\yt-scraping\node_modules\puppeteer\lib\cjs\puppeteer\common\ExecutionContext.js:106:16)
    at async targetPageBuySelect (C:\source\yt-scraping\func-lpkick\lpkick.js:900:11)
    at async newBrowser (C:\source\yt-scraping\func-lpkick\lpkick.js:517:11)
    at async C:\source\yt-scraping\func-lpkick\lpkick.js:115:5
[2021-10-04T22:04:26.124] [INFO] system - 枚数選択end(1回目)
[2021-10-04T22:04:28.289] [ERROR] system - Error: Protocol error (Runtime.callFunctionOn): Target closed.
    at C:\source\yt-scraping\node_modules\puppeteer\lib\cjs\puppeteer\common\Connection.js:208:63
    at new Promise (<anonymous>)
    at CDPSession.send (C:\source\yt-scraping\node_modules\puppeteer\lib\cjs\puppeteer\common\Connection.js:207:16)
    at ExecutionContext._evaluateInternal (C:\source\yt-scraping\node_modules\puppeteer\lib\cjs\puppeteer\common\ExecutionContext.js:200:50)
    at ExecutionContext.evaluateHandle (C:\source\yt-scraping\node_modules\puppeteer\lib\cjs\puppeteer\common\ExecutionContext.js:151:21)
    at WaitTask.rerun (C:\source\yt-scraping\node_modules\puppeteer\lib\cjs\puppeteer\common\DOMWorld.js:498:71)
    at processTicksAndRejections (internal/process/task_queues.js:93:5)
[2021-10-04T22:04:28.291] [ERROR] system - ReferenceError: page is not defined
    at newBrowser (C:\source\yt-scraping\func-lpkick\lpkick.js:654:5)
    at processTicksAndRejections (internal/process/task_queues.js:93:5)
    at async C:\source\yt-scraping\func-lpkick\lpkick.js:115:5
[2021-10-04T22:04:43.701] [INFO] system - キック：{"isWindows":["Windows"],"---1---":"====== BasicSetting ======","mypageUrl":"https://t.livepocket.jp/my_top","autoLogin":false,"confUser":"natipo5714@mom2kid.com","confPass":"6yjAWLhCxVT2","testUser":"sugachan.tectec@gmail.com","testPass":"6yjAWLhCxVT2","targetUrl":"https://t.livepocket.jp/e/pannana202110/","targetName":"10/5(火)２部チケット整理番号券,10/12(火)２部チケット整理番号券,10/19(火)２部チケット整理番号券,10/26(火)２部チケット整理番号券","targetNumber":"2,2,1,1","storeTypeId":"016","loginTime":"2021-10-04 21:36","startTime":"2021-10-04 22:00","isBrowse":true,"isTest":true,"isJamCheck":true,"isCredit":false,"isMailSend":false,"notCheckOnly":true,"isClose":false,"isMobile":true,"dareSec":0,"isConnect":true,"isLogger":true,"advSec":-245,"isOrigin":false,"isOriginCancel":false,"jamTryCnt":10,"isProxy":false,"proxy":"","proxyUser":"","proxyPass":"","---2---":"====== MailSetting(GmailOnly) ======","fromMail":"sugachan.tectec@gmail.com","fromMailPass":"sero3202","toMail":"","toSysMail":"trigger@applet.ifttt.com"}
[2021-10-04T22:04:43.705] [INFO] system - 【テスト】
[2021-10-04T22:04:43.710] [INFO] system - 2021-10-04 21:36:00にすでに到達
[2021-10-04T22:04:43.713] [INFO] system - ログイン処理想定時間到達
[2021-10-04T22:04:44.537] [INFO] system - ブラウザ起動後準備完了
[2021-10-04T22:04:46.253] [INFO] system - ログインページに移動完了
[2021-10-04T22:04:48.437] [INFO] system - ログイン完了
[2021-10-04T22:04:48.449] [INFO] system - 混線なし
[2021-10-04T22:04:48.482] [INFO] system - 「10/5(火)２部チケット整理番号券,10/12(火)２部チケット整理番号券,10/19(火)２部チケット整理番号券,10/26(火)２部チケット整理番号券」の存在を確認(.table #ticket-518863,.table #ticket-518865,.table #ticket-518867,.table #ticket-518869)
[2021-10-04T22:04:48.483] [INFO] system - 2021-10-04 21:59にすでに到達
[2021-10-04T22:04:48.499] [INFO] system - 購入処理想定時間到達
[2021-10-04T22:04:48.500] [INFO] system - <成績時間カウント開始>
[2021-10-04T22:04:48.500] [INFO] system - 購入可能状態確認start(1回目)
[2021-10-04T22:04:49.496] [INFO] system - 購入可能状態確認end
[2021-10-04T22:04:49.496] [INFO] system - 枚数選択start(1回目)
[2021-10-04T22:04:49.564] [INFO] system - 4セット選択終了
[2021-10-04T22:04:51.785] [INFO] system - 枚数選択end(1回目)
[2021-10-04T22:04:55.894] [ERROR] system - Error: Protocol error (Runtime.callFunctionOn): Target closed.
    at C:\source\yt-scraping\node_modules\puppeteer\lib\cjs\puppeteer\common\Connection.js:208:63
    at new Promise (<anonymous>)
    at CDPSession.send (C:\source\yt-scraping\node_modules\puppeteer\lib\cjs\puppeteer\common\Connection.js:207:16)
    at ExecutionContext._evaluateInternal (C:\source\yt-scraping\node_modules\puppeteer\lib\cjs\puppeteer\common\ExecutionContext.js:200:50)
    at ExecutionContext.evaluateHandle (C:\source\yt-scraping\node_modules\puppeteer\lib\cjs\puppeteer\common\ExecutionContext.js:151:21)
    at WaitTask.rerun (C:\source\yt-scraping\node_modules\puppeteer\lib\cjs\puppeteer\common\DOMWorld.js:498:71)
    at runMicrotasks (<anonymous>)
    at processTicksAndRejections (internal/process/task_queues.js:93:5)
[2021-10-04T22:04:55.896] [ERROR] system - ReferenceError: page is not defined
    at newBrowser (C:\source\yt-scraping\func-lpkick\lpkick.js:654:5)
    at processTicksAndRejections (internal/process/task_queues.js:93:5)
    at async C:\source\yt-scraping\func-lpkick\lpkick.js:115:5
[2021-10-04T22:05:04.619] [INFO] system - キック：{"isWindows":["Windows"],"---1---":"====== BasicSetting ======","mypageUrl":"https://t.livepocket.jp/my_top","autoLogin":false,"confUser":"natipo5714@mom2kid.com","confPass":"6yjAWLhCxVT2","testUser":"sugachan.tectec@gmail.com","testPass":"6yjAWLhCxVT2","targetUrl":"https://t.livepocket.jp/e/pannana202110/","targetName":"10/5(火)２部チケット整理番号券,10/12(火)２部チケット整理番号券,10/19(火)２部チケット整理番号券,10/26(火)２部チケット整理番号券","targetNumber":"2,2,1,1","storeTypeId":"016","loginTime":"2021-10-04 21:36","startTime":"2021-10-04 22:00","isBrowse":true,"isTest":true,"isJamCheck":true,"isCredit":false,"isMailSend":false,"notCheckOnly":true,"isClose":false,"isMobile":true,"dareSec":0,"isConnect":true,"isLogger":true,"advSec":-245,"isOrigin":false,"isOriginCancel":false,"jamTryCnt":10,"isProxy":false,"proxy":"","proxyUser":"","proxyPass":"","---2---":"====== MailSetting(GmailOnly) ======","fromMail":"sugachan.tectec@gmail.com","fromMailPass":"sero3202","toMail":"","toSysMail":"trigger@applet.ifttt.com"}
[2021-10-04T22:05:04.622] [INFO] system - 【テスト】
[2021-10-04T22:05:04.626] [INFO] system - 2021-10-04 21:36:00にすでに到達
[2021-10-04T22:05:04.628] [INFO] system - ログイン処理想定時間到達
[2021-10-04T22:05:05.451] [INFO] system - ブラウザ起動後準備完了
[2021-10-04T22:05:06.875] [INFO] system - ログインページに移動完了
[2021-10-04T22:05:07.992] [ERROR] system - Error: Navigation failed because browser has disconnected!
    at C:\source\yt-scraping\node_modules\puppeteer\lib\cjs\puppeteer\common\LifecycleWatcher.js:51:147
    at C:\source\yt-scraping\node_modules\puppeteer\lib\cjs\vendor\mitt\src\index.js:51:62
    at Array.map (<anonymous>)
    at Object.emit (C:\source\yt-scraping\node_modules\puppeteer\lib\cjs\vendor\mitt\src\index.js:51:43)
    at CDPSession.emit (C:\source\yt-scraping\node_modules\puppeteer\lib\cjs\puppeteer\common\EventEmitter.js:72:22)
    at CDPSession._onClosed (C:\source\yt-scraping\node_modules\puppeteer\lib\cjs\puppeteer\common\Connection.js:247:14)
    at Connection._onMessage (C:\source\yt-scraping\node_modules\puppeteer\lib\cjs\puppeteer\common\Connection.js:94:25)
    at WebSocket.<anonymous> (C:\source\yt-scraping\node_modules\puppeteer\lib\cjs\puppeteer\node\NodeWebSocketTransport.js:13:32)
    at WebSocket.onMessage (C:\source\yt-scraping\node_modules\ws\lib\event-target.js:132:16)
    at WebSocket.emit (events.js:315:20)
[2021-10-04T22:05:07.996] [ERROR] system - Error: Protocol error (Target.activateTarget): Session closed. Most likely the page has been closed.
    at CDPSession.send (C:\source\yt-scraping\node_modules\puppeteer\lib\cjs\puppeteer\common\Connection.js:195:35)
    at Page._screenshotTask (C:\source\yt-scraping\node_modules\puppeteer\lib\cjs\puppeteer\common\Page.js:1084:28)
    at C:\source\yt-scraping\node_modules\puppeteer\lib\cjs\puppeteer\common\Page.js:1081:62
    at processTicksAndRejections (internal/process/task_queues.js:93:5)
[2021-10-04T22:05:07.998] [ERROR] system - ReferenceError: page is not defined
    at newBrowser (C:\source\yt-scraping\func-lpkick\lpkick.js:654:5)
    at processTicksAndRejections (internal/process/task_queues.js:93:5)
    at async C:\source\yt-scraping\func-lpkick\lpkick.js:115:5
[2021-10-04T22:05:17.818] [INFO] system - キック：{"isWindows":["Windows"],"---1---":"====== BasicSetting ======","mypageUrl":"https://t.livepocket.jp/my_top","autoLogin":false,"confUser":"natipo5714@mom2kid.com","confPass":"6yjAWLhCxVT2","testUser":"sugachan.tectec@gmail.com","testPass":"6yjAWLhCxVT2","targetUrl":"https://t.livepocket.jp/e/pannana202110/","targetName":"10/5(火)２部チケット整理番号券,10/12(火)２部チケット整理番号券,10/19(火)２部チケット整理番号券,10/26(火)２部チケット整理番号券","targetNumber":"2,2,1,1","storeTypeId":"016","loginTime":"2021-10-04 21:36","startTime":"2021-10-04 22:00","isBrowse":true,"isTest":false,"isJamCheck":true,"isCredit":false,"isMailSend":false,"notCheckOnly":true,"isClose":false,"isMobile":true,"dareSec":0,"isConnect":true,"isLogger":true,"advSec":-245,"isOrigin":false,"isOriginCancel":false,"jamTryCnt":10,"isProxy":false,"proxy":"","proxyUser":"","proxyPass":"","---2---":"====== MailSetting(GmailOnly) ======","fromMail":"sugachan.tectec@gmail.com","fromMailPass":"sero3202","toMail":"","toSysMail":"trigger@applet.ifttt.com"}
[2021-10-04T22:05:17.822] [INFO] system - 【本番】
[2021-10-04T22:05:17.825] [INFO] system - 2021-10-04 21:36:00にすでに到達
[2021-10-04T22:05:17.828] [INFO] system - ログイン処理想定時間到達
[2021-10-04T22:05:18.710] [INFO] system - ブラウザ起動後準備完了
[2021-10-04T22:05:20.305] [INFO] system - ログインページに移動完了
[2021-10-04T22:05:22.755] [INFO] system - ログイン完了
[2021-10-04T22:05:22.767] [INFO] system - 混線なし
[2021-10-04T22:05:22.796] [INFO] system - 「10/5(火)２部チケット整理番号券,10/12(火)２部チケット整理番号券,10/19(火)２部チケット整理番号券,10/26(火)２部チケット整理番号券」の存在を確認(.table #ticket-518863,.table #ticket-518865,.table #ticket-518867,.table #ticket-518869)
[2021-10-04T22:05:22.797] [INFO] system - 2021-10-04 21:59にすでに到達
[2021-10-04T22:05:22.798] [INFO] system - 購入処理想定時間到達
[2021-10-04T22:05:22.798] [INFO] system - <成績時間カウント開始>
[2021-10-04T22:05:22.799] [INFO] system - 購入可能状態確認start(1回目)
[2021-10-04T22:05:23.783] [INFO] system - 購入可能状態確認end
[2021-10-04T22:05:23.784] [INFO] system - 枚数選択start(1回目)
[2021-10-04T22:05:23.872] [INFO] system - 4セット選択終了
[2021-10-04T22:05:26.102] [INFO] system - 枚数選択end(1回目)
[2021-10-04T22:05:27.715] [ERROR] system - Error: Protocol error (Runtime.callFunctionOn): Target closed.
    at C:\source\yt-scraping\node_modules\puppeteer\lib\cjs\puppeteer\common\Connection.js:208:63
    at new Promise (<anonymous>)
    at CDPSession.send (C:\source\yt-scraping\node_modules\puppeteer\lib\cjs\puppeteer\common\Connection.js:207:16)
    at ExecutionContext._evaluateInternal (C:\source\yt-scraping\node_modules\puppeteer\lib\cjs\puppeteer\common\ExecutionContext.js:200:50)
    at ExecutionContext.evaluateHandle (C:\source\yt-scraping\node_modules\puppeteer\lib\cjs\puppeteer\common\ExecutionContext.js:151:21)
    at WaitTask.rerun (C:\source\yt-scraping\node_modules\puppeteer\lib\cjs\puppeteer\common\DOMWorld.js:498:71)
    at processTicksAndRejections (internal/process/task_queues.js:93:5)
[2021-10-04T22:05:27.717] [ERROR] system - ReferenceError: page is not defined
    at newBrowser (C:\source\yt-scraping\func-lpkick\lpkick.js:654:5)
    at processTicksAndRejections (internal/process/task_queues.js:93:5)
    at async C:\source\yt-scraping\func-lpkick\lpkick.js:115:5
[2021-10-04T22:05:38.651] [INFO] system - キック：{"isWindows":["Windows"],"---1---":"====== BasicSetting ======","mypageUrl":"https://t.livepocket.jp/my_top","autoLogin":false,"confUser":"dabame8549@mi166.com","confPass":"6yjAWLhCxVT2","testUser":"sugachan.tectec@gmail.com","testPass":"6yjAWLhCxVT2","targetUrl":"https://t.livepocket.jp/e/pannana202110/","targetName":"10/5(火)１部チケット整理番号券,10/12(火)１部チケット整理番号券,10/19(火)１部チケット整理番号券,10/26(火)１部チケット整理番号券","targetNumber":"2,2,2,2","storeTypeId":"002","loginTime":"2021-10-04 21:36","startTime":"2021-10-04 22:00","isBrowse":true,"isTest":false,"isJamCheck":true,"isCredit":false,"isMailSend":false,"notCheckOnly":true,"isClose":false,"isMobile":true,"dareSec":0,"isConnect":true,"isLogger":true,"advSec":-245,"isOrigin":true,"isOriginCancel":false,"jamTryCnt":10,"isProxy":false,"proxy":"45.130.126.194:8000","proxyUser":"Z3SpVY","proxyPass":"SqoYCw","---2---":"====== MailSetting(GmailOnly) ======","fromMail":"sugachan.tectec@gmail.com","fromMailPass":"sero3202","toMail":"","toSysMail":"trigger@applet.ifttt.com"}
[2021-10-04T22:05:38.655] [INFO] system - 【本番】
[2021-10-04T22:05:38.659] [INFO] system - 2021-10-04 21:36:00にすでに到達
[2021-10-04T22:05:38.662] [INFO] system - ログイン処理想定時間到達
[2021-10-04T22:05:39.490] [INFO] system - ブラウザ起動後準備完了
[2021-10-04T22:05:40.816] [INFO] system - ログインページに移動完了
[2021-10-04T22:05:42.814] [INFO] system - ログイン完了
[2021-10-04T22:05:42.826] [INFO] system - 混線のため112秒待機開始...
[2021-10-04T22:05:47.352] [INFO] system - キック：{"isWindows":["Windows"],"---1---":"====== BasicSetting ======","mypageUrl":"https://t.livepocket.jp/my_top","autoLogin":false,"confUser":"natipo5714@mom2kid.com","confPass":"6yjAWLhCxVT2","testUser":"sugachan.tectec@gmail.com","testPass":"6yjAWLhCxVT2","targetUrl":"https://t.livepocket.jp/e/pannana202110/","targetName":"10/5(火)２部チケット整理番号券,10/12(火)２部チケット整理番号券,10/19(火)２部チケット整理番号券,10/26(火)２部チケット整理番号券","targetNumber":"2,2,1,1","storeTypeId":"016","loginTime":"2021-10-04 21:36","startTime":"2021-10-04 22:00","isBrowse":true,"isTest":false,"isJamCheck":true,"isCredit":false,"isMailSend":false,"notCheckOnly":true,"isClose":false,"isMobile":true,"dareSec":0,"isConnect":true,"isLogger":true,"advSec":-245,"isOrigin":false,"isOriginCancel":false,"jamTryCnt":10,"isProxy":false,"proxy":"","proxyUser":"","proxyPass":"","---2---":"====== MailSetting(GmailOnly) ======","fromMail":"sugachan.tectec@gmail.com","fromMailPass":"sero3202","toMail":"","toSysMail":"trigger@applet.ifttt.com"}
[2021-10-04T22:05:47.356] [INFO] system - 【本番】
[2021-10-04T22:05:47.361] [INFO] system - 2021-10-04 21:36:00にすでに到達
[2021-10-04T22:05:47.363] [INFO] system - ログイン処理想定時間到達
[2021-10-04T22:05:48.180] [INFO] system - ブラウザ起動後準備完了
[2021-10-04T22:05:49.485] [INFO] system - ログインページに移動完了
[2021-10-04T22:05:51.539] [INFO] system - ログイン完了
[2021-10-04T22:05:51.551] [INFO] system - 混線のため113秒待機開始...
[2021-10-04T22:07:35.896] [INFO] system - 混線のため103秒待機開始...
[2021-10-04T22:07:45.548] [INFO] system - 混線のため99秒待機開始...
[2021-10-04T22:09:19.877] [INFO] system - 混線のため116秒待機開始...
[2021-10-04T22:09:25.731] [INFO] system - 混線解消(2回目に成功)
[2021-10-04T22:09:25.762] [INFO] system - 「10/5(火)２部チケット整理番号券,10/12(火)２部チケット整理番号券,10/19(火)２部チケット整理番号券,10/26(火)２部チケット整理番号券」の存在を確認(.table #ticket-518863,.table #ticket-518865,.table #ticket-518867,.table #ticket-518869)
[2021-10-04T22:09:25.764] [INFO] system - 2021-10-04 21:59にすでに到達
[2021-10-04T22:09:25.773] [INFO] system - 購入処理想定時間到達
[2021-10-04T22:09:25.773] [INFO] system - <成績時間カウント開始>
[2021-10-04T22:09:25.773] [INFO] system - 購入可能状態確認start(1回目)
[2021-10-04T22:09:26.838] [INFO] system - 購入可能状態確認end
[2021-10-04T22:09:26.838] [INFO] system - 枚数選択start(1回目)
[2021-10-04T22:09:26.891] [INFO] system - 4セット選択終了
[2021-10-04T22:09:28.881] [INFO] system - 枚数選択end(1回目)
[2021-10-04T22:10:55.823] [ERROR] system - Error: Protocol error (Runtime.callFunctionOn): Target closed.
    at C:\source\yt-scraping\node_modules\puppeteer\lib\cjs\puppeteer\common\Connection.js:208:63
    at new Promise (<anonymous>)
    at CDPSession.send (C:\source\yt-scraping\node_modules\puppeteer\lib\cjs\puppeteer\common\Connection.js:207:16)
    at ExecutionContext._evaluateInternal (C:\source\yt-scraping\node_modules\puppeteer\lib\cjs\puppeteer\common\ExecutionContext.js:200:50)
    at ExecutionContext.evaluateHandle (C:\source\yt-scraping\node_modules\puppeteer\lib\cjs\puppeteer\common\ExecutionContext.js:151:21)
    at WaitTask.rerun (C:\source\yt-scraping\node_modules\puppeteer\lib\cjs\puppeteer\common\DOMWorld.js:498:71)
    at runMicrotasks (<anonymous>)
    at processTicksAndRejections (internal/process/task_queues.js:93:5)
[2021-10-04T22:10:55.826] [ERROR] system - ReferenceError: page is not defined
    at newBrowser (C:\source\yt-scraping\func-lpkick\lpkick.js:654:5)
    at runMicrotasks (<anonymous>)
    at processTicksAndRejections (internal/process/task_queues.js:93:5)
    at async C:\source\yt-scraping\func-lpkick\lpkick.js:115:5
[2021-10-04T22:11:15.889] [ERROR] system - Error: Protocol error (Page.reload): Session closed. Most likely the page has been closed.
    at CDPSession.send (C:\source\yt-scraping\node_modules\puppeteer\lib\cjs\puppeteer\common\Connection.js:195:35)
    at Page.reload (C:\source\yt-scraping\node_modules\puppeteer\lib\cjs\puppeteer\common\Page.js:789:26)
    at jamErrorTry (C:\source\yt-scraping\func-lpkick\lpkick.js:152:22)
    at async newBrowser (C:\source\yt-scraping\func-lpkick\lpkick.js:408:7)
    at async C:\source\yt-scraping\func-lpkick\lpkick.js:115:5
[2021-10-04T22:11:15.892] [ERROR] system - Error: Protocol error (Target.activateTarget): Session closed. Most likely the page has been closed.
    at CDPSession.send (C:\source\yt-scraping\node_modules\puppeteer\lib\cjs\puppeteer\common\Connection.js:195:35)
    at Page._screenshotTask (C:\source\yt-scraping\node_modules\puppeteer\lib\cjs\puppeteer\common\Page.js:1084:28)
    at C:\source\yt-scraping\node_modules\puppeteer\lib\cjs\puppeteer\common\Page.js:1081:62
[2021-10-04T22:11:15.893] [ERROR] system - ReferenceError: page is not defined
    at newBrowser (C:\source\yt-scraping\func-lpkick\lpkick.js:654:5)
    at async C:\source\yt-scraping\func-lpkick\lpkick.js:115:5
[2021-10-04T22:20:27.095] [INFO] system - キック：{"isWindows":["Windows"],"---1---":"====== BasicSetting ======","mypageUrl":"https://t.livepocket.jp/my_top","autoLogin":false,"confUser":"natipo5714@mom2kid.com","confPass":"6yjAWLhCxVT2","testUser":"sugachan.tectec@gmail.com","testPass":"6yjAWLhCxVT2","targetUrl":"https://t.livepocket.jp/e/pannana202110/","targetName":"10/5(火)２部チケット整理番号券,10/12(火)２部チケット整理番号券,10/19(火)２部チケット整理番号券,10/26(火)２部チケット整理番号券","targetNumber":"2,2,1,1","storeTypeId":"016","loginTime":"2021-10-04 21:36","startTime":"2021-10-04 22:00","isBrowse":true,"isTest":false,"isJamCheck":true,"isCredit":false,"isMailSend":false,"notCheckOnly":true,"isClose":false,"isMobile":true,"dareSec":0,"isConnect":true,"isLogger":true,"advSec":-245,"isOrigin":false,"isOriginCancel":false,"jamTryCnt":10,"isProxy":false,"proxy":"","proxyUser":"","proxyPass":"","---2---":"====== MailSetting(GmailOnly) ======","fromMail":"sugachan.tectec@gmail.com","fromMailPass":"sero3202","toMail":"","toSysMail":"trigger@applet.ifttt.com"}
[2021-10-04T22:20:27.099] [INFO] system - 【本番】
[2021-10-04T22:20:27.106] [INFO] system - 2021-10-04 21:36:00にすでに到達
[2021-10-04T22:20:27.109] [INFO] system - ログイン処理想定時間到達
[2021-10-04T22:20:28.316] [INFO] system - ブラウザ起動後準備完了
[2021-10-04T22:20:29.698] [INFO] system - ログインページに移動完了
[2021-10-04T22:20:30.810] [INFO] system - キック：{"isWindows":["Windows"],"---1---":"====== BasicSetting ======","mypageUrl":"https://t.livepocket.jp/my_top","autoLogin":false,"confUser":"dabame8549@mi166.com","confPass":"6yjAWLhCxVT2","testUser":"sugachan.tectec@gmail.com","testPass":"6yjAWLhCxVT2","targetUrl":"https://t.livepocket.jp/e/pannana202110/","targetName":"10/5(火)１部チケット整理番号券,10/12(火)１部チケット整理番号券,10/19(火)１部チケット整理番号券,10/26(火)１部チケット整理番号券","targetNumber":"2,2,2,2","storeTypeId":"002","loginTime":"2021-10-04 21:36","startTime":"2021-10-04 22:00","isBrowse":true,"isTest":false,"isJamCheck":true,"isCredit":false,"isMailSend":false,"notCheckOnly":true,"isClose":false,"isMobile":true,"dareSec":0,"isConnect":true,"isLogger":true,"advSec":-245,"isOrigin":true,"isOriginCancel":false,"jamTryCnt":10,"isProxy":false,"proxy":"45.130.126.194:8000","proxyUser":"Z3SpVY","proxyPass":"SqoYCw","---2---":"====== MailSetting(GmailOnly) ======","fromMail":"sugachan.tectec@gmail.com","fromMailPass":"sero3202","toMail":"","toSysMail":"trigger@applet.ifttt.com"}
[2021-10-04T22:20:30.816] [INFO] system - 【本番】
[2021-10-04T22:20:30.823] [INFO] system - 2021-10-04 21:36:00にすでに到達
[2021-10-04T22:20:30.828] [INFO] system - ログイン処理想定時間到達
[2021-10-04T22:20:31.896] [INFO] system - ログイン完了
[2021-10-04T22:20:31.907] [INFO] system - 混線のため113秒待機開始...
[2021-10-04T22:20:32.037] [INFO] system - ブラウザ起動後準備完了
[2021-10-04T22:20:33.596] [INFO] system - ログインページに移動完了
[2021-10-04T22:20:36.328] [INFO] system - ログイン完了
[2021-10-04T22:20:36.337] [INFO] system - 混線なし
[2021-10-04T22:20:36.398] [INFO] system - 「10/5(火)１部チケット整理番号券,10/12(火)１部チケット整理番号券,10/19(火)１部チケット整理番号券,10/26(火)１部チケット整理番号券」の存在を確認(.table #ticket-518862,.table #ticket-518864,.table #ticket-518866,.table #ticket-518868)
[2021-10-04T22:20:39.261] [INFO] system - .table #ticket-518862ロック外し開始
[2021-10-04T22:20:39.262] [INFO] system - .table #ticket-518864ロック外し開始
[2021-10-04T22:20:39.263] [INFO] system - .table #ticket-518866ロック外し開始
[2021-10-04T22:20:39.264] [INFO] system - .table #ticket-518868ロック外し開始
[2021-10-04T22:20:39.288] [INFO] system - 4セット選択終了
[2021-10-04T22:20:39.290] [INFO] system - 2021-10-04 21:59にすでに到達
[2021-10-04T22:20:39.292] [INFO] system - 前ページへ移動
[2021-10-04T22:20:40.762] [INFO] system - 2021-10-04 21:59にすでに到達
[2021-10-04T22:20:40.777] [INFO] system - 購入処理想定時間到達
[2021-10-04T22:20:40.778] [INFO] system - <成績時間カウント開始>
[2021-10-04T22:20:40.779] [INFO] system - 購入可能状態確認start(1回目)
[2021-10-04T22:20:40.780] [INFO] system - 次ページへ移動
[2021-10-04T22:20:41.973] [INFO] system - 購入可能状態確認end
[2021-10-04T22:20:41.974] [INFO] system - 枚数選択start(1回目)
[2021-10-04T22:20:41.974] [INFO] system - 購入クリック処理1回目
[2021-10-04T22:20:41.982] [INFO] system - 購入クリック処理2回目
[2021-10-04T22:20:41.988] [INFO] system - 購入クリック処理3回目
[2021-10-04T22:20:41.993] [INFO] system - 購入クリック処理4回目
[2021-10-04T22:20:41.996] [INFO] system - 購入クリック処理5回目
[2021-10-04T22:20:41.999] [INFO] system - 購入クリック処理6回目
[2021-10-04T22:20:42.002] [INFO] system - 購入クリック処理7回目
[2021-10-04T22:20:42.005] [INFO] system - 購入クリック処理8回目
[2021-10-04T22:20:42.008] [INFO] system - 購入クリック処理9回目
[2021-10-04T22:20:42.011] [INFO] system - 購入クリック処理10回目
[2021-10-04T22:20:42.013] [INFO] system - 購入クリック処理11回目
[2021-10-04T22:20:42.016] [INFO] system - 購入クリック処理12回目
[2021-10-04T22:20:42.019] [INFO] system - 購入クリック処理13回目
[2021-10-04T22:20:42.021] [INFO] system - 購入クリック処理14回目
[2021-10-04T22:20:42.024] [INFO] system - 購入クリック処理15回目
[2021-10-04T22:20:42.026] [INFO] system - 購入クリック処理16回目
[2021-10-04T22:20:42.029] [INFO] system - 購入クリック処理17回目
[2021-10-04T22:20:42.031] [INFO] system - 購入クリック処理18回目
[2021-10-04T22:20:42.034] [INFO] system - 購入クリック処理19回目
[2021-10-04T22:20:42.036] [INFO] system - 購入クリック処理20回目
[2021-10-04T22:20:42.039] [INFO] system - 購入クリック処理21回目
[2021-10-04T22:20:42.045] [INFO] system - 購入クリック処理22回目
[2021-10-04T22:20:42.055] [INFO] system - 購入クリック処理23回目
[2021-10-04T22:20:42.549] [ERROR] system - Error: Execution context was destroyed, most likely because of a navigation.
    at rewriteError (C:\source\yt-scraping\node_modules\puppeteer\lib\cjs\puppeteer\common\ExecutionContext.js:261:23)
    at processTicksAndRejections (internal/process/task_queues.js:93:5)
    at async ExecutionContext._evaluateInternal (C:\source\yt-scraping\node_modules\puppeteer\lib\cjs\puppeteer\common\ExecutionContext.js:215:61)
    at async ExecutionContext.evaluate (C:\source\yt-scraping\node_modules\puppeteer\lib\cjs\puppeteer\common\ExecutionContext.js:106:16)
    at async targetPageBuySelect (C:\source\yt-scraping\func-lpkick\lpkick.js:900:11)
    at async newBrowser (C:\source\yt-scraping\func-lpkick\lpkick.js:517:11)
    at async C:\source\yt-scraping\func-lpkick\lpkick.js:115:5
[2021-10-04T22:20:42.825] [INFO] system - 枚数選択end(1回目)
[2021-10-04T22:22:26.181] [INFO] system - 混線のため91秒待機開始...
[2021-10-04T22:23:58.520] [INFO] system - 混線のため112秒待機開始...
[2021-10-04T22:25:51.385] [INFO] system - 混線解消(3回目に成功)
[2021-10-04T22:25:51.394] [ERROR] system - 設定不備の可能性があります
[2021-10-04T22:25:51.395] [ERROR] system - {"isWindows":["Windows"],"---1---":"====== BasicSetting ======","mypageUrl":"https://t.livepocket.jp/my_top","autoLogin":false,"confUser":"natipo5714@mom2kid.com","confPass":"6yjAWLhCxVT2","testUser":"sugachan.tectec@gmail.com","testPass":"6yjAWLhCxVT2","targetUrl":"https://t.livepocket.jp/e/pannana202110/","targetName":"10/5(火)２部チケット整理番号券,10/12(火)２部チケット整理番号券,10/19(火)２部チケット整理番号券,10/26(火)２部チケット整理番号券","targetNumber":"2,2,1,1","storeTypeId":"016","loginTime":"2021-10-04 21:36","startTime":"2021-10-04 22:00","isBrowse":true,"isTest":false,"isJamCheck":true,"isCredit":false,"isMailSend":false,"notCheckOnly":true,"isClose":false,"isMobile":true,"dareSec":0,"isConnect":true,"isLogger":true,"advSec":-245,"isOrigin":false,"isOriginCancel":false,"jamTryCnt":10,"isProxy":false,"proxy":"","proxyUser":"","proxyPass":"","---2---":"====== MailSetting(GmailOnly) ======","fromMail":"sugachan.tectec@gmail.com","fromMailPass":"sero3202","toMail":"","toSysMail":"trigger@applet.ifttt.com","targetTicket":"","isFree":true}
[2021-10-04T22:25:51.399] [ERROR] system - Error
    at newBrowser (C:\source\yt-scraping\func-lpkick\lpkick.js:414:13)
    at processTicksAndRejections (internal/process/task_queues.js:93:5)
    at async C:\source\yt-scraping\func-lpkick\lpkick.js:115:5
[2021-10-04T22:25:51.401] [ERROR] system - ReferenceError: page is not defined
    at newBrowser (C:\source\yt-scraping\func-lpkick\lpkick.js:654:5)
    at processTicksAndRejections (internal/process/task_queues.js:93:5)
    at async C:\source\yt-scraping\func-lpkick\lpkick.js:115:5
[2021-10-04T22:35:50.196] [ERROR] system - Error: Protocol error (Runtime.callFunctionOn): Target closed.
    at C:\source\yt-scraping\node_modules\puppeteer\lib\cjs\puppeteer\common\Connection.js:208:63
    at new Promise (<anonymous>)
    at CDPSession.send (C:\source\yt-scraping\node_modules\puppeteer\lib\cjs\puppeteer\common\Connection.js:207:16)
    at ExecutionContext._evaluateInternal (C:\source\yt-scraping\node_modules\puppeteer\lib\cjs\puppeteer\common\ExecutionContext.js:200:50)
    at ExecutionContext.evaluateHandle (C:\source\yt-scraping\node_modules\puppeteer\lib\cjs\puppeteer\common\ExecutionContext.js:151:21)
    at WaitTask.rerun (C:\source\yt-scraping\node_modules\puppeteer\lib\cjs\puppeteer\common\DOMWorld.js:498:71)
    at processTicksAndRejections (internal/process/task_queues.js:93:5)
[2021-10-04T22:35:50.199] [ERROR] system - ReferenceError: page is not defined
    at newBrowser (C:\source\yt-scraping\func-lpkick\lpkick.js:654:5)
    at processTicksAndRejections (internal/process/task_queues.js:93:5)
    at async C:\source\yt-scraping\func-lpkick\lpkick.js:115:5
[2021-10-04T22:35:52.893] [INFO] system - キック：{"isWindows":["Windows"],"---1---":"====== BasicSetting ======","mypageUrl":"https://t.livepocket.jp/my_top","autoLogin":false,"confUser":"natipo5714@mom2kid.com","confPass":"6yjAWLhCxVT2","testUser":"sugachan.tectec@gmail.com","testPass":"6yjAWLhCxVT2","targetUrl":"https://t.livepocket.jp/e/pannana202110/","targetName":"10/5(火)２部チケット整理番号券,10/12(火)２部チケット整理番号券,10/19(火)２部チケット整理番号券,10/26(火)２部チケット整理番号券","targetNumber":"2,2,1,1","storeTypeId":"016","loginTime":"2021-10-04 21:36","startTime":"2021-10-04 22:00","isBrowse":true,"isTest":false,"isJamCheck":true,"isCredit":false,"isMailSend":false,"notCheckOnly":true,"isClose":false,"isMobile":true,"dareSec":0,"isConnect":true,"isLogger":true,"advSec":-245,"isOrigin":false,"isOriginCancel":false,"jamTryCnt":10,"isProxy":false,"proxy":"","proxyUser":"","proxyPass":"","---2---":"====== MailSetting(GmailOnly) ======","fromMail":"sugachan.tectec@gmail.com","fromMailPass":"sero3202","toMail":"","toSysMail":"trigger@applet.ifttt.com"}
[2021-10-04T22:35:52.898] [INFO] system - 【本番】
[2021-10-04T22:35:52.902] [INFO] system - 2021-10-04 21:36:00にすでに到達
[2021-10-04T22:35:52.904] [INFO] system - ログイン処理想定時間到達
[2021-10-04T22:35:54.072] [INFO] system - ブラウザ起動後準備完了
[2021-10-04T22:35:55.425] [INFO] system - ログインページに移動完了
[2021-10-04T22:35:55.704] [INFO] system - キック：{"isWindows":["Windows"],"---1---":"====== BasicSetting ======","mypageUrl":"https://t.livepocket.jp/my_top","autoLogin":false,"confUser":"dabame8549@mi166.com","confPass":"6yjAWLhCxVT2","testUser":"sugachan.tectec@gmail.com","testPass":"6yjAWLhCxVT2","targetUrl":"https://t.livepocket.jp/e/pannana202110/","targetName":"10/5(火)１部チケット整理番号券,10/12(火)１部チケット整理番号券,10/19(火)１部チケット整理番号券,10/26(火)１部チケット整理番号券","targetNumber":"2,2,2,2","storeTypeId":"002","loginTime":"2021-10-04 21:36","startTime":"2021-10-04 22:00","isBrowse":true,"isTest":false,"isJamCheck":true,"isCredit":false,"isMailSend":false,"notCheckOnly":true,"isClose":false,"isMobile":true,"dareSec":0,"isConnect":true,"isLogger":true,"advSec":-245,"isOrigin":true,"isOriginCancel":false,"jamTryCnt":10,"isProxy":false,"proxy":"45.130.126.194:8000","proxyUser":"Z3SpVY","proxyPass":"SqoYCw","---2---":"====== MailSetting(GmailOnly) ======","fromMail":"sugachan.tectec@gmail.com","fromMailPass":"sero3202","toMail":"","toSysMail":"trigger@applet.ifttt.com"}
[2021-10-04T22:35:55.708] [INFO] system - 【本番】
[2021-10-04T22:35:55.713] [INFO] system - 2021-10-04 21:36:00にすでに到達
[2021-10-04T22:35:55.717] [INFO] system - ログイン処理想定時間到達
[2021-10-04T22:35:56.649] [INFO] system - ブラウザ起動後準備完了
[2021-10-04T22:35:57.726] [INFO] system - ログイン完了
[2021-10-04T22:35:57.745] [INFO] system - 混線のため111秒待機開始...
[2021-10-04T22:35:58.049] [INFO] system - ログインページに移動完了
[2021-10-04T22:36:00.335] [INFO] system - ログイン完了
[2021-10-04T22:36:00.345] [INFO] system - 混線のため117秒待機開始...
[2021-10-04T22:37:49.958] [INFO] system - 混線のため118秒待機開始...
[2021-10-04T22:37:58.552] [INFO] system - 混線のため97秒待機開始...
[2021-10-04T22:39:36.668] [INFO] system - 混線のため110秒待機開始...
[2021-10-04T22:39:48.915] [INFO] system - 混線のため114秒待機開始...
[2021-10-04T22:41:27.878] [INFO] system - 混線解消(3回目に成功)
[2021-10-04T22:41:27.941] [INFO] system - 「10/5(火)１部チケット整理番号券,10/12(火)１部チケット整理番号券,10/19(火)１部チケット整理番号券,10/26(火)１部チケット整理番号券」の存在を確認(.table #ticket-518862,.table #ticket-518864,.table #ticket-518866,.table #ticket-518868)
[2021-10-04T22:41:30.466] [INFO] system - .table #ticket-518862ロック外し開始
[2021-10-04T22:41:30.468] [INFO] system - .table #ticket-518864ロック外し開始
[2021-10-04T22:41:30.469] [INFO] system - .table #ticket-518866ロック外し開始
[2021-10-04T22:41:30.469] [INFO] system - .table #ticket-518868ロック外し開始
[2021-10-04T22:41:30.482] [INFO] system - 4セット選択終了
[2021-10-04T22:41:30.483] [INFO] system - 2021-10-04 21:59にすでに到達
[2021-10-04T22:41:30.484] [INFO] system - 前ページへ移動
[2021-10-04T22:41:31.588] [INFO] system - 2021-10-04 21:59にすでに到達
[2021-10-04T22:41:31.609] [INFO] system - 購入処理想定時間到達
[2021-10-04T22:41:31.610] [INFO] system - <成績時間カウント開始>
[2021-10-04T22:41:31.611] [INFO] system - 購入可能状態確認start(1回目)
[2021-10-04T22:41:31.611] [INFO] system - 次ページへ移動
[2021-10-04T22:41:32.649] [INFO] system - 購入可能状態確認end
[2021-10-04T22:41:32.650] [INFO] system - 枚数選択start(1回目)
[2021-10-04T22:41:32.650] [INFO] system - 購入クリック処理1回目
[2021-10-04T22:41:32.658] [INFO] system - 購入クリック処理2回目
[2021-10-04T22:41:32.662] [INFO] system - 購入クリック処理3回目
[2021-10-04T22:41:32.664] [INFO] system - 購入クリック処理4回目
[2021-10-04T22:41:32.666] [INFO] system - 購入クリック処理5回目
[2021-10-04T22:41:32.668] [INFO] system - 購入クリック処理6回目
[2021-10-04T22:41:32.670] [INFO] system - 購入クリック処理7回目
[2021-10-04T22:41:32.672] [INFO] system - 購入クリック処理8回目
[2021-10-04T22:41:32.675] [INFO] system - 購入クリック処理9回目
[2021-10-04T22:41:32.677] [INFO] system - 購入クリック処理10回目
[2021-10-04T22:41:32.679] [INFO] system - 購入クリック処理11回目
[2021-10-04T22:41:32.681] [INFO] system - 購入クリック処理12回目
[2021-10-04T22:41:32.683] [INFO] system - 購入クリック処理13回目
[2021-10-04T22:41:32.685] [INFO] system - 購入クリック処理14回目
[2021-10-04T22:41:32.686] [INFO] system - 購入クリック処理15回目
[2021-10-04T22:41:32.688] [INFO] system - 購入クリック処理16回目
[2021-10-04T22:41:32.690] [INFO] system - 購入クリック処理17回目
[2021-10-04T22:41:32.691] [INFO] system - 購入クリック処理18回目
[2021-10-04T22:41:32.693] [INFO] system - 購入クリック処理19回目
[2021-10-04T22:41:32.695] [INFO] system - 購入クリック処理20回目
[2021-10-04T22:41:32.696] [INFO] system - 購入クリック処理21回目
[2021-10-04T22:41:32.698] [INFO] system - 購入クリック処理22回目
[2021-10-04T22:41:32.699] [INFO] system - 購入クリック処理23回目
[2021-10-04T22:41:32.701] [INFO] system - 購入クリック処理24回目
[2021-10-04T22:41:32.702] [INFO] system - 購入クリック処理25回目
[2021-10-04T22:41:32.704] [INFO] system - 購入クリック処理26回目
[2021-10-04T22:41:32.705] [INFO] system - 購入クリック処理27回目
[2021-10-04T22:41:32.707] [INFO] system - 購入クリック処理28回目
[2021-10-04T22:41:32.709] [INFO] system - 購入クリック処理29回目
[2021-10-04T22:41:32.710] [INFO] system - 購入クリック処理30回目
[2021-10-04T22:41:32.712] [INFO] system - 購入クリック処理31回目
[2021-10-04T22:41:32.713] [INFO] system - 購入クリック処理32回目
[2021-10-04T22:41:32.715] [INFO] system - 購入クリック処理33回目
[2021-10-04T22:41:32.716] [INFO] system - 購入クリック処理34回目
[2021-10-04T22:41:32.718] [INFO] system - 購入クリック処理35回目
[2021-10-04T22:41:32.720] [INFO] system - 購入クリック処理36回目
[2021-10-04T22:41:32.721] [INFO] system - 購入クリック処理37回目
[2021-10-04T22:41:32.723] [INFO] system - 購入クリック処理38回目
[2021-10-04T22:41:32.725] [INFO] system - 購入クリック処理39回目
[2021-10-04T22:41:32.726] [INFO] system - 購入クリック処理40回目
[2021-10-04T22:41:32.728] [INFO] system - 購入クリック処理41回目
[2021-10-04T22:41:32.729] [INFO] system - 購入クリック処理42回目
[2021-10-04T22:41:32.731] [INFO] system - 購入クリック処理43回目
[2021-10-04T22:41:32.732] [INFO] system - 購入クリック処理44回目
[2021-10-04T22:41:32.734] [INFO] system - 購入クリック処理45回目
[2021-10-04T22:41:32.735] [INFO] system - 購入クリック処理46回目
[2021-10-04T22:41:32.736] [INFO] system - 購入クリック処理47回目
[2021-10-04T22:41:32.738] [INFO] system - 購入クリック処理48回目
[2021-10-04T22:41:32.739] [INFO] system - 購入クリック処理49回目
[2021-10-04T22:41:32.741] [INFO] system - 購入クリック処理50回目
[2021-10-04T22:41:32.742] [INFO] system - 購入クリック処理51回目
[2021-10-04T22:41:32.744] [INFO] system - 購入クリック処理52回目
[2021-10-04T22:41:32.745] [INFO] system - 購入クリック処理53回目
[2021-10-04T22:41:32.748] [INFO] system - 購入クリック処理54回目
[2021-10-04T22:41:32.749] [INFO] system - 購入クリック処理55回目
[2021-10-04T22:41:32.751] [INFO] system - 購入クリック処理56回目
[2021-10-04T22:41:32.753] [INFO] system - 購入クリック処理57回目
[2021-10-04T22:41:32.755] [INFO] system - 購入クリック処理58回目
[2021-10-04T22:41:32.757] [INFO] system - 購入クリック処理59回目
[2021-10-04T22:41:32.758] [INFO] system - 購入クリック処理60回目
[2021-10-04T22:41:32.760] [INFO] system - 購入クリック処理61回目
[2021-10-04T22:41:32.762] [INFO] system - 購入クリック処理62回目
[2021-10-04T22:41:32.763] [INFO] system - 購入クリック処理63回目
[2021-10-04T22:41:32.766] [INFO] system - 購入クリック処理64回目
[2021-10-04T22:41:32.770] [INFO] system - 購入クリック処理65回目
[2021-10-04T22:41:33.454] [ERROR] system - Error: Execution context was destroyed, most likely because of a navigation.
    at rewriteError (C:\source\yt-scraping\node_modules\puppeteer\lib\cjs\puppeteer\common\ExecutionContext.js:261:23)
    at runMicrotasks (<anonymous>)
    at processTicksAndRejections (internal/process/task_queues.js:93:5)
    at async ExecutionContext._evaluateInternal (C:\source\yt-scraping\node_modules\puppeteer\lib\cjs\puppeteer\common\ExecutionContext.js:215:61)
    at async ExecutionContext.evaluate (C:\source\yt-scraping\node_modules\puppeteer\lib\cjs\puppeteer\common\ExecutionContext.js:106:16)
    at async targetPageBuySelect (C:\source\yt-scraping\func-lpkick\lpkick.js:900:11)
    at async newBrowser (C:\source\yt-scraping\func-lpkick\lpkick.js:517:11)
    at async C:\source\yt-scraping\func-lpkick\lpkick.js:115:5
[2021-10-04T22:41:33.916] [INFO] system - 枚数選択end(1回目)
[2021-10-04T22:41:33.924] [INFO] system - 決済処理ページ遷移済
[2021-10-04T22:41:33.925] [INFO] system - 決済処理start(1回目)
[2021-10-04T22:41:33.925] [INFO] system - 購入処理確定開始(freeBuy:true)
[2021-10-04T22:41:33.925] [INFO] system - 購入処理開始(無料)
[2021-10-04T22:41:33.955] [INFO] system - 規約に同意クリック
[2021-10-04T22:41:35.797] [INFO] system - (検証用)成功1
[2021-10-04T22:41:35.799] [INFO] system - (検証用)成功2
[2021-10-04T22:41:35.801] [INFO] system - (検証用)成功3
[2021-10-04T22:41:35.802] [INFO] system - 決済処理end
[2021-10-04T22:41:35.803] [INFO] system - <現在時刻：Mon Oct 04 2021 22:41:35 GMT+0900／成績：4.192秒>
[2021-10-04T22:41:35.803] [INFO] system - <成績：4.192秒>
[2021-10-04T22:41:44.145] [INFO] system - 混線解消(3回目に成功)
[2021-10-04T22:41:44.186] [INFO] system - 「10/5(火)２部チケット整理番号券,10/12(火)２部チケット整理番号券,10/19(火)２部チケット整理番号券,10/26(火)２部チケット整理番号券」の存在を確認(.table #ticket-518863,.table #ticket-518865,.table #ticket-518867,.table #ticket-518869)
[2021-10-04T22:41:44.188] [INFO] system - 2021-10-04 21:59にすでに到達
[2021-10-04T22:41:44.188] [INFO] system - 購入処理想定時間到達
[2021-10-04T22:41:44.189] [INFO] system - <成績時間カウント開始>
[2021-10-04T22:41:44.189] [INFO] system - 購入可能状態確認start(1回目)
[2021-10-04T22:41:45.346] [INFO] system - 購入可能状態確認end
[2021-10-04T22:41:45.347] [INFO] system - 枚数選択start(1回目)
[2021-10-04T22:41:45.398] [INFO] system - 4セット選択終了
[2021-10-04T22:41:48.296] [INFO] system - 枚数選択end(1回目)
[2021-10-04T22:41:48.313] [INFO] system - 決済処理ページ遷移済
[2021-10-04T22:41:48.314] [INFO] system - 決済処理start(1回目)
[2021-10-04T22:41:48.314] [INFO] system - 購入処理確定開始(freeBuy:false)
[2021-10-04T22:41:48.315] [INFO] system - 購入処理開始(有料)
[2021-10-04T22:41:48.486] [INFO] system - 規約に同意クリック
[2021-10-04T22:41:49.757] [INFO] system - 決済ボタンクリック
[2021-10-04T22:41:49.761] [INFO] system - (検証用)成功1
[2021-10-04T22:41:52.398] [INFO] system - (検証用)成功2
[2021-10-04T22:41:52.401] [INFO] system - (検証用)成功3
[2021-10-04T22:41:52.401] [INFO] system - 決済処理end
[2021-10-04T22:41:52.402] [INFO] system - <現在時刻：Mon Oct 04 2021 22:41:52 GMT+0900／成績：8.213秒>
[2021-10-04T22:41:52.403] [INFO] system - <成績：8.214秒>
