[2021-03-18T16:45:00.123] [INFO] system - ログイン処理想定時間到達
[2021-03-18T16:45:00.610] [INFO] system - ブラウザ起動後準備完了
[2021-03-18T16:45:03.519] [INFO] system - ログインページに移動完了
[2021-03-18T16:45:08.207] [INFO] system - ログイン完了
[2021-03-18T16:45:08.235] [INFO] system - 「１部前売チケット整理番号券」の存在を確認(.table #ticket-378263)
[2021-03-18T16:45:08.238] [INFO] system - 2021-03-18 17:00まで購入処理待機中...
[2021-03-18T17:00:00.005] [INFO] system - 購入処理想定時間到達
[2021-03-18T17:00:00.006] [INFO] system - <成績時間カウント開始>
[2021-03-18T17:00:02.904] [INFO] system - 購入状態確認(1回目に成功)
[2021-03-18T17:00:02.906] [INFO] system - 購入処理開始(確定前)
[2021-03-18T17:00:04.468] [INFO] system - 購入処理確定開始(freeBuy:true)
[2021-03-18T17:00:04.469] [INFO] system - 購入処理開始(無料)
[2021-03-18T17:00:04.554] [INFO] system - 規約に同意クリック
[2021-03-18T17:00:04.587] [INFO] system - 購入処理完了(多分)
[2021-03-18T17:00:04.588] [INFO] system - <現在時刻：Thu Mar 18 2021 17:00:04 GMT+0900／成績：4.582秒>
[2021-03-18T22:26:23.741] [INFO] system - 【Windows版起動】
[2021-03-18T22:26:23.743] [INFO] system - キック：{"---1---":"====== BasicSetting ======","mainUrl":"https://t.livepocket.jp/","loginUrl":"https://t.livepocket.jp/login?acroot=header-new_p_u_nl","mypageUrl":"https://t.livepocket.jp/my_top","autoLogin":false,"confUser":"kisyan3333@gmail.com","confPass":"6yjAWLhCxVT2","targetUrl":"https://t.livepocket.jp/e/shanipare_zepp/","targetTicket":null,"targetName":"前方チケット整理番号券","targetNumber":"1","storeTypeId":"016","startTime":"2021-03-18 22:45","isBrowse":false,"isFree":false,"isCredit":false,"isTest":false,"isLanguage":"ja","isStage":false,"isJamCheck":false,"isMailSend":false,"---2---":"====== MailSetting(GmailOnly) ======","fromMail":"sugachan.tectec@gmail.com","fromMailPass":"sero3202","toMail":"","toSysMail":"trigger@applet.ifttt.com","isWindows":["Windows"],"loginTime":"2021-03-18 23:00","notCheckOnly":true}
[2021-03-18T22:26:23.759] [INFO] system - 2021-03-18 22:30:00までログイン処理待機中...
[2021-03-18T22:26:49.888] [INFO] system - 【Windows版起動】
[2021-03-18T22:26:49.889] [INFO] system - キック：{"---1---":"====== BasicSetting ======","mainUrl":"https://t.livepocket.jp/","loginUrl":"https://t.livepocket.jp/login?acroot=header-new_p_u_nl","mypageUrl":"https://t.livepocket.jp/my_top","autoLogin":false,"confUser":"kisyan3333@gmail.com","confPass":"6yjAWLhCxVT2","targetUrl":"https://t.livepocket.jp/e/shanipare_zepp/","targetTicket":null,"targetName":"前方チケット整理番号券","targetNumber":"1","storeTypeId":"016","startTime":"2021-03-18 23:00","isBrowse":false,"isFree":false,"isCredit":false,"isTest":false,"isLanguage":"ja","isStage":false,"isJamCheck":false,"isMailSend":false,"---2---":"====== MailSetting(GmailOnly) ======","fromMail":"sugachan.tectec@gmail.com","fromMailPass":"sero3202","toMail":"","toSysMail":"trigger@applet.ifttt.com","isWindows":["Windows"],"loginTime":"2021-03-18 22:45","notCheckOnly":true}
[2021-03-18T22:26:49.895] [INFO] system - 2021-03-18 22:45:00までログイン処理待機中...
[2021-03-18T22:27:30.805] [INFO] system - 【Windows版起動】
[2021-03-18T22:27:30.807] [INFO] system - キック：{"---1---":"====== BasicSetting ======","mainUrl":"https://t.livepocket.jp/","loginUrl":"https://t.livepocket.jp/login?acroot=header-new_p_u_nl","mypageUrl":"https://t.livepocket.jp/my_top","autoLogin":false,"confUser":"kisyan3333@gmail.com","confPass":"6yjAWLhCxVT2","targetUrl":"https://t.livepocket.jp/e/shanipare_zepp/","targetTicket":null,"targetName":"前方チケット整理番号券","targetNumber":"1","storeTypeId":"016","startTime":"2021-03-18 23:00","isBrowse":false,"isFree":false,"isCredit":false,"isTest":false,"isLanguage":"ja","isStage":false,"isJamCheck":false,"isMailSend":false,"---2---":"====== MailSetting(GmailOnly) ======","fromMail":"sugachan.tectec@gmail.com","fromMailPass":"sero3202","toMail":"","toSysMail":"trigger@applet.ifttt.com","isWindows":["Windows"],"loginTime":"2021-03-18 22:45","notCheckOnly":true}
[2021-03-18T22:27:30.823] [INFO] system - 2021-03-18 22:45:00までログイン処理待機中...
[2021-03-18T22:45:00.006] [INFO] system - ログイン処理想定時間到達
[2021-03-18T22:45:00.360] [INFO] system - ブラウザ起動後準備完了
[2021-03-18T22:45:03.134] [INFO] system - ログインページに移動完了
[2021-03-18T22:45:07.159] [INFO] system - ログイン完了
[2021-03-18T22:45:07.176] [INFO] system - 「前方チケット整理番号券」の存在を確認(.table #ticket-378783)
[2021-03-18T22:45:07.177] [INFO] system - 2021-03-18 23:00まで購入処理待機中...
[2021-03-18T23:00:00.002] [INFO] system - 購入処理想定時間到達
[2021-03-18T23:00:00.003] [INFO] system - <成績時間カウント開始>
[2021-03-18T23:00:06.449] [INFO] system - 購入状態確認(1回目に成功)
[2021-03-18T23:00:06.450] [INFO] system - 購入処理開始(確定前)
[2021-03-18T23:21:34.863] [INFO] system - 【Windows版起動】
[2021-03-18T23:21:34.864] [INFO] system - キック：{"---1---":"====== BasicSetting ======","mainUrl":"https://t.livepocket.jp/","loginUrl":"https://t.livepocket.jp/login?acroot=header-new_p_u_nl","mypageUrl":"https://t.livepocket.jp/my_top","autoLogin":false,"confUser":"kisyan3333@gmail.com","confPass":"6yjAWLhCxVT2","targetUrl":"https://t.livepocket.jp/e/shanipare_zepp/","targetTicket":null,"targetName":"前方チケット整理番号券","targetNumber":"1","storeTypeId":"016","startTime":"2021-03-18 23:00","isBrowse":true,"isFree":false,"isCredit":false,"isTest":false,"isLanguage":"ja","isStage":false,"isJamCheck":false,"isMailSend":false,"---2---":"====== MailSetting(GmailOnly) ======","fromMail":"sugachan.tectec@gmail.com","fromMailPass":"sero3202","toMail":"","toSysMail":"trigger@applet.ifttt.com","isWindows":["Windows"],"loginTime":"2021-03-18 22:45","notCheckOnly":true}
[2021-03-18T23:21:34.880] [INFO] system - 2021-03-18 22:45:00にすでに到達
[2021-03-18T23:21:34.883] [INFO] system - ログイン処理想定時間到達
[2021-03-18T23:21:35.355] [INFO] system - ブラウザ起動後準備完了
[2021-03-18T23:21:40.034] [INFO] system - ログインページに移動完了
[2021-03-18T23:21:44.090] [INFO] system - ログイン完了
[2021-03-18T23:21:44.107] [INFO] system - 「前方チケット整理番号券」の存在を確認(.table #ticket-378783)
[2021-03-18T23:21:44.109] [INFO] system - 2021-03-18 23:00にすでに到達
[2021-03-18T23:21:44.110] [INFO] system - 購入処理想定時間到達
[2021-03-18T23:21:44.110] [INFO] system - <成績時間カウント開始>
[2021-03-18T23:21:46.709] [INFO] system - 購入状態確認(1回目に成功)
[2021-03-18T23:21:46.710] [INFO] system - 購入処理開始(確定前)
[2021-03-18T23:22:30.376] [INFO] system - 購入処理確定開始(freeBuy:false)
[2021-03-18T23:22:30.377] [INFO] system - 購入処理開始(有料)
[2021-03-18T23:22:30.831] [INFO] system - 規約に同意クリック
[2021-03-18T23:22:34.992] [INFO] system - 購入処理完了(多分)
[2021-03-18T23:22:34.993] [INFO] system - <現在時刻：Thu Mar 18 2021 23:22:34 GMT+0900／成績：50.882秒>
