[2021-09-04T22:03:14.870] [INFO] system - キック：{"isWindows":["Windows"],"---1---":"====== BasicSetting ======","mypageUrl":"https://t.livepocket.jp/my_top","autoLogin":false,"confUser":"kisyan4444@gmail.com","confPass":"sero3202","testUser":"sugachan.tectec@gmail.com","testPass":"6yjAWLhCxVT2","targetUrl":"https://t.livepocket.jp/e/5mxcg/","targetName":"無償チケット","targetNumber":"1","storeTypeId":"002","loginTime":"2021-08-31 21:45","startTime":"2021-08-31 22:00","isBrowse":false,"isTest":true,"isJamCheck":true,"isCredit":false,"isMailSend":false,"notCheckOnly":true,"isClose":false,"isMobile":false,"dareSec":0,"isConnect":true,"isLogger":true,"advSec":-255,"isOrigin":true,"isOriginCancel":false,"jamTryCnt":10,"---2---":"====== MailSetting(GmailOnly) ======","fromMail":"sugachan.tectec@gmail.com","fromMailPass":"sero3202","toMail":"","toSysMail":"trigger@applet.ifttt.com"}
[2021-09-04T22:03:14.874] [INFO] system - 【テスト】
[2021-09-04T22:03:14.898] [INFO] system - 2021-08-31 21:45:00にすでに到達
[2021-09-04T22:03:14.902] [INFO] system - ログイン処理想定時間到達
[2021-09-04T22:03:15.604] [ERROR] system - ErrorEvent {
  target: WebSocket {
    _events: [Object: null prototype] { open: [Function], error: [Function] },
    _eventsCount: 2,
    _maxListeners: undefined,
    _binaryType: 'nodebuffer',
    _closeCode: 1006,
    _closeFrameReceived: false,
    _closeFrameSent: false,
    _closeMessage: '',
    _closeTimer: null,
    _extensions: {},
    _protocol: '',
    _readyState: 3,
    _receiver: null,
    _sender: null,
    _socket: null,
    _bufferedAmount: 0,
    _isServer: false,
    _redirects: 0,
    _url: 'ws://localhost:63760/devtools/browser/65d1ffe5-2103-4c8f-986d-c71b3ccb151f',
    _req: null,
    [Symbol(kCapture)]: false
  },
  type: 'error',
  message: 'read ECONNRESET',
  error: Error: read ECONNRESET
      at TCP.onStreamRead (internal/stream_base_commons.js:209:20) {
    errno: -4077,
    code: 'ECONNRESET',
    syscall: 'read'
  }
}
[2021-09-04T22:03:15.619] [ERROR] system - ReferenceError: page is not defined
    at newBrowser (C:\source\yt-scraping\func-lpkick\lpkick.js:630:5)
    at processTicksAndRejections (internal/process/task_queues.js:93:5)
    at async C:\source\yt-scraping\func-lpkick\lpkick.js:110:5
[2021-09-04T22:04:05.716] [INFO] system - キック：{"isWindows":["Windows"],"---1---":"====== BasicSetting ======","mypageUrl":"https://t.livepocket.jp/my_top","autoLogin":false,"confUser":"kisyan5555@gmail.com","confPass":"sero3202","testUser":"sugachan.tectec@gmail.com","testPass":"6yjAWLhCxVT2","targetUrl":"https://t.livepocket.jp/e/5mxcg/","targetName":"無償チケット","targetNumber":"1","storeTypeId":"002","loginTime":"2021-09-04 22:10","startTime":"2021-09-04 22:10","isBrowse":false,"isTest":true,"isJamCheck":true,"isCredit":false,"isMailSend":false,"notCheckOnly":true,"isClose":false,"isMobile":false,"dareSec":0,"isConnect":true,"isLogger":true,"advSec":-255,"isOrigin":true,"isOriginCancel":false,"jamTryCnt":10,"---2---":"====== MailSetting(GmailOnly) ======","fromMail":"sugachan.tectec@gmail.com","fromMailPass":"sero3202","toMail":"","toSysMail":"trigger@applet.ifttt.com"}
[2021-09-04T22:04:05.719] [INFO] system - 【テスト】
[2021-09-04T22:04:05.732] [INFO] system - 2021-09-04 22:10:00までログイン処理待機中...
[2021-09-04T22:04:34.487] [INFO] system - キック：{"isWindows":["Windows"],"---1---":"====== BasicSetting ======","mypageUrl":"https://t.livepocket.jp/my_top","autoLogin":false,"confUser":"kisyan4444@gmail.com","confPass":"sero3202","testUser":"sugachan.tectec@gmail.com","testPass":"6yjAWLhCxVT2","targetUrl":"https://t.livepocket.jp/e/5mxcg/","targetName":"無償チケット","targetNumber":"1","storeTypeId":"002","loginTime":"2021-09-04 22:10","startTime":"2021-09-04 22:10","isBrowse":false,"isTest":true,"isJamCheck":true,"isCredit":false,"isMailSend":false,"notCheckOnly":true,"isClose":false,"isMobile":false,"dareSec":0,"isConnect":true,"isLogger":true,"advSec":-255,"isOrigin":true,"isOriginCancel":false,"jamTryCnt":10,"---2---":"====== MailSetting(GmailOnly) ======","fromMail":"sugachan.tectec@gmail.com","fromMailPass":"sero3202","toMail":"","toSysMail":"trigger@applet.ifttt.com"}
[2021-09-04T22:04:34.490] [INFO] system - 【テスト】
[2021-09-04T22:04:34.508] [INFO] system - 2021-09-04 22:10:00までログイン処理待機中...
[2021-09-04T22:05:12.826] [INFO] system - キック：{"isWindows":["Windows"],"---1---":"====== BasicSetting ======","mypageUrl":"https://t.livepocket.jp/my_top","autoLogin":false,"confUser":"kisyan4444@gmail.com","confPass":"sero3202","testUser":"sugachan.tectec@gmail.com","testPass":"6yjAWLhCxVT2","targetUrl":"https://t.livepocket.jp/e/5mxcg/","targetName":"無償チケット","targetNumber":"1","storeTypeId":"002","loginTime":"2021-09-04 22:06","startTime":"2021-09-04 22:06","isBrowse":false,"isTest":true,"isJamCheck":true,"isCredit":false,"isMailSend":false,"notCheckOnly":true,"isClose":false,"isMobile":false,"dareSec":0,"isConnect":true,"isLogger":true,"advSec":-255,"isOrigin":true,"isOriginCancel":false,"jamTryCnt":10,"---2---":"====== MailSetting(GmailOnly) ======","fromMail":"sugachan.tectec@gmail.com","fromMailPass":"sero3202","toMail":"","toSysMail":"trigger@applet.ifttt.com"}
[2021-09-04T22:05:12.833] [INFO] system - 【テスト】
[2021-09-04T22:05:12.836] [INFO] system - 2021-09-04 22:06:00までログイン処理待機中...
[2021-09-04T22:05:19.757] [INFO] system - キック：{"isWindows":["Windows"],"---1---":"====== BasicSetting ======","mypageUrl":"https://t.livepocket.jp/my_top","autoLogin":false,"confUser":"kisyan5555@gmail.com","confPass":"sero3202","testUser":"sugachan.tectec@gmail.com","testPass":"6yjAWLhCxVT2","targetUrl":"https://t.livepocket.jp/e/5mxcg/","targetName":"無償チケット","targetNumber":"1","storeTypeId":"002","loginTime":"2021-09-04 22:06","startTime":"2021-09-04 22:06","isBrowse":false,"isTest":true,"isJamCheck":true,"isCredit":false,"isMailSend":false,"notCheckOnly":true,"isClose":false,"isMobile":false,"dareSec":0,"isConnect":true,"isLogger":true,"advSec":-255,"isOrigin":true,"isOriginCancel":false,"jamTryCnt":10,"---2---":"====== MailSetting(GmailOnly) ======","fromMail":"sugachan.tectec@gmail.com","fromMailPass":"sero3202","toMail":"","toSysMail":"trigger@applet.ifttt.com"}
[2021-09-04T22:05:19.762] [INFO] system - 【テスト】
[2021-09-04T22:05:19.774] [INFO] system - 2021-09-04 22:06:00までログイン処理待機中...
[2021-09-04T22:06:00.011] [INFO] system - ログイン処理想定時間到達
[2021-09-04T22:06:00.025] [INFO] system - ログイン処理想定時間到達
[2021-09-04T22:06:00.698] [INFO] system - ブラウザ起動後準備完了
[2021-09-04T22:06:00.789] [INFO] system - ブラウザ起動後準備完了
[2021-09-04T22:06:02.121] [INFO] system - ログインページに移動完了
[2021-09-04T22:06:02.277] [INFO] system - ログインページに移動完了
[2021-09-04T22:06:04.131] [INFO] system - ログイン完了
[2021-09-04T22:06:04.141] [INFO] system - 混線なし
[2021-09-04T22:06:04.150] [INFO] system - 「無償チケット」の存在を確認(.table #ticket-419418)
[2021-09-04T22:06:04.230] [INFO] system - ログイン完了
[2021-09-04T22:06:04.236] [INFO] system - 混線なし
[2021-09-04T22:06:04.248] [INFO] system - 「無償チケット」の存在を確認(.table #ticket-419418)
[2021-09-04T22:06:07.286] [INFO] system - .table #ticket-419418ロック外し開始
[2021-09-04T22:06:07.293] [INFO] system - 1セット選択終了
[2021-09-04T22:06:07.294] [INFO] system - 2021-09-04 22:05にすでに到達
[2021-09-04T22:06:07.300] [INFO] system - 前ページへ移動
[2021-09-04T22:06:07.316] [INFO] system - .table #ticket-419418ロック外し開始
[2021-09-04T22:06:07.323] [INFO] system - 1セット選択終了
[2021-09-04T22:06:07.327] [INFO] system - 2021-09-04 22:05にすでに到達
[2021-09-04T22:06:07.330] [INFO] system - 前ページへ移動
[2021-09-04T22:06:08.901] [INFO] system - 2021-09-04 22:05にすでに到達
[2021-09-04T22:06:08.916] [INFO] system - 購入処理想定時間到達
[2021-09-04T22:06:08.917] [INFO] system - <成績時間カウント開始>
[2021-09-04T22:06:08.918] [INFO] system - 購入可能状態確認start(1回目)
[2021-09-04T22:06:08.919] [INFO] system - 次ページへ移動
[2021-09-04T22:06:08.980] [INFO] system - 2021-09-04 22:05にすでに到達
[2021-09-04T22:06:08.993] [INFO] system - 購入処理想定時間到達
[2021-09-04T22:06:08.994] [INFO] system - <成績時間カウント開始>
[2021-09-04T22:06:08.995] [INFO] system - 購入可能状態確認start(1回目)
[2021-09-04T22:06:08.996] [INFO] system - 次ページへ移動
[2021-09-04T22:06:10.065] [INFO] system - 購入可能状態確認end
[2021-09-04T22:06:10.065] [INFO] system - 枚数選択start(1回目)
[2021-09-04T22:06:10.066] [INFO] system - 購入クリック処理1回目
[2021-09-04T22:06:10.072] [INFO] system - 購入クリック処理2回目
[2021-09-04T22:06:10.237] [INFO] system - 購入可能状態確認end
[2021-09-04T22:06:10.239] [INFO] system - 枚数選択start(1回目)
[2021-09-04T22:06:10.240] [INFO] system - 購入クリック処理1回目
[2021-09-04T22:06:10.250] [INFO] system - 購入クリック処理2回目
[2021-09-04T22:06:10.664] [ERROR] system - Error: Execution context was destroyed, most likely because of a navigation.
    at rewriteError (C:\source\yt-scraping\node_modules\puppeteer\lib\cjs\puppeteer\common\ExecutionContext.js:261:23)
    at runMicrotasks (<anonymous>)
    at processTicksAndRejections (internal/process/task_queues.js:93:5)
    at async ExecutionContext._evaluateInternal (C:\source\yt-scraping\node_modules\puppeteer\lib\cjs\puppeteer\common\ExecutionContext.js:215:61)
    at async ExecutionContext.evaluate (C:\source\yt-scraping\node_modules\puppeteer\lib\cjs\puppeteer\common\ExecutionContext.js:106:16)
    at async targetPageBuySelect (C:\source\yt-scraping\func-lpkick\lpkick.js:876:11)
    at async newBrowser (C:\source\yt-scraping\func-lpkick\lpkick.js:493:11)
    at async C:\source\yt-scraping\func-lpkick\lpkick.js:110:5
[2021-09-04T22:06:10.974] [INFO] system - 枚数選択end(1回目)
[2021-09-04T22:06:10.978] [INFO] system - 決済処理ページ遷移済
[2021-09-04T22:06:10.983] [INFO] system - 決済処理start(1回目)
[2021-09-04T22:06:10.984] [INFO] system - 購入処理確定開始(freeBuy:true)
[2021-09-04T22:06:10.984] [INFO] system - 購入処理開始(無料)
[2021-09-04T22:06:10.993] [INFO] system - 規約に同意クリック
[2021-09-04T22:06:10.997] [INFO] system - テスト処理完了
[2021-09-04T22:06:10.998] [INFO] system - <現在時刻：Sat Sep 04 2021 22:06:10 GMT+0900／成績：2.08秒>
[2021-09-04T22:06:13.110] [ERROR] system - Error: Execution context was destroyed, most likely because of a navigation.
    at rewriteError (C:\source\yt-scraping\node_modules\puppeteer\lib\cjs\puppeteer\common\ExecutionContext.js:261:23)
    at runMicrotasks (<anonymous>)
    at processTicksAndRejections (internal/process/task_queues.js:93:5)
    at async ExecutionContext._evaluateInternal (C:\source\yt-scraping\node_modules\puppeteer\lib\cjs\puppeteer\common\ExecutionContext.js:215:61)
    at async ExecutionContext.evaluate (C:\source\yt-scraping\node_modules\puppeteer\lib\cjs\puppeteer\common\ExecutionContext.js:106:16)
    at async targetPageBuySelect (C:\source\yt-scraping\func-lpkick\lpkick.js:876:11)
    at async newBrowser (C:\source\yt-scraping\func-lpkick\lpkick.js:493:11)
    at async C:\source\yt-scraping\func-lpkick\lpkick.js:110:5
[2021-09-04T22:06:14.342] [INFO] system - 枚数選択end(1回目)
[2021-09-04T22:06:14.349] [INFO] system - 決済処理ページ遷移済
[2021-09-04T22:06:14.352] [INFO] system - 決済処理start(1回目)
[2021-09-04T22:06:14.353] [INFO] system - 購入処理確定開始(freeBuy:true)
[2021-09-04T22:06:14.353] [INFO] system - 購入処理開始(無料)
[2021-09-04T22:06:14.362] [INFO] system - 規約に同意クリック
[2021-09-04T22:06:14.363] [INFO] system - テスト処理完了
[2021-09-04T22:06:14.364] [INFO] system - <現在時刻：Sat Sep 04 2021 22:06:14 GMT+0900／成績：5.369秒>
[2021-09-04T22:06:52.489] [INFO] system - キック：{"isWindows":["Windows"],"---1---":"====== BasicSetting ======","mypageUrl":"https://t.livepocket.jp/my_top","autoLogin":false,"confUser":"kisyan5555@gmail.com","confPass":"sero3202","testUser":"sugachan.tectec@gmail.com","testPass":"6yjAWLhCxVT2","targetUrl":"https://t.livepocket.jp/e/5mxcg/","targetName":"無償チケット","targetNumber":"1","storeTypeId":"002","loginTime":"2021-09-04 22:08","startTime":"2021-09-04 22:08","isBrowse":true,"isTest":true,"isJamCheck":true,"isCredit":false,"isMailSend":false,"notCheckOnly":true,"isClose":false,"isMobile":false,"dareSec":0,"isConnect":true,"isLogger":true,"advSec":-255,"isOrigin":true,"isOriginCancel":false,"jamTryCnt":10,"---2---":"====== MailSetting(GmailOnly) ======","fromMail":"sugachan.tectec@gmail.com","fromMailPass":"sero3202","toMail":"","toSysMail":"trigger@applet.ifttt.com"}
[2021-09-04T22:06:52.492] [INFO] system - 【テスト】
[2021-09-04T22:06:52.495] [INFO] system - 2021-09-04 22:08:00までログイン処理待機中...
[2021-09-04T22:06:55.440] [INFO] system - キック：{"isWindows":["Windows"],"---1---":"====== BasicSetting ======","mypageUrl":"https://t.livepocket.jp/my_top","autoLogin":false,"confUser":"kisyan4444@gmail.com","confPass":"sero3202","testUser":"sugachan.tectec@gmail.com","testPass":"6yjAWLhCxVT2","targetUrl":"https://t.livepocket.jp/e/5mxcg/","targetName":"無償チケット","targetNumber":"1","storeTypeId":"002","loginTime":"2021-09-04 22:08","startTime":"2021-09-04 22:08","isBrowse":true,"isTest":true,"isJamCheck":true,"isCredit":false,"isMailSend":false,"notCheckOnly":true,"isClose":false,"isMobile":false,"dareSec":0,"isConnect":true,"isLogger":true,"advSec":-255,"isOrigin":true,"isOriginCancel":false,"jamTryCnt":10,"---2---":"====== MailSetting(GmailOnly) ======","fromMail":"sugachan.tectec@gmail.com","fromMailPass":"sero3202","toMail":"","toSysMail":"trigger@applet.ifttt.com"}
[2021-09-04T22:06:55.443] [INFO] system - 【テスト】
[2021-09-04T22:06:55.446] [INFO] system - 2021-09-04 22:08:00までログイン処理待機中...
[2021-09-04T22:08:00.006] [INFO] system - ログイン処理想定時間到達
[2021-09-04T22:08:00.006] [INFO] system - ログイン処理想定時間到達
[2021-09-04T22:08:00.783] [INFO] system - ブラウザ起動後準備完了
[2021-09-04T22:08:00.931] [INFO] system - ブラウザ起動後準備完了
[2021-09-04T22:08:02.723] [INFO] system - ログインページに移動完了
[2021-09-04T22:08:02.819] [INFO] system - ログインページに移動完了
[2021-09-04T22:08:04.764] [INFO] system - ログイン完了
[2021-09-04T22:08:04.812] [INFO] system - 混線なし
[2021-09-04T22:08:04.835] [INFO] system - 「無償チケット」の存在を確認(.table #ticket-419418)
[2021-09-04T22:08:04.877] [INFO] system - ログイン完了
[2021-09-04T22:08:04.915] [INFO] system - 混線なし
[2021-09-04T22:08:04.936] [INFO] system - 「無償チケット」の存在を確認(.table #ticket-419418)
[2021-09-04T22:08:07.648] [INFO] system - .table #ticket-419418ロック外し開始
[2021-09-04T22:08:07.664] [INFO] system - 1セット選択終了
[2021-09-04T22:08:07.688] [INFO] system - 2021-09-04 22:07にすでに到達
[2021-09-04T22:08:07.690] [INFO] system - 前ページへ移動
[2021-09-04T22:08:08.057] [INFO] system - .table #ticket-419418ロック外し開始
[2021-09-04T22:08:08.068] [INFO] system - 1セット選択終了
[2021-09-04T22:08:08.071] [INFO] system - 2021-09-04 22:07にすでに到達
[2021-09-04T22:08:08.083] [INFO] system - 前ページへ移動
[2021-09-04T22:08:09.405] [INFO] system - 2021-09-04 22:07にすでに到達
[2021-09-04T22:08:09.417] [INFO] system - 購入処理想定時間到達
[2021-09-04T22:08:09.439] [INFO] system - <成績時間カウント開始>
[2021-09-04T22:08:09.440] [INFO] system - 購入可能状態確認start(1回目)
[2021-09-04T22:08:09.442] [INFO] system - 次ページへ移動
[2021-09-04T22:08:09.730] [INFO] system - 2021-09-04 22:07にすでに到達
[2021-09-04T22:08:09.733] [INFO] system - 購入処理想定時間到達
[2021-09-04T22:08:09.735] [INFO] system - <成績時間カウント開始>
[2021-09-04T22:08:09.736] [INFO] system - 購入可能状態確認start(1回目)
[2021-09-04T22:08:09.737] [INFO] system - 次ページへ移動
[2021-09-04T22:08:10.563] [INFO] system - 購入可能状態確認end
[2021-09-04T22:08:10.565] [INFO] system - 枚数選択start(1回目)
[2021-09-04T22:08:10.566] [INFO] system - 購入クリック処理1回目
[2021-09-04T22:08:10.605] [INFO] system - 購入クリック処理2回目
[2021-09-04T22:08:11.048] [INFO] system - 購入可能状態確認end
[2021-09-04T22:08:11.049] [INFO] system - 枚数選択start(1回目)
[2021-09-04T22:08:11.050] [INFO] system - 購入クリック処理1回目
[2021-09-04T22:08:11.061] [INFO] system - 購入クリック処理2回目
[2021-09-04T22:08:13.599] [ERROR] system - Error: Execution context was destroyed, most likely because of a navigation.
    at rewriteError (C:\source\yt-scraping\node_modules\puppeteer\lib\cjs\puppeteer\common\ExecutionContext.js:261:23)
    at runMicrotasks (<anonymous>)
    at processTicksAndRejections (internal/process/task_queues.js:93:5)
    at async ExecutionContext._evaluateInternal (C:\source\yt-scraping\node_modules\puppeteer\lib\cjs\puppeteer\common\ExecutionContext.js:215:61)
    at async ExecutionContext.evaluate (C:\source\yt-scraping\node_modules\puppeteer\lib\cjs\puppeteer\common\ExecutionContext.js:106:16)
    at async targetPageBuySelect (C:\source\yt-scraping\func-lpkick\lpkick.js:876:11)
    at async newBrowser (C:\source\yt-scraping\func-lpkick\lpkick.js:493:11)
    at async C:\source\yt-scraping\func-lpkick\lpkick.js:110:5
[2021-09-04T22:08:14.800] [INFO] system - 枚数選択end(1回目)
[2021-09-04T22:08:14.816] [INFO] system - 決済処理ページ遷移済
[2021-09-04T22:08:14.830] [INFO] system - 決済処理start(1回目)
[2021-09-04T22:08:14.831] [INFO] system - 購入処理確定開始(freeBuy:true)
[2021-09-04T22:08:14.832] [INFO] system - 購入処理開始(無料)
[2021-09-04T22:08:14.871] [INFO] system - 規約に同意クリック
[2021-09-04T22:08:14.879] [INFO] system - テスト処理完了
[2021-09-04T22:08:14.882] [INFO] system - <現在時刻：Sat Sep 04 2021 22:08:14 GMT+0900／成績：5.442秒>
[2021-09-04T22:08:15.584] [ERROR] system - Error: Execution context was destroyed, most likely because of a navigation.
    at rewriteError (C:\source\yt-scraping\node_modules\puppeteer\lib\cjs\puppeteer\common\ExecutionContext.js:261:23)
    at runMicrotasks (<anonymous>)
    at processTicksAndRejections (internal/process/task_queues.js:93:5)
    at async ExecutionContext._evaluateInternal (C:\source\yt-scraping\node_modules\puppeteer\lib\cjs\puppeteer\common\ExecutionContext.js:215:61)
    at async ExecutionContext.evaluate (C:\source\yt-scraping\node_modules\puppeteer\lib\cjs\puppeteer\common\ExecutionContext.js:106:16)
    at async targetPageBuySelect (C:\source\yt-scraping\func-lpkick\lpkick.js:876:11)
    at async newBrowser (C:\source\yt-scraping\func-lpkick\lpkick.js:493:11)
    at async C:\source\yt-scraping\func-lpkick\lpkick.js:110:5
[2021-09-04T22:08:16.217] [INFO] system - 枚数選択end(1回目)
[2021-09-04T22:08:16.232] [INFO] system - 決済処理ページ遷移済
[2021-09-04T22:08:16.233] [INFO] system - 決済処理start(1回目)
[2021-09-04T22:08:16.234] [INFO] system - 購入処理確定開始(freeBuy:true)
[2021-09-04T22:08:16.235] [INFO] system - 購入処理開始(無料)
[2021-09-04T22:08:16.255] [INFO] system - 規約に同意クリック
[2021-09-04T22:08:16.258] [INFO] system - テスト処理完了
[2021-09-04T22:08:16.260] [INFO] system - <現在時刻：Sat Sep 04 2021 22:08:16 GMT+0900／成績：6.524秒>
