[2021-05-12T15:23:07.168] [INFO] system - 【Windows版起動】
[2021-05-12T15:23:07.170] [INFO] system - キック：{"---1---":"====== BasicSetting ======","mainUrl":"https://t.livepocket.jp/","loginUrl":"https://t.livepocket.jp/login?acroot=header-new_p_u_nl","mypageUrl":"https://t.livepocket.jp/my_top","autoLogin":false,"confUser":"kisyan3333@gmail.com","confPass":"6yjAWLhCxVT2","targetUrl":"https://t.livepocket.jp/e/wakkuru0513/","targetTicket":null,"targetName":"１部前売チケット整理番号券,２部前売チケット整理番号券","targetNumber":"2,2","storeTypeId":"002","startTime":"2021-05-12 22:00","isBrowse":false,"isFree":false,"isCredit":false,"isTest":false,"isLanguage":"ja","isStage":false,"isJamCheck":true,"isMailSend":false,"---2---":"====== MailSetting(GmailOnly) ======","fromMail":"sugachan.tectec@gmail.com","fromMailPass":"sero3202","toMail":"","toSysMail":"trigger@applet.ifttt.com","isWindows":["Windows"],"loginTime":"2021-05-12 21:45","notCheckOnly":true,"isClose":false,"isMobile":true,"dareSec":2}
[2021-05-12T15:23:07.200] [INFO] system - 2021-05-12 21:45:00までログイン処理待機中...
[2021-05-12T21:45:00.352] [INFO] system - ログイン処理想定時間到達
[2021-05-12T21:45:01.977] [INFO] system - ブラウザ起動後準備完了
[2021-05-12T21:45:05.101] [INFO] system - ログインページに移動完了
[2021-05-12T21:45:05.113] [INFO] system - 混線なし
[2021-05-12T21:45:09.541] [INFO] system - ログイン完了
[2021-05-12T21:45:09.554] [INFO] system - 混線なし
[2021-05-12T21:45:09.568] [INFO] system - 「１部前売チケット整理番号券,２部前売チケット整理番号券」の存在を確認(.table #ticket-409656,.table #ticket-409657)
[2021-05-12T21:45:09.572] [INFO] system - 2021-05-12 22:00:00まで購入処理待機中...
[2021-05-12T22:00:00.012] [INFO] system - 購入処理想定時間到達
[2021-05-12T22:00:00.013] [INFO] system - <成績時間カウント開始>
[2021-05-12T22:00:00.014] [INFO] system - 購入可能状態確認start(1回目)
[2021-05-12T22:00:06.775] [INFO] system - 購入可能状態確認end
[2021-05-12T22:00:06.776] [INFO] system - 枚数選択start(1回目)
[2021-05-12T22:00:08.777] [INFO] system - 枚数選択時に明示的に2秒待機
[2021-05-12T22:00:08.778] [INFO] system - 1枚目選択開始
[2021-05-12T22:00:08.851] [INFO] system - 1枚目選択終了
[2021-05-12T22:00:08.852] [INFO] system - 2枚目選択開始
[2021-05-12T22:00:08.889] [INFO] system - 2枚目選択終了
[2021-05-12T22:00:11.797] [INFO] system - 混線のため59秒待機開始...
[2021-05-12T22:01:13.032] [INFO] system - 混線解消(1回目に成功)
[2021-05-12T22:01:13.034] [INFO] system - 枚数選択start(2回目)
[2021-05-12T22:01:15.045] [INFO] system - 枚数選択時に明示的に2秒待機
[2021-05-12T22:01:15.046] [INFO] system - 1枚目選択開始
[2021-05-12T22:01:15.106] [INFO] system - 1枚目選択終了
[2021-05-12T22:01:15.106] [INFO] system - 2枚目選択開始
[2021-05-12T22:01:15.168] [INFO] system - 2枚目選択終了
[2021-05-12T22:01:18.899] [INFO] system - 枚数選択end
[2021-05-12T22:01:18.900] [INFO] system - 決済処理start(1回目)
[2021-05-12T22:01:18.900] [INFO] system - 購入処理確定開始(freeBuy:false)
[2021-05-12T22:01:18.906] [INFO] system - 購入処理開始(有料)
[2021-05-12T22:01:19.010] [INFO] system - 規約に同意クリック
[2021-05-12T22:01:22.203] [INFO] system - 決済ボタンクリック
[2021-05-12T22:01:24.328] [ERROR] system - Error: Execution context was destroyed, most likely because of a navigation.
    at rewriteError (C:\source\yt-scraping\node_modules\puppeteer\lib\cjs\puppeteer\common\ExecutionContext.js:261:23)
    at runMicrotasks (<anonymous>)
    at processTicksAndRejections (internal/process/task_queues.js:93:5)
    at async ExecutionContext._evaluateInternal (C:\source\yt-scraping\node_modules\puppeteer\lib\cjs\puppeteer\common\ExecutionContext.js:161:64)
    at async C:\source\yt-scraping\node_modules\puppeteer\lib\cjs\puppeteer\common\DOMWorld.js:102:30
    at async DOMWorld.$ (C:\source\yt-scraping\node_modules\puppeteer\lib\cjs\puppeteer\common\DOMWorld.js:94:26)
    at async newBrowser (C:\source\yt-scraping\func-lpkick\lpkick.js:382:35)
    at async C:\source\yt-scraping\func-lpkick\lpkick.js:113:5
[2021-05-12T22:01:24.339] [ERROR] system - ReferenceError: page is not defined
    at newBrowser (C:\source\yt-scraping\func-lpkick\lpkick.js:465:5)
    at runMicrotasks (<anonymous>)
    at processTicksAndRejections (internal/process/task_queues.js:93:5)
    at async C:\source\yt-scraping\func-lpkick\lpkick.js:113:5
