[2021-04-03T12:42:07.607] [INFO] system - 【Windows版起動】
[2021-04-03T12:42:07.609] [INFO] system - キック：{"---1---":"====== BasicSetting ======","mainUrl":"https://t.livepocket.jp/","loginUrl":"https://t.livepocket.jp/login?acroot=header-new_p_u_nl","mypageUrl":"https://t.livepocket.jp/my_top","autoLogin":false,"confUser":"kisyan3333@gmail.com","confPass":"6yjAWLhCxVT2","targetUrl":"https://t.livepocket.jp/e/jurock_toumeihan/","targetTicket":null,"targetName":"【大阪編】通常チケット整理番号券","targetNumber":"1","storeTypeId":"002","startTime":"2021-04-03 22:00","isBrowse":true,"isFree":false,"isCredit":false,"isTest":false,"isLanguage":"ja","isStage":false,"isJamCheck":true,"isMailSend":false,"---2---":"====== MailSetting(GmailOnly) ======","fromMail":"sugachan.tectec@gmail.com","fromMailPass":"sero3202","toMail":"","toSysMail":"trigger@applet.ifttt.com","isWindows":["Windows"],"loginTime":"2021-04-03 21:45","notCheckOnly":true,"isClose":false}
[2021-04-03T12:42:07.634] [INFO] system - 2021-04-03 21:45:00までログイン処理待機中...
[2021-04-03T21:45:00.086] [INFO] system - ログイン処理想定時間到達
[2021-04-03T21:45:01.879] [INFO] system - ブラウザ起動後準備完了
[2021-04-03T21:45:06.864] [INFO] system - ログインページに移動完了
[2021-04-03T21:45:11.114] [INFO] system - ログイン完了
[2021-04-03T21:45:13.206] [INFO] system - 混線なし
[2021-04-03T21:45:13.227] [INFO] system - 「【大阪編】通常チケット整理番号券」の存在を確認(.table #ticket-387606)
[2021-04-03T21:45:13.228] [INFO] system - 2021-04-03 21:59まで購入処理待機中...
[2021-04-03T21:59:59.939] [INFO] system - 購入処理想定時間到達
[2021-04-03T21:59:59.940] [INFO] system - <成績時間カウント開始>
[2021-04-03T21:59:59.941] [INFO] system - 購入可能状態確認start(1回目)
[2021-04-03T22:00:06.214] [INFO] system - 購入可能状態確認start(2回目)
[2021-04-03T22:00:06.954] [ERROR] system - Error: Execution context was destroyed, most likely because of a navigation.
    at rewriteError (C:\source\yt-scraping\node_modules\puppeteer\lib\cjs\puppeteer\common\ExecutionContext.js:261:23)
    at runMicrotasks (<anonymous>)
    at processTicksAndRejections (internal/process/task_queues.js:93:5)
    at async ExecutionContext._evaluateInternal (C:\source\yt-scraping\node_modules\puppeteer\lib\cjs\puppeteer\common\ExecutionContext.js:215:61)
    at async ElementHandle.evaluateHandle (C:\source\yt-scraping\node_modules\puppeteer\lib\cjs\puppeteer\common\JSHandle.js:120:16)
    at async ElementHandle.getProperty (C:\source\yt-scraping\node_modules\puppeteer\lib\cjs\puppeteer\common\JSHandle.js:125:30)
    at async jamErrorTry (C:\source\yt-scraping\func-lpkick\lpkick.js:150:30)
[2021-04-03T22:00:08.536] [INFO] system - 購入可能状態確認start(3回目)
[2021-04-03T22:00:08.773] [ERROR] system - Error: Execution context was destroyed, most likely because of a navigation.
    at rewriteError (C:\source\yt-scraping\node_modules\puppeteer\lib\cjs\puppeteer\common\ExecutionContext.js:261:23)
    at processTicksAndRejections (internal/process/task_queues.js:93:5)
    at async ExecutionContext._evaluateInternal (C:\source\yt-scraping\node_modules\puppeteer\lib\cjs\puppeteer\common\ExecutionContext.js:215:61)
    at async ElementHandle.evaluateHandle (C:\source\yt-scraping\node_modules\puppeteer\lib\cjs\puppeteer\common\JSHandle.js:120:16)
    at async ElementHandle.getProperty (C:\source\yt-scraping\node_modules\puppeteer\lib\cjs\puppeteer\common\JSHandle.js:125:30)
    at async jamErrorTry (C:\source\yt-scraping\func-lpkick\lpkick.js:150:30)
[2021-04-03T22:00:10.554] [INFO] system - 購入可能状態確認start(4回目)
[2021-04-03T22:00:10.864] [ERROR] system - Error: Execution context was destroyed, most likely because of a navigation.
    at rewriteError (C:\source\yt-scraping\node_modules\puppeteer\lib\cjs\puppeteer\common\ExecutionContext.js:261:23)
    at processTicksAndRejections (internal/process/task_queues.js:93:5)
    at async ExecutionContext._evaluateInternal (C:\source\yt-scraping\node_modules\puppeteer\lib\cjs\puppeteer\common\ExecutionContext.js:215:61)
    at async ElementHandle.evaluateHandle (C:\source\yt-scraping\node_modules\puppeteer\lib\cjs\puppeteer\common\JSHandle.js:120:16)
    at async ElementHandle.getProperty (C:\source\yt-scraping\node_modules\puppeteer\lib\cjs\puppeteer\common\JSHandle.js:125:30)
    at async jamErrorTry (C:\source\yt-scraping\func-lpkick\lpkick.js:150:30)
[2021-04-03T22:00:12.788] [INFO] system - 購入可能状態確認start(5回目)
[2021-04-03T22:00:12.999] [ERROR] system - Error: Execution context was destroyed, most likely because of a navigation.
    at rewriteError (C:\source\yt-scraping\node_modules\puppeteer\lib\cjs\puppeteer\common\ExecutionContext.js:261:23)
    at runMicrotasks (<anonymous>)
    at processTicksAndRejections (internal/process/task_queues.js:93:5)
    at async ExecutionContext._evaluateInternal (C:\source\yt-scraping\node_modules\puppeteer\lib\cjs\puppeteer\common\ExecutionContext.js:215:61)
    at async ElementHandle.evaluateHandle (C:\source\yt-scraping\node_modules\puppeteer\lib\cjs\puppeteer\common\JSHandle.js:120:16)
    at async ElementHandle.getProperty (C:\source\yt-scraping\node_modules\puppeteer\lib\cjs\puppeteer\common\JSHandle.js:125:30)
    at async jamErrorTry (C:\source\yt-scraping\func-lpkick\lpkick.js:150:30)
[2021-04-03T22:00:14.521] [INFO] system - 購入可能状態確認start(6回目)
[2021-04-03T22:00:14.705] [ERROR] system - Error: Execution context was destroyed, most likely because of a navigation.
    at rewriteError (C:\source\yt-scraping\node_modules\puppeteer\lib\cjs\puppeteer\common\ExecutionContext.js:261:23)
    at runMicrotasks (<anonymous>)
    at processTicksAndRejections (internal/process/task_queues.js:93:5)
    at async ExecutionContext._evaluateInternal (C:\source\yt-scraping\node_modules\puppeteer\lib\cjs\puppeteer\common\ExecutionContext.js:215:61)
    at async ElementHandle.evaluateHandle (C:\source\yt-scraping\node_modules\puppeteer\lib\cjs\puppeteer\common\JSHandle.js:120:16)
    at async ElementHandle.getProperty (C:\source\yt-scraping\node_modules\puppeteer\lib\cjs\puppeteer\common\JSHandle.js:125:30)
    at async jamErrorTry (C:\source\yt-scraping\func-lpkick\lpkick.js:150:30)
[2021-04-03T22:00:16.230] [INFO] system - 購入可能状態確認start(7回目)
[2021-04-03T22:00:16.536] [ERROR] system - Error: Execution context was destroyed, most likely because of a navigation.
    at rewriteError (C:\source\yt-scraping\node_modules\puppeteer\lib\cjs\puppeteer\common\ExecutionContext.js:261:23)
    at runMicrotasks (<anonymous>)
    at processTicksAndRejections (internal/process/task_queues.js:93:5)
    at async ExecutionContext._evaluateInternal (C:\source\yt-scraping\node_modules\puppeteer\lib\cjs\puppeteer\common\ExecutionContext.js:215:61)
    at async ElementHandle.evaluateHandle (C:\source\yt-scraping\node_modules\puppeteer\lib\cjs\puppeteer\common\JSHandle.js:120:16)
    at async ElementHandle.getProperty (C:\source\yt-scraping\node_modules\puppeteer\lib\cjs\puppeteer\common\JSHandle.js:125:30)
    at async jamErrorTry (C:\source\yt-scraping\func-lpkick\lpkick.js:150:30)
[2021-04-03T22:00:17.968] [INFO] system - 購入可能状態確認start(8回目)
[2021-04-03T22:00:18.208] [ERROR] system - Error: Execution context was destroyed, most likely because of a navigation.
    at rewriteError (C:\source\yt-scraping\node_modules\puppeteer\lib\cjs\puppeteer\common\ExecutionContext.js:261:23)
    at runMicrotasks (<anonymous>)
    at processTicksAndRejections (internal/process/task_queues.js:93:5)
    at async ExecutionContext._evaluateInternal (C:\source\yt-scraping\node_modules\puppeteer\lib\cjs\puppeteer\common\ExecutionContext.js:215:61)
    at async ElementHandle.evaluateHandle (C:\source\yt-scraping\node_modules\puppeteer\lib\cjs\puppeteer\common\JSHandle.js:120:16)
    at async ElementHandle.getProperty (C:\source\yt-scraping\node_modules\puppeteer\lib\cjs\puppeteer\common\JSHandle.js:125:30)
    at async jamErrorTry (C:\source\yt-scraping\func-lpkick\lpkick.js:150:30)
[2021-04-03T22:00:20.098] [INFO] system - 購入可能状態確認start(9回目)
[2021-04-03T22:00:20.318] [ERROR] system - Error: Execution context was destroyed, most likely because of a navigation.
    at rewriteError (C:\source\yt-scraping\node_modules\puppeteer\lib\cjs\puppeteer\common\ExecutionContext.js:261:23)
    at runMicrotasks (<anonymous>)
    at processTicksAndRejections (internal/process/task_queues.js:93:5)
    at async ExecutionContext._evaluateInternal (C:\source\yt-scraping\node_modules\puppeteer\lib\cjs\puppeteer\common\ExecutionContext.js:215:61)
    at async ElementHandle.evaluateHandle (C:\source\yt-scraping\node_modules\puppeteer\lib\cjs\puppeteer\common\JSHandle.js:120:16)
    at async ElementHandle.getProperty (C:\source\yt-scraping\node_modules\puppeteer\lib\cjs\puppeteer\common\JSHandle.js:125:30)
    at async jamErrorTry (C:\source\yt-scraping\func-lpkick\lpkick.js:150:30)
[2021-04-03T22:00:22.062] [INFO] system - 購入可能状態確認start(10回目)
[2021-04-03T22:00:22.261] [ERROR] system - Error: Execution context was destroyed, most likely because of a navigation.
    at rewriteError (C:\source\yt-scraping\node_modules\puppeteer\lib\cjs\puppeteer\common\ExecutionContext.js:261:23)
    at runMicrotasks (<anonymous>)
    at processTicksAndRejections (internal/process/task_queues.js:93:5)
    at async ExecutionContext._evaluateInternal (C:\source\yt-scraping\node_modules\puppeteer\lib\cjs\puppeteer\common\ExecutionContext.js:215:61)
    at async ElementHandle.evaluateHandle (C:\source\yt-scraping\node_modules\puppeteer\lib\cjs\puppeteer\common\JSHandle.js:120:16)
    at async ElementHandle.getProperty (C:\source\yt-scraping\node_modules\puppeteer\lib\cjs\puppeteer\common\JSHandle.js:125:30)
    at async jamErrorTry (C:\source\yt-scraping\func-lpkick\lpkick.js:150:30)
[2021-04-03T22:00:23.836] [INFO] system - 購入可能状態確認start(11回目)
[2021-04-03T22:00:23.965] [ERROR] system - Error: Execution context was destroyed, most likely because of a navigation.
    at rewriteError (C:\source\yt-scraping\node_modules\puppeteer\lib\cjs\puppeteer\common\ExecutionContext.js:261:23)
    at runMicrotasks (<anonymous>)
    at processTicksAndRejections (internal/process/task_queues.js:93:5)
    at async ExecutionContext._evaluateInternal (C:\source\yt-scraping\node_modules\puppeteer\lib\cjs\puppeteer\common\ExecutionContext.js:215:61)
    at async ElementHandle.evaluateHandle (C:\source\yt-scraping\node_modules\puppeteer\lib\cjs\puppeteer\common\JSHandle.js:120:16)
    at async ElementHandle.getProperty (C:\source\yt-scraping\node_modules\puppeteer\lib\cjs\puppeteer\common\JSHandle.js:125:30)
    at async jamErrorTry (C:\source\yt-scraping\func-lpkick\lpkick.js:150:30)
[2021-04-03T22:00:25.912] [INFO] system - 購入可能状態確認start(12回目)
[2021-04-03T22:00:26.200] [ERROR] system - Error: Execution context was destroyed, most likely because of a navigation.
    at rewriteError (C:\source\yt-scraping\node_modules\puppeteer\lib\cjs\puppeteer\common\ExecutionContext.js:261:23)
    at runMicrotasks (<anonymous>)
    at processTicksAndRejections (internal/process/task_queues.js:93:5)
    at async ExecutionContext._evaluateInternal (C:\source\yt-scraping\node_modules\puppeteer\lib\cjs\puppeteer\common\ExecutionContext.js:215:61)
    at async ElementHandle.evaluateHandle (C:\source\yt-scraping\node_modules\puppeteer\lib\cjs\puppeteer\common\JSHandle.js:120:16)
    at async ElementHandle.getProperty (C:\source\yt-scraping\node_modules\puppeteer\lib\cjs\puppeteer\common\JSHandle.js:125:30)
    at async jamErrorTry (C:\source\yt-scraping\func-lpkick\lpkick.js:150:30)
[2021-04-03T22:00:28.005] [INFO] system - 購入可能状態確認start(13回目)
[2021-04-03T22:00:28.150] [ERROR] system - Error: Execution context was destroyed, most likely because of a navigation.
    at rewriteError (C:\source\yt-scraping\node_modules\puppeteer\lib\cjs\puppeteer\common\ExecutionContext.js:261:23)
    at runMicrotasks (<anonymous>)
    at processTicksAndRejections (internal/process/task_queues.js:93:5)
    at async ExecutionContext._evaluateInternal (C:\source\yt-scraping\node_modules\puppeteer\lib\cjs\puppeteer\common\ExecutionContext.js:215:61)
    at async ElementHandle.evaluateHandle (C:\source\yt-scraping\node_modules\puppeteer\lib\cjs\puppeteer\common\JSHandle.js:120:16)
    at async ElementHandle.getProperty (C:\source\yt-scraping\node_modules\puppeteer\lib\cjs\puppeteer\common\JSHandle.js:125:30)
    at async jamErrorTry (C:\source\yt-scraping\func-lpkick\lpkick.js:150:30)
[2021-04-03T22:00:37.821] [INFO] system - 【Windows版起動】
[2021-04-03T22:00:37.822] [INFO] system - キック：{"---1---":"====== BasicSetting ======","mainUrl":"https://t.livepocket.jp/","loginUrl":"https://t.livepocket.jp/login?acroot=header-new_p_u_nl","mypageUrl":"https://t.livepocket.jp/my_top","autoLogin":false,"confUser":"kisyan3333@gmail.com","confPass":"6yjAWLhCxVT2","targetUrl":"https://t.livepocket.jp/e/jurock_toumeihan/","targetTicket":null,"targetName":"【大阪編】通常チケット整理番号券","targetNumber":"1","storeTypeId":"002","startTime":"2021-04-03 22:00","isBrowse":true,"isFree":false,"isCredit":false,"isTest":false,"isLanguage":"ja","isStage":false,"isJamCheck":true,"isMailSend":false,"---2---":"====== MailSetting(GmailOnly) ======","fromMail":"sugachan.tectec@gmail.com","fromMailPass":"sero3202","toMail":"","toSysMail":"trigger@applet.ifttt.com","isWindows":["Windows"],"loginTime":"2021-04-03 21:45","notCheckOnly":true,"isClose":false}
[2021-04-03T22:00:37.838] [INFO] system - 2021-04-03 21:45:00にすでに到達
[2021-04-03T22:00:37.840] [INFO] system - ログイン処理想定時間到達
[2021-04-03T22:00:38.281] [INFO] system - ブラウザ起動後準備完了
[2021-04-03T22:00:42.782] [INFO] system - ログインページに移動完了
[2021-04-03T22:00:46.842] [INFO] system - ログイン完了
[2021-04-03T22:00:49.246] [INFO] system - 混線なし
[2021-04-03T22:00:49.269] [INFO] system - 「【大阪編】通常チケット整理番号券」の存在を確認(.table #ticket-387606)
[2021-04-03T22:00:49.271] [INFO] system - 2021-04-03 21:59にすでに到達
[2021-04-03T22:00:49.272] [INFO] system - 購入処理想定時間到達
[2021-04-03T22:00:49.277] [INFO] system - <成績時間カウント開始>
[2021-04-03T22:00:49.277] [INFO] system - 購入可能状態確認start(1回目)
[2021-04-03T22:00:51.899] [INFO] system - 購入可能状態確認end
[2021-04-03T22:00:51.900] [INFO] system - 枚数選択start(1回目)
[2021-04-03T22:00:54.548] [INFO] system - 枚数選択start(2回目)
[2021-04-03T22:00:54.552] [INFO] system - 混線のため59秒待機開始...
[2021-04-03T22:00:56.732] [ERROR] system - Error: Protocol error (Runtime.callFunctionOn): Target closed.
    at C:\source\yt-scraping\node_modules\puppeteer\lib\cjs\puppeteer\common\Connection.js:208:63
    at new Promise (<anonymous>)
    at CDPSession.send (C:\source\yt-scraping\node_modules\puppeteer\lib\cjs\puppeteer\common\Connection.js:207:16)
    at ExecutionContext._evaluateInternal (C:\source\yt-scraping\node_modules\puppeteer\lib\cjs\puppeteer\common\ExecutionContext.js:200:50)
    at ExecutionContext.evaluateHandle (C:\source\yt-scraping\node_modules\puppeteer\lib\cjs\puppeteer\common\ExecutionContext.js:151:21)
    at WaitTask.rerun (C:\source\yt-scraping\node_modules\puppeteer\lib\cjs\puppeteer\common\DOMWorld.js:498:71)
    at processTicksAndRejections (internal/process/task_queues.js:93:5)
[2021-04-03T22:00:56.750] [ERROR] system - Error: Protocol error (Target.activateTarget): Session closed. Most likely the page has been closed.
    at CDPSession.send (C:\source\yt-scraping\node_modules\puppeteer\lib\cjs\puppeteer\common\Connection.js:195:35)
    at Page._screenshotTask (C:\source\yt-scraping\node_modules\puppeteer\lib\cjs\puppeteer\common\Page.js:1084:28)
    at C:\source\yt-scraping\node_modules\puppeteer\lib\cjs\puppeteer\common\Page.js:1081:62
    at processTicksAndRejections (internal/process/task_queues.js:93:5)
[2021-04-03T22:00:56.754] [ERROR] system - ReferenceError: page is not defined
    at newBrowser (C:\source\yt-scraping\func-lpkick\lpkick.js:403:5)
    at processTicksAndRejections (internal/process/task_queues.js:93:5)
    at async C:\source\yt-scraping\func-lpkick\lpkick.js:118:5
[2021-04-03T22:02:11.883] [INFO] system - 【Windows版起動】
[2021-04-03T22:02:11.884] [INFO] system - キック：{"---1---":"====== BasicSetting ======","mainUrl":"https://t.livepocket.jp/","loginUrl":"https://t.livepocket.jp/login?acroot=header-new_p_u_nl","mypageUrl":"https://t.livepocket.jp/my_top","autoLogin":false,"confUser":"kisyan3333@gmail.com","confPass":"6yjAWLhCxVT2","targetUrl":"https://t.livepocket.jp/e/jurock_toumeihan/","targetTicket":null,"targetName":"【大阪編】通常チケット整理番号券","targetNumber":"1","storeTypeId":"002","startTime":"2021-04-03 22:00","isBrowse":true,"isFree":false,"isCredit":false,"isTest":false,"isLanguage":"ja","isStage":false,"isJamCheck":true,"isMailSend":false,"---2---":"====== MailSetting(GmailOnly) ======","fromMail":"sugachan.tectec@gmail.com","fromMailPass":"sero3202","toMail":"","toSysMail":"trigger@applet.ifttt.com","isWindows":["Windows"],"loginTime":"2021-04-03 21:45","notCheckOnly":true,"isClose":false}
[2021-04-03T22:02:11.900] [INFO] system - 2021-04-03 21:45:00にすでに到達
[2021-04-03T22:02:11.907] [INFO] system - ログイン処理想定時間到達
[2021-04-03T22:02:12.405] [INFO] system - ブラウザ起動後準備完了
[2021-04-03T22:02:16.806] [INFO] system - ログインページに移動完了
[2021-04-03T22:02:21.414] [INFO] system - ログイン完了
[2021-04-03T22:02:21.422] [ERROR] system - 設定不備の可能性があります
[2021-04-03T22:02:21.437] [ERROR] system - {"---1---":"====== BasicSetting ======","mainUrl":"https://t.livepocket.jp/","loginUrl":"https://t.livepocket.jp/login?acroot=header-new_p_u_nl","mypageUrl":"https://t.livepocket.jp/my_top","autoLogin":false,"confUser":"kisyan3333@gmail.com","confPass":"6yjAWLhCxVT2","targetUrl":"https://t.livepocket.jp/e/jurock_toumeihan/","targetTicket":"","targetName":"【大阪編】通常チケット整理番号券","targetNumber":"1","storeTypeId":"002","startTime":"2021-04-03 22:00","isBrowse":true,"isFree":true,"isCredit":false,"isTest":false,"isLanguage":"ja","isStage":false,"isJamCheck":true,"isMailSend":false,"---2---":"====== MailSetting(GmailOnly) ======","fromMail":"sugachan.tectec@gmail.com","fromMailPass":"sero3202","toMail":"","toSysMail":"trigger@applet.ifttt.com","isWindows":["Windows"],"loginTime":"2021-04-03 21:45","notCheckOnly":true,"isClose":false}
[2021-04-03T22:02:21.460] [ERROR] system - Error
    at newBrowser (C:\source\yt-scraping\func-lpkick\lpkick.js:249:13)
    at processTicksAndRejections (internal/process/task_queues.js:93:5)
    at async C:\source\yt-scraping\func-lpkick\lpkick.js:118:5
[2021-04-03T22:02:21.463] [ERROR] system - ReferenceError: page is not defined
    at newBrowser (C:\source\yt-scraping\func-lpkick\lpkick.js:403:5)
    at processTicksAndRejections (internal/process/task_queues.js:93:5)
    at async C:\source\yt-scraping\func-lpkick\lpkick.js:118:5
[2021-04-03T22:02:36.137] [INFO] system - 【Windows版起動】
[2021-04-03T22:02:36.138] [INFO] system - キック：{"---1---":"====== BasicSetting ======","mainUrl":"https://t.livepocket.jp/","loginUrl":"https://t.livepocket.jp/login?acroot=header-new_p_u_nl","mypageUrl":"https://t.livepocket.jp/my_top","autoLogin":false,"confUser":"kisyan3333@gmail.com","confPass":"6yjAWLhCxVT2","targetUrl":"https://t.livepocket.jp/e/jurock_toumeihan/","targetTicket":null,"targetName":"【大阪編】通常チケット整理番号券","targetNumber":"1","storeTypeId":"002","startTime":"2021-04-03 22:00","isBrowse":true,"isFree":false,"isCredit":false,"isTest":false,"isLanguage":"ja","isStage":false,"isJamCheck":true,"isMailSend":false,"---2---":"====== MailSetting(GmailOnly) ======","fromMail":"sugachan.tectec@gmail.com","fromMailPass":"sero3202","toMail":"","toSysMail":"trigger@applet.ifttt.com","isWindows":["Windows"],"loginTime":"2021-04-03 21:45","notCheckOnly":true,"isClose":false}
[2021-04-03T22:02:36.153] [INFO] system - 2021-04-03 21:45:00にすでに到達
[2021-04-03T22:02:36.163] [INFO] system - ログイン処理想定時間到達
[2021-04-03T22:02:36.673] [INFO] system - ブラウザ起動後準備完了
[2021-04-03T22:02:41.741] [INFO] system - ログインページに移動完了
[2021-04-03T22:02:45.861] [INFO] system - ログイン完了
[2021-04-03T22:02:48.088] [INFO] system - 「【大阪編】通常チケット整理番号券」の存在を確認(.table #ticket-387606)
[2021-04-03T22:02:48.092] [INFO] system - 2021-04-03 21:59にすでに到達
[2021-04-03T22:02:48.097] [INFO] system - 購入処理想定時間到達
[2021-04-03T22:02:48.110] [INFO] system - <成績時間カウント開始>
[2021-04-03T22:02:48.111] [INFO] system - 購入可能状態確認start(1回目)
[2021-04-03T22:02:50.364] [INFO] system - 購入可能状態確認end
[2021-04-03T22:02:50.365] [INFO] system - 枚数選択start(1回目)
[2021-04-03T22:02:53.812] [INFO] system - 枚数選択end
[2021-04-03T22:02:53.813] [INFO] system - 決済処理start(1回目)
[2021-04-03T22:02:53.814] [INFO] system - 購入処理確定開始(freeBuy:true)
[2021-04-03T22:02:53.815] [INFO] system - 購入処理開始(無料)
[2021-04-03T22:02:53.845] [INFO] system - 混線なし
[2021-04-03T22:02:53.887] [INFO] system - 規約に同意クリック
[2021-04-03T22:02:57.077] [INFO] system - 決済処理end
[2021-04-03T22:02:57.079] [INFO] system - <現在時刻：Sat Apr 03 2021 22:02:57 GMT+0900／成績：8.968秒>
[2021-04-03T22:02:57.080] [INFO] system - <成績：8.969秒>
