[2021-04-06T10:15:54.978] [INFO] system - 【Windows版起動】
[2021-04-06T10:15:54.980] [INFO] system - キック：{"---1---":"====== BasicSetting ======","mainUrl":"https://t.livepocket.jp/","loginUrl":"https://t.livepocket.jp/login?acroot=header-new_p_u_nl","mypageUrl":"https://t.livepocket.jp/my_top","autoLogin":false,"confUser":"chiaochiao.sonmi@gmail.com","confPass":"sero3202","targetUrl":"https://t.livepocket.jp/e/osaka0416/","targetTicket":null,"targetName":"前売チケット整理番号券","targetNumber":"2","storeTypeId":"002","startTime":"2021-04-06 23:00","isBrowse":true,"isFree":false,"isCredit":false,"isTest":false,"isLanguage":"ja","isStage":false,"isJamCheck":true,"isMailSend":false,"---2---":"====== MailSetting(GmailOnly) ======","fromMail":"sugachan.tectec@gmail.com","fromMailPass":"sero3202","toMail":"","toSysMail":"trigger@applet.ifttt.com","isWindows":["Windows"],"loginTime":"2021-04-06 22:45","notCheckOnly":true,"isClose":false}
[2021-04-06T10:15:54.988] [INFO] system - 2021-04-06 22:45:00までログイン処理待機中...
[2021-04-06T18:57:37.041] [INFO] system - 【Windows版起動】
[2021-04-06T18:57:37.043] [INFO] system - キック：{"---1---":"====== BasicSetting ======","mainUrl":"https://t.livepocket.jp/","loginUrl":"https://t.livepocket.jp/login?acroot=header-new_p_u_nl","mypageUrl":"https://t.livepocket.jp/my_top","autoLogin":false,"confUser":"chiaochiao.sonmi@gmail.com","confPass":"sero3202","targetUrl":"https://t.livepocket.jp/e/wakkuru0408/","targetTicket":null,"targetName":"１部前売チケット整理番号券,２部前売チケット整理番号券","targetNumber":"2,2","storeTypeId":"002","startTime":"2021-04-06 22:00","isBrowse":true,"isFree":false,"isCredit":false,"isTest":false,"isLanguage":"ja","isStage":false,"isJamCheck":true,"isMailSend":false,"---2---":"====== MailSetting(GmailOnly) ======","fromMail":"sugachan.tectec@gmail.com","fromMailPass":"sero3202","toMail":"","toSysMail":"trigger@applet.ifttt.com","isWindows":["Windows"],"loginTime":"2021-04-06 21:45","notCheckOnly":true,"isClose":false}
[2021-04-06T18:57:37.059] [INFO] system - 2021-04-06 21:45:00までログイン処理待機中...
[2021-04-06T19:01:06.771] [INFO] system - 【Windows版起動】
[2021-04-06T19:01:06.773] [INFO] system - キック：{"---1---":"====== BasicSetting ======","mainUrl":"https://t.livepocket.jp/","loginUrl":"https://t.livepocket.jp/login?acroot=header-new_p_u_nl","mypageUrl":"https://t.livepocket.jp/my_top","autoLogin":false,"confUser":"chiaochiao.sonmi@gmail.com","confPass":"sero3202","targetUrl":"https://t.livepocket.jp/e/wakkuru0408/","targetTicket":null,"targetName":"１部前売チケット整理番号券,２部前売チケット整理番号券","targetNumber":"2,2","storeTypeId":"002","startTime":"2021-04-06 22:00","isBrowse":true,"isFree":false,"isCredit":false,"isTest":false,"isLanguage":"ja","isStage":false,"isJamCheck":true,"isMailSend":false,"---2---":"====== MailSetting(GmailOnly) ======","fromMail":"sugachan.tectec@gmail.com","fromMailPass":"sero3202","toMail":"","toSysMail":"trigger@applet.ifttt.com","isWindows":["Windows"],"loginTime":"2021-04-06 21:45","notCheckOnly":true,"isClose":false}
[2021-04-06T19:01:06.793] [INFO] system - 2021-04-06 21:45:00までログイン処理待機中...
[2021-04-06T21:45:00.024] [INFO] system - ログイン処理想定時間到達
[2021-04-06T21:45:00.851] [INFO] system - ブラウザ起動後準備完了
[2021-04-06T21:45:05.606] [INFO] system - ログインページに移動完了
[2021-04-06T21:45:10.370] [INFO] system - ログイン完了
[2021-04-06T21:45:10.406] [INFO] system - 「１部前売チケット整理番号券,２部前売チケット整理番号券」の存在を確認(.table #ticket-389783,.table #ticket-389784)
[2021-04-06T21:45:10.408] [INFO] system - 2021-04-06 22:00まで購入処理待機中...
[2021-04-06T22:00:00.005] [INFO] system - 購入処理想定時間到達
[2021-04-06T22:00:00.006] [INFO] system - <成績時間カウント開始>
[2021-04-06T22:00:00.010] [INFO] system - 購入可能状態確認start(1回目)
[2021-04-06T22:00:06.679] [INFO] system - 購入可能状態確認end
[2021-04-06T22:00:06.680] [INFO] system - 枚数選択start(1回目)
[2021-04-06T22:01:10.465] [INFO] system - 枚数選択end
[2021-04-06T22:01:10.466] [INFO] system - 決済処理start(1回目)
[2021-04-06T22:01:10.467] [INFO] system - 購入処理確定開始(freeBuy:false)
[2021-04-06T22:01:10.468] [INFO] system - 購入処理開始(有料)
[2021-04-06T22:01:42.778] [ERROR] system - Error: Protocol error (Runtime.callFunctionOn): Target closed.
    at C:\source\yt-scraping\node_modules\puppeteer\lib\cjs\puppeteer\common\Connection.js:208:63
    at new Promise (<anonymous>)
    at CDPSession.send (C:\source\yt-scraping\node_modules\puppeteer\lib\cjs\puppeteer\common\Connection.js:207:16)
    at ExecutionContext._evaluateInternal (C:\source\yt-scraping\node_modules\puppeteer\lib\cjs\puppeteer\common\ExecutionContext.js:200:50)
    at ExecutionContext.evaluateHandle (C:\source\yt-scraping\node_modules\puppeteer\lib\cjs\puppeteer\common\ExecutionContext.js:151:21)
    at WaitTask.rerun (C:\source\yt-scraping\node_modules\puppeteer\lib\cjs\puppeteer\common\DOMWorld.js:498:71)
    at runMicrotasks (<anonymous>)
    at processTicksAndRejections (internal/process/task_queues.js:93:5)
[2021-04-06T22:01:42.785] [ERROR] system - Error: Protocol error (Target.activateTarget): Session closed. Most likely the page has been closed.
    at CDPSession.send (C:\source\yt-scraping\node_modules\puppeteer\lib\cjs\puppeteer\common\Connection.js:195:35)
    at Page._screenshotTask (C:\source\yt-scraping\node_modules\puppeteer\lib\cjs\puppeteer\common\Page.js:1084:28)
    at C:\source\yt-scraping\node_modules\puppeteer\lib\cjs\puppeteer\common\Page.js:1081:62
    at runMicrotasks (<anonymous>)
    at processTicksAndRejections (internal/process/task_queues.js:93:5)
[2021-04-06T22:01:42.788] [ERROR] system - Error: Protocol error (Target.activateTarget): Session closed. Most likely the page has been closed.
    at CDPSession.send (C:\source\yt-scraping\node_modules\puppeteer\lib\cjs\puppeteer\common\Connection.js:195:35)
    at Page._screenshotTask (C:\source\yt-scraping\node_modules\puppeteer\lib\cjs\puppeteer\common\Page.js:1084:28)
    at C:\source\yt-scraping\node_modules\puppeteer\lib\cjs\puppeteer\common\Page.js:1081:62
    at runMicrotasks (<anonymous>)
    at processTicksAndRejections (internal/process/task_queues.js:93:5)
[2021-04-06T22:01:42.791] [ERROR] system - ReferenceError: page is not defined
    at newBrowser (C:\source\yt-scraping\func-lpkick\lpkick.js:392:5)
    at runMicrotasks (<anonymous>)
    at processTicksAndRejections (internal/process/task_queues.js:93:5)
    at async C:\source\yt-scraping\func-lpkick\lpkick.js:111:5
[2021-04-06T22:05:32.814] [INFO] system - 【Windows版起動】
[2021-04-06T22:05:32.815] [INFO] system - キック：{"---1---":"====== BasicSetting ======","mainUrl":"https://t.livepocket.jp/","loginUrl":"https://t.livepocket.jp/login?acroot=header-new_p_u_nl","mypageUrl":"https://t.livepocket.jp/my_top","autoLogin":false,"confUser":"chiaochiao.sonmi@gmail.com","confPass":"sero3202","targetUrl":"https://t.livepocket.jp/e/wakkuru0408/","targetTicket":null,"targetName":"１部前売チケット整理番号券,２部前売チケット整理番号券","targetNumber":"2,2","storeTypeId":"002","startTime":"2021-04-06 22:00","isBrowse":true,"isFree":false,"isCredit":false,"isTest":true,"isLanguage":"ja","isStage":false,"isJamCheck":true,"isMailSend":false,"---2---":"====== MailSetting(GmailOnly) ======","fromMail":"sugachan.tectec@gmail.com","fromMailPass":"sero3202","toMail":"","toSysMail":"trigger@applet.ifttt.com","isWindows":["Windows"],"loginTime":"2021-04-06 21:45","notCheckOnly":true,"isClose":false}
[2021-04-06T22:05:32.825] [INFO] system - 【テスト】
[2021-04-06T22:05:32.831] [INFO] system - 2021-04-06 21:45:00にすでに到達
[2021-04-06T22:05:32.840] [INFO] system - ログイン処理想定時間到達
[2021-04-06T22:05:33.382] [INFO] system - ブラウザ起動後準備完了
[2021-04-06T22:05:38.135] [INFO] system - ログインページに移動完了
[2021-04-06T22:05:42.466] [INFO] system - ログイン完了
[2021-04-06T22:05:42.610] [INFO] system - 「１部前売チケット整理番号券,２部前売チケット整理番号券」の存在を確認(.table #ticket-389783,.table #ticket-389784)
[2021-04-06T22:05:42.614] [INFO] system - 2021-04-06 22:00にすでに到達
[2021-04-06T22:05:42.632] [INFO] system - 購入処理想定時間到達
[2021-04-06T22:05:42.633] [INFO] system - <成績時間カウント開始>
[2021-04-06T22:05:42.634] [INFO] system - 購入可能状態確認start(1回目)
[2021-04-06T22:05:45.067] [INFO] system - 購入可能状態確認end
[2021-04-06T22:05:45.068] [INFO] system - 枚数選択start(1回目)
[2021-04-06T22:05:48.876] [INFO] system - 枚数選択end
[2021-04-06T22:05:48.877] [INFO] system - 決済処理start(1回目)
[2021-04-06T22:05:48.878] [INFO] system - 購入処理確定開始(freeBuy:false)
[2021-04-06T22:05:48.879] [INFO] system - 購入処理開始(有料)
[2021-04-06T22:05:49.085] [INFO] system - 規約に同意クリック
[2021-04-06T22:05:49.086] [INFO] system - 【テスト:決済ロジック】
[2021-04-06T22:05:49.089] [INFO] system - テスト処理完了
[2021-04-06T22:08:09.580] [INFO] system - 【Windows版起動】
[2021-04-06T22:08:09.582] [INFO] system - キック：{"---1---":"====== BasicSetting ======","mainUrl":"https://t.livepocket.jp/","loginUrl":"https://t.livepocket.jp/login?acroot=header-new_p_u_nl","mypageUrl":"https://t.livepocket.jp/my_top","autoLogin":false,"confUser":"chiaochiao.sonmi@gmail.com","confPass":"sero3202","targetUrl":"https://t.livepocket.jp/e/osaka0416/","targetTicket":null,"targetName":"前売チケット整理番号券","targetNumber":"2","storeTypeId":"002","startTime":"2021-04-06 23:00","isBrowse":true,"isFree":false,"isCredit":false,"isTest":false,"isLanguage":"ja","isStage":false,"isJamCheck":true,"isMailSend":false,"---2---":"====== MailSetting(GmailOnly) ======","fromMail":"sugachan.tectec@gmail.com","fromMailPass":"sero3202","toMail":"","toSysMail":"trigger@applet.ifttt.com","isWindows":["Windows"],"loginTime":"2021-04-06 22:45","notCheckOnly":true,"isClose":false}
[2021-04-06T22:08:09.597] [INFO] system - 2021-04-06 22:45:00までログイン処理待機中...
[2021-04-06T22:14:01.501] [INFO] system - 【Windows版起動】
[2021-04-06T22:14:01.503] [INFO] system - キック：{"---1---":"====== BasicSetting ======","mainUrl":"https://t.livepocket.jp/","loginUrl":"https://t.livepocket.jp/login?acroot=header-new_p_u_nl","mypageUrl":"https://t.livepocket.jp/my_top","autoLogin":false,"confUser":"chiaochiao.sonmi@gmail.com","confPass":"sero3202","targetUrl":"https://t.livepocket.jp/e/osaka0416/","targetTicket":null,"targetName":"前売チケット整理番号券","targetNumber":"2","storeTypeId":"002","startTime":"2021-04-06 23:00","isBrowse":true,"isFree":false,"isCredit":false,"isTest":false,"isLanguage":"ja","isStage":false,"isJamCheck":true,"isMailSend":false,"---2---":"====== MailSetting(GmailOnly) ======","fromMail":"sugachan.tectec@gmail.com","fromMailPass":"sero3202","toMail":"","toSysMail":"trigger@applet.ifttt.com","isWindows":["Windows"],"loginTime":"2021-04-06 22:45","notCheckOnly":true,"isClose":false}
[2021-04-06T22:14:01.521] [INFO] system - 2021-04-06 22:45:00までログイン処理待機中...
[2021-04-06T22:31:10.683] [INFO] system - 【Windows版起動】
[2021-04-06T22:31:10.685] [INFO] system - キック：{"---1---":"====== BasicSetting ======","mainUrl":"https://t.livepocket.jp/","loginUrl":"https://t.livepocket.jp/login?acroot=header-new_p_u_nl","mypageUrl":"https://t.livepocket.jp/my_top","autoLogin":false,"confUser":"chiaochiao.sonmi@gmail.com","confPass":"sero3202","targetUrl":"https://t.livepocket.jp/e/osaka0416/","targetTicket":null,"targetName":"前売チケット整理番号券","targetNumber":"2","storeTypeId":"002","startTime":"2021-04-06 23:00","isBrowse":true,"isFree":false,"isCredit":false,"isTest":false,"isLanguage":"ja","isStage":false,"isJamCheck":true,"isMailSend":false,"---2---":"====== MailSetting(GmailOnly) ======","fromMail":"sugachan.tectec@gmail.com","fromMailPass":"sero3202","toMail":"","toSysMail":"trigger@applet.ifttt.com","isWindows":["Windows"],"loginTime":"2021-04-06 22:45","notCheckOnly":true,"isClose":false}
[2021-04-06T22:31:10.700] [INFO] system - 2021-04-06 22:45:00までログイン処理待機中...
[2021-04-06T22:45:00.005] [INFO] system - ログイン処理想定時間到達
[2021-04-06T22:45:00.010] [INFO] system - ログイン処理想定時間到達
[2021-04-06T22:45:01.091] [INFO] system - ブラウザ起動後準備完了
[2021-04-06T22:45:01.102] [INFO] system - ブラウザ起動後準備完了
[2021-04-06T22:45:05.971] [INFO] system - ログインページに移動完了
[2021-04-06T22:45:06.146] [INFO] system - ログインページに移動完了
[2021-04-06T22:45:10.452] [INFO] system - ログイン完了
[2021-04-06T22:45:10.471] [INFO] system - 「前売チケット整理番号券」の存在を確認(.table #ticket-389503)
[2021-04-06T22:45:10.474] [INFO] system - 2021-04-06 23:00まで購入処理待機中...
[2021-04-06T22:45:10.872] [INFO] system - ログイン完了
[2021-04-06T22:45:10.916] [INFO] system - 「前売チケット整理番号券」の存在を確認(.table #ticket-389503)
[2021-04-06T22:45:10.919] [INFO] system - 2021-04-06 23:00まで購入処理待機中...
[2021-04-06T22:45:26.536] [INFO] system - 【Windows版起動】
[2021-04-06T22:45:26.538] [INFO] system - キック：{"---1---":"====== BasicSetting ======","mainUrl":"https://t.livepocket.jp/","loginUrl":"https://t.livepocket.jp/login?acroot=header-new_p_u_nl","mypageUrl":"https://t.livepocket.jp/my_top","autoLogin":false,"confUser":"chiaochiao.sonmi@gmail.com","confPass":"sero3202","targetUrl":"https://t.livepocket.jp/e/osaka0416/","targetTicket":null,"targetName":"前売チケット整理番号券","targetNumber":"2","storeTypeId":"002","startTime":"2021-04-06 23:00","isBrowse":true,"isFree":false,"isCredit":false,"isTest":false,"isLanguage":"ja","isStage":false,"isJamCheck":true,"isMailSend":false,"---2---":"====== MailSetting(GmailOnly) ======","fromMail":"sugachan.tectec@gmail.com","fromMailPass":"sero3202","toMail":"","toSysMail":"trigger@applet.ifttt.com","isWindows":["Windows"],"loginTime":"2021-04-06 22:45","notCheckOnly":true,"isClose":false}
[2021-04-06T22:45:26.553] [INFO] system - 2021-04-06 22:45:00にすでに到達
[2021-04-06T22:45:26.557] [INFO] system - ログイン処理想定時間到達
[2021-04-06T22:45:27.101] [INFO] system - ブラウザ起動後準備完了
[2021-04-06T22:45:31.731] [INFO] system - ログインページに移動完了
[2021-04-06T22:45:36.565] [INFO] system - ログイン完了
[2021-04-06T22:45:36.597] [INFO] system - 「前売チケット整理番号券」の存在を確認(.table #ticket-389503)
[2021-04-06T22:45:36.601] [INFO] system - 2021-04-06 23:00まで購入処理待機中...
[2021-04-06T23:00:00.006] [INFO] system - 購入処理想定時間到達
[2021-04-06T23:00:00.005] [INFO] system - 購入処理想定時間到達
[2021-04-06T23:00:00.007] [INFO] system - <成績時間カウント開始>
[2021-04-06T23:00:00.009] [INFO] system - 購入可能状態確認start(1回目)
[2021-04-06T23:00:00.008] [INFO] system - <成績時間カウント開始>
[2021-04-06T23:00:00.010] [INFO] system - 購入可能状態確認start(1回目)
[2021-04-06T23:00:00.028] [ERROR] system - Error: Protocol error (Page.navigate): Session closed. Most likely the page has been closed.
    at CDPSession.send (C:\source\yt-scraping\node_modules\puppeteer\lib\cjs\puppeteer\common\Connection.js:195:35)
    at navigate (C:\source\yt-scraping\node_modules\puppeteer\lib\cjs\puppeteer\common\FrameManager.js:108:47)
    at FrameManager.navigateFrame (C:\source\yt-scraping\node_modules\puppeteer\lib\cjs\puppeteer\common\FrameManager.js:91:13)
    at Frame.goto (C:\source\yt-scraping\node_modules\puppeteer\lib\cjs\puppeteer\common\FrameManager.js:417:41)
    at Page.goto (C:\source\yt-scraping\node_modules\puppeteer\lib\cjs\puppeteer\common\Page.js:784:53)
    at newBrowser (C:\source\yt-scraping\func-lpkick\lpkick.js:268:20)
    at async C:\source\yt-scraping\func-lpkick\lpkick.js:111:5
[2021-04-06T23:00:00.034] [ERROR] system - ReferenceError: page is not defined
    at newBrowser (C:\source\yt-scraping\func-lpkick\lpkick.js:392:5)
    at async C:\source\yt-scraping\func-lpkick\lpkick.js:111:5
[2021-04-06T23:00:05.757] [INFO] system - 購入可能状態確認end
[2021-04-06T23:00:05.758] [INFO] system - 枚数選択start(1回目)
[2021-04-06T23:00:05.797] [INFO] system - testA
[2021-04-06T23:00:05.801] [INFO] system - testB-0
[2021-04-06T23:00:05.852] [INFO] system - testC-0
[2021-04-06T23:00:05.866] [INFO] system - testD-0
[2021-04-06T23:00:05.924] [INFO] system - testE-0
[2021-04-06T23:00:05.925] [INFO] system - testF
[2021-04-06T23:00:06.927] [INFO] system - testG
[2021-04-06T23:00:06.938] [INFO] system - testH
[2021-04-06T23:00:11.800] [INFO] system - testI
[2021-04-06T23:02:35.184] [INFO] system - 枚数選択end
[2021-04-06T23:02:35.185] [INFO] system - 決済処理start(1回目)
[2021-04-06T23:02:35.185] [INFO] system - 購入処理確定開始(freeBuy:true)
[2021-04-06T23:02:35.187] [INFO] system - 購入処理開始(無料)
[2021-04-06T23:02:35.325] [INFO] system - 混線なし
[2021-04-06T23:02:35.390] [INFO] system - 規約に同意クリック
[2021-04-06T23:02:59.668] [INFO] system - 決済処理失敗？
