[2021-03-29T17:05:59.604] [INFO] system - 【Windows版起動】
[2021-03-29T17:05:59.606] [INFO] system - キック：{"---1---":"====== BasicSetting ======","mainUrl":"https://t.livepocket.jp/","loginUrl":"https://t.livepocket.jp/login?acroot=header-new_p_u_nl","mypageUrl":"https://t.livepocket.jp/my_top","autoLogin":false,"confUser":"kisyan3333@gmail.com","confPass":"6yjAWLhCxVT2","targetUrl":"https://t.livepocket.jp/e/nagoya_reny0330/","targetTicket":null,"targetName":"前方チケット整理番号券","targetNumber":"1","storeTypeId":"016","startTime":"2021-03-29 21:00","isBrowse":true,"isFree":false,"isCredit":false,"isTest":false,"isLanguage":"ja","isStage":false,"isJamCheck":true,"isMailSend":false,"---2---":"====== MailSetting(GmailOnly) ======","fromMail":"sugachan.tectec@gmail.com","fromMailPass":"sero3202","toMail":"","toSysMail":"trigger@applet.ifttt.com","isWindows":["Windows"],"loginTime":"2021-03-29 20:45","notCheckOnly":true,"isClose":false}
[2021-03-29T17:05:59.628] [INFO] system - 2021-03-29 20:45:00までログイン処理待機中...
[2021-03-29T20:45:00.042] [INFO] system - ログイン処理想定時間到達
[2021-03-29T20:45:01.817] [INFO] system - ブラウザ起動後準備完了
[2021-03-29T20:45:06.520] [INFO] system - ログインページに移動完了
[2021-03-29T20:45:10.342] [INFO] system - ログイン完了
[2021-03-29T20:45:10.453] [INFO] system - 「前方チケット整理番号券」の存在を確認(.table #ticket-386079)
[2021-03-29T20:45:10.454] [INFO] system - 2021-03-29 21:00まで購入処理待機中...
[2021-03-29T21:00:00.011] [INFO] system - 購入処理想定時間到達
[2021-03-29T21:00:00.013] [INFO] system - <成績時間カウント開始>
[2021-03-29T21:00:00.014] [INFO] system - 購入可能状態確認start(1回目)
[2021-03-29T21:00:04.994] [INFO] system - 購入可能状態確認end
[2021-03-29T21:00:04.994] [INFO] system - 枚数選択start(1回目)
[2021-03-29T21:01:04.494] [INFO] system - 枚数選択end
[2021-03-29T21:01:04.495] [INFO] system - 決済処理start(1回目)
[2021-03-29T21:01:04.495] [INFO] system - 購入処理確定開始(freeBuy:false)
[2021-03-29T21:01:04.497] [INFO] system - 購入処理開始(有料)
[2021-03-29T21:01:05.069] [INFO] system - 規約に同意クリック
[2021-03-29T21:01:09.973] [ERROR] system - Error: Execution context was destroyed, most likely because of a navigation.
    at rewriteError (C:\source\yt-scraping\node_modules\puppeteer\lib\cjs\puppeteer\common\ExecutionContext.js:261:23)
    at runMicrotasks (<anonymous>)
    at processTicksAndRejections (internal/process/task_queues.js:93:5)
    at async ExecutionContext._evaluateInternal (C:\source\yt-scraping\node_modules\puppeteer\lib\cjs\puppeteer\common\ExecutionContext.js:161:64)
    at async C:\source\yt-scraping\node_modules\puppeteer\lib\cjs\puppeteer\common\DOMWorld.js:102:30
    at async DOMWorld.$ (C:\source\yt-scraping\node_modules\puppeteer\lib\cjs\puppeteer\common\DOMWorld.js:94:26)
    at async newBrowser (C:\source\yt-scraping\func-lpkick\lpkick.js:312:35)
    at async C:\source\yt-scraping\func-lpkick\lpkick.js:111:5
[2021-03-29T21:01:10.022] [ERROR] system - ReferenceError: page is not defined
    at newBrowser (C:\source\yt-scraping\func-lpkick\lpkick.js:392:5)
    at runMicrotasks (<anonymous>)
    at processTicksAndRejections (internal/process/task_queues.js:93:5)
    at async C:\source\yt-scraping\func-lpkick\lpkick.js:111:5
