[2021-05-29T11:21:38.307] [INFO] system - 【Windows版起動】
[2021-05-29T11:21:38.309] [INFO] system - キック：{"---1---":"====== BasicSetting ======","mainUrl":"https://t.livepocket.jp/","loginUrl":"https://t.livepocket.jp/login?acroot=header-new_p_u_nl","mypageUrl":"https://t.livepocket.jp/my_top","autoLogin":false,"confUser":"kisyan3333@gmail.com","confPass":"6yjAWLhCxVT2","targetUrl":"https://t.livepocket.jp/e/pannana0601/","targetTicket":null,"targetName":"1部前売チケット整理番号券,2部前売チケット整理番号券","targetNumber":"1","storeTypeId":"002","startTime":"2021-05-29 21:45","isBrowse":false,"isFree":false,"isCredit":false,"isTest":false,"isLanguage":"ja","isStage":false,"isJamCheck":true,"isMailSend":false,"---2---":"====== MailSetting(GmailOnly) ======","fromMail":"sugachan.tectec@gmail.com","fromMailPass":"sero3202","toMail":"","toSysMail":"trigger@applet.ifttt.com","isWindows":["Windows"],"loginTime":"2021-05-29 22:00","notCheckOnly":true,"isClose":false,"isMobile":true,"dareSec":0,"chromePath":"C:/Program Files (x86)/Google/Chrome/Application/chrome.exe"}
[2021-05-29T11:21:38.340] [INFO] system - 2021-05-29 21:30:00までログイン処理待機中...
[2021-05-29T11:22:18.451] [INFO] system - 【Windows版起動】
[2021-05-29T11:22:18.453] [INFO] system - キック：{"---1---":"====== BasicSetting ======","mainUrl":"https://t.livepocket.jp/","loginUrl":"https://t.livepocket.jp/login?acroot=header-new_p_u_nl","mypageUrl":"https://t.livepocket.jp/my_top","autoLogin":false,"confUser":"kisyan3333@gmail.com","confPass":"6yjAWLhCxVT2","targetUrl":"https://t.livepocket.jp/e/pannana0601/","targetTicket":null,"targetName":"2部前売チケット整理番号券","targetNumber":"1","storeTypeId":"002","startTime":"2021-05-29 21:45","isBrowse":false,"isFree":false,"isCredit":false,"isTest":false,"isLanguage":"ja","isStage":false,"isJamCheck":true,"isMailSend":false,"---2---":"====== MailSetting(GmailOnly) ======","fromMail":"sugachan.tectec@gmail.com","fromMailPass":"sero3202","toMail":"","toSysMail":"trigger@applet.ifttt.com","isWindows":["Windows"],"loginTime":"2021-05-29 22:00","notCheckOnly":true,"isClose":false,"isMobile":true,"dareSec":0,"chromePath":"C:/Program Files (x86)/Google/Chrome/Application/chrome.exe"}
[2021-05-29T11:22:18.472] [INFO] system - 2021-05-29 21:30:00までログイン処理待機中...
[2021-05-29T21:30:00.232] [INFO] system - ログイン処理想定時間到達
[2021-05-29T21:30:00.535] [INFO] system - ブラウザ起動後準備完了
[2021-05-29T21:30:04.065] [INFO] system - ログインページに移動完了
[2021-05-29T21:30:04.134] [INFO] system - 混線なし
[2021-05-29T21:30:09.050] [INFO] system - ログイン完了
[2021-05-29T21:30:09.064] [INFO] system - 混線なし
[2021-05-29T21:30:09.076] [INFO] system - 「2部前売チケット整理番号券」の存在を確認(.table #ticket-422893)
[2021-05-29T21:30:09.078] [INFO] system - 2021-05-29 21:45:00まで購入処理待機中...
[2021-05-29T21:45:00.031] [INFO] system - 購入処理想定時間到達
[2021-05-29T21:45:00.033] [INFO] system - <成績時間カウント開始>
[2021-05-29T21:45:00.034] [INFO] system - 購入可能状態確認start(1回目)
[2021-05-29T21:45:02.852] [ERROR] system - 購入可能状態確認NG
[2021-05-29T21:45:02.854] [ERROR] system - Error
    at newBrowser (C:\source\yt-scraping\func-lpkick\lpkick.js:380:19)
    at runMicrotasks (<anonymous>)
    at processTicksAndRejections (internal/process/task_queues.js:93:5)
    at async C:\source\yt-scraping\func-lpkick\lpkick.js:117:5
[2021-05-29T21:45:02.869] [ERROR] system - ReferenceError: page is not defined
    at newBrowser (C:\source\yt-scraping\func-lpkick\lpkick.js:497:5)
    at runMicrotasks (<anonymous>)
    at processTicksAndRejections (internal/process/task_queues.js:93:5)
    at async C:\source\yt-scraping\func-lpkick\lpkick.js:117:5
[2021-05-29T21:55:53.402] [INFO] system - 【Windows版起動】
[2021-05-29T21:55:53.404] [INFO] system - キック：{"---1---":"====== BasicSetting ======","mainUrl":"https://t.livepocket.jp/","loginUrl":"https://t.livepocket.jp/login?acroot=header-new_p_u_nl","mypageUrl":"https://t.livepocket.jp/my_top","autoLogin":false,"confUser":"kisyan3333@gmail.com","confPass":"6yjAWLhCxVT2","targetUrl":"https://t.livepocket.jp/e/pannana0601/","targetTicket":null,"targetName":"2部前売チケット整理番号券","targetNumber":"1","storeTypeId":"002","startTime":"2021-05-29 21:45","isBrowse":false,"isFree":false,"isCredit":false,"isTest":false,"isLanguage":"ja","isStage":false,"isJamCheck":true,"isMailSend":false,"---2---":"====== MailSetting(GmailOnly) ======","fromMail":"sugachan.tectec@gmail.com","fromMailPass":"sero3202","toMail":"","toSysMail":"trigger@applet.ifttt.com","isWindows":["Windows"],"loginTime":"2021-05-29 22:00","notCheckOnly":true,"isClose":false,"isMobile":true,"dareSec":0,"chromePath":"C:/Program Files (x86)/Google/Chrome/Application/chrome.exe"}
[2021-05-29T21:55:53.422] [INFO] system - 2021-05-29 21:30:00にすでに到達
[2021-05-29T21:55:53.426] [INFO] system - ログイン処理想定時間到達
[2021-05-29T21:55:53.720] [INFO] system - ブラウザ起動後準備完了
[2021-05-29T21:55:56.769] [INFO] system - ログインページに移動完了
[2021-05-29T21:55:56.790] [INFO] system - 混線なし
[2021-05-29T21:56:02.104] [INFO] system - ログイン完了
[2021-05-29T21:56:02.117] [INFO] system - 混線なし
[2021-05-29T21:56:02.155] [INFO] system - 「2部前売チケット整理番号券」の存在を確認(.table #ticket-422893)
[2021-05-29T21:56:02.158] [INFO] system - 2021-05-29 21:45にすでに到達
[2021-05-29T21:56:02.159] [INFO] system - 購入処理想定時間到達
[2021-05-29T21:56:02.160] [INFO] system - <成績時間カウント開始>
[2021-05-29T21:56:02.161] [INFO] system - 購入可能状態確認start(1回目)
[2021-05-29T21:56:04.528] [ERROR] system - 購入可能状態確認NG
[2021-05-29T21:56:04.529] [ERROR] system - Error
    at newBrowser (C:\source\yt-scraping\func-lpkick\lpkick.js:380:19)
    at processTicksAndRejections (internal/process/task_queues.js:93:5)
    at async C:\source\yt-scraping\func-lpkick\lpkick.js:117:5
[2021-05-29T21:56:04.549] [ERROR] system - ReferenceError: page is not defined
    at newBrowser (C:\source\yt-scraping\func-lpkick\lpkick.js:497:5)
    at processTicksAndRejections (internal/process/task_queues.js:93:5)
    at async C:\source\yt-scraping\func-lpkick\lpkick.js:117:5
[2021-05-29T21:56:37.102] [INFO] system - 【Windows版起動】
[2021-05-29T21:56:37.103] [INFO] system - キック：{"---1---":"====== BasicSetting ======","mainUrl":"https://t.livepocket.jp/","loginUrl":"https://t.livepocket.jp/login?acroot=header-new_p_u_nl","mypageUrl":"https://t.livepocket.jp/my_top","autoLogin":false,"confUser":"kisyan3333@gmail.com","confPass":"6yjAWLhCxVT2","targetUrl":"https://t.livepocket.jp/e/pannana0601/","targetTicket":null,"targetName":"2部前売チケット整理番号券","targetNumber":"1","storeTypeId":"002","startTime":"2021-05-29 21:45","isBrowse":false,"isFree":false,"isCredit":false,"isTest":false,"isLanguage":"ja","isStage":false,"isJamCheck":true,"isMailSend":false,"---2---":"====== MailSetting(GmailOnly) ======","fromMail":"sugachan.tectec@gmail.com","fromMailPass":"sero3202","toMail":"","toSysMail":"trigger@applet.ifttt.com","isWindows":["Windows"],"loginTime":"2021-05-29 22:00","notCheckOnly":true,"isClose":false,"isMobile":true,"dareSec":0,"chromePath":"C:/Program Files (x86)/Google/Chrome/Application/chrome.exe"}
[2021-05-29T21:56:37.123] [INFO] system - 2021-05-29 21:30:00にすでに到達
[2021-05-29T21:56:37.126] [INFO] system - ログイン処理想定時間到達
[2021-05-29T21:56:37.440] [INFO] system - ブラウザ起動後準備完了
[2021-05-29T21:56:40.361] [INFO] system - ログインページに移動完了
[2021-05-29T21:56:40.379] [INFO] system - 混線なし
[2021-05-29T21:56:45.770] [INFO] system - ログイン完了
[2021-05-29T21:56:45.788] [INFO] system - 混線なし
[2021-05-29T21:56:45.821] [INFO] system - 「2部前売チケット整理番号券」の存在を確認(.table #ticket-422893)
[2021-05-29T21:56:45.823] [INFO] system - 2021-05-29 21:45にすでに到達
[2021-05-29T21:56:45.827] [INFO] system - 購入処理想定時間到達
[2021-05-29T21:56:45.828] [INFO] system - <成績時間カウント開始>
[2021-05-29T21:56:45.828] [INFO] system - 購入可能状態確認start(1回目)
[2021-05-29T21:56:48.013] [ERROR] system - 購入可能状態確認NG
[2021-05-29T21:56:48.015] [ERROR] system - Error
    at newBrowser (C:\source\yt-scraping\func-lpkick\lpkick.js:348:19)
    at processTicksAndRejections (internal/process/task_queues.js:93:5)
    at async C:\source\yt-scraping\func-lpkick\lpkick.js:113:5
[2021-05-29T21:56:48.033] [ERROR] system - ReferenceError: page is not defined
    at newBrowser (C:\source\yt-scraping\func-lpkick\lpkick.js:465:5)
    at processTicksAndRejections (internal/process/task_queues.js:93:5)
    at async C:\source\yt-scraping\func-lpkick\lpkick.js:113:5
[2021-05-29T21:57:40.502] [INFO] system - 【Windows版起動】
[2021-05-29T21:57:40.504] [INFO] system - キック：{"---1---":"====== BasicSetting ======","mainUrl":"https://t.livepocket.jp/","loginUrl":"https://t.livepocket.jp/login?acroot=header-new_p_u_nl","mypageUrl":"https://t.livepocket.jp/my_top","autoLogin":false,"confUser":"kisyan3333@gmail.com","confPass":"6yjAWLhCxVT2","targetUrl":"https://t.livepocket.jp/e/pannana0601/","targetTicket":null,"targetName":"2部前売チケット整理番号券","targetNumber":"1","storeTypeId":"002","startTime":"2021-05-29 21:45","isBrowse":false,"isFree":false,"isCredit":false,"isTest":false,"isLanguage":"ja","isStage":false,"isJamCheck":true,"isMailSend":false,"---2---":"====== MailSetting(GmailOnly) ======","fromMail":"sugachan.tectec@gmail.com","fromMailPass":"sero3202","toMail":"","toSysMail":"trigger@applet.ifttt.com","isWindows":["Windows"],"loginTime":"2021-05-29 22:00","notCheckOnly":true,"isClose":false,"isMobile":false,"dareSec":0,"chromePath":"C:/Program Files (x86)/Google/Chrome/Application/chrome.exe"}
[2021-05-29T21:57:40.522] [INFO] system - 2021-05-29 21:30:00にすでに到達
[2021-05-29T21:57:40.525] [INFO] system - ログイン処理想定時間到達
[2021-05-29T21:57:40.826] [INFO] system - ブラウザ起動後準備完了
[2021-05-29T21:57:44.023] [INFO] system - ログインページに移動完了
[2021-05-29T21:58:15.780] [INFO] system - 【Windows版起動】
[2021-05-29T21:58:15.782] [INFO] system - キック：{"---1---":"====== BasicSetting ======","mainUrl":"https://t.livepocket.jp/","loginUrl":"https://t.livepocket.jp/login?acroot=header-new_p_u_nl","mypageUrl":"https://t.livepocket.jp/my_top","autoLogin":false,"confUser":"kisyan3333@gmail.com","confPass":"6yjAWLhCxVT2","targetUrl":"https://t.livepocket.jp/e/pannana0601/","targetTicket":null,"targetName":"2部前売チケット整理番号券","targetNumber":"1","storeTypeId":"002","startTime":"2021-05-29 21:45","isBrowse":true,"isFree":false,"isCredit":false,"isTest":false,"isLanguage":"ja","isStage":false,"isJamCheck":true,"isMailSend":false,"---2---":"====== MailSetting(GmailOnly) ======","fromMail":"sugachan.tectec@gmail.com","fromMailPass":"sero3202","toMail":"","toSysMail":"trigger@applet.ifttt.com","isWindows":["Windows"],"loginTime":"2021-05-29 22:00","notCheckOnly":true,"isClose":false,"isMobile":true,"dareSec":0,"chromePath":"C:/Program Files (x86)/Google/Chrome/Application/chrome.exe"}
[2021-05-29T21:58:15.804] [INFO] system - 2021-05-29 21:30:00にすでに到達
[2021-05-29T21:58:15.815] [INFO] system - ログイン処理想定時間到達
[2021-05-29T21:58:16.441] [INFO] system - ブラウザ起動後準備完了
[2021-05-29T21:58:19.611] [INFO] system - ログインページに移動完了
[2021-05-29T21:58:19.629] [INFO] system - 混線なし
[2021-05-29T21:58:25.166] [INFO] system - ログイン完了
[2021-05-29T21:58:25.183] [INFO] system - 混線なし
[2021-05-29T21:58:25.285] [INFO] system - 「2部前売チケット整理番号券」の存在を確認(.table #ticket-422893)
[2021-05-29T21:58:25.288] [INFO] system - 2021-05-29 21:45にすでに到達
[2021-05-29T21:58:25.308] [INFO] system - 購入処理想定時間到達
[2021-05-29T21:58:25.309] [INFO] system - <成績時間カウント開始>
[2021-05-29T21:58:25.310] [INFO] system - 購入可能状態確認start(1回目)
[2021-05-29T21:58:27.529] [ERROR] system - 購入可能状態確認NG
[2021-05-29T21:58:27.531] [ERROR] system - Error
    at newBrowser (C:\source\yt-scraping\func-lpkick\lpkick.js:348:19)
    at processTicksAndRejections (internal/process/task_queues.js:93:5)
    at async C:\source\yt-scraping\func-lpkick\lpkick.js:113:5
[2021-05-29T21:58:27.556] [ERROR] system - ReferenceError: page is not defined
    at newBrowser (C:\source\yt-scraping\func-lpkick\lpkick.js:465:5)
    at processTicksAndRejections (internal/process/task_queues.js:93:5)
    at async C:\source\yt-scraping\func-lpkick\lpkick.js:113:5
[2021-05-29T21:59:17.399] [INFO] system - 【Windows版起動】
[2021-05-29T21:59:17.401] [INFO] system - キック：{"---1---":"====== BasicSetting ======","mainUrl":"https://t.livepocket.jp/","loginUrl":"https://t.livepocket.jp/login?acroot=header-new_p_u_nl","mypageUrl":"https://t.livepocket.jp/my_top","autoLogin":false,"confUser":"kisyan3333@gmail.com","confPass":"6yjAWLhCxVT2","targetUrl":"https://t.livepocket.jp/e/pannana0601/","targetTicket":null,"targetName":"2部前売チケット整理番号券","targetNumber":"1","storeTypeId":"002","startTime":"2021-05-29 22:00","isBrowse":true,"isFree":false,"isCredit":false,"isTest":false,"isLanguage":"ja","isStage":false,"isJamCheck":true,"isMailSend":false,"---2---":"====== MailSetting(GmailOnly) ======","fromMail":"sugachan.tectec@gmail.com","fromMailPass":"sero3202","toMail":"","toSysMail":"trigger@applet.ifttt.com","isWindows":["Windows"],"loginTime":"2021-05-29 21:00","notCheckOnly":true,"isClose":false,"isMobile":true,"dareSec":0,"chromePath":"C:/Program Files (x86)/Google/Chrome/Application/chrome.exe"}
[2021-05-29T21:59:17.422] [INFO] system - 2021-05-29 21:45:00にすでに到達
[2021-05-29T21:59:17.434] [INFO] system - ログイン処理想定時間到達
[2021-05-29T21:59:18.063] [INFO] system - ブラウザ起動後準備完了
[2021-05-29T21:59:21.749] [INFO] system - ログインページに移動完了
[2021-05-29T21:59:25.867] [ERROR] system - Error: Protocol error (Runtime.callFunctionOn): Target closed.
    at C:\source\yt-scraping\node_modules\puppeteer\lib\cjs\puppeteer\common\Connection.js:208:63
    at new Promise (<anonymous>)
    at CDPSession.send (C:\source\yt-scraping\node_modules\puppeteer\lib\cjs\puppeteer\common\Connection.js:207:16)
    at ExecutionContext._evaluateInternal (C:\source\yt-scraping\node_modules\puppeteer\lib\cjs\puppeteer\common\ExecutionContext.js:200:50)
    at ExecutionContext.evaluateHandle (C:\source\yt-scraping\node_modules\puppeteer\lib\cjs\puppeteer\common\ExecutionContext.js:151:21)
    at WaitTask.rerun (C:\source\yt-scraping\node_modules\puppeteer\lib\cjs\puppeteer\common\DOMWorld.js:498:71)
    at processTicksAndRejections (internal/process/task_queues.js:93:5)
[2021-05-29T21:59:25.914] [ERROR] system - ReferenceError: page is not defined
    at newBrowser (C:\source\yt-scraping\func-lpkick\lpkick.js:465:5)
    at processTicksAndRejections (internal/process/task_queues.js:93:5)
    at async C:\source\yt-scraping\func-lpkick\lpkick.js:113:5
[2021-05-29T21:59:32.664] [INFO] system - 【Windows版起動】
[2021-05-29T21:59:32.665] [INFO] system - キック：{"---1---":"====== BasicSetting ======","mainUrl":"https://t.livepocket.jp/","loginUrl":"https://t.livepocket.jp/login?acroot=header-new_p_u_nl","mypageUrl":"https://t.livepocket.jp/my_top","autoLogin":false,"confUser":"kisyan3333@gmail.com","confPass":"6yjAWLhCxVT2","targetUrl":"https://t.livepocket.jp/e/pannana0601/","targetTicket":null,"targetName":"2部前売チケット整理番号券","targetNumber":"1","storeTypeId":"002","startTime":"2021-05-29 22:00","isBrowse":false,"isFree":false,"isCredit":false,"isTest":false,"isLanguage":"ja","isStage":false,"isJamCheck":true,"isMailSend":false,"---2---":"====== MailSetting(GmailOnly) ======","fromMail":"sugachan.tectec@gmail.com","fromMailPass":"sero3202","toMail":"","toSysMail":"trigger@applet.ifttt.com","isWindows":["Windows"],"loginTime":"2021-05-29 21:00","notCheckOnly":true,"isClose":false,"isMobile":true,"dareSec":0,"chromePath":"C:/Program Files (x86)/Google/Chrome/Application/chrome.exe"}
[2021-05-29T21:59:32.683] [INFO] system - 2021-05-29 21:45:00にすでに到達
[2021-05-29T21:59:32.686] [INFO] system - ログイン処理想定時間到達
[2021-05-29T21:59:32.980] [INFO] system - ブラウザ起動後準備完了
[2021-05-29T21:59:36.097] [INFO] system - ログインページに移動完了
[2021-05-29T21:59:36.117] [INFO] system - 混線なし
[2021-05-29T21:59:41.206] [INFO] system - ログイン完了
[2021-05-29T21:59:41.224] [INFO] system - 混線なし
[2021-05-29T21:59:41.249] [INFO] system - 「2部前売チケット整理番号券」の存在を確認(.table #ticket-422893)
[2021-05-29T21:59:41.252] [INFO] system - 2021-05-29 22:00:00まで購入処理待機中...
[2021-05-29T22:00:00.003] [INFO] system - 購入処理想定時間到達
[2021-05-29T22:00:00.005] [INFO] system - <成績時間カウント開始>
[2021-05-29T22:00:00.006] [INFO] system - 購入可能状態確認start(1回目)
[2021-05-29T22:00:06.814] [INFO] system - 購入可能状態確認end
[2021-05-29T22:00:06.815] [INFO] system - 枚数選択start(1回目)
[2021-05-29T22:00:06.820] [INFO] system - 枚数選択時に明示的に0秒待機
[2021-05-29T22:00:06.834] [INFO] system - 1枚目選択開始
[2021-05-29T22:00:06.929] [INFO] system - 1枚目選択終了
[2021-05-29T22:00:13.134] [INFO] system - 枚数選択end
[2021-05-29T22:00:13.164] [INFO] system - 決済処理start(1回目)
[2021-05-29T22:00:13.168] [INFO] system - 購入処理確定開始(freeBuy:false)
[2021-05-29T22:00:13.169] [INFO] system - 購入処理開始(有料)
[2021-05-29T22:00:13.318] [INFO] system - 規約に同意クリック
[2021-05-29T22:00:15.912] [INFO] system - 決済ボタンクリック
[2021-05-29T22:00:17.897] [ERROR] system - Error: Execution context was destroyed, most likely because of a navigation.
    at rewriteError (C:\source\yt-scraping\node_modules\puppeteer\lib\cjs\puppeteer\common\ExecutionContext.js:261:23)
    at runMicrotasks (<anonymous>)
    at processTicksAndRejections (internal/process/task_queues.js:93:5)
    at async ExecutionContext._evaluateInternal (C:\source\yt-scraping\node_modules\puppeteer\lib\cjs\puppeteer\common\ExecutionContext.js:161:64)
    at async C:\source\yt-scraping\node_modules\puppeteer\lib\cjs\puppeteer\common\DOMWorld.js:102:30
    at async DOMWorld.$ (C:\source\yt-scraping\node_modules\puppeteer\lib\cjs\puppeteer\common\DOMWorld.js:94:26)
    at async newBrowser (C:\source\yt-scraping\func-lpkick\lpkick.js:382:35)
    at async C:\source\yt-scraping\func-lpkick\lpkick.js:113:5
[2021-05-29T22:00:17.917] [ERROR] system - ReferenceError: page is not defined
    at newBrowser (C:\source\yt-scraping\func-lpkick\lpkick.js:465:5)
    at runMicrotasks (<anonymous>)
    at processTicksAndRejections (internal/process/task_queues.js:93:5)
    at async C:\source\yt-scraping\func-lpkick\lpkick.js:113:5
[2021-05-29T22:01:11.511] [INFO] system - 【Windows版起動】
[2021-05-29T22:01:11.512] [INFO] system - キック：{"---1---":"====== BasicSetting ======","mainUrl":"https://t.livepocket.jp/","loginUrl":"https://t.livepocket.jp/login?acroot=header-new_p_u_nl","mypageUrl":"https://t.livepocket.jp/my_top","autoLogin":false,"confUser":"kisyan3333@gmail.com","confPass":"6yjAWLhCxVT2","targetUrl":"https://t.livepocket.jp/e/pannana0601/","targetTicket":null,"targetName":"1部前売チケット整理番号券","targetNumber":"1","storeTypeId":"002","startTime":"2021-05-29 22:00","isBrowse":false,"isFree":false,"isCredit":false,"isTest":false,"isLanguage":"ja","isStage":false,"isJamCheck":true,"isMailSend":false,"---2---":"====== MailSetting(GmailOnly) ======","fromMail":"sugachan.tectec@gmail.com","fromMailPass":"sero3202","toMail":"","toSysMail":"trigger@applet.ifttt.com","isWindows":["Windows"],"loginTime":"2021-05-29 21:00","notCheckOnly":true,"isClose":false,"isMobile":true,"dareSec":0,"chromePath":"C:/Program Files (x86)/Google/Chrome/Application/chrome.exe"}
[2021-05-29T22:01:11.530] [INFO] system - 2021-05-29 21:45:00にすでに到達
[2021-05-29T22:01:11.532] [INFO] system - ログイン処理想定時間到達
[2021-05-29T22:01:11.844] [INFO] system - ブラウザ起動後準備完了
[2021-05-29T22:01:14.928] [INFO] system - ログインページに移動完了
[2021-05-29T22:01:14.948] [INFO] system - 混線なし
[2021-05-29T22:01:20.063] [INFO] system - ログイン完了
[2021-05-29T22:01:20.079] [INFO] system - 混線なし
[2021-05-29T22:01:20.105] [INFO] system - 「1部前売チケット整理番号券」の存在を確認(.table #ticket-422892)
[2021-05-29T22:01:20.107] [INFO] system - 2021-05-29 22:00にすでに到達
[2021-05-29T22:01:20.116] [INFO] system - 購入処理想定時間到達
[2021-05-29T22:01:20.117] [INFO] system - <成績時間カウント開始>
[2021-05-29T22:01:20.118] [INFO] system - 購入可能状態確認start(1回目)
[2021-05-29T22:01:22.447] [INFO] system - 購入可能状態確認end
[2021-05-29T22:01:22.448] [INFO] system - 枚数選択start(1回目)
[2021-05-29T22:01:22.450] [INFO] system - 枚数選択時に明示的に0秒待機
[2021-05-29T22:01:22.452] [INFO] system - 1枚目選択開始
[2021-05-29T22:01:22.567] [INFO] system - 1枚目選択終了
[2021-05-29T22:01:26.897] [INFO] system - 枚数選択end
[2021-05-29T22:01:26.898] [INFO] system - 決済処理start(1回目)
[2021-05-29T22:01:26.899] [INFO] system - 購入処理確定開始(freeBuy:true)
[2021-05-29T22:01:26.900] [INFO] system - 購入処理開始(無料)
[2021-05-29T22:01:26.937] [INFO] system - 規約に同意クリック
[2021-05-29T22:01:30.720] [INFO] system - (検証用)成功1
[2021-05-29T22:01:30.729] [INFO] system - (検証用)成功2
[2021-05-29T22:01:30.736] [INFO] system - (検証用)成功3
[2021-05-29T22:01:30.752] [INFO] system - 決済処理end
[2021-05-29T22:01:30.754] [INFO] system - <現在時刻：Sat May 29 2021 22:01:30 GMT+0900／成績：10.636秒>
[2021-05-29T22:01:30.755] [INFO] system - <成績：10.637秒>
