[2021-08-22T23:07:34.461] [INFO] system - キック：{"isWindows":["Windows"],"---1---":"====== BasicSetting ======","mypageUrl":"https://t.livepocket.jp/my_top","autoLogin":false,"confUser":"chiaochiao.sonmi@gmail.com","confPass":"sero3202","testUser":"sugachan.tectec@gmail.com","testPass":"6yjAWLhCxVT2","targetUrl":"https://t.livepocket.jp/e/pannana0824/","targetName":"1部前売チケット整理番号券","targetNumber":"2","storeTypeId":"002","loginTime":"2021-08-22 23:15","startTime":"2021-08-22 23:30","isBrowse":true,"isTest":true,"isJamCheck":true,"isCredit":false,"isMailSend":false,"notCheckOnly":true,"isClose":false,"isMobile":false,"dareSec":0,"isConnect":true,"isLogger":true,"advSec":-240,"isOrigin":true,"isOriginCancel":false,"jamTryCnt":10,"---2---":"====== MailSetting(GmailOnly) ======","fromMail":"sugachan.tectec@gmail.com","fromMailPass":"sero3202","toMail":"","toSysMail":"trigger@applet.ifttt.com"}
[2021-08-22T23:07:34.470] [INFO] system - 【テスト】
[2021-08-22T23:07:34.476] [INFO] system - 2021-08-22 23:15:00までログイン処理待機中...
[2021-08-22T23:07:44.926] [INFO] system - キック：{"isWindows":["Windows"],"---1---":"====== BasicSetting ======","mypageUrl":"https://t.livepocket.jp/my_top","autoLogin":false,"confUser":"chiaochiao.sonmi@gmail.com","confPass":"sero3202","testUser":"sugachan.tectec@gmail.com","testPass":"6yjAWLhCxVT2","targetUrl":"https://t.livepocket.jp/e/pannana0824/","targetName":"1部前売チケット整理番号券","targetNumber":"2","storeTypeId":"002","loginTime":"2021-08-22 23:15","startTime":"2021-08-22 23:30","isBrowse":true,"isTest":false,"isJamCheck":true,"isCredit":false,"isMailSend":false,"notCheckOnly":true,"isClose":false,"isMobile":false,"dareSec":0,"isConnect":true,"isLogger":true,"advSec":-240,"isOrigin":true,"isOriginCancel":false,"jamTryCnt":10,"---2---":"====== MailSetting(GmailOnly) ======","fromMail":"sugachan.tectec@gmail.com","fromMailPass":"sero3202","toMail":"","toSysMail":"trigger@applet.ifttt.com"}
[2021-08-22T23:07:44.936] [INFO] system - 【本番】
[2021-08-22T23:07:44.941] [INFO] system - 2021-08-22 23:15:00までログイン処理待機中...
[2021-08-22T23:15:00.011] [INFO] system - ログイン処理想定時間到達
[2021-08-22T23:15:00.676] [INFO] system - ブラウザ起動後準備完了
[2021-08-22T23:15:02.226] [INFO] system - ログインページに移動完了
[2021-08-22T23:15:04.034] [INFO] system - ログイン完了
[2021-08-22T23:15:04.055] [INFO] system - 混線なし
[2021-08-22T23:15:04.069] [INFO] system - 「1部前売チケット整理番号券」の存在を確認(.table #ticket-481668)
[2021-08-22T23:15:07.044] [INFO] system - .table #ticket-481668ロック外し開始
[2021-08-22T23:15:07.052] [INFO] system - 1セット選択終了
[2021-08-22T23:15:07.054] [INFO] system - 2021-08-22 23:29:29までページバック待機中...
[2021-08-22T23:29:29.766] [INFO] system - 前ページへ移動
[2021-08-22T23:29:31.654] [INFO] system - 2021-08-22 23:29:59まで購入処理待機中...
[2021-08-22T23:29:59.768] [INFO] system - 購入処理想定時間到達
[2021-08-22T23:29:59.770] [INFO] system - <成績時間カウント開始>
[2021-08-22T23:29:59.770] [INFO] system - 購入可能状態確認start(1回目)
[2021-08-22T23:29:59.771] [INFO] system - 次ページへ移動
[2021-08-22T23:30:01.143] [INFO] system - 購入可能状態確認end
[2021-08-22T23:30:01.144] [INFO] system - 枚数選択start(1回目)
[2021-08-22T23:30:01.145] [INFO] system - 購入クリック処理1回目
[2021-08-22T23:30:01.159] [INFO] system - 購入クリック処理2回目
[2021-08-22T23:30:03.573] [ERROR] system - Error: Execution context was destroyed, most likely because of a navigation.
    at rewriteError (C:\source\yt-scraping\node_modules\puppeteer\lib\cjs\puppeteer\common\ExecutionContext.js:261:23)
    at runMicrotasks (<anonymous>)
    at processTicksAndRejections (internal/process/task_queues.js:93:5)
    at async ExecutionContext._evaluateInternal (C:\source\yt-scraping\node_modules\puppeteer\lib\cjs\puppeteer\common\ExecutionContext.js:215:61)
    at async ExecutionContext.evaluate (C:\source\yt-scraping\node_modules\puppeteer\lib\cjs\puppeteer\common\ExecutionContext.js:106:16)
    at async targetPageBuySelect (C:\source\yt-scraping\func-lpkick\lpkick.js:876:11)
    at async newBrowser (C:\source\yt-scraping\func-lpkick\lpkick.js:493:11)
    at async C:\source\yt-scraping\func-lpkick\lpkick.js:110:5
[2021-08-22T23:30:03.986] [INFO] system - 枚数選択end(1回目)
[2021-08-22T23:30:03.997] [INFO] system - 決済処理ページ遷移済
[2021-08-22T23:30:03.998] [INFO] system - 決済処理start(1回目)
[2021-08-22T23:30:03.998] [INFO] system - 購入処理確定開始(freeBuy:true)
[2021-08-22T23:30:03.999] [INFO] system - 購入処理開始(無料)
[2021-08-22T23:30:04.010] [INFO] system - 規約に同意クリック
[2021-08-22T23:30:14.862] [INFO] system - (検証用)成功1
[2021-08-22T23:30:14.872] [INFO] system - (検証用)成功2
[2021-08-22T23:30:14.877] [INFO] system - (検証用)成功3
[2021-08-22T23:30:14.878] [INFO] system - 決済処理end
[2021-08-22T23:30:14.880] [INFO] system - <現在時刻：Sun Aug 22 2021 23:30:14 GMT+0900／成績：15.109秒>
[2021-08-22T23:30:14.882] [INFO] system - <成績：15.112秒>
