[2021-07-19T11:31:19.241] [INFO] system - キック：{"isWindows":["Windows"],"---1---":"====== BasicSetting ======","mypageUrl":"https://t.livepocket.jp/my_top","autoLogin":false,"confUser":"chiaochiao.sonmi@gmail.com","confPass":"sero3202","targetUrl":"https://t.livepocket.jp/e/5mxcg/","targetName":"有償チケット,無償チケット","targetNumber":"1,1","storeTypeId":"002","loginTime":"2021-07-19 11:30","startTime":"2021-07-19 11:45","isBrowse":true,"isTest":true,"isJamCheck":true,"isCredit":false,"isMailSend":false,"notCheckOnly":true,"isClose":false,"isMobile":true,"dareSec":0,"isConnect":true,"isLogger":true,"advSec":-170,"isOrigin":true,"---2---":"====== MailSetting(GmailOnly) ======","fromMail":"sugachan.tectec@gmail.com","fromMailPass":"sero3202","toMail":"","toSysMail":"trigger@applet.ifttt.com"}
[2021-07-19T11:31:19.243] [INFO] system - 【テスト】
[2021-07-19T11:31:19.246] [INFO] system - 2021-07-19 11:30:00にすでに到達
[2021-07-19T11:31:19.256] [INFO] system - ログイン処理想定時間到達
[2021-07-19T11:31:19.954] [INFO] system - ブラウザ起動後準備完了
[2021-07-19T11:31:21.265] [INFO] system - ログインページに移動完了
[2021-07-19T11:31:21.277] [INFO] system - 混線なし
[2021-07-19T11:31:23.632] [INFO] system - ログイン完了
[2021-07-19T11:31:23.646] [INFO] system - 混線なし
[2021-07-19T11:31:23.672] [INFO] system - 「有償チケット,無償チケット」の存在を確認(.table #ticket-419417,.table #ticket-419418)
[2021-07-19T11:31:23.674] [INFO] system - 2021-07-19 11:44:59まで購入処理待機中...
[2021-07-19T11:31:54.966] [INFO] system - キック：{"isWindows":["Windows"],"---1---":"====== BasicSetting ======","mypageUrl":"https://t.livepocket.jp/my_top","autoLogin":false,"confUser":"chiaochiao.sonmi@gmail.com","confPass":"sero3202","targetUrl":"https://t.livepocket.jp/e/5mxcg/","targetName":"有償チケット,無償チケット","targetNumber":"1,1","storeTypeId":"002","loginTime":"2021-07-19 11:30","startTime":"2021-07-19 11:45","isBrowse":true,"isTest":true,"isJamCheck":true,"isCredit":false,"isMailSend":false,"notCheckOnly":true,"isClose":false,"isMobile":true,"dareSec":0,"isConnect":true,"isLogger":true,"advSec":-170,"isOrigin":true,"---2---":"====== MailSetting(GmailOnly) ======","fromMail":"sugachan.tectec@gmail.com","fromMailPass":"sero3202","toMail":"","toSysMail":"trigger@applet.ifttt.com"}
[2021-07-19T11:31:54.969] [INFO] system - 【テスト】
[2021-07-19T11:31:54.983] [INFO] system - 2021-07-19 11:30:00にすでに到達
[2021-07-19T11:31:54.985] [INFO] system - ログイン処理想定時間到達
[2021-07-19T11:31:55.662] [INFO] system - ブラウザ起動後準備完了
[2021-07-19T11:31:57.846] [INFO] system - ログインページに移動完了
[2021-07-19T11:31:57.860] [INFO] system - 混線なし
[2021-07-19T11:32:00.146] [INFO] system - ログイン完了
[2021-07-19T11:32:00.159] [INFO] system - 混線なし
[2021-07-19T11:32:00.179] [INFO] system - 「有償チケット,無償チケット」の存在を確認(.table #ticket-419417,.table #ticket-419418)
[2021-07-19T11:32:00.186] [INFO] system - 2021-07-19 11:44:59まで購入処理待機中...
[2021-07-19T11:33:10.629] [INFO] system - キック：{"isWindows":["Windows"],"---1---":"====== BasicSetting ======","mypageUrl":"https://t.livepocket.jp/my_top","autoLogin":false,"confUser":"chiaochiao.sonmi@gmail.com","confPass":"sero3202","targetUrl":"https://t.livepocket.jp/e/5mxcg/","targetName":"有償チケット,無償チケット","targetNumber":"1,1","storeTypeId":"002","loginTime":"2021-07-19 11:30","startTime":"2021-07-19 11:45","isBrowse":true,"isTest":true,"isJamCheck":true,"isCredit":false,"isMailSend":false,"notCheckOnly":true,"isClose":false,"isMobile":true,"dareSec":0,"isConnect":true,"isLogger":true,"advSec":-170,"isOrigin":true,"---2---":"====== MailSetting(GmailOnly) ======","fromMail":"sugachan.tectec@gmail.com","fromMailPass":"sero3202","toMail":"","toSysMail":"trigger@applet.ifttt.com"}
[2021-07-19T11:33:10.630] [INFO] system - 【テスト】
[2021-07-19T11:33:10.634] [INFO] system - 2021-07-19 11:30:00にすでに到達
[2021-07-19T11:33:10.642] [INFO] system - ログイン処理想定時間到達
[2021-07-19T11:33:11.324] [INFO] system - ブラウザ起動後準備完了
[2021-07-19T11:33:11.336] [ERROR] system - Error: net::ERR_FAILED at https://www.google.co.jp/
    at navigate (C:\source\yt-scraping\node_modules\puppeteer\lib\cjs\puppeteer\common\FrameManager.js:115:23)
    at processTicksAndRejections (internal/process/task_queues.js:93:5)
    at async FrameManager.navigateFrame (C:\source\yt-scraping\node_modules\puppeteer\lib\cjs\puppeteer\common\FrameManager.js:90:21)
    at async Frame.goto (C:\source\yt-scraping\node_modules\puppeteer\lib\cjs\puppeteer\common\FrameManager.js:417:16)
    at async Page.goto (C:\source\yt-scraping\node_modules\puppeteer\lib\cjs\puppeteer\common\Page.js:784:16)
    at async newBrowser (C:\source\yt-scraping\func-lpkick\lpkick.js:299:7)
    at async C:\source\yt-scraping\func-lpkick\lpkick.js:107:5
[2021-07-19T11:33:11.346] [ERROR] system - ReferenceError: page is not defined
    at newBrowser (C:\source\yt-scraping\func-lpkick\lpkick.js:501:5)
    at processTicksAndRejections (internal/process/task_queues.js:93:5)
    at async C:\source\yt-scraping\func-lpkick\lpkick.js:107:5
[2021-07-19T11:33:40.749] [INFO] system - キック：{"isWindows":["Windows"],"---1---":"====== BasicSetting ======","mypageUrl":"https://t.livepocket.jp/my_top","autoLogin":false,"confUser":"chiaochiao.sonmi@gmail.com","confPass":"sero3202","targetUrl":"https://t.livepocket.jp/e/5mxcg/","targetName":"有償チケット,無償チケット","targetNumber":"1,1","storeTypeId":"002","loginTime":"2021-07-19 11:30","startTime":"2021-07-19 11:45","isBrowse":true,"isTest":true,"isJamCheck":true,"isCredit":false,"isMailSend":false,"notCheckOnly":true,"isClose":false,"isMobile":true,"dareSec":0,"isConnect":true,"isLogger":true,"advSec":-170,"isOrigin":true,"---2---":"====== MailSetting(GmailOnly) ======","fromMail":"sugachan.tectec@gmail.com","fromMailPass":"sero3202","toMail":"","toSysMail":"trigger@applet.ifttt.com"}
[2021-07-19T11:33:40.751] [INFO] system - 【テスト】
[2021-07-19T11:33:40.765] [INFO] system - 2021-07-19 11:30:00にすでに到達
[2021-07-19T11:33:40.770] [INFO] system - ログイン処理想定時間到達
[2021-07-19T11:33:41.474] [INFO] system - ブラウザ起動後準備完了
[2021-07-19T11:33:41.488] [ERROR] system - Error: net::ERR_FAILED at https://www.google.com/
    at navigate (C:\source\yt-scraping\node_modules\puppeteer\lib\cjs\puppeteer\common\FrameManager.js:115:23)
    at processTicksAndRejections (internal/process/task_queues.js:93:5)
    at async FrameManager.navigateFrame (C:\source\yt-scraping\node_modules\puppeteer\lib\cjs\puppeteer\common\FrameManager.js:90:21)
    at async Frame.goto (C:\source\yt-scraping\node_modules\puppeteer\lib\cjs\puppeteer\common\FrameManager.js:417:16)
    at async Page.goto (C:\source\yt-scraping\node_modules\puppeteer\lib\cjs\puppeteer\common\Page.js:784:16)
    at async newBrowser (C:\source\yt-scraping\func-lpkick\lpkick.js:299:7)
    at async C:\source\yt-scraping\func-lpkick\lpkick.js:107:5
[2021-07-19T11:33:41.503] [ERROR] system - ReferenceError: page is not defined
    at newBrowser (C:\source\yt-scraping\func-lpkick\lpkick.js:501:5)
    at processTicksAndRejections (internal/process/task_queues.js:93:5)
    at async C:\source\yt-scraping\func-lpkick\lpkick.js:107:5
[2021-07-19T11:33:53.488] [INFO] system - キック：{"isWindows":["Windows"],"---1---":"====== BasicSetting ======","mypageUrl":"https://t.livepocket.jp/my_top","autoLogin":false,"confUser":"chiaochiao.sonmi@gmail.com","confPass":"sero3202","targetUrl":"https://t.livepocket.jp/e/5mxcg/","targetName":"有償チケット,無償チケット","targetNumber":"1,1","storeTypeId":"002","loginTime":"2021-07-19 11:30","startTime":"2021-07-19 11:45","isBrowse":true,"isTest":true,"isJamCheck":true,"isCredit":false,"isMailSend":false,"notCheckOnly":true,"isClose":false,"isMobile":true,"dareSec":0,"isConnect":true,"isLogger":true,"advSec":-170,"isOrigin":true,"---2---":"====== MailSetting(GmailOnly) ======","fromMail":"sugachan.tectec@gmail.com","fromMailPass":"sero3202","toMail":"","toSysMail":"trigger@applet.ifttt.com"}
[2021-07-19T11:33:53.491] [INFO] system - 【テスト】
[2021-07-19T11:33:53.504] [INFO] system - 2021-07-19 11:30:00にすでに到達
[2021-07-19T11:33:53.506] [INFO] system - ログイン処理想定時間到達
[2021-07-19T11:33:54.165] [INFO] system - ブラウザ起動後準備完了
[2021-07-19T11:33:54.189] [ERROR] system - Error: net::ERR_FAILED at http://www.google.com/
    at navigate (C:\source\yt-scraping\node_modules\puppeteer\lib\cjs\puppeteer\common\FrameManager.js:115:23)
    at processTicksAndRejections (internal/process/task_queues.js:93:5)
    at async FrameManager.navigateFrame (C:\source\yt-scraping\node_modules\puppeteer\lib\cjs\puppeteer\common\FrameManager.js:90:21)
    at async Frame.goto (C:\source\yt-scraping\node_modules\puppeteer\lib\cjs\puppeteer\common\FrameManager.js:417:16)
    at async Page.goto (C:\source\yt-scraping\node_modules\puppeteer\lib\cjs\puppeteer\common\Page.js:784:16)
    at async newBrowser (C:\source\yt-scraping\func-lpkick\lpkick.js:299:7)
    at async C:\source\yt-scraping\func-lpkick\lpkick.js:107:5
[2021-07-19T11:33:54.192] [ERROR] system - ReferenceError: page is not defined
    at newBrowser (C:\source\yt-scraping\func-lpkick\lpkick.js:501:5)
    at processTicksAndRejections (internal/process/task_queues.js:93:5)
    at async C:\source\yt-scraping\func-lpkick\lpkick.js:107:5
[2021-07-19T11:34:23.592] [INFO] system - キック：{"isWindows":["Windows"],"---1---":"====== BasicSetting ======","mypageUrl":"https://t.livepocket.jp/my_top","autoLogin":false,"confUser":"chiaochiao.sonmi@gmail.com","confPass":"sero3202","targetUrl":"https://t.livepocket.jp/e/5mxcg/","targetName":"有償チケット,無償チケット","targetNumber":"1,1","storeTypeId":"002","loginTime":"2021-07-19 11:30","startTime":"2021-07-19 11:45","isBrowse":true,"isTest":true,"isJamCheck":true,"isCredit":false,"isMailSend":false,"notCheckOnly":true,"isClose":false,"isMobile":true,"dareSec":0,"isConnect":true,"isLogger":true,"advSec":-170,"isOrigin":true,"---2---":"====== MailSetting(GmailOnly) ======","fromMail":"sugachan.tectec@gmail.com","fromMailPass":"sero3202","toMail":"","toSysMail":"trigger@applet.ifttt.com"}
[2021-07-19T11:34:23.594] [INFO] system - 【テスト】
[2021-07-19T11:34:23.598] [INFO] system - 2021-07-19 11:30:00にすでに到達
[2021-07-19T11:34:23.607] [INFO] system - ログイン処理想定時間到達
[2021-07-19T11:34:24.283] [INFO] system - ブラウザ起動後準備完了
[2021-07-19T11:34:26.988] [INFO] system - ログインページに移動完了
[2021-07-19T11:34:27.003] [INFO] system - 混線なし
[2021-07-19T11:34:29.490] [INFO] system - ログイン完了
[2021-07-19T11:34:29.502] [INFO] system - 混線なし
[2021-07-19T11:34:29.517] [INFO] system - 「有償チケット,無償チケット」の存在を確認(.table #ticket-419417,.table #ticket-419418)
[2021-07-19T11:34:29.518] [INFO] system - 2021-07-19 11:44:59まで購入処理待機中...
[2021-07-19T11:35:53.965] [INFO] system - キック：{"isWindows":["Windows"],"---1---":"====== BasicSetting ======","mypageUrl":"https://t.livepocket.jp/my_top","autoLogin":false,"confUser":"chiaochiao.sonmi@gmail.com","confPass":"sero3202","targetUrl":"https://t.livepocket.jp/e/5mxcg/","targetName":"有償チケット,無償チケット","targetNumber":"1,1","storeTypeId":"002","loginTime":"2021-07-19 11:30","startTime":"2021-07-19 11:45","isBrowse":true,"isTest":true,"isJamCheck":true,"isCredit":false,"isMailSend":false,"notCheckOnly":true,"isClose":false,"isMobile":true,"dareSec":0,"isConnect":true,"isLogger":true,"advSec":-170,"isOrigin":true,"---2---":"====== MailSetting(GmailOnly) ======","fromMail":"sugachan.tectec@gmail.com","fromMailPass":"sero3202","toMail":"","toSysMail":"trigger@applet.ifttt.com"}
[2021-07-19T11:35:53.967] [INFO] system - 【テスト】
[2021-07-19T11:35:53.982] [INFO] system - 2021-07-19 11:30:00にすでに到達
[2021-07-19T11:35:53.985] [INFO] system - ログイン処理想定時間到達
[2021-07-19T11:35:54.657] [INFO] system - ブラウザ起動後準備完了
[2021-07-19T11:35:56.153] [INFO] system - ログインページに移動完了
[2021-07-19T11:35:56.164] [INFO] system - 混線なし
[2021-07-19T11:35:58.354] [INFO] system - ログイン完了
[2021-07-19T11:35:58.368] [INFO] system - 混線なし
[2021-07-19T11:35:58.389] [INFO] system - 「有償チケット,無償チケット」の存在を確認(.table #ticket-419417,.table #ticket-419418)
[2021-07-19T11:35:59.585] [INFO] system - 2021-07-19 11:44:59まで購入処理待機中...
[2021-07-19T11:39:25.633] [INFO] system - キック：{"isWindows":["Windows"],"---1---":"====== BasicSetting ======","mypageUrl":"https://t.livepocket.jp/my_top","autoLogin":false,"confUser":"chiaochiao.sonmi@gmail.com","confPass":"sero3202","targetUrl":"https://t.livepocket.jp/e/5mxcg/","targetName":"有償チケット,無償チケット","targetNumber":"1,1","storeTypeId":"002","loginTime":"2021-07-19 11:30","startTime":"2021-07-19 11:40","isBrowse":true,"isTest":true,"isJamCheck":true,"isCredit":false,"isMailSend":false,"notCheckOnly":true,"isClose":false,"isMobile":true,"dareSec":0,"isConnect":true,"isLogger":true,"advSec":-170,"isOrigin":true,"---2---":"====== MailSetting(GmailOnly) ======","fromMail":"sugachan.tectec@gmail.com","fromMailPass":"sero3202","toMail":"","toSysMail":"trigger@applet.ifttt.com"}
[2021-07-19T11:39:25.635] [INFO] system - 【テスト】
[2021-07-19T11:39:25.648] [INFO] system - 2021-07-19 11:30:00にすでに到達
[2021-07-19T11:39:25.652] [INFO] system - ログイン処理想定時間到達
[2021-07-19T11:39:26.339] [INFO] system - ブラウザ起動後準備完了
[2021-07-19T11:39:27.608] [INFO] system - ログインページに移動完了
[2021-07-19T11:39:27.620] [INFO] system - 混線なし
[2021-07-19T11:39:29.975] [INFO] system - ログイン完了
[2021-07-19T11:39:29.989] [INFO] system - 混線なし
[2021-07-19T11:39:30.017] [INFO] system - 「有償チケット,無償チケット」の存在を確認(.table #ticket-419417,.table #ticket-419418)
[2021-07-19T11:39:31.187] [INFO] system - 2021-07-19 11:39:59まで購入処理待機中...
[2021-07-19T11:39:47.293] [INFO] system - キック：{"isWindows":["Windows"],"---1---":"====== BasicSetting ======","mypageUrl":"https://t.livepocket.jp/my_top","autoLogin":false,"confUser":"chiaochiao.sonmi@gmail.com","confPass":"sero3202","targetUrl":"https://t.livepocket.jp/e/5mxcg/","targetName":"有償チケット,無償チケット","targetNumber":"1,1","storeTypeId":"002","loginTime":"2021-07-19 11:30","startTime":"2021-07-19 11:41","isBrowse":true,"isTest":true,"isJamCheck":true,"isCredit":false,"isMailSend":false,"notCheckOnly":true,"isClose":false,"isMobile":true,"dareSec":0,"isConnect":true,"isLogger":true,"advSec":-170,"isOrigin":true,"---2---":"====== MailSetting(GmailOnly) ======","fromMail":"sugachan.tectec@gmail.com","fromMailPass":"sero3202","toMail":"","toSysMail":"trigger@applet.ifttt.com"}
[2021-07-19T11:39:47.295] [INFO] system - 【テスト】
[2021-07-19T11:39:47.299] [INFO] system - 2021-07-19 11:30:00にすでに到達
[2021-07-19T11:39:47.307] [INFO] system - ログイン処理想定時間到達
[2021-07-19T11:39:47.991] [INFO] system - ブラウザ起動後準備完了
[2021-07-19T11:39:49.504] [INFO] system - ログインページに移動完了
[2021-07-19T11:39:49.514] [INFO] system - 混線なし
[2021-07-19T11:39:51.687] [INFO] system - ログイン完了
[2021-07-19T11:39:51.699] [INFO] system - 混線なし
[2021-07-19T11:39:51.717] [INFO] system - 「有償チケット,無償チケット」の存在を確認(.table #ticket-419417,.table #ticket-419418)
[2021-07-19T11:40:31.477] [INFO] system - 2021-07-19 11:40:59まで購入処理待機中...
[2021-07-19T11:40:59.854] [INFO] system - 購入処理想定時間到達
[2021-07-19T11:40:59.855] [INFO] system - <成績時間カウント開始>
[2021-07-19T11:40:59.857] [INFO] system - 購入可能状態確認start(1回目)
[2021-07-19T11:41:01.468] [INFO] system - 購入可能状態確認end
[2021-07-19T11:41:01.469] [INFO] system - 枚数選択start(1回目)
[2021-07-19T11:41:12.645] [ERROR] system - Error: Navigation failed because browser has disconnected!
    at C:\source\yt-scraping\node_modules\puppeteer\lib\cjs\puppeteer\common\LifecycleWatcher.js:51:147
    at C:\source\yt-scraping\node_modules\puppeteer\lib\cjs\vendor\mitt\src\index.js:51:62
    at Array.map (<anonymous>)
    at Object.emit (C:\source\yt-scraping\node_modules\puppeteer\lib\cjs\vendor\mitt\src\index.js:51:43)
    at CDPSession.emit (C:\source\yt-scraping\node_modules\puppeteer\lib\cjs\puppeteer\common\EventEmitter.js:72:22)
    at CDPSession._onClosed (C:\source\yt-scraping\node_modules\puppeteer\lib\cjs\puppeteer\common\Connection.js:247:14)
    at Connection._onMessage (C:\source\yt-scraping\node_modules\puppeteer\lib\cjs\puppeteer\common\Connection.js:94:25)
    at WebSocket.<anonymous> (C:\source\yt-scraping\node_modules\puppeteer\lib\cjs\puppeteer\node\NodeWebSocketTransport.js:13:32)
    at WebSocket.onMessage (C:\source\yt-scraping\node_modules\ws\lib\event-target.js:132:16)
    at WebSocket.emit (events.js:315:20)
[2021-07-19T11:41:12.661] [ERROR] system - Error: Protocol error (Target.activateTarget): Session closed. Most likely the page has been closed.
    at CDPSession.send (C:\source\yt-scraping\node_modules\puppeteer\lib\cjs\puppeteer\common\Connection.js:195:35)
    at Page._screenshotTask (C:\source\yt-scraping\node_modules\puppeteer\lib\cjs\puppeteer\common\Page.js:1084:28)
    at C:\source\yt-scraping\node_modules\puppeteer\lib\cjs\puppeteer\common\Page.js:1081:62
    at processTicksAndRejections (internal/process/task_queues.js:93:5)
[2021-07-19T11:41:12.663] [ERROR] system - ReferenceError: page is not defined
    at newBrowser (C:\source\yt-scraping\func-lpkick\lpkick.js:511:5)
    at processTicksAndRejections (internal/process/task_queues.js:93:5)
    at async C:\source\yt-scraping\func-lpkick\lpkick.js:107:5
[2021-07-19T11:45:25.246] [INFO] system - キック：{"isWindows":["Windows"],"---1---":"====== BasicSetting ======","mypageUrl":"https://t.livepocket.jp/my_top","autoLogin":false,"confUser":"chiaochiao.sonmi@gmail.com","confPass":"sero3202","targetUrl":"https://t.livepocket.jp/e/5mxcg/","targetName":"有償チケット,無償チケット","targetNumber":"1,1","storeTypeId":"002","loginTime":"2021-07-19 11:45","startTime":"2021-07-19 11:47","isBrowse":true,"isTest":true,"isJamCheck":true,"isCredit":false,"isMailSend":false,"notCheckOnly":true,"isClose":false,"isMobile":true,"dareSec":0,"isConnect":false,"isLogger":true,"advSec":-170,"isOrigin":true,"---2---":"====== MailSetting(GmailOnly) ======","fromMail":"sugachan.tectec@gmail.com","fromMailPass":"sero3202","toMail":"","toSysMail":"trigger@applet.ifttt.com"}
[2021-07-19T11:45:25.248] [INFO] system - 【テスト】
[2021-07-19T11:45:25.252] [INFO] system - 2021-07-19 11:45:00にすでに到達
[2021-07-19T11:45:25.260] [INFO] system - ログイン処理想定時間到達
[2021-07-19T11:45:27.629] [INFO] system - ブラウザ起動後準備完了
[2021-07-19T11:45:31.689] [INFO] system - ログインページに移動完了
[2021-07-19T11:45:31.706] [INFO] system - 混線なし
[2021-07-19T11:45:34.251] [INFO] system - ログイン完了
[2021-07-19T11:45:34.258] [INFO] system - 混線なし
[2021-07-19T11:45:34.278] [INFO] system - 「有償チケット,無償チケット」の存在を確認(.table #ticket-419417,.table #ticket-419418)
[2021-07-19T11:46:31.652] [INFO] system - 2021-07-19 11:46:59まで購入処理待機中...
[2021-07-19T11:46:59.842] [INFO] system - 購入処理想定時間到達
[2021-07-19T11:46:59.843] [INFO] system - <成績時間カウント開始>
[2021-07-19T11:46:59.847] [INFO] system - 購入可能状態確認start(1回目)
[2021-07-19T11:47:01.496] [INFO] system - 購入可能状態確認end
[2021-07-19T11:47:01.497] [INFO] system - 枚数選択start(1回目)
[2021-07-19T11:47:25.953] [INFO] system - 枚数選択end(1回目)
[2021-07-19T11:47:26.147] [ERROR] system - Error: Execution context was destroyed, most likely because of a navigation.
    at rewriteError (C:\source\yt-scraping\node_modules\puppeteer\lib\cjs\puppeteer\common\ExecutionContext.js:261:23)
    at runMicrotasks (<anonymous>)
    at processTicksAndRejections (internal/process/task_queues.js:93:5)
    at async ExecutionContext._evaluateInternal (C:\source\yt-scraping\node_modules\puppeteer\lib\cjs\puppeteer\common\ExecutionContext.js:161:64)
    at async C:\source\yt-scraping\node_modules\puppeteer\lib\cjs\puppeteer\common\DOMWorld.js:102:30
    at async DOMWorld.$ (C:\source\yt-scraping\node_modules\puppeteer\lib\cjs\puppeteer\common\DOMWorld.js:94:26)
    at async newBrowser (C:\source\yt-scraping\func-lpkick\lpkick.js:403:35)
    at async C:\source\yt-scraping\func-lpkick\lpkick.js:107:5
[2021-07-19T11:47:26.150] [ERROR] system - ReferenceError: page is not defined
    at newBrowser (C:\source\yt-scraping\func-lpkick\lpkick.js:511:5)
    at runMicrotasks (<anonymous>)
    at processTicksAndRejections (internal/process/task_queues.js:93:5)
    at async C:\source\yt-scraping\func-lpkick\lpkick.js:107:5
[2021-07-19T11:47:49.914] [INFO] system - キック：{"isWindows":["Windows"],"---1---":"====== BasicSetting ======","mypageUrl":"https://t.livepocket.jp/my_top","autoLogin":false,"confUser":"chiaochiao.sonmi@gmail.com","confPass":"sero3202","targetUrl":"https://t.livepocket.jp/e/5mxcg/","targetName":"有償チケット,無償チケット","targetNumber":"1,1","storeTypeId":"002","loginTime":"2021-07-19 11:47","startTime":"2021-07-19 11:48","isBrowse":true,"isTest":true,"isJamCheck":true,"isCredit":false,"isMailSend":false,"notCheckOnly":true,"isClose":false,"isMobile":true,"dareSec":0,"isConnect":false,"isLogger":true,"advSec":-170,"isOrigin":true,"---2---":"====== MailSetting(GmailOnly) ======","fromMail":"sugachan.tectec@gmail.com","fromMailPass":"sero3202","toMail":"","toSysMail":"trigger@applet.ifttt.com"}
[2021-07-19T11:47:49.916] [INFO] system - 【テスト】
[2021-07-19T11:47:49.930] [INFO] system - 2021-07-19 11:47:00にすでに到達
[2021-07-19T11:47:49.933] [INFO] system - ログイン処理想定時間到達
[2021-07-19T11:47:50.555] [INFO] system - ブラウザ起動後準備完了
[2021-07-19T11:47:54.650] [INFO] system - ログインページに移動完了
[2021-07-19T11:47:54.670] [INFO] system - 混線なし
[2021-07-19T11:47:56.917] [INFO] system - ログイン完了
[2021-07-19T11:47:56.928] [INFO] system - 混線なし
[2021-07-19T11:47:56.958] [INFO] system - 「有償チケット,無償チケット」の存在を確認(.table #ticket-419417,.table #ticket-419418)
[2021-07-19T11:47:58.479] [INFO] system - 2021-07-19 11:47:59まで購入処理待機中...
[2021-07-19T11:47:59.835] [INFO] system - 購入処理想定時間到達
[2021-07-19T11:47:59.836] [INFO] system - <成績時間カウント開始>
[2021-07-19T11:47:59.838] [INFO] system - 購入可能状態確認start(1回目)
[2021-07-19T11:47:59.839] [ERROR] system - Error: Protocol error (Page.navigate): Session closed. Most likely the page has been closed.
    at CDPSession.send (C:\source\yt-scraping\node_modules\puppeteer\lib\cjs\puppeteer\common\Connection.js:195:35)
    at navigate (C:\source\yt-scraping\node_modules\puppeteer\lib\cjs\puppeteer\common\FrameManager.js:108:47)
    at FrameManager.navigateFrame (C:\source\yt-scraping\node_modules\puppeteer\lib\cjs\puppeteer\common\FrameManager.js:91:13)
    at Frame.goto (C:\source\yt-scraping\node_modules\puppeteer\lib\cjs\puppeteer\common\FrameManager.js:417:41)
    at Page.goto (C:\source\yt-scraping\node_modules\puppeteer\lib\cjs\puppeteer\common\Page.js:784:53)
    at newBrowser (C:\source\yt-scraping\func-lpkick\lpkick.js:373:20)
    at async C:\source\yt-scraping\func-lpkick\lpkick.js:107:5
[2021-07-19T11:47:59.844] [ERROR] system - ReferenceError: page is not defined
    at newBrowser (C:\source\yt-scraping\func-lpkick\lpkick.js:511:5)
    at async C:\source\yt-scraping\func-lpkick\lpkick.js:107:5
[2021-07-19T11:48:07.857] [INFO] system - キック：{"isWindows":["Windows"],"---1---":"====== BasicSetting ======","mypageUrl":"https://t.livepocket.jp/my_top","autoLogin":false,"confUser":"chiaochiao.sonmi@gmail.com","confPass":"sero3202","targetUrl":"https://t.livepocket.jp/e/5mxcg/","targetName":"有償チケット,無償チケット","targetNumber":"1,1","storeTypeId":"002","loginTime":"2021-07-19 11:48","startTime":"2021-07-19 11:50","isBrowse":true,"isTest":true,"isJamCheck":true,"isCredit":false,"isMailSend":false,"notCheckOnly":true,"isClose":false,"isMobile":true,"dareSec":0,"isConnect":false,"isLogger":true,"advSec":-170,"isOrigin":true,"---2---":"====== MailSetting(GmailOnly) ======","fromMail":"sugachan.tectec@gmail.com","fromMailPass":"sero3202","toMail":"","toSysMail":"trigger@applet.ifttt.com"}
[2021-07-19T11:48:07.860] [INFO] system - 【テスト】
[2021-07-19T11:48:07.874] [INFO] system - 2021-07-19 11:48:00にすでに到達
[2021-07-19T11:48:07.876] [INFO] system - ログイン処理想定時間到達
[2021-07-19T11:48:08.470] [INFO] system - ブラウザ起動後準備完了
[2021-07-19T11:48:12.598] [INFO] system - ログインページに移動完了
[2021-07-19T11:48:12.611] [INFO] system - 混線なし
[2021-07-19T11:48:15.223] [INFO] system - ログイン完了
[2021-07-19T11:48:15.235] [INFO] system - 混線なし
[2021-07-19T11:48:15.251] [INFO] system - 「有償チケット,無償チケット」の存在を確認(.table #ticket-419417,.table #ticket-419418)
[2021-07-19T11:49:31.976] [INFO] system - 2021-07-19 11:49:59まで購入処理待機中...
[2021-07-19T11:49:59.844] [INFO] system - 購入処理想定時間到達
[2021-07-19T11:49:59.845] [INFO] system - <成績時間カウント開始>
[2021-07-19T11:49:59.846] [INFO] system - 購入可能状態確認start(1回目)
[2021-07-19T11:50:01.283] [INFO] system - 購入可能状態確認end
[2021-07-19T11:50:01.284] [INFO] system - 枚数選択start(1回目)
[2021-07-19T11:53:12.239] [INFO] system - キック：{"isWindows":["Windows"],"---1---":"====== BasicSetting ======","mypageUrl":"https://t.livepocket.jp/my_top","autoLogin":false,"confUser":"chiaochiao.sonmi@gmail.com","confPass":"sero3202","targetUrl":"https://t.livepocket.jp/e/5mxcg/","targetName":"有償チケット,無償チケット","targetNumber":"1,1","storeTypeId":"002","loginTime":"2021-07-19 11:53","startTime":"2021-07-19 11:55","isBrowse":true,"isTest":true,"isJamCheck":true,"isCredit":false,"isMailSend":false,"notCheckOnly":true,"isClose":false,"isMobile":true,"dareSec":0,"isConnect":false,"isLogger":true,"advSec":-170,"isOrigin":true,"---2---":"====== MailSetting(GmailOnly) ======","fromMail":"sugachan.tectec@gmail.com","fromMailPass":"sero3202","toMail":"","toSysMail":"trigger@applet.ifttt.com"}
[2021-07-19T11:53:12.241] [INFO] system - 【テスト】
[2021-07-19T11:53:12.254] [INFO] system - 2021-07-19 11:53:00にすでに到達
[2021-07-19T11:53:12.257] [INFO] system - ログイン処理想定時間到達
[2021-07-19T11:53:13.123] [INFO] system - ブラウザ起動後準備完了
[2021-07-19T11:53:17.138] [INFO] system - ログインページに移動完了
[2021-07-19T11:54:05.142] [INFO] system - キック：{"isWindows":["Windows"],"---1---":"====== BasicSetting ======","mypageUrl":"https://t.livepocket.jp/my_top","autoLogin":false,"confUser":"chiaochiao.sonmi@gmail.com","confPass":"sero3202","targetUrl":"https://t.livepocket.jp/e/5mxcg/","targetName":"有償チケット,無償チケット","targetNumber":"1,1","storeTypeId":"002","loginTime":"2021-07-19 11:53","startTime":"2021-07-19 11:56","isBrowse":true,"isTest":true,"isJamCheck":true,"isCredit":false,"isMailSend":false,"notCheckOnly":true,"isClose":false,"isMobile":true,"dareSec":0,"isConnect":false,"isLogger":true,"advSec":-170,"isOrigin":true,"---2---":"====== MailSetting(GmailOnly) ======","fromMail":"sugachan.tectec@gmail.com","fromMailPass":"sero3202","toMail":"","toSysMail":"trigger@applet.ifttt.com"}
[2021-07-19T11:54:05.289] [INFO] system - 【テスト】
[2021-07-19T11:54:05.296] [INFO] system - 2021-07-19 11:53:00にすでに到達
[2021-07-19T11:54:05.307] [INFO] system - ログイン処理想定時間到達
[2021-07-19T11:54:06.166] [INFO] system - ブラウザ起動後準備完了
[2021-07-19T11:54:10.258] [INFO] system - ログインページに移動完了
[2021-07-19T11:56:12.553] [ERROR] system - Error: Protocol error (Runtime.callFunctionOn): Target closed.
    at C:\source\yt-scraping\node_modules\puppeteer\lib\cjs\puppeteer\common\Connection.js:208:63
    at new Promise (<anonymous>)
    at CDPSession.send (C:\source\yt-scraping\node_modules\puppeteer\lib\cjs\puppeteer\common\Connection.js:207:16)
    at ExecutionContext._evaluateInternal (C:\source\yt-scraping\node_modules\puppeteer\lib\cjs\puppeteer\common\ExecutionContext.js:200:50)
    at ExecutionContext.evaluateHandle (C:\source\yt-scraping\node_modules\puppeteer\lib\cjs\puppeteer\common\ExecutionContext.js:151:21)
    at WaitTask.rerun (C:\source\yt-scraping\node_modules\puppeteer\lib\cjs\puppeteer\common\DOMWorld.js:498:71)
    at processTicksAndRejections (internal/process/task_queues.js:93:5)
[2021-07-19T11:56:12.556] [ERROR] system - ReferenceError: page is not defined
    at newBrowser (C:\source\yt-scraping\func-lpkick\lpkick.js:509:5)
    at processTicksAndRejections (internal/process/task_queues.js:93:5)
    at async C:\source\yt-scraping\func-lpkick\lpkick.js:107:5
[2021-07-19T13:24:31.001] [INFO] system - キック：{"isWindows":["Windows"],"---1---":"====== BasicSetting ======","mypageUrl":"https://t.livepocket.jp/my_top","autoLogin":false,"confUser":"chiaochiao.sonmi@gmail.com","confPass":"sero3202","targetUrl":"https://t.livepocket.jp/e/5mxcg/","targetName":"有償チケット,無償チケット","targetNumber":"1,1","storeTypeId":"002","loginTime":"2021-07-19 13:24","startTime":"2021-07-19 13:26","isBrowse":true,"isTest":true,"isJamCheck":true,"isCredit":false,"isMailSend":false,"notCheckOnly":true,"isClose":false,"isMobile":true,"dareSec":0,"isConnect":false,"isLogger":true,"advSec":-170,"isOrigin":true,"---2---":"====== MailSetting(GmailOnly) ======","fromMail":"sugachan.tectec@gmail.com","fromMailPass":"sero3202","toMail":"","toSysMail":"trigger@applet.ifttt.com"}
[2021-07-19T13:24:31.003] [INFO] system - 【テスト】
[2021-07-19T13:24:31.008] [INFO] system - 2021-07-19 13:24:00にすでに到達
[2021-07-19T13:24:31.016] [INFO] system - ログイン処理想定時間到達
[2021-07-19T13:24:31.844] [INFO] system - ブラウザ起動後準備完了
[2021-07-19T13:24:35.919] [INFO] system - ログインページに移動完了
[2021-07-19T13:24:35.935] [INFO] system - 混線なし
[2021-07-19T13:24:38.362] [INFO] system - ログイン完了
[2021-07-19T13:24:38.375] [INFO] system - 混線なし
[2021-07-19T13:24:38.400] [INFO] system - 「有償チケット,無償チケット」の存在を確認(.table #ticket-419417,.table #ticket-419418)
[2021-07-19T13:25:31.334] [INFO] system - 2021-07-19 13:25:59まで購入処理待機中...
[2021-07-19T13:25:59.834] [INFO] system - 購入処理想定時間到達
[2021-07-19T13:25:59.835] [INFO] system - <成績時間カウント開始>
[2021-07-19T13:25:59.836] [INFO] system - 購入可能状態確認start(1回目)
[2021-07-19T13:25:59.853] [ERROR] system - 購入可能状態確認NG
[2021-07-19T13:25:59.854] [ERROR] system - Error
    at newBrowser (C:\source\yt-scraping\func-lpkick\lpkick.js:390:19)
    at processTicksAndRejections (internal/process/task_queues.js:93:5)
    at async C:\source\yt-scraping\func-lpkick\lpkick.js:107:5
[2021-07-19T13:25:59.858] [ERROR] system - ReferenceError: page is not defined
    at newBrowser (C:\source\yt-scraping\func-lpkick\lpkick.js:509:5)
    at processTicksAndRejections (internal/process/task_queues.js:93:5)
    at async C:\source\yt-scraping\func-lpkick\lpkick.js:107:5
[2021-07-19T13:28:44.907] [INFO] system - キック：{"isWindows":["Windows"],"---1---":"====== BasicSetting ======","mypageUrl":"https://t.livepocket.jp/my_top","autoLogin":false,"confUser":"chiaochiao.sonmi@gmail.com","confPass":"sero3202","targetUrl":"https://t.livepocket.jp/e/5mxcg/","targetName":"有償チケット,無償チケット","targetNumber":"1,1","storeTypeId":"002","loginTime":"2021-07-19 13:28","startTime":"2021-07-19 13:30","isBrowse":true,"isTest":true,"isJamCheck":true,"isCredit":false,"isMailSend":false,"notCheckOnly":true,"isClose":false,"isMobile":true,"dareSec":0,"isConnect":false,"isLogger":true,"advSec":-170,"isOrigin":true,"---2---":"====== MailSetting(GmailOnly) ======","fromMail":"sugachan.tectec@gmail.com","fromMailPass":"sero3202","toMail":"","toSysMail":"trigger@applet.ifttt.com"}
[2021-07-19T13:28:44.909] [INFO] system - 【テスト】
[2021-07-19T13:28:44.923] [INFO] system - 2021-07-19 13:28:00にすでに到達
[2021-07-19T13:28:44.927] [INFO] system - ログイン処理想定時間到達
[2021-07-19T13:28:45.788] [INFO] system - ブラウザ起動後準備完了
[2021-07-19T13:28:49.783] [INFO] system - ログインページに移動完了
[2021-07-19T13:30:46.214] [ERROR] system - Error: Protocol error (Runtime.callFunctionOn): Target closed.
    at C:\source\yt-scraping\node_modules\puppeteer\lib\cjs\puppeteer\common\Connection.js:208:63
    at new Promise (<anonymous>)
    at CDPSession.send (C:\source\yt-scraping\node_modules\puppeteer\lib\cjs\puppeteer\common\Connection.js:207:16)
    at ExecutionContext._evaluateInternal (C:\source\yt-scraping\node_modules\puppeteer\lib\cjs\puppeteer\common\ExecutionContext.js:200:50)
    at ExecutionContext.evaluateHandle (C:\source\yt-scraping\node_modules\puppeteer\lib\cjs\puppeteer\common\ExecutionContext.js:151:21)
    at WaitTask.rerun (C:\source\yt-scraping\node_modules\puppeteer\lib\cjs\puppeteer\common\DOMWorld.js:498:71)
    at processTicksAndRejections (internal/process/task_queues.js:93:5)
[2021-07-19T13:30:46.218] [ERROR] system - ReferenceError: page is not defined
    at newBrowser (C:\source\yt-scraping\func-lpkick\lpkick.js:511:5)
    at processTicksAndRejections (internal/process/task_queues.js:93:5)
    at async C:\source\yt-scraping\func-lpkick\lpkick.js:107:5
[2021-07-19T13:30:58.133] [INFO] system - キック：{"isWindows":["Windows"],"---1---":"====== BasicSetting ======","mypageUrl":"https://t.livepocket.jp/my_top","autoLogin":false,"confUser":"chiaochiao.sonmi@gmail.com","confPass":"sero3202","targetUrl":"https://t.livepocket.jp/e/5mxcg/","targetName":"有償チケット,無償チケット","targetNumber":"1,1","storeTypeId":"002","loginTime":"2021-07-19 13:30","startTime":"2021-07-19 13:32","isBrowse":true,"isTest":true,"isJamCheck":true,"isCredit":false,"isMailSend":false,"notCheckOnly":true,"isClose":false,"isMobile":true,"dareSec":0,"isConnect":false,"isLogger":true,"advSec":-170,"isOrigin":true,"---2---":"====== MailSetting(GmailOnly) ======","fromMail":"sugachan.tectec@gmail.com","fromMailPass":"sero3202","toMail":"","toSysMail":"trigger@applet.ifttt.com"}
[2021-07-19T13:30:58.135] [INFO] system - 【テスト】
[2021-07-19T13:30:58.150] [INFO] system - 2021-07-19 13:30:00にすでに到達
[2021-07-19T13:30:58.152] [INFO] system - ログイン処理想定時間到達
[2021-07-19T13:30:58.782] [INFO] system - ブラウザ起動後準備完了
[2021-07-19T13:31:02.941] [INFO] system - ログインページに移動完了
[2021-07-19T13:31:02.957] [INFO] system - 混線なし
[2021-07-19T13:31:05.340] [INFO] system - ログイン完了
[2021-07-19T13:31:05.356] [INFO] system - 混線なし
[2021-07-19T13:31:05.396] [INFO] system - 「有償チケット,無償チケット」の存在を確認(.table #ticket-419417,.table #ticket-419418)
[2021-07-19T13:31:29.834] [INFO] system - 前ページへ移動
[2021-07-19T13:31:31.338] [INFO] system - 2021-07-19 13:31:59まで購入処理待機中...
[2021-07-19T13:31:59.851] [INFO] system - 購入処理想定時間到達
[2021-07-19T13:31:59.852] [INFO] system - <成績時間カウント開始>
[2021-07-19T13:31:59.854] [INFO] system - 購入可能状態確認start(1回目)
[2021-07-19T13:31:59.865] [INFO] system - 次ページへ移動
[2021-07-19T13:31:59.872] [ERROR] system - 購入可能状態確認NG
[2021-07-19T13:31:59.873] [ERROR] system - Error
    at newBrowser (C:\source\yt-scraping\func-lpkick\lpkick.js:392:19)
    at processTicksAndRejections (internal/process/task_queues.js:93:5)
    at async C:\source\yt-scraping\func-lpkick\lpkick.js:107:5
[2021-07-19T13:31:59.881] [ERROR] system - ReferenceError: page is not defined
    at newBrowser (C:\source\yt-scraping\func-lpkick\lpkick.js:511:5)
    at processTicksAndRejections (internal/process/task_queues.js:93:5)
    at async C:\source\yt-scraping\func-lpkick\lpkick.js:107:5
[2021-07-19T13:34:54.815] [INFO] system - キック：{"isWindows":["Windows"],"---1---":"====== BasicSetting ======","mypageUrl":"https://t.livepocket.jp/my_top","autoLogin":false,"confUser":"chiaochiao.sonmi@gmail.com","confPass":"sero3202","targetUrl":"https://t.livepocket.jp/e/5mxcg/","targetName":"有償チケット,無償チケット","targetNumber":"1,1","storeTypeId":"002","loginTime":"2021-07-19 13:34","startTime":"2021-07-19 13:36","isBrowse":true,"isTest":true,"isJamCheck":true,"isCredit":false,"isMailSend":false,"notCheckOnly":true,"isClose":false,"isMobile":true,"dareSec":0,"isConnect":false,"isLogger":true,"advSec":-170,"isOrigin":true,"---2---":"====== MailSetting(GmailOnly) ======","fromMail":"sugachan.tectec@gmail.com","fromMailPass":"sero3202","toMail":"","toSysMail":"trigger@applet.ifttt.com"}
[2021-07-19T13:34:54.818] [INFO] system - 【テスト】
[2021-07-19T13:34:54.834] [INFO] system - 2021-07-19 13:34:00にすでに到達
[2021-07-19T13:34:54.836] [INFO] system - ログイン処理想定時間到達
[2021-07-19T13:34:55.681] [INFO] system - ブラウザ起動後準備完了
[2021-07-19T13:34:59.589] [INFO] system - ログインページに移動完了
[2021-07-19T13:36:21.926] [ERROR] system - Error: Protocol error (Runtime.callFunctionOn): Target closed.
    at C:\source\yt-scraping\node_modules\puppeteer\lib\cjs\puppeteer\common\Connection.js:208:63
    at new Promise (<anonymous>)
    at CDPSession.send (C:\source\yt-scraping\node_modules\puppeteer\lib\cjs\puppeteer\common\Connection.js:207:16)
    at ExecutionContext._evaluateInternal (C:\source\yt-scraping\node_modules\puppeteer\lib\cjs\puppeteer\common\ExecutionContext.js:200:50)
    at ExecutionContext.evaluateHandle (C:\source\yt-scraping\node_modules\puppeteer\lib\cjs\puppeteer\common\ExecutionContext.js:151:21)
    at WaitTask.rerun (C:\source\yt-scraping\node_modules\puppeteer\lib\cjs\puppeteer\common\DOMWorld.js:498:71)
    at processTicksAndRejections (internal/process/task_queues.js:93:5)
[2021-07-19T13:36:21.929] [ERROR] system - ReferenceError: page is not defined
    at newBrowser (C:\source\yt-scraping\func-lpkick\lpkick.js:511:5)
    at processTicksAndRejections (internal/process/task_queues.js:93:5)
    at async C:\source\yt-scraping\func-lpkick\lpkick.js:107:5
[2021-07-19T13:36:28.867] [INFO] system - キック：{"isWindows":["Windows"],"---1---":"====== BasicSetting ======","mypageUrl":"https://t.livepocket.jp/my_top","autoLogin":false,"confUser":"chiaochiao.sonmi@gmail.com","confPass":"sero3202","targetUrl":"https://t.livepocket.jp/e/5mxcg/","targetName":"有償チケット,無償チケット","targetNumber":"1,1","storeTypeId":"002","loginTime":"2021-07-19 13:34","startTime":"2021-07-19 13:36","isBrowse":true,"isTest":true,"isJamCheck":true,"isCredit":false,"isMailSend":false,"notCheckOnly":true,"isClose":false,"isMobile":true,"dareSec":0,"isConnect":true,"isLogger":true,"advSec":-170,"isOrigin":true,"---2---":"====== MailSetting(GmailOnly) ======","fromMail":"sugachan.tectec@gmail.com","fromMailPass":"sero3202","toMail":"","toSysMail":"trigger@applet.ifttt.com"}
[2021-07-19T13:36:28.870] [INFO] system - 【テスト】
[2021-07-19T13:36:28.873] [INFO] system - 2021-07-19 13:34:00にすでに到達
[2021-07-19T13:36:28.881] [INFO] system - ログイン処理想定時間到達
[2021-07-19T13:36:36.503] [INFO] system - キック：{"isWindows":["Windows"],"---1---":"====== BasicSetting ======","mypageUrl":"https://t.livepocket.jp/my_top","autoLogin":false,"confUser":"chiaochiao.sonmi@gmail.com","confPass":"sero3202","targetUrl":"https://t.livepocket.jp/e/5mxcg/","targetName":"有償チケット,無償チケット","targetNumber":"1,1","storeTypeId":"002","loginTime":"2021-07-19 13:36","startTime":"2021-07-19 13:38","isBrowse":true,"isTest":true,"isJamCheck":true,"isCredit":false,"isMailSend":false,"notCheckOnly":true,"isClose":false,"isMobile":true,"dareSec":0,"isConnect":true,"isLogger":true,"advSec":-170,"isOrigin":true,"---2---":"====== MailSetting(GmailOnly) ======","fromMail":"sugachan.tectec@gmail.com","fromMailPass":"sero3202","toMail":"","toSysMail":"trigger@applet.ifttt.com"}
[2021-07-19T13:36:36.505] [INFO] system - 【テスト】
[2021-07-19T13:36:36.509] [INFO] system - 2021-07-19 13:36:00にすでに到達
[2021-07-19T13:36:36.517] [INFO] system - ログイン処理想定時間到達
[2021-07-19T13:36:37.187] [INFO] system - ブラウザ起動後準備完了
[2021-07-19T13:36:38.510] [INFO] system - ログインページに移動完了
[2021-07-19T13:36:38.521] [INFO] system - 混線なし
[2021-07-19T13:36:40.695] [INFO] system - ログイン完了
[2021-07-19T13:36:40.708] [INFO] system - 混線なし
[2021-07-19T13:36:40.733] [INFO] system - 「有償チケット,無償チケット」の存在を確認(.table #ticket-419417,.table #ticket-419418)
[2021-07-19T13:37:29.842] [INFO] system - 前ページへ移動
[2021-07-19T13:37:30.929] [INFO] system - 2021-07-19 13:37:59まで購入処理待機中...
[2021-07-19T13:40:02.484] [INFO] system - キック：{"isWindows":["Windows"],"---1---":"====== BasicSetting ======","mypageUrl":"https://t.livepocket.jp/my_top","autoLogin":false,"confUser":"chiaochiao.sonmi@gmail.com","confPass":"sero3202","targetUrl":"https://t.livepocket.jp/e/5mxcg/","targetName":"有償チケット,無償チケット","targetNumber":"1,1","storeTypeId":"002","loginTime":"2021-07-19 13:36","startTime":"2021-07-19 13:38","isBrowse":true,"isTest":true,"isJamCheck":true,"isCredit":false,"isMailSend":false,"notCheckOnly":true,"isClose":false,"isMobile":true,"dareSec":0,"isConnect":true,"isLogger":true,"advSec":-170,"isOrigin":true,"---2---":"====== MailSetting(GmailOnly) ======","fromMail":"sugachan.tectec@gmail.com","fromMailPass":"sero3202","toMail":"","toSysMail":"trigger@applet.ifttt.com"}
[2021-07-19T13:40:02.487] [INFO] system - 【テスト】
[2021-07-19T13:40:02.500] [INFO] system - 2021-07-19 13:36:00にすでに到達
[2021-07-19T13:40:02.503] [INFO] system - ログイン処理想定時間到達
[2021-07-19T13:40:03.186] [INFO] system - ブラウザ起動後準備完了
[2021-07-19T13:40:04.635] [INFO] system - ログインページに移動完了
[2021-07-19T13:40:04.646] [INFO] system - 混線なし
[2021-07-19T13:40:06.985] [INFO] system - ログイン完了
[2021-07-19T13:40:06.993] [ERROR] system - TypeError: page.goTo is not a function
    at newBrowser (C:\source\yt-scraping\func-lpkick\lpkick.js:314:18)
    at processTicksAndRejections (internal/process/task_queues.js:93:5)
    at async C:\source\yt-scraping\func-lpkick\lpkick.js:107:5
[2021-07-19T13:40:06.995] [ERROR] system - ReferenceError: page is not defined
    at newBrowser (C:\source\yt-scraping\func-lpkick\lpkick.js:519:5)
    at processTicksAndRejections (internal/process/task_queues.js:93:5)
    at async C:\source\yt-scraping\func-lpkick\lpkick.js:107:5
[2021-07-19T13:40:20.286] [INFO] system - キック：{"isWindows":["Windows"],"---1---":"====== BasicSetting ======","mypageUrl":"https://t.livepocket.jp/my_top","autoLogin":false,"confUser":"chiaochiao.sonmi@gmail.com","confPass":"sero3202","targetUrl":"https://t.livepocket.jp/e/5mxcg/","targetName":"有償チケット,無償チケット","targetNumber":"1,1","storeTypeId":"002","loginTime":"2021-07-19 13:40","startTime":"2021-07-19 13:42","isBrowse":true,"isTest":true,"isJamCheck":true,"isCredit":false,"isMailSend":false,"notCheckOnly":true,"isClose":false,"isMobile":true,"dareSec":0,"isConnect":true,"isLogger":true,"advSec":-170,"isOrigin":true,"---2---":"====== MailSetting(GmailOnly) ======","fromMail":"sugachan.tectec@gmail.com","fromMailPass":"sero3202","toMail":"","toSysMail":"trigger@applet.ifttt.com"}
[2021-07-19T13:40:20.411] [INFO] system - 【テスト】
[2021-07-19T13:40:20.414] [INFO] system - 2021-07-19 13:40:00にすでに到達
[2021-07-19T13:40:20.417] [INFO] system - ログイン処理想定時間到達
[2021-07-19T13:40:21.076] [INFO] system - ブラウザ起動後準備完了
[2021-07-19T13:40:22.290] [INFO] system - ログインページに移動完了
[2021-07-19T13:40:22.301] [INFO] system - 混線なし
[2021-07-19T13:40:24.641] [INFO] system - ログイン完了
[2021-07-19T13:40:24.643] [ERROR] system - TypeError: page.goTo is not a function
    at newBrowser (C:\source\yt-scraping\func-lpkick\lpkick.js:314:18)
    at processTicksAndRejections (internal/process/task_queues.js:93:5)
    at async C:\source\yt-scraping\func-lpkick\lpkick.js:107:5
[2021-07-19T13:40:24.656] [ERROR] system - ReferenceError: page is not defined
    at newBrowser (C:\source\yt-scraping\func-lpkick\lpkick.js:519:5)
    at processTicksAndRejections (internal/process/task_queues.js:93:5)
    at async C:\source\yt-scraping\func-lpkick\lpkick.js:107:5
[2021-07-19T13:40:51.502] [INFO] system - キック：{"isWindows":["Windows"],"---1---":"====== BasicSetting ======","mypageUrl":"https://t.livepocket.jp/my_top","autoLogin":false,"confUser":"chiaochiao.sonmi@gmail.com","confPass":"sero3202","targetUrl":"https://t.livepocket.jp/e/5mxcg/","targetName":"有償チケット,無償チケット","targetNumber":"1,1","storeTypeId":"002","loginTime":"2021-07-19 13:40","startTime":"2021-07-19 13:42","isBrowse":true,"isTest":true,"isJamCheck":true,"isCredit":false,"isMailSend":false,"notCheckOnly":true,"isClose":false,"isMobile":true,"dareSec":0,"isConnect":true,"isLogger":true,"advSec":-170,"isOrigin":true,"---2---":"====== MailSetting(GmailOnly) ======","fromMail":"sugachan.tectec@gmail.com","fromMailPass":"sero3202","toMail":"","toSysMail":"trigger@applet.ifttt.com"}
[2021-07-19T13:40:51.504] [INFO] system - 【テスト】
[2021-07-19T13:40:51.518] [INFO] system - 2021-07-19 13:40:00にすでに到達
[2021-07-19T13:40:51.524] [INFO] system - ログイン処理想定時間到達
[2021-07-19T13:40:52.209] [INFO] system - ブラウザ起動後準備完了
[2021-07-19T13:40:53.606] [INFO] system - ログインページに移動完了
[2021-07-19T13:40:53.616] [INFO] system - 混線なし
[2021-07-19T13:40:56.040] [INFO] system - ログイン完了
[2021-07-19T13:40:58.401] [INFO] system - 混線なし
[2021-07-19T13:40:58.415] [INFO] system - 「有償チケット,無償チケット」の存在を確認(.table #ticket-419417,.table #ticket-419418)
[2021-07-19T13:41:29.847] [INFO] system - 前ページへ移動
[2021-07-19T13:41:31.239] [INFO] system - 2021-07-19 13:41:59まで購入処理待機中...
[2021-07-19T13:41:59.846] [INFO] system - 購入処理想定時間到達
[2021-07-19T13:41:59.847] [INFO] system - <成績時間カウント開始>
[2021-07-19T13:41:59.849] [INFO] system - 購入可能状態確認start(1回目)
[2021-07-19T13:41:59.860] [INFO] system - 次ページへ移動
[2021-07-19T13:42:00.940] [INFO] system - 購入可能状態確認end
[2021-07-19T13:42:00.942] [INFO] system - 枚数選択start(1回目)
[2021-07-19T13:42:02.552] [INFO] system - 枚数選択end(1回目)
[2021-07-19T13:42:02.567] [INFO] system - 決済処理ページ遷移済
[2021-07-19T13:42:02.572] [INFO] system - 決済処理start(1回目)
[2021-07-19T13:42:02.573] [INFO] system - 購入処理確定開始(freeBuy:false)
[2021-07-19T13:42:02.574] [INFO] system - 購入処理開始(有料)
[2021-07-19T13:42:02.723] [INFO] system - 規約に同意クリック
[2021-07-19T13:42:02.723] [INFO] system - 【テスト:決済ロジック】
[2021-07-19T13:42:02.724] [INFO] system - テスト処理完了
[2021-07-19T13:42:02.725] [INFO] system - <現在時刻：Mon Jul 19 2021 13:42:02 GMT+0900／成績：2.877秒>
[2021-07-19T13:44:55.725] [INFO] system - キック：{"isWindows":["Windows"],"---1---":"====== BasicSetting ======","mypageUrl":"https://t.livepocket.jp/my_top","autoLogin":false,"confUser":"chiaochiao.sonmi@gmail.com","confPass":"sero3202","targetUrl":"https://t.livepocket.jp/e/5mxcg/","targetName":"有償チケット,無償チケット","targetNumber":"1,1","storeTypeId":"002","loginTime":"2021-07-19 13:44","startTime":"2021-07-19 13:50","isBrowse":true,"isTest":true,"isJamCheck":true,"isCredit":false,"isMailSend":false,"notCheckOnly":true,"isClose":false,"isMobile":true,"dareSec":0,"isConnect":true,"isLogger":true,"advSec":-170,"isOrigin":true,"---2---":"====== MailSetting(GmailOnly) ======","fromMail":"sugachan.tectec@gmail.com","fromMailPass":"sero3202","toMail":"","toSysMail":"trigger@applet.ifttt.com"}
[2021-07-19T13:44:55.727] [INFO] system - 【テスト】
[2021-07-19T13:44:55.731] [INFO] system - 2021-07-19 13:44:00にすでに到達
[2021-07-19T13:44:55.733] [INFO] system - ログイン処理想定時間到達
[2021-07-19T13:44:56.434] [INFO] system - ブラウザ起動後準備完了
[2021-07-19T13:44:57.801] [INFO] system - ログインページに移動完了
[2021-07-19T13:44:57.811] [INFO] system - 混線なし
[2021-07-19T13:45:00.017] [INFO] system - ログイン完了
[2021-07-19T13:45:02.412] [INFO] system - 混線なし
[2021-07-19T13:45:02.433] [INFO] system - 「有償チケット,無償チケット」の存在を確認(.table #ticket-419417,.table #ticket-419418)
[2021-07-19T13:49:29.846] [INFO] system - 前ページへ移動
[2021-07-19T13:49:31.187] [INFO] system - 2021-07-19 13:49:59まで購入処理待機中...
[2021-07-19T13:49:59.834] [INFO] system - 購入処理想定時間到達
[2021-07-19T13:49:59.836] [INFO] system - <成績時間カウント開始>
[2021-07-19T13:49:59.837] [INFO] system - 購入可能状態確認start(1回目)
[2021-07-19T13:49:59.847] [INFO] system - 次ページへ移動
[2021-07-19T13:50:01.057] [INFO] system - 購入可能状態確認end
[2021-07-19T13:50:01.058] [INFO] system - 枚数選択start(1回目)
[2021-07-19T13:50:04.776] [INFO] system - 枚数選択end(1回目)
[2021-07-19T13:50:04.788] [INFO] system - 決済処理ページ遷移済
[2021-07-19T13:50:04.789] [INFO] system - 決済処理start(1回目)
[2021-07-19T13:50:04.790] [INFO] system - 購入処理確定開始(freeBuy:false)
[2021-07-19T13:50:04.791] [INFO] system - 購入処理開始(有料)
[2021-07-19T13:50:04.889] [INFO] system - 規約に同意クリック
[2021-07-19T13:50:04.890] [INFO] system - 【テスト:決済ロジック】
[2021-07-19T13:50:04.891] [INFO] system - テスト処理完了
[2021-07-19T13:50:04.891] [INFO] system - <現在時刻：Mon Jul 19 2021 13:50:04 GMT+0900／成績：5.054秒>
[2021-07-19T14:30:59.336] [INFO] system - キック：{"isWindows":["Windows"],"---1---":"====== BasicSetting ======","mypageUrl":"https://t.livepocket.jp/my_top","autoLogin":false,"confUser":"chiaochiao.sonmi@gmail.com","confPass":"sero3202","targetUrl":"https://t.livepocket.jp/e/5mxcg/","targetName":"有償チケット,無償チケット","targetNumber":"1,1","storeTypeId":"002","loginTime":"2021-07-19 14:30","startTime":"2021-07-19 14:35","isBrowse":true,"isTest":true,"isJamCheck":true,"isCredit":false,"isMailSend":false,"notCheckOnly":true,"isClose":false,"isMobile":true,"dareSec":0,"isConnect":true,"isLogger":true,"advSec":-170,"isOrigin":true,"---2---":"====== MailSetting(GmailOnly) ======","fromMail":"sugachan.tectec@gmail.com","fromMailPass":"sero3202","toMail":"","toSysMail":"trigger@applet.ifttt.com"}
[2021-07-19T14:30:59.337] [INFO] system - 【テスト】
[2021-07-19T14:30:59.340] [INFO] system - 2021-07-19 14:30:00にすでに到達
[2021-07-19T14:30:59.349] [INFO] system - ログイン処理想定時間到達
[2021-07-19T14:31:00.022] [INFO] system - ブラウザ起動後準備完了
[2021-07-19T14:31:01.316] [INFO] system - ログインページに移動完了
[2021-07-19T14:31:01.328] [INFO] system - 混線なし
[2021-07-19T14:31:03.575] [INFO] system - ログイン完了
[2021-07-19T14:31:06.031] [INFO] system - 混線なし
[2021-07-19T14:31:06.044] [INFO] system - 「有償チケット,無償チケット」の存在を確認(.table #ticket-419417,.table #ticket-419418)
[2021-07-19T14:31:53.330] [INFO] system - キック：{"isWindows":["Windows"],"---1---":"====== BasicSetting ======","mypageUrl":"https://t.livepocket.jp/my_top","autoLogin":false,"confUser":"chiaochiao.sonmi@gmail.com","confPass":"sero3202","targetUrl":"https://t.livepocket.jp/e/5mxcg/","targetName":"有償チケット,無償チケット","targetNumber":"1,1","storeTypeId":"002","loginTime":"2021-07-19 14:30","startTime":"2021-07-19 14:50","isBrowse":true,"isTest":true,"isJamCheck":true,"isCredit":false,"isMailSend":false,"notCheckOnly":true,"isClose":false,"isMobile":true,"dareSec":0,"isConnect":true,"isLogger":true,"advSec":-170,"isOrigin":true,"---2---":"====== MailSetting(GmailOnly) ======","fromMail":"sugachan.tectec@gmail.com","fromMailPass":"sero3202","toMail":"","toSysMail":"trigger@applet.ifttt.com"}
[2021-07-19T14:31:53.333] [INFO] system - 【テスト】
[2021-07-19T14:31:53.346] [INFO] system - 2021-07-19 14:30:00にすでに到達
[2021-07-19T14:31:53.352] [INFO] system - ログイン処理想定時間到達
[2021-07-19T14:31:54.017] [INFO] system - ブラウザ起動後準備完了
[2021-07-19T14:31:55.383] [INFO] system - ログインページに移動完了
[2021-07-19T14:31:55.394] [INFO] system - 混線なし
[2021-07-19T14:31:57.701] [INFO] system - ログイン完了
[2021-07-19T14:32:00.001] [INFO] system - 混線なし
[2021-07-19T14:32:00.015] [INFO] system - 「有償チケット,無償チケット」の存在を確認(.table #ticket-419417,.table #ticket-419418)
[2021-07-19T14:35:58.701] [INFO] system - キック：{"isWindows":["Windows"],"---1---":"====== BasicSetting ======","mypageUrl":"https://t.livepocket.jp/my_top","autoLogin":false,"confUser":"chiaochiao.sonmi@gmail.com","confPass":"sero3202","targetUrl":"https://t.livepocket.jp/e/5mxcg/","targetName":"有償チケット,無償チケット","targetNumber":"1,1","storeTypeId":"002","loginTime":"2021-07-19 14:30","startTime":"2021-07-19 14:50","isBrowse":true,"isTest":true,"isJamCheck":true,"isCredit":false,"isMailSend":false,"notCheckOnly":true,"isClose":false,"isMobile":true,"dareSec":0,"isConnect":true,"isLogger":true,"advSec":-170,"isOrigin":true,"---2---":"====== MailSetting(GmailOnly) ======","fromMail":"sugachan.tectec@gmail.com","fromMailPass":"sero3202","toMail":"","toSysMail":"trigger@applet.ifttt.com"}
[2021-07-19T14:35:58.703] [INFO] system - 【テスト】
[2021-07-19T14:35:58.718] [INFO] system - 2021-07-19 14:30:00にすでに到達
[2021-07-19T14:35:58.721] [INFO] system - ログイン処理想定時間到達
[2021-07-19T14:35:59.395] [INFO] system - ブラウザ起動後準備完了
[2021-07-19T14:36:00.893] [INFO] system - ログインページに移動完了
[2021-07-19T14:36:00.904] [INFO] system - 混線なし
[2021-07-19T14:36:03.193] [INFO] system - ログイン完了
[2021-07-19T14:40:47.134] [ERROR] system - Error: Protocol error (Runtime.callFunctionOn): Target closed.
    at C:\source\yt-scraping\node_modules\puppeteer\lib\cjs\puppeteer\common\Connection.js:208:63
    at new Promise (<anonymous>)
    at CDPSession.send (C:\source\yt-scraping\node_modules\puppeteer\lib\cjs\puppeteer\common\Connection.js:207:16)
    at ExecutionContext._evaluateInternal (C:\source\yt-scraping\node_modules\puppeteer\lib\cjs\puppeteer\common\ExecutionContext.js:200:50)
    at ExecutionContext.evaluateHandle (C:\source\yt-scraping\node_modules\puppeteer\lib\cjs\puppeteer\common\ExecutionContext.js:151:21)
    at WaitTask.rerun (C:\source\yt-scraping\node_modules\puppeteer\lib\cjs\puppeteer\common\DOMWorld.js:498:71)
    at runMicrotasks (<anonymous>)
    at processTicksAndRejections (internal/process/task_queues.js:93:5)
[2021-07-19T14:40:47.138] [ERROR] system - Error: Protocol error (Target.activateTarget): Session closed. Most likely the page has been closed.
    at CDPSession.send (C:\source\yt-scraping\node_modules\puppeteer\lib\cjs\puppeteer\common\Connection.js:195:35)
    at Page._screenshotTask (C:\source\yt-scraping\node_modules\puppeteer\lib\cjs\puppeteer\common\Page.js:1084:28)
    at C:\source\yt-scraping\node_modules\puppeteer\lib\cjs\puppeteer\common\Page.js:1081:62
    at processTicksAndRejections (internal/process/task_queues.js:93:5)
[2021-07-19T14:40:47.142] [ERROR] system - ReferenceError: page is not defined
    at newBrowser (C:\source\yt-scraping\func-lpkick\lpkick.js:522:5)
    at processTicksAndRejections (internal/process/task_queues.js:93:5)
    at async C:\source\yt-scraping\func-lpkick\lpkick.js:107:5
[2021-07-19T14:40:49.235] [INFO] system - キック：{"isWindows":["Windows"],"---1---":"====== BasicSetting ======","mypageUrl":"https://t.livepocket.jp/my_top","autoLogin":false,"confUser":"chiaochiao.sonmi@gmail.com","confPass":"sero3202","targetUrl":"https://t.livepocket.jp/e/5mxcg/","targetName":"有償チケット,無償チケット","targetNumber":"1,1","storeTypeId":"002","loginTime":"2021-07-19 14:30","startTime":"2021-07-19 14:50","isBrowse":true,"isTest":true,"isJamCheck":true,"isCredit":false,"isMailSend":false,"notCheckOnly":true,"isClose":false,"isMobile":true,"dareSec":0,"isConnect":true,"isLogger":true,"advSec":-170,"isOrigin":true,"---2---":"====== MailSetting(GmailOnly) ======","fromMail":"sugachan.tectec@gmail.com","fromMailPass":"sero3202","toMail":"","toSysMail":"trigger@applet.ifttt.com"}
[2021-07-19T14:40:49.237] [INFO] system - 【テスト】
[2021-07-19T14:40:49.241] [INFO] system - 2021-07-19 14:30:00にすでに到達
[2021-07-19T14:40:49.250] [INFO] system - ログイン処理想定時間到達
[2021-07-19T14:40:49.942] [INFO] system - ブラウザ起動後準備完了
[2021-07-19T14:40:51.316] [INFO] system - ログインページに移動完了
[2021-07-19T14:40:51.330] [INFO] system - 混線なし
[2021-07-19T14:40:53.669] [INFO] system - ログイン完了
[2021-07-19T14:40:55.956] [ERROR] system - TypeError: Cannot read property 'split' of undefined
    at targetPageBuySelect (C:\source\yt-scraping\func-lpkick\lpkick.js:713:23)
    at newBrowser (C:\source\yt-scraping\func-lpkick\lpkick.js:320:13)
    at runMicrotasks (<anonymous>)
    at processTicksAndRejections (internal/process/task_queues.js:93:5)
    at async C:\source\yt-scraping\func-lpkick\lpkick.js:107:5
[2021-07-19T14:40:56.122] [INFO] system - 混線なし
[2021-07-19T14:40:56.139] [INFO] system - 「有償チケット,無償チケット」の存在を確認(.table #ticket-419417,.table #ticket-419418)
[2021-07-19T14:44:26.889] [INFO] system - キック：{"isWindows":["Windows"],"---1---":"====== BasicSetting ======","mypageUrl":"https://t.livepocket.jp/my_top","autoLogin":false,"confUser":"chiaochiao.sonmi@gmail.com","confPass":"sero3202","targetUrl":"https://t.livepocket.jp/e/5mxcg/","targetName":"有償チケット,無償チケット","targetNumber":"1,1","storeTypeId":"002","loginTime":"2021-07-19 14:30","startTime":"2021-07-19 14:50","isBrowse":true,"isTest":true,"isJamCheck":true,"isCredit":false,"isMailSend":false,"notCheckOnly":true,"isClose":false,"isMobile":true,"dareSec":0,"isConnect":true,"isLogger":true,"advSec":-170,"isOrigin":true,"---2---":"====== MailSetting(GmailOnly) ======","fromMail":"sugachan.tectec@gmail.com","fromMailPass":"sero3202","toMail":"","toSysMail":"trigger@applet.ifttt.com"}
[2021-07-19T14:44:26.891] [INFO] system - 【テスト】
[2021-07-19T14:44:26.905] [INFO] system - 2021-07-19 14:30:00にすでに到達
[2021-07-19T14:44:26.908] [INFO] system - ログイン処理想定時間到達
[2021-07-19T14:44:27.633] [INFO] system - ブラウザ起動後準備完了
[2021-07-19T14:44:29.001] [INFO] system - ログインページに移動完了
[2021-07-19T14:44:29.011] [INFO] system - 混線なし
[2021-07-19T14:44:31.352] [INFO] system - ログイン完了
[2021-07-19T14:44:33.953] [ERROR] system - TypeError: Cannot read property 'split' of undefined
    at targetPageBuySelect (C:\source\yt-scraping\func-lpkick\lpkick.js:713:23)
    at newBrowser (C:\source\yt-scraping\func-lpkick\lpkick.js:320:13)
    at runMicrotasks (<anonymous>)
    at processTicksAndRejections (internal/process/task_queues.js:93:5)
    at async C:\source\yt-scraping\func-lpkick\lpkick.js:107:5
[2021-07-19T14:44:34.116] [INFO] system - 混線なし
[2021-07-19T14:44:34.130] [INFO] system - 「有償チケット,無償チケット」の存在を確認(.table #ticket-419417,.table #ticket-419418)
[2021-07-19T14:47:33.980] [INFO] system - キック：{"isWindows":["Windows"],"---1---":"====== BasicSetting ======","mypageUrl":"https://t.livepocket.jp/my_top","autoLogin":false,"confUser":"chiaochiao.sonmi@gmail.com","confPass":"sero3202","targetUrl":"https://t.livepocket.jp/e/5mxcg/","targetName":"有償チケット,無償チケット","targetNumber":"1,1","storeTypeId":"002","loginTime":"2021-07-19 14:30","startTime":"2021-07-19 14:50","isBrowse":true,"isTest":true,"isJamCheck":true,"isCredit":false,"isMailSend":false,"notCheckOnly":true,"isClose":false,"isMobile":true,"dareSec":0,"isConnect":true,"isLogger":true,"advSec":-170,"isOrigin":true,"---2---":"====== MailSetting(GmailOnly) ======","fromMail":"sugachan.tectec@gmail.com","fromMailPass":"sero3202","toMail":"","toSysMail":"trigger@applet.ifttt.com"}
[2021-07-19T14:47:33.983] [INFO] system - 【テスト】
[2021-07-19T14:47:33.997] [INFO] system - 2021-07-19 14:30:00にすでに到達
[2021-07-19T14:47:34.000] [INFO] system - ログイン処理想定時間到達
[2021-07-19T14:47:34.720] [INFO] system - ブラウザ起動後準備完了
[2021-07-19T14:47:36.156] [INFO] system - ログインページに移動完了
[2021-07-19T14:47:36.167] [INFO] system - 混線なし
[2021-07-19T14:47:38.372] [INFO] system - ログイン完了
[2021-07-19T14:47:38.384] [INFO] system - 混線なし
[2021-07-19T14:47:38.399] [INFO] system - 「有償チケット,無償チケット」の存在を確認(.table #ticket-419417,.table #ticket-419418)
[2021-07-19T14:47:40.573] [INFO] system - .table #ticket-419417ロック外し開始
[2021-07-19T14:47:40.575] [INFO] system - .table #ticket-419418ロック外し開始
[2021-07-19T14:47:40.576] [INFO] system - 0セット選択終了
[2021-07-19T14:48:57.596] [INFO] system - キック：{"isWindows":["Windows"],"---1---":"====== BasicSetting ======","mypageUrl":"https://t.livepocket.jp/my_top","autoLogin":false,"confUser":"chiaochiao.sonmi@gmail.com","confPass":"sero3202","targetUrl":"https://t.livepocket.jp/e/5mxcg/","targetName":"有償チケット,無償チケット","targetNumber":"1,1","storeTypeId":"002","loginTime":"2021-07-19 14:30","startTime":"2021-07-19 14:50","isBrowse":true,"isTest":true,"isJamCheck":true,"isCredit":false,"isMailSend":false,"notCheckOnly":true,"isClose":false,"isMobile":true,"dareSec":0,"isConnect":true,"isLogger":true,"advSec":-170,"isOrigin":true,"---2---":"====== MailSetting(GmailOnly) ======","fromMail":"sugachan.tectec@gmail.com","fromMailPass":"sero3202","toMail":"","toSysMail":"trigger@applet.ifttt.com"}
[2021-07-19T14:48:57.599] [INFO] system - 【テスト】
[2021-07-19T14:48:57.612] [INFO] system - 2021-07-19 14:30:00にすでに到達
[2021-07-19T14:48:57.614] [INFO] system - ログイン処理想定時間到達
[2021-07-19T14:48:58.297] [INFO] system - ブラウザ起動後準備完了
[2021-07-19T14:48:59.755] [INFO] system - ログインページに移動完了
[2021-07-19T14:48:59.768] [INFO] system - 混線なし
[2021-07-19T14:49:01.923] [INFO] system - ログイン完了
[2021-07-19T14:49:01.935] [INFO] system - 混線なし
[2021-07-19T14:49:01.951] [INFO] system - 「有償チケット,無償チケット」の存在を確認(.table #ticket-419417,.table #ticket-419418)
[2021-07-19T14:49:04.390] [INFO] system - .table #ticket-419417ロック外し開始
[2021-07-19T14:49:04.392] [INFO] system - .table #ticket-419418ロック外し開始
[2021-07-19T14:49:04.401] [INFO] system - 2セット選択終了
[2021-07-19T14:49:29.846] [INFO] system - 前ページへ移動
[2021-07-19T14:49:31.115] [INFO] system - 2021-07-19 14:49:59まで購入処理待機中...
[2021-07-19T14:49:59.859] [INFO] system - 購入処理想定時間到達
[2021-07-19T14:49:59.862] [INFO] system - <成績時間カウント開始>
[2021-07-19T14:49:59.863] [INFO] system - 購入可能状態確認start(1回目)
[2021-07-19T14:49:59.865] [INFO] system - 次ページへ移動
[2021-07-19T14:50:01.220] [INFO] system - 購入可能状態確認end
[2021-07-19T14:50:01.222] [INFO] system - 枚数選択start(1回目)
[2021-07-19T14:50:01.256] [INFO] system - 2セット選択終了
[2021-07-19T14:50:03.837] [INFO] system - 枚数選択end(1回目)
[2021-07-19T14:50:03.850] [INFO] system - 決済処理ページ遷移済
[2021-07-19T14:50:03.851] [INFO] system - 決済処理start(1回目)
[2021-07-19T14:50:03.852] [INFO] system - 購入処理確定開始(freeBuy:false)
[2021-07-19T14:50:03.854] [INFO] system - 購入処理開始(有料)
[2021-07-19T14:50:03.992] [INFO] system - 規約に同意クリック
[2021-07-19T14:50:03.992] [INFO] system - 【テスト:決済ロジック】
[2021-07-19T14:50:03.993] [INFO] system - テスト処理完了
[2021-07-19T14:50:03.994] [INFO] system - <現在時刻：Mon Jul 19 2021 14:50:03 GMT+0900／成績：4.131秒>
[2021-07-19T14:50:50.471] [INFO] system - キック：{"isWindows":["Windows"],"---1---":"====== BasicSetting ======","mypageUrl":"https://t.livepocket.jp/my_top","autoLogin":false,"confUser":"chiaochiao.sonmi@gmail.com","confPass":"sero3202","targetUrl":"https://t.livepocket.jp/e/5mxcg/","targetName":"有償チケット,無償チケット","targetNumber":"1,1","storeTypeId":"002","loginTime":"2021-07-19 14:30","startTime":"2021-07-19 14:50","isBrowse":true,"isTest":true,"isJamCheck":true,"isCredit":false,"isMailSend":false,"notCheckOnly":true,"isClose":false,"isMobile":true,"dareSec":0,"isConnect":true,"isLogger":true,"advSec":-170,"isOrigin":false,"---2---":"====== MailSetting(GmailOnly) ======","fromMail":"sugachan.tectec@gmail.com","fromMailPass":"sero3202","toMail":"","toSysMail":"trigger@applet.ifttt.com"}
[2021-07-19T14:50:50.474] [INFO] system - 【テスト】
[2021-07-19T14:50:50.487] [INFO] system - 2021-07-19 14:30:00にすでに到達
[2021-07-19T14:50:50.489] [INFO] system - ログイン処理想定時間到達
[2021-07-19T14:50:51.189] [INFO] system - ブラウザ起動後準備完了
[2021-07-19T14:50:52.508] [INFO] system - ログインページに移動完了
[2021-07-19T14:50:52.518] [INFO] system - 混線なし
[2021-07-19T14:50:54.726] [INFO] system - ログイン完了
[2021-07-19T14:50:54.738] [INFO] system - 混線なし
[2021-07-19T14:50:54.751] [INFO] system - 「有償チケット,無償チケット」の存在を確認(.table #ticket-419417,.table #ticket-419418)
[2021-07-19T14:50:54.752] [INFO] system - 2021-07-19 14:49にすでに到達
[2021-07-19T14:50:54.753] [INFO] system - 購入処理想定時間到達
[2021-07-19T14:50:54.753] [INFO] system - <成績時間カウント開始>
[2021-07-19T14:50:54.753] [INFO] system - 購入可能状態確認start(1回目)
[2021-07-19T14:50:55.747] [INFO] system - 購入可能状態確認end
[2021-07-19T14:50:55.748] [INFO] system - 枚数選択start(1回目)
[2021-07-19T14:50:55.776] [INFO] system - 2セット選択終了
[2021-07-19T14:51:00.375] [INFO] system - 枚数選択end(1回目)
[2021-07-19T14:51:00.389] [INFO] system - 決済処理ページ遷移済
[2021-07-19T14:51:00.390] [INFO] system - 決済処理start(1回目)
[2021-07-19T14:51:00.390] [INFO] system - 購入処理確定開始(freeBuy:false)
[2021-07-19T14:51:00.391] [INFO] system - 購入処理開始(有料)
[2021-07-19T14:51:00.531] [INFO] system - 規約に同意クリック
[2021-07-19T14:51:00.532] [INFO] system - 【テスト:決済ロジック】
[2021-07-19T14:51:00.533] [INFO] system - テスト処理完了
[2021-07-19T14:51:00.534] [INFO] system - <現在時刻：Mon Jul 19 2021 14:51:00 GMT+0900／成績：5.781秒>
[2021-07-19T14:57:35.784] [INFO] system - キック：{"isWindows":["Windows"],"---1---":"====== BasicSetting ======","mypageUrl":"https://t.livepocket.jp/my_top","autoLogin":false,"confUser":"chiaochiao.sonmi@gmail.com","confPass":"sero3202","targetUrl":"https://t.livepocket.jp/e/5mxcg/","targetName":"有償チケット,無償チケット","targetNumber":"1,1","storeTypeId":"002","loginTime":"2021-07-19 14:50","startTime":"2021-07-19 15:00","isBrowse":true,"isTest":true,"isJamCheck":true,"isCredit":false,"isMailSend":false,"notCheckOnly":true,"isClose":false,"isMobile":true,"dareSec":0,"isConnect":true,"isLogger":true,"advSec":-170,"isOrigin":true,"---2---":"====== MailSetting(GmailOnly) ======","fromMail":"sugachan.tectec@gmail.com","fromMailPass":"sero3202","toMail":"","toSysMail":"trigger@applet.ifttt.com"}
[2021-07-19T14:57:35.786] [INFO] system - 【テスト】
[2021-07-19T14:57:35.789] [INFO] system - 2021-07-19 14:50:00にすでに到達
[2021-07-19T14:57:35.800] [INFO] system - ログイン処理想定時間到達
[2021-07-19T14:57:36.485] [INFO] system - ブラウザ起動後準備完了
[2021-07-19T14:57:37.735] [INFO] system - ログインページに移動完了
[2021-07-19T14:57:37.745] [INFO] system - 混線なし
[2021-07-19T14:57:40.021] [INFO] system - ログイン完了
[2021-07-19T14:57:40.033] [INFO] system - 混線なし
[2021-07-19T14:57:40.048] [INFO] system - 「有償チケット,無償チケット」の存在を確認(.table #ticket-419417,.table #ticket-419418)
[2021-07-19T14:57:42.538] [INFO] system - .table #ticket-419417ロック外し開始
[2021-07-19T14:57:42.539] [INFO] system - .table #ticket-419418ロック外し開始
[2021-07-19T14:57:42.548] [INFO] system - 2セット選択終了
[2021-07-19T14:59:08.387] [INFO] system - キック：{"isWindows":["Windows"],"---1---":"====== BasicSetting ======","mypageUrl":"https://t.livepocket.jp/my_top","autoLogin":false,"confUser":"chiaochiao.sonmi@gmail.com","confPass":"sero3202","targetUrl":"https://t.livepocket.jp/e/5mxcg/","targetName":"有償チケット,無償チケット","targetNumber":"1,1","storeTypeId":"002","loginTime":"2021-07-19 14:50","startTime":"2021-07-19 15:00","isBrowse":true,"isTest":true,"isJamCheck":true,"isCredit":false,"isMailSend":false,"notCheckOnly":true,"isClose":false,"isMobile":true,"dareSec":0,"isConnect":true,"isLogger":true,"advSec":-170,"isOrigin":true,"---2---":"====== MailSetting(GmailOnly) ======","fromMail":"sugachan.tectec@gmail.com","fromMailPass":"sero3202","toMail":"","toSysMail":"trigger@applet.ifttt.com"}
[2021-07-19T14:59:08.389] [INFO] system - 【テスト】
[2021-07-19T14:59:08.402] [INFO] system - 2021-07-19 14:50:00にすでに到達
[2021-07-19T14:59:08.404] [INFO] system - ログイン処理想定時間到達
[2021-07-19T14:59:09.089] [INFO] system - ブラウザ起動後準備完了
[2021-07-19T14:59:10.457] [INFO] system - ログインページに移動完了
[2021-07-19T14:59:10.469] [INFO] system - 混線なし
[2021-07-19T14:59:12.633] [INFO] system - ログイン完了
[2021-07-19T14:59:12.646] [INFO] system - 混線なし
[2021-07-19T14:59:12.661] [INFO] system - 「有償チケット,無償チケット」の存在を確認(.table #ticket-419417,.table #ticket-419418)
[2021-07-19T14:59:15.121] [INFO] system - .table #ticket-419417ロック外し開始
[2021-07-19T14:59:15.122] [INFO] system - .table #ticket-419418ロック外し開始
[2021-07-19T14:59:15.132] [INFO] system - 2セット選択終了
[2021-07-19T14:59:15.952] [INFO] system - 2021-07-19 14:59:29までページバック待機中...
[2021-07-19T14:59:29.836] [INFO] system - 前ページへ移動
[2021-07-19T14:59:31.007] [INFO] system - 2021-07-19 14:59:59まで購入処理待機中...
[2021-07-19T14:59:59.835] [INFO] system - 購入処理想定時間到達
[2021-07-19T14:59:59.836] [INFO] system - <成績時間カウント開始>
[2021-07-19T14:59:59.837] [INFO] system - 購入可能状態確認start(1回目)
[2021-07-19T14:59:59.845] [INFO] system - 次ページへ移動
[2021-07-19T15:00:00.930] [INFO] system - 購入可能状態確認end
[2021-07-19T15:00:00.931] [INFO] system - 枚数選択start(1回目)
[2021-07-19T15:00:00.945] [INFO] system - 2セット選択終了
[2021-07-19T15:00:05.642] [INFO] system - 枚数選択end(1回目)
[2021-07-19T15:00:05.654] [INFO] system - 決済処理ページ遷移済
[2021-07-19T15:00:05.655] [INFO] system - 決済処理start(1回目)
[2021-07-19T15:00:05.655] [INFO] system - 購入処理確定開始(freeBuy:false)
[2021-07-19T15:00:05.656] [INFO] system - 購入処理開始(有料)
[2021-07-19T15:01:08.196] [ERROR] system - Error: Protocol error (Runtime.callFunctionOn): Target closed.
    at C:\source\yt-scraping\node_modules\puppeteer\lib\cjs\puppeteer\common\Connection.js:208:63
    at new Promise (<anonymous>)
    at CDPSession.send (C:\source\yt-scraping\node_modules\puppeteer\lib\cjs\puppeteer\common\Connection.js:207:16)
    at ExecutionContext._evaluateInternal (C:\source\yt-scraping\node_modules\puppeteer\lib\cjs\puppeteer\common\ExecutionContext.js:200:50)
    at ExecutionContext.evaluateHandle (C:\source\yt-scraping\node_modules\puppeteer\lib\cjs\puppeteer\common\ExecutionContext.js:151:21)
    at WaitTask.rerun (C:\source\yt-scraping\node_modules\puppeteer\lib\cjs\puppeteer\common\DOMWorld.js:498:71)
    at processTicksAndRejections (internal/process/task_queues.js:93:5)
[2021-07-19T15:01:08.198] [ERROR] system - Error: Protocol error (Target.activateTarget): Session closed. Most likely the page has been closed.
    at CDPSession.send (C:\source\yt-scraping\node_modules\puppeteer\lib\cjs\puppeteer\common\Connection.js:195:35)
    at Page._screenshotTask (C:\source\yt-scraping\node_modules\puppeteer\lib\cjs\puppeteer\common\Page.js:1084:28)
    at C:\source\yt-scraping\node_modules\puppeteer\lib\cjs\puppeteer\common\Page.js:1081:62
    at processTicksAndRejections (internal/process/task_queues.js:93:5)
[2021-07-19T15:01:08.201] [ERROR] system - Error: Protocol error (Target.activateTarget): Session closed. Most likely the page has been closed.
    at CDPSession.send (C:\source\yt-scraping\node_modules\puppeteer\lib\cjs\puppeteer\common\Connection.js:195:35)
    at Page._screenshotTask (C:\source\yt-scraping\node_modules\puppeteer\lib\cjs\puppeteer\common\Page.js:1084:28)
    at C:\source\yt-scraping\node_modules\puppeteer\lib\cjs\puppeteer\common\Page.js:1081:62
    at processTicksAndRejections (internal/process/task_queues.js:93:5)
[2021-07-19T15:01:08.202] [ERROR] system - ReferenceError: page is not defined
    at newBrowser (C:\source\yt-scraping\func-lpkick\lpkick.js:531:5)
    at processTicksAndRejections (internal/process/task_queues.js:93:5)
    at async C:\source\yt-scraping\func-lpkick\lpkick.js:107:5
[2021-07-19T15:04:52.656] [INFO] system - キック：{"isWindows":["Windows"],"---1---":"====== BasicSetting ======","mypageUrl":"https://t.livepocket.jp/my_top","autoLogin":false,"confUser":"chiaochiao.sonmi@gmail.com","confPass":"sero3202","targetUrl":"https://t.livepocket.jp/e/5mxcg/","targetName":"有償チケット,無償チケット","targetNumber":"1,1","storeTypeId":"002","loginTime":"2021-07-19 14:50","startTime":"2021-07-19 15:00","isBrowse":true,"isTest":true,"isJamCheck":true,"isCredit":false,"isMailSend":false,"notCheckOnly":true,"isClose":false,"isMobile":true,"dareSec":0,"isConnect":true,"isLogger":true,"advSec":-170,"isOrigin":true,"---2---":"====== MailSetting(GmailOnly) ======","fromMail":"sugachan.tectec@gmail.com","fromMailPass":"sero3202","toMail":"","toSysMail":"trigger@applet.ifttt.com"}
[2021-07-19T15:04:52.658] [INFO] system - 【テスト】
[2021-07-19T15:04:52.670] [INFO] system - 2021-07-19 14:50:00にすでに到達
[2021-07-19T15:04:52.673] [INFO] system - ログイン処理想定時間到達
[2021-07-19T15:04:53.392] [INFO] system - ブラウザ起動後準備完了
[2021-07-19T15:04:54.721] [INFO] system - ログインページに移動完了
[2021-07-19T15:04:54.732] [INFO] system - 混線なし
[2021-07-19T15:04:56.972] [INFO] system - ログイン完了
[2021-07-19T15:04:56.985] [INFO] system - 混線なし
[2021-07-19T15:04:56.998] [INFO] system - 「有償チケット,無償チケット」の存在を確認(.table #ticket-419417,.table #ticket-419418)
[2021-07-19T15:04:59.239] [INFO] system - .table #ticket-419417ロック外し開始
[2021-07-19T15:04:59.241] [INFO] system - .table #ticket-419418ロック外し開始
[2021-07-19T15:04:59.251] [INFO] system - 2セット選択終了
[2021-07-19T15:05:00.055] [INFO] system - 2021-07-19 14:59にすでに到達
[2021-07-19T15:05:00.057] [INFO] system - 前ページへ移動
[2021-07-19T15:05:01.117] [INFO] system - 2021-07-19 14:59にすでに到達
[2021-07-19T15:05:01.129] [INFO] system - 購入処理想定時間到達
[2021-07-19T15:05:01.130] [INFO] system - <成績時間カウント開始>
[2021-07-19T15:05:01.131] [INFO] system - 購入可能状態確認start(1回目)
[2021-07-19T15:05:01.132] [INFO] system - 次ページへ移動
[2021-07-19T15:05:02.143] [ERROR] system - 購入可能状態確認NG
[2021-07-19T15:05:02.144] [ERROR] system - Error
    at newBrowser (C:\source\yt-scraping\func-lpkick\lpkick.js:412:19)
    at processTicksAndRejections (internal/process/task_queues.js:93:5)
    at async C:\source\yt-scraping\func-lpkick\lpkick.js:107:5
[2021-07-19T15:05:02.151] [ERROR] system - ReferenceError: page is not defined
    at newBrowser (C:\source\yt-scraping\func-lpkick\lpkick.js:531:5)
    at processTicksAndRejections (internal/process/task_queues.js:93:5)
    at async C:\source\yt-scraping\func-lpkick\lpkick.js:107:5
[2021-07-19T15:05:47.973] [INFO] system - キック：{"isWindows":["Windows"],"---1---":"====== BasicSetting ======","mypageUrl":"https://t.livepocket.jp/my_top","autoLogin":false,"confUser":"chiaochiao.sonmi@gmail.com","confPass":"sero3202","targetUrl":"https://t.livepocket.jp/e/5mxcg/","targetName":"有償チケット,無償チケット","targetNumber":"1,1","storeTypeId":"002","loginTime":"2021-07-19 15:00","startTime":"2021-07-19 15:10","isBrowse":true,"isTest":true,"isJamCheck":true,"isCredit":false,"isMailSend":false,"notCheckOnly":true,"isClose":false,"isMobile":true,"dareSec":0,"isConnect":true,"isLogger":true,"advSec":-170,"isOrigin":true,"---2---":"====== MailSetting(GmailOnly) ======","fromMail":"sugachan.tectec@gmail.com","fromMailPass":"sero3202","toMail":"","toSysMail":"trigger@applet.ifttt.com"}
[2021-07-19T15:05:47.976] [INFO] system - 【テスト】
[2021-07-19T15:05:47.987] [INFO] system - 2021-07-19 15:00:00にすでに到達
[2021-07-19T15:05:47.989] [INFO] system - ログイン処理想定時間到達
[2021-07-19T15:05:48.666] [INFO] system - ブラウザ起動後準備完了
[2021-07-19T15:05:50.005] [INFO] system - ログインページに移動完了
[2021-07-19T15:05:50.017] [INFO] system - 混線なし
[2021-07-19T15:05:52.289] [INFO] system - ログイン完了
[2021-07-19T15:05:52.300] [INFO] system - 混線なし
[2021-07-19T15:05:52.313] [INFO] system - 「有償チケット,無償チケット」の存在を確認(.table #ticket-419417,.table #ticket-419418)
[2021-07-19T15:05:54.936] [INFO] system - .table #ticket-419417ロック外し開始
[2021-07-19T15:05:54.938] [INFO] system - .table #ticket-419418ロック外し開始
[2021-07-19T15:05:54.949] [INFO] system - 2セット選択終了
[2021-07-19T15:05:55.756] [INFO] system - 2021-07-19 15:09:29までページバック待機中...
[2021-07-19T15:09:29.850] [INFO] system - 前ページへ移動
[2021-07-19T15:09:31.856] [INFO] system - 2021-07-19 15:09:59まで購入処理待機中...
[2021-07-19T15:09:59.839] [INFO] system - 購入処理想定時間到達
[2021-07-19T15:09:59.840] [INFO] system - <成績時間カウント開始>
[2021-07-19T15:09:59.841] [INFO] system - 購入可能状態確認start(1回目)
[2021-07-19T15:09:59.849] [INFO] system - 次ページへ移動
[2021-07-19T15:10:01.604] [INFO] system - 購入可能状態確認end
[2021-07-19T15:10:01.605] [INFO] system - 枚数選択start(1回目)
[2021-07-19T15:13:44.860] [INFO] system - 枚数選択end(1回目)
[2021-07-19T15:13:44.867] [INFO] system - 決済処理ページ遷移済
[2021-07-19T15:13:44.868] [INFO] system - 決済処理start(1回目)
[2021-07-19T15:13:44.868] [INFO] system - 購入処理確定開始(freeBuy:false)
[2021-07-19T15:13:44.869] [INFO] system - 購入処理開始(有料)
[2021-07-19T15:13:48.657] [ERROR] system - Error: Protocol error (Runtime.callFunctionOn): Target closed.
    at C:\source\yt-scraping\node_modules\puppeteer\lib\cjs\puppeteer\common\Connection.js:208:63
    at new Promise (<anonymous>)
    at CDPSession.send (C:\source\yt-scraping\node_modules\puppeteer\lib\cjs\puppeteer\common\Connection.js:207:16)
    at ExecutionContext._evaluateInternal (C:\source\yt-scraping\node_modules\puppeteer\lib\cjs\puppeteer\common\ExecutionContext.js:200:50)
    at ExecutionContext.evaluate (C:\source\yt-scraping\node_modules\puppeteer\lib\cjs\puppeteer\common\ExecutionContext.js:106:27)
    at ElementHandle.evaluate (C:\source\yt-scraping\node_modules\puppeteer\lib\cjs\puppeteer\common\JSHandle.js:102:46)
    at ElementHandle._scrollIntoViewIfNeeded (C:\source\yt-scraping\node_modules\puppeteer\lib\cjs\puppeteer\common\JSHandle.js:280:34)
    at ElementHandle.click (C:\source\yt-scraping\node_modules\puppeteer\lib\cjs\puppeteer\common\JSHandle.js:389:20)
    at DOMWorld.click (C:\source\yt-scraping\node_modules\puppeteer\lib\cjs\puppeteer\common\DOMWorld.js:278:22)
    at runMicrotasks (<anonymous>)
[2021-07-19T15:13:48.673] [ERROR] system - Error: Protocol error (Target.activateTarget): Session closed. Most likely the page has been closed.
    at CDPSession.send (C:\source\yt-scraping\node_modules\puppeteer\lib\cjs\puppeteer\common\Connection.js:195:35)
    at Page._screenshotTask (C:\source\yt-scraping\node_modules\puppeteer\lib\cjs\puppeteer\common\Page.js:1084:28)
    at C:\source\yt-scraping\node_modules\puppeteer\lib\cjs\puppeteer\common\Page.js:1081:62
    at processTicksAndRejections (internal/process/task_queues.js:93:5)
[2021-07-19T15:13:48.676] [ERROR] system - Error: Protocol error (Target.activateTarget): Session closed. Most likely the page has been closed.
    at CDPSession.send (C:\source\yt-scraping\node_modules\puppeteer\lib\cjs\puppeteer\common\Connection.js:195:35)
    at Page._screenshotTask (C:\source\yt-scraping\node_modules\puppeteer\lib\cjs\puppeteer\common\Page.js:1084:28)
    at C:\source\yt-scraping\node_modules\puppeteer\lib\cjs\puppeteer\common\Page.js:1081:62
    at processTicksAndRejections (internal/process/task_queues.js:93:5)
[2021-07-19T15:13:48.687] [ERROR] system - ReferenceError: page is not defined
    at newBrowser (C:\source\yt-scraping\func-lpkick\lpkick.js:531:5)
    at processTicksAndRejections (internal/process/task_queues.js:93:5)
    at async C:\source\yt-scraping\func-lpkick\lpkick.js:107:5
[2021-07-19T15:16:47.874] [INFO] system - キック：{"isWindows":["Windows"],"---1---":"====== BasicSetting ======","mypageUrl":"https://t.livepocket.jp/my_top","autoLogin":false,"confUser":"chiaochiao.sonmi@gmail.com","confPass":"sero3202","targetUrl":"https://t.livepocket.jp/e/5mxcg/","targetName":"有償チケット,無償チケット","targetNumber":"1,1","storeTypeId":"002","loginTime":"2021-07-19 15:15","startTime":"2021-07-19 15:20","isBrowse":true,"isTest":true,"isJamCheck":true,"isCredit":false,"isMailSend":false,"notCheckOnly":true,"isClose":false,"isMobile":true,"dareSec":0,"isConnect":true,"isLogger":true,"advSec":-170,"isOrigin":true,"---2---":"====== MailSetting(GmailOnly) ======","fromMail":"sugachan.tectec@gmail.com","fromMailPass":"sero3202","toMail":"","toSysMail":"trigger@applet.ifttt.com"}
[2021-07-19T15:16:47.876] [INFO] system - 【テスト】
[2021-07-19T15:16:47.880] [INFO] system - 2021-07-19 15:15:00にすでに到達
[2021-07-19T15:16:47.890] [INFO] system - ログイン処理想定時間到達
[2021-07-19T15:16:48.562] [INFO] system - ブラウザ起動後準備完了
[2021-07-19T15:16:49.751] [INFO] system - ログインページに移動完了
[2021-07-19T15:16:49.761] [INFO] system - 混線なし
[2021-07-19T15:16:52.068] [INFO] system - ログイン完了
[2021-07-19T15:16:52.081] [INFO] system - 混線なし
[2021-07-19T15:16:52.114] [INFO] system - 「有償チケット,無償チケット」の存在を確認(.table #ticket-419417,.table #ticket-419418)
[2021-07-19T15:16:54.819] [INFO] system - .table #ticket-419417ロック外し開始
[2021-07-19T15:16:54.821] [INFO] system - .table #ticket-419418ロック外し開始
[2021-07-19T15:16:54.830] [INFO] system - 2セット選択終了
[2021-07-19T15:16:55.638] [INFO] system - 2021-07-19 15:19:29までページバック待機中...
[2021-07-19T15:19:29.846] [INFO] system - 前ページへ移動
[2021-07-19T15:19:30.897] [INFO] system - 2021-07-19 15:19:59まで購入処理待機中...
[2021-07-19T15:19:59.840] [INFO] system - 購入処理想定時間到達
[2021-07-19T15:19:59.842] [INFO] system - <成績時間カウント開始>
[2021-07-19T15:19:59.843] [INFO] system - 購入可能状態確認start(1回目)
[2021-07-19T15:19:59.853] [INFO] system - 次ページへ移動
[2021-07-19T15:20:01.036] [INFO] system - 購入可能状態確認end
[2021-07-19T15:20:01.037] [INFO] system - 枚数選択start(1回目)
[2021-07-19T15:20:05.529] [INFO] system - 枚数選択end(1回目)
[2021-07-19T15:20:05.540] [INFO] system - 決済処理ページ遷移済
[2021-07-19T15:20:05.543] [INFO] system - 決済処理start(1回目)
[2021-07-19T15:20:05.543] [INFO] system - 購入処理確定開始(freeBuy:false)
[2021-07-19T15:20:05.545] [INFO] system - 購入処理開始(有料)
[2021-07-19T15:20:05.650] [INFO] system - 規約に同意クリック
[2021-07-19T15:20:05.650] [INFO] system - 【テスト:決済ロジック】
[2021-07-19T15:20:05.651] [INFO] system - テスト処理完了
[2021-07-19T15:20:05.652] [INFO] system - <現在時刻：Mon Jul 19 2021 15:20:05 GMT+0900／成績：5.809秒>
[2021-07-19T21:28:27.249] [INFO] system - キック：{"isWindows":["Windows"],"---1---":"====== BasicSetting ======","mypageUrl":"https://t.livepocket.jp/my_top","autoLogin":false,"confUser":"chiaochiao.sonmi@gmail.com","confPass":"sero3202","targetUrl":"https://t.livepocket.jp/e/nagoya0722/","targetName":"１部優先入場チケット整理番号券,２部優先入場チケット整理番号券","targetNumber":"1,1","storeTypeId":"002","loginTime":"2021-07-19 21:45","startTime":"2021-07-19 22:00","isBrowse":true,"isTest":false,"isJamCheck":true,"isCredit":false,"isMailSend":false,"notCheckOnly":true,"isClose":false,"isMobile":true,"dareSec":0,"isConnect":true,"isLogger":true,"advSec":-170,"isOrigin":true,"---2---":"====== MailSetting(GmailOnly) ======","fromMail":"sugachan.tectec@gmail.com","fromMailPass":"sero3202","toMail":"","toSysMail":"trigger@applet.ifttt.com"}
[2021-07-19T21:28:27.251] [INFO] system - 【本番】
[2021-07-19T21:28:27.276] [INFO] system - 2021-07-19 21:45:00までログイン処理待機中...
[2021-07-19T21:45:00.022] [INFO] system - ログイン処理想定時間到達
[2021-07-19T21:45:00.713] [INFO] system - ブラウザ起動後準備完了
[2021-07-19T21:45:02.249] [INFO] system - ログインページに移動完了
[2021-07-19T21:45:02.260] [INFO] system - 混線なし
[2021-07-19T21:45:04.728] [INFO] system - ログイン完了
[2021-07-19T21:45:04.740] [INFO] system - 混線なし
[2021-07-19T21:45:04.774] [INFO] system - 「１部優先入場チケット整理番号券,２部優先入場チケット整理番号券」の存在を確認(.table #ticket-457390,.table #ticket-457392)
[2021-07-19T21:45:07.259] [INFO] system - .table #ticket-457390ロック外し開始
[2021-07-19T21:45:07.261] [INFO] system - .table #ticket-457392ロック外し開始
[2021-07-19T21:45:07.284] [INFO] system - 2セット選択終了
[2021-07-19T21:45:08.092] [INFO] system - 2021-07-19 21:59:29までページバック待機中...
[2021-07-19T21:59:29.836] [INFO] system - 前ページへ移動
[2021-07-19T21:59:31.125] [INFO] system - 2021-07-19 21:59:59まで購入処理待機中...
[2021-07-19T21:59:59.845] [INFO] system - 購入処理想定時間到達
[2021-07-19T21:59:59.846] [INFO] system - <成績時間カウント開始>
[2021-07-19T21:59:59.847] [INFO] system - 購入可能状態確認start(1回目)
[2021-07-19T21:59:59.848] [INFO] system - 次ページへ移動
[2021-07-19T22:00:06.117] [INFO] system - 購入可能状態確認end
[2021-07-19T22:00:06.118] [INFO] system - 枚数選択start(1回目)
[2021-07-19T22:00:06.946] [ERROR] system - Error: Node is either not visible or not an HTMLElement
    at ElementHandle._clickablePoint (C:\source\yt-scraping\node_modules\puppeteer\lib\cjs\puppeteer\common\JSHandle.js:329:19)
    at runMicrotasks (<anonymous>)
    at processTicksAndRejections (internal/process/task_queues.js:93:5)
    at async ElementHandle.click (C:\source\yt-scraping\node_modules\puppeteer\lib\cjs\puppeteer\common\JSHandle.js:390:26)
    at async DOMWorld.click (C:\source\yt-scraping\node_modules\puppeteer\lib\cjs\puppeteer\common\DOMWorld.js:278:9)
    at async Promise.all (index 1)
    at async targetPageBuySelect (C:\source\yt-scraping\func-lpkick\lpkick.js:730:9)
    at async newBrowser (C:\source\yt-scraping\func-lpkick\lpkick.js:421:9)
    at async C:\source\yt-scraping\func-lpkick\lpkick.js:107:5
[2021-07-19T22:00:07.206] [INFO] system - 枚数選択end(1回目)
[2021-07-19T22:00:53.541] [ERROR] system - Error: Protocol error (Runtime.callFunctionOn): Target closed.
    at C:\source\yt-scraping\node_modules\puppeteer\lib\cjs\puppeteer\common\Connection.js:208:63
    at new Promise (<anonymous>)
    at CDPSession.send (C:\source\yt-scraping\node_modules\puppeteer\lib\cjs\puppeteer\common\Connection.js:207:16)
    at ExecutionContext._evaluateInternal (C:\source\yt-scraping\node_modules\puppeteer\lib\cjs\puppeteer\common\ExecutionContext.js:200:50)
    at ExecutionContext.evaluateHandle (C:\source\yt-scraping\node_modules\puppeteer\lib\cjs\puppeteer\common\ExecutionContext.js:151:21)
    at WaitTask.rerun (C:\source\yt-scraping\node_modules\puppeteer\lib\cjs\puppeteer\common\DOMWorld.js:498:71)
    at processTicksAndRejections (internal/process/task_queues.js:93:5)
[2021-07-19T22:00:53.555] [ERROR] system - ReferenceError: page is not defined
    at newBrowser (C:\source\yt-scraping\func-lpkick\lpkick.js:531:5)
    at processTicksAndRejections (internal/process/task_queues.js:93:5)
    at async C:\source\yt-scraping\func-lpkick\lpkick.js:107:5
[2021-07-19T22:00:55.283] [INFO] system - キック：{"isWindows":["Windows"],"---1---":"====== BasicSetting ======","mypageUrl":"https://t.livepocket.jp/my_top","autoLogin":false,"confUser":"chiaochiao.sonmi@gmail.com","confPass":"sero3202","targetUrl":"https://t.livepocket.jp/e/nagoya0722/","targetName":"１部優先入場チケット整理番号券,２部優先入場チケット整理番号券","targetNumber":"1,1","storeTypeId":"002","loginTime":"2021-07-19 21:45","startTime":"2021-07-19 22:00","isBrowse":true,"isTest":false,"isJamCheck":true,"isCredit":false,"isMailSend":false,"notCheckOnly":true,"isClose":false,"isMobile":true,"dareSec":0,"isConnect":true,"isLogger":true,"advSec":-170,"isOrigin":true,"---2---":"====== MailSetting(GmailOnly) ======","fromMail":"sugachan.tectec@gmail.com","fromMailPass":"sero3202","toMail":"","toSysMail":"trigger@applet.ifttt.com"}
[2021-07-19T22:00:55.459] [INFO] system - 【本番】
[2021-07-19T22:00:55.465] [INFO] system - 2021-07-19 21:45:00にすでに到達
[2021-07-19T22:00:55.468] [INFO] system - ログイン処理想定時間到達
[2021-07-19T22:00:56.218] [INFO] system - ブラウザ起動後準備完了
[2021-07-19T22:00:57.921] [INFO] system - ログインページに移動完了
[2021-07-19T22:00:57.935] [INFO] system - 混線なし
[2021-07-19T22:01:00.889] [INFO] system - ログイン完了
[2021-07-19T22:01:00.901] [INFO] system - 混線なし
[2021-07-19T22:01:00.950] [INFO] system - 「１部優先入場チケット整理番号券,２部優先入場チケット整理番号券」の存在を確認(.table #ticket-457390,.table #ticket-457392)
[2021-07-19T22:01:04.129] [INFO] system - .table #ticket-457390ロック外し開始
[2021-07-19T22:01:04.131] [INFO] system - .table #ticket-457392ロック外し開始
[2021-07-19T22:01:04.145] [INFO] system - 2セット選択終了
[2021-07-19T22:01:04.956] [INFO] system - 2021-07-19 21:59にすでに到達
[2021-07-19T22:01:04.957] [INFO] system - 前ページへ移動
[2021-07-19T22:01:06.106] [INFO] system - 2021-07-19 21:59にすでに到達
[2021-07-19T22:01:06.120] [INFO] system - 購入処理想定時間到達
[2021-07-19T22:01:06.124] [INFO] system - <成績時間カウント開始>
[2021-07-19T22:01:06.126] [INFO] system - 購入可能状態確認start(1回目)
[2021-07-19T22:01:06.126] [INFO] system - 次ページへ移動
[2021-07-19T22:01:07.549] [INFO] system - 購入可能状態確認end
[2021-07-19T22:01:07.550] [INFO] system - 枚数選択start(1回目)
[2021-07-19T22:01:08.376] [ERROR] system - Error: Node is either not visible or not an HTMLElement
    at ElementHandle._clickablePoint (C:\source\yt-scraping\node_modules\puppeteer\lib\cjs\puppeteer\common\JSHandle.js:329:19)
    at processTicksAndRejections (internal/process/task_queues.js:93:5)
    at async ElementHandle.click (C:\source\yt-scraping\node_modules\puppeteer\lib\cjs\puppeteer\common\JSHandle.js:390:26)
    at async DOMWorld.click (C:\source\yt-scraping\node_modules\puppeteer\lib\cjs\puppeteer\common\DOMWorld.js:278:9)
    at async Promise.all (index 1)
    at async targetPageBuySelect (C:\source\yt-scraping\func-lpkick\lpkick.js:730:9)
    at async newBrowser (C:\source\yt-scraping\func-lpkick\lpkick.js:421:9)
    at async C:\source\yt-scraping\func-lpkick\lpkick.js:107:5
[2021-07-19T22:01:08.666] [INFO] system - 枚数選択end(1回目)
[2021-07-19T22:01:13.791] [ERROR] system - Error: Protocol error (Runtime.callFunctionOn): Target closed.
    at C:\source\yt-scraping\node_modules\puppeteer\lib\cjs\puppeteer\common\Connection.js:208:63
    at new Promise (<anonymous>)
    at CDPSession.send (C:\source\yt-scraping\node_modules\puppeteer\lib\cjs\puppeteer\common\Connection.js:207:16)
    at ExecutionContext._evaluateInternal (C:\source\yt-scraping\node_modules\puppeteer\lib\cjs\puppeteer\common\ExecutionContext.js:200:50)
    at ExecutionContext.evaluateHandle (C:\source\yt-scraping\node_modules\puppeteer\lib\cjs\puppeteer\common\ExecutionContext.js:151:21)
    at WaitTask.rerun (C:\source\yt-scraping\node_modules\puppeteer\lib\cjs\puppeteer\common\DOMWorld.js:498:71)
    at processTicksAndRejections (internal/process/task_queues.js:93:5)
[2021-07-19T22:01:13.814] [ERROR] system - ReferenceError: page is not defined
    at newBrowser (C:\source\yt-scraping\func-lpkick\lpkick.js:531:5)
    at processTicksAndRejections (internal/process/task_queues.js:93:5)
    at async C:\source\yt-scraping\func-lpkick\lpkick.js:107:5
[2021-07-19T22:01:24.757] [INFO] system - キック：{"isWindows":["Windows"],"---1---":"====== BasicSetting ======","mypageUrl":"https://t.livepocket.jp/my_top","autoLogin":false,"confUser":"chiaochiao.sonmi@gmail.com","confPass":"sero3202","targetUrl":"https://t.livepocket.jp/e/nagoya0722/","targetName":"１部優先入場チケット整理番号券,２部優先入場チケット整理番号券","targetNumber":"1,1","storeTypeId":"002","loginTime":"2021-07-19 21:45","startTime":"2021-07-19 22:00","isBrowse":true,"isTest":false,"isJamCheck":true,"isCredit":false,"isMailSend":false,"notCheckOnly":true,"isClose":false,"isMobile":true,"dareSec":0,"isConnect":true,"isLogger":true,"advSec":-170,"isOrigin":false,"---2---":"====== MailSetting(GmailOnly) ======","fromMail":"sugachan.tectec@gmail.com","fromMailPass":"sero3202","toMail":"","toSysMail":"trigger@applet.ifttt.com"}
[2021-07-19T22:01:24.770] [INFO] system - 【本番】
[2021-07-19T22:01:24.775] [INFO] system - 2021-07-19 21:45:00にすでに到達
[2021-07-19T22:01:24.787] [INFO] system - ログイン処理想定時間到達
[2021-07-19T22:01:25.490] [INFO] system - ブラウザ起動後準備完了
[2021-07-19T22:01:26.962] [INFO] system - ログインページに移動完了
[2021-07-19T22:01:26.974] [INFO] system - 混線なし
[2021-07-19T22:01:29.468] [INFO] system - ログイン完了
[2021-07-19T22:01:29.480] [INFO] system - 混線なし
[2021-07-19T22:01:29.522] [INFO] system - 「１部優先入場チケット整理番号券,２部優先入場チケット整理番号券」の存在を確認(.table #ticket-457390,.table #ticket-457392)
[2021-07-19T22:01:29.524] [INFO] system - 2021-07-19 21:59にすでに到達
[2021-07-19T22:01:29.527] [INFO] system - 購入処理想定時間到達
[2021-07-19T22:01:29.528] [INFO] system - <成績時間カウント開始>
[2021-07-19T22:01:29.528] [INFO] system - 購入可能状態確認start(1回目)
[2021-07-19T22:01:30.777] [INFO] system - 購入可能状態確認end
[2021-07-19T22:01:30.779] [INFO] system - 枚数選択start(1回目)
[2021-07-19T22:01:30.859] [INFO] system - 2セット選択終了
[2021-07-19T22:01:30.884] [ERROR] system - Error: Node is either not visible or not an HTMLElement
    at ElementHandle._clickablePoint (C:\source\yt-scraping\node_modules\puppeteer\lib\cjs\puppeteer\common\JSHandle.js:329:19)
    at runMicrotasks (<anonymous>)
    at processTicksAndRejections (internal/process/task_queues.js:93:5)
    at async ElementHandle.click (C:\source\yt-scraping\node_modules\puppeteer\lib\cjs\puppeteer\common\JSHandle.js:390:26)
    at async DOMWorld.click (C:\source\yt-scraping\node_modules\puppeteer\lib\cjs\puppeteer\common\DOMWorld.js:278:9)
    at async Promise.all (index 1)
    at async targetPageBuySelect (C:\source\yt-scraping\func-lpkick\lpkick.js:730:9)
    at async newBrowser (C:\source\yt-scraping\func-lpkick\lpkick.js:421:9)
    at async C:\source\yt-scraping\func-lpkick\lpkick.js:107:5
[2021-07-19T22:01:31.152] [INFO] system - 枚数選択end(1回目)
[2021-07-19T22:01:42.542] [INFO] system - 決済処理ページ遷移済
[2021-07-19T22:01:42.543] [INFO] system - 決済処理start(1回目)
[2021-07-19T22:01:42.544] [INFO] system - 購入処理確定開始(freeBuy:false)
[2021-07-19T22:01:42.546] [INFO] system - 購入処理開始(有料)
[2021-07-19T22:01:42.741] [INFO] system - 規約に同意クリック
[2021-07-19T22:01:44.184] [INFO] system - 決済ボタンクリック
[2021-07-19T22:01:44.188] [INFO] system - (検証用)成功1
[2021-07-19T22:01:47.001] [INFO] system - (検証用)成功2
[2021-07-19T22:01:47.008] [INFO] system - (検証用)成功3
[2021-07-19T22:01:47.015] [INFO] system - 決済処理end
[2021-07-19T22:01:47.017] [INFO] system - <現在時刻：Mon Jul 19 2021 22:01:47 GMT+0900／成績：17.489秒>
[2021-07-19T22:01:47.018] [INFO] system - <成績：17.49秒>
[2021-07-19T22:07:06.094] [INFO] system - キック：{"isWindows":["Windows"],"---1---":"====== BasicSetting ======","mypageUrl":"https://t.livepocket.jp/my_top","autoLogin":false,"confUser":"chiaochiao.sonmi@gmail.com","confPass":"sero3202","targetUrl":"https://t.livepocket.jp/e/jurock0722/","targetName":"前売チケット整理番号券","targetNumber":"2","storeTypeId":"002","loginTime":"2021-07-19 23:15","startTime":"2021-07-19 23:30","isBrowse":true,"isTest":false,"isJamCheck":true,"isCredit":false,"isMailSend":false,"notCheckOnly":true,"isClose":false,"isMobile":true,"dareSec":0,"isConnect":true,"isLogger":true,"advSec":-170,"isOrigin":false,"---2---":"====== MailSetting(GmailOnly) ======","fromMail":"sugachan.tectec@gmail.com","fromMailPass":"sero3202","toMail":"","toSysMail":"trigger@applet.ifttt.com"}
[2021-07-19T22:07:06.107] [INFO] system - 【本番】
[2021-07-19T22:07:06.112] [INFO] system - 2021-07-19 23:15:00までログイン処理待機中...
[2021-07-19T22:07:37.869] [INFO] system - キック：{"isWindows":["Windows"],"---1---":"====== BasicSetting ======","mypageUrl":"https://t.livepocket.jp/my_top","autoLogin":false,"confUser":"chiaochiao.sonmi@gmail.com","confPass":"sero3202","targetUrl":"https://t.livepocket.jp/e/jurock0722/","targetName":"前売チケット整理番号券","targetNumber":"2","storeTypeId":"002","loginTime":"2021-07-19 23:15","startTime":"2021-07-19 23:30","isBrowse":true,"isTest":false,"isJamCheck":true,"isCredit":false,"isMailSend":false,"notCheckOnly":true,"isClose":false,"isMobile":true,"dareSec":0,"isConnect":true,"isLogger":true,"advSec":-170,"isOrigin":true,"---2---":"====== MailSetting(GmailOnly) ======","fromMail":"sugachan.tectec@gmail.com","fromMailPass":"sero3202","toMail":"","toSysMail":"trigger@applet.ifttt.com"}
[2021-07-19T22:07:37.883] [INFO] system - 【本番】
[2021-07-19T22:07:37.889] [INFO] system - 2021-07-19 23:15:00までログイン処理待機中...
[2021-07-19T23:15:00.020] [INFO] system - ログイン処理想定時間到達
[2021-07-19T23:15:00.711] [INFO] system - ブラウザ起動後準備完了
[2021-07-19T23:15:02.099] [INFO] system - ログインページに移動完了
[2021-07-19T23:15:02.111] [INFO] system - 混線なし
[2021-07-19T23:15:04.600] [INFO] system - ログイン完了
[2021-07-19T23:15:04.613] [INFO] system - 混線なし
[2021-07-19T23:15:04.633] [INFO] system - 「前売チケット整理番号券」の存在を確認(.table #ticket-457663)
[2021-07-19T23:15:07.000] [INFO] system - .table #ticket-457663ロック外し開始
[2021-07-19T23:15:07.011] [INFO] system - 1セット選択終了
[2021-07-19T23:15:07.824] [INFO] system - 2021-07-19 23:29:29までページバック待機中...
[2021-07-19T23:29:29.834] [INFO] system - 前ページへ移動
[2021-07-19T23:29:31.183] [INFO] system - 2021-07-19 23:29:59まで購入処理待機中...
[2021-07-19T23:29:59.844] [INFO] system - 購入処理想定時間到達
[2021-07-19T23:29:59.845] [INFO] system - <成績時間カウント開始>
[2021-07-19T23:29:59.846] [INFO] system - 購入可能状態確認start(1回目)
[2021-07-19T23:29:59.856] [INFO] system - 次ページへ移動
[2021-07-19T23:30:05.453] [INFO] system - 購入可能状態確認end
[2021-07-19T23:30:05.453] [INFO] system - 枚数選択start(1回目)
[2021-07-19T23:30:06.271] [ERROR] system - Error: Node is either not visible or not an HTMLElement
    at ElementHandle._clickablePoint (C:\source\yt-scraping\node_modules\puppeteer\lib\cjs\puppeteer\common\JSHandle.js:329:19)
    at runMicrotasks (<anonymous>)
    at processTicksAndRejections (internal/process/task_queues.js:93:5)
    at async ElementHandle.click (C:\source\yt-scraping\node_modules\puppeteer\lib\cjs\puppeteer\common\JSHandle.js:390:26)
    at async DOMWorld.click (C:\source\yt-scraping\node_modules\puppeteer\lib\cjs\puppeteer\common\DOMWorld.js:278:9)
    at async Promise.all (index 1)
    at async targetPageBuySelect (C:\source\yt-scraping\func-lpkick\lpkick.js:730:9)
    at async newBrowser (C:\source\yt-scraping\func-lpkick\lpkick.js:421:9)
    at async C:\source\yt-scraping\func-lpkick\lpkick.js:107:5
[2021-07-19T23:30:06.505] [INFO] system - 枚数選択end(1回目)
