[2021-04-16T18:18:25.924] [INFO] system - 【Windows版起動】
[2021-04-16T18:18:25.927] [INFO] system - キック：{"---1---":"====== BasicSetting ======","mainUrl":"https://t.livepocket.jp/","loginUrl":"https://t.livepocket.jp/login?acroot=header-new_p_u_nl","mypageUrl":"https://t.livepocket.jp/my_top","autoLogin":false,"confUser":"chiaochiao.sonmi@gmail.com","confPass":"sero3202","targetUrl":"https://t.livepocket.jp/e/satsuei0417/","targetTicket":null,"targetName":"前売チケット整理番号券","targetNumber":"2","storeTypeId":"002","startTime":"2021-04-16 22:00","isBrowse":true,"isFree":false,"isCredit":false,"isTest":false,"isLanguage":"ja","isStage":false,"isJamCheck":true,"isMailSend":false,"---2---":"====== MailSetting(GmailOnly) ======","fromMail":"sugachan.tectec@gmail.com","fromMailPass":"sero3202","toMail":"","toSysMail":"trigger@applet.ifttt.com","isWindows":["Windows"],"loginTime":"2021-04-16 21:45","notCheckOnly":true,"isClose":false}
[2021-04-16T18:18:25.946] [INFO] system - 2021-04-16 21:45:00までログイン処理待機中...
[2021-04-16T21:45:00.075] [INFO] system - ログイン処理想定時間到達
[2021-04-16T21:45:00.497] [INFO] system - ブラウザ起動後準備完了
[2021-04-16T21:45:05.372] [INFO] system - ログインページに移動完了
[2021-04-16T21:45:08.876] [INFO] system - ログイン完了
[2021-04-16T21:45:08.895] [INFO] system - 「前売チケット整理番号券」の存在を確認(.table #ticket-397249)
[2021-04-16T21:45:08.896] [INFO] system - 2021-04-16 22:00まで購入処理待機中...
[2021-04-16T22:00:00.006] [INFO] system - 購入処理想定時間到達
[2021-04-16T22:00:00.007] [INFO] system - <成績時間カウント開始>
[2021-04-16T22:00:00.008] [INFO] system - 購入可能状態確認start(1回目)
[2021-04-16T22:00:10.300] [INFO] system - 購入可能状態確認end
[2021-04-16T22:00:10.301] [INFO] system - 枚数選択start(1回目)
[2021-04-16T22:00:29.196] [INFO] system - 枚数選択end
[2021-04-16T22:00:29.197] [INFO] system - 決済処理start(1回目)
[2021-04-16T22:00:29.197] [INFO] system - 購入処理確定開始(freeBuy:false)
[2021-04-16T22:00:29.200] [INFO] system - 購入処理開始(有料)
[2021-04-16T22:00:29.531] [INFO] system - 規約に同意クリック
[2021-04-16T22:00:33.821] [INFO] system - 決済処理end
[2021-04-16T22:00:33.822] [INFO] system - <現在時刻：Fri Apr 16 2021 22:00:33 GMT+0900／成績：33.814秒>
[2021-04-16T22:00:33.823] [INFO] system - <成績：33.815秒>
