[2021-06-02T09:45:56.330] [INFO] system - 【Windows版起動】
[2021-06-02T09:45:56.332] [INFO] system - キック：{"---1---":"====== BasicSetting ======","mainUrl":"https://t.livepocket.jp/","loginUrl":"https://t.livepocket.jp/login?acroot=header-new_p_u_nl","mypageUrl":"https://t.livepocket.jp/my_top","autoLogin":false,"confUser":"chiaochiao.sonmi@gmail.com","confPass":"sero3202","targetUrl":"https://t.livepocket.jp/e/wakkuru_zepp0609/","targetTicket":null,"targetName":"後方チケット整理番号券","targetNumber":"1","storeTypeId":"002","startTime":"2021-05-31 23:00","isBrowse":true,"isFree":false,"isCredit":false,"isTest":true,"isLanguage":"ja","isStage":false,"isJamCheck":true,"isMailSend":false,"---2---":"====== MailSetting(GmailOnly) ======","fromMail":"sugachan.tectec@gmail.com","fromMailPass":"sero3202","toMail":"","toSysMail":"trigger@applet.ifttt.com","isWindows":["Windows"],"loginTime":"2021-05-31 22:45","notCheckOnly":true,"isClose":false,"isMobile":true,"dareSec":0,"chromePath":"C:/Program Files (x86)/Google/Chrome/Application/chrome.exe"}
[2021-06-02T09:45:56.349] [INFO] system - 【テスト】
[2021-06-02T09:45:56.356] [INFO] system - 2021-05-31 22:45:00にすでに到達
[2021-06-02T09:45:56.372] [INFO] system - ログイン処理想定時間到達
[2021-06-02T09:45:56.927] [INFO] system - ブラウザ起動後準備完了
[2021-06-02T09:46:00.062] [INFO] system - ログインページに移動完了
[2021-06-02T09:46:00.078] [INFO] system - 混線なし
[2021-06-02T09:46:05.396] [INFO] system - ログイン完了
[2021-06-02T09:46:05.409] [INFO] system - 混線なし
[2021-06-02T09:46:05.426] [INFO] system - 「後方チケット整理番号券」の存在を確認(.table #ticket-403833)
[2021-06-02T09:46:05.434] [INFO] system - 2021-05-31 23:00にすでに到達
[2021-06-02T09:46:05.434] [INFO] system - 購入処理想定時間到達
[2021-06-02T09:46:05.435] [INFO] system - <成績時間カウント開始>
[2021-06-02T09:46:05.435] [INFO] system - 購入可能状態確認start(1回目)
[2021-06-02T09:46:07.786] [INFO] system - 購入可能状態確認end
[2021-06-02T09:46:07.786] [INFO] system - 枚数選択start(1回目)
[2021-06-02T09:46:07.787] [INFO] system - 枚数選択時に明示的に0秒待機
[2021-06-02T09:46:07.788] [INFO] system - 1枚目選択開始
[2021-06-02T09:46:07.891] [INFO] system - 1枚目選択終了
[2021-06-02T09:46:11.937] [INFO] system - 枚数選択end
[2021-06-02T09:46:11.938] [INFO] system - 決済処理start(1回目)
[2021-06-02T09:46:11.938] [INFO] system - 購入処理確定開始(freeBuy:false)
[2021-06-02T09:46:11.938] [INFO] system - 購入処理開始(有料)
[2021-06-02T09:46:12.046] [INFO] system - 規約に同意クリック
[2021-06-02T09:46:12.047] [INFO] system - 【テスト:決済ロジック】
[2021-06-02T09:46:12.047] [INFO] system - テスト処理完了
[2021-06-02T09:46:12.048] [INFO] system - <現在時刻：Wed Jun 02 2021 09:46:12 GMT+0900／成績：6.613秒>
[2021-06-02T09:48:03.935] [INFO] system - 【Windows版起動】
[2021-06-02T09:48:03.937] [INFO] system - キック：{"---1---":"====== BasicSetting ======","mainUrl":"https://t.livepocket.jp/","loginUrl":"https://t.livepocket.jp/login?acroot=header-new_p_u_nl","mypageUrl":"https://t.livepocket.jp/my_top","autoLogin":false,"confUser":"chiaochiao.sonmi@gmail.com","confPass":"sero3202","targetUrl":"https://t.livepocket.jp/e/wakkuru_zepp0609/","targetTicket":null,"targetName":"後方チケット整理番号券","targetNumber":"1","storeTypeId":"002","startTime":"2021-05-31 23:00","isBrowse":true,"isFree":false,"isCredit":false,"isTest":true,"isLanguage":"ja","isStage":false,"isJamCheck":true,"isMailSend":false,"---2---":"====== MailSetting(GmailOnly) ======","fromMail":"sugachan.tectec@gmail.com","fromMailPass":"sero3202","toMail":"","toSysMail":"trigger@applet.ifttt.com","isWindows":["Windows"],"loginTime":"2021-05-31 22:45","notCheckOnly":true,"isClose":false,"isMobile":true,"dareSec":0,"chromePath":"C:/Program Files (x86)/Google/Chrome/Application/chrome.exe"}
[2021-06-02T09:48:03.950] [INFO] system - 【テスト】
[2021-06-02T09:48:03.957] [INFO] system - 2021-05-31 22:45:00にすでに到達
[2021-06-02T09:48:03.972] [INFO] system - ログイン処理想定時間到達
[2021-06-02T09:48:04.379] [INFO] system - ブラウザ起動後準備完了
[2021-06-02T09:48:05.874] [INFO] system - ログインページに移動完了
[2021-06-02T09:48:05.892] [INFO] system - 混線なし
[2021-06-02T09:48:08.256] [INFO] system - ログイン完了
[2021-06-02T09:48:08.266] [INFO] system - 混線なし
[2021-06-02T09:48:08.284] [INFO] system - 「後方チケット整理番号券」の存在を確認(.table #ticket-403833)
[2021-06-02T09:48:08.286] [INFO] system - 2021-05-31 23:00にすでに到達
[2021-06-02T09:48:08.287] [INFO] system - 購入処理想定時間到達
[2021-06-02T09:48:08.296] [INFO] system - <成績時間カウント開始>
[2021-06-02T09:48:08.296] [INFO] system - 購入可能状態確認start(1回目)
[2021-06-02T09:48:09.374] [INFO] system - 購入可能状態確認end
[2021-06-02T09:48:09.375] [INFO] system - 枚数選択start(1回目)
[2021-06-02T09:48:09.376] [INFO] system - 枚数選択時に明示的に0秒待機
[2021-06-02T09:48:09.377] [INFO] system - 1枚目選択開始
[2021-06-02T09:48:09.458] [INFO] system - 1枚目選択終了
[2021-06-02T09:48:14.215] [INFO] system - 枚数選択end
[2021-06-02T09:48:14.215] [INFO] system - 決済処理start(1回目)
[2021-06-02T09:48:14.215] [INFO] system - 購入処理確定開始(freeBuy:false)
[2021-06-02T09:48:14.216] [INFO] system - 購入処理開始(有料)
[2021-06-02T09:48:14.311] [INFO] system - 規約に同意クリック
[2021-06-02T09:48:14.312] [INFO] system - 【テスト:決済ロジック】
[2021-06-02T09:48:14.313] [INFO] system - テスト処理完了
[2021-06-02T09:48:14.314] [INFO] system - <現在時刻：Wed Jun 02 2021 09:48:14 GMT+0900／成績：6.017秒>
[2021-06-02T09:48:29.792] [INFO] system - 【Windows版起動】
[2021-06-02T09:48:29.793] [INFO] system - キック：{"---1---":"====== BasicSetting ======","mainUrl":"https://t.livepocket.jp/","loginUrl":"https://t.livepocket.jp/login?acroot=header-new_p_u_nl","mypageUrl":"https://t.livepocket.jp/my_top","autoLogin":false,"confUser":"chiaochiao.sonmi@gmail.com","confPass":"sero3202","targetUrl":"https://t.livepocket.jp/e/wakkuru_zepp0609/","targetTicket":null,"targetName":"後方チケット整理番号券","targetNumber":"1","storeTypeId":"002","startTime":"2021-05-31 23:00","isBrowse":true,"isFree":false,"isCredit":false,"isTest":true,"isLanguage":"ja","isStage":false,"isJamCheck":true,"isMailSend":false,"---2---":"====== MailSetting(GmailOnly) ======","fromMail":"sugachan.tectec@gmail.com","fromMailPass":"sero3202","toMail":"","toSysMail":"trigger@applet.ifttt.com","isWindows":["Windows"],"loginTime":"2021-05-31 22:45","notCheckOnly":true,"isClose":false,"isMobile":true,"dareSec":0,"chromePath":"C:/Program Files (x86)/Google/Chrome/Application/chrome.exe"}
[2021-06-02T09:48:29.806] [INFO] system - 【テスト】
[2021-06-02T09:48:29.811] [INFO] system - 2021-05-31 22:45:00にすでに到達
[2021-06-02T09:48:29.813] [INFO] system - ログイン処理想定時間到達
[2021-06-02T09:48:30.204] [INFO] system - ブラウザ起動後準備完了
[2021-06-02T09:48:31.606] [INFO] system - ログインページに移動完了
[2021-06-02T09:48:31.615] [INFO] system - 混線なし
[2021-06-02T09:48:34.807] [INFO] system - ログイン完了
[2021-06-02T09:48:34.816] [INFO] system - 混線なし
[2021-06-02T09:48:34.844] [INFO] system - 「後方チケット整理番号券」の存在を確認(.table #ticket-403833)
[2021-06-02T09:48:34.848] [INFO] system - 2021-05-31 23:00にすでに到達
[2021-06-02T09:48:34.851] [INFO] system - 購入処理想定時間到達
[2021-06-02T09:48:34.852] [INFO] system - <成績時間カウント開始>
[2021-06-02T09:48:34.852] [INFO] system - 購入可能状態確認start(1回目)
[2021-06-02T09:48:36.334] [INFO] system - 購入可能状態確認end
[2021-06-02T09:48:36.334] [INFO] system - 枚数選択start(1回目)
[2021-06-02T09:48:36.338] [INFO] system - 枚数選択時に明示的に0秒待機
[2021-06-02T09:48:36.344] [INFO] system - 1枚目選択開始
[2021-06-02T09:48:36.440] [INFO] system - 1枚目選択終了
[2021-06-02T09:48:41.598] [INFO] system - 枚数選択end
[2021-06-02T09:48:41.598] [INFO] system - 決済処理start(1回目)
[2021-06-02T09:48:41.599] [INFO] system - 購入処理確定開始(freeBuy:false)
[2021-06-02T09:48:41.599] [INFO] system - 購入処理開始(有料)
[2021-06-02T09:48:41.747] [INFO] system - 規約に同意クリック
[2021-06-02T09:48:41.747] [INFO] system - 【テスト:決済ロジック】
[2021-06-02T09:48:41.760] [INFO] system - テスト処理完了
[2021-06-02T09:48:41.761] [INFO] system - <現在時刻：Wed Jun 02 2021 09:48:41 GMT+0900／成績：6.909秒>
[2021-06-02T09:49:46.878] [INFO] system - 【Windows版起動】
[2021-06-02T09:49:46.879] [INFO] system - キック：{"---1---":"====== BasicSetting ======","mainUrl":"https://t.livepocket.jp/","loginUrl":"https://t.livepocket.jp/login?acroot=header-new_p_u_nl","mypageUrl":"https://t.livepocket.jp/my_top","autoLogin":false,"confUser":"chiaochiao.sonmi@gmail.com","confPass":"sero3202","targetUrl":"https://t.livepocket.jp/e/wakkuru_zepp0609/","targetTicket":null,"targetName":"後方チケット整理番号券","targetNumber":"1","storeTypeId":"002","startTime":"2021-05-31 23:00","isBrowse":true,"isFree":false,"isCredit":false,"isTest":true,"isLanguage":"ja","isStage":false,"isJamCheck":true,"isMailSend":false,"---2---":"====== MailSetting(GmailOnly) ======","fromMail":"sugachan.tectec@gmail.com","fromMailPass":"sero3202","toMail":"","toSysMail":"trigger@applet.ifttt.com","isWindows":["Windows"],"loginTime":"2021-05-31 22:45","notCheckOnly":true,"isClose":false,"isMobile":true,"dareSec":0,"chromePath":"C:/Program Files (x86)/Google/Chrome/Application/chrome.exe"}
[2021-06-02T09:49:46.895] [INFO] system - 【テスト】
[2021-06-02T09:49:46.903] [INFO] system - 2021-05-31 22:45:00にすでに到達
[2021-06-02T09:49:46.920] [INFO] system - ログイン処理想定時間到達
[2021-06-02T09:49:47.430] [INFO] system - ブラウザ起動後準備完了
[2021-06-02T09:49:49.365] [INFO] system - ログインページに移動完了
[2021-06-02T09:49:49.382] [INFO] system - 混線なし
[2021-06-02T09:49:53.053] [INFO] system - ログイン完了
[2021-06-02T09:49:53.063] [INFO] system - 混線なし
[2021-06-02T09:49:53.090] [INFO] system - 「後方チケット整理番号券」の存在を確認(.table #ticket-403833)
[2021-06-02T09:49:53.098] [INFO] system - 2021-05-31 23:00にすでに到達
[2021-06-02T09:49:53.100] [INFO] system - 購入処理想定時間到達
[2021-06-02T09:49:53.101] [INFO] system - <成績時間カウント開始>
[2021-06-02T09:49:53.101] [INFO] system - 購入可能状態確認start(1回目)
[2021-06-02T09:49:55.320] [INFO] system - 購入可能状態確認end
[2021-06-02T09:49:55.321] [INFO] system - 枚数選択start(1回目)
[2021-06-02T09:49:55.322] [INFO] system - 枚数選択時に明示的に0秒待機
[2021-06-02T09:49:55.336] [INFO] system - 1枚目選択開始
[2021-06-02T09:49:55.479] [INFO] system - 1枚目選択終了
[2021-06-02T09:50:00.529] [INFO] system - 枚数選択end
[2021-06-02T09:50:00.530] [INFO] system - 決済処理start(1回目)
[2021-06-02T09:50:00.530] [INFO] system - 購入処理確定開始(freeBuy:false)
[2021-06-02T09:50:00.530] [INFO] system - 購入処理開始(有料)
[2021-06-02T09:50:00.677] [INFO] system - 規約に同意クリック
[2021-06-02T09:50:00.677] [INFO] system - 【テスト:決済ロジック】
[2021-06-02T09:50:00.696] [INFO] system - テスト処理完了
[2021-06-02T09:50:00.698] [INFO] system - <現在時刻：Wed Jun 02 2021 09:50:00 GMT+0900／成績：7.597秒>
[2021-06-02T09:51:10.672] [INFO] system - 【Windows版起動】
[2021-06-02T09:51:10.674] [INFO] system - キック：{"---1---":"====== BasicSetting ======","mainUrl":"https://t.livepocket.jp/","loginUrl":"https://t.livepocket.jp/login?acroot=header-new_p_u_nl","mypageUrl":"https://t.livepocket.jp/my_top","autoLogin":false,"confUser":"chiaochiao.sonmi@gmail.com","confPass":"sero3202","targetUrl":"https://t.livepocket.jp/e/wakkuru_zepp0609/","targetTicket":null,"targetName":"後方チケット整理番号券","targetNumber":"1","storeTypeId":"002","startTime":"2021-05-31 23:00","isBrowse":true,"isFree":false,"isCredit":false,"isTest":true,"isLanguage":"ja","isStage":false,"isJamCheck":true,"isMailSend":false,"---2---":"====== MailSetting(GmailOnly) ======","fromMail":"sugachan.tectec@gmail.com","fromMailPass":"sero3202","toMail":"","toSysMail":"trigger@applet.ifttt.com","isWindows":["Windows"],"loginTime":"2021-05-31 22:45","notCheckOnly":true,"isClose":false,"isMobile":true,"dareSec":0,"chromePath":"C:/Program Files (x86)/Google/Chrome/Application/chrome.exe"}
[2021-06-02T09:51:10.686] [INFO] system - 【テスト】
[2021-06-02T09:51:10.691] [INFO] system - 2021-05-31 22:45:00にすでに到達
[2021-06-02T09:51:10.693] [INFO] system - ログイン処理想定時間到達
[2021-06-02T09:51:11.097] [INFO] system - ブラウザ起動後準備完了
[2021-06-02T09:51:14.152] [INFO] system - ログインページに移動完了
[2021-06-02T09:51:21.857] [ERROR] system - Error: Protocol error (Runtime.callFunctionOn): Target closed.
    at C:\source\yt-scraping\node_modules\puppeteer\lib\cjs\puppeteer\common\Connection.js:208:63
    at new Promise (<anonymous>)
    at CDPSession.send (C:\source\yt-scraping\node_modules\puppeteer\lib\cjs\puppeteer\common\Connection.js:207:16)
    at ExecutionContext._evaluateInternal (C:\source\yt-scraping\node_modules\puppeteer\lib\cjs\puppeteer\common\ExecutionContext.js:200:50)
    at ExecutionContext.evaluateHandle (C:\source\yt-scraping\node_modules\puppeteer\lib\cjs\puppeteer\common\ExecutionContext.js:151:21)
    at WaitTask.rerun (C:\source\yt-scraping\node_modules\puppeteer\lib\cjs\puppeteer\common\DOMWorld.js:498:71)
    at processTicksAndRejections (internal/process/task_queues.js:93:5)
[2021-06-02T09:51:21.888] [ERROR] system - ReferenceError: page is not defined
    at newBrowser (C:\source\yt-scraping\func-lpkick\lpkick.js:491:5)
    at processTicksAndRejections (internal/process/task_queues.js:93:5)
    at async C:\source\yt-scraping\func-lpkick\lpkick.js:117:5
[2021-06-02T09:51:23.721] [INFO] system - 【Windows版起動】
[2021-06-02T09:51:23.722] [INFO] system - キック：{"---1---":"====== BasicSetting ======","mainUrl":"https://t.livepocket.jp/","loginUrl":"https://t.livepocket.jp/login?acroot=header-new_p_u_nl","mypageUrl":"https://t.livepocket.jp/my_top","autoLogin":false,"confUser":"chiaochiao.sonmi@gmail.com","confPass":"sero3202","targetUrl":"https://t.livepocket.jp/e/wakkuru_zepp0609/","targetTicket":null,"targetName":"後方チケット整理番号券","targetNumber":"1","storeTypeId":"002","startTime":"2021-05-31 23:00","isBrowse":true,"isFree":false,"isCredit":false,"isTest":true,"isLanguage":"ja","isStage":false,"isJamCheck":true,"isMailSend":false,"---2---":"====== MailSetting(GmailOnly) ======","fromMail":"sugachan.tectec@gmail.com","fromMailPass":"sero3202","toMail":"","toSysMail":"trigger@applet.ifttt.com","isWindows":["Windows"],"loginTime":"2021-05-31 22:45","notCheckOnly":true,"isClose":false,"isMobile":true,"dareSec":0,"chromePath":"C:/Program Files (x86)/Google/Chrome/Application/chrome.exe"}
[2021-06-02T09:51:23.723] [INFO] system - 【テスト】
[2021-06-02T09:51:23.727] [INFO] system - 2021-05-31 22:45:00にすでに到達
[2021-06-02T09:51:23.739] [INFO] system - ログイン処理想定時間到達
[2021-06-02T09:51:24.114] [INFO] system - ブラウザ起動後準備完了
[2021-06-02T09:51:27.032] [INFO] system - ログインページに移動完了
[2021-06-02T09:51:27.048] [INFO] system - 混線なし
[2021-06-02T09:51:32.044] [INFO] system - ログイン完了
[2021-06-02T09:51:32.060] [INFO] system - 混線なし
[2021-06-02T09:51:32.094] [INFO] system - 「後方チケット整理番号券」の存在を確認(.table #ticket-403833)
[2021-06-02T09:51:32.096] [INFO] system - 2021-05-31 23:00にすでに到達
[2021-06-02T09:51:32.098] [INFO] system - 購入処理想定時間到達
[2021-06-02T09:51:32.099] [INFO] system - <成績時間カウント開始>
[2021-06-02T09:51:32.099] [INFO] system - 購入可能状態確認start(1回目)
[2021-06-02T09:51:34.325] [INFO] system - 購入可能状態確認end
[2021-06-02T09:51:34.326] [INFO] system - 枚数選択start(1回目)
[2021-06-02T09:51:34.328] [INFO] system - 枚数選択時に明示的に0秒待機
[2021-06-02T09:51:34.329] [INFO] system - 1枚目選択開始
[2021-06-02T09:51:34.422] [INFO] system - 1枚目選択終了
[2021-06-02T09:51:40.458] [INFO] system - 枚数選択end
[2021-06-02T09:51:40.458] [INFO] system - 決済処理start(1回目)
[2021-06-02T09:51:40.458] [INFO] system - 購入処理確定開始(freeBuy:false)
[2021-06-02T09:51:40.459] [INFO] system - 購入処理開始(有料)
[2021-06-02T09:51:40.561] [INFO] system - 規約に同意クリック
[2021-06-02T09:51:40.562] [INFO] system - 【テスト:決済ロジック】
[2021-06-02T09:51:40.563] [INFO] system - テスト処理完了
[2021-06-02T09:51:40.564] [INFO] system - <現在時刻：Wed Jun 02 2021 09:51:40 GMT+0900／成績：8.465秒>
[2021-06-02T09:54:31.753] [INFO] system - 【Windows版起動】
[2021-06-02T09:54:31.755] [INFO] system - キック：{"---1---":"====== BasicSetting ======","mainUrl":"https://t.livepocket.jp/","loginUrl":"https://t.livepocket.jp/login?acroot=header-new_p_u_nl","mypageUrl":"https://t.livepocket.jp/my_top","autoLogin":false,"confUser":"chiaochiao.sonmi@gmail.com","confPass":"sero3202","targetUrl":"https://t.livepocket.jp/e/wakkuru_zepp0609/","targetTicket":null,"targetName":"後方チケット整理番号券","targetNumber":"1","storeTypeId":"002","startTime":"2021-05-31 23:00","isBrowse":true,"isFree":false,"isCredit":false,"isTest":true,"isLanguage":"ja","isStage":false,"isJamCheck":true,"isMailSend":false,"---2---":"====== MailSetting(GmailOnly) ======","fromMail":"sugachan.tectec@gmail.com","fromMailPass":"sero3202","toMail":"","toSysMail":"trigger@applet.ifttt.com","isWindows":["Windows"],"loginTime":"2021-05-31 22:45","notCheckOnly":true,"isClose":false,"isMobile":true,"dareSec":0,"chromePath":"C:/Program Files (x86)/Google/Chrome/Application/chrome.exe"}
[2021-06-02T09:54:31.767] [INFO] system - 【テスト】
[2021-06-02T09:54:31.773] [INFO] system - 2021-05-31 22:45:00にすでに到達
[2021-06-02T09:54:31.785] [INFO] system - ログイン処理想定時間到達
[2021-06-02T09:54:32.166] [INFO] system - ブラウザ起動後準備完了
[2021-06-02T09:54:35.833] [INFO] system - ログインページに移動完了
[2021-06-02T09:54:35.849] [INFO] system - 混線なし
[2021-06-02T09:54:44.991] [INFO] system - ログイン完了
[2021-06-02T09:54:45.004] [INFO] system - 混線なし
[2021-06-02T09:54:45.029] [INFO] system - 「後方チケット整理番号券」の存在を確認(.table #ticket-403833)
[2021-06-02T09:54:45.031] [INFO] system - 2021-05-31 23:00にすでに到達
[2021-06-02T09:54:45.035] [INFO] system - 購入処理想定時間到達
[2021-06-02T09:54:45.035] [INFO] system - <成績時間カウント開始>
[2021-06-02T09:54:45.035] [INFO] system - 購入可能状態確認start(1回目)
[2021-06-02T09:54:49.681] [INFO] system - 購入可能状態確認end
[2021-06-02T09:54:49.682] [INFO] system - 枚数選択start(1回目)
[2021-06-02T09:54:49.683] [INFO] system - 枚数選択時に明示的に0秒待機
[2021-06-02T09:54:49.683] [INFO] system - 1枚目選択開始
[2021-06-02T09:54:49.772] [INFO] system - 1枚目選択終了
[2021-06-02T09:54:58.152] [INFO] system - 枚数選択end
[2021-06-02T09:54:58.152] [INFO] system - 決済処理start(1回目)
[2021-06-02T09:54:58.152] [INFO] system - 購入処理確定開始(freeBuy:false)
[2021-06-02T09:54:58.153] [INFO] system - 購入処理開始(有料)
[2021-06-02T09:54:58.298] [INFO] system - 規約に同意クリック
[2021-06-02T09:54:58.299] [INFO] system - 【テスト:決済ロジック】
[2021-06-02T09:54:58.306] [INFO] system - テスト処理完了
[2021-06-02T09:54:58.311] [INFO] system - <現在時刻：Wed Jun 02 2021 09:54:58 GMT+0900／成績：13.276秒>
[2021-06-02T09:55:07.957] [INFO] system - 【Windows版起動】
[2021-06-02T09:55:07.958] [INFO] system - キック：{"---1---":"====== BasicSetting ======","mainUrl":"https://t.livepocket.jp/","loginUrl":"https://t.livepocket.jp/login?acroot=header-new_p_u_nl","mypageUrl":"https://t.livepocket.jp/my_top","autoLogin":false,"confUser":"chiaochiao.sonmi@gmail.com","confPass":"sero3202","targetUrl":"https://t.livepocket.jp/e/wakkuru_zepp0609/","targetTicket":null,"targetName":"後方チケット整理番号券","targetNumber":"1","storeTypeId":"002","startTime":"2021-05-31 23:00","isBrowse":true,"isFree":false,"isCredit":false,"isTest":true,"isLanguage":"ja","isStage":false,"isJamCheck":true,"isMailSend":false,"---2---":"====== MailSetting(GmailOnly) ======","fromMail":"sugachan.tectec@gmail.com","fromMailPass":"sero3202","toMail":"","toSysMail":"trigger@applet.ifttt.com","isWindows":["Windows"],"loginTime":"2021-05-31 22:45","notCheckOnly":true,"isClose":false,"isMobile":true,"dareSec":0,"chromePath":"C:/Program Files (x86)/Google/Chrome/Application/chrome.exe"}
[2021-06-02T09:55:07.970] [INFO] system - 【テスト】
[2021-06-02T09:55:07.976] [INFO] system - 2021-05-31 22:45:00にすでに到達
[2021-06-02T09:55:07.978] [INFO] system - ログイン処理想定時間到達
[2021-06-02T09:55:08.376] [INFO] system - ブラウザ起動後準備完了
[2021-06-02T09:55:10.224] [INFO] system - ログインページに移動完了
[2021-06-02T09:55:10.241] [INFO] system - 混線なし
[2021-06-02T09:55:13.651] [INFO] system - ログイン完了
[2021-06-02T09:55:13.661] [INFO] system - 混線なし
[2021-06-02T09:55:13.684] [INFO] system - 「後方チケット整理番号券」の存在を確認(.table #ticket-403833)
[2021-06-02T09:55:13.686] [INFO] system - 2021-05-31 23:00にすでに到達
[2021-06-02T09:55:13.695] [INFO] system - 購入処理想定時間到達
[2021-06-02T09:55:13.696] [INFO] system - <成績時間カウント開始>
[2021-06-02T09:55:13.697] [INFO] system - 購入可能状態確認start(1回目)
[2021-06-02T09:55:15.118] [INFO] system - 購入可能状態確認end
[2021-06-02T09:55:15.118] [INFO] system - 枚数選択start(1回目)
[2021-06-02T09:55:15.122] [INFO] system - 枚数選択時に明示的に0秒待機
[2021-06-02T09:55:15.129] [INFO] system - 1枚目選択開始
[2021-06-02T09:55:15.222] [INFO] system - 1枚目選択終了
[2021-06-02T09:55:20.204] [INFO] system - 枚数選択end
[2021-06-02T09:55:20.204] [INFO] system - 決済処理start(1回目)
[2021-06-02T09:55:20.205] [INFO] system - 購入処理確定開始(freeBuy:false)
[2021-06-02T09:55:20.205] [INFO] system - 購入処理開始(有料)
[2021-06-02T09:55:20.328] [INFO] system - 規約に同意クリック
[2021-06-02T09:55:20.328] [INFO] system - 【テスト:決済ロジック】
[2021-06-02T09:55:20.341] [INFO] system - テスト処理完了
[2021-06-02T09:55:20.342] [INFO] system - <現在時刻：Wed Jun 02 2021 09:55:20 GMT+0900／成績：6.645秒>
[2021-06-02T09:59:32.166] [INFO] system - 【Windows版起動】
[2021-06-02T09:59:32.168] [INFO] system - キック：{"---1---":"====== BasicSetting ======","mainUrl":"https://t.livepocket.jp/","loginUrl":"https://t.livepocket.jp/login?acroot=header-new_p_u_nl","mypageUrl":"https://t.livepocket.jp/my_top","autoLogin":false,"confUser":"chiaochiao.sonmi@gmail.com","confPass":"sero3202","targetUrl":"https://t.livepocket.jp/e/wakkuru_zepp0609/","targetTicket":null,"targetName":"後方チケット整理番号券","targetNumber":"1","storeTypeId":"002","startTime":"2021-05-31 23:00","isBrowse":true,"isFree":false,"isCredit":false,"isTest":true,"isLanguage":"ja","isStage":false,"isJamCheck":true,"isMailSend":false,"---2---":"====== MailSetting(GmailOnly) ======","fromMail":"sugachan.tectec@gmail.com","fromMailPass":"sero3202","toMail":"","toSysMail":"trigger@applet.ifttt.com","isWindows":["Windows"],"loginTime":"2021-05-31 22:45","notCheckOnly":true,"isClose":false,"isMobile":true,"dareSec":0,"chromePath":"C:/Program Files (x86)/Google/Chrome/Application/chrome.exe"}
[2021-06-02T09:59:32.171] [INFO] system - 【テスト】
[2021-06-02T09:59:32.188] [INFO] system - 2021-05-31 22:45:00にすでに到達
[2021-06-02T09:59:32.201] [INFO] system - ログイン処理想定時間到達
[2021-06-02T09:59:32.787] [INFO] system - ブラウザ起動後準備完了
[2021-06-02T09:59:37.056] [INFO] system - ログインページに移動完了
[2021-06-02T09:59:37.071] [INFO] system - 混線なし
[2021-06-02T09:59:39.539] [INFO] system - ログイン完了
[2021-06-02T09:59:39.548] [INFO] system - 混線なし
[2021-06-02T09:59:39.568] [INFO] system - 「後方チケット整理番号券」の存在を確認(.table #ticket-403833)
[2021-06-02T09:59:39.569] [INFO] system - 2021-05-31 23:00にすでに到達
[2021-06-02T09:59:39.579] [INFO] system - 購入処理想定時間到達
[2021-06-02T09:59:39.580] [INFO] system - <成績時間カウント開始>
[2021-06-02T09:59:39.581] [INFO] system - 購入可能状態確認start(1回目)
[2021-06-02T09:59:40.693] [INFO] system - 購入可能状態確認end
[2021-06-02T09:59:40.694] [INFO] system - 枚数選択start(1回目)
[2021-06-02T09:59:40.695] [INFO] system - 枚数選択時に明示的に0秒待機
[2021-06-02T09:59:40.696] [INFO] system - 1枚目選択開始
[2021-06-02T09:59:40.779] [INFO] system - 1枚目選択終了
[2021-06-02T09:59:45.665] [INFO] system - 枚数選択end
[2021-06-02T09:59:45.666] [INFO] system - 決済処理start(1回目)
[2021-06-02T09:59:45.666] [INFO] system - 購入処理確定開始(freeBuy:false)
[2021-06-02T09:59:45.667] [INFO] system - 購入処理開始(有料)
[2021-06-02T09:59:45.879] [INFO] system - 規約に同意クリック
[2021-06-02T09:59:45.879] [INFO] system - 【テスト:決済ロジック】
[2021-06-02T09:59:45.880] [INFO] system - テスト処理完了
[2021-06-02T09:59:45.881] [INFO] system - <現在時刻：Wed Jun 02 2021 09:59:45 GMT+0900／成績：6.3秒>
[2021-06-02T10:10:54.175] [INFO] system - 【Windows版起動】
[2021-06-02T10:10:54.177] [INFO] system - キック：{"---1---":"====== BasicSetting ======","mainUrl":"https://t.livepocket.jp/","loginUrl":"https://t.livepocket.jp/login?acroot=header-new_p_u_nl","mypageUrl":"https://t.livepocket.jp/my_top","autoLogin":false,"confUser":"chiaochiao.sonmi@gmail.com","confPass":"sero3202","targetUrl":"https://t.livepocket.jp/e/wakkuru_zepp0609/","targetTicket":null,"targetName":"後方チケット整理番号券","targetNumber":"1","storeTypeId":"002","startTime":"2021-05-31 23:00","isBrowse":true,"isFree":false,"isCredit":false,"isTest":true,"isLanguage":"ja","isStage":false,"isJamCheck":true,"isMailSend":false,"---2---":"====== MailSetting(GmailOnly) ======","fromMail":"sugachan.tectec@gmail.com","fromMailPass":"sero3202","toMail":"","toSysMail":"trigger@applet.ifttt.com","isWindows":["Windows"],"loginTime":"2021-05-31 22:45","notCheckOnly":true,"isClose":false,"isMobile":true,"dareSec":0,"chromePath":"C:/Program Files (x86)/Google/Chrome/Application/chrome.exe"}
[2021-06-02T10:10:54.189] [INFO] system - 【テスト】
[2021-06-02T10:10:54.194] [INFO] system - 2021-05-31 22:45:00にすでに到達
[2021-06-02T10:10:54.205] [INFO] system - ログイン処理想定時間到達
[2021-06-02T10:10:54.207] [ERROR] system - Error: Exactly one of browserWSEndpoint, browserURL or transport must be passed to puppeteer.connect
    at Object.exports.assert (C:\source\yt-scraping\node_modules\puppeteer\lib\cjs\puppeteer\common\assert.js:26:15)
    at Object.exports.connectToBrowser (C:\source\yt-scraping\node_modules\puppeteer\lib\cjs\puppeteer\common\BrowserConnector.js:57:17)
    at PuppeteerNode.connect (C:\source\yt-scraping\node_modules\puppeteer\lib\cjs\puppeteer\common\Puppeteer.js:49:38)
    at PuppeteerNode.connect (C:\source\yt-scraping\node_modules\puppeteer\lib\cjs\puppeteer\node\Puppeteer.js:83:22)
    at newBrowser (C:\source\yt-scraping\func-lpkick\lpkick.js:247:37)
    at C:\source\yt-scraping\func-lpkick\lpkick.js:117:11
[2021-06-02T10:10:54.221] [ERROR] system - ReferenceError: page is not defined
    at newBrowser (C:\source\yt-scraping\func-lpkick\lpkick.js:483:5)
    at async C:\source\yt-scraping\func-lpkick\lpkick.js:117:5
[2021-06-02T10:29:53.619] [INFO] system - 【Windows版起動】
[2021-06-02T10:29:53.621] [INFO] system - キック：{"---1---":"====== BasicSetting ======","mainUrl":"https://t.livepocket.jp/","loginUrl":"https://t.livepocket.jp/login?acroot=header-new_p_u_nl","mypageUrl":"https://t.livepocket.jp/my_top","autoLogin":false,"confUser":"chiaochiao.sonmi@gmail.com","confPass":"sero3202","targetUrl":"https://t.livepocket.jp/e/wakkuru_zepp0609/","targetTicket":null,"targetName":"後方チケット整理番号券","targetNumber":"1","storeTypeId":"002","startTime":"2021-05-31 23:00","isBrowse":true,"isFree":false,"isCredit":false,"isTest":true,"isLanguage":"ja","isStage":false,"isJamCheck":true,"isMailSend":false,"---2---":"====== MailSetting(GmailOnly) ======","fromMail":"sugachan.tectec@gmail.com","fromMailPass":"sero3202","toMail":"","toSysMail":"trigger@applet.ifttt.com","isWindows":["Windows"],"loginTime":"2021-05-31 22:45","notCheckOnly":true,"isClose":false,"isMobile":true,"dareSec":0,"chromePath":"C:/Program Files (x86)/Google/Chrome/Application/chrome.exe"}
[2021-06-02T10:29:53.632] [INFO] system - 【テスト】
[2021-06-02T10:29:53.636] [INFO] system - 2021-05-31 22:45:00にすでに到達
[2021-06-02T10:29:53.638] [INFO] system - ログイン処理想定時間到達
[2021-06-02T10:29:54.175] [ERROR] system - ReferenceError: axios is not defined
    at newBrowser (C:\source\yt-scraping\func-lpkick\lpkick.js:252:22)
    at processTicksAndRejections (internal/process/task_queues.js:93:5)
    at async C:\source\yt-scraping\func-lpkick\lpkick.js:118:5
[2021-06-02T10:29:54.180] [ERROR] system - ReferenceError: page is not defined
    at newBrowser (C:\source\yt-scraping\func-lpkick\lpkick.js:490:5)
    at processTicksAndRejections (internal/process/task_queues.js:93:5)
    at async C:\source\yt-scraping\func-lpkick\lpkick.js:118:5
[2021-06-02T10:32:52.680] [INFO] system - 【Windows版起動】
[2021-06-02T10:32:52.682] [INFO] system - キック：{"---1---":"====== BasicSetting ======","mainUrl":"https://t.livepocket.jp/","loginUrl":"https://t.livepocket.jp/login?acroot=header-new_p_u_nl","mypageUrl":"https://t.livepocket.jp/my_top","autoLogin":false,"confUser":"chiaochiao.sonmi@gmail.com","confPass":"sero3202","targetUrl":"https://t.livepocket.jp/e/wakkuru_zepp0609/","targetTicket":null,"targetName":"後方チケット整理番号券","targetNumber":"1","storeTypeId":"002","startTime":"2021-05-31 23:00","isBrowse":true,"isFree":false,"isCredit":false,"isTest":true,"isLanguage":"ja","isStage":false,"isJamCheck":true,"isMailSend":false,"---2---":"====== MailSetting(GmailOnly) ======","fromMail":"sugachan.tectec@gmail.com","fromMailPass":"sero3202","toMail":"","toSysMail":"trigger@applet.ifttt.com","isWindows":["Windows"],"loginTime":"2021-05-31 22:45","notCheckOnly":true,"isClose":false,"isMobile":true,"dareSec":0,"chromePath":"C:/Program Files (x86)/Google/Chrome/Application/chrome.exe"}
[2021-06-02T10:32:52.696] [INFO] system - 【テスト】
[2021-06-02T10:32:52.712] [INFO] system - 2021-05-31 22:45:00にすでに到達
[2021-06-02T10:32:52.728] [INFO] system - ログイン処理想定時間到達
[2021-06-02T10:32:53.276] [ERROR] system - ReferenceError: axios is not defined
    at newBrowser (C:\source\yt-scraping\func-lpkick\lpkick.js:186:22)
    at processTicksAndRejections (internal/process/task_queues.js:93:5)
    at async C:\source\yt-scraping\func-lpkick\lpkick.js:118:5
[2021-06-02T10:32:53.280] [ERROR] system - ReferenceError: page is not defined
    at newBrowser (C:\source\yt-scraping\func-lpkick\lpkick.js:492:5)
    at processTicksAndRejections (internal/process/task_queues.js:93:5)
    at async C:\source\yt-scraping\func-lpkick\lpkick.js:118:5
[2021-06-02T10:33:33.702] [INFO] system - 【Windows版起動】
[2021-06-02T10:33:33.704] [INFO] system - キック：{"---1---":"====== BasicSetting ======","mainUrl":"https://t.livepocket.jp/","loginUrl":"https://t.livepocket.jp/login?acroot=header-new_p_u_nl","mypageUrl":"https://t.livepocket.jp/my_top","autoLogin":false,"confUser":"chiaochiao.sonmi@gmail.com","confPass":"sero3202","targetUrl":"https://t.livepocket.jp/e/wakkuru_zepp0609/","targetTicket":null,"targetName":"後方チケット整理番号券","targetNumber":"1","storeTypeId":"002","startTime":"2021-05-31 23:00","isBrowse":true,"isFree":false,"isCredit":false,"isTest":true,"isLanguage":"ja","isStage":false,"isJamCheck":true,"isMailSend":false,"---2---":"====== MailSetting(GmailOnly) ======","fromMail":"sugachan.tectec@gmail.com","fromMailPass":"sero3202","toMail":"","toSysMail":"trigger@applet.ifttt.com","isWindows":["Windows"],"loginTime":"2021-05-31 22:45","notCheckOnly":true,"isClose":false,"isMobile":true,"dareSec":0,"chromePath":"C:/Program Files (x86)/Google/Chrome/Application/chrome.exe"}
[2021-06-02T10:33:33.716] [INFO] system - 【テスト】
[2021-06-02T10:33:33.720] [INFO] system - 2021-05-31 22:45:00にすでに到達
[2021-06-02T10:33:33.725] [INFO] system - ログイン処理想定時間到達
[2021-06-02T10:33:34.504] [INFO] system - ブラウザ起動後準備完了
[2021-06-02T10:33:36.030] [INFO] system - ログインページに移動完了
[2021-06-02T10:33:36.046] [INFO] system - 混線なし
[2021-06-02T10:33:37.664] [ERROR] system - Error: Navigation failed because browser has disconnected!
    at C:\source\yt-scraping\node_modules\puppeteer\lib\cjs\puppeteer\common\LifecycleWatcher.js:51:147
    at C:\source\yt-scraping\node_modules\puppeteer\lib\cjs\vendor\mitt\src\index.js:51:62
    at Array.map (<anonymous>)
    at Object.emit (C:\source\yt-scraping\node_modules\puppeteer\lib\cjs\vendor\mitt\src\index.js:51:43)
    at CDPSession.emit (C:\source\yt-scraping\node_modules\puppeteer\lib\cjs\puppeteer\common\EventEmitter.js:72:22)
    at CDPSession._onClosed (C:\source\yt-scraping\node_modules\puppeteer\lib\cjs\puppeteer\common\Connection.js:247:14)
    at Connection._onClose (C:\source\yt-scraping\node_modules\puppeteer\lib\cjs\puppeteer\common\Connection.js:128:21)
    at WebSocket.<anonymous> (C:\source\yt-scraping\node_modules\puppeteer\lib\cjs\puppeteer\node\NodeWebSocketTransport.js:17:30)
    at WebSocket.onClose (C:\source\yt-scraping\node_modules\ws\lib\event-target.js:136:16)
    at WebSocket.emit (events.js:315:20)
[2021-06-02T10:33:37.676] [ERROR] system - Error: Protocol error (Target.activateTarget): Session closed. Most likely the page has been closed.
    at CDPSession.send (C:\source\yt-scraping\node_modules\puppeteer\lib\cjs\puppeteer\common\Connection.js:195:35)
    at Page._screenshotTask (C:\source\yt-scraping\node_modules\puppeteer\lib\cjs\puppeteer\common\Page.js:1084:28)
    at C:\source\yt-scraping\node_modules\puppeteer\lib\cjs\puppeteer\common\Page.js:1081:62
    at processTicksAndRejections (internal/process/task_queues.js:93:5)
[2021-06-02T10:33:37.679] [ERROR] system - ReferenceError: page is not defined
    at newBrowser (C:\source\yt-scraping\func-lpkick\lpkick.js:493:5)
    at processTicksAndRejections (internal/process/task_queues.js:93:5)
    at async C:\source\yt-scraping\func-lpkick\lpkick.js:119:5
[2021-06-02T10:34:50.449] [INFO] system - 【Windows版起動】
[2021-06-02T10:34:50.450] [INFO] system - キック：{"---1---":"====== BasicSetting ======","mainUrl":"https://t.livepocket.jp/","loginUrl":"https://t.livepocket.jp/login?acroot=header-new_p_u_nl","mypageUrl":"https://t.livepocket.jp/my_top","autoLogin":false,"confUser":"chiaochiao.sonmi@gmail.com","confPass":"sero3202","targetUrl":"https://t.livepocket.jp/e/wakkuru_zepp0609/","targetTicket":null,"targetName":"後方チケット整理番号券","targetNumber":"1","storeTypeId":"002","startTime":"2021-05-31 23:00","isBrowse":true,"isFree":false,"isCredit":false,"isTest":true,"isLanguage":"ja","isStage":false,"isJamCheck":true,"isMailSend":false,"---2---":"====== MailSetting(GmailOnly) ======","fromMail":"sugachan.tectec@gmail.com","fromMailPass":"sero3202","toMail":"","toSysMail":"trigger@applet.ifttt.com","isWindows":["Windows"],"loginTime":"2021-05-31 22:45","notCheckOnly":true,"isClose":false,"isMobile":true,"dareSec":0,"chromePath":"C:/Program Files (x86)/Google/Chrome/Application/chrome.exe"}
[2021-06-02T10:34:50.463] [INFO] system - 【テスト】
[2021-06-02T10:34:50.468] [INFO] system - 2021-05-31 22:45:00にすでに到達
[2021-06-02T10:34:50.470] [INFO] system - ログイン処理想定時間到達
[2021-06-02T10:34:51.081] [INFO] system - ブラウザ起動後準備完了
[2021-06-02T10:34:52.430] [INFO] system - ログインページに移動完了
[2021-06-02T10:34:52.440] [INFO] system - 混線なし
[2021-06-02T10:34:54.813] [INFO] system - ログイン完了
[2021-06-02T10:34:54.825] [INFO] system - 混線なし
[2021-06-02T10:34:54.842] [INFO] system - 「後方チケット整理番号券」の存在を確認(.table #ticket-403833)
[2021-06-02T10:34:54.843] [INFO] system - 2021-05-31 23:00にすでに到達
[2021-06-02T10:34:54.844] [INFO] system - 購入処理想定時間到達
[2021-06-02T10:34:54.845] [INFO] system - <成績時間カウント開始>
[2021-06-02T10:34:54.845] [INFO] system - 購入可能状態確認start(1回目)
[2021-06-02T10:34:55.735] [INFO] system - 購入可能状態確認end
[2021-06-02T10:34:55.736] [INFO] system - 枚数選択start(1回目)
[2021-06-02T10:34:55.739] [INFO] system - 枚数選択時に明示的に0秒待機
[2021-06-02T10:34:55.750] [INFO] system - 1枚目選択開始
[2021-06-02T10:34:55.821] [INFO] system - 1枚目選択終了
[2021-06-02T10:35:00.340] [INFO] system - 枚数選択end
[2021-06-02T10:35:00.341] [INFO] system - 決済処理start(1回目)
[2021-06-02T10:35:00.342] [INFO] system - 購入処理確定開始(freeBuy:false)
[2021-06-02T10:35:00.342] [INFO] system - 購入処理開始(有料)
[2021-06-02T10:35:00.468] [INFO] system - 規約に同意クリック
[2021-06-02T10:35:00.468] [INFO] system - 【テスト:決済ロジック】
[2021-06-02T10:35:00.469] [INFO] system - テスト処理完了
[2021-06-02T10:35:00.470] [INFO] system - <現在時刻：Wed Jun 02 2021 10:35:00 GMT+0900／成績：5.625秒>
[2021-06-02T10:35:20.507] [INFO] system - 【Windows版起動】
[2021-06-02T10:35:20.509] [INFO] system - キック：{"---1---":"====== BasicSetting ======","mainUrl":"https://t.livepocket.jp/","loginUrl":"https://t.livepocket.jp/login?acroot=header-new_p_u_nl","mypageUrl":"https://t.livepocket.jp/my_top","autoLogin":false,"confUser":"chiaochiao.sonmi@gmail.com","confPass":"sero3202","targetUrl":"https://t.livepocket.jp/e/wakkuru_zepp0609/","targetTicket":null,"targetName":"後方チケット整理番号券","targetNumber":"1","storeTypeId":"002","startTime":"2021-05-31 23:00","isBrowse":true,"isFree":false,"isCredit":false,"isTest":true,"isLanguage":"ja","isStage":false,"isJamCheck":true,"isMailSend":false,"---2---":"====== MailSetting(GmailOnly) ======","fromMail":"sugachan.tectec@gmail.com","fromMailPass":"sero3202","toMail":"","toSysMail":"trigger@applet.ifttt.com","isWindows":["Windows"],"loginTime":"2021-05-31 22:45","notCheckOnly":true,"isClose":false,"isMobile":true,"dareSec":0,"chromePath":"C:/Program Files (x86)/Google/Chrome/Application/chrome.exe"}
[2021-06-02T10:35:20.522] [INFO] system - 【テスト】
[2021-06-02T10:35:20.526] [INFO] system - 2021-05-31 22:45:00にすでに到達
[2021-06-02T10:35:20.529] [INFO] system - ログイン処理想定時間到達
[2021-06-02T10:35:21.136] [INFO] system - ブラウザ起動後準備完了
[2021-06-02T10:35:22.647] [INFO] system - ログインページに移動完了
[2021-06-02T10:35:22.655] [INFO] system - 混線なし
[2021-06-02T10:35:24.779] [INFO] system - ログイン完了
[2021-06-02T10:35:24.791] [INFO] system - 混線なし
[2021-06-02T10:35:24.806] [INFO] system - 「後方チケット整理番号券」の存在を確認(.table #ticket-403833)
[2021-06-02T10:35:24.808] [INFO] system - 2021-05-31 23:00にすでに到達
[2021-06-02T10:35:24.809] [INFO] system - 購入処理想定時間到達
[2021-06-02T10:35:24.809] [INFO] system - <成績時間カウント開始>
[2021-06-02T10:35:24.809] [INFO] system - 購入可能状態確認start(1回目)
[2021-06-02T10:35:25.927] [INFO] system - 購入可能状態確認end
[2021-06-02T10:35:25.929] [INFO] system - 枚数選択start(1回目)
[2021-06-02T10:35:25.931] [INFO] system - 枚数選択時に明示的に0秒待機
[2021-06-02T10:35:25.938] [INFO] system - 1枚目選択開始
[2021-06-02T10:35:26.005] [INFO] system - 1枚目選択終了
[2021-06-02T10:35:30.689] [INFO] system - 枚数選択end
[2021-06-02T10:35:30.689] [INFO] system - 決済処理start(1回目)
[2021-06-02T10:35:30.690] [INFO] system - 購入処理確定開始(freeBuy:false)
[2021-06-02T10:35:30.690] [INFO] system - 購入処理開始(有料)
[2021-06-02T10:35:30.785] [INFO] system - 規約に同意クリック
[2021-06-02T10:35:30.786] [INFO] system - 【テスト:決済ロジック】
[2021-06-02T10:35:30.787] [INFO] system - テスト処理完了
[2021-06-02T10:35:30.787] [INFO] system - <現在時刻：Wed Jun 02 2021 10:35:30 GMT+0900／成績：5.978秒>
[2021-06-02T10:35:48.975] [INFO] system - 【Windows版起動】
[2021-06-02T10:35:49.029] [INFO] system - キック：{"---1---":"====== BasicSetting ======","mainUrl":"https://t.livepocket.jp/","loginUrl":"https://t.livepocket.jp/login?acroot=header-new_p_u_nl","mypageUrl":"https://t.livepocket.jp/my_top","autoLogin":false,"confUser":"chiaochiao.sonmi@gmail.com","confPass":"sero3202","targetUrl":"https://t.livepocket.jp/e/wakkuru_zepp0609/","targetTicket":null,"targetName":"後方チケット整理番号券","targetNumber":"1","storeTypeId":"002","startTime":"2021-05-31 23:00","isBrowse":false,"isFree":false,"isCredit":false,"isTest":true,"isLanguage":"ja","isStage":false,"isJamCheck":true,"isMailSend":false,"---2---":"====== MailSetting(GmailOnly) ======","fromMail":"sugachan.tectec@gmail.com","fromMailPass":"sero3202","toMail":"","toSysMail":"trigger@applet.ifttt.com","isWindows":["Windows"],"loginTime":"2021-05-31 22:45","notCheckOnly":true,"isClose":false,"isMobile":true,"dareSec":0,"chromePath":"C:/Program Files (x86)/Google/Chrome/Application/chrome.exe"}
[2021-06-02T10:35:49.043] [INFO] system - 【テスト】
[2021-06-02T10:35:49.048] [INFO] system - 2021-05-31 22:45:00にすでに到達
[2021-06-02T10:35:49.061] [INFO] system - ログイン処理想定時間到達
[2021-06-02T10:35:49.667] [INFO] system - ブラウザ起動後準備完了
[2021-06-02T10:35:51.008] [INFO] system - ログインページに移動完了
[2021-06-02T10:35:51.018] [INFO] system - 混線なし
[2021-06-02T10:35:53.198] [INFO] system - ログイン完了
[2021-06-02T10:35:53.209] [INFO] system - 混線なし
[2021-06-02T10:35:53.224] [INFO] system - 「後方チケット整理番号券」の存在を確認(.table #ticket-403833)
[2021-06-02T10:35:53.225] [INFO] system - 2021-05-31 23:00にすでに到達
[2021-06-02T10:35:53.233] [INFO] system - 購入処理想定時間到達
[2021-06-02T10:35:53.234] [INFO] system - <成績時間カウント開始>
[2021-06-02T10:35:53.235] [INFO] system - 購入可能状態確認start(1回目)
[2021-06-02T10:35:54.246] [INFO] system - 購入可能状態確認end
[2021-06-02T10:35:54.246] [INFO] system - 枚数選択start(1回目)
[2021-06-02T10:35:54.248] [INFO] system - 枚数選択時に明示的に0秒待機
[2021-06-02T10:35:54.257] [INFO] system - 1枚目選択開始
[2021-06-02T10:35:54.334] [INFO] system - 1枚目選択終了
[2021-06-02T10:35:58.915] [INFO] system - 枚数選択end
[2021-06-02T10:35:58.915] [INFO] system - 決済処理start(1回目)
[2021-06-02T10:35:58.916] [INFO] system - 購入処理確定開始(freeBuy:false)
[2021-06-02T10:35:58.916] [INFO] system - 購入処理開始(有料)
[2021-06-02T10:35:59.014] [INFO] system - 規約に同意クリック
[2021-06-02T10:35:59.014] [INFO] system - 【テスト:決済ロジック】
[2021-06-02T10:35:59.015] [INFO] system - テスト処理完了
[2021-06-02T10:35:59.016] [INFO] system - <現在時刻：Wed Jun 02 2021 10:35:59 GMT+0900／成績：5.781秒>
[2021-06-02T10:37:32.767] [INFO] system - 【Windows版起動】
[2021-06-02T10:37:32.768] [INFO] system - キック：{"---1---":"====== BasicSetting ======","mainUrl":"https://t.livepocket.jp/","loginUrl":"https://t.livepocket.jp/login?acroot=header-new_p_u_nl","mypageUrl":"https://t.livepocket.jp/my_top","autoLogin":false,"confUser":"chiaochiao.sonmi@gmail.com","confPass":"sero3202","targetUrl":"https://t.livepocket.jp/e/wakkuru_zepp0609/","targetTicket":null,"targetName":"後方チケット整理番号券","targetNumber":"1","storeTypeId":"002","startTime":"2021-05-31 23:00","isBrowse":false,"isFree":false,"isCredit":false,"isTest":true,"isLanguage":"ja","isStage":false,"isJamCheck":true,"isMailSend":false,"---2---":"====== MailSetting(GmailOnly) ======","fromMail":"sugachan.tectec@gmail.com","fromMailPass":"sero3202","toMail":"","toSysMail":"trigger@applet.ifttt.com","isWindows":["Windows"],"loginTime":"2021-05-31 22:45","notCheckOnly":true,"isClose":false,"isMobile":true,"dareSec":0,"chromePath":"C:/Program Files (x86)/Google/Chrome/Application/chrome.exe"}
[2021-06-02T10:37:32.782] [INFO] system - 【テスト】
[2021-06-02T10:37:32.786] [INFO] system - 2021-05-31 22:45:00にすでに到達
[2021-06-02T10:37:32.791] [INFO] system - ログイン処理想定時間到達
[2021-06-02T10:37:33.889] [INFO] system - ブラウザ起動後準備完了
[2021-06-02T10:37:35.279] [INFO] system - ログインページに移動完了
[2021-06-02T10:37:35.290] [INFO] system - 混線なし
[2021-06-02T10:37:37.735] [INFO] system - ログイン完了
[2021-06-02T10:37:37.868] [INFO] system - 混線なし
[2021-06-02T10:37:37.879] [INFO] system - 「後方チケット整理番号券」の存在を確認(.table #ticket-403833)
[2021-06-02T10:37:37.886] [INFO] system - 2021-05-31 23:00にすでに到達
[2021-06-02T10:37:37.888] [INFO] system - 購入処理想定時間到達
[2021-06-02T10:37:37.889] [INFO] system - <成績時間カウント開始>
[2021-06-02T10:37:37.889] [INFO] system - 購入可能状態確認start(1回目)
[2021-06-02T10:37:39.086] [INFO] system - 購入可能状態確認end
[2021-06-02T10:37:39.087] [INFO] system - 枚数選択start(1回目)
[2021-06-02T10:37:39.090] [INFO] system - 枚数選択時に明示的に0秒待機
[2021-06-02T10:37:39.090] [INFO] system - 1枚目選択開始
[2021-06-02T10:37:39.149] [INFO] system - 1枚目選択終了
[2021-06-02T10:37:43.964] [INFO] system - 枚数選択end
[2021-06-02T10:37:43.964] [INFO] system - 決済処理start(1回目)
[2021-06-02T10:37:43.965] [INFO] system - 購入処理確定開始(freeBuy:false)
[2021-06-02T10:37:43.965] [INFO] system - 購入処理開始(有料)
[2021-06-02T10:37:44.041] [INFO] system - 規約に同意クリック
[2021-06-02T10:37:44.042] [INFO] system - 【テスト:決済ロジック】
[2021-06-02T10:37:44.042] [INFO] system - テスト処理完了
[2021-06-02T10:37:44.043] [INFO] system - <現在時刻：Wed Jun 02 2021 10:37:44 GMT+0900／成績：6.154秒>
[2021-06-02T10:40:18.272] [INFO] system - 【Windows版起動】
[2021-06-02T10:40:18.273] [INFO] system - キック：{"---1---":"====== BasicSetting ======","mainUrl":"https://t.livepocket.jp/","loginUrl":"https://t.livepocket.jp/login?acroot=header-new_p_u_nl","mypageUrl":"https://t.livepocket.jp/my_top","autoLogin":false,"confUser":"chiaochiao.sonmi@gmail.com","confPass":"sero3202","targetUrl":"https://t.livepocket.jp/e/wakkuru_zepp0609/","targetTicket":null,"targetName":"後方チケット整理番号券","targetNumber":"1","storeTypeId":"002","startTime":"2021-05-31 23:00","isBrowse":false,"isFree":false,"isCredit":false,"isTest":true,"isLanguage":"ja","isStage":false,"isJamCheck":true,"isMailSend":false,"---2---":"====== MailSetting(GmailOnly) ======","fromMail":"sugachan.tectec@gmail.com","fromMailPass":"sero3202","toMail":"","toSysMail":"trigger@applet.ifttt.com","isWindows":["Windows"],"loginTime":"2021-05-31 22:45","notCheckOnly":true,"isClose":false,"isMobile":true,"dareSec":0,"chromePath":"C:/Program Files (x86)/Google/Chrome/Application/chrome.exe","isConnect":true}
[2021-06-02T10:40:18.286] [INFO] system - 【テスト】
[2021-06-02T10:40:18.291] [INFO] system - 2021-05-31 22:45:00にすでに到達
[2021-06-02T10:40:18.294] [INFO] system - ログイン処理想定時間到達
[2021-06-02T10:40:18.919] [INFO] system - ブラウザ起動後準備完了
[2021-06-02T10:40:20.392] [INFO] system - ログインページに移動完了
[2021-06-02T10:40:20.401] [INFO] system - 混線なし
[2021-06-02T10:40:21.361] [ERROR] system - Error: Navigation failed because browser has disconnected!
    at C:\source\yt-scraping\node_modules\puppeteer\lib\cjs\puppeteer\common\LifecycleWatcher.js:51:147
    at C:\source\yt-scraping\node_modules\puppeteer\lib\cjs\vendor\mitt\src\index.js:51:62
    at Array.map (<anonymous>)
    at Object.emit (C:\source\yt-scraping\node_modules\puppeteer\lib\cjs\vendor\mitt\src\index.js:51:43)
    at CDPSession.emit (C:\source\yt-scraping\node_modules\puppeteer\lib\cjs\puppeteer\common\EventEmitter.js:72:22)
    at CDPSession._onClosed (C:\source\yt-scraping\node_modules\puppeteer\lib\cjs\puppeteer\common\Connection.js:247:14)
    at Connection._onMessage (C:\source\yt-scraping\node_modules\puppeteer\lib\cjs\puppeteer\common\Connection.js:94:25)
    at WebSocket.<anonymous> (C:\source\yt-scraping\node_modules\puppeteer\lib\cjs\puppeteer\node\NodeWebSocketTransport.js:13:32)
    at WebSocket.onMessage (C:\source\yt-scraping\node_modules\ws\lib\event-target.js:132:16)
    at WebSocket.emit (events.js:315:20)
[2021-06-02T10:40:21.380] [ERROR] system - Error: Protocol error (Target.activateTarget): Session closed. Most likely the page has been closed.
    at CDPSession.send (C:\source\yt-scraping\node_modules\puppeteer\lib\cjs\puppeteer\common\Connection.js:195:35)
    at Page._screenshotTask (C:\source\yt-scraping\node_modules\puppeteer\lib\cjs\puppeteer\common\Page.js:1084:28)
    at C:\source\yt-scraping\node_modules\puppeteer\lib\cjs\puppeteer\common\Page.js:1081:62
    at processTicksAndRejections (internal/process/task_queues.js:93:5)
[2021-06-02T10:40:21.382] [ERROR] system - ReferenceError: page is not defined
    at newBrowser (C:\source\yt-scraping\func-lpkick\lpkick.js:496:5)
    at processTicksAndRejections (internal/process/task_queues.js:93:5)
    at async C:\source\yt-scraping\func-lpkick\lpkick.js:119:5
[2021-06-02T10:40:39.707] [INFO] system - 【Windows版起動】
[2021-06-02T10:40:39.832] [INFO] system - キック：{"---1---":"====== BasicSetting ======","mainUrl":"https://t.livepocket.jp/","loginUrl":"https://t.livepocket.jp/login?acroot=header-new_p_u_nl","mypageUrl":"https://t.livepocket.jp/my_top","autoLogin":false,"confUser":"chiaochiao.sonmi@gmail.com","confPass":"sero3202","targetUrl":"https://t.livepocket.jp/e/wakkuru_zepp0609/","targetTicket":null,"targetName":"後方チケット整理番号券","targetNumber":"1","storeTypeId":"002","startTime":"2021-05-31 23:00","isBrowse":false,"isFree":false,"isCredit":false,"isTest":true,"isLanguage":"ja","isStage":false,"isJamCheck":true,"isMailSend":false,"---2---":"====== MailSetting(GmailOnly) ======","fromMail":"sugachan.tectec@gmail.com","fromMailPass":"sero3202","toMail":"","toSysMail":"trigger@applet.ifttt.com","isWindows":["Windows"],"loginTime":"2021-05-31 22:45","notCheckOnly":true,"isClose":false,"isMobile":true,"dareSec":0,"chromePath":"C:/Program Files (x86)/Google/Chrome/Application/chrome.exe","isConnect":false}
[2021-06-02T10:40:39.841] [INFO] system - 【テスト】
[2021-06-02T10:40:39.846] [INFO] system - 2021-05-31 22:45:00にすでに到達
[2021-06-02T10:40:40.047] [INFO] system - ログイン処理想定時間到達
[2021-06-02T10:40:40.598] [INFO] system - ブラウザ起動後準備完了
[2021-06-02T10:40:42.119] [INFO] system - ログインページに移動完了
[2021-06-02T10:40:42.136] [INFO] system - 混線なし
[2021-06-02T10:40:47.585] [INFO] system - 【Windows版起動】
[2021-06-02T10:40:47.587] [INFO] system - キック：{"---1---":"====== BasicSetting ======","mainUrl":"https://t.livepocket.jp/","loginUrl":"https://t.livepocket.jp/login?acroot=header-new_p_u_nl","mypageUrl":"https://t.livepocket.jp/my_top","autoLogin":false,"confUser":"chiaochiao.sonmi@gmail.com","confPass":"sero3202","targetUrl":"https://t.livepocket.jp/e/wakkuru_zepp0609/","targetTicket":null,"targetName":"後方チケット整理番号券","targetNumber":"1","storeTypeId":"002","startTime":"2021-05-31 23:00","isBrowse":true,"isFree":false,"isCredit":false,"isTest":true,"isLanguage":"ja","isStage":false,"isJamCheck":true,"isMailSend":false,"---2---":"====== MailSetting(GmailOnly) ======","fromMail":"sugachan.tectec@gmail.com","fromMailPass":"sero3202","toMail":"","toSysMail":"trigger@applet.ifttt.com","isWindows":["Windows"],"loginTime":"2021-05-31 22:45","notCheckOnly":true,"isClose":false,"isMobile":true,"dareSec":0,"chromePath":"C:/Program Files (x86)/Google/Chrome/Application/chrome.exe","isConnect":false}
[2021-06-02T10:40:47.599] [INFO] system - 【テスト】
[2021-06-02T10:40:47.604] [INFO] system - 2021-05-31 22:45:00にすでに到達
[2021-06-02T10:40:47.607] [INFO] system - ログイン処理想定時間到達
[2021-06-02T10:40:48.472] [INFO] system - ブラウザ起動後準備完了
[2021-06-02T10:40:50.289] [ERROR] system - Error: Navigation failed because browser has disconnected!
    at C:\source\yt-scraping\node_modules\puppeteer\lib\cjs\puppeteer\common\LifecycleWatcher.js:51:147
    at C:\source\yt-scraping\node_modules\puppeteer\lib\cjs\vendor\mitt\src\index.js:51:62
    at Array.map (<anonymous>)
    at Object.emit (C:\source\yt-scraping\node_modules\puppeteer\lib\cjs\vendor\mitt\src\index.js:51:43)
    at CDPSession.emit (C:\source\yt-scraping\node_modules\puppeteer\lib\cjs\puppeteer\common\EventEmitter.js:72:22)
    at CDPSession._onClosed (C:\source\yt-scraping\node_modules\puppeteer\lib\cjs\puppeteer\common\Connection.js:247:14)
    at Connection._onMessage (C:\source\yt-scraping\node_modules\puppeteer\lib\cjs\puppeteer\common\Connection.js:94:25)
    at WebSocket.<anonymous> (C:\source\yt-scraping\node_modules\puppeteer\lib\cjs\puppeteer\node\NodeWebSocketTransport.js:13:32)
    at WebSocket.onMessage (C:\source\yt-scraping\node_modules\ws\lib\event-target.js:132:16)
    at WebSocket.emit (events.js:315:20)
[2021-06-02T10:40:50.292] [ERROR] system - ReferenceError: page is not defined
    at newBrowser (C:\source\yt-scraping\func-lpkick\lpkick.js:496:5)
    at processTicksAndRejections (internal/process/task_queues.js:93:5)
    at async C:\source\yt-scraping\func-lpkick\lpkick.js:119:5
[2021-06-02T10:48:20.201] [INFO] system - 【Windows版起動】
[2021-06-02T10:48:20.202] [INFO] system - キック：{"---1---":"====== BasicSetting ======","mainUrl":"https://t.livepocket.jp/","loginUrl":"https://t.livepocket.jp/login?acroot=header-new_p_u_nl","mypageUrl":"https://t.livepocket.jp/my_top","autoLogin":false,"confUser":"chiaochiao.sonmi@gmail.com","confPass":"sero3202","targetUrl":"https://t.livepocket.jp/e/wakkuru_zepp0609/","targetTicket":null,"targetName":"後方チケット整理番号券","targetNumber":"1","storeTypeId":"002","startTime":"2021-05-31 23:00","isBrowse":true,"isFree":false,"isCredit":false,"isTest":true,"isLanguage":"ja","isStage":false,"isJamCheck":true,"isMailSend":false,"---2---":"====== MailSetting(GmailOnly) ======","fromMail":"sugachan.tectec@gmail.com","fromMailPass":"sero3202","toMail":"","toSysMail":"trigger@applet.ifttt.com","isWindows":["Windows"],"loginTime":"2021-05-31 22:45","notCheckOnly":true,"isClose":false,"isMobile":true,"dareSec":0,"chromePath":"C:/Program Files (x86)/Google/Chrome/Application/chrome.exe","isConnect":true}
[2021-06-02T10:48:20.214] [INFO] system - 【テスト】
[2021-06-02T10:48:20.219] [INFO] system - 2021-05-31 22:45:00にすでに到達
[2021-06-02T10:48:20.222] [INFO] system - ログイン処理想定時間到達
[2021-06-02T10:48:20.852] [INFO] system - ブラウザ起動後準備完了
[2021-06-02T10:48:22.222] [INFO] system - ログインページに移動完了
[2021-06-02T10:48:22.236] [INFO] system - 混線なし
[2021-06-02T10:48:22.818] [ERROR] system - Error: Navigation failed because browser has disconnected!
    at C:\source\yt-scraping\node_modules\puppeteer\lib\cjs\puppeteer\common\LifecycleWatcher.js:51:147
    at C:\source\yt-scraping\node_modules\puppeteer\lib\cjs\vendor\mitt\src\index.js:51:62
    at Array.map (<anonymous>)
    at Object.emit (C:\source\yt-scraping\node_modules\puppeteer\lib\cjs\vendor\mitt\src\index.js:51:43)
    at CDPSession.emit (C:\source\yt-scraping\node_modules\puppeteer\lib\cjs\puppeteer\common\EventEmitter.js:72:22)
    at CDPSession._onClosed (C:\source\yt-scraping\node_modules\puppeteer\lib\cjs\puppeteer\common\Connection.js:247:14)
    at Connection._onMessage (C:\source\yt-scraping\node_modules\puppeteer\lib\cjs\puppeteer\common\Connection.js:94:25)
    at WebSocket.<anonymous> (C:\source\yt-scraping\node_modules\puppeteer\lib\cjs\puppeteer\node\NodeWebSocketTransport.js:13:32)
    at WebSocket.onMessage (C:\source\yt-scraping\node_modules\ws\lib\event-target.js:132:16)
    at WebSocket.emit (events.js:315:20)
[2021-06-02T10:48:22.846] [ERROR] system - Error: Protocol error (Target.activateTarget): Session closed. Most likely the page has been closed.
    at CDPSession.send (C:\source\yt-scraping\node_modules\puppeteer\lib\cjs\puppeteer\common\Connection.js:195:35)
    at Page._screenshotTask (C:\source\yt-scraping\node_modules\puppeteer\lib\cjs\puppeteer\common\Page.js:1084:28)
    at C:\source\yt-scraping\node_modules\puppeteer\lib\cjs\puppeteer\common\Page.js:1081:62
    at processTicksAndRejections (internal/process/task_queues.js:93:5)
[2021-06-02T10:48:22.847] [ERROR] system - ReferenceError: page is not defined
    at newBrowser (C:\source\yt-scraping\func-lpkick\lpkick.js:500:5)
    at processTicksAndRejections (internal/process/task_queues.js:93:5)
    at async C:\source\yt-scraping\func-lpkick\lpkick.js:119:5
[2021-06-02T10:48:36.531] [INFO] system - 【Windows版起動】
[2021-06-02T10:48:36.533] [INFO] system - キック：{"---1---":"====== BasicSetting ======","mainUrl":"https://t.livepocket.jp/","loginUrl":"https://t.livepocket.jp/login?acroot=header-new_p_u_nl","mypageUrl":"https://t.livepocket.jp/my_top","autoLogin":false,"confUser":"chiaochiao.sonmi@gmail.com","confPass":"sero3202","targetUrl":"https://t.livepocket.jp/e/wakkuru_zepp0609/","targetTicket":null,"targetName":"後方チケット整理番号券","targetNumber":"1","storeTypeId":"002","startTime":"2021-05-31 23:00","isBrowse":false,"isFree":false,"isCredit":false,"isTest":true,"isLanguage":"ja","isStage":false,"isJamCheck":true,"isMailSend":false,"---2---":"====== MailSetting(GmailOnly) ======","fromMail":"sugachan.tectec@gmail.com","fromMailPass":"sero3202","toMail":"","toSysMail":"trigger@applet.ifttt.com","isWindows":["Windows"],"loginTime":"2021-05-31 22:45","notCheckOnly":true,"isClose":false,"isMobile":true,"dareSec":0,"chromePath":"C:/Program Files (x86)/Google/Chrome/Application/chrome.exe","isConnect":true}
[2021-06-02T10:48:36.544] [INFO] system - 【テスト】
[2021-06-02T10:48:36.549] [INFO] system - 2021-05-31 22:45:00にすでに到達
[2021-06-02T10:48:36.551] [INFO] system - ログイン処理想定時間到達
[2021-06-02T10:48:37.334] [INFO] system - ブラウザ起動後準備完了
[2021-06-02T10:48:38.830] [INFO] system - ログインページに移動完了
[2021-06-02T10:48:38.845] [INFO] system - 混線なし
[2021-06-02T10:48:40.929] [INFO] system - ログイン完了
[2021-06-02T10:48:40.940] [INFO] system - 混線なし
[2021-06-02T10:48:40.959] [INFO] system - 「後方チケット整理番号券」の存在を確認(.table #ticket-403833)
[2021-06-02T10:48:40.964] [INFO] system - 2021-05-31 23:00にすでに到達
[2021-06-02T10:48:40.966] [INFO] system - 購入処理想定時間到達
[2021-06-02T10:48:40.966] [INFO] system - <成績時間カウント開始>
[2021-06-02T10:48:40.967] [INFO] system - 購入可能状態確認start(1回目)
[2021-06-02T10:48:42.168] [INFO] system - 購入可能状態確認end
[2021-06-02T10:48:42.169] [INFO] system - 枚数選択start(1回目)
[2021-06-02T10:48:42.171] [INFO] system - 枚数選択時に明示的に0秒待機
[2021-06-02T10:48:42.181] [INFO] system - 1枚目選択開始
[2021-06-02T10:48:42.237] [INFO] system - 1枚目選択終了
[2021-06-02T10:48:46.672] [INFO] system - 枚数選択end
[2021-06-02T10:48:46.673] [INFO] system - 決済処理start(1回目)
[2021-06-02T10:48:46.673] [INFO] system - 購入処理確定開始(freeBuy:false)
[2021-06-02T10:48:46.674] [INFO] system - 購入処理開始(有料)
[2021-06-02T10:48:46.750] [INFO] system - 規約に同意クリック
[2021-06-02T10:48:46.750] [INFO] system - 【テスト:決済ロジック】
[2021-06-02T10:48:46.751] [INFO] system - テスト処理完了
[2021-06-02T10:48:46.751] [INFO] system - <現在時刻：Wed Jun 02 2021 10:48:46 GMT+0900／成績：5.784秒>
[2021-06-02T10:48:56.891] [INFO] system - 【Windows版起動】
[2021-06-02T10:48:56.893] [INFO] system - キック：{"---1---":"====== BasicSetting ======","mainUrl":"https://t.livepocket.jp/","loginUrl":"https://t.livepocket.jp/login?acroot=header-new_p_u_nl","mypageUrl":"https://t.livepocket.jp/my_top","autoLogin":false,"confUser":"chiaochiao.sonmi@gmail.com","confPass":"sero3202","targetUrl":"https://t.livepocket.jp/e/wakkuru_zepp0609/","targetTicket":null,"targetName":"後方チケット整理番号券","targetNumber":"1","storeTypeId":"002","startTime":"2021-05-31 23:00","isBrowse":true,"isFree":false,"isCredit":false,"isTest":true,"isLanguage":"ja","isStage":false,"isJamCheck":true,"isMailSend":false,"---2---":"====== MailSetting(GmailOnly) ======","fromMail":"sugachan.tectec@gmail.com","fromMailPass":"sero3202","toMail":"","toSysMail":"trigger@applet.ifttt.com","isWindows":["Windows"],"loginTime":"2021-05-31 22:45","notCheckOnly":true,"isClose":false,"isMobile":true,"dareSec":0,"chromePath":"C:/Program Files (x86)/Google/Chrome/Application/chrome.exe","isConnect":true}
[2021-06-02T10:48:56.905] [INFO] system - 【テスト】
[2021-06-02T10:48:56.910] [INFO] system - 2021-05-31 22:45:00にすでに到達
[2021-06-02T10:48:56.912] [INFO] system - ログイン処理想定時間到達
[2021-06-02T10:48:57.517] [INFO] system - ブラウザ起動後準備完了
[2021-06-02T10:48:58.855] [INFO] system - ログインページに移動完了
[2021-06-02T10:48:58.869] [INFO] system - 混線なし
[2021-06-02T10:49:01.305] [INFO] system - ログイン完了
[2021-06-02T10:49:01.317] [INFO] system - 混線なし
[2021-06-02T10:49:01.333] [INFO] system - 「後方チケット整理番号券」の存在を確認(.table #ticket-403833)
[2021-06-02T10:49:01.335] [INFO] system - 2021-05-31 23:00にすでに到達
[2021-06-02T10:49:01.336] [INFO] system - 購入処理想定時間到達
[2021-06-02T10:49:01.336] [INFO] system - <成績時間カウント開始>
[2021-06-02T10:49:01.336] [INFO] system - 購入可能状態確認start(1回目)
[2021-06-02T10:49:02.527] [INFO] system - 購入可能状態確認end
[2021-06-02T10:49:02.528] [INFO] system - 枚数選択start(1回目)
[2021-06-02T10:49:02.529] [INFO] system - 枚数選択時に明示的に0秒待機
[2021-06-02T10:49:02.529] [INFO] system - 1枚目選択開始
[2021-06-02T10:49:02.613] [INFO] system - 1枚目選択終了
[2021-06-02T10:49:07.250] [INFO] system - 枚数選択end
[2021-06-02T10:49:07.250] [INFO] system - 決済処理start(1回目)
[2021-06-02T10:49:07.251] [INFO] system - 購入処理確定開始(freeBuy:false)
[2021-06-02T10:49:07.252] [INFO] system - 購入処理開始(有料)
[2021-06-02T10:49:07.360] [INFO] system - 規約に同意クリック
[2021-06-02T10:49:07.360] [INFO] system - 【テスト:決済ロジック】
[2021-06-02T10:49:07.361] [INFO] system - テスト処理完了
[2021-06-02T10:49:07.362] [INFO] system - <現在時刻：Wed Jun 02 2021 10:49:07 GMT+0900／成績：6.026秒>
[2021-06-02T10:49:48.251] [INFO] system - 【Windows版起動】
[2021-06-02T10:49:48.253] [INFO] system - キック：{"---1---":"====== BasicSetting ======","mainUrl":"https://t.livepocket.jp/","loginUrl":"https://t.livepocket.jp/login?acroot=header-new_p_u_nl","mypageUrl":"https://t.livepocket.jp/my_top","autoLogin":false,"confUser":"chiaochiao.sonmi@gmail.com","confPass":"sero3202","targetUrl":"https://t.livepocket.jp/e/wakkuru_zepp0609/","targetTicket":null,"targetName":"後方チケット整理番号券","targetNumber":"1","storeTypeId":"002","startTime":"2021-05-31 23:00","isBrowse":false,"isFree":false,"isCredit":false,"isTest":true,"isLanguage":"ja","isStage":false,"isJamCheck":true,"isMailSend":false,"---2---":"====== MailSetting(GmailOnly) ======","fromMail":"sugachan.tectec@gmail.com","fromMailPass":"sero3202","toMail":"","toSysMail":"trigger@applet.ifttt.com","isWindows":["Windows"],"loginTime":"2021-05-31 22:45","notCheckOnly":true,"isClose":false,"isMobile":true,"dareSec":0,"isConnect":true}
[2021-06-02T10:49:48.264] [INFO] system - 【テスト】
[2021-06-02T10:49:48.269] [INFO] system - 2021-05-31 22:45:00にすでに到達
[2021-06-02T10:49:48.272] [INFO] system - ログイン処理想定時間到達
[2021-06-02T10:49:49.059] [INFO] system - ブラウザ起動後準備完了
[2021-06-02T10:49:50.459] [INFO] system - ログインページに移動完了
[2021-06-02T10:49:50.475] [INFO] system - 混線なし
[2021-06-02T10:49:52.710] [INFO] system - ログイン完了
[2021-06-02T10:49:52.721] [INFO] system - 混線なし
[2021-06-02T10:49:52.736] [INFO] system - 「後方チケット整理番号券」の存在を確認(.table #ticket-403833)
[2021-06-02T10:49:52.737] [INFO] system - 2021-05-31 23:00にすでに到達
[2021-06-02T10:49:52.739] [INFO] system - 購入処理想定時間到達
[2021-06-02T10:49:52.746] [INFO] system - <成績時間カウント開始>
[2021-06-02T10:49:52.747] [INFO] system - 購入可能状態確認start(1回目)
[2021-06-02T10:49:53.912] [INFO] system - 購入可能状態確認end
[2021-06-02T10:49:53.912] [INFO] system - 枚数選択start(1回目)
[2021-06-02T10:49:53.913] [INFO] system - 枚数選択時に明示的に0秒待機
[2021-06-02T10:49:53.914] [INFO] system - 1枚目選択開始
[2021-06-02T10:49:53.984] [INFO] system - 1枚目選択終了
[2021-06-02T10:49:58.754] [INFO] system - 枚数選択end
[2021-06-02T10:49:58.755] [INFO] system - 決済処理start(1回目)
[2021-06-02T10:49:58.755] [INFO] system - 購入処理確定開始(freeBuy:false)
[2021-06-02T10:49:58.756] [INFO] system - 購入処理開始(有料)
[2021-06-02T10:49:58.829] [INFO] system - 規約に同意クリック
[2021-06-02T10:49:58.829] [INFO] system - 【テスト:決済ロジック】
[2021-06-02T10:49:58.830] [INFO] system - テスト処理完了
[2021-06-02T10:49:58.831] [INFO] system - <現在時刻：Wed Jun 02 2021 10:49:58 GMT+0900／成績：6.084秒>
