[2021-01-21T22:39:39.296] [INFO] system - キック：{"---1---":"====== BasicSetting ======","mainUrl":"https://t.livepocket.jp/","loginUrl":"https://t.livepocket.jp/login?acroot=header-new_p_u_nl","mypageUrl":"https://t.livepocket.jp/my_top","autoLogin":false,"confUser":"sugachan.tectec@gmail.com","confPass":"6yjAWLhCxVT2","targetUrl":"https://t.livepocket.jp/e/shihuku0124/","targetTicket":".table #ticket-334786","targetName":"優先入場チケット整理番号券","targetNumber":"1","storeTypeId":"002","startTime":"2021-01-19 23:00","isBrowse":false,"isFree":false,"isCredit":false,"isTest":true,"isLanguage":"ja","---2---":"====== MailSetting(GmailOnly) ======","fromMail":"sugachan.tectec@gmail.com","fromMailPass":"sero3202","toMail":"trigger@applet.ifttt.com","toSysMail":"trigger@applet.ifttt.com"}
[2021-01-21T22:39:39.300] [INFO] system - 【テスト】
[2021-01-21T22:39:39.332] [INFO] system - 2021-01-19 22:45:00にすでに到達
[2021-01-21T22:39:39.341] [INFO] system - ログイン処理想定時間到達
[2021-01-21T22:39:42.676] [INFO] system - send successful
[2021-01-21T22:39:48.386] [INFO] system - 混線なし
[2021-01-21T22:39:48.388] [INFO] system - ログインページに移動完了
[2021-01-21T22:40:01.122] [INFO] system - 混線なし
[2021-01-21T22:40:02.779] [INFO] system - ログイン完了
[2021-01-21T22:40:02.905] [INFO] system - 「優先入場チケット整理番号券」の存在を確認(.table #ticket-341152)
[2021-01-21T22:40:02.907] [INFO] system - 2021-01-19 23:00にすでに到達
[2021-01-21T22:40:02.908] [INFO] system - 購入処理想定時間到達
[2021-01-21T22:40:02.916] [INFO] system - <成績時間カウント開始>
[2021-01-21T22:40:05.347] [INFO] system - 混線なし
[2021-01-21T22:40:05.351] [INFO] system - 購入状態確認(1回目に成功)
[2021-01-21T22:40:05.361] [INFO] system - 購入処理開始(確定前)
[2021-01-21T22:40:07.127] [INFO] system - 混線なし
[2021-01-21T22:40:07.128] [INFO] system - 購入処理確定開始(freeBuy:false)
[2021-01-21T22:40:07.129] [INFO] system - 購入処理開始(有料)
[2021-01-21T22:40:07.317] [INFO] system - 【テスト:決済ロジック】
[2021-01-21T22:40:07.318] [INFO] system - <成績：4.402秒>
[2021-01-21T22:40:10.890] [INFO] system - send successful
