[2021-01-09T12:07:25.966] [INFO] system - 2021-01-08 21:45:00にすでに到達
[2021-01-09T12:07:25.971] [INFO] system - ログイン処理想定時間到達
[2021-01-09T12:07:29.913] [INFO] system - send successful
[2021-01-09T12:07:31.524] [INFO] system - 混線なし
[2021-01-09T12:07:31.525] [INFO] system - ログインページに移動完了
[2021-01-09T12:07:34.424] [INFO] system - 混線なし
[2021-01-09T12:07:36.132] [INFO] system - ログイン完了
[2021-01-09T12:07:36.276] [ERROR] system - 設定不備の可能性があります
[2021-01-09T12:07:36.277] [ERROR] system - Error
    at newBrowser (C:\sourse\scraping\func-lpkick\lpkick.js:176:13)
    at runMicrotasks (<anonymous>)
    at processTicksAndRejections (internal/process/task_queues.js:93:5)
    at async C:\sourse\scraping\func-lpkick\lpkick.js:80:5
[2021-01-09T12:07:36.293] [ERROR] system - ReferenceError: page is not defined
    at newBrowser (C:\sourse\scraping\func-lpkick\lpkick.js:232:5)
    at runMicrotasks (<anonymous>)
    at processTicksAndRejections (internal/process/task_queues.js:93:5)
    at async C:\sourse\scraping\func-lpkick\lpkick.js:80:5
[2021-01-09T12:26:29.877] [INFO] system - 2021-01-08 21:45:00にすでに到達
[2021-01-09T12:26:29.880] [INFO] system - ログイン処理想定時間到達
[2021-01-09T12:26:33.523] [INFO] system - send successful
[2021-01-09T12:26:33.780] [INFO] system - 混線なし
[2021-01-09T12:26:33.781] [INFO] system - ログインページに移動完了
[2021-01-09T12:26:36.481] [INFO] system - 混線なし
[2021-01-09T12:26:38.100] [INFO] system - ログイン完了
[2021-01-09T12:26:38.143] [ERROR] system - 設定不備の可能性があります
[2021-01-09T12:26:38.144] [ERROR] system - Error
    at newBrowser (C:\sourse\scraping\func-lpkick\lpkick.js:176:13)
    at runMicrotasks (<anonymous>)
    at processTicksAndRejections (internal/process/task_queues.js:93:5)
    at async C:\sourse\scraping\func-lpkick\lpkick.js:80:5
[2021-01-09T12:26:38.159] [ERROR] system - ReferenceError: page is not defined
    at newBrowser (C:\sourse\scraping\func-lpkick\lpkick.js:232:5)
    at runMicrotasks (<anonymous>)
    at processTicksAndRejections (internal/process/task_queues.js:93:5)
    at async C:\sourse\scraping\func-lpkick\lpkick.js:80:5
[2021-01-09T12:29:50.111] [INFO] system - 2021-01-08 21:45:00にすでに到達
[2021-01-09T12:29:50.114] [INFO] system - ログイン処理想定時間到達
[2021-01-09T12:29:53.708] [INFO] system - send successful
[2021-01-09T12:29:53.870] [INFO] system - 混線なし
[2021-01-09T12:29:53.870] [INFO] system - ログインページに移動完了
[2021-01-09T12:29:56.553] [INFO] system - 混線なし
[2021-01-09T12:29:58.192] [INFO] system - ログイン完了
[2021-01-09T12:29:58.229] [ERROR] system - 設定不備の可能性があります
[2021-01-09T12:29:58.230] [ERROR] system - {"---1---":"====== BasicSetting ======","mainUrl":"https://t.livepocket.jp/","loginUrl":"https://t.livepocket.jp/login?acroot=header-new_p_u_nl","mypageUrl":"https://t.livepocket.jp/my_top","autoLogin":false,"confUser":"mika2mi0321@ezweb.ne.jp","confPass":"mika2mi3","targetUrl":" https://t.livepocket.jp/e/jumpjumpjump0130","targetTicket":".table #ticket-334786","targetName":" Sチケット整理番号券","targetNumber":"1","storeTypeId":"016","startTime":"2021-01-08 22:00","isBrowse":false,"isFree":false,"isCredit":false,"isTest":true,"isLanguage":"ja","---2---":"====== MailSetting(GmailOnly) ======","fromMail":"sugachan.tectec@gmail.com","fromMailPass":"sero3202","toMail":"ytsys3993@gmail.com","toSysMail":"trigger@applet.ifttt.com"}
[2021-01-09T12:29:58.232] [ERROR] system - Error
    at newBrowser (C:\sourse\scraping\func-lpkick\lpkick.js:177:13)
    at runMicrotasks (<anonymous>)
    at processTicksAndRejections (internal/process/task_queues.js:93:5)
    at async C:\sourse\scraping\func-lpkick\lpkick.js:80:5
[2021-01-09T12:29:58.252] [ERROR] system - ReferenceError: page is not defined
    at newBrowser (C:\sourse\scraping\func-lpkick\lpkick.js:233:5)
    at runMicrotasks (<anonymous>)
    at processTicksAndRejections (internal/process/task_queues.js:93:5)
    at async C:\sourse\scraping\func-lpkick\lpkick.js:80:5
