[2021-07-26T00:01:44.272] [INFO] system - キック：{"isWindows":["Windows"],"---1---":"====== BasicSetting ======","mypageUrl":"https://t.livepocket.jp/my_top","autoLogin":false,"confUser":"chiaochiao.sonmi@gmail.com","confPass":"sero3202","testUser":"kisyan3333@gmail.com","testPass":"6yjAWLhCxVT2","targetUrl":"https://t.livepocket.jp/e/pannana0727/","targetName":"1部前売チケット整理番号券","targetNumber":"1","storeTypeId":"002","loginTime":"2021-07-25 23:15","startTime":"2021-07-25 23:30","isBrowse":true,"isTest":true,"isJamCheck":true,"isCredit":false,"isMailSend":false,"notCheckOnly":true,"isClose":false,"isMobile":true,"dareSec":0,"isConnect":true,"isLogger":true,"advSec":-170,"isOrigin":true,"jamTryCnt":10,"---2---":"====== MailSetting(GmailOnly) ======","fromMail":"sugachan.tectec@gmail.com","fromMailPass":"sero3202","toMail":"","toSysMail":"trigger@applet.ifttt.com"}
[2021-07-26T00:01:44.287] [INFO] system - 【テスト】
[2021-07-26T00:01:44.291] [INFO] system - 2021-07-25 23:15:00にすでに到達
[2021-07-26T00:01:44.298] [INFO] system - ログイン処理想定時間到達
[2021-07-26T00:01:45.067] [INFO] system - ブラウザ起動後準備完了
[2021-07-26T00:01:46.603] [INFO] system - ログインページに移動完了
[2021-07-26T00:01:46.616] [INFO] system - 混線なし
[2021-07-26T00:01:49.053] [INFO] system - ログイン完了
[2021-07-26T00:01:49.067] [INFO] system - 混線なし
[2021-07-26T00:01:49.083] [INFO] system - 「1部前売チケット整理番号券」の存在を確認(.table #ticket-463837)
[2021-07-26T00:01:51.966] [INFO] system - .table #ticket-463837ロック外し開始
[2021-07-26T00:01:51.979] [INFO] system - 1セット選択終了
[2021-07-26T00:01:51.982] [INFO] system - 2021-07-25 23:29にすでに到達
[2021-07-26T00:01:52.003] [INFO] system - 前ページへ移動
[2021-07-26T00:01:53.192] [INFO] system - 2021-07-25 23:29にすでに到達
[2021-07-26T00:01:53.195] [INFO] system - 購入処理想定時間到達
[2021-07-26T00:01:53.203] [INFO] system - <成績時間カウント開始>
[2021-07-26T00:01:53.204] [INFO] system - 購入可能状態確認start(1回目)
[2021-07-26T00:01:53.205] [INFO] system - 次ページへ移動
[2021-07-26T00:01:54.486] [INFO] system - 購入可能状態確認end
[2021-07-26T00:01:54.487] [INFO] system - 枚数選択start(1回目)
[2021-07-26T00:01:54.488] [INFO] system - 購入クリック処理1回目
[2021-07-26T00:01:54.502] [INFO] system - 次ページが見つかった
[2021-07-26T00:01:54.503] [INFO] system - 決済ページ遷移確認1回目に成功
[2021-07-26T00:01:54.503] [INFO] system - 枚数選択end(1回目)
[2021-07-26T00:01:58.659] [ERROR] system - Error: Protocol error (Runtime.callFunctionOn): Target closed.
    at C:\source\yt-scraping\node_modules\puppeteer\lib\cjs\puppeteer\common\Connection.js:208:63
    at new Promise (<anonymous>)
    at CDPSession.send (C:\source\yt-scraping\node_modules\puppeteer\lib\cjs\puppeteer\common\Connection.js:207:16)
    at ExecutionContext._evaluateInternal (C:\source\yt-scraping\node_modules\puppeteer\lib\cjs\puppeteer\common\ExecutionContext.js:200:50)
    at ExecutionContext.evaluateHandle (C:\source\yt-scraping\node_modules\puppeteer\lib\cjs\puppeteer\common\ExecutionContext.js:151:21)
    at WaitTask.rerun (C:\source\yt-scraping\node_modules\puppeteer\lib\cjs\puppeteer\common\DOMWorld.js:498:71)
    at processTicksAndRejections (internal/process/task_queues.js:93:5)
[2021-07-26T00:01:58.672] [ERROR] system - ReferenceError: page is not defined
    at newBrowser (C:\source\yt-scraping\func-lpkick\lpkick.js:619:5)
    at processTicksAndRejections (internal/process/task_queues.js:93:5)
    at async C:\source\yt-scraping\func-lpkick\lpkick.js:107:5
[2021-07-26T00:02:42.219] [INFO] system - キック：{"isWindows":["Windows"],"---1---":"====== BasicSetting ======","mypageUrl":"https://t.livepocket.jp/my_top","autoLogin":false,"confUser":"chiaochiao.sonmi@gmail.com","confPass":"sero3202","testUser":"kisyan3333@gmail.com","testPass":"6yjAWLhCxVT2","targetUrl":"https://t.livepocket.jp/e/pannana0727/","targetName":"1部前売チケット整理番号券","targetNumber":"1","storeTypeId":"002","loginTime":"2021-07-25 23:15","startTime":"2021-07-25 23:30","isBrowse":true,"isTest":true,"isJamCheck":true,"isCredit":false,"isMailSend":false,"notCheckOnly":true,"isClose":false,"isMobile":true,"dareSec":0,"isConnect":true,"isLogger":true,"advSec":-170,"isOrigin":true,"jamTryCnt":10,"---2---":"====== MailSetting(GmailOnly) ======","fromMail":"sugachan.tectec@gmail.com","fromMailPass":"sero3202","toMail":"","toSysMail":"trigger@applet.ifttt.com"}
[2021-07-26T00:02:42.230] [INFO] system - 【テスト】
[2021-07-26T00:02:42.235] [INFO] system - 2021-07-25 23:15:00にすでに到達
[2021-07-26T00:02:42.238] [INFO] system - ログイン処理想定時間到達
[2021-07-26T00:02:42.942] [INFO] system - ブラウザ起動後準備完了
[2021-07-26T00:02:44.570] [INFO] system - ログインページに移動完了
[2021-07-26T00:02:44.585] [INFO] system - 混線なし
[2021-07-26T00:02:47.157] [INFO] system - ログイン完了
[2021-07-26T00:02:47.164] [INFO] system - 混線なし
[2021-07-26T00:02:47.187] [INFO] system - 「1部前売チケット整理番号券」の存在を確認(.table #ticket-463837)
[2021-07-26T00:02:49.726] [INFO] system - .table #ticket-463837ロック外し開始
[2021-07-26T00:02:49.741] [INFO] system - 1セット選択終了
[2021-07-26T00:02:49.745] [INFO] system - 2021-07-25 23:29にすでに到達
[2021-07-26T00:02:49.747] [INFO] system - 前ページへ移動
[2021-07-26T00:02:50.864] [INFO] system - 2021-07-25 23:29にすでに到達
[2021-07-26T00:02:50.877] [INFO] system - 購入処理想定時間到達
[2021-07-26T00:02:50.880] [INFO] system - <成績時間カウント開始>
[2021-07-26T00:02:50.882] [INFO] system - 購入可能状態確認start(1回目)
[2021-07-26T00:02:50.884] [INFO] system - 次ページへ移動
[2021-07-26T00:02:51.986] [INFO] system - 購入可能状態確認end
[2021-07-26T00:02:51.987] [INFO] system - 枚数選択start(1回目)
[2021-07-26T00:02:51.988] [INFO] system - 購入クリック処理1回目
[2021-07-26T00:02:51.993] [INFO] system - 次ページが見つかった
[2021-07-26T00:02:51.997] [INFO] system - 決済ページ遷移確認1回目に成功
[2021-07-26T00:02:51.998] [INFO] system - 枚数選択end(1回目)
[2021-07-26T00:02:55.694] [ERROR] system - Error: Protocol error (Runtime.callFunctionOn): Target closed.
    at C:\source\yt-scraping\node_modules\puppeteer\lib\cjs\puppeteer\common\Connection.js:208:63
    at new Promise (<anonymous>)
    at CDPSession.send (C:\source\yt-scraping\node_modules\puppeteer\lib\cjs\puppeteer\common\Connection.js:207:16)
    at ExecutionContext._evaluateInternal (C:\source\yt-scraping\node_modules\puppeteer\lib\cjs\puppeteer\common\ExecutionContext.js:200:50)
    at ExecutionContext.evaluateHandle (C:\source\yt-scraping\node_modules\puppeteer\lib\cjs\puppeteer\common\ExecutionContext.js:151:21)
    at WaitTask.rerun (C:\source\yt-scraping\node_modules\puppeteer\lib\cjs\puppeteer\common\DOMWorld.js:498:71)
    at processTicksAndRejections (internal/process/task_queues.js:93:5)
[2021-07-26T00:02:55.700] [ERROR] system - ReferenceError: page is not defined
    at newBrowser (C:\source\yt-scraping\func-lpkick\lpkick.js:618:5)
    at processTicksAndRejections (internal/process/task_queues.js:93:5)
    at async C:\source\yt-scraping\func-lpkick\lpkick.js:107:5
[2021-07-26T00:06:22.398] [INFO] system - キック：{"isWindows":["Windows"],"---1---":"====== BasicSetting ======","mypageUrl":"https://t.livepocket.jp/my_top","autoLogin":false,"confUser":"chiaochiao.sonmi@gmail.com","confPass":"sero3202","testUser":"kisyan3333@gmail.com","testPass":"6yjAWLhCxVT2","targetUrl":"https://t.livepocket.jp/e/pannana0727/","targetName":"1部前売チケット整理番号券","targetNumber":"1","storeTypeId":"002","loginTime":"2021-07-25 23:15","startTime":"2021-07-25 23:30","isBrowse":true,"isTest":true,"isJamCheck":true,"isCredit":false,"isMailSend":false,"notCheckOnly":true,"isClose":false,"isMobile":true,"dareSec":0,"isConnect":true,"isLogger":true,"advSec":-170,"isOrigin":true,"jamTryCnt":10,"---2---":"====== MailSetting(GmailOnly) ======","fromMail":"sugachan.tectec@gmail.com","fromMailPass":"sero3202","toMail":"","toSysMail":"trigger@applet.ifttt.com"}
[2021-07-26T00:06:22.410] [INFO] system - 【テスト】
[2021-07-26T00:06:22.415] [INFO] system - 2021-07-25 23:15:00にすでに到達
[2021-07-26T00:06:22.418] [INFO] system - ログイン処理想定時間到達
[2021-07-26T00:06:23.139] [INFO] system - ブラウザ起動後準備完了
[2021-07-26T00:06:24.582] [INFO] system - ログインページに移動完了
[2021-07-26T00:06:24.593] [INFO] system - 混線なし
[2021-07-26T00:06:27.122] [INFO] system - ログイン完了
[2021-07-26T00:06:27.133] [INFO] system - 混線なし
[2021-07-26T00:06:27.156] [INFO] system - 「1部前売チケット整理番号券」の存在を確認(.table #ticket-463837)
[2021-07-26T00:06:29.770] [INFO] system - .table #ticket-463837ロック外し開始
[2021-07-26T00:06:29.784] [INFO] system - 1セット選択終了
[2021-07-26T00:06:29.788] [INFO] system - 2021-07-25 23:29にすでに到達
[2021-07-26T00:06:29.802] [INFO] system - 前ページへ移動
[2021-07-26T00:06:30.901] [INFO] system - 2021-07-25 23:29にすでに到達
[2021-07-26T00:06:30.903] [INFO] system - 購入処理想定時間到達
[2021-07-26T00:06:30.905] [INFO] system - <成績時間カウント開始>
[2021-07-26T00:06:30.914] [INFO] system - 購入可能状態確認start(1回目)
[2021-07-26T00:06:30.915] [INFO] system - 次ページへ移動
[2021-07-26T00:06:32.311] [INFO] system - 購入可能状態確認end
[2021-07-26T00:06:32.312] [INFO] system - 枚数選択start(1回目)
[2021-07-26T00:06:32.313] [INFO] system - 購入クリック処理1回目
[2021-07-26T00:06:32.315] [ERROR] system - TypeError: clickElement.scrollIntoView is not a function
    at targetPageBuySelect (C:\source\yt-scraping\func-lpkick\lpkick.js:856:24)
    at processTicksAndRejections (internal/process/task_queues.js:93:5)
    at async newBrowser (C:\source\yt-scraping\func-lpkick\lpkick.js:487:11)
    at async C:\source\yt-scraping\func-lpkick\lpkick.js:107:5
[2021-07-26T00:06:32.502] [INFO] system - 枚数選択end(1回目)
[2021-07-26T00:07:27.454] [ERROR] system - Error: Protocol error (Runtime.callFunctionOn): Target closed.
    at C:\source\yt-scraping\node_modules\puppeteer\lib\cjs\puppeteer\common\Connection.js:208:63
    at new Promise (<anonymous>)
    at CDPSession.send (C:\source\yt-scraping\node_modules\puppeteer\lib\cjs\puppeteer\common\Connection.js:207:16)
    at ExecutionContext._evaluateInternal (C:\source\yt-scraping\node_modules\puppeteer\lib\cjs\puppeteer\common\ExecutionContext.js:200:50)
    at ExecutionContext.evaluateHandle (C:\source\yt-scraping\node_modules\puppeteer\lib\cjs\puppeteer\common\ExecutionContext.js:151:21)
    at WaitTask.rerun (C:\source\yt-scraping\node_modules\puppeteer\lib\cjs\puppeteer\common\DOMWorld.js:498:71)
    at processTicksAndRejections (internal/process/task_queues.js:93:5)
[2021-07-26T00:07:27.462] [ERROR] system - ReferenceError: page is not defined
    at newBrowser (C:\source\yt-scraping\func-lpkick\lpkick.js:618:5)
    at processTicksAndRejections (internal/process/task_queues.js:93:5)
    at async C:\source\yt-scraping\func-lpkick\lpkick.js:107:5
[2021-07-26T00:07:29.666] [INFO] system - キック：{"isWindows":["Windows"],"---1---":"====== BasicSetting ======","mypageUrl":"https://t.livepocket.jp/my_top","autoLogin":false,"confUser":"chiaochiao.sonmi@gmail.com","confPass":"sero3202","testUser":"kisyan3333@gmail.com","testPass":"6yjAWLhCxVT2","targetUrl":"https://t.livepocket.jp/e/pannana0727/","targetName":"1部前売チケット整理番号券","targetNumber":"1","storeTypeId":"002","loginTime":"2021-07-25 23:15","startTime":"2021-07-25 23:30","isBrowse":true,"isTest":true,"isJamCheck":true,"isCredit":false,"isMailSend":false,"notCheckOnly":true,"isClose":false,"isMobile":true,"dareSec":0,"isConnect":true,"isLogger":true,"advSec":-170,"isOrigin":true,"jamTryCnt":10,"---2---":"====== MailSetting(GmailOnly) ======","fromMail":"sugachan.tectec@gmail.com","fromMailPass":"sero3202","toMail":"","toSysMail":"trigger@applet.ifttt.com"}
[2021-07-26T00:07:29.678] [INFO] system - 【テスト】
[2021-07-26T00:07:29.682] [INFO] system - 2021-07-25 23:15:00にすでに到達
[2021-07-26T00:07:29.685] [INFO] system - ログイン処理想定時間到達
[2021-07-26T00:07:30.390] [INFO] system - ブラウザ起動後準備完了
[2021-07-26T00:07:31.924] [INFO] system - ログインページに移動完了
[2021-07-26T00:07:31.938] [INFO] system - 混線なし
[2021-07-26T00:07:34.297] [INFO] system - ログイン完了
[2021-07-26T00:07:34.311] [INFO] system - 混線なし
[2021-07-26T00:07:34.339] [INFO] system - 「1部前売チケット整理番号券」の存在を確認(.table #ticket-463837)
[2021-07-26T00:07:36.987] [INFO] system - .table #ticket-463837ロック外し開始
[2021-07-26T00:07:37.001] [INFO] system - 1セット選択終了
[2021-07-26T00:07:37.005] [INFO] system - 2021-07-25 23:29にすでに到達
[2021-07-26T00:07:37.007] [INFO] system - 前ページへ移動
[2021-07-26T00:07:38.215] [INFO] system - 2021-07-25 23:29にすでに到達
[2021-07-26T00:07:38.229] [INFO] system - 購入処理想定時間到達
[2021-07-26T00:07:38.231] [INFO] system - <成績時間カウント開始>
[2021-07-26T00:07:38.233] [INFO] system - 購入可能状態確認start(1回目)
[2021-07-26T00:07:38.233] [INFO] system - 次ページへ移動
[2021-07-26T00:07:39.436] [INFO] system - 購入可能状態確認end
[2021-07-26T00:07:39.437] [INFO] system - 枚数選択start(1回目)
[2021-07-26T00:07:39.438] [INFO] system - 購入クリック処理1回目
[2021-07-26T00:07:39.455] [ERROR] system - Error: Evaluation failed: TypeError: Cannot read property 'scrollIntoView' of undefined
    at __puppeteer_evaluation_script__:3:26
    at ExecutionContext._evaluateInternal (C:\source\yt-scraping\node_modules\puppeteer\lib\cjs\puppeteer\common\ExecutionContext.js:217:19)
    at processTicksAndRejections (internal/process/task_queues.js:93:5)
    at async ExecutionContext.evaluate (C:\source\yt-scraping\node_modules\puppeteer\lib\cjs\puppeteer\common\ExecutionContext.js:106:16)
    at async targetPageBuySelect (C:\source\yt-scraping\func-lpkick\lpkick.js:857:11)
    at async newBrowser (C:\source\yt-scraping\func-lpkick\lpkick.js:487:11)
    at async C:\source\yt-scraping\func-lpkick\lpkick.js:107:5
[2021-07-26T00:07:39.615] [INFO] system - 枚数選択end(1回目)
[2021-07-26T00:08:11.648] [ERROR] system - Error: Protocol error (Runtime.callFunctionOn): Target closed.
    at C:\source\yt-scraping\node_modules\puppeteer\lib\cjs\puppeteer\common\Connection.js:208:63
    at new Promise (<anonymous>)
    at CDPSession.send (C:\source\yt-scraping\node_modules\puppeteer\lib\cjs\puppeteer\common\Connection.js:207:16)
    at ExecutionContext._evaluateInternal (C:\source\yt-scraping\node_modules\puppeteer\lib\cjs\puppeteer\common\ExecutionContext.js:200:50)
    at ExecutionContext.evaluateHandle (C:\source\yt-scraping\node_modules\puppeteer\lib\cjs\puppeteer\common\ExecutionContext.js:151:21)
    at WaitTask.rerun (C:\source\yt-scraping\node_modules\puppeteer\lib\cjs\puppeteer\common\DOMWorld.js:498:71)
    at processTicksAndRejections (internal/process/task_queues.js:93:5)
[2021-07-26T00:08:11.650] [ERROR] system - ReferenceError: page is not defined
    at newBrowser (C:\source\yt-scraping\func-lpkick\lpkick.js:618:5)
    at processTicksAndRejections (internal/process/task_queues.js:93:5)
    at async C:\source\yt-scraping\func-lpkick\lpkick.js:107:5
[2021-07-26T00:08:13.421] [INFO] system - キック：{"isWindows":["Windows"],"---1---":"====== BasicSetting ======","mypageUrl":"https://t.livepocket.jp/my_top","autoLogin":false,"confUser":"chiaochiao.sonmi@gmail.com","confPass":"sero3202","testUser":"kisyan3333@gmail.com","testPass":"6yjAWLhCxVT2","targetUrl":"https://t.livepocket.jp/e/pannana0727/","targetName":"1部前売チケット整理番号券","targetNumber":"1","storeTypeId":"002","loginTime":"2021-07-25 23:15","startTime":"2021-07-25 23:30","isBrowse":true,"isTest":true,"isJamCheck":true,"isCredit":false,"isMailSend":false,"notCheckOnly":true,"isClose":false,"isMobile":true,"dareSec":0,"isConnect":true,"isLogger":true,"advSec":-170,"isOrigin":true,"jamTryCnt":10,"---2---":"====== MailSetting(GmailOnly) ======","fromMail":"sugachan.tectec@gmail.com","fromMailPass":"sero3202","toMail":"","toSysMail":"trigger@applet.ifttt.com"}
[2021-07-26T00:08:13.431] [INFO] system - 【テスト】
[2021-07-26T00:08:13.438] [INFO] system - 2021-07-25 23:15:00にすでに到達
[2021-07-26T00:08:13.446] [INFO] system - ログイン処理想定時間到達
[2021-07-26T00:08:14.140] [INFO] system - ブラウザ起動後準備完了
[2021-07-26T00:08:15.561] [INFO] system - ログインページに移動完了
[2021-07-26T00:08:15.575] [INFO] system - 混線なし
[2021-07-26T00:08:18.034] [INFO] system - ログイン完了
[2021-07-26T00:08:18.048] [INFO] system - 混線なし
[2021-07-26T00:08:18.072] [INFO] system - 「1部前売チケット整理番号券」の存在を確認(.table #ticket-463837)
[2021-07-26T00:08:20.725] [INFO] system - .table #ticket-463837ロック外し開始
[2021-07-26T00:08:20.738] [INFO] system - 1セット選択終了
[2021-07-26T00:08:20.743] [INFO] system - 2021-07-25 23:29にすでに到達
[2021-07-26T00:08:20.744] [INFO] system - 前ページへ移動
[2021-07-26T00:08:21.889] [INFO] system - 2021-07-25 23:29にすでに到達
[2021-07-26T00:08:21.891] [INFO] system - 購入処理想定時間到達
[2021-07-26T00:08:21.893] [INFO] system - <成績時間カウント開始>
[2021-07-26T00:08:21.902] [INFO] system - 購入可能状態確認start(1回目)
[2021-07-26T00:08:21.903] [INFO] system - 次ページへ移動
[2021-07-26T00:08:23.129] [INFO] system - 購入可能状態確認end
[2021-07-26T00:08:23.130] [INFO] system - 枚数選択start(1回目)
[2021-07-26T00:08:23.131] [INFO] system - 購入クリック処理1回目
[2021-07-26T00:08:23.147] [INFO] system - 次ページが見つかった
[2021-07-26T00:08:23.148] [INFO] system - 決済ページ遷移確認1回目に成功
[2021-07-26T00:08:23.149] [INFO] system - 枚数選択end(1回目)
[2021-07-26T00:08:41.312] [ERROR] system - Error: Protocol error (Runtime.callFunctionOn): Target closed.
    at C:\source\yt-scraping\node_modules\puppeteer\lib\cjs\puppeteer\common\Connection.js:208:63
    at new Promise (<anonymous>)
    at CDPSession.send (C:\source\yt-scraping\node_modules\puppeteer\lib\cjs\puppeteer\common\Connection.js:207:16)
    at ExecutionContext._evaluateInternal (C:\source\yt-scraping\node_modules\puppeteer\lib\cjs\puppeteer\common\ExecutionContext.js:200:50)
    at ExecutionContext.evaluateHandle (C:\source\yt-scraping\node_modules\puppeteer\lib\cjs\puppeteer\common\ExecutionContext.js:151:21)
    at WaitTask.rerun (C:\source\yt-scraping\node_modules\puppeteer\lib\cjs\puppeteer\common\DOMWorld.js:498:71)
    at processTicksAndRejections (internal/process/task_queues.js:93:5)
[2021-07-26T00:08:41.320] [ERROR] system - ReferenceError: page is not defined
    at newBrowser (C:\source\yt-scraping\func-lpkick\lpkick.js:618:5)
    at processTicksAndRejections (internal/process/task_queues.js:93:5)
    at async C:\source\yt-scraping\func-lpkick\lpkick.js:107:5
[2021-07-26T00:12:33.260] [INFO] system - キック：{"isWindows":["Windows"],"---1---":"====== BasicSetting ======","mypageUrl":"https://t.livepocket.jp/my_top","autoLogin":false,"confUser":"chiaochiao.sonmi@gmail.com","confPass":"sero3202","testUser":"kisyan3333@gmail.com","testPass":"6yjAWLhCxVT2","targetUrl":"https://t.livepocket.jp/e/pannana0727/","targetName":"1部前売チケット整理番号券","targetNumber":"1","storeTypeId":"002","loginTime":"2021-07-25 23:15","startTime":"2021-07-25 23:30","isBrowse":true,"isTest":true,"isJamCheck":true,"isCredit":false,"isMailSend":false,"notCheckOnly":true,"isClose":false,"isMobile":true,"dareSec":0,"isConnect":true,"isLogger":true,"advSec":-170,"isOrigin":true,"jamTryCnt":10,"---2---":"====== MailSetting(GmailOnly) ======","fromMail":"sugachan.tectec@gmail.com","fromMailPass":"sero3202","toMail":"","toSysMail":"trigger@applet.ifttt.com"}
[2021-07-26T00:12:33.271] [INFO] system - 【テスト】
[2021-07-26T00:12:33.276] [INFO] system - 2021-07-25 23:15:00にすでに到達
[2021-07-26T00:12:33.279] [INFO] system - ログイン処理想定時間到達
[2021-07-26T00:12:33.985] [INFO] system - ブラウザ起動後準備完了
[2021-07-26T00:12:36.453] [INFO] system - ログインページに移動完了
[2021-07-26T00:12:36.469] [INFO] system - 混線なし
[2021-07-26T00:12:38.811] [INFO] system - ログイン完了
[2021-07-26T00:12:38.823] [INFO] system - 混線なし
[2021-07-26T00:12:38.850] [INFO] system - 「1部前売チケット整理番号券」の存在を確認(.table #ticket-463837)
[2021-07-26T00:12:41.222] [INFO] system - .table #ticket-463837ロック外し開始
[2021-07-26T00:12:41.236] [INFO] system - 1セット選択終了
[2021-07-26T00:12:41.241] [INFO] system - 2021-07-25 23:29にすでに到達
[2021-07-26T00:12:41.243] [INFO] system - 前ページへ移動
[2021-07-26T00:12:42.403] [INFO] system - 2021-07-25 23:29にすでに到達
[2021-07-26T00:12:42.409] [INFO] system - 購入処理想定時間到達
[2021-07-26T00:12:42.418] [INFO] system - <成績時間カウント開始>
[2021-07-26T00:12:42.420] [INFO] system - 購入可能状態確認start(1回目)
[2021-07-26T00:12:42.424] [INFO] system - 次ページへ移動
[2021-07-26T00:12:43.641] [INFO] system - 購入可能状態確認end
[2021-07-26T00:12:43.642] [INFO] system - 枚数選択start(1回目)
[2021-07-26T00:12:43.643] [INFO] system - 購入クリック処理1回目
[2021-07-26T00:12:43.650] [INFO] system - 次ページが見つかった
[2021-07-26T00:12:43.655] [INFO] system - 決済ページ遷移確認1回目に成功
[2021-07-26T00:12:43.656] [INFO] system - 枚数選択end(1回目)
[2021-07-26T00:12:53.936] [ERROR] system - Error: Protocol error (Runtime.callFunctionOn): Target closed.
    at C:\source\yt-scraping\node_modules\puppeteer\lib\cjs\puppeteer\common\Connection.js:208:63
    at new Promise (<anonymous>)
    at CDPSession.send (C:\source\yt-scraping\node_modules\puppeteer\lib\cjs\puppeteer\common\Connection.js:207:16)
    at ExecutionContext._evaluateInternal (C:\source\yt-scraping\node_modules\puppeteer\lib\cjs\puppeteer\common\ExecutionContext.js:200:50)
    at ExecutionContext.evaluateHandle (C:\source\yt-scraping\node_modules\puppeteer\lib\cjs\puppeteer\common\ExecutionContext.js:151:21)
    at WaitTask.rerun (C:\source\yt-scraping\node_modules\puppeteer\lib\cjs\puppeteer\common\DOMWorld.js:498:71)
    at processTicksAndRejections (internal/process/task_queues.js:93:5)
[2021-07-26T00:12:53.951] [ERROR] system - ReferenceError: page is not defined
    at newBrowser (C:\source\yt-scraping\func-lpkick\lpkick.js:618:5)
    at processTicksAndRejections (internal/process/task_queues.js:93:5)
    at async C:\source\yt-scraping\func-lpkick\lpkick.js:107:5
[2021-07-26T00:15:05.158] [INFO] system - キック：{"isWindows":["Windows"],"---1---":"====== BasicSetting ======","mypageUrl":"https://t.livepocket.jp/my_top","autoLogin":false,"confUser":"chiaochiao.sonmi@gmail.com","confPass":"sero3202","testUser":"kisyan3333@gmail.com","testPass":"6yjAWLhCxVT2","targetUrl":"https://t.livepocket.jp/e/pannana0727/","targetName":"1部前売チケット整理番号券","targetNumber":"1","storeTypeId":"002","loginTime":"2021-07-25 23:15","startTime":"2021-07-25 23:30","isBrowse":true,"isTest":true,"isJamCheck":true,"isCredit":false,"isMailSend":false,"notCheckOnly":true,"isClose":false,"isMobile":true,"dareSec":0,"isConnect":true,"isLogger":true,"advSec":-170,"isOrigin":true,"jamTryCnt":10,"---2---":"====== MailSetting(GmailOnly) ======","fromMail":"sugachan.tectec@gmail.com","fromMailPass":"sero3202","toMail":"","toSysMail":"trigger@applet.ifttt.com"}
[2021-07-26T00:15:05.167] [INFO] system - 【テスト】
[2021-07-26T00:15:05.172] [INFO] system - 2021-07-25 23:15:00にすでに到達
[2021-07-26T00:15:05.175] [INFO] system - ログイン処理想定時間到達
[2021-07-26T00:15:05.903] [INFO] system - ブラウザ起動後準備完了
[2021-07-26T00:15:07.443] [INFO] system - ログインページに移動完了
[2021-07-26T00:15:07.455] [INFO] system - 混線なし
[2021-07-26T00:15:10.072] [INFO] system - ログイン完了
[2021-07-26T00:15:10.089] [INFO] system - 混線なし
[2021-07-26T00:15:10.111] [INFO] system - 「1部前売チケット整理番号券」の存在を確認(.table #ticket-463837)
[2021-07-26T00:15:12.721] [INFO] system - .table #ticket-463837ロック外し開始
[2021-07-26T00:15:12.735] [INFO] system - 1セット選択終了
[2021-07-26T00:15:12.743] [INFO] system - 2021-07-25 23:29にすでに到達
[2021-07-26T00:15:12.744] [INFO] system - 前ページへ移動
[2021-07-26T00:15:13.911] [INFO] system - 2021-07-25 23:29にすでに到達
[2021-07-26T00:15:13.921] [INFO] system - 購入処理想定時間到達
[2021-07-26T00:15:13.928] [INFO] system - <成績時間カウント開始>
[2021-07-26T00:15:13.929] [INFO] system - 購入可能状態確認start(1回目)
[2021-07-26T00:15:13.931] [INFO] system - 次ページへ移動
[2021-07-26T00:15:15.223] [INFO] system - 購入可能状態確認end
[2021-07-26T00:15:15.224] [INFO] system - 枚数選択start(1回目)
[2021-07-26T00:15:15.225] [INFO] system - 購入クリック処理1回目
[2021-07-26T00:15:15.233] [INFO] system - 次ページが見つかった
[2021-07-26T00:15:15.237] [INFO] system - 決済ページ遷移確認1回目に成功
[2021-07-26T00:15:15.238] [INFO] system - 枚数選択end(1回目)
[2021-07-26T00:15:32.119] [ERROR] system - Error: Protocol error (Runtime.callFunctionOn): Target closed.
    at C:\source\yt-scraping\node_modules\puppeteer\lib\cjs\puppeteer\common\Connection.js:208:63
    at new Promise (<anonymous>)
    at CDPSession.send (C:\source\yt-scraping\node_modules\puppeteer\lib\cjs\puppeteer\common\Connection.js:207:16)
    at ExecutionContext._evaluateInternal (C:\source\yt-scraping\node_modules\puppeteer\lib\cjs\puppeteer\common\ExecutionContext.js:200:50)
    at ExecutionContext.evaluateHandle (C:\source\yt-scraping\node_modules\puppeteer\lib\cjs\puppeteer\common\ExecutionContext.js:151:21)
    at WaitTask.rerun (C:\source\yt-scraping\node_modules\puppeteer\lib\cjs\puppeteer\common\DOMWorld.js:498:71)
    at runMicrotasks (<anonymous>)
    at processTicksAndRejections (internal/process/task_queues.js:93:5)
[2021-07-26T00:15:32.128] [ERROR] system - ReferenceError: page is not defined
    at newBrowser (C:\source\yt-scraping\func-lpkick\lpkick.js:618:5)
    at runMicrotasks (<anonymous>)
    at processTicksAndRejections (internal/process/task_queues.js:93:5)
    at async C:\source\yt-scraping\func-lpkick\lpkick.js:107:5
[2021-07-26T00:17:07.510] [INFO] system - キック：{"isWindows":["Windows"],"---1---":"====== BasicSetting ======","mypageUrl":"https://t.livepocket.jp/my_top","autoLogin":false,"confUser":"chiaochiao.sonmi@gmail.com","confPass":"sero3202","testUser":"kisyan3333@gmail.com","testPass":"6yjAWLhCxVT2","targetUrl":"https://t.livepocket.jp/e/pannana0727/","targetName":"1部前売チケット整理番号券","targetNumber":"1","storeTypeId":"002","loginTime":"2021-07-25 23:15","startTime":"2021-07-25 23:30","isBrowse":true,"isTest":true,"isJamCheck":true,"isCredit":false,"isMailSend":false,"notCheckOnly":true,"isClose":false,"isMobile":true,"dareSec":0,"isConnect":true,"isLogger":true,"advSec":-170,"isOrigin":true,"jamTryCnt":10,"---2---":"====== MailSetting(GmailOnly) ======","fromMail":"sugachan.tectec@gmail.com","fromMailPass":"sero3202","toMail":"","toSysMail":"trigger@applet.ifttt.com"}
[2021-07-26T00:17:07.520] [INFO] system - 【テスト】
[2021-07-26T00:17:07.526] [INFO] system - 2021-07-25 23:15:00にすでに到達
[2021-07-26T00:17:07.529] [INFO] system - ログイン処理想定時間到達
[2021-07-26T00:17:08.235] [INFO] system - ブラウザ起動後準備完了
[2021-07-26T00:17:09.956] [INFO] system - ログインページに移動完了
[2021-07-26T00:17:09.970] [INFO] system - 混線なし
[2021-07-26T00:17:12.329] [INFO] system - ログイン完了
[2021-07-26T00:17:12.343] [INFO] system - 混線なし
[2021-07-26T00:17:12.369] [INFO] system - 「1部前売チケット整理番号券」の存在を確認(.table #ticket-463837)
[2021-07-26T00:17:14.927] [INFO] system - .table #ticket-463837ロック外し開始
[2021-07-26T00:17:14.940] [INFO] system - 1セット選択終了
[2021-07-26T00:17:14.946] [INFO] system - 2021-07-25 23:29にすでに到達
[2021-07-26T00:17:14.952] [INFO] system - 前ページへ移動
[2021-07-26T00:17:16.484] [INFO] system - 2021-07-25 23:29にすでに到達
[2021-07-26T00:17:16.486] [INFO] system - 購入処理想定時間到達
[2021-07-26T00:17:16.487] [INFO] system - <成績時間カウント開始>
[2021-07-26T00:17:16.499] [INFO] system - 購入可能状態確認start(1回目)
[2021-07-26T00:17:16.501] [INFO] system - 次ページへ移動
[2021-07-26T00:17:17.764] [INFO] system - 購入可能状態確認end
[2021-07-26T00:17:17.765] [INFO] system - 枚数選択start(1回目)
[2021-07-26T00:17:17.766] [INFO] system - 購入クリック処理1回目
[2021-07-26T00:17:17.772] [INFO] system - 次ページが見つかった
[2021-07-26T00:17:17.776] [INFO] system - 決済ページ遷移確認1回目に成功
[2021-07-26T00:17:17.778] [INFO] system - 枚数選択end(1回目)
[2021-07-26T00:17:25.829] [ERROR] system - Error: Protocol error (Runtime.callFunctionOn): Target closed.
    at C:\source\yt-scraping\node_modules\puppeteer\lib\cjs\puppeteer\common\Connection.js:208:63
    at new Promise (<anonymous>)
    at CDPSession.send (C:\source\yt-scraping\node_modules\puppeteer\lib\cjs\puppeteer\common\Connection.js:207:16)
    at ExecutionContext._evaluateInternal (C:\source\yt-scraping\node_modules\puppeteer\lib\cjs\puppeteer\common\ExecutionContext.js:200:50)
    at ExecutionContext.evaluateHandle (C:\source\yt-scraping\node_modules\puppeteer\lib\cjs\puppeteer\common\ExecutionContext.js:151:21)
    at WaitTask.rerun (C:\source\yt-scraping\node_modules\puppeteer\lib\cjs\puppeteer\common\DOMWorld.js:498:71)
    at processTicksAndRejections (internal/process/task_queues.js:93:5)
[2021-07-26T00:17:25.845] [ERROR] system - ReferenceError: page is not defined
    at newBrowser (C:\source\yt-scraping\func-lpkick\lpkick.js:618:5)
    at processTicksAndRejections (internal/process/task_queues.js:93:5)
    at async C:\source\yt-scraping\func-lpkick\lpkick.js:107:5
[2021-07-26T00:25:01.379] [INFO] system - キック：{"isWindows":["Windows"],"---1---":"====== BasicSetting ======","mypageUrl":"https://t.livepocket.jp/my_top","autoLogin":false,"confUser":"chiaochiao.sonmi@gmail.com","confPass":"sero3202","testUser":"kisyan3333@gmail.com","testPass":"6yjAWLhCxVT2","targetUrl":"https://t.livepocket.jp/e/pannana0727/","targetName":"1部前売チケット整理番号券","targetNumber":"1","storeTypeId":"002","loginTime":"2021-07-25 23:15","startTime":"2021-07-25 23:30","isBrowse":true,"isTest":true,"isJamCheck":true,"isCredit":false,"isMailSend":false,"notCheckOnly":true,"isClose":false,"isMobile":true,"dareSec":0,"isConnect":true,"isLogger":true,"advSec":-170,"isOrigin":true,"jamTryCnt":10,"---2---":"====== MailSetting(GmailOnly) ======","fromMail":"sugachan.tectec@gmail.com","fromMailPass":"sero3202","toMail":"","toSysMail":"trigger@applet.ifttt.com"}
[2021-07-26T00:25:01.385] [INFO] system - 【テスト】
[2021-07-26T00:25:01.394] [INFO] system - 2021-07-25 23:15:00にすでに到達
[2021-07-26T00:25:01.397] [INFO] system - ログイン処理想定時間到達
[2021-07-26T00:25:02.114] [INFO] system - ブラウザ起動後準備完了
[2021-07-26T00:25:03.625] [INFO] system - ログインページに移動完了
[2021-07-26T00:25:03.637] [INFO] system - 混線なし
[2021-07-26T00:25:06.114] [INFO] system - ログイン完了
[2021-07-26T00:25:06.126] [INFO] system - 混線なし
[2021-07-26T00:25:06.155] [INFO] system - 「1部前売チケット整理番号券」の存在を確認(.table #ticket-463837)
[2021-07-26T00:25:09.020] [INFO] system - .table #ticket-463837ロック外し開始
[2021-07-26T00:25:09.035] [INFO] system - 1セット選択終了
[2021-07-26T00:25:09.040] [INFO] system - 2021-07-25 23:29にすでに到達
[2021-07-26T00:25:09.048] [INFO] system - 前ページへ移動
[2021-07-26T00:25:10.460] [INFO] system - 2021-07-25 23:29にすでに到達
[2021-07-26T00:25:10.462] [INFO] system - 購入処理想定時間到達
[2021-07-26T00:25:10.463] [INFO] system - <成績時間カウント開始>
[2021-07-26T00:25:10.473] [INFO] system - 購入可能状態確認start(1回目)
[2021-07-26T00:25:10.475] [INFO] system - 次ページへ移動
[2021-07-26T00:25:11.699] [INFO] system - 購入可能状態確認end
[2021-07-26T00:25:11.700] [INFO] system - 枚数選択start(1回目)
[2021-07-26T00:25:11.701] [INFO] system - 購入クリック処理1回目
[2021-07-26T00:25:11.705] [ERROR] system - Error: Evaluation failed: TypeError: name.scrollIntoView is not a function
    at __puppeteer_evaluation_script__:3:18
    at ExecutionContext._evaluateInternal (C:\source\yt-scraping\node_modules\puppeteer\lib\cjs\puppeteer\common\ExecutionContext.js:217:19)
    at processTicksAndRejections (internal/process/task_queues.js:93:5)
    at async ExecutionContext.evaluate (C:\source\yt-scraping\node_modules\puppeteer\lib\cjs\puppeteer\common\ExecutionContext.js:106:16)
    at async targetPageBuySelect (C:\source\yt-scraping\func-lpkick\lpkick.js:857:11)
    at async newBrowser (C:\source\yt-scraping\func-lpkick\lpkick.js:487:11)
    at async C:\source\yt-scraping\func-lpkick\lpkick.js:107:5
[2021-07-26T00:25:11.863] [INFO] system - 枚数選択end(1回目)
[2021-07-26T00:25:28.955] [ERROR] system - Error: Protocol error (Runtime.callFunctionOn): Target closed.
    at C:\source\yt-scraping\node_modules\puppeteer\lib\cjs\puppeteer\common\Connection.js:208:63
    at new Promise (<anonymous>)
    at CDPSession.send (C:\source\yt-scraping\node_modules\puppeteer\lib\cjs\puppeteer\common\Connection.js:207:16)
    at ExecutionContext._evaluateInternal (C:\source\yt-scraping\node_modules\puppeteer\lib\cjs\puppeteer\common\ExecutionContext.js:200:50)
    at ExecutionContext.evaluateHandle (C:\source\yt-scraping\node_modules\puppeteer\lib\cjs\puppeteer\common\ExecutionContext.js:151:21)
    at WaitTask.rerun (C:\source\yt-scraping\node_modules\puppeteer\lib\cjs\puppeteer\common\DOMWorld.js:498:71)
    at processTicksAndRejections (internal/process/task_queues.js:93:5)
[2021-07-26T00:25:29.047] [ERROR] system - ReferenceError: page is not defined
    at newBrowser (C:\source\yt-scraping\func-lpkick\lpkick.js:618:5)
    at processTicksAndRejections (internal/process/task_queues.js:93:5)
    at async C:\source\yt-scraping\func-lpkick\lpkick.js:107:5
[2021-07-26T00:25:36.504] [INFO] system - キック：{"isWindows":["Windows"],"---1---":"====== BasicSetting ======","mypageUrl":"https://t.livepocket.jp/my_top","autoLogin":false,"confUser":"chiaochiao.sonmi@gmail.com","confPass":"sero3202","testUser":"kisyan3333@gmail.com","testPass":"6yjAWLhCxVT2","targetUrl":"https://t.livepocket.jp/e/pannana0727/","targetName":"1部前売チケット整理番号券","targetNumber":"1","storeTypeId":"002","loginTime":"2021-07-25 23:15","startTime":"2021-07-25 23:30","isBrowse":true,"isTest":true,"isJamCheck":true,"isCredit":false,"isMailSend":false,"notCheckOnly":true,"isClose":false,"isMobile":true,"dareSec":0,"isConnect":true,"isLogger":true,"advSec":-170,"isOrigin":true,"jamTryCnt":10,"---2---":"====== MailSetting(GmailOnly) ======","fromMail":"sugachan.tectec@gmail.com","fromMailPass":"sero3202","toMail":"","toSysMail":"trigger@applet.ifttt.com"}
[2021-07-26T00:25:36.516] [INFO] system - 【テスト】
[2021-07-26T00:25:36.522] [INFO] system - 2021-07-25 23:15:00にすでに到達
[2021-07-26T00:25:36.524] [INFO] system - ログイン処理想定時間到達
[2021-07-26T00:25:37.232] [INFO] system - ブラウザ起動後準備完了
[2021-07-26T00:25:38.734] [INFO] system - ログインページに移動完了
[2021-07-26T00:25:38.745] [INFO] system - 混線なし
[2021-07-26T00:25:41.253] [INFO] system - ログイン完了
[2021-07-26T00:25:41.266] [INFO] system - 混線なし
[2021-07-26T00:25:41.291] [INFO] system - 「1部前売チケット整理番号券」の存在を確認(.table #ticket-463837)
[2021-07-26T00:25:44.149] [INFO] system - .table #ticket-463837ロック外し開始
[2021-07-26T00:25:44.163] [INFO] system - 1セット選択終了
[2021-07-26T00:25:44.168] [INFO] system - 2021-07-25 23:29にすでに到達
[2021-07-26T00:25:44.177] [INFO] system - 前ページへ移動
[2021-07-26T00:25:45.530] [INFO] system - 2021-07-25 23:29にすでに到達
[2021-07-26T00:25:45.532] [INFO] system - 購入処理想定時間到達
[2021-07-26T00:25:45.533] [INFO] system - <成績時間カウント開始>
[2021-07-26T00:25:45.543] [INFO] system - 購入可能状態確認start(1回目)
[2021-07-26T00:25:45.545] [INFO] system - 次ページへ移動
[2021-07-26T00:25:46.743] [INFO] system - 購入可能状態確認end
[2021-07-26T00:25:46.745] [INFO] system - 枚数選択start(1回目)
[2021-07-26T00:25:46.746] [INFO] system - 購入クリック処理1回目
[2021-07-26T00:25:46.769] [ERROR] system - Error: Node is either not visible or not an HTMLElement
    at ElementHandle._clickablePoint (C:\source\yt-scraping\node_modules\puppeteer\lib\cjs\puppeteer\common\JSHandle.js:329:19)
    at processTicksAndRejections (internal/process/task_queues.js:93:5)
    at async ElementHandle.click (C:\source\yt-scraping\node_modules\puppeteer\lib\cjs\puppeteer\common\JSHandle.js:390:26)
    at async DOMWorld.click (C:\source\yt-scraping\node_modules\puppeteer\lib\cjs\puppeteer\common\DOMWorld.js:278:9)
    at async targetPageBuySelect (C:\source\yt-scraping\func-lpkick\lpkick.js:865:11)
    at async newBrowser (C:\source\yt-scraping\func-lpkick\lpkick.js:487:11)
    at async C:\source\yt-scraping\func-lpkick\lpkick.js:107:5
[2021-07-26T00:25:46.944] [INFO] system - 枚数選択end(1回目)
[2021-07-26T00:31:31.599] [ERROR] system - Error: Protocol error (Runtime.callFunctionOn): Target closed.
    at C:\source\yt-scraping\node_modules\puppeteer\lib\cjs\puppeteer\common\Connection.js:208:63
    at new Promise (<anonymous>)
    at CDPSession.send (C:\source\yt-scraping\node_modules\puppeteer\lib\cjs\puppeteer\common\Connection.js:207:16)
    at ExecutionContext._evaluateInternal (C:\source\yt-scraping\node_modules\puppeteer\lib\cjs\puppeteer\common\ExecutionContext.js:200:50)
    at ExecutionContext.evaluateHandle (C:\source\yt-scraping\node_modules\puppeteer\lib\cjs\puppeteer\common\ExecutionContext.js:151:21)
    at WaitTask.rerun (C:\source\yt-scraping\node_modules\puppeteer\lib\cjs\puppeteer\common\DOMWorld.js:498:71)
    at processTicksAndRejections (internal/process/task_queues.js:93:5)
[2021-07-26T00:31:31.613] [ERROR] system - ReferenceError: page is not defined
    at newBrowser (C:\source\yt-scraping\func-lpkick\lpkick.js:618:5)
    at processTicksAndRejections (internal/process/task_queues.js:93:5)
    at async C:\source\yt-scraping\func-lpkick\lpkick.js:107:5
[2021-07-26T00:31:32.811] [INFO] system - キック：{"isWindows":["Windows"],"---1---":"====== BasicSetting ======","mypageUrl":"https://t.livepocket.jp/my_top","autoLogin":false,"confUser":"chiaochiao.sonmi@gmail.com","confPass":"sero3202","testUser":"kisyan3333@gmail.com","testPass":"6yjAWLhCxVT2","targetUrl":"https://t.livepocket.jp/e/pannana0727/","targetName":"1部前売チケット整理番号券","targetNumber":"1","storeTypeId":"002","loginTime":"2021-07-25 23:15","startTime":"2021-07-25 23:30","isBrowse":true,"isTest":true,"isJamCheck":true,"isCredit":false,"isMailSend":false,"notCheckOnly":true,"isClose":false,"isMobile":true,"dareSec":0,"isConnect":true,"isLogger":true,"advSec":-170,"isOrigin":true,"jamTryCnt":10,"---2---":"====== MailSetting(GmailOnly) ======","fromMail":"sugachan.tectec@gmail.com","fromMailPass":"sero3202","toMail":"","toSysMail":"trigger@applet.ifttt.com"}
[2021-07-26T00:31:32.814] [INFO] system - 【テスト】
[2021-07-26T00:31:32.825] [INFO] system - 2021-07-25 23:15:00にすでに到達
[2021-07-26T00:31:32.827] [INFO] system - ログイン処理想定時間到達
[2021-07-26T00:31:33.562] [INFO] system - ブラウザ起動後準備完了
[2021-07-26T00:31:35.184] [INFO] system - ログインページに移動完了
[2021-07-26T00:31:35.197] [INFO] system - 混線なし
[2021-07-26T00:31:37.491] [INFO] system - ログイン完了
[2021-07-26T00:31:37.505] [INFO] system - 混線なし
[2021-07-26T00:31:37.530] [INFO] system - 「1部前売チケット整理番号券」の存在を確認(.table #ticket-463837)
[2021-07-26T00:31:40.220] [INFO] system - .table #ticket-463837ロック外し開始
[2021-07-26T00:31:40.233] [INFO] system - 1セット選択終了
[2021-07-26T00:31:40.239] [INFO] system - 2021-07-25 23:29にすでに到達
[2021-07-26T00:31:40.241] [INFO] system - 前ページへ移動
[2021-07-26T00:31:41.384] [INFO] system - 2021-07-25 23:29にすでに到達
[2021-07-26T00:31:41.399] [INFO] system - 購入処理想定時間到達
[2021-07-26T00:31:41.400] [INFO] system - <成績時間カウント開始>
[2021-07-26T00:31:41.401] [INFO] system - 購入可能状態確認start(1回目)
[2021-07-26T00:31:41.402] [INFO] system - 次ページへ移動
[2021-07-26T00:31:42.575] [INFO] system - 購入可能状態確認end
[2021-07-26T00:31:42.576] [INFO] system - 枚数選択start(1回目)
[2021-07-26T00:31:42.577] [INFO] system - 購入クリック処理1回目
[2021-07-26T00:32:12.901] [ERROR] system - Error: Navigation failed because browser has disconnected!
    at C:\source\yt-scraping\node_modules\puppeteer\lib\cjs\puppeteer\common\LifecycleWatcher.js:51:147
    at C:\source\yt-scraping\node_modules\puppeteer\lib\cjs\vendor\mitt\src\index.js:51:62
    at Array.map (<anonymous>)
    at Object.emit (C:\source\yt-scraping\node_modules\puppeteer\lib\cjs\vendor\mitt\src\index.js:51:43)
    at CDPSession.emit (C:\source\yt-scraping\node_modules\puppeteer\lib\cjs\puppeteer\common\EventEmitter.js:72:22)
    at CDPSession._onClosed (C:\source\yt-scraping\node_modules\puppeteer\lib\cjs\puppeteer\common\Connection.js:247:14)
    at Connection._onClose (C:\source\yt-scraping\node_modules\puppeteer\lib\cjs\puppeteer\common\Connection.js:128:21)
    at WebSocket.<anonymous> (C:\source\yt-scraping\node_modules\puppeteer\lib\cjs\puppeteer\node\NodeWebSocketTransport.js:17:30)
    at WebSocket.onClose (C:\source\yt-scraping\node_modules\ws\lib\event-target.js:136:16)
    at WebSocket.emit (events.js:315:20)
[2021-07-26T00:32:12.906] [ERROR] system - Error: Protocol error (Target.activateTarget): Session closed. Most likely the page has been closed.
    at CDPSession.send (C:\source\yt-scraping\node_modules\puppeteer\lib\cjs\puppeteer\common\Connection.js:195:35)
    at Page._screenshotTask (C:\source\yt-scraping\node_modules\puppeteer\lib\cjs\puppeteer\common\Page.js:1084:28)
    at C:\source\yt-scraping\node_modules\puppeteer\lib\cjs\puppeteer\common\Page.js:1081:62
    at processTicksAndRejections (internal/process/task_queues.js:93:5)
[2021-07-26T00:32:12.908] [ERROR] system - ReferenceError: page is not defined
    at newBrowser (C:\source\yt-scraping\func-lpkick\lpkick.js:618:5)
    at processTicksAndRejections (internal/process/task_queues.js:93:5)
    at async C:\source\yt-scraping\func-lpkick\lpkick.js:107:5
[2021-07-26T00:32:13.807] [INFO] system - キック：{"isWindows":["Windows"],"---1---":"====== BasicSetting ======","mypageUrl":"https://t.livepocket.jp/my_top","autoLogin":false,"confUser":"chiaochiao.sonmi@gmail.com","confPass":"sero3202","testUser":"kisyan3333@gmail.com","testPass":"6yjAWLhCxVT2","targetUrl":"https://t.livepocket.jp/e/pannana0727/","targetName":"1部前売チケット整理番号券","targetNumber":"1","storeTypeId":"002","loginTime":"2021-07-25 23:15","startTime":"2021-07-25 23:30","isBrowse":true,"isTest":true,"isJamCheck":true,"isCredit":false,"isMailSend":false,"notCheckOnly":true,"isClose":false,"isMobile":true,"dareSec":0,"isConnect":true,"isLogger":true,"advSec":-170,"isOrigin":true,"jamTryCnt":10,"---2---":"====== MailSetting(GmailOnly) ======","fromMail":"sugachan.tectec@gmail.com","fromMailPass":"sero3202","toMail":"","toSysMail":"trigger@applet.ifttt.com"}
[2021-07-26T00:32:13.817] [INFO] system - 【テスト】
[2021-07-26T00:32:13.822] [INFO] system - 2021-07-25 23:15:00にすでに到達
[2021-07-26T00:32:13.825] [INFO] system - ログイン処理想定時間到達
[2021-07-26T00:32:14.548] [INFO] system - ブラウザ起動後準備完了
[2021-07-26T00:32:15.960] [INFO] system - ログインページに移動完了
[2021-07-26T00:32:15.972] [INFO] system - 混線なし
[2021-07-26T00:32:18.356] [INFO] system - ログイン完了
[2021-07-26T00:32:18.368] [INFO] system - 混線なし
[2021-07-26T00:32:18.396] [INFO] system - 「1部前売チケット整理番号券」の存在を確認(.table #ticket-463837)
[2021-07-26T00:32:21.102] [INFO] system - .table #ticket-463837ロック外し開始
[2021-07-26T00:32:21.117] [INFO] system - 1セット選択終了
[2021-07-26T00:32:21.123] [INFO] system - 2021-07-25 23:29にすでに到達
[2021-07-26T00:32:21.125] [INFO] system - 前ページへ移動
[2021-07-26T00:32:22.277] [INFO] system - 2021-07-25 23:29にすでに到達
[2021-07-26T00:32:22.292] [INFO] system - 購入処理想定時間到達
[2021-07-26T00:32:22.293] [INFO] system - <成績時間カウント開始>
[2021-07-26T00:32:22.294] [INFO] system - 購入可能状態確認start(1回目)
[2021-07-26T00:32:22.295] [INFO] system - 次ページへ移動
[2021-07-26T00:32:23.501] [INFO] system - 購入可能状態確認end
[2021-07-26T00:32:23.502] [INFO] system - 枚数選択start(1回目)
[2021-07-26T00:32:23.503] [INFO] system - 購入クリック処理1回目
[2021-07-26T00:33:03.309] [ERROR] system - Error: Navigation failed because browser has disconnected!
    at C:\source\yt-scraping\node_modules\puppeteer\lib\cjs\puppeteer\common\LifecycleWatcher.js:51:147
    at C:\source\yt-scraping\node_modules\puppeteer\lib\cjs\vendor\mitt\src\index.js:51:62
    at Array.map (<anonymous>)
    at Object.emit (C:\source\yt-scraping\node_modules\puppeteer\lib\cjs\vendor\mitt\src\index.js:51:43)
    at CDPSession.emit (C:\source\yt-scraping\node_modules\puppeteer\lib\cjs\puppeteer\common\EventEmitter.js:72:22)
    at CDPSession._onClosed (C:\source\yt-scraping\node_modules\puppeteer\lib\cjs\puppeteer\common\Connection.js:247:14)
    at Connection._onClose (C:\source\yt-scraping\node_modules\puppeteer\lib\cjs\puppeteer\common\Connection.js:128:21)
    at WebSocket.<anonymous> (C:\source\yt-scraping\node_modules\puppeteer\lib\cjs\puppeteer\node\NodeWebSocketTransport.js:17:30)
    at WebSocket.onClose (C:\source\yt-scraping\node_modules\ws\lib\event-target.js:136:16)
    at WebSocket.emit (events.js:315:20)
[2021-07-26T00:33:34.829] [INFO] system - キック：{"isWindows":["Windows"],"---1---":"====== BasicSetting ======","mypageUrl":"https://t.livepocket.jp/my_top","autoLogin":false,"confUser":"chiaochiao.sonmi@gmail.com","confPass":"sero3202","testUser":"kisyan3333@gmail.com","testPass":"6yjAWLhCxVT2","targetUrl":"https://t.livepocket.jp/e/pannana0727/","targetName":"1部前売チケット整理番号券","targetNumber":"1","storeTypeId":"002","loginTime":"2021-07-25 23:15","startTime":"2021-07-25 23:30","isBrowse":true,"isTest":true,"isJamCheck":true,"isCredit":false,"isMailSend":false,"notCheckOnly":true,"isClose":false,"isMobile":true,"dareSec":0,"isConnect":true,"isLogger":true,"advSec":-170,"isOrigin":true,"jamTryCnt":10,"---2---":"====== MailSetting(GmailOnly) ======","fromMail":"sugachan.tectec@gmail.com","fromMailPass":"sero3202","toMail":"","toSysMail":"trigger@applet.ifttt.com"}
[2021-07-26T00:33:34.842] [INFO] system - 【テスト】
[2021-07-26T00:33:34.846] [INFO] system - 2021-07-25 23:15:00にすでに到達
[2021-07-26T00:33:34.848] [INFO] system - ログイン処理想定時間到達
[2021-07-26T00:33:35.573] [INFO] system - ブラウザ起動後準備完了
[2021-07-26T00:33:37.263] [INFO] system - ログインページに移動完了
[2021-07-26T00:33:37.275] [INFO] system - 混線なし
[2021-07-26T00:33:39.779] [INFO] system - ログイン完了
[2021-07-26T00:33:39.792] [INFO] system - 混線なし
[2021-07-26T00:33:39.816] [INFO] system - 「1部前売チケット整理番号券」の存在を確認(.table #ticket-463837)
[2021-07-26T00:33:42.446] [INFO] system - .table #ticket-463837ロック外し開始
[2021-07-26T00:33:42.460] [INFO] system - 1セット選択終了
[2021-07-26T00:33:42.465] [INFO] system - 2021-07-25 23:29にすでに到達
[2021-07-26T00:33:42.471] [INFO] system - 前ページへ移動
[2021-07-26T00:33:43.554] [INFO] system - 2021-07-25 23:29にすでに到達
[2021-07-26T00:33:43.565] [INFO] system - 購入処理想定時間到達
[2021-07-26T00:33:43.570] [INFO] system - <成績時間カウント開始>
[2021-07-26T00:33:43.571] [INFO] system - 購入可能状態確認start(1回目)
[2021-07-26T00:33:43.572] [INFO] system - 次ページへ移動
[2021-07-26T00:33:44.891] [INFO] system - 購入可能状態確認end
[2021-07-26T00:33:44.892] [INFO] system - 枚数選択start(1回目)
[2021-07-26T00:33:44.893] [INFO] system - 購入クリック処理1回目
[2021-07-26T00:34:23.625] [ERROR] system - Error: Navigation failed because browser has disconnected!
    at C:\source\yt-scraping\node_modules\puppeteer\lib\cjs\puppeteer\common\LifecycleWatcher.js:51:147
    at C:\source\yt-scraping\node_modules\puppeteer\lib\cjs\vendor\mitt\src\index.js:51:62
    at Array.map (<anonymous>)
    at Object.emit (C:\source\yt-scraping\node_modules\puppeteer\lib\cjs\vendor\mitt\src\index.js:51:43)
    at CDPSession.emit (C:\source\yt-scraping\node_modules\puppeteer\lib\cjs\puppeteer\common\EventEmitter.js:72:22)
    at CDPSession._onClosed (C:\source\yt-scraping\node_modules\puppeteer\lib\cjs\puppeteer\common\Connection.js:247:14)
    at Connection._onClose (C:\source\yt-scraping\node_modules\puppeteer\lib\cjs\puppeteer\common\Connection.js:128:21)
    at WebSocket.<anonymous> (C:\source\yt-scraping\node_modules\puppeteer\lib\cjs\puppeteer\node\NodeWebSocketTransport.js:17:30)
    at WebSocket.onClose (C:\source\yt-scraping\node_modules\ws\lib\event-target.js:136:16)
    at WebSocket.emit (events.js:315:20)
[2021-07-26T00:34:23.636] [ERROR] system - Error: Protocol error (Target.activateTarget): Session closed. Most likely the page has been closed.
    at CDPSession.send (C:\source\yt-scraping\node_modules\puppeteer\lib\cjs\puppeteer\common\Connection.js:195:35)
    at Page._screenshotTask (C:\source\yt-scraping\node_modules\puppeteer\lib\cjs\puppeteer\common\Page.js:1084:28)
    at C:\source\yt-scraping\node_modules\puppeteer\lib\cjs\puppeteer\common\Page.js:1081:62
    at processTicksAndRejections (internal/process/task_queues.js:93:5)
[2021-07-26T00:34:23.641] [ERROR] system - ReferenceError: page is not defined
    at newBrowser (C:\source\yt-scraping\func-lpkick\lpkick.js:618:5)
    at processTicksAndRejections (internal/process/task_queues.js:93:5)
    at async C:\source\yt-scraping\func-lpkick\lpkick.js:107:5
[2021-07-26T00:34:25.192] [INFO] system - キック：{"isWindows":["Windows"],"---1---":"====== BasicSetting ======","mypageUrl":"https://t.livepocket.jp/my_top","autoLogin":false,"confUser":"chiaochiao.sonmi@gmail.com","confPass":"sero3202","testUser":"kisyan3333@gmail.com","testPass":"6yjAWLhCxVT2","targetUrl":"https://t.livepocket.jp/e/pannana0727/","targetName":"1部前売チケット整理番号券","targetNumber":"1","storeTypeId":"002","loginTime":"2021-07-25 23:15","startTime":"2021-07-25 23:30","isBrowse":true,"isTest":true,"isJamCheck":true,"isCredit":false,"isMailSend":false,"notCheckOnly":true,"isClose":false,"isMobile":true,"dareSec":0,"isConnect":true,"isLogger":true,"advSec":-170,"isOrigin":true,"jamTryCnt":10,"---2---":"====== MailSetting(GmailOnly) ======","fromMail":"sugachan.tectec@gmail.com","fromMailPass":"sero3202","toMail":"","toSysMail":"trigger@applet.ifttt.com"}
[2021-07-26T00:34:25.202] [INFO] system - 【テスト】
[2021-07-26T00:34:25.207] [INFO] system - 2021-07-25 23:15:00にすでに到達
[2021-07-26T00:34:25.215] [INFO] system - ログイン処理想定時間到達
[2021-07-26T00:34:25.911] [INFO] system - ブラウザ起動後準備完了
[2021-07-26T00:34:27.473] [INFO] system - ログインページに移動完了
[2021-07-26T00:34:27.486] [INFO] system - 混線なし
[2021-07-26T00:34:30.012] [INFO] system - ログイン完了
[2021-07-26T00:34:30.023] [INFO] system - 混線なし
[2021-07-26T00:34:30.057] [INFO] system - 「1部前売チケット整理番号券」の存在を確認(.table #ticket-463837)
[2021-07-26T00:34:32.711] [INFO] system - .table #ticket-463837ロック外し開始
[2021-07-26T00:34:32.724] [INFO] system - 1セット選択終了
[2021-07-26T00:34:32.731] [INFO] system - 2021-07-25 23:29にすでに到達
[2021-07-26T00:34:32.732] [INFO] system - 前ページへ移動
[2021-07-26T00:34:34.086] [INFO] system - 2021-07-25 23:29にすでに到達
[2021-07-26T00:34:34.087] [INFO] system - 購入処理想定時間到達
[2021-07-26T00:34:34.088] [INFO] system - <成績時間カウント開始>
[2021-07-26T00:34:34.099] [INFO] system - 購入可能状態確認start(1回目)
[2021-07-26T00:34:34.101] [INFO] system - 次ページへ移動
[2021-07-26T00:34:35.348] [INFO] system - 購入可能状態確認end
[2021-07-26T00:34:35.349] [INFO] system - 枚数選択start(1回目)
[2021-07-26T00:34:35.350] [INFO] system - 購入クリック処理1回目
[2021-07-26T00:34:43.433] [ERROR] system - Error: Navigation failed because browser has disconnected!
    at C:\source\yt-scraping\node_modules\puppeteer\lib\cjs\puppeteer\common\LifecycleWatcher.js:51:147
    at C:\source\yt-scraping\node_modules\puppeteer\lib\cjs\vendor\mitt\src\index.js:51:62
    at Array.map (<anonymous>)
    at Object.emit (C:\source\yt-scraping\node_modules\puppeteer\lib\cjs\vendor\mitt\src\index.js:51:43)
    at CDPSession.emit (C:\source\yt-scraping\node_modules\puppeteer\lib\cjs\puppeteer\common\EventEmitter.js:72:22)
    at CDPSession._onClosed (C:\source\yt-scraping\node_modules\puppeteer\lib\cjs\puppeteer\common\Connection.js:247:14)
    at Connection._onClose (C:\source\yt-scraping\node_modules\puppeteer\lib\cjs\puppeteer\common\Connection.js:128:21)
    at WebSocket.<anonymous> (C:\source\yt-scraping\node_modules\puppeteer\lib\cjs\puppeteer\node\NodeWebSocketTransport.js:17:30)
    at WebSocket.onClose (C:\source\yt-scraping\node_modules\ws\lib\event-target.js:136:16)
    at WebSocket.emit (events.js:315:20)
[2021-07-26T00:34:43.443] [ERROR] system - Error: Protocol error (Target.activateTarget): Session closed. Most likely the page has been closed.
    at CDPSession.send (C:\source\yt-scraping\node_modules\puppeteer\lib\cjs\puppeteer\common\Connection.js:195:35)
    at Page._screenshotTask (C:\source\yt-scraping\node_modules\puppeteer\lib\cjs\puppeteer\common\Page.js:1084:28)
    at C:\source\yt-scraping\node_modules\puppeteer\lib\cjs\puppeteer\common\Page.js:1081:62
    at processTicksAndRejections (internal/process/task_queues.js:93:5)
[2021-07-26T00:34:43.451] [ERROR] system - ReferenceError: page is not defined
    at newBrowser (C:\source\yt-scraping\func-lpkick\lpkick.js:618:5)
    at processTicksAndRejections (internal/process/task_queues.js:93:5)
    at async C:\source\yt-scraping\func-lpkick\lpkick.js:107:5
[2021-07-26T00:35:55.120] [INFO] system - キック：{"isWindows":["Windows"],"---1---":"====== BasicSetting ======","mypageUrl":"https://t.livepocket.jp/my_top","autoLogin":false,"confUser":"chiaochiao.sonmi@gmail.com","confPass":"sero3202","testUser":"kisyan3333@gmail.com","testPass":"6yjAWLhCxVT2","targetUrl":"https://t.livepocket.jp/e/pannana0727/","targetName":"1部前売チケット整理番号券","targetNumber":"1","storeTypeId":"002","loginTime":"2021-07-25 23:15","startTime":"2021-07-25 23:30","isBrowse":true,"isTest":true,"isJamCheck":true,"isCredit":false,"isMailSend":false,"notCheckOnly":true,"isClose":false,"isMobile":true,"dareSec":0,"isConnect":true,"isLogger":true,"advSec":-170,"isOrigin":true,"jamTryCnt":10,"---2---":"====== MailSetting(GmailOnly) ======","fromMail":"sugachan.tectec@gmail.com","fromMailPass":"sero3202","toMail":"","toSysMail":"trigger@applet.ifttt.com"}
[2021-07-26T00:35:55.130] [INFO] system - 【テスト】
[2021-07-26T00:35:55.136] [INFO] system - 2021-07-25 23:15:00にすでに到達
[2021-07-26T00:35:55.139] [INFO] system - ログイン処理想定時間到達
[2021-07-26T00:35:55.848] [INFO] system - ブラウザ起動後準備完了
[2021-07-26T00:35:57.358] [INFO] system - ログインページに移動完了
[2021-07-26T00:35:57.371] [INFO] system - 混線なし
[2021-07-26T00:35:59.729] [INFO] system - ログイン完了
[2021-07-26T00:35:59.742] [INFO] system - 混線なし
[2021-07-26T00:35:59.773] [INFO] system - 「1部前売チケット整理番号券」の存在を確認(.table #ticket-463837)
[2021-07-26T00:36:02.602] [INFO] system - .table #ticket-463837ロック外し開始
[2021-07-26T00:36:02.614] [INFO] system - 1セット選択終了
[2021-07-26T00:36:02.621] [INFO] system - 2021-07-25 23:29にすでに到達
[2021-07-26T00:36:02.623] [INFO] system - 前ページへ移動
[2021-07-26T00:36:03.750] [INFO] system - 2021-07-25 23:29にすでに到達
[2021-07-26T00:36:03.751] [INFO] system - 購入処理想定時間到達
[2021-07-26T00:36:03.753] [INFO] system - <成績時間カウント開始>
[2021-07-26T00:36:03.762] [INFO] system - 購入可能状態確認start(1回目)
[2021-07-26T00:36:03.763] [INFO] system - 次ページへ移動
[2021-07-26T00:36:05.083] [INFO] system - 購入可能状態確認end
[2021-07-26T00:36:05.084] [INFO] system - 枚数選択start(1回目)
[2021-07-26T00:36:05.085] [INFO] system - 購入クリック処理1回目
[2021-07-26T00:36:05.089] [INFO] system - 購入処理e
[2021-07-26T00:36:05.096] [INFO] system - 次ページが見つかった
[2021-07-26T00:36:05.097] [INFO] system - 決済ページ遷移確認1回目に成功
[2021-07-26T00:36:05.107] [INFO] system - 枚数選択end(1回目)
[2021-07-26T00:36:13.607] [ERROR] system - Error: Protocol error (Runtime.callFunctionOn): Target closed.
    at C:\source\yt-scraping\node_modules\puppeteer\lib\cjs\puppeteer\common\Connection.js:208:63
    at new Promise (<anonymous>)
    at CDPSession.send (C:\source\yt-scraping\node_modules\puppeteer\lib\cjs\puppeteer\common\Connection.js:207:16)
    at ExecutionContext._evaluateInternal (C:\source\yt-scraping\node_modules\puppeteer\lib\cjs\puppeteer\common\ExecutionContext.js:200:50)
    at ExecutionContext.evaluateHandle (C:\source\yt-scraping\node_modules\puppeteer\lib\cjs\puppeteer\common\ExecutionContext.js:151:21)
    at WaitTask.rerun (C:\source\yt-scraping\node_modules\puppeteer\lib\cjs\puppeteer\common\DOMWorld.js:498:71)
    at processTicksAndRejections (internal/process/task_queues.js:93:5)
[2021-07-26T00:36:13.618] [ERROR] system - ReferenceError: page is not defined
    at newBrowser (C:\source\yt-scraping\func-lpkick\lpkick.js:618:5)
    at processTicksAndRejections (internal/process/task_queues.js:93:5)
    at async C:\source\yt-scraping\func-lpkick\lpkick.js:107:5
[2021-07-26T00:37:36.756] [INFO] system - キック：{"isWindows":["Windows"],"---1---":"====== BasicSetting ======","mypageUrl":"https://t.livepocket.jp/my_top","autoLogin":false,"confUser":"chiaochiao.sonmi@gmail.com","confPass":"sero3202","testUser":"kisyan3333@gmail.com","testPass":"6yjAWLhCxVT2","targetUrl":"https://t.livepocket.jp/e/pannana0727/","targetName":"1部前売チケット整理番号券","targetNumber":"1","storeTypeId":"002","loginTime":"2021-07-25 23:15","startTime":"2021-07-25 23:30","isBrowse":true,"isTest":true,"isJamCheck":true,"isCredit":false,"isMailSend":false,"notCheckOnly":true,"isClose":false,"isMobile":true,"dareSec":0,"isConnect":true,"isLogger":true,"advSec":-170,"isOrigin":true,"jamTryCnt":10,"---2---":"====== MailSetting(GmailOnly) ======","fromMail":"sugachan.tectec@gmail.com","fromMailPass":"sero3202","toMail":"","toSysMail":"trigger@applet.ifttt.com"}
[2021-07-26T00:37:36.767] [INFO] system - 【テスト】
[2021-07-26T00:37:36.772] [INFO] system - 2021-07-25 23:15:00にすでに到達
[2021-07-26T00:37:36.775] [INFO] system - ログイン処理想定時間到達
[2021-07-26T00:37:37.484] [INFO] system - ブラウザ起動後準備完了
[2021-07-26T00:37:38.903] [INFO] system - ログインページに移動完了
[2021-07-26T00:37:38.916] [INFO] system - 混線なし
[2021-07-26T00:37:41.553] [INFO] system - ログイン完了
[2021-07-26T00:37:41.565] [INFO] system - 混線なし
[2021-07-26T00:37:41.596] [INFO] system - 「1部前売チケット整理番号券」の存在を確認(.table #ticket-463837)
[2021-07-26T00:37:44.098] [INFO] system - .table #ticket-463837ロック外し開始
[2021-07-26T00:37:44.113] [INFO] system - 1セット選択終了
[2021-07-26T00:37:44.116] [INFO] system - 2021-07-25 23:29にすでに到達
[2021-07-26T00:37:44.125] [INFO] system - 前ページへ移動
[2021-07-26T00:37:45.531] [INFO] system - 2021-07-25 23:29にすでに到達
[2021-07-26T00:37:45.533] [INFO] system - 購入処理想定時間到達
[2021-07-26T00:37:45.535] [INFO] system - <成績時間カウント開始>
[2021-07-26T00:37:45.544] [INFO] system - 購入可能状態確認start(1回目)
[2021-07-26T00:37:45.545] [INFO] system - 次ページへ移動
[2021-07-26T00:37:46.887] [INFO] system - 購入可能状態確認end
[2021-07-26T00:37:46.888] [INFO] system - 枚数選択start(1回目)
[2021-07-26T00:37:46.889] [INFO] system - 購入クリック処理1回目
[2021-07-26T00:37:46.894] [INFO] system - 購入処理e
[2021-07-26T00:37:54.991] [ERROR] system - Error: Navigation failed because browser has disconnected!
    at C:\source\yt-scraping\node_modules\puppeteer\lib\cjs\puppeteer\common\LifecycleWatcher.js:51:147
    at C:\source\yt-scraping\node_modules\puppeteer\lib\cjs\vendor\mitt\src\index.js:51:62
    at Array.map (<anonymous>)
    at Object.emit (C:\source\yt-scraping\node_modules\puppeteer\lib\cjs\vendor\mitt\src\index.js:51:43)
    at CDPSession.emit (C:\source\yt-scraping\node_modules\puppeteer\lib\cjs\puppeteer\common\EventEmitter.js:72:22)
    at CDPSession._onClosed (C:\source\yt-scraping\node_modules\puppeteer\lib\cjs\puppeteer\common\Connection.js:247:14)
    at Connection._onMessage (C:\source\yt-scraping\node_modules\puppeteer\lib\cjs\puppeteer\common\Connection.js:94:25)
    at WebSocket.<anonymous> (C:\source\yt-scraping\node_modules\puppeteer\lib\cjs\puppeteer\node\NodeWebSocketTransport.js:13:32)
    at WebSocket.onMessage (C:\source\yt-scraping\node_modules\ws\lib\event-target.js:132:16)
    at WebSocket.emit (events.js:315:20)
[2021-07-26T00:37:55.008] [ERROR] system - Error: Protocol error (Target.activateTarget): Session closed. Most likely the page has been closed.
    at CDPSession.send (C:\source\yt-scraping\node_modules\puppeteer\lib\cjs\puppeteer\common\Connection.js:195:35)
    at Page._screenshotTask (C:\source\yt-scraping\node_modules\puppeteer\lib\cjs\puppeteer\common\Page.js:1084:28)
    at C:\source\yt-scraping\node_modules\puppeteer\lib\cjs\puppeteer\common\Page.js:1081:62
    at runMicrotasks (<anonymous>)
    at processTicksAndRejections (internal/process/task_queues.js:93:5)
[2021-07-26T00:37:55.013] [ERROR] system - ReferenceError: page is not defined
    at newBrowser (C:\source\yt-scraping\func-lpkick\lpkick.js:618:5)
    at runMicrotasks (<anonymous>)
    at processTicksAndRejections (internal/process/task_queues.js:93:5)
    at async C:\source\yt-scraping\func-lpkick\lpkick.js:107:5
[2021-07-26T00:42:56.812] [INFO] system - キック：{"isWindows":["Windows"],"---1---":"====== BasicSetting ======","mypageUrl":"https://t.livepocket.jp/my_top","autoLogin":false,"confUser":"chiaochiao.sonmi@gmail.com","confPass":"sero3202","testUser":"kisyan3333@gmail.com","testPass":"6yjAWLhCxVT2","targetUrl":"https://t.livepocket.jp/e/pannana0727/","targetName":"1部前売チケット整理番号券","targetNumber":"1","storeTypeId":"002","loginTime":"2021-07-25 23:15","startTime":"2021-07-25 23:30","isBrowse":true,"isTest":true,"isJamCheck":true,"isCredit":false,"isMailSend":false,"notCheckOnly":true,"isClose":false,"isMobile":true,"dareSec":0,"isConnect":true,"isLogger":true,"advSec":-170,"isOrigin":true,"jamTryCnt":10,"---2---":"====== MailSetting(GmailOnly) ======","fromMail":"sugachan.tectec@gmail.com","fromMailPass":"sero3202","toMail":"","toSysMail":"trigger@applet.ifttt.com"}
[2021-07-26T00:42:56.817] [INFO] system - 【テスト】
[2021-07-26T00:42:56.827] [INFO] system - 2021-07-25 23:15:00にすでに到達
[2021-07-26T00:42:56.830] [INFO] system - ログイン処理想定時間到達
[2021-07-26T00:42:57.629] [INFO] system - ブラウザ起動後準備完了
[2021-07-26T00:42:59.260] [INFO] system - ログインページに移動完了
[2021-07-26T00:42:59.277] [INFO] system - 混線なし
[2021-07-26T00:43:01.653] [INFO] system - ログイン完了
[2021-07-26T00:43:01.668] [INFO] system - 混線なし
[2021-07-26T00:43:01.702] [INFO] system - 「1部前売チケット整理番号券」の存在を確認(.table #ticket-463837)
[2021-07-26T00:43:04.524] [INFO] system - .table #ticket-463837ロック外し開始
[2021-07-26T00:43:04.538] [INFO] system - 1セット選択終了
[2021-07-26T00:43:04.542] [INFO] system - 2021-07-25 23:29にすでに到達
[2021-07-26T00:43:04.552] [INFO] system - 前ページへ移動
[2021-07-26T00:43:06.021] [INFO] system - 2021-07-25 23:29にすでに到達
[2021-07-26T00:43:06.023] [INFO] system - 購入処理想定時間到達
[2021-07-26T00:43:06.024] [INFO] system - <成績時間カウント開始>
[2021-07-26T00:43:06.033] [INFO] system - 購入可能状態確認start(1回目)
[2021-07-26T00:43:06.035] [INFO] system - 次ページへ移動
[2021-07-26T00:43:07.194] [INFO] system - 購入可能状態確認end
[2021-07-26T00:43:07.195] [INFO] system - 枚数選択start(1回目)
[2021-07-26T00:43:07.196] [INFO] system - 購入クリック処理1回目
[2021-07-26T00:43:07.200] [INFO] system - 購入処理e
[2021-07-26T00:43:07.207] [INFO] system - 次ページが見つからない
[2021-07-26T00:43:07.209] [INFO] system - 購入クリック処理2回目
[2021-07-26T00:43:07.211] [INFO] system - 購入処理e
[2021-07-26T00:43:07.212] [INFO] system - 次ページが見つからない
[2021-07-26T00:43:07.213] [INFO] system - 購入クリック処理3回目
[2021-07-26T00:43:07.215] [INFO] system - 購入処理e
[2021-07-26T00:43:07.216] [INFO] system - 次ページが見つからない
[2021-07-26T00:43:07.217] [INFO] system - 購入クリック処理4回目
[2021-07-26T00:43:07.219] [INFO] system - 購入処理e
[2021-07-26T00:43:07.220] [INFO] system - 次ページが見つからない
[2021-07-26T00:43:07.221] [INFO] system - 購入クリック処理5回目
[2021-07-26T00:43:07.224] [INFO] system - 購入処理e
[2021-07-26T00:43:07.231] [INFO] system - 次ページが見つからない
[2021-07-26T00:43:07.232] [INFO] system - 購入クリック処理6回目
[2021-07-26T00:43:07.237] [INFO] system - 購入処理e
[2021-07-26T00:43:07.238] [INFO] system - 次ページが見つからない
[2021-07-26T00:43:07.240] [INFO] system - 購入クリック処理7回目
[2021-07-26T00:43:07.242] [INFO] system - 購入処理e
[2021-07-26T00:43:07.243] [INFO] system - 次ページが見つからない
[2021-07-26T00:43:07.254] [INFO] system - 購入クリック処理8回目
[2021-07-26T00:43:07.265] [INFO] system - 購入処理e
[2021-07-26T00:43:07.266] [INFO] system - 次ページが見つからない
[2021-07-26T00:43:07.267] [INFO] system - 購入クリック処理9回目
[2021-07-26T00:43:07.270] [INFO] system - 購入処理e
[2021-07-26T00:43:07.271] [INFO] system - 次ページが見つからない
[2021-07-26T00:43:07.272] [INFO] system - 購入クリック処理10回目
[2021-07-26T00:43:07.283] [INFO] system - 購入処理e
[2021-07-26T00:43:07.284] [INFO] system - 次ページが見つからない
[2021-07-26T00:43:07.284] [INFO] system - 購入クリック処理11回目
[2021-07-26T00:43:07.287] [INFO] system - 購入処理e
[2021-07-26T00:43:07.287] [INFO] system - 次ページが見つからない
[2021-07-26T00:43:07.288] [INFO] system - 購入クリック処理12回目
[2021-07-26T00:43:07.293] [INFO] system - 購入処理e
[2021-07-26T00:43:07.301] [INFO] system - 次ページが見つからない
[2021-07-26T00:43:07.302] [INFO] system - 購入クリック処理13回目
[2021-07-26T00:43:08.315] [ERROR] system - Error: Execution context was destroyed, most likely because of a navigation.
    at rewriteError (C:\source\yt-scraping\node_modules\puppeteer\lib\cjs\puppeteer\common\ExecutionContext.js:261:23)
    at processTicksAndRejections (internal/process/task_queues.js:93:5)
    at async ExecutionContext._evaluateInternal (C:\source\yt-scraping\node_modules\puppeteer\lib\cjs\puppeteer\common\ExecutionContext.js:215:61)
    at async ExecutionContext.evaluate (C:\source\yt-scraping\node_modules\puppeteer\lib\cjs\puppeteer\common\ExecutionContext.js:106:16)
    at async targetPageBuySelect (C:\source\yt-scraping\func-lpkick\lpkick.js:850:9)
    at async newBrowser (C:\source\yt-scraping\func-lpkick\lpkick.js:487:11)
    at async C:\source\yt-scraping\func-lpkick\lpkick.js:107:5
[2021-07-26T00:43:08.928] [INFO] system - 枚数選択end(1回目)
[2021-07-26T00:43:08.948] [INFO] system - 決済処理ページ遷移済
[2021-07-26T00:43:08.949] [INFO] system - 決済処理start(1回目)
[2021-07-26T00:43:08.950] [INFO] system - 購入処理確定開始(freeBuy:true)
[2021-07-26T00:43:08.951] [INFO] system - 購入処理開始(無料)
[2021-07-26T00:43:08.978] [INFO] system - 規約に同意クリック
[2021-07-26T00:43:08.980] [INFO] system - テスト処理完了
[2021-07-26T00:43:08.983] [INFO] system - <現在時刻：Mon Jul 26 2021 00:43:08 GMT+0900／成績：2.95秒>
[2021-07-26T00:48:10.936] [INFO] system - キック：{"isWindows":["Windows"],"---1---":"====== BasicSetting ======","mypageUrl":"https://t.livepocket.jp/my_top","autoLogin":false,"confUser":"chiaochiao.sonmi@gmail.com","confPass":"sero3202","testUser":"kisyan3333@gmail.com","testPass":"6yjAWLhCxVT2","targetUrl":"https://t.livepocket.jp/e/pannana0727/","targetName":"1部前売チケット整理番号券","targetNumber":"1","storeTypeId":"002","loginTime":"2021-07-25 23:15","startTime":"2021-07-25 23:30","isBrowse":true,"isTest":true,"isJamCheck":true,"isCredit":false,"isMailSend":false,"notCheckOnly":true,"isClose":false,"isMobile":true,"dareSec":0,"isConnect":true,"isLogger":true,"advSec":-170,"isOrigin":true,"jamTryCnt":10,"---2---":"====== MailSetting(GmailOnly) ======","fromMail":"sugachan.tectec@gmail.com","fromMailPass":"sero3202","toMail":"","toSysMail":"trigger@applet.ifttt.com"}
[2021-07-26T00:48:10.948] [INFO] system - 【テスト】
[2021-07-26T00:48:10.954] [INFO] system - 2021-07-25 23:15:00にすでに到達
[2021-07-26T00:48:10.965] [INFO] system - ログイン処理想定時間到達
[2021-07-26T00:48:11.682] [INFO] system - ブラウザ起動後準備完了
[2021-07-26T00:48:13.336] [INFO] system - ログインページに移動完了
[2021-07-26T00:48:13.349] [INFO] system - 混線なし
[2021-07-26T00:48:16.037] [INFO] system - ログイン完了
[2021-07-26T00:48:16.050] [INFO] system - 混線なし
[2021-07-26T00:48:16.072] [INFO] system - 「1部前売チケット整理番号券」の存在を確認(.table #ticket-463837)
[2021-07-26T00:48:18.971] [INFO] system - .table #ticket-463837ロック外し開始
[2021-07-26T00:48:18.989] [INFO] system - 1セット選択終了
[2021-07-26T00:48:18.992] [INFO] system - 2021-07-25 23:29にすでに到達
[2021-07-26T00:48:18.993] [INFO] system - 前ページへ移動
[2021-07-26T00:48:20.370] [INFO] system - 2021-07-25 23:29にすでに到達
[2021-07-26T00:48:20.371] [INFO] system - 購入処理想定時間到達
[2021-07-26T00:48:20.373] [INFO] system - <成績時間カウント開始>
[2021-07-26T00:48:20.382] [INFO] system - 購入可能状態確認start(1回目)
[2021-07-26T00:48:20.384] [INFO] system - 次ページへ移動
[2021-07-26T00:48:21.575] [INFO] system - 購入可能状態確認end
[2021-07-26T00:48:21.576] [INFO] system - 枚数選択start(1回目)
[2021-07-26T00:48:21.577] [INFO] system - 購入クリック処理1回目
[2021-07-26T00:48:21.578] [INFO] system - 購入処理e
[2021-07-26T00:48:21.601] [ERROR] system - Error: Node is either not visible or not an HTMLElement
    at ElementHandle._clickablePoint (C:\source\yt-scraping\node_modules\puppeteer\lib\cjs\puppeteer\common\JSHandle.js:329:19)
    at processTicksAndRejections (internal/process/task_queues.js:93:5)
    at async ElementHandle.click (C:\source\yt-scraping\node_modules\puppeteer\lib\cjs\puppeteer\common\JSHandle.js:390:26)
    at async DOMWorld.click (C:\source\yt-scraping\node_modules\puppeteer\lib\cjs\puppeteer\common\DOMWorld.js:278:9)
    at async Promise.all (index 1)
    at async targetPageBuySelect (C:\source\yt-scraping\func-lpkick\lpkick.js:856:11)
    at async newBrowser (C:\source\yt-scraping\func-lpkick\lpkick.js:487:11)
    at async C:\source\yt-scraping\func-lpkick\lpkick.js:107:5
[2021-07-26T00:48:21.754] [INFO] system - 枚数選択end(1回目)
[2021-07-26T00:48:27.160] [ERROR] system - Error: Protocol error (Runtime.callFunctionOn): Target closed.
    at C:\source\yt-scraping\node_modules\puppeteer\lib\cjs\puppeteer\common\Connection.js:208:63
    at new Promise (<anonymous>)
    at CDPSession.send (C:\source\yt-scraping\node_modules\puppeteer\lib\cjs\puppeteer\common\Connection.js:207:16)
    at ExecutionContext._evaluateInternal (C:\source\yt-scraping\node_modules\puppeteer\lib\cjs\puppeteer\common\ExecutionContext.js:200:50)
    at ExecutionContext.evaluateHandle (C:\source\yt-scraping\node_modules\puppeteer\lib\cjs\puppeteer\common\ExecutionContext.js:151:21)
    at WaitTask.rerun (C:\source\yt-scraping\node_modules\puppeteer\lib\cjs\puppeteer\common\DOMWorld.js:498:71)
    at processTicksAndRejections (internal/process/task_queues.js:93:5)
[2021-07-26T00:48:27.167] [ERROR] system - ReferenceError: page is not defined
    at newBrowser (C:\source\yt-scraping\func-lpkick\lpkick.js:618:5)
    at processTicksAndRejections (internal/process/task_queues.js:93:5)
    at async C:\source\yt-scraping\func-lpkick\lpkick.js:107:5
[2021-07-26T00:49:14.196] [INFO] system - キック：{"isWindows":["Windows"],"---1---":"====== BasicSetting ======","mypageUrl":"https://t.livepocket.jp/my_top","autoLogin":false,"confUser":"chiaochiao.sonmi@gmail.com","confPass":"sero3202","testUser":"kisyan3333@gmail.com","testPass":"6yjAWLhCxVT2","targetUrl":"https://t.livepocket.jp/e/pannana0727/","targetName":"1部前売チケット整理番号券","targetNumber":"1","storeTypeId":"002","loginTime":"2021-07-25 23:15","startTime":"2021-07-25 23:30","isBrowse":true,"isTest":true,"isJamCheck":true,"isCredit":false,"isMailSend":false,"notCheckOnly":true,"isClose":false,"isMobile":true,"dareSec":0,"isConnect":true,"isLogger":true,"advSec":-170,"isOrigin":true,"jamTryCnt":10,"---2---":"====== MailSetting(GmailOnly) ======","fromMail":"sugachan.tectec@gmail.com","fromMailPass":"sero3202","toMail":"","toSysMail":"trigger@applet.ifttt.com"}
[2021-07-26T00:49:14.208] [INFO] system - 【テスト】
[2021-07-26T00:49:14.215] [INFO] system - 2021-07-25 23:15:00にすでに到達
[2021-07-26T00:49:14.222] [INFO] system - ログイン処理想定時間到達
[2021-07-26T00:49:14.940] [INFO] system - ブラウザ起動後準備完了
[2021-07-26T00:49:16.436] [INFO] system - ログインページに移動完了
[2021-07-26T00:49:16.449] [INFO] system - 混線なし
[2021-07-26T00:49:18.843] [INFO] system - ログイン完了
[2021-07-26T00:49:18.858] [INFO] system - 混線なし
[2021-07-26T00:49:18.890] [INFO] system - 「1部前売チケット整理番号券」の存在を確認(.table #ticket-463837)
[2021-07-26T00:49:21.877] [INFO] system - .table #ticket-463837ロック外し開始
[2021-07-26T00:49:21.892] [INFO] system - 1セット選択終了
[2021-07-26T00:49:21.895] [INFO] system - 2021-07-25 23:29にすでに到達
[2021-07-26T00:49:21.896] [INFO] system - 前ページへ移動
[2021-07-26T00:49:23.449] [INFO] system - 2021-07-25 23:29にすでに到達
[2021-07-26T00:49:23.451] [INFO] system - 購入処理想定時間到達
[2021-07-26T00:49:23.452] [INFO] system - <成績時間カウント開始>
[2021-07-26T00:49:23.464] [INFO] system - 購入可能状態確認start(1回目)
[2021-07-26T00:49:23.465] [INFO] system - 次ページへ移動
[2021-07-26T00:49:24.587] [INFO] system - 購入可能状態確認end
[2021-07-26T00:49:24.588] [INFO] system - 枚数選択start(1回目)
[2021-07-26T00:49:24.589] [INFO] system - 購入クリック処理1回目
[2021-07-26T00:49:29.690] [ERROR] system - Error: Navigation failed because browser has disconnected!
    at C:\source\yt-scraping\node_modules\puppeteer\lib\cjs\puppeteer\common\LifecycleWatcher.js:51:147
    at C:\source\yt-scraping\node_modules\puppeteer\lib\cjs\vendor\mitt\src\index.js:51:62
    at Array.map (<anonymous>)
    at Object.emit (C:\source\yt-scraping\node_modules\puppeteer\lib\cjs\vendor\mitt\src\index.js:51:43)
    at CDPSession.emit (C:\source\yt-scraping\node_modules\puppeteer\lib\cjs\puppeteer\common\EventEmitter.js:72:22)
    at CDPSession._onClosed (C:\source\yt-scraping\node_modules\puppeteer\lib\cjs\puppeteer\common\Connection.js:247:14)
    at Connection._onClose (C:\source\yt-scraping\node_modules\puppeteer\lib\cjs\puppeteer\common\Connection.js:128:21)
    at WebSocket.<anonymous> (C:\source\yt-scraping\node_modules\puppeteer\lib\cjs\puppeteer\node\NodeWebSocketTransport.js:17:30)
    at WebSocket.onClose (C:\source\yt-scraping\node_modules\ws\lib\event-target.js:136:16)
    at WebSocket.emit (events.js:315:20)
[2021-07-26T00:49:29.703] [ERROR] system - Error: Protocol error (Target.activateTarget): Session closed. Most likely the page has been closed.
    at CDPSession.send (C:\source\yt-scraping\node_modules\puppeteer\lib\cjs\puppeteer\common\Connection.js:195:35)
    at Page._screenshotTask (C:\source\yt-scraping\node_modules\puppeteer\lib\cjs\puppeteer\common\Page.js:1084:28)
    at C:\source\yt-scraping\node_modules\puppeteer\lib\cjs\puppeteer\common\Page.js:1081:62
    at processTicksAndRejections (internal/process/task_queues.js:93:5)
[2021-07-26T00:49:29.705] [ERROR] system - ReferenceError: page is not defined
    at newBrowser (C:\source\yt-scraping\func-lpkick\lpkick.js:618:5)
    at processTicksAndRejections (internal/process/task_queues.js:93:5)
    at async C:\source\yt-scraping\func-lpkick\lpkick.js:107:5
[2021-07-26T00:50:12.641] [INFO] system - キック：{"isWindows":["Windows"],"---1---":"====== BasicSetting ======","mypageUrl":"https://t.livepocket.jp/my_top","autoLogin":false,"confUser":"chiaochiao.sonmi@gmail.com","confPass":"sero3202","testUser":"kisyan3333@gmail.com","testPass":"6yjAWLhCxVT2","targetUrl":"https://t.livepocket.jp/e/pannana0727/","targetName":"1部前売チケット整理番号券","targetNumber":"1","storeTypeId":"002","loginTime":"2021-07-25 23:15","startTime":"2021-07-25 23:30","isBrowse":true,"isTest":true,"isJamCheck":true,"isCredit":false,"isMailSend":false,"notCheckOnly":true,"isClose":false,"isMobile":true,"dareSec":0,"isConnect":true,"isLogger":true,"advSec":-170,"isOrigin":true,"jamTryCnt":10,"---2---":"====== MailSetting(GmailOnly) ======","fromMail":"sugachan.tectec@gmail.com","fromMailPass":"sero3202","toMail":"","toSysMail":"trigger@applet.ifttt.com"}
[2021-07-26T00:50:12.805] [INFO] system - 【テスト】
[2021-07-26T00:50:12.814] [INFO] system - 2021-07-25 23:15:00にすでに到達
[2021-07-26T00:50:12.817] [INFO] system - ログイン処理想定時間到達
[2021-07-26T00:50:13.712] [INFO] system - ブラウザ起動後準備完了
[2021-07-26T00:50:15.300] [INFO] system - ログインページに移動完了
[2021-07-26T00:50:15.317] [INFO] system - 混線なし
[2021-07-26T00:50:17.976] [INFO] system - ログイン完了
[2021-07-26T00:50:17.993] [INFO] system - 混線なし
[2021-07-26T00:50:18.021] [INFO] system - 「1部前売チケット整理番号券」の存在を確認(.table #ticket-463837)
[2021-07-26T00:50:20.569] [INFO] system - .table #ticket-463837ロック外し開始
[2021-07-26T00:50:20.589] [INFO] system - 1セット選択終了
[2021-07-26T00:50:20.593] [INFO] system - 2021-07-25 23:29にすでに到達
[2021-07-26T00:50:20.595] [INFO] system - 前ページへ移動
[2021-07-26T00:50:22.013] [INFO] system - 2021-07-25 23:29にすでに到達
[2021-07-26T00:50:22.023] [INFO] system - 購入処理想定時間到達
[2021-07-26T00:50:22.029] [INFO] system - <成績時間カウント開始>
[2021-07-26T00:50:22.031] [INFO] system - 購入可能状態確認start(1回目)
[2021-07-26T00:50:22.032] [INFO] system - 次ページへ移動
[2021-07-26T00:50:23.287] [INFO] system - 購入可能状態確認end
[2021-07-26T00:50:23.288] [INFO] system - 枚数選択start(1回目)
[2021-07-26T00:50:23.289] [INFO] system - 購入クリック処理1回目
[2021-07-26T00:50:23.293] [INFO] system - 次ページが見つからない
[2021-07-26T00:50:23.301] [INFO] system - 購入クリック処理2回目
[2021-07-26T00:50:23.304] [INFO] system - 次ページが見つからない
[2021-07-26T00:50:23.305] [INFO] system - 購入クリック処理3回目
[2021-07-26T00:50:23.307] [INFO] system - 次ページが見つからない
[2021-07-26T00:50:23.309] [INFO] system - 購入クリック処理4回目
[2021-07-26T00:50:23.311] [INFO] system - 次ページが見つからない
[2021-07-26T00:50:23.313] [INFO] system - 購入クリック処理5回目
[2021-07-26T00:50:23.316] [INFO] system - 次ページが見つからない
[2021-07-26T00:50:23.317] [INFO] system - 購入クリック処理6回目
[2021-07-26T00:50:23.328] [INFO] system - 次ページが見つからない
[2021-07-26T00:50:23.329] [INFO] system - 購入クリック処理7回目
[2021-07-26T00:50:23.331] [INFO] system - 次ページが見つからない
[2021-07-26T00:50:23.340] [INFO] system - 購入クリック処理8回目
[2021-07-26T00:50:23.344] [INFO] system - 次ページが見つからない
[2021-07-26T00:50:23.345] [INFO] system - 購入クリック処理9回目
[2021-07-26T00:50:23.347] [INFO] system - 次ページが見つからない
[2021-07-26T00:50:23.349] [INFO] system - 購入クリック処理10回目
[2021-07-26T00:50:23.359] [INFO] system - 次ページが見つからない
[2021-07-26T00:50:23.360] [INFO] system - 購入クリック処理11回目
[2021-07-26T00:50:23.363] [INFO] system - 次ページが見つからない
[2021-07-26T00:50:23.364] [INFO] system - 購入クリック処理12回目
[2021-07-26T00:50:23.366] [INFO] system - 次ページが見つからない
[2021-07-26T00:50:23.368] [INFO] system - 購入クリック処理13回目
[2021-07-26T00:50:23.379] [INFO] system - 次ページが見つからない
[2021-07-26T00:50:23.380] [INFO] system - 購入クリック処理14回目
[2021-07-26T00:50:23.383] [INFO] system - 次ページが見つからない
[2021-07-26T00:50:23.384] [INFO] system - 購入クリック処理15回目
[2021-07-26T00:50:23.396] [INFO] system - 次ページが見つからない
[2021-07-26T00:50:23.397] [INFO] system - 購入クリック処理16回目
[2021-07-26T00:50:23.412] [INFO] system - 次ページが見つからない
[2021-07-26T00:50:23.413] [INFO] system - 購入クリック処理17回目
[2021-07-26T00:50:26.178] [ERROR] system - Error: Execution context was destroyed, most likely because of a navigation.
    at rewriteError (C:\source\yt-scraping\node_modules\puppeteer\lib\cjs\puppeteer\common\ExecutionContext.js:261:23)
    at processTicksAndRejections (internal/process/task_queues.js:93:5)
    at async ExecutionContext._evaluateInternal (C:\source\yt-scraping\node_modules\puppeteer\lib\cjs\puppeteer\common\ExecutionContext.js:215:61)
    at async ExecutionContext.evaluate (C:\source\yt-scraping\node_modules\puppeteer\lib\cjs\puppeteer\common\ExecutionContext.js:106:16)
    at async targetPageBuySelect (C:\source\yt-scraping\func-lpkick\lpkick.js:850:9)
    at async newBrowser (C:\source\yt-scraping\func-lpkick\lpkick.js:487:11)
    at async C:\source\yt-scraping\func-lpkick\lpkick.js:107:5
[2021-07-26T00:50:26.751] [INFO] system - 枚数選択end(1回目)
[2021-07-26T00:50:26.788] [INFO] system - 決済処理ページ遷移済
[2021-07-26T00:50:26.789] [INFO] system - 決済処理start(1回目)
[2021-07-26T00:50:26.790] [INFO] system - 購入処理確定開始(freeBuy:true)
[2021-07-26T00:50:26.792] [INFO] system - 購入処理開始(無料)
[2021-07-26T00:50:26.827] [INFO] system - 規約に同意クリック
[2021-07-26T00:50:26.834] [INFO] system - テスト処理完了
[2021-07-26T00:50:26.842] [INFO] system - <現在時刻：Mon Jul 26 2021 00:50:26 GMT+0900／成績：4.811秒>
[2021-07-26T17:51:59.115] [INFO] system - キック：{"isWindows":["Windows"],"---1---":"====== BasicSetting ======","mypageUrl":"https://t.livepocket.jp/my_top","autoLogin":false,"confUser":"chiaochiao.sonmi@gmail.com","confPass":"sero3202","testUser":"kisyan3333@gmail.com","testPass":"6yjAWLhCxVT2","targetUrl":"https://t.livepocket.jp/e/rina_otsukare/","targetName":"優先入場チケット整理番号券","targetNumber":"1","storeTypeId":"002","loginTime":"2021-07-26 21:45","startTime":"2021-07-26 22:00","isBrowse":true,"isTest":true,"isJamCheck":true,"isCredit":false,"isMailSend":false,"notCheckOnly":true,"isClose":false,"isMobile":true,"dareSec":0,"isConnect":true,"isLogger":true,"advSec":-170,"isOrigin":true,"jamTryCnt":10,"---2---":"====== MailSetting(GmailOnly) ======","fromMail":"sugachan.tectec@gmail.com","fromMailPass":"sero3202","toMail":"","toSysMail":"trigger@applet.ifttt.com"}
[2021-07-26T17:51:59.127] [INFO] system - 【テスト】
[2021-07-26T17:51:59.134] [INFO] system - 2021-07-26 21:45:00までログイン処理待機中...
[2021-07-26T21:45:00.088] [INFO] system - ログイン処理想定時間到達
[2021-07-26T21:45:00.805] [INFO] system - ブラウザ起動後準備完了
[2021-07-26T21:45:02.280] [INFO] system - ログインページに移動完了
[2021-07-26T21:45:02.293] [INFO] system - 混線なし
[2021-07-26T21:45:04.658] [INFO] system - ログイン完了
[2021-07-26T21:45:04.670] [INFO] system - 混線なし
[2021-07-26T21:45:04.684] [INFO] system - 「優先入場チケット整理番号券」の存在を確認(.table #ticket-463839)
[2021-07-26T21:45:07.318] [INFO] system - .table #ticket-463839ロック外し開始
[2021-07-26T21:45:07.325] [INFO] system - 1セット選択終了
[2021-07-26T21:45:07.332] [INFO] system - 2021-07-26 21:59:29までページバック待機中...
[2021-07-26T21:59:29.840] [INFO] system - 前ページへ移動
[2021-07-26T21:59:31.489] [INFO] system - 2021-07-26 21:59:59まで購入処理待機中...
[2021-07-26T21:59:59.838] [INFO] system - 購入処理想定時間到達
[2021-07-26T21:59:59.839] [INFO] system - <成績時間カウント開始>
[2021-07-26T21:59:59.840] [INFO] system - 購入可能状態確認start(1回目)
[2021-07-26T21:59:59.848] [INFO] system - 次ページへ移動
[2021-07-26T22:00:03.556] [INFO] system - 購入可能状態確認end
[2021-07-26T22:00:03.557] [INFO] system - 枚数選択start(1回目)
[2021-07-26T22:00:03.557] [INFO] system - 購入クリック処理1回目
[2021-07-26T22:00:03.559] [INFO] system - 購入クリック処理2回目
[2021-07-26T22:00:03.560] [INFO] system - 購入クリック処理3回目
[2021-07-26T22:00:03.566] [INFO] system - 購入クリック処理4回目
[2021-07-26T22:00:03.572] [INFO] system - 購入クリック処理5回目
[2021-07-26T22:00:03.574] [INFO] system - 購入クリック処理6回目
[2021-07-26T22:00:03.576] [INFO] system - 購入クリック処理7回目
[2021-07-26T22:00:03.577] [INFO] system - 購入クリック処理8回目
[2021-07-26T22:00:03.577] [INFO] system - 購入クリック処理9回目
[2021-07-26T22:00:03.578] [INFO] system - 購入クリック処理10回目
[2021-07-26T22:00:03.579] [INFO] system - 購入クリック処理11回目
[2021-07-26T22:00:03.580] [INFO] system - 購入クリック処理12回目
[2021-07-26T22:00:03.580] [INFO] system - 購入クリック処理13回目
[2021-07-26T22:00:03.581] [INFO] system - 購入クリック処理14回目
[2021-07-26T22:00:03.582] [INFO] system - 購入クリック処理15回目
[2021-07-26T22:00:03.582] [INFO] system - 購入クリック処理16回目
[2021-07-26T22:00:03.583] [INFO] system - 購入クリック処理17回目
[2021-07-26T22:00:03.587] [INFO] system - 購入クリック処理18回目
[2021-07-26T22:00:03.588] [INFO] system - 購入クリック処理19回目
[2021-07-26T22:00:03.589] [INFO] system - 購入クリック処理20回目
[2021-07-26T22:00:03.590] [INFO] system - 購入クリック処理21回目
[2021-07-26T22:00:03.590] [INFO] system - 購入クリック処理22回目
[2021-07-26T22:00:03.591] [INFO] system - 購入クリック処理23回目
[2021-07-26T22:00:03.593] [INFO] system - 購入クリック処理24回目
[2021-07-26T22:00:03.594] [INFO] system - 購入クリック処理25回目
[2021-07-26T22:00:03.594] [INFO] system - 購入クリック処理26回目
[2021-07-26T22:00:03.599] [INFO] system - 購入クリック処理27回目
[2021-07-26T22:00:03.600] [INFO] system - 購入クリック処理28回目
[2021-07-26T22:00:03.600] [INFO] system - 購入クリック処理29回目
[2021-07-26T22:00:03.601] [INFO] system - 購入クリック処理30回目
[2021-07-26T22:00:03.602] [INFO] system - 購入クリック処理31回目
[2021-07-26T22:00:03.603] [INFO] system - 購入クリック処理32回目
[2021-07-26T22:00:03.603] [INFO] system - 購入クリック処理33回目
[2021-07-26T22:00:03.604] [INFO] system - 購入クリック処理34回目
[2021-07-26T22:00:03.605] [INFO] system - 購入クリック処理35回目
[2021-07-26T22:00:03.606] [INFO] system - 購入クリック処理36回目
[2021-07-26T22:00:03.606] [INFO] system - 購入クリック処理37回目
[2021-07-26T22:00:03.609] [INFO] system - 購入クリック処理38回目
[2021-07-26T22:00:03.610] [INFO] system - 購入クリック処理39回目
[2021-07-26T22:00:03.616] [INFO] system - 購入クリック処理40回目
[2021-07-26T22:00:03.617] [INFO] system - 購入クリック処理41回目
[2021-07-26T22:00:03.618] [INFO] system - 購入クリック処理42回目
[2021-07-26T22:00:03.619] [INFO] system - 購入クリック処理43回目
[2021-07-26T22:00:03.619] [INFO] system - 購入クリック処理44回目
[2021-07-26T22:00:03.621] [INFO] system - 購入クリック処理45回目
[2021-07-26T22:00:03.622] [INFO] system - 購入クリック処理46回目
[2021-07-26T22:00:03.623] [INFO] system - 購入クリック処理47回目
[2021-07-26T22:00:03.624] [INFO] system - 購入クリック処理48回目
[2021-07-26T22:00:03.625] [INFO] system - 購入クリック処理49回目
[2021-07-26T22:00:03.625] [INFO] system - 購入クリック処理50回目
[2021-07-26T22:00:03.626] [INFO] system - 購入クリック処理51回目
[2021-07-26T22:00:03.631] [INFO] system - 購入クリック処理52回目
[2021-07-26T22:00:03.632] [INFO] system - 購入クリック処理53回目
[2021-07-26T22:00:03.633] [INFO] system - 購入クリック処理54回目
[2021-07-26T22:00:03.634] [INFO] system - 購入クリック処理55回目
[2021-07-26T22:00:03.634] [INFO] system - 購入クリック処理56回目
[2021-07-26T22:00:03.635] [INFO] system - 購入クリック処理57回目
[2021-07-26T22:00:03.636] [INFO] system - 購入クリック処理58回目
[2021-07-26T22:00:03.636] [INFO] system - 購入クリック処理59回目
[2021-07-26T22:00:03.637] [INFO] system - 購入クリック処理60回目
[2021-07-26T22:00:03.639] [INFO] system - 購入クリック処理61回目
[2021-07-26T22:00:03.642] [INFO] system - 購入クリック処理62回目
[2021-07-26T22:00:09.122] [ERROR] system - Error: Execution context was destroyed, most likely because of a navigation.
    at rewriteError (C:\source\yt-scraping\node_modules\puppeteer\lib\cjs\puppeteer\common\ExecutionContext.js:261:23)
    at runMicrotasks (<anonymous>)
    at processTicksAndRejections (internal/process/task_queues.js:93:5)
    at async ExecutionContext._evaluateInternal (C:\source\yt-scraping\node_modules\puppeteer\lib\cjs\puppeteer\common\ExecutionContext.js:215:61)
    at async ExecutionContext.evaluate (C:\source\yt-scraping\node_modules\puppeteer\lib\cjs\puppeteer\common\ExecutionContext.js:106:16)
    at async targetPageBuySelect (C:\source\yt-scraping\func-lpkick\lpkick.js:850:9)
    at async newBrowser (C:\source\yt-scraping\func-lpkick\lpkick.js:487:11)
    at async C:\source\yt-scraping\func-lpkick\lpkick.js:107:5
[2021-07-26T22:00:09.638] [INFO] system - 枚数選択end(1回目)
[2021-07-26T22:00:09.648] [INFO] system - 決済処理ページ遷移済
[2021-07-26T22:00:09.649] [INFO] system - 決済処理start(1回目)
[2021-07-26T22:00:09.649] [INFO] system - 購入処理確定開始(freeBuy:false)
[2021-07-26T22:00:09.650] [INFO] system - 購入処理開始(有料)
[2021-07-26T22:00:09.847] [INFO] system - 規約に同意クリック
[2021-07-26T22:00:09.848] [INFO] system - 【テスト:決済ロジック】
[2021-07-26T22:00:09.849] [INFO] system - テスト処理完了
[2021-07-26T22:00:09.851] [INFO] system - <現在時刻：Mon Jul 26 2021 22:00:09 GMT+0900／成績：10.011秒>
