[2021-06-20T10:16:26.988] [INFO] system - 【テスト】
[2021-06-20T10:16:39.038] [INFO] system - 【テスト】
[2021-06-20T10:17:01.020] [ERROR] system - 購入可能状態確認NG
[2021-06-20T10:17:01.022] [ERROR] system - Error
    at newBrowser (C:\source\yt-scraping\func-lpkick\lpkick.js:388:19)
    at processTicksAndRejections (internal/process/task_queues.js:93:5)
    at async C:\source\yt-scraping\func-lpkick\lpkick.js:124:5
[2021-06-20T10:17:01.047] [ERROR] system - ReferenceError: page is not defined
    at newBrowser (C:\source\yt-scraping\func-lpkick\lpkick.js:505:5)
    at processTicksAndRejections (internal/process/task_queues.js:93:5)
    at async C:\source\yt-scraping\func-lpkick\lpkick.js:124:5
[2021-06-20T10:18:05.457] [INFO] system - 【テスト】
[2021-06-20T10:19:57.612] [ERROR] system - Error: Protocol error (Runtime.callFunctionOn): Target closed.
    at C:\source\yt-scraping\node_modules\puppeteer\lib\cjs\puppeteer\common\Connection.js:208:63
    at new Promise (<anonymous>)
    at CDPSession.send (C:\source\yt-scraping\node_modules\puppeteer\lib\cjs\puppeteer\common\Connection.js:207:16)
    at ExecutionContext._evaluateInternal (C:\source\yt-scraping\node_modules\puppeteer\lib\cjs\puppeteer\common\ExecutionContext.js:200:50)
    at ExecutionContext.evaluateHandle (C:\source\yt-scraping\node_modules\puppeteer\lib\cjs\puppeteer\common\ExecutionContext.js:151:21)
    at WaitTask.rerun (C:\source\yt-scraping\node_modules\puppeteer\lib\cjs\puppeteer\common\DOMWorld.js:498:71)
    at processTicksAndRejections (internal/process/task_queues.js:93:5)
[2021-06-20T10:19:57.631] [ERROR] system - Error: Protocol error (Target.activateTarget): Session closed. Most likely the page has been closed.
    at CDPSession.send (C:\source\yt-scraping\node_modules\puppeteer\lib\cjs\puppeteer\common\Connection.js:195:35)
    at Page._screenshotTask (C:\source\yt-scraping\node_modules\puppeteer\lib\cjs\puppeteer\common\Page.js:1084:28)
    at C:\source\yt-scraping\node_modules\puppeteer\lib\cjs\puppeteer\common\Page.js:1081:62
    at processTicksAndRejections (internal/process/task_queues.js:93:5)
[2021-06-20T10:19:57.634] [ERROR] system - Error: Protocol error (Target.activateTarget): Session closed. Most likely the page has been closed.
    at CDPSession.send (C:\source\yt-scraping\node_modules\puppeteer\lib\cjs\puppeteer\common\Connection.js:195:35)
    at Page._screenshotTask (C:\source\yt-scraping\node_modules\puppeteer\lib\cjs\puppeteer\common\Page.js:1084:28)
    at C:\source\yt-scraping\node_modules\puppeteer\lib\cjs\puppeteer\common\Page.js:1081:62
    at processTicksAndRejections (internal/process/task_queues.js:93:5)
[2021-06-20T10:19:57.646] [ERROR] system - ReferenceError: page is not defined
    at newBrowser (C:\source\yt-scraping\func-lpkick\lpkick.js:505:5)
    at processTicksAndRejections (internal/process/task_queues.js:93:5)
    at async C:\source\yt-scraping\func-lpkick\lpkick.js:124:5
[2021-06-20T10:20:55.990] [INFO] system - キック：{"---1---":"====== BasicSetting ======","mainUrl":"https://t.livepocket.jp/","loginUrl":"https://t.livepocket.jp/login?acroot=header-new_p_u_nl","mypageUrl":"https://t.livepocket.jp/my_top","autoLogin":false,"confUser":"chiaochiao.sonmi@gmail.com","confPass":"sero3202","targetUrl":"https://t.livepocket.jp/e/long0620/","targetTicket":null,"targetName":"通常チケット整理番号券","targetNumber":"1","storeTypeId":"002","startTime":"2021-06-20 10:21","isBrowse":false,"isFree":false,"isCredit":false,"isTest":true,"isLanguage":"ja","isStage":false,"isJamCheck":true,"isMailSend":false,"isLogger":true,"---2---":"====== MailSetting(GmailOnly) ======","fromMail":"sugachan.tectec@gmail.com","fromMailPass":"sero3202","toMail":"","toSysMail":"trigger@applet.ifttt.com","isWindows":["Windows"],"loginTime":"2021-06-20 10:21","notCheckOnly":true,"isClose":false,"isMobile":true,"dareSec":0,"isConnect":true}
[2021-06-20T10:20:56.009] [INFO] system - 【テスト】
[2021-06-20T10:20:56.016] [INFO] system - 2021-06-20 10:06:00にすでに到達
[2021-06-20T10:20:56.025] [INFO] system - ログイン処理想定時間到達
[2021-06-20T10:20:56.832] [INFO] system - ブラウザ起動後準備完了
[2021-06-20T10:20:58.319] [INFO] system - ログインページに移動完了
[2021-06-20T10:20:58.336] [INFO] system - 混線なし
[2021-06-20T10:21:00.858] [INFO] system - ログイン完了
[2021-06-20T10:21:00.870] [INFO] system - 混線なし
[2021-06-20T10:21:00.900] [INFO] system - 「通常チケット整理番号券」の存在を確認(.table #ticket-438296)
[2021-06-20T10:21:00.906] [INFO] system - 2021-06-20 10:21にすでに到達
[2021-06-20T10:21:00.906] [INFO] system - 購入処理想定時間到達
[2021-06-20T10:21:00.907] [INFO] system - <成績時間カウント開始>
[2021-06-20T10:21:00.908] [INFO] system - 購入可能状態確認start(1回目)
[2021-06-20T10:21:02.076] [INFO] system - 購入可能状態確認end
[2021-06-20T10:21:02.076] [INFO] system - 枚数選択start(1回目)
[2021-06-20T10:21:02.077] [INFO] system - 枚数選択時に明示的に0秒待機
[2021-06-20T10:21:02.078] [INFO] system - 1枚目選択開始
[2021-06-20T10:21:02.153] [INFO] system - 1枚目選択終了
[2021-06-20T10:21:05.879] [ERROR] system - Error: Navigation failed because browser has disconnected!
    at C:\source\yt-scraping\node_modules\puppeteer\lib\cjs\puppeteer\common\LifecycleWatcher.js:51:147
    at C:\source\yt-scraping\node_modules\puppeteer\lib\cjs\vendor\mitt\src\index.js:51:62
    at Array.map (<anonymous>)
    at Object.emit (C:\source\yt-scraping\node_modules\puppeteer\lib\cjs\vendor\mitt\src\index.js:51:43)
    at CDPSession.emit (C:\source\yt-scraping\node_modules\puppeteer\lib\cjs\puppeteer\common\EventEmitter.js:72:22)
    at CDPSession._onClosed (C:\source\yt-scraping\node_modules\puppeteer\lib\cjs\puppeteer\common\Connection.js:247:14)
    at Connection._onClose (C:\source\yt-scraping\node_modules\puppeteer\lib\cjs\puppeteer\common\Connection.js:128:21)
    at WebSocket.<anonymous> (C:\source\yt-scraping\node_modules\puppeteer\lib\cjs\puppeteer\node\NodeWebSocketTransport.js:17:30)
    at WebSocket.onClose (C:\source\yt-scraping\node_modules\ws\lib\event-target.js:136:16)
    at WebSocket.emit (events.js:315:20)
[2021-06-20T10:21:05.896] [ERROR] system - Error: Protocol error (Target.activateTarget): Session closed. Most likely the page has been closed.
    at CDPSession.send (C:\source\yt-scraping\node_modules\puppeteer\lib\cjs\puppeteer\common\Connection.js:195:35)
    at Page._screenshotTask (C:\source\yt-scraping\node_modules\puppeteer\lib\cjs\puppeteer\common\Page.js:1084:28)
    at C:\source\yt-scraping\node_modules\puppeteer\lib\cjs\puppeteer\common\Page.js:1081:62
    at processTicksAndRejections (internal/process/task_queues.js:93:5)
[2021-06-20T10:21:05.899] [ERROR] system - ReferenceError: page is not defined
    at newBrowser (C:\source\yt-scraping\func-lpkick\lpkick.js:504:5)
    at processTicksAndRejections (internal/process/task_queues.js:93:5)
    at async C:\source\yt-scraping\func-lpkick\lpkick.js:123:5
[2021-06-20T10:21:11.963] [INFO] system - キック：{"---1---":"====== BasicSetting ======","mainUrl":"https://t.livepocket.jp/","loginUrl":"https://t.livepocket.jp/login?acroot=header-new_p_u_nl","mypageUrl":"https://t.livepocket.jp/my_top","autoLogin":false,"confUser":"chiaochiao.sonmi@gmail.com","confPass":"sero3202","targetUrl":"https://t.livepocket.jp/e/long0620/","targetTicket":null,"targetName":"通常チケット整理番号券","targetNumber":"1","storeTypeId":"002","startTime":"2021-06-20 10:22","isBrowse":false,"isFree":false,"isCredit":false,"isTest":true,"isLanguage":"ja","isStage":false,"isJamCheck":true,"isMailSend":false,"isLogger":true,"---2---":"====== MailSetting(GmailOnly) ======","fromMail":"sugachan.tectec@gmail.com","fromMailPass":"sero3202","toMail":"","toSysMail":"trigger@applet.ifttt.com","isWindows":["Windows"],"loginTime":"2021-06-20 10:22","notCheckOnly":true,"isClose":false,"isMobile":true,"dareSec":0,"isConnect":true}
[2021-06-20T10:21:11.982] [INFO] system - 【テスト】
[2021-06-20T10:21:11.987] [INFO] system - 2021-06-20 10:07:00にすでに到達
[2021-06-20T10:21:11.992] [INFO] system - ログイン処理想定時間到達
[2021-06-20T10:21:12.788] [INFO] system - ブラウザ起動後準備完了
[2021-06-20T10:21:14.233] [INFO] system - ログインページに移動完了
[2021-06-20T10:21:14.254] [INFO] system - 混線なし
[2021-06-20T10:21:16.430] [INFO] system - ログイン完了
[2021-06-20T10:21:16.444] [INFO] system - 混線なし
[2021-06-20T10:21:16.468] [INFO] system - 「通常チケット整理番号券」の存在を確認(.table #ticket-438296)
[2021-06-20T10:21:16.469] [INFO] system - 2021-06-20 10:22:00まで購入処理待機中...
[2021-06-20T10:22:00.013] [INFO] system - 購入処理想定時間到達
[2021-06-20T10:22:00.015] [INFO] system - <成績時間カウント開始>
[2021-06-20T10:22:00.016] [INFO] system - 購入可能状態確認start(1回目)
[2021-06-20T10:22:01.213] [INFO] system - 購入可能状態確認end
[2021-06-20T10:22:01.214] [INFO] system - 枚数選択start(1回目)
[2021-06-20T10:22:01.215] [INFO] system - 枚数選択時に明示的に0秒待機
[2021-06-20T10:22:01.217] [INFO] system - 1枚目選択開始
[2021-06-20T10:22:01.325] [INFO] system - 1枚目選択終了
[2021-06-20T10:22:06.127] [ERROR] system - Error: Protocol error (Runtime.callFunctionOn): Target closed.
    at C:\source\yt-scraping\node_modules\puppeteer\lib\cjs\puppeteer\common\Connection.js:208:63
    at new Promise (<anonymous>)
    at CDPSession.send (C:\source\yt-scraping\node_modules\puppeteer\lib\cjs\puppeteer\common\Connection.js:207:16)
    at ExecutionContext._evaluateInternal (C:\source\yt-scraping\node_modules\puppeteer\lib\cjs\puppeteer\common\ExecutionContext.js:200:50)
    at ExecutionContext.evaluateHandle (C:\source\yt-scraping\node_modules\puppeteer\lib\cjs\puppeteer\common\ExecutionContext.js:151:21)
    at ElementHandle.evaluateHandle (C:\source\yt-scraping\node_modules\puppeteer\lib\cjs\puppeteer\common\JSHandle.js:120:46)
    at Object.internalHandler.queryOne (C:\source\yt-scraping\node_modules\puppeteer\lib\cjs\puppeteer\common\QueryHandler.js:24:44)
    at ElementHandle.$ (C:\source\yt-scraping\node_modules\puppeteer\lib\cjs\puppeteer\common\JSHandle.js:621:29)
    at DOMWorld.$ (C:\source\yt-scraping\node_modules\puppeteer\lib\cjs\puppeteer\common\DOMWorld.js:95:38)
    at processTicksAndRejections (internal/process/task_queues.js:93:5)
[2021-06-20T10:22:06.145] [ERROR] system - ReferenceError: page is not defined
    at newBrowser (C:\source\yt-scraping\func-lpkick\lpkick.js:504:5)
    at processTicksAndRejections (internal/process/task_queues.js:93:5)
    at async C:\source\yt-scraping\func-lpkick\lpkick.js:123:5
[2021-06-20T10:23:03.910] [INFO] system - キック：{"---1---":"====== BasicSetting ======","mainUrl":"https://t.livepocket.jp/","loginUrl":"https://t.livepocket.jp/login?acroot=header-new_p_u_nl","mypageUrl":"https://t.livepocket.jp/my_top","autoLogin":false,"confUser":"chiaochiao.sonmi@gmail.com","confPass":"sero3202","targetUrl":"https://t.livepocket.jp/e/long0620/","targetTicket":null,"targetName":"通常チケット整理番号券","targetNumber":"1","storeTypeId":"002","startTime":"2021-06-20 10:24","isBrowse":false,"isFree":false,"isCredit":false,"isTest":true,"isLanguage":"ja","isStage":false,"isJamCheck":true,"isMailSend":false,"isLogger":true,"---2---":"====== MailSetting(GmailOnly) ======","fromMail":"sugachan.tectec@gmail.com","fromMailPass":"sero3202","toMail":"","toSysMail":"trigger@applet.ifttt.com","isWindows":["Windows"],"loginTime":"2021-06-20 10:24","notCheckOnly":true,"isClose":false,"isMobile":true,"dareSec":0,"isConnect":true}
[2021-06-20T10:23:03.927] [INFO] system - 【テスト】
[2021-06-20T10:23:03.933] [INFO] system - 2021-06-20 10:09:00にすでに到達
[2021-06-20T10:23:03.944] [INFO] system - ログイン処理想定時間到達
[2021-06-20T10:23:04.765] [INFO] system - ブラウザ起動後準備完了
[2021-06-20T10:23:06.208] [INFO] system - ログインページに移動完了
[2021-06-20T10:23:06.230] [INFO] system - 混線なし
[2021-06-20T10:23:08.800] [INFO] system - ログイン完了
[2021-06-20T10:23:08.813] [INFO] system - 混線なし
[2021-06-20T10:23:08.846] [INFO] system - 「通常チケット整理番号券」の存在を確認(.table #ticket-438296)
[2021-06-20T10:23:08.848] [INFO] system - 2021-06-20 10:24:00まで購入処理待機中...
[2021-06-20T10:24:00.020] [INFO] system - 購入処理想定時間到達
[2021-06-20T10:24:00.021] [INFO] system - <成績時間カウント開始>
[2021-06-20T10:24:00.022] [INFO] system - 購入可能状態確認start(1回目)
[2021-06-20T10:24:01.226] [INFO] system - 購入可能状態確認end
[2021-06-20T10:24:01.227] [INFO] system - 枚数選択start(1回目)
[2021-06-20T10:24:01.229] [INFO] system - 枚数選択時に明示的に0秒待機
[2021-06-20T10:24:01.230] [INFO] system - 1枚目選択開始
[2021-06-20T10:24:01.318] [INFO] system - 1枚目選択終了
[2021-06-20T10:24:06.134] [INFO] system - 枚数選択end
[2021-06-20T10:24:06.135] [INFO] system - 決済処理start(1回目)
[2021-06-20T10:24:06.137] [INFO] system - 購入処理確定開始(freeBuy:false)
[2021-06-20T10:24:06.151] [INFO] system - 購入処理開始(有料)
[2021-06-20T10:28:12.404] [ERROR] system - Error: Protocol error (Runtime.callFunctionOn): Target closed.
    at C:\source\yt-scraping\node_modules\puppeteer\lib\cjs\puppeteer\common\Connection.js:208:63
    at new Promise (<anonymous>)
    at CDPSession.send (C:\source\yt-scraping\node_modules\puppeteer\lib\cjs\puppeteer\common\Connection.js:207:16)
    at ExecutionContext._evaluateInternal (C:\source\yt-scraping\node_modules\puppeteer\lib\cjs\puppeteer\common\ExecutionContext.js:200:50)
    at ExecutionContext.evaluateHandle (C:\source\yt-scraping\node_modules\puppeteer\lib\cjs\puppeteer\common\ExecutionContext.js:151:21)
    at WaitTask.rerun (C:\source\yt-scraping\node_modules\puppeteer\lib\cjs\puppeteer\common\DOMWorld.js:498:71)
    at processTicksAndRejections (internal/process/task_queues.js:93:5)
[2021-06-20T10:28:12.420] [ERROR] system - Error: Protocol error (Target.activateTarget): Session closed. Most likely the page has been closed.
    at CDPSession.send (C:\source\yt-scraping\node_modules\puppeteer\lib\cjs\puppeteer\common\Connection.js:195:35)
    at Page._screenshotTask (C:\source\yt-scraping\node_modules\puppeteer\lib\cjs\puppeteer\common\Page.js:1084:28)
    at C:\source\yt-scraping\node_modules\puppeteer\lib\cjs\puppeteer\common\Page.js:1081:62
    at processTicksAndRejections (internal/process/task_queues.js:93:5)
[2021-06-20T10:28:12.423] [ERROR] system - Error: Protocol error (Target.activateTarget): Session closed. Most likely the page has been closed.
    at CDPSession.send (C:\source\yt-scraping\node_modules\puppeteer\lib\cjs\puppeteer\common\Connection.js:195:35)
    at Page._screenshotTask (C:\source\yt-scraping\node_modules\puppeteer\lib\cjs\puppeteer\common\Page.js:1084:28)
    at C:\source\yt-scraping\node_modules\puppeteer\lib\cjs\puppeteer\common\Page.js:1081:62
    at processTicksAndRejections (internal/process/task_queues.js:93:5)
[2021-06-20T10:28:12.425] [ERROR] system - ReferenceError: page is not defined
    at newBrowser (C:\source\yt-scraping\func-lpkick\lpkick.js:504:5)
    at processTicksAndRejections (internal/process/task_queues.js:93:5)
    at async C:\source\yt-scraping\func-lpkick\lpkick.js:123:5
[2021-06-20T10:28:25.474] [INFO] system - キック：{"---1---":"====== BasicSetting ======","mainUrl":"https://t.livepocket.jp/","loginUrl":"https://t.livepocket.jp/login?acroot=header-new_p_u_nl","mypageUrl":"https://t.livepocket.jp/my_top","autoLogin":false,"confUser":"chiaochiao.sonmi@gmail.com","confPass":"sero3202","targetUrl":"https://t.livepocket.jp/e/long0620/","targetTicket":null,"targetName":"通常チケット整理番号券","targetNumber":"1","storeTypeId":"002","startTime":"2021-06-20 10:24","isBrowse":true,"isFree":false,"isCredit":false,"isTest":true,"isLanguage":"ja","isStage":false,"isJamCheck":true,"isMailSend":false,"isLogger":true,"---2---":"====== MailSetting(GmailOnly) ======","fromMail":"sugachan.tectec@gmail.com","fromMailPass":"sero3202","toMail":"","toSysMail":"trigger@applet.ifttt.com","isWindows":["Windows"],"loginTime":"2021-06-20 10:24","notCheckOnly":true,"isClose":false,"isMobile":true,"dareSec":0,"isConnect":true}
[2021-06-20T10:28:25.491] [INFO] system - 【テスト】
[2021-06-20T10:28:25.495] [INFO] system - 2021-06-20 10:09:00にすでに到達
[2021-06-20T10:28:25.497] [INFO] system - ログイン処理想定時間到達
[2021-06-20T10:28:26.220] [INFO] system - ブラウザ起動後準備完了
[2021-06-20T10:28:27.666] [INFO] system - ログインページに移動完了
[2021-06-20T10:28:27.679] [INFO] system - 混線なし
[2021-06-20T10:28:30.089] [INFO] system - ログイン完了
[2021-06-20T10:28:30.105] [INFO] system - 混線なし
[2021-06-20T10:28:30.140] [INFO] system - 「通常チケット整理番号券」の存在を確認(.table #ticket-438296)
[2021-06-20T10:28:30.156] [INFO] system - 2021-06-20 10:24にすでに到達
[2021-06-20T10:28:30.157] [INFO] system - 購入処理想定時間到達
[2021-06-20T10:28:30.159] [INFO] system - <成績時間カウント開始>
[2021-06-20T10:28:30.160] [INFO] system - 購入可能状態確認start(1回目)
[2021-06-20T10:28:31.501] [INFO] system - 購入可能状態確認end
[2021-06-20T10:28:31.502] [INFO] system - 枚数選択start(1回目)
[2021-06-20T10:28:31.512] [INFO] system - 枚数選択時に明示的に0秒待機
[2021-06-20T10:28:31.532] [INFO] system - 1枚目選択開始
[2021-06-20T10:28:31.675] [INFO] system - 1枚目選択終了
[2021-06-20T10:28:36.356] [INFO] system - 枚数選択end
[2021-06-20T10:28:36.357] [INFO] system - 決済処理start(1回目)
[2021-06-20T10:28:36.358] [INFO] system - 購入処理確定開始(freeBuy:false)
[2021-06-20T10:28:36.359] [INFO] system - 購入処理開始(有料)
[2021-06-20T10:28:39.923] [ERROR] system - Error: Protocol error (Runtime.callFunctionOn): Target closed.
    at C:\source\yt-scraping\node_modules\puppeteer\lib\cjs\puppeteer\common\Connection.js:208:63
    at new Promise (<anonymous>)
    at CDPSession.send (C:\source\yt-scraping\node_modules\puppeteer\lib\cjs\puppeteer\common\Connection.js:207:16)
    at ExecutionContext._evaluateInternal (C:\source\yt-scraping\node_modules\puppeteer\lib\cjs\puppeteer\common\ExecutionContext.js:200:50)
    at ExecutionContext.evaluateHandle (C:\source\yt-scraping\node_modules\puppeteer\lib\cjs\puppeteer\common\ExecutionContext.js:151:21)
    at WaitTask.rerun (C:\source\yt-scraping\node_modules\puppeteer\lib\cjs\puppeteer\common\DOMWorld.js:498:71)
    at processTicksAndRejections (internal/process/task_queues.js:93:5)
[2021-06-20T10:28:39.956] [ERROR] system - Error: Protocol error (Target.activateTarget): Session closed. Most likely the page has been closed.
    at CDPSession.send (C:\source\yt-scraping\node_modules\puppeteer\lib\cjs\puppeteer\common\Connection.js:195:35)
    at Page._screenshotTask (C:\source\yt-scraping\node_modules\puppeteer\lib\cjs\puppeteer\common\Page.js:1084:28)
    at C:\source\yt-scraping\node_modules\puppeteer\lib\cjs\puppeteer\common\Page.js:1081:62
    at processTicksAndRejections (internal/process/task_queues.js:93:5)
[2021-06-20T10:28:39.984] [ERROR] system - Error: Protocol error (Target.activateTarget): Session closed. Most likely the page has been closed.
    at CDPSession.send (C:\source\yt-scraping\node_modules\puppeteer\lib\cjs\puppeteer\common\Connection.js:195:35)
    at Page._screenshotTask (C:\source\yt-scraping\node_modules\puppeteer\lib\cjs\puppeteer\common\Page.js:1084:28)
    at C:\source\yt-scraping\node_modules\puppeteer\lib\cjs\puppeteer\common\Page.js:1081:62
    at processTicksAndRejections (internal/process/task_queues.js:93:5)
[2021-06-20T10:28:39.987] [ERROR] system - ReferenceError: page is not defined
    at newBrowser (C:\source\yt-scraping\func-lpkick\lpkick.js:504:5)
    at processTicksAndRejections (internal/process/task_queues.js:93:5)
    at async C:\source\yt-scraping\func-lpkick\lpkick.js:123:5
[2021-06-20T10:29:27.368] [INFO] system - キック：{"---1---":"====== BasicSetting ======","mainUrl":"https://t.livepocket.jp/","loginUrl":"https://t.livepocket.jp/login?acroot=header-new_p_u_nl","mypageUrl":"https://t.livepocket.jp/my_top","autoLogin":false,"confUser":"chiaochiao.sonmi@gmail.com","confPass":"sero3202","targetUrl":"https://t.livepocket.jp/e/yuka_solo/","targetTicket":null,"targetName":"前売チケット整理番号券","targetNumber":"1","storeTypeId":"002","startTime":"2021-06-20 10:24","isBrowse":true,"isFree":false,"isCredit":false,"isTest":true,"isLanguage":"ja","isStage":false,"isJamCheck":true,"isMailSend":false,"isLogger":true,"---2---":"====== MailSetting(GmailOnly) ======","fromMail":"sugachan.tectec@gmail.com","fromMailPass":"sero3202","toMail":"","toSysMail":"trigger@applet.ifttt.com","isWindows":["Windows"],"loginTime":"2021-06-20 10:24","notCheckOnly":true,"isClose":false,"isMobile":true,"dareSec":0,"isConnect":true}
[2021-06-20T10:29:27.382] [INFO] system - 【テスト】
[2021-06-20T10:29:27.388] [INFO] system - 2021-06-20 10:09:00にすでに到達
[2021-06-20T10:29:27.391] [INFO] system - ログイン処理想定時間到達
[2021-06-20T10:29:28.124] [INFO] system - ブラウザ起動後準備完了
[2021-06-20T10:29:29.487] [INFO] system - ログインページに移動完了
[2021-06-20T10:29:29.498] [INFO] system - 混線なし
[2021-06-20T10:29:31.814] [INFO] system - ログイン完了
[2021-06-20T10:29:31.827] [INFO] system - 混線なし
[2021-06-20T10:29:31.865] [INFO] system - 「前売チケット整理番号券」の存在を確認(.table #ticket-423374)
[2021-06-20T10:29:31.877] [INFO] system - 2021-06-20 10:24にすでに到達
[2021-06-20T10:29:31.879] [INFO] system - 購入処理想定時間到達
[2021-06-20T10:29:31.880] [INFO] system - <成績時間カウント開始>
[2021-06-20T10:29:31.881] [INFO] system - 購入可能状態確認start(1回目)
[2021-06-20T10:29:33.023] [INFO] system - 購入可能状態確認end
[2021-06-20T10:29:33.024] [INFO] system - 枚数選択start(1回目)
[2021-06-20T10:29:33.025] [INFO] system - 枚数選択時に明示的に0秒待機
[2021-06-20T10:29:33.027] [INFO] system - 1枚目選択開始
[2021-06-20T10:29:33.205] [INFO] system - 1枚目選択終了
[2021-06-20T10:29:37.927] [INFO] system - 枚数選択end
[2021-06-20T10:29:37.928] [INFO] system - 決済処理start(1回目)
[2021-06-20T10:29:37.929] [INFO] system - 購入処理確定開始(freeBuy:false)
[2021-06-20T10:29:37.932] [INFO] system - 購入処理開始(有料)
[2021-06-20T10:29:38.159] [INFO] system - 規約に同意クリック
[2021-06-20T10:29:38.160] [INFO] system - 【テスト:決済ロジック】
[2021-06-20T10:29:38.163] [INFO] system - テスト処理完了
[2021-06-20T10:29:38.167] [INFO] system - <現在時刻：Sun Jun 20 2021 10:29:38 GMT+0900／成績：6.286秒>
