[2021-07-13T22:19:07.043] [INFO] system - キック：{"---1---":"====== BasicSetting ======","mainUrl":"https://t.livepocket.jp/","loginUrl":"https://t.livepocket.jp/login?acroot=header-new_p_u_nl","mypageUrl":"https://t.livepocket.jp/my_top","autoLogin":false,"confUser":"chiaochiao.sonmi@gmail.com","confPass":"sero3202","targetUrl":"https://t.livepocket.jp/e/wakkuru0714/","targetTicket":null,"targetName":"１部前売チケット整理番号券,２部前売チケット整理番号券","targetNumber":"1,1","storeTypeId":"002","startTime":"2021-07-13 23:00","isBrowse":true,"isFree":false,"isCredit":false,"isTest":false,"isLanguage":"ja","isStage":false,"isJamCheck":true,"isMailSend":false,"isLogger":true,"---2---":"====== MailSetting(GmailOnly) ======","fromMail":"sugachan.tectec@gmail.com","fromMailPass":"sero3202","toMail":"","toSysMail":"trigger@applet.ifttt.com","isWindows":["Windows"],"loginTime":"2021-07-13 22:45","notCheckOnly":true,"isClose":false,"isMobile":true,"dareSec":0,"isConnect":true,"advSec":-100}
[2021-07-13T22:19:07.045] [INFO] system - 【本番】
[2021-07-13T22:19:07.049] [INFO] system - 2021-07-13 22:45:00までログイン処理待機中...
[2021-07-13T22:45:00.016] [INFO] system - ログイン処理想定時間到達
[2021-07-13T22:45:00.739] [INFO] system - ブラウザ起動後準備完了
[2021-07-13T22:45:02.139] [INFO] system - ログインページに移動完了
[2021-07-13T22:45:02.149] [INFO] system - 混線なし
[2021-07-13T22:45:04.566] [INFO] system - ログイン完了
[2021-07-13T22:45:04.577] [INFO] system - 混線なし
[2021-07-13T22:45:04.599] [INFO] system - 「１部前売チケット整理番号券,２部前売チケット整理番号券」の存在を確認(.table #ticket-453568,.table #ticket-453569)
[2021-07-13T22:45:04.600] [INFO] system - 2021-07-13 22:59:59まで購入処理待機中...
[2021-07-13T22:59:59.905] [INFO] system - 購入処理想定時間到達
[2021-07-13T22:59:59.907] [INFO] system - <成績時間カウント開始>
[2021-07-13T22:59:59.908] [INFO] system - 購入可能状態確認start(1回目)
[2021-07-13T23:00:02.269] [INFO] system - 購入可能状態確認end
[2021-07-13T23:00:02.270] [INFO] system - 枚数選択start(1回目)
[2021-07-13T23:00:02.322] [INFO] system - 2セット選択終了
[2021-07-13T23:00:09.370] [INFO] system - 枚数選択end(1回目)
[2021-07-13T23:00:09.382] [INFO] system - 決済処理ページ遷移済
[2021-07-13T23:00:09.382] [INFO] system - 決済処理start(1回目)
[2021-07-13T23:00:09.383] [INFO] system - 購入処理確定開始(freeBuy:false)
[2021-07-13T23:00:09.384] [INFO] system - 購入処理開始(有料)
[2021-07-13T23:00:09.567] [INFO] system - 規約に同意クリック
[2021-07-13T23:00:28.890] [INFO] system - 決済ボタンクリック
[2021-07-13T23:00:28.895] [INFO] system - (検証用)成功1
[2021-07-13T23:00:31.863] [INFO] system - (検証用)成功2
[2021-07-13T23:00:31.865] [INFO] system - (検証用)成功3
[2021-07-13T23:00:31.870] [INFO] system - 決済処理end
[2021-07-13T23:00:31.871] [INFO] system - <現在時刻：Tue Jul 13 2021 23:00:31 GMT+0900／成績：31.963秒>
[2021-07-13T23:00:31.872] [INFO] system - <成績：31.964秒>
