[2021-05-25T00:37:36.639] [INFO] system - 【Windows版起動】
[2021-05-25T00:37:36.641] [INFO] system - キック：{"---1---":"====== BasicSetting ======","mainUrl":"https://t.livepocket.jp/","loginUrl":"https://t.livepocket.jp/login?acroot=header-new_p_u_nl","mypageUrl":"https://t.livepocket.jp/my_top","autoLogin":false,"confUser":"kisyan4444@gmail.com","confPass":"sero3202","targetUrl":"https://t.livepocket.jp/e/jurock0527/","targetTicket":null,"targetName":"前売チケット整理番号券","targetNumber":"1","storeTypeId":"002","startTime":"2021-05-24 22:00","isBrowse":false,"isFree":false,"isCredit":false,"isTest":true,"isLanguage":"ja","isStage":false,"isJamCheck":true,"isMailSend":false,"---2---":"====== MailSetting(GmailOnly) ======","fromMail":"sugachan.tectec@gmail.com","fromMailPass":"sero3202","toMail":"","toSysMail":"trigger@applet.ifttt.com","isWindows":["Windows"],"loginTime":"2021-05-24 21:45","notCheckOnly":true,"isClose":false,"isMobile":true,"dareSec":0,"chromePath":"C:/Program Files (x86)/Google/Chrome/Application/chrome.exe"}
[2021-05-25T00:37:36.662] [INFO] system - 【テスト】
[2021-05-25T00:37:36.668] [INFO] system - 2021-05-24 21:45:00にすでに到達
[2021-05-25T00:37:36.671] [INFO] system - ログイン処理想定時間到達
[2021-05-25T00:37:37.017] [INFO] system - ブラウザ起動後準備完了
[2021-05-25T00:37:40.148] [INFO] system - ログインページに移動完了
[2021-05-25T00:37:40.169] [INFO] system - 混線なし
[2021-05-25T00:37:45.437] [INFO] system - ログイン完了
[2021-05-25T00:37:45.452] [INFO] system - 混線なし
[2021-05-25T00:37:45.481] [INFO] system - 「前売チケット整理番号券」の存在を確認(.table #ticket-418304)
[2021-05-25T00:37:45.483] [INFO] system - 2021-05-24 22:00にすでに到達
[2021-05-25T00:37:45.487] [INFO] system - 購入処理想定時間到達
[2021-05-25T00:37:45.488] [INFO] system - <成績時間カウント開始>
[2021-05-25T00:37:45.488] [INFO] system - 購入可能状態確認start(1回目)
[2021-05-25T00:37:47.919] [ERROR] system - 購入可能状態確認NG
[2021-05-25T00:37:47.920] [ERROR] system - Error
    at newBrowser (C:\source\yt-scraping\func-lpkick\lpkick.js:380:19)
    at processTicksAndRejections (internal/process/task_queues.js:93:5)
    at async C:\source\yt-scraping\func-lpkick\lpkick.js:117:5
[2021-05-25T00:37:47.943] [ERROR] system - ReferenceError: page is not defined
    at newBrowser (C:\source\yt-scraping\func-lpkick\lpkick.js:497:5)
    at processTicksAndRejections (internal/process/task_queues.js:93:5)
    at async C:\source\yt-scraping\func-lpkick\lpkick.js:117:5
[2021-05-25T00:40:08.204] [INFO] system - 【Windows版起動】
[2021-05-25T00:40:08.206] [INFO] system - キック：{"---1---":"====== BasicSetting ======","mainUrl":"https://t.livepocket.jp/","loginUrl":"https://t.livepocket.jp/login?acroot=header-new_p_u_nl","mypageUrl":"https://t.livepocket.jp/my_top","autoLogin":false,"confUser":"kisyan4444@gmail.com","confPass":"sero3202","targetUrl":"https://t.livepocket.jp/e/himafes0529/","targetTicket":null,"targetName":"【EX THEATER】前方チケット整理番号券","targetNumber":"1","storeTypeId":"002","startTime":"2021-05-24 22:00","isBrowse":false,"isFree":false,"isCredit":false,"isTest":true,"isLanguage":"ja","isStage":false,"isJamCheck":true,"isMailSend":false,"---2---":"====== MailSetting(GmailOnly) ======","fromMail":"sugachan.tectec@gmail.com","fromMailPass":"sero3202","toMail":"","toSysMail":"trigger@applet.ifttt.com","isWindows":["Windows"],"loginTime":"2021-05-24 21:45","notCheckOnly":true,"isClose":false,"isMobile":true,"dareSec":0,"chromePath":"C:/Program Files (x86)/Google/Chrome/Application/chrome.exe"}
[2021-05-25T00:40:08.210] [INFO] system - 【テスト】
[2021-05-25T00:40:08.213] [INFO] system - 2021-05-24 21:45:00にすでに到達
[2021-05-25T00:40:08.215] [INFO] system - ログイン処理想定時間到達
[2021-05-25T00:40:08.510] [INFO] system - ブラウザ起動後準備完了
[2021-05-25T00:40:11.297] [INFO] system - ログインページに移動完了
[2021-05-25T00:40:11.310] [INFO] system - 混線なし
[2021-05-25T00:40:17.148] [INFO] system - ログイン完了
[2021-05-25T00:40:17.165] [INFO] system - 混線なし
[2021-05-25T00:40:17.205] [INFO] system - 「【EX THEATER】前方チケット整理番号券」の存在を確認(.table #ticket-417291)
[2021-05-25T00:40:17.208] [INFO] system - 2021-05-24 22:00にすでに到達
[2021-05-25T00:40:17.213] [INFO] system - 購入処理想定時間到達
[2021-05-25T00:40:17.222] [INFO] system - <成績時間カウント開始>
[2021-05-25T00:40:17.223] [INFO] system - 購入可能状態確認start(1回目)
[2021-05-25T00:40:19.206] [INFO] system - 購入可能状態確認end
[2021-05-25T00:40:19.207] [INFO] system - 枚数選択start(1回目)
[2021-05-25T00:40:19.209] [INFO] system - 枚数選択時に明示的に0秒待機
[2021-05-25T00:40:19.221] [INFO] system - 1枚目選択開始
[2021-05-25T00:40:19.303] [INFO] system - 1枚目選択終了
[2021-05-25T00:40:23.819] [INFO] system - 枚数選択end
[2021-05-25T00:40:23.819] [INFO] system - 決済処理start(1回目)
[2021-05-25T00:40:23.820] [INFO] system - 購入処理確定開始(freeBuy:false)
[2021-05-25T00:40:23.821] [INFO] system - 購入処理開始(有料)
[2021-05-25T00:40:23.961] [INFO] system - 規約に同意クリック
[2021-05-25T00:40:23.962] [INFO] system - 【テスト:決済ロジック】
[2021-05-25T00:40:23.963] [INFO] system - テスト処理完了
[2021-05-25T00:40:23.965] [INFO] system - <現在時刻：Tue May 25 2021 00:40:23 GMT+0900／成績：6.742秒>
[2021-05-25T21:38:31.682] [INFO] system - 【Windows版起動】
[2021-05-25T21:38:31.684] [INFO] system - キック：{"---1---":"====== BasicSetting ======","mainUrl":"https://t.livepocket.jp/","loginUrl":"https://t.livepocket.jp/login?acroot=header-new_p_u_nl","mypageUrl":"https://t.livepocket.jp/my_top","autoLogin":false,"confUser":"kisyan4444@gmail.com","confPass":"sero3202","targetUrl":"https://t.livepocket.jp/e/wakkuru0527/","targetTicket":null,"targetName":"１部前売チケット整理番号券,２部前売チケット整理番号券","targetNumber":"1,1","storeTypeId":"002","startTime":"2021-05-25 23:00","isBrowse":false,"isFree":false,"isCredit":false,"isTest":true,"isLanguage":"ja","isStage":false,"isJamCheck":true,"isMailSend":false,"---2---":"====== MailSetting(GmailOnly) ======","fromMail":"sugachan.tectec@gmail.com","fromMailPass":"sero3202","toMail":"","toSysMail":"trigger@applet.ifttt.com","isWindows":["Windows"],"loginTime":"2021-05-25 22:45","notCheckOnly":true,"isClose":false,"isMobile":true,"dareSec":0,"chromePath":"C:/Program Files (x86)/Google/Chrome/Application/chrome.exe"}
[2021-05-25T21:38:31.700] [INFO] system - 【テスト】
[2021-05-25T21:38:31.704] [INFO] system - 2021-05-25 22:45:00までログイン処理待機中...
[2021-05-25T21:38:49.659] [INFO] system - 【Windows版起動】
[2021-05-25T21:38:49.660] [INFO] system - キック：{"---1---":"====== BasicSetting ======","mainUrl":"https://t.livepocket.jp/","loginUrl":"https://t.livepocket.jp/login?acroot=header-new_p_u_nl","mypageUrl":"https://t.livepocket.jp/my_top","autoLogin":false,"confUser":"kisyan4444@gmail.com","confPass":"sero3202","targetUrl":"https://t.livepocket.jp/e/wakkuru0527/","targetTicket":null,"targetName":"１部前売チケット整理番号券,２部前売チケット整理番号券","targetNumber":"1,1","storeTypeId":"002","startTime":"2021-05-25 23:00","isBrowse":false,"isFree":false,"isCredit":false,"isTest":false,"isLanguage":"ja","isStage":false,"isJamCheck":true,"isMailSend":false,"---2---":"====== MailSetting(GmailOnly) ======","fromMail":"sugachan.tectec@gmail.com","fromMailPass":"sero3202","toMail":"","toSysMail":"trigger@applet.ifttt.com","isWindows":["Windows"],"loginTime":"2021-05-25 22:45","notCheckOnly":true,"isClose":false,"isMobile":true,"dareSec":0,"chromePath":"C:/Program Files (x86)/Google/Chrome/Application/chrome.exe"}
[2021-05-25T21:38:49.678] [INFO] system - 2021-05-25 22:45:00までログイン処理待機中...
[2021-05-25T22:45:00.007] [INFO] system - ログイン処理想定時間到達
[2021-05-25T22:45:00.317] [INFO] system - ブラウザ起動後準備完了
[2021-05-25T22:45:03.303] [INFO] system - ログインページに移動完了
[2021-05-25T22:45:03.315] [INFO] system - 混線なし
[2021-05-25T22:45:08.178] [INFO] system - ログイン完了
[2021-05-25T22:45:08.192] [INFO] system - 混線なし
[2021-05-25T22:45:08.210] [INFO] system - 「１部前売チケット整理番号券,２部前売チケット整理番号券」の存在を確認(.table #ticket-419079,.table #ticket-419080)
[2021-05-25T22:45:08.212] [INFO] system - 2021-05-25 23:00:00まで購入処理待機中...
[2021-05-25T23:00:00.005] [INFO] system - 購入処理想定時間到達
[2021-05-25T23:00:00.005] [INFO] system - <成績時間カウント開始>
[2021-05-25T23:00:00.006] [INFO] system - 購入可能状態確認start(1回目)
[2021-05-25T23:00:07.646] [INFO] system - 購入可能状態確認end
[2021-05-25T23:00:07.647] [INFO] system - 枚数選択start(1回目)
[2021-05-25T23:00:07.652] [INFO] system - 枚数選択時に明示的に0秒待機
[2021-05-25T23:00:07.653] [INFO] system - 1枚目選択開始
[2021-05-25T23:00:07.708] [INFO] system - 1枚目選択終了
[2021-05-25T23:00:07.708] [INFO] system - 2枚目選択開始
[2021-05-25T23:00:07.771] [INFO] system - 2枚目選択終了
[2021-05-25T23:00:31.817] [INFO] system - 枚数選択end
[2021-05-25T23:00:31.818] [INFO] system - 決済処理start(1回目)
[2021-05-25T23:00:31.818] [INFO] system - 購入処理確定開始(freeBuy:false)
[2021-05-25T23:00:31.819] [INFO] system - 購入処理開始(有料)
[2021-05-25T23:00:31.950] [INFO] system - 規約に同意クリック
[2021-05-25T23:00:35.007] [INFO] system - 決済ボタンクリック
[2021-05-25T23:00:37.104] [ERROR] system - Error: Execution context was destroyed, most likely because of a navigation.
    at rewriteError (C:\source\yt-scraping\node_modules\puppeteer\lib\cjs\puppeteer\common\ExecutionContext.js:261:23)
    at runMicrotasks (<anonymous>)
    at processTicksAndRejections (internal/process/task_queues.js:93:5)
    at async ExecutionContext._evaluateInternal (C:\source\yt-scraping\node_modules\puppeteer\lib\cjs\puppeteer\common\ExecutionContext.js:161:64)
    at async C:\source\yt-scraping\node_modules\puppeteer\lib\cjs\puppeteer\common\DOMWorld.js:102:30
    at async DOMWorld.$ (C:\source\yt-scraping\node_modules\puppeteer\lib\cjs\puppeteer\common\DOMWorld.js:94:26)
    at async newBrowser (C:\source\yt-scraping\func-lpkick\lpkick.js:414:35)
    at async C:\source\yt-scraping\func-lpkick\lpkick.js:117:5
[2021-05-25T23:00:37.106] [ERROR] system - ReferenceError: page is not defined
    at newBrowser (C:\source\yt-scraping\func-lpkick\lpkick.js:497:5)
    at runMicrotasks (<anonymous>)
    at processTicksAndRejections (internal/process/task_queues.js:93:5)
    at async C:\source\yt-scraping\func-lpkick\lpkick.js:117:5
