[2021-05-18T21:06:44.966] [INFO] system - 【Windows版起動】
[2021-05-18T21:06:44.968] [INFO] system - キック：{"---1---":"====== BasicSetting ======","mainUrl":"https://t.livepocket.jp/","loginUrl":"https://t.livepocket.jp/login?acroot=header-new_p_u_nl","mypageUrl":"https://t.livepocket.jp/my_top","autoLogin":false,"confUser":"chiaochiao.sonmi@gmail.com","confPass":"sero3202","targetUrl":"https://t.livepocket.jp/e/wakkuru0520/","targetTicket":null,"targetName":"１部前売チケット整理番号券,２部前売チケット整理番号券","targetNumber":"2,2","storeTypeId":"002","startTime":"2021-05-18 22:00","isBrowse":false,"isFree":false,"isCredit":false,"isTest":false,"isLanguage":"ja","isStage":false,"isJamCheck":true,"isMailSend":false,"---2---":"====== MailSetting(GmailOnly) ======","fromMail":"sugachan.tectec@gmail.com","fromMailPass":"sero3202","toMail":"","toSysMail":"trigger@applet.ifttt.com","isWindows":["Windows"],"loginTime":"2021-05-18 21:45","notCheckOnly":true,"isClose":false,"isMobile":true,"dareSec":2}
[2021-05-18T21:06:44.988] [INFO] system - 2021-05-18 21:45:00までログイン処理待機中...
[2021-05-18T21:45:00.073] [INFO] system - ログイン処理想定時間到達
[2021-05-18T21:45:00.389] [INFO] system - ブラウザ起動後準備完了
[2021-05-18T21:45:03.526] [INFO] system - ログインページに移動完了
[2021-05-18T21:45:03.541] [INFO] system - 混線なし
[2021-05-18T21:45:08.431] [INFO] system - ログイン完了
[2021-05-18T21:45:08.440] [INFO] system - 混線なし
[2021-05-18T21:45:08.460] [INFO] system - 「１部前売チケット整理番号券,２部前売チケット整理番号券」の存在を確認(.table #ticket-413607,.table #ticket-413608)
[2021-05-18T21:45:08.461] [INFO] system - 2021-05-18 22:00:00まで購入処理待機中...
[2021-05-18T22:00:00.031] [INFO] system - 購入処理想定時間到達
[2021-05-18T22:00:00.032] [INFO] system - <成績時間カウント開始>
[2021-05-18T22:00:00.032] [INFO] system - 購入可能状態確認start(1回目)
[2021-05-18T22:00:36.599] [INFO] system - 購入可能状態確認end
[2021-05-18T22:00:36.600] [INFO] system - 枚数選択start(1回目)
[2021-05-18T22:00:38.602] [INFO] system - 枚数選択時に明示的に2秒待機
[2021-05-18T22:00:38.603] [INFO] system - 1枚目選択開始
[2021-05-18T22:00:38.674] [INFO] system - 1枚目選択終了
[2021-05-18T22:00:38.675] [INFO] system - 2枚目選択開始
[2021-05-18T22:00:38.737] [INFO] system - 2枚目選択終了
[2021-05-18T22:00:52.567] [INFO] system - 混線のため59秒待機開始...
[2021-05-18T22:01:23.718] [INFO] system - 【Windows版起動】
[2021-05-18T22:01:23.720] [INFO] system - キック：{"---1---":"====== BasicSetting ======","mainUrl":"https://t.livepocket.jp/","loginUrl":"https://t.livepocket.jp/login?acroot=header-new_p_u_nl","mypageUrl":"https://t.livepocket.jp/my_top","autoLogin":false,"confUser":"chiaochiao.sonmi@gmail.com","confPass":"sero3202","targetUrl":"https://t.livepocket.jp/e/wakkuru0520/","targetTicket":null,"targetName":"１部前売チケット整理番号券,２部前売チケット整理番号券","targetNumber":"2,2","storeTypeId":"002","startTime":"2021-05-18 22:00","isBrowse":false,"isFree":false,"isCredit":false,"isTest":false,"isLanguage":"ja","isStage":false,"isJamCheck":true,"isMailSend":false,"---2---":"====== MailSetting(GmailOnly) ======","fromMail":"sugachan.tectec@gmail.com","fromMailPass":"sero3202","toMail":"","toSysMail":"trigger@applet.ifttt.com","isWindows":["Windows"],"loginTime":"2021-05-18 21:45","notCheckOnly":true,"isClose":false,"isMobile":true,"dareSec":2}
[2021-05-18T22:01:23.735] [INFO] system - 2021-05-18 21:45:00にすでに到達
[2021-05-18T22:01:23.737] [INFO] system - ログイン処理想定時間到達
[2021-05-18T22:01:24.022] [INFO] system - ブラウザ起動後準備完了
[2021-05-18T22:01:26.487] [INFO] system - ログインページに移動完了
[2021-05-18T22:01:26.499] [INFO] system - 混線のため59秒待機開始...
[2021-05-18T22:02:27.958] [INFO] system - 混線解消(1回目に成功)
[2021-05-18T22:02:33.514] [INFO] system - ログイン完了
[2021-05-18T22:02:33.524] [INFO] system - 混線なし
[2021-05-18T22:02:33.536] [INFO] system - 「１部前売チケット整理番号券,２部前売チケット整理番号券」の存在を確認(.table #ticket-413607,.table #ticket-413608)
[2021-05-18T22:02:33.539] [INFO] system - 2021-05-18 22:00にすでに到達
[2021-05-18T22:02:33.542] [INFO] system - 購入処理想定時間到達
[2021-05-18T22:02:33.542] [INFO] system - <成績時間カウント開始>
[2021-05-18T22:02:33.543] [INFO] system - 購入可能状態確認start(1回目)
